   0     0.623725    89.317     0.266611    98.210    98.210
   1     0.275448    96.373     0.205999    98.280    98.280
   2     0.191614    97.020     0.141148    98.870    98.870
   3     0.151349    97.370     0.100952    98.750    98.870
   4     0.125837    97.612     0.127940    98.330    98.870
   5     0.108565    97.797     0.112844    98.380    98.870
   6     0.096497    97.908     0.094096    98.540    98.870
   7     0.086587    97.972     0.124843    97.850    98.870
   8     0.080538    98.092     0.077025    98.620    98.870
   9     0.074888    98.160     0.036900    99.290    99.290
  10     0.068880    98.343     0.113881    96.570    99.290
  11     0.068173    98.283     0.058354    98.760    99.290
  12     0.060720    98.453     0.678058    79.280    99.290
  13     0.059827    98.412     0.069001    98.460    99.290
  14     0.055186    98.545     0.101856    97.140    99.290
  15     0.054121    98.585     0.045969    98.890    99.290
  16     0.052005    98.595     0.090095    98.230    99.290
  17     0.050408    98.653     0.028739    99.240    99.290
  18     0.049455    98.652     0.101811    97.470    99.290
  19     0.049087    98.578     0.052186    98.550    99.290
  20     0.046934    98.685     0.080645    98.500    99.290
  21     0.046282    98.675     0.031877    99.250    99.290
  22     0.042803    98.760     0.028970    99.340    99.340
  23     0.041952    98.798     0.054396    98.610    99.340
  24     0.041228    98.832     0.032284    99.170    99.340
  25     0.040845    98.870     0.256707    89.090    99.340
  26     0.040413    98.843     0.025057    99.240    99.340
  27     0.039072    98.872     0.037170    99.070    99.340
  28     0.036295    98.982     0.032221    99.170    99.340
  29     0.037351    98.918     0.021878    99.370    99.370
  30     0.036530    98.950     0.026529    99.250    99.370
  31     0.034908    99.025     0.049447    98.540    99.370
  32     0.033822    99.070     0.023236    99.370    99.370
  33     0.033983    99.057     0.031688    99.260    99.370
  34     0.032771    99.052     0.016273    99.530    99.530
  35     0.031837    99.067     0.023633    99.320    99.530
  36     0.031607    99.085     0.028328    99.170    99.530
  37     0.029316    99.180     0.017539    99.500    99.530
  38     0.030693    99.118     0.019625    99.380    99.530
  39     0.030428    99.117     0.021190    99.430    99.530
  40     0.028349    99.163     0.046920    98.920    99.530
  41     0.029557    99.148     0.018299    99.460    99.530
  42     0.028369    99.142     0.017205    99.560    99.560
  43     0.028693    99.210     0.016746    99.460    99.560
  44     0.027134    99.197     0.028841    99.320    99.560
  45     0.027077    99.188     0.019339    99.400    99.560
  46     0.026364    99.217     0.024860    99.340    99.560
  47     0.025716    99.258     0.022830    99.290    99.560
  48     0.025523    99.283     0.018820    99.510    99.560
  49     0.023597    99.330     0.018175    99.470    99.560
  50     0.023947    99.300     0.024344    99.300    99.560
  51     0.025979    99.252     0.020843    99.400    99.560
  52     0.025088    99.263     0.017508    99.480    99.560
  53     0.023779    99.285     0.017277    99.490    99.560
  54     0.023346    99.318     0.017323    99.530    99.560
  55     0.023455    99.282     0.017817    99.520    99.560
  56     0.022952    99.343     0.015495    99.610    99.610
  57     0.021663    99.408     0.017989    99.470    99.610
  58     0.021803    99.375     0.028155    99.210    99.610
  59     0.021407    99.375     0.021602    99.340    99.610
  60     0.020988    99.397     0.018250    99.460    99.610
  61     0.021138    99.380     0.016773    99.450    99.610
  62     0.020673    99.415     0.019094    99.440    99.610
  63     0.020267    99.395     0.019536    99.420    99.610
  64     0.019928    99.432     0.016087    99.530    99.610
  65     0.020952    99.395     0.016155    99.420    99.610
  66     0.019806    99.403     0.016878    99.480    99.610
  67     0.019675    99.413     0.019837    99.460    99.610
  68     0.020662    99.410     0.021185    99.280    99.610
  69     0.018274    99.473     0.017044    99.450    99.610
  70     0.019802    99.432     0.016751    99.490    99.610
  71     0.018665    99.478     0.015923    99.520    99.610
  72     0.018269    99.473     0.013038    99.610    99.610
  73     0.018605    99.488     0.013056    99.630    99.630
  74     0.017344    99.542     0.014342    99.600    99.630
  75     0.017941    99.480     0.015357    99.570    99.630
  76     0.018362    99.430     0.015045    99.570    99.630
  77     0.017536    99.478     0.013811    99.550    99.630
  78     0.017519    99.497     0.017942    99.460    99.630
  79     0.016869    99.518     0.017191    99.440    99.630
  80     0.017868    99.458     0.013554    99.580    99.630
  81     0.016654    99.517     0.014487    99.590    99.630
  82     0.017608    99.483     0.020230    99.330    99.630
  83     0.017324    99.510     0.013313    99.580    99.630
  84     0.015999    99.523     0.014757    99.570    99.630
  85     0.016403    99.515     0.013880    99.600    99.630
  86     0.015999    99.550     0.013872    99.550    99.630
  87     0.016196    99.512     0.012969    99.580    99.630
  88     0.015461    99.555     0.013014    99.630    99.630
  89     0.014258    99.602     0.012397    99.680    99.680
  90     0.014916    99.565     0.012498    99.660    99.680
  91     0.014881    99.590     0.012966    99.640    99.680
  92     0.015054    99.538     0.014261    99.560    99.680
  93     0.015847    99.527     0.013177    99.560    99.680
  94     0.014951    99.580     0.013394    99.580    99.680
  95     0.014116    99.610     0.013125    99.600    99.680
  96     0.015862    99.535     0.014079    99.570    99.680
  97     0.014586    99.582     0.014756    99.560    99.680
  98     0.015415    99.550     0.016076    99.550    99.680
  99     0.013723    99.615     0.012797    99.620    99.680
 100     0.014840    99.590     0.012959    99.590    99.680
 101     0.014979    99.570     0.014260    99.550    99.680
 102     0.013303    99.613     0.012450    99.640    99.680
 103     0.015161    99.582     0.014642    99.560    99.680
 104     0.014021    99.607     0.012455    99.660    99.680
 105     0.012994    99.610     0.012661    99.630    99.680
 106     0.013782    99.592     0.013487    99.610    99.680
 107     0.013582    99.613     0.013630    99.580    99.680
 108     0.013510    99.627     0.014762    99.530    99.680
 109     0.013681    99.578     0.016451    99.470    99.680
 110     0.013199    99.612     0.013909    99.530    99.680
 111     0.013307    99.618     0.013250    99.580    99.680
 112     0.013426    99.645     0.013735    99.610    99.680
 113     0.012896    99.642     0.013902    99.550    99.680
 114     0.012785    99.657     0.012898    99.590    99.680
 115     0.011937    99.672     0.012864    99.610    99.680
 116     0.011988    99.663     0.013918    99.620    99.680
 117     0.012562    99.642     0.012530    99.590    99.680
 118     0.012662    99.650     0.013564    99.520    99.680
 119     0.011872    99.660     0.014720    99.500    99.680
 120     0.012554    99.630     0.013894    99.550    99.680
 121     0.013150    99.608     0.013020    99.580    99.680
 122     0.012451    99.668     0.013079    99.550    99.680
 123     0.012312    99.648     0.014166    99.560    99.680
 124     0.011809    99.652     0.013804    99.510    99.680
 125     0.012765    99.623     0.013366    99.590    99.680
 126     0.012483    99.635     0.012727    99.570    99.680
 127     0.011697    99.642     0.013132    99.580    99.680
 128     0.011745    99.688     0.013975    99.520    99.680
 129     0.012045    99.652     0.012370    99.610    99.680
 130     0.011669    99.680     0.013464    99.550    99.680
 131     0.012510    99.642     0.012923    99.600    99.680
 132     0.011679    99.668     0.012664    99.600    99.680
 133     0.011794    99.652     0.012890    99.590    99.680
 134     0.011591    99.722     0.013258    99.590    99.680
 135     0.012124    99.670     0.012932    99.610    99.680
 136     0.012032    99.667     0.013393    99.580    99.680
 137     0.011233    99.673     0.012901    99.600    99.680
 138     0.011528    99.698     0.012761    99.580    99.680
 139     0.011857    99.675     0.013780    99.560    99.680
 140     0.010916    99.700     0.012981    99.540    99.680
 141     0.011132    99.690     0.014208    99.570    99.680
 142     0.011081    99.678     0.012717    99.590    99.680
 143     0.010847    99.692     0.012227    99.590    99.680
 144     0.011520    99.660     0.012888    99.630    99.680
 145     0.010139    99.715     0.012109    99.610    99.680
 146     0.011091    99.683     0.013102    99.590    99.680
 147     0.011088    99.697     0.012277    99.570    99.680
 148     0.011195    99.690     0.012237    99.600    99.680
 149     0.010888    99.692     0.012351    99.580    99.680
