   0     0.621567    89.485     0.284910    98.160    98.160
   1     0.276604    96.390     0.340367    92.360    98.160
   2     0.193485    97.017     0.123876    98.760    98.760
   3     0.150374    97.407     0.111674    99.030    99.030
   4     0.126380    97.652     0.244452    94.630    99.030
   5     0.107934    97.792     0.079452    98.920    99.030
   6     0.097996    97.885     0.065155    99.030    99.030
   7     0.089846    97.933     0.096370    98.500    99.030
   8     0.081837    98.130     0.060215    98.790    99.030
   9     0.074065    98.283     0.059076    98.990    99.030
  10     0.070091    98.220     0.077063    98.530    99.030
  11     0.065290    98.323     0.333105    87.290    99.030
  12     0.062201    98.412     0.055427    99.100    99.100
  13     0.058941    98.505     0.031457    99.320    99.320
  14     0.057108    98.482     0.332617    86.300    99.320
  15     0.055368    98.538     0.098158    97.580    99.320
  16     0.052944    98.568     0.040889    98.980    99.320
  17     0.051161    98.605     0.112477    97.330    99.320
  18     0.050810    98.632     0.039324    99.100    99.320
  19     0.044858    98.755     0.048167    98.600    99.320
  20     0.046314    98.723     0.042780    99.140    99.320
  21     0.045444    98.718     0.150128    95.200    99.320
  22     0.041846    98.867     1.030646    74.000    99.320
  23     0.040738    98.890     0.022281    99.430    99.430
  24     0.040309    98.863     0.041728    98.870    99.430
  25     0.041308    98.845     0.027363    99.250    99.430
  26     0.039761    98.890     0.059362    98.390    99.430
  27     0.036942    98.932     0.034408    99.030    99.430
  28     0.038165    98.883     0.055400    98.630    99.430
  29     0.036547    98.890     0.053189    98.490    99.430
  30     0.036232    98.945     0.021315    99.410    99.430
  31     0.034944    98.998     0.020194    99.460    99.460
  32     0.033437    99.005     0.024463    99.370    99.460
  33     0.034118    98.998     0.022396    99.420    99.460
  34     0.033037    99.060     0.077628    97.820    99.460
  35     0.032479    99.033     0.031548    99.090    99.460
  36     0.030554    99.107     0.016430    99.480    99.480
  37     0.033237    99.058     0.018408    99.460    99.480
  38     0.030856    99.102     0.016519    99.570    99.570
  39     0.030742    99.107     0.017936    99.520    99.570
  40     0.028794    99.137     0.021257    99.350    99.570
  41     0.029516    99.118     0.017875    99.450    99.570
  42     0.028475    99.178     0.026689    99.350    99.570
  43     0.027774    99.190     0.021281    99.330    99.570
  44     0.028503    99.157     0.034651    98.910    99.570
  45     0.027673    99.195     0.018486    99.320    99.570
  46     0.025685    99.263     0.021828    99.400    99.570
  47     0.025983    99.225     0.017625    99.450    99.570
  48     0.026765    99.227     0.285990    89.280    99.570
  49     0.025281    99.252     0.018206    99.430    99.570
  50     0.025440    99.288     0.019188    99.390    99.570
  51     0.025131    99.282     0.024507    99.350    99.570
  52     0.023478    99.303     0.017334    99.550    99.570
  53     0.023400    99.310     0.025119    99.120    99.570
  54     0.023159    99.350     0.033233    99.130    99.570
  55     0.023827    99.352     0.018998    99.470    99.570
  56     0.021677    99.375     0.020990    99.410    99.570
  57     0.023167    99.305     0.022098    99.350    99.570
  58     0.022685    99.305     0.025311    99.280    99.570
  59     0.021632    99.373     0.016550    99.500    99.570
  60     0.021811    99.367     0.017714    99.450    99.570
  61     0.021999    99.355     0.016230    99.510    99.570
  62     0.020683    99.410     0.018989    99.440    99.570
  63     0.021609    99.358     0.017358    99.520    99.570
  64     0.020895    99.382     0.017101    99.510    99.570
  65     0.019297    99.437     0.019202    99.430    99.570
  66     0.020991    99.417     0.014790    99.580    99.580
  67     0.019276    99.440     0.016647    99.440    99.580
  68     0.019378    99.467     0.014592    99.630    99.630
  69     0.018725    99.450     0.013966    99.560    99.630
  70     0.018756    99.453     0.015446    99.500    99.630
  71     0.018340    99.447     0.016150    99.550    99.630
  72     0.018595    99.460     0.015082    99.500    99.630
  73     0.017158    99.502     0.014550    99.540    99.630
  74     0.018133    99.467     0.013836    99.570    99.630
  75     0.017613    99.500     0.014394    99.610    99.630
  76     0.018191    99.468     0.015427    99.500    99.630
  77     0.016514    99.507     0.020419    99.430    99.630
  78     0.016757    99.515     0.016189    99.510    99.630
  79     0.016998    99.517     0.014217    99.550    99.630
  80     0.017296    99.493     0.014299    99.580    99.630
  81     0.017636    99.457     0.013760    99.570    99.630
  82     0.017959    99.463     0.013475    99.550    99.630
  83     0.015936    99.543     0.015859    99.470    99.630
  84     0.016486    99.507     0.015167    99.480    99.630
  85     0.017368    99.478     0.016547    99.500    99.630
  86     0.016265    99.538     0.014283    99.540    99.630
  87     0.016124    99.543     0.014035    99.550    99.630
  88     0.015516    99.553     0.015401    99.520    99.630
  89     0.014929    99.580     0.015651    99.490    99.630
  90     0.014692    99.570     0.014212    99.560    99.630
  91     0.014611    99.592     0.013388    99.590    99.630
  92     0.015464    99.533     0.013100    99.530    99.630
  93     0.014534    99.578     0.014929    99.580    99.630
  94     0.015839    99.545     0.018806    99.450    99.630
  95     0.013894    99.652     0.014066    99.630    99.630
  96     0.014547    99.565     0.013202    99.610    99.630
  97     0.014005    99.605     0.013204    99.580    99.630
  98     0.015296    99.547     0.014548    99.590    99.630
  99     0.014647    99.582     0.015978    99.530    99.630
 100     0.014031    99.588     0.014492    99.580    99.630
 101     0.013615    99.625     0.014420    99.570    99.630
 102     0.015546    99.562     0.015394    99.510    99.630
 103     0.015341    99.588     0.014360    99.550    99.630
 104     0.013346    99.630     0.013586    99.580    99.630
 105     0.013751    99.582     0.014382    99.610    99.630
 106     0.014214    99.588     0.015113    99.500    99.630
 107     0.014206    99.607     0.013612    99.600    99.630
 108     0.013443    99.622     0.013589    99.590    99.630
 109     0.012539    99.650     0.013537    99.600    99.630
 110     0.012574    99.658     0.013094    99.610    99.630
 111     0.012839    99.655     0.013132    99.640    99.640
 112     0.013063    99.637     0.012587    99.610    99.640
 113     0.012842    99.637     0.012750    99.620    99.640
 114     0.013047    99.602     0.014878    99.540    99.640
 115     0.013623    99.603     0.014047    99.550    99.640
 116     0.014080    99.600     0.014500    99.570    99.640
 117     0.012830    99.645     0.013952    99.590    99.640
 118     0.012729    99.627     0.012882    99.610    99.640
 119     0.011956    99.683     0.014832    99.560    99.640
 120     0.012402    99.655     0.012427    99.640    99.640
 121     0.012033    99.650     0.012960    99.570    99.640
 122     0.011228    99.705     0.012446    99.620    99.640
 123     0.011259    99.690     0.013275    99.600    99.640
 124     0.011583    99.667     0.012971    99.600    99.640
 125     0.012441    99.633     0.013659    99.580    99.640
 126     0.012713    99.637     0.013221    99.620    99.640
 127     0.012597    99.658     0.014278    99.580    99.640
 128     0.011974    99.672     0.013688    99.590    99.640
 129     0.012450    99.647     0.013177    99.590    99.640
 130     0.011434    99.680     0.014393    99.560    99.640
 131     0.011891    99.643     0.013916    99.570    99.640
 132     0.012447    99.622     0.013646    99.600    99.640
 133     0.011746    99.668     0.013382    99.580    99.640
 134     0.012394    99.637     0.012972    99.610    99.640
 135     0.011581    99.687     0.013672    99.570    99.640
 136     0.012088    99.640     0.013538    99.550    99.640
 137     0.011293    99.688     0.012945    99.600    99.640
 138     0.010369    99.738     0.012599    99.650    99.650
 139     0.011439    99.683     0.012743    99.610    99.650
 140     0.011595    99.657     0.012942    99.610    99.650
 141     0.011217    99.697     0.012097    99.640    99.650
 142     0.011345    99.668     0.012539    99.580    99.650
 143     0.011591    99.685     0.012257    99.610    99.650
 144     0.012164    99.657     0.013005    99.600    99.650
 145     0.011824    99.663     0.013961    99.530    99.650
 146     0.010661    99.690     0.012950    99.600    99.650
 147     0.011057    99.707     0.012680    99.620    99.650
 148     0.010999    99.695     0.012917    99.580    99.650
 149     0.011525    99.680     0.012710    99.610    99.650
