   0     0.636499    89.022     0.246237    98.540    98.540
   1     0.283507    96.195     0.351115    94.090    98.540
   2     0.195290    97.033     0.610684    71.310    98.540
   3     0.151028    97.373     0.153272    97.730    98.540
   4     0.125088    97.693     0.084532    99.010    99.010
   5     0.108483    97.832     0.144542    97.120    99.010
   6     0.097102    97.877     0.157117    97.210    99.010
   7     0.087329    98.027     0.144016    96.660    99.010
   8     0.081069    98.082     0.129854    97.860    99.010
   9     0.074500    98.202     0.123853    96.790    99.010
  10     0.069006    98.293     0.126881    97.270    99.010
  11     0.065082    98.340     0.080138    98.210    99.010
  12     0.062381    98.422     0.037895    99.280    99.280
  13     0.057813    98.507     1.109291    59.870    99.280
  14     0.055797    98.542     0.035739    99.090    99.280
  15     0.054372    98.525     0.038167    98.940    99.280
  16     0.053672    98.505     0.031435    99.220    99.280
  17     0.049955    98.645     0.134198    96.050    99.280
  18     0.048624    98.652     0.228952    93.050    99.280
  19     0.044969    98.795     0.042002    98.840    99.280
  20     0.045264    98.742     0.045386    99.080    99.280
  21     0.043946    98.752     0.076200    98.190    99.280
  22     0.042617    98.803     0.022982    99.330    99.330
  23     0.040506    98.835     0.037460    99.050    99.330
  24     0.040661    98.873     0.027402    99.200    99.330
  25     0.036227    98.978     0.017893    99.520    99.520
  26     0.036664    98.933     0.034946    98.990    99.520
  27     0.037517    98.933     0.024983    99.420    99.520
  28     0.036893    98.920     0.027138    99.390    99.520
  29     0.035253    99.020     0.096896    97.240    99.520
  30     0.033830    99.028     0.018562    99.420    99.520
  31     0.032988    99.020     0.030830    99.300    99.520
  32     0.034700    99.000     0.015521    99.590    99.590
  33     0.033080    99.022     0.021837    99.460    99.590
  34     0.032649    99.035     0.035577    99.150    99.590
  35     0.031413    99.087     0.019835    99.410    99.590
  36     0.030327    99.125     0.022059    99.400    99.590
  37     0.030512    99.122     0.016014    99.420    99.590
  38     0.029213    99.168     0.026072    99.220    99.590
  39     0.029461    99.148     0.021468    99.340    99.590
  40     0.028734    99.163     0.020961    99.390    99.590
  41     0.028017    99.183     0.018303    99.480    99.590
  42     0.027018    99.202     0.016781    99.510    99.590
  43     0.027815    99.197     0.015930    99.500    99.590
  44     0.027009    99.162     0.019051    99.380    99.590
  45     0.026212    99.237     0.020325    99.370    99.590
  46     0.023303    99.345     0.022193    99.330    99.590
  47     0.026059    99.232     0.023964    99.270    99.590
  48     0.026105    99.210     0.021417    99.380    99.590
  49     0.024558    99.255     0.013697    99.550    99.590
  50     0.025404    99.242     0.019263    99.410    99.590
  51     0.023208    99.348     0.015016    99.540    99.590
  52     0.023283    99.310     0.014748    99.510    99.590
  53     0.022950    99.335     0.014940    99.530    99.590
  54     0.021842    99.382     0.016446    99.530    99.590
  55     0.022137    99.358     0.015680    99.550    99.590
  56     0.022141    99.318     0.015373    99.490    99.590
  57     0.023174    99.315     0.014818    99.570    99.590
  58     0.020993    99.383     0.014430    99.520    99.590
  59     0.021823    99.365     0.014747    99.560    99.590
  60     0.021182    99.382     0.016440    99.480    99.590
  61     0.019938    99.428     0.016652    99.430    99.590
  62     0.020157    99.412     0.016586    99.470    99.590
  63     0.020656    99.435     0.015288    99.490    99.590
  64     0.019662    99.448     0.014922    99.470    99.590
  65     0.020192    99.408     0.019977    99.400    99.590
  66     0.018246    99.512     0.014602    99.580    99.590
  67     0.019075    99.478     0.014194    99.480    99.590
  68     0.018482    99.498     0.016998    99.470    99.590
  69     0.019706    99.443     0.015508    99.480    99.590
  70     0.018940    99.410     0.016638    99.480    99.590
  71     0.018382    99.438     0.013052    99.540    99.590
  72     0.018430    99.478     0.017335    99.460    99.590
  73     0.016622    99.538     0.012772    99.560    99.590
  74     0.017590    99.490     0.013868    99.550    99.590
  75     0.016497    99.520     0.012685    99.550    99.590
  76     0.018091    99.477     0.015746    99.500    99.590
  77     0.018139    99.460     0.012999    99.530    99.590
  78     0.017404    99.512     0.015129    99.440    99.590
  79     0.016378    99.543     0.015611    99.420    99.590
  80     0.017504    99.460     0.016059    99.490    99.590
  81     0.015711    99.555     0.013287    99.540    99.590
  82     0.016099    99.498     0.012638    99.580    99.590
  83     0.015198    99.578     0.015193    99.460    99.590
  84     0.015810    99.532     0.014196    99.500    99.590
  85     0.015874    99.547     0.015386    99.460    99.590
  86     0.015237    99.563     0.013832    99.520    99.590
  87     0.014777    99.597     0.012667    99.580    99.590
  88     0.015110    99.575     0.015187    99.440    99.590
  89     0.014716    99.547     0.017469    99.370    99.590
  90     0.015452    99.552     0.015307    99.410    99.590
  91     0.015989    99.550     0.014760    99.530    99.590
  92     0.014478    99.590     0.016433    99.470    99.590
  93     0.014665    99.565     0.012808    99.500    99.590
  94     0.015395    99.542     0.013462    99.460    99.590
  95     0.014620    99.595     0.013664    99.540    99.590
  96     0.013551    99.617     0.013515    99.520    99.590
  97     0.013945    99.615     0.013977    99.540    99.590
  98     0.013952    99.607     0.015737    99.480    99.590
  99     0.014467    99.553     0.014444    99.520    99.590
 100     0.014763    99.590     0.015274    99.530    99.590
 101     0.013753    99.577     0.020381    99.350    99.590
 102     0.012977    99.627     0.013711    99.540    99.590
 103     0.012501    99.670     0.012506    99.560    99.590
 104     0.013129    99.643     0.013253    99.530    99.590
 105     0.013184    99.620     0.013403    99.540    99.590
 106     0.012916    99.612     0.012428    99.530    99.590
 107     0.013326    99.610     0.014372    99.470    99.590
 108     0.013476    99.633     0.012751    99.570    99.590
 109     0.013183    99.625     0.012978    99.510    99.590
 110     0.014066    99.608     0.014025    99.470    99.590
 111     0.012874    99.648     0.012818    99.600    99.600
 112     0.013570    99.602     0.014075    99.510    99.600
 113     0.013824    99.597     0.014137    99.520    99.600
 114     0.012610    99.647     0.014362    99.530    99.600
 115     0.012484    99.663     0.015166    99.440    99.600
 116     0.012569    99.652     0.014749    99.470    99.600
 117     0.012657    99.668     0.013012    99.540    99.600
 118     0.012163    99.677     0.013031    99.550    99.600
 119     0.012033    99.653     0.014392    99.470    99.600
 120     0.011386    99.685     0.014278    99.530    99.600
 121     0.012288    99.652     0.013253    99.500    99.600
 122     0.011172    99.685     0.012558    99.590    99.600
 123     0.011959    99.665     0.013752    99.530    99.600
 124     0.012714    99.630     0.013089    99.550    99.600
 125     0.012162    99.663     0.013022    99.560    99.600
 126     0.011435    99.688     0.013944    99.550    99.600
 127     0.011686    99.675     0.012912    99.540    99.600
 128     0.011419    99.707     0.013182    99.530    99.600
 129     0.012019    99.670     0.013493    99.540    99.600
 130     0.011415    99.668     0.013502    99.540    99.600
 131     0.010899    99.702     0.012998    99.550    99.600
 132     0.012232    99.672     0.012733    99.560    99.600
 133     0.011523    99.685     0.013638    99.520    99.600
 134     0.012198    99.623     0.014492    99.490    99.600
 135     0.011368    99.690     0.013127    99.570    99.600
 136     0.010458    99.718     0.013384    99.530    99.600
 137     0.011472    99.667     0.013338    99.520    99.600
 138     0.011090    99.687     0.013879    99.500    99.600
 139     0.011349    99.665     0.013507    99.520    99.600
 140     0.011034    99.703     0.014474    99.480    99.600
 141     0.011555    99.678     0.014085    99.500    99.600
 142     0.011261    99.682     0.012649    99.560    99.600
 143     0.010537    99.720     0.013846    99.510    99.600
 144     0.012342    99.652     0.014182    99.510    99.600
 145     0.011943    99.673     0.013984    99.510    99.600
 146     0.011416    99.678     0.014222    99.460    99.600
 147     0.011531    99.660     0.013690    99.540    99.600
 148     0.011132    99.668     0.013166    99.490    99.600
 149     0.010861    99.698     0.013230    99.520    99.600
