   0     0.631106    89.252     0.302064    97.910    97.910
   1     0.280177    96.250     0.268813    96.660    97.910
   2     0.194409    97.062     0.171359    98.090    98.090
   3     0.152132    97.407     0.107690    98.890    98.890
   4     0.125476    97.602     0.102733    98.820    98.890
   5     0.107551    97.873     0.093363    98.850    98.890
   6     0.096193    97.962     0.097136    98.180    98.890
   7     0.087791    98.033     0.055187    99.000    99.000
   8     0.081415    98.085     0.070897    98.640    99.000
   9     0.075204    98.198     0.069922    99.030    99.030
  10     0.069354    98.202     0.088942    98.410    99.030
  11     0.065988    98.403     0.040582    99.140    99.140
  12     0.062793    98.393     0.062278    98.950    99.140
  13     0.058799    98.462     0.038373    99.080    99.140
  14     0.055458    98.517     0.045735    99.070    99.140
  15     0.055650    98.468     0.079944    97.810    99.140
  16     0.051177    98.608     0.035725    99.120    99.140
  17     0.048742    98.667     0.081601    97.930    99.140
  18     0.048460    98.652     0.054522    98.940    99.140
  19     0.045608    98.722     0.031934    99.190    99.190
  20     0.044914    98.750     0.227599    91.280    99.190
  21     0.043548    98.745     0.060256    98.560    99.190
  22     0.042536    98.782     0.029713    99.330    99.330
  23     0.041546    98.793     0.040830    98.810    99.330
  24     0.039597    98.877     0.157133    95.130    99.330
  25     0.038425    98.903     0.021736    99.450    99.450
  26     0.039047    98.923     0.046767    98.640    99.450
  27     0.037150    98.962     0.034922    99.080    99.450
  28     0.036652    98.970     0.029477    99.090    99.450
  29     0.036080    98.942     0.022877    99.440    99.450
  30     0.035296    98.985     0.026314    99.280    99.450
  31     0.033495    99.023     0.026908    99.200    99.450
  32     0.034073    98.992     0.024601    99.390    99.450
  33     0.032371    99.062     0.024996    99.230    99.450
  34     0.031265    99.098     0.036460    99.140    99.450
  35     0.031174    99.085     0.037963    98.940    99.450
  36     0.031800    99.082     0.053873    98.550    99.450
  37     0.029990    99.117     0.019006    99.550    99.550
  38     0.029693    99.175     0.023225    99.340    99.550
  39     0.028510    99.198     0.021892    99.310    99.550
  40     0.030280    99.083     0.018453    99.470    99.550
  41     0.029935    99.138     0.023142    99.270    99.550
  42     0.027219    99.200     0.016519    99.530    99.550
  43     0.027638    99.228     0.032264    99.050    99.550
  44     0.026569    99.207     0.021434    99.350    99.550
  45     0.025473    99.263     0.015791    99.560    99.560
  46     0.026136    99.278     0.018521    99.460    99.560
  47     0.026419    99.207     0.021559    99.310    99.560
  48     0.025214    99.293     0.018373    99.420    99.560
  49     0.025829    99.235     0.034884    98.910    99.560
  50     0.023191    99.338     0.020461    99.430    99.560
  51     0.023074    99.338     0.033179    99.120    99.560
  52     0.025153    99.253     0.018401    99.470    99.560
  53     0.023872    99.317     0.022657    99.300    99.560
  54     0.022602    99.327     0.020460    99.410    99.560
  55     0.022582    99.308     0.020801    99.480    99.560
  56     0.021576    99.408     0.017993    99.440    99.560
  57     0.021256    99.385     0.020717    99.390    99.560
  58     0.022488    99.337     0.016336    99.550    99.560
  59     0.021134    99.370     0.017681    99.500    99.560
  60     0.021470    99.388     0.015081    99.560    99.560
  61     0.020884    99.392     0.017062    99.490    99.560
  62     0.020533    99.412     0.015143    99.550    99.560
  63     0.019662    99.442     0.016223    99.550    99.560
  64     0.019473    99.433     0.016981    99.440    99.560
  65     0.019787    99.400     0.014865    99.510    99.560
  66     0.018313    99.483     0.019432    99.460    99.560
  67     0.020451    99.382     0.018993    99.430    99.560
  68     0.019206    99.455     0.015841    99.520    99.560
  69     0.018998    99.445     0.015062    99.560    99.560
  70     0.018207    99.470     0.017112    99.510    99.560
  71     0.018259    99.487     0.020211    99.480    99.560
  72     0.018320    99.472     0.014785    99.580    99.580
  73     0.018728    99.452     0.015147    99.560    99.580
  74     0.018485    99.463     0.014949    99.580    99.580
  75     0.017918    99.507     0.014578    99.570    99.580
  76     0.018715    99.458     0.015871    99.500    99.580
  77     0.017078    99.477     0.014604    99.550    99.580
  78     0.017061    99.535     0.014794    99.560    99.580
  79     0.016411    99.508     0.015235    99.540    99.580
  80     0.017058    99.518     0.015344    99.570    99.580
  81     0.017139    99.467     0.015615    99.490    99.580
  82     0.016903    99.513     0.015457    99.540    99.580
  83     0.016213    99.532     0.015623    99.480    99.580
  84     0.017146    99.507     0.013731    99.580    99.580
  85     0.016103    99.543     0.015230    99.540    99.580
  86     0.014998    99.560     0.014569    99.540    99.580
  87     0.015335    99.525     0.014787    99.520    99.580
  88     0.015851    99.560     0.014472    99.550    99.580
  89     0.016242    99.495     0.016583    99.520    99.580
  90     0.015433    99.550     0.015971    99.490    99.580
  91     0.015346    99.550     0.013809    99.580    99.580
  92     0.015830    99.515     0.015112    99.550    99.580
  93     0.014726    99.562     0.014250    99.590    99.590
  94     0.013865    99.620     0.014224    99.560    99.590
  95     0.015231    99.558     0.014460    99.600    99.600
  96     0.014382    99.572     0.014045    99.610    99.610
  97     0.013503    99.627     0.015110    99.590    99.610
  98     0.013581    99.630     0.014824    99.540    99.610
  99     0.013945    99.615     0.014569    99.550    99.610
 100     0.014999    99.558     0.014905    99.520    99.610
 101     0.013670    99.607     0.013864    99.550    99.610
 102     0.014105    99.595     0.017354    99.480    99.610
 103     0.014190    99.588     0.015676    99.520    99.610
 104     0.014501    99.587     0.013786    99.590    99.610
 105     0.013731    99.602     0.013412    99.560    99.610
 106     0.012933    99.645     0.016035    99.490    99.610
 107     0.013393    99.612     0.014803    99.500    99.610
 108     0.013812    99.617     0.014965    99.570    99.610
 109     0.013112    99.653     0.014892    99.520    99.610
 110     0.012770    99.623     0.015979    99.500    99.610
 111     0.012739    99.637     0.013719    99.570    99.610
 112     0.011938    99.660     0.013912    99.520    99.610
 113     0.013062    99.633     0.015420    99.540    99.610
 114     0.012806    99.615     0.014891    99.520    99.610
 115     0.013037    99.630     0.014797    99.490    99.610
 116     0.012125    99.637     0.014506    99.540    99.610
 117     0.012037    99.677     0.014144    99.540    99.610
 118     0.012847    99.632     0.013316    99.600    99.610
 119     0.013440    99.623     0.014220    99.570    99.610
 120     0.012401    99.648     0.012899    99.580    99.610
 121     0.011602    99.673     0.013255    99.560    99.610
 122     0.012580    99.667     0.013710    99.510    99.610
 123     0.012209    99.638     0.014604    99.540    99.610
 124     0.012431    99.675     0.014093    99.550    99.610
 125     0.011891    99.657     0.013622    99.570    99.610
 126     0.011297    99.673     0.013325    99.550    99.610
 127     0.011371    99.700     0.013625    99.590    99.610
 128     0.011668    99.675     0.012634    99.600    99.610
 129     0.011431    99.698     0.013089    99.620    99.620
 130     0.012235    99.628     0.013642    99.570    99.620
 131     0.012102    99.643     0.014913    99.580    99.620
 132     0.012507    99.643     0.015163    99.540    99.620
 133     0.011522    99.655     0.014438    99.560    99.620
 134     0.011213    99.667     0.013394    99.580    99.620
 135     0.011257    99.685     0.012834    99.600    99.620
 136     0.010872    99.692     0.012850    99.560    99.620
 137     0.011594    99.677     0.012978    99.560    99.620
 138     0.011931    99.663     0.012652    99.570    99.620
 139     0.011511    99.652     0.013705    99.560    99.620
 140     0.011425    99.687     0.012484    99.590    99.620
 141     0.010747    99.690     0.012172    99.620    99.620
 142     0.011485    99.680     0.012646    99.600    99.620
 143     0.011366    99.680     0.012564    99.620    99.620
 144     0.011161    99.702     0.014020    99.580    99.620
 145     0.009870    99.745     0.013300    99.590    99.620
 146     0.010317    99.733     0.012282    99.650    99.650
 147     0.010321    99.703     0.013158    99.600    99.650
 148     0.010834    99.697     0.013913    99.570    99.650
 149     0.010834    99.705     0.012793    99.630    99.650
