   0     0.621757    89.608     0.293804    97.130    97.130
   1     0.280214    96.290     0.180027    98.600    98.600
   2     0.195404    96.965     0.201008    97.880    98.600
   3     0.149843    97.435     0.147239    98.280    98.600
   4     0.124257    97.707     0.118304    98.870    98.870
   5     0.108581    97.812     0.193323    96.270    98.870
   6     0.095096    97.960     0.066985    99.000    99.000
   7     0.087161    98.035     0.066968    99.020    99.020
   8     0.081564    98.067     0.057929    98.980    99.020
   9     0.073338    98.208     0.130918    96.550    99.020
  10     0.071382    98.217     0.051832    99.140    99.140
  11     0.063280    98.438     0.112604    97.450    99.140
  12     0.060768    98.425     0.048134    98.930    99.140
  13     0.060290    98.390     0.054531    98.880    99.140
  14     0.054977    98.570     0.028984    99.370    99.370
  15     0.052629    98.617     0.062879    98.410    99.370
  16     0.052229    98.658     0.101046    97.820    99.370
  17     0.048260    98.650     0.038805    99.220    99.370
  18     0.049101    98.615     0.036400    99.280    99.370
  19     0.046841    98.647     0.029945    99.270    99.370
  20     0.044634    98.765     0.027078    99.310    99.370
  21     0.043640    98.775     0.095314    97.850    99.370
  22     0.043433    98.742     0.077896    98.410    99.370
  23     0.041126    98.833     0.022126    99.390    99.390
  24     0.041722    98.803     0.035816    99.220    99.390
  25     0.038782    98.923     0.028627    99.190    99.390
  26     0.036986    98.900     0.018416    99.540    99.540
  27     0.037871    98.967     0.043160    98.850    99.540
  28     0.035722    99.000     0.026024    99.230    99.540
  29     0.037124    98.925     0.027885    99.140    99.540
  30     0.034873    98.995     0.018674    99.480    99.540
  31     0.034085    99.000     0.044596    98.760    99.540
  32     0.033620    99.050     0.020968    99.460    99.540
  33     0.033489    99.067     0.033484    99.300    99.540
  34     0.031395    99.083     0.025016    99.260    99.540
  35     0.031881    99.108     0.020594    99.450    99.540
  36     0.031868    99.073     0.017052    99.510    99.540
  37     0.031051    99.100     0.039283    98.940    99.540
  38     0.030226    99.157     0.019530    99.410    99.540
  39     0.029572    99.157     0.078534    97.260    99.540
  40     0.029451    99.203     0.018625    99.380    99.540
  41     0.028857    99.130     0.027339    99.330    99.540
  42     0.028394    99.163     0.068482    97.810    99.540
  43     0.026364    99.250     0.024343    99.250    99.540
  44     0.027046    99.197     0.020621    99.380    99.540
  45     0.025233    99.243     0.024056    99.260    99.540
  46     0.026217    99.267     0.014867    99.570    99.570
  47     0.024917    99.262     0.022163    99.420    99.570
  48     0.025242    99.240     0.017845    99.380    99.570
  49     0.024859    99.280     0.020552    99.340    99.570
  50     0.024812    99.257     0.016777    99.440    99.570
  51     0.025322    99.267     0.014672    99.520    99.570
  52     0.023445    99.320     0.017451    99.450    99.570
  53     0.023605    99.327     0.020951    99.290    99.570
  54     0.021511    99.402     0.015184    99.530    99.570
  55     0.022483    99.343     0.019403    99.420    99.570
  56     0.022511    99.357     0.016454    99.540    99.570
  57     0.021721    99.358     0.019416    99.400    99.570
  58     0.021857    99.357     0.017143    99.490    99.570
  59     0.022556    99.318     0.016530    99.430    99.570
  60     0.020081    99.427     0.015864    99.430    99.570
  61     0.021217    99.388     0.017189    99.450    99.570
  62     0.020713    99.350     0.016810    99.460    99.570
  63     0.020678    99.400     0.014775    99.480    99.570
  64     0.020210    99.400     0.017943    99.460    99.570
  65     0.020339    99.403     0.016874    99.520    99.570
  66     0.019065    99.445     0.019564    99.370    99.570
  67     0.020218    99.427     0.018261    99.480    99.570
  68     0.019054    99.457     0.016760    99.470    99.570
  69     0.019125    99.435     0.019761    99.430    99.570
  70     0.019555    99.460     0.015908    99.530    99.570
  71     0.018374    99.453     0.016295    99.520    99.570
  72     0.018727    99.455     0.016300    99.530    99.570
  73     0.017673    99.527     0.016664    99.490    99.570
  74     0.018411    99.483     0.018517    99.400    99.570
  75     0.018297    99.487     0.015936    99.520    99.570
  76     0.017442    99.500     0.025230    99.400    99.570
  77     0.017046    99.512     0.016851    99.520    99.570
  78     0.017713    99.470     0.016325    99.460    99.570
  79     0.016513    99.512     0.015712    99.470    99.570
  80     0.016701    99.528     0.017087    99.430    99.570
  81     0.016402    99.532     0.015766    99.470    99.570
  82     0.016789    99.512     0.018137    99.430    99.570
  83     0.016682    99.517     0.016739    99.450    99.570
  84     0.016851    99.497     0.016248    99.530    99.570
  85     0.016533    99.490     0.016051    99.450    99.570
  86     0.015522    99.560     0.015250    99.500    99.570
  87     0.016917    99.495     0.016440    99.450    99.570
  88     0.015680    99.545     0.013593    99.580    99.580
  89     0.015657    99.540     0.016201    99.450    99.580
  90     0.015826    99.535     0.015295    99.500    99.580
  91     0.015375    99.560     0.015660    99.560    99.580
  92     0.014693    99.582     0.014596    99.530    99.580
  93     0.015663    99.518     0.015857    99.540    99.580
  94     0.015248    99.567     0.015578    99.520    99.580
  95     0.015328    99.537     0.017182    99.470    99.580
  96     0.014912    99.568     0.018368    99.500    99.580
  97     0.013914    99.578     0.014086    99.560    99.580
  98     0.015781    99.538     0.014967    99.540    99.580
  99     0.014438    99.583     0.015833    99.560    99.580
 100     0.014242    99.598     0.014995    99.540    99.580
 101     0.013377    99.622     0.015103    99.510    99.580
 102     0.013929    99.613     0.015564    99.540    99.580
 103     0.013900    99.602     0.014220    99.620    99.620
 104     0.013465    99.627     0.014209    99.560    99.620
 105     0.013724    99.577     0.015861    99.520    99.620
 106     0.014074    99.603     0.014271    99.600    99.620
 107     0.013388    99.625     0.013395    99.560    99.620
 108     0.013810    99.593     0.013690    99.630    99.630
 109     0.013983    99.628     0.013828    99.550    99.630
 110     0.012960    99.645     0.013879    99.580    99.630
 111     0.012826    99.633     0.014391    99.620    99.630
 112     0.013139    99.632     0.014331    99.590    99.630
 113     0.012799    99.638     0.014010    99.580    99.630
 114     0.013224    99.635     0.013400    99.550    99.630
 115     0.011957    99.672     0.014223    99.580    99.630
 116     0.012696    99.607     0.014114    99.570    99.630
 117     0.012287    99.650     0.014062    99.550    99.630
 118     0.013109    99.613     0.013822    99.560    99.630
 119     0.012809    99.650     0.014267    99.550    99.630
 120     0.013132    99.648     0.013809    99.570    99.630
 121     0.012917    99.628     0.014480    99.560    99.630
 122     0.011787    99.673     0.013366    99.610    99.630
 123     0.011610    99.678     0.013619    99.570    99.630
 124     0.012093    99.657     0.013846    99.600    99.630
 125     0.011913    99.665     0.013269    99.580    99.630
 126     0.012944    99.633     0.013035    99.590    99.630
 127     0.011849    99.667     0.012363    99.590    99.630
 128     0.011961    99.663     0.014060    99.580    99.630
 129     0.011751    99.672     0.013228    99.560    99.630
 130     0.011834    99.657     0.012489    99.570    99.630
 131     0.011801    99.665     0.012947    99.580    99.630
 132     0.010922    99.725     0.013263    99.570    99.630
 133     0.012139    99.638     0.013722    99.580    99.630
 134     0.011010    99.723     0.013641    99.550    99.630
 135     0.010737    99.698     0.014031    99.550    99.630
 136     0.012148    99.635     0.013993    99.570    99.630
 137     0.011241    99.667     0.014121    99.570    99.630
 138     0.011869    99.652     0.014480    99.580    99.630
 139     0.011428    99.672     0.014666    99.570    99.630
 140     0.012127    99.658     0.013466    99.610    99.630
 141     0.011504    99.693     0.013616    99.580    99.630
 142     0.011825    99.643     0.013470    99.610    99.630
 143     0.012180    99.683     0.013186    99.600    99.630
 144     0.010884    99.700     0.013249    99.570    99.630
 145     0.010878    99.692     0.013366    99.600    99.630
 146     0.011435    99.683     0.014649    99.560    99.630
 147     0.011329    99.690     0.014032    99.530    99.630
 148     0.011354    99.685     0.013795    99.580    99.630
 149     0.011462    99.663     0.013651    99.610    99.630
