   0     0.629338    89.262     0.291674    97.820    97.820
   1     0.286457    96.053     0.279236    96.750    97.820
   2     0.197958    96.863     0.149761    98.610    98.610
   3     0.152486    97.382     0.107606    98.910    98.910
   4     0.127994    97.567     0.110363    98.330    98.910
   5     0.110202    97.775     0.092422    98.640    98.910
   6     0.096489    97.922     0.092171    98.290    98.910
   7     0.087046    98.093     0.072531    98.810    98.910
   8     0.080844    98.095     0.061064    99.110    99.110
   9     0.073318    98.268     0.171791    95.030    99.110
  10     0.068484    98.337     0.164169    95.600    99.110
  11     0.066052    98.375     0.062211    98.930    99.110
  12     0.061953    98.405     0.102059    98.440    99.110
  13     0.059845    98.402     0.077094    98.700    99.110
  14     0.058344    98.443     0.071467    98.370    99.110
  15     0.054184    98.513     0.051763    98.920    99.110
  16     0.050951    98.605     0.046201    98.870    99.110
  17     0.050355    98.560     0.055784    98.540    99.110
  18     0.049211    98.640     0.030373    99.300    99.300
  19     0.048289    98.627     0.047740    98.990    99.300
  20     0.046362    98.682     0.029011    99.220    99.300
  21     0.045054    98.738     0.028564    99.440    99.440
  22     0.043326    98.787     0.045021    99.030    99.440
  23     0.041206    98.822     0.051182    98.690    99.440
  24     0.042212    98.792     0.022630    99.370    99.440
  25     0.038985    98.903     0.023903    99.450    99.450
  26     0.039708    98.838     0.029993    99.190    99.450
  27     0.036784    98.908     0.027526    99.240    99.450
  28     0.037173    98.945     0.049010    98.700    99.450
  29     0.034441    99.015     0.034649    98.980    99.450
  30     0.034135    99.005     0.022334    99.260    99.450
  31     0.034323    99.023     0.018271    99.450    99.450
  32     0.033833    98.982     0.029616    99.150    99.450
  33     0.033380    99.033     0.040095    98.930    99.450
  34     0.030683    99.142     0.017093    99.460    99.460
  35     0.032070    99.062     0.038880    99.070    99.460
  36     0.031249    99.118     0.020583    99.340    99.460
  37     0.030454    99.083     0.022360    99.400    99.460
  38     0.030680    99.098     0.036291    98.930    99.460
  39     0.028125    99.213     0.021326    99.390    99.460
  40     0.027220    99.190     0.019031    99.420    99.460
  41     0.027237    99.160     0.016979    99.570    99.570
  42     0.026064    99.257     0.018332    99.430    99.570
  43     0.026891    99.202     0.024856    99.260    99.570
  44     0.026591    99.218     0.014324    99.530    99.570
  45     0.027111    99.210     0.034101    99.010    99.570
  46     0.026277    99.217     0.027800    99.190    99.570
  47     0.025512    99.255     0.028974    99.110    99.570
  48     0.025376    99.252     0.021373    99.330    99.570
  49     0.025187    99.242     0.024647    99.340    99.570
  50     0.024588    99.290     0.015136    99.540    99.570
  51     0.024968    99.232     0.021586    99.360    99.570
  52     0.023627    99.328     0.016179    99.490    99.570
  53     0.023694    99.282     0.017944    99.490    99.570
  54     0.023441    99.318     0.027169    99.270    99.570
  55     0.023059    99.353     0.037433    99.200    99.570
  56     0.021999    99.343     0.015775    99.560    99.570
  57     0.022134    99.402     0.015384    99.520    99.570
  58     0.020997    99.383     0.015885    99.540    99.570
  59     0.022241    99.367     0.016098    99.520    99.570
  60     0.022417    99.362     0.017047    99.460    99.570
  61     0.020090    99.420     0.013795    99.560    99.570
  62     0.020680    99.400     0.014582    99.490    99.570
  63     0.020724    99.367     0.025563    99.240    99.570
  64     0.019821    99.408     0.013605    99.550    99.570
  65     0.018303    99.445     0.014790    99.490    99.570
  66     0.019134    99.480     0.014018    99.550    99.570
  67     0.018815    99.457     0.013877    99.490    99.570
  68     0.019945    99.388     0.021536    99.280    99.570
  69     0.019349    99.442     0.015561    99.480    99.570
  70     0.019948    99.430     0.018669    99.490    99.570
  71     0.018198    99.462     0.014472    99.560    99.570
  72     0.018390    99.447     0.014733    99.490    99.570
  73     0.017925    99.497     0.013506    99.530    99.570
  74     0.017588    99.498     0.013965    99.530    99.570
  75     0.017231    99.528     0.017067    99.390    99.570
  76     0.017452    99.487     0.012309    99.550    99.570
  77     0.017239    99.523     0.015573    99.470    99.570
  78     0.016566    99.522     0.013280    99.520    99.570
  79     0.016631    99.500     0.013668    99.520    99.570
  80     0.016605    99.542     0.013019    99.580    99.580
  81     0.016774    99.503     0.014484    99.520    99.580
  82     0.016033    99.533     0.014385    99.480    99.580
  83     0.015531    99.575     0.016668    99.450    99.580
  84     0.015039    99.575     0.014973    99.550    99.580
  85     0.016376    99.513     0.013427    99.570    99.580
  86     0.015570    99.563     0.013325    99.480    99.580
  87     0.015984    99.543     0.014562    99.530    99.580
  88     0.015196    99.555     0.014214    99.520    99.580
  89     0.016221    99.512     0.013138    99.570    99.580
  90     0.015447    99.552     0.013875    99.610    99.610
  91     0.015651    99.557     0.014516    99.480    99.610
  92     0.015218    99.565     0.012830    99.580    99.610
  93     0.015563    99.545     0.013479    99.580    99.610
  94     0.014983    99.580     0.013158    99.520    99.610
  95     0.014508    99.558     0.013966    99.550    99.610
  96     0.014220    99.590     0.012393    99.610    99.610
  97     0.014245    99.570     0.012606    99.570    99.610
  98     0.014270    99.573     0.012384    99.560    99.610
  99     0.014580    99.545     0.013366    99.550    99.610
 100     0.013604    99.590     0.013190    99.550    99.610
 101     0.013237    99.638     0.014759    99.560    99.610
 102     0.013350    99.617     0.013388    99.610    99.610
 103     0.013439    99.617     0.013578    99.550    99.610
 104     0.013092    99.620     0.014338    99.550    99.610
 105     0.013929    99.582     0.013384    99.500    99.610
 106     0.012751    99.650     0.014862    99.550    99.610
 107     0.013891    99.632     0.015080    99.510    99.610
 108     0.012665    99.640     0.013511    99.550    99.610
 109     0.012937    99.632     0.013664    99.530    99.610
 110     0.012330    99.642     0.012601    99.570    99.610
 111     0.013163    99.612     0.015214    99.480    99.610
 112     0.013596    99.607     0.013665    99.560    99.610
 113     0.011928    99.673     0.013614    99.550    99.610
 114     0.011731    99.658     0.013573    99.570    99.610
 115     0.012882    99.620     0.013161    99.550    99.610
 116     0.012211    99.670     0.013566    99.580    99.610
 117     0.012385    99.653     0.012973    99.580    99.610
 118     0.012326    99.645     0.013807    99.510    99.610
 119     0.012328    99.653     0.015237    99.500    99.610
 120     0.011686    99.675     0.015053    99.520    99.610
 121     0.012414    99.657     0.013551    99.530    99.610
 122     0.011932    99.678     0.014111    99.510    99.610
 123     0.012295    99.652     0.013585    99.550    99.610
 124     0.011979    99.673     0.013182    99.530    99.610
 125     0.011935    99.650     0.013617    99.510    99.610
 126     0.011907    99.695     0.013378    99.550    99.610
 127     0.012798    99.663     0.013372    99.540    99.610
 128     0.011640    99.683     0.012993    99.610    99.610
 129     0.011400    99.685     0.013934    99.510    99.610
 130     0.011469    99.677     0.014179    99.570    99.610
 131     0.010936    99.708     0.014974    99.470    99.610
 132     0.011247    99.692     0.013694    99.540    99.610
 133     0.011407    99.653     0.013617    99.540    99.610
 134     0.011353    99.708     0.013745    99.570    99.610
 135     0.010390    99.717     0.013750    99.530    99.610
 136     0.011784    99.662     0.013895    99.480    99.610
 137     0.012365    99.648     0.013397    99.510    99.610
 138     0.010893    99.675     0.013678    99.550    99.610
 139     0.011230    99.683     0.014367    99.520    99.610
 140     0.010925    99.680     0.013323    99.560    99.610
 141     0.011403    99.675     0.013566    99.570    99.610
 142     0.011779    99.660     0.013802    99.550    99.610
 143     0.011022    99.693     0.013821    99.620    99.620
 144     0.010543    99.717     0.013566    99.570    99.620
 145     0.010584    99.677     0.013405    99.510    99.620
 146     0.010504    99.710     0.014369    99.530    99.620
 147     0.011569    99.668     0.014015    99.560    99.620
 148     0.011192    99.672     0.013607    99.530    99.620
 149     0.010909    99.682     0.013801    99.510    99.620
