   0     0.634984    89.160     0.310600    97.820    97.820
   1     0.283132    96.122     0.219886    97.490    97.820
   2     0.195554    96.968     0.185514    97.700    97.820
   3     0.152052    97.353     0.135511    98.200    98.200
   4     0.125972    97.648     0.128223    98.170    98.200
   5     0.107599    97.877     0.076820    98.780    98.780
   6     0.097882    97.872     0.145374    97.900    98.780
   7     0.087861    98.048     0.062730    99.070    99.070
   8     0.082023    98.068     0.143744    97.420    99.070
   9     0.073011    98.247     0.057894    98.740    99.070
  10     0.071889    98.203     0.063011    98.380    99.070
  11     0.065581    98.257     0.048536    99.170    99.170
  12     0.062877    98.353     0.127459    97.300    99.170
  13     0.056756    98.525     0.036803    99.130    99.170
  14     0.055721    98.545     0.045147    98.930    99.170
  15     0.053678    98.570     0.624591    78.410    99.170
  16     0.052442    98.517     0.102471    97.300    99.170
  17     0.049122    98.662     0.050505    98.930    99.170
  18     0.048152    98.688     0.083181    97.800    99.170
  19     0.047705    98.665     0.085747    97.600    99.170
  20     0.045878    98.713     0.146653    95.430    99.170
  21     0.043523    98.790     0.021450    99.400    99.400
  22     0.041042    98.858     0.027265    99.280    99.400
  23     0.041809    98.817     0.220456    91.410    99.400
  24     0.039451    98.878     0.027855    99.330    99.400
  25     0.039343    98.893     0.021884    99.410    99.410
  26     0.038062    98.887     0.032379    99.150    99.410
  27     0.036878    98.950     0.020824    99.390    99.410
  28     0.037694    98.923     0.035002    98.890    99.410
  29     0.035785    98.975     0.024514    99.400    99.410
  30     0.033781    99.035     0.022653    99.280    99.410
  31     0.034112    99.015     0.035780    98.960    99.410
  32     0.033251    99.043     0.024057    99.320    99.410
  33     0.033121    99.067     0.028321    99.210    99.410
  34     0.030929    99.107     0.035270    99.000    99.410
  35     0.031685    99.042     0.025213    99.310    99.410
  36     0.032171    99.060     0.017132    99.600    99.600
  37     0.031004    99.072     0.023185    99.280    99.600
  38     0.029983    99.177     0.018963    99.420    99.600
  39     0.030255    99.110     0.016677    99.470    99.600
  40     0.027499    99.203     0.028286    99.170    99.600
  41     0.028073    99.188     0.016641    99.570    99.600
  42     0.027232    99.188     0.029439    99.180    99.600
  43     0.026847    99.192     0.022942    99.330    99.600
  44     0.026942    99.223     0.019745    99.400    99.600
  45     0.026305    99.245     0.023642    99.240    99.600
  46     0.025021    99.278     0.015866    99.510    99.600
  47     0.024250    99.323     0.014825    99.560    99.600
  48     0.023118    99.307     0.020591    99.400    99.600
  49     0.023770    99.280     0.019483    99.420    99.600
  50     0.023681    99.323     0.017372    99.410    99.600
  51     0.024871    99.308     0.016363    99.560    99.600
  52     0.022519    99.372     0.018340    99.410    99.600
  53     0.024303    99.262     0.017202    99.480    99.600
  54     0.022142    99.352     0.016966    99.510    99.600
  55     0.022814    99.350     0.016873    99.460    99.600
  56     0.021801    99.358     0.016143    99.530    99.600
  57     0.021159    99.385     0.014427    99.540    99.600
  58     0.021594    99.362     0.014265    99.500    99.600
  59     0.020559    99.410     0.016116    99.420    99.600
  60     0.021254    99.378     0.016357    99.470    99.600
  61     0.021132    99.355     0.016269    99.480    99.600
  62     0.020242    99.388     0.016940    99.440    99.600
  63     0.020277    99.397     0.020007    99.380    99.600
  64     0.020121    99.407     0.016003    99.540    99.600
  65     0.019503    99.438     0.016671    99.500    99.600
  66     0.020664    99.402     0.017605    99.460    99.600
  67     0.019848    99.415     0.017073    99.460    99.600
  68     0.019499    99.390     0.015504    99.520    99.600
  69     0.018953    99.448     0.014981    99.450    99.600
  70     0.018826    99.450     0.016624    99.470    99.600
  71     0.018044    99.492     0.028506    99.190    99.600
  72     0.017335    99.478     0.013507    99.580    99.600
  73     0.017079    99.515     0.015737    99.500    99.600
  74     0.017462    99.495     0.013360    99.550    99.600
  75     0.017388    99.492     0.013447    99.510    99.600
  76     0.016771    99.523     0.013989    99.540    99.600
  77     0.016727    99.493     0.017712    99.430    99.600
  78     0.014841    99.587     0.014927    99.570    99.600
  79     0.018151    99.472     0.017199    99.440    99.600
  80     0.016458    99.517     0.015382    99.490    99.600
  81     0.017146    99.493     0.014522    99.480    99.600
  82     0.016862    99.487     0.014223    99.550    99.600
  83     0.015593    99.533     0.020637    99.270    99.600
  84     0.016800    99.507     0.014060    99.470    99.600
  85     0.015939    99.533     0.014800    99.420    99.600
  86     0.014682    99.573     0.013422    99.490    99.600
  87     0.015078    99.583     0.013857    99.520    99.600
  88     0.015781    99.530     0.012776    99.580    99.600
  89     0.014778    99.572     0.014162    99.570    99.600
  90     0.015794    99.555     0.013682    99.540    99.600
  91     0.014914    99.540     0.014110    99.480    99.600
  92     0.014643    99.580     0.013745    99.570    99.600
  93     0.014452    99.563     0.013557    99.540    99.600
  94     0.015440    99.553     0.014148    99.510    99.600
  95     0.013889    99.627     0.016203    99.500    99.600
  96     0.014544    99.552     0.012443    99.550    99.600
  97     0.014691    99.573     0.013261    99.550    99.600
  98     0.014280    99.593     0.013523    99.530    99.600
  99     0.014140    99.592     0.012252    99.610    99.610
 100     0.014293    99.638     0.013662    99.520    99.610
 101     0.013920    99.603     0.012480    99.570    99.610
 102     0.013800    99.595     0.012062    99.590    99.610
 103     0.013602    99.590     0.014612    99.450    99.610
 104     0.013419    99.630     0.013285    99.530    99.610
 105     0.013469    99.632     0.012259    99.620    99.620
 106     0.013526    99.593     0.017151    99.460    99.620
 107     0.012981    99.653     0.014873    99.490    99.620
 108     0.013448    99.603     0.014935    99.450    99.620
 109     0.012809    99.642     0.012485    99.580    99.620
 110     0.013315    99.620     0.013360    99.540    99.620
 111     0.013206    99.632     0.014041    99.540    99.620
 112     0.013219    99.620     0.013388    99.560    99.620
 113     0.012363    99.643     0.013245    99.540    99.620
 114     0.012272    99.665     0.013113    99.610    99.620
 115     0.013241    99.653     0.014257    99.500    99.620
 116     0.012513    99.632     0.014056    99.480    99.620
 117     0.012456    99.645     0.012852    99.530    99.620
 118     0.013260    99.648     0.014098    99.590    99.620
 119     0.012649    99.647     0.013246    99.530    99.620
 120     0.011375    99.693     0.012227    99.590    99.620
 121     0.012412    99.620     0.012470    99.580    99.620
 122     0.012214    99.628     0.013054    99.600    99.620
 123     0.011986    99.648     0.013239    99.550    99.620
 124     0.011407    99.668     0.012913    99.540    99.620
 125     0.011177    99.703     0.012834    99.570    99.620
 126     0.011590    99.685     0.012556    99.580    99.620
 127     0.011466    99.667     0.012620    99.540    99.620
 128     0.011887    99.680     0.011712    99.590    99.620
 129     0.011653    99.677     0.012573    99.590    99.620
 130     0.010746    99.688     0.012036    99.600    99.620
 131     0.011726    99.705     0.012185    99.550    99.620
 132     0.011673    99.648     0.013236    99.550    99.620
 133     0.011866    99.670     0.012841    99.590    99.620
 134     0.012089    99.645     0.013431    99.550    99.620
 135     0.011330    99.678     0.012777    99.530    99.620
 136     0.010823    99.707     0.012329    99.550    99.620
 137     0.010241    99.718     0.012581    99.550    99.620
 138     0.011747    99.670     0.012482    99.570    99.620
 139     0.010577    99.707     0.013656    99.500    99.620
 140     0.011184    99.668     0.011979    99.550    99.620
 141     0.011113    99.682     0.012171    99.580    99.620
 142     0.011483    99.670     0.012488    99.560    99.620
 143     0.010777    99.707     0.013274    99.560    99.620
 144     0.010527    99.705     0.011948    99.580    99.620
 145     0.010791    99.702     0.012791    99.550    99.620
 146     0.010434    99.723     0.012223    99.560    99.620
 147     0.010963    99.695     0.012366    99.530    99.620
 148     0.010195    99.712     0.011972    99.580    99.620
 149     0.010471    99.695     0.012413    99.510    99.620
