   0     0.624360    89.357     0.319497    96.950    96.950
   1     0.280383    96.273     0.323797    95.150    96.950
   2     0.193873    97.020     0.196429    97.420    97.420
   3     0.152770    97.357     0.342367    91.550    97.420
   4     0.124853    97.627     0.139241    97.870    97.870
   5     0.106886    97.878     0.106257    97.980    97.980
   6     0.096111    97.932     0.051500    99.180    99.180
   7     0.088569    98.020     0.453929    81.060    99.180
   8     0.082250    98.047     0.282301    88.120    99.180
   9     0.074590    98.203     0.062351    98.430    99.180
  10     0.070814    98.250     0.103088    98.110    99.180
  11     0.064460    98.410     0.156226    95.340    99.180
  12     0.061403    98.503     0.043605    99.050    99.180
  13     0.057923    98.522     0.043057    99.000    99.180
  14     0.056582    98.485     0.183622    95.090    99.180
  15     0.055556    98.512     0.055086    98.910    99.180
  16     0.052641    98.603     0.140620    95.260    99.180
  17     0.051316    98.622     0.053095    98.860    99.180
  18     0.049288    98.662     0.052804    98.660    99.180
  19     0.045943    98.727     0.071111    98.590    99.180
  20     0.045251    98.737     0.387749    87.060    99.180
  21     0.043349    98.775     0.034923    99.110    99.180
  22     0.044120    98.823     0.232967    90.770    99.180
  23     0.042950    98.768     0.032254    99.160    99.180
  24     0.040609    98.883     0.020278    99.550    99.550
  25     0.039614    98.895     0.161550    94.780    99.550
  26     0.038661    98.878     0.064533    98.400    99.550
  27     0.037482    98.920     0.056795    98.530    99.550
  28     0.036033    98.990     0.025609    99.380    99.550
  29     0.036012    98.988     0.024934    99.310    99.550
  30     0.034072    98.998     0.021912    99.340    99.550
  31     0.034409    99.067     0.030192    99.310    99.550
  32     0.033770    99.012     0.022037    99.330    99.550
  33     0.033851    99.028     0.021865    99.440    99.550
  34     0.032134    99.087     0.030829    99.270    99.550
  35     0.030062    99.110     0.024265    99.290    99.550
  36     0.031173    99.108     0.025988    99.180    99.550
  37     0.032474    99.058     0.019470    99.440    99.550
  38     0.029085    99.153     0.023828    99.220    99.550
  39     0.029515    99.133     0.170560    93.890    99.550
  40     0.029649    99.173     0.026592    99.190    99.550
  41     0.028306    99.162     0.017280    99.470    99.550
  42     0.027649    99.168     0.029950    99.110    99.550
  43     0.026740    99.232     0.019521    99.430    99.550
  44     0.027092    99.205     0.022037    99.280    99.550
  45     0.025552    99.278     0.067668    98.260    99.550
  46     0.027327    99.220     0.018255    99.470    99.550
  47     0.024936    99.233     0.012451    99.640    99.640
  48     0.025479    99.227     0.022370    99.400    99.640
  49     0.024881    99.293     0.014310    99.580    99.640
  50     0.025900    99.210     0.020906    99.350    99.640
  51     0.024279    99.270     0.020814    99.370    99.640
  52     0.025009    99.228     0.015615    99.440    99.640
  53     0.022928    99.322     0.017479    99.440    99.640
  54     0.022925    99.337     0.017504    99.460    99.640
  55     0.023759    99.328     0.016341    99.470    99.640
  56     0.022212    99.322     0.012606    99.600    99.640
  57     0.021405    99.395     0.014112    99.520    99.640
  58     0.022090    99.347     0.020009    99.370    99.640
  59     0.022478    99.348     0.014712    99.470    99.640
  60     0.021457    99.397     0.015644    99.480    99.640
  61     0.021111    99.385     0.017629    99.470    99.640
  62     0.021221    99.370     0.017717    99.450    99.640
  63     0.021400    99.330     0.016364    99.500    99.640
  64     0.019696    99.440     0.018060    99.460    99.640
  65     0.019782    99.408     0.015807    99.490    99.640
  66     0.019005    99.437     0.013521    99.510    99.640
  67     0.020877    99.413     0.015041    99.440    99.640
  68     0.020330    99.418     0.012853    99.570    99.640
  69     0.018339    99.498     0.016321    99.530    99.640
  70     0.019238    99.485     0.025248    99.210    99.640
  71     0.018625    99.473     0.017634    99.470    99.640
  72     0.019608    99.393     0.013984    99.530    99.640
  73     0.018196    99.473     0.015030    99.490    99.640
  74     0.018324    99.480     0.014231    99.490    99.640
  75     0.017566    99.482     0.013725    99.520    99.640
  76     0.018706    99.467     0.012879    99.590    99.640
  77     0.018881    99.473     0.012669    99.610    99.640
  78     0.016844    99.522     0.012332    99.630    99.640
  79     0.016708    99.513     0.016759    99.480    99.640
  80     0.017274    99.498     0.012389    99.630    99.640
  81     0.016916    99.498     0.013012    99.550    99.640
  82     0.015886    99.548     0.013213    99.540    99.640
  83     0.016810    99.517     0.012055    99.620    99.640
  84     0.016030    99.508     0.013944    99.620    99.640
  85     0.015399    99.560     0.012789    99.600    99.640
  86     0.016065    99.515     0.015913    99.470    99.640
  87     0.016208    99.532     0.016472    99.510    99.640
  88     0.014954    99.577     0.013114    99.560    99.640
  89     0.015920    99.538     0.013164    99.580    99.640
  90     0.015583    99.578     0.020813    99.370    99.640
  91     0.015151    99.555     0.013247    99.560    99.640
  92     0.015313    99.558     0.013250    99.580    99.640
  93     0.014989    99.580     0.014149    99.520    99.640
  94     0.014940    99.577     0.013299    99.620    99.640
  95     0.014681    99.570     0.017319    99.460    99.640
  96     0.015620    99.563     0.015700    99.430    99.640
  97     0.014687    99.572     0.014268    99.460    99.640
  98     0.014184    99.590     0.014168    99.570    99.640
  99     0.014990    99.545     0.014051    99.520    99.640
 100     0.013657    99.577     0.012886    99.600    99.640
 101     0.013997    99.583     0.013896    99.580    99.640
 102     0.013582    99.620     0.014742    99.480    99.640
 103     0.013504    99.605     0.012164    99.600    99.640
 104     0.013384    99.615     0.014028    99.510    99.640
 105     0.014505    99.588     0.011949    99.600    99.640
 106     0.013659    99.627     0.012460    99.590    99.640
 107     0.013771    99.640     0.012542    99.580    99.640
 108     0.013292    99.627     0.011859    99.600    99.640
 109     0.013326    99.622     0.012516    99.550    99.640
 110     0.012868    99.625     0.013868    99.600    99.640
 111     0.013138    99.628     0.012101    99.580    99.640
 112     0.012658    99.633     0.013148    99.570    99.640
 113     0.013049    99.617     0.015750    99.400    99.640
 114     0.013116    99.615     0.014751    99.510    99.640
 115     0.012315    99.652     0.013824    99.560    99.640
 116     0.012919    99.637     0.013951    99.540    99.640
 117     0.012633    99.643     0.012623    99.620    99.640
 118     0.011806    99.655     0.012097    99.570    99.640
 119     0.011728    99.678     0.013115    99.550    99.640
 120     0.012868    99.613     0.015309    99.510    99.640
 121     0.012136    99.648     0.012844    99.550    99.640
 122     0.011674    99.665     0.012945    99.500    99.640
 123     0.012239    99.633     0.014321    99.460    99.640
 124     0.012490    99.658     0.013462    99.510    99.640
 125     0.012034    99.655     0.012037    99.620    99.640
 126     0.012267    99.648     0.011994    99.630    99.640
 127     0.012493    99.657     0.013418    99.570    99.640
 128     0.012374    99.668     0.011998    99.520    99.640
 129     0.012339    99.638     0.011748    99.620    99.640
 130     0.011639    99.678     0.014090    99.550    99.640
 131     0.011779    99.668     0.013034    99.540    99.640
 132     0.011297    99.672     0.012795    99.560    99.640
 133     0.011695    99.658     0.012610    99.580    99.640
 134     0.011835    99.643     0.012274    99.570    99.640
 135     0.011893    99.655     0.011913    99.590    99.640
 136     0.011877    99.647     0.012727    99.590    99.640
 137     0.011107    99.665     0.013056    99.530    99.640
 138     0.010909    99.710     0.011640    99.580    99.640
 139     0.012546    99.628     0.012618    99.520    99.640
 140     0.012119    99.633     0.012580    99.520    99.640
 141     0.011940    99.670     0.011951    99.580    99.640
 142     0.012356    99.655     0.012346    99.610    99.640
 143     0.011678    99.675     0.011978    99.620    99.640
 144     0.011445    99.702     0.012354    99.600    99.640
 145     0.010214    99.713     0.012811    99.580    99.640
 146     0.012107    99.677     0.012410    99.610    99.640
 147     0.011039    99.673     0.012223    99.620    99.640
 148     0.010853    99.690     0.011255    99.650    99.650
 149     0.011064    99.697     0.011414    99.580    99.650
