   0     0.618164    89.615     0.270441    98.130    98.130
   1     0.280378    96.228     0.196647    98.210    98.210
   2     0.192808    97.102     0.175867    98.430    98.430
   3     0.150130    97.432     0.123971    98.550    98.550
   4     0.127036    97.605     0.100827    98.390    98.550
   5     0.109044    97.792     0.081147    98.900    98.900
   6     0.098662    97.848     0.067311    98.770    98.900
   7     0.087673    98.030     0.073187    98.780    98.900
   8     0.079221    98.157     0.366588    85.270    98.900
   9     0.076740    98.217     0.122668    97.180    98.900
  10     0.069650    98.288     0.073226    97.920    98.900
  11     0.066246    98.322     0.050427    99.040    99.040
  12     0.063180    98.393     0.079649    98.310    99.040
  13     0.059787    98.383     0.072441    98.760    99.040
  14     0.054699    98.533     0.128853    96.930    99.040
  15     0.056572    98.468     0.084652    98.280    99.040
  16     0.050898    98.663     0.125706    96.790    99.040
  17     0.050242    98.625     0.045537    98.860    99.040
  18     0.048825    98.623     0.079979    98.460    99.040
  19     0.047555    98.718     0.038746    99.140    99.140
  20     0.044992    98.715     0.065439    98.310    99.140
  21     0.044742    98.732     0.025258    99.390    99.390
  22     0.042023    98.793     0.044782    98.980    99.390
  23     0.041567    98.825     0.051140    98.650    99.390
  24     0.041202    98.857     0.039112    99.030    99.390
  25     0.039942    98.863     0.028536    99.150    99.390
  26     0.038908    98.903     0.023911    99.280    99.390
  27     0.038728    98.912     0.021750    99.310    99.390
  28     0.037640    98.957     0.025168    99.290    99.390
  29     0.035394    98.992     0.056865    98.460    99.390
  30     0.036078    98.935     0.025403    99.250    99.390
  31     0.034143    99.020     0.018602    99.470    99.470
  32     0.034952    98.975     0.020780    99.320    99.470
  33     0.032790    99.032     0.023896    99.140    99.470
  34     0.033405    99.050     0.027298    99.160    99.470
  35     0.032415    99.055     0.067693    98.200    99.470
  36     0.031778    99.078     0.027399    99.180    99.470
  37     0.030503    99.148     0.039804    98.830    99.470
  38     0.030561    99.088     0.037056    98.990    99.470
  39     0.031013    99.112     0.018645    99.370    99.470
  40     0.029348    99.147     0.024516    99.380    99.470
  41     0.028650    99.147     0.024761    99.300    99.470
  42     0.028493    99.160     0.025609    99.140    99.470
  43     0.026883    99.223     0.026953    99.230    99.470
  44     0.026496    99.217     0.019157    99.440    99.470
  45     0.026767    99.270     0.057218    98.300    99.470
  46     0.026663    99.168     0.025793    99.310    99.470
  47     0.027049    99.212     0.017773    99.480    99.480
  48     0.025042    99.255     0.019888    99.290    99.480
  49     0.025435    99.262     0.020125    99.370    99.480
  50     0.024504    99.293     0.015648    99.530    99.530
  51     0.025683    99.223     0.017282    99.440    99.530
  52     0.024404    99.270     0.017416    99.390    99.530
  53     0.024044    99.295     0.018360    99.410    99.530
  54     0.023026    99.308     0.040154    98.950    99.530
  55     0.023460    99.337     0.016591    99.480    99.530
  56     0.022347    99.343     0.015518    99.540    99.540
  57     0.022399    99.353     0.016848    99.450    99.540
  58     0.022231    99.350     0.026217    99.220    99.540
  59     0.022277    99.370     0.016494    99.560    99.560
  60     0.020907    99.403     0.017485    99.470    99.560
  61     0.020928    99.420     0.023138    99.230    99.560
  62     0.020835    99.405     0.017429    99.480    99.560
  63     0.020693    99.377     0.017114    99.510    99.560
  64     0.021247    99.407     0.018318    99.480    99.560
  65     0.020116    99.428     0.018679    99.490    99.560
  66     0.020684    99.408     0.016177    99.480    99.560
  67     0.019621    99.427     0.016460    99.450    99.560
  68     0.019397    99.432     0.017531    99.450    99.560
  69     0.020088    99.407     0.016229    99.510    99.560
  70     0.020129    99.415     0.015479    99.520    99.560
  71     0.017996    99.473     0.016071    99.470    99.560
  72     0.019795    99.403     0.016748    99.460    99.560
  73     0.017752    99.505     0.018058    99.420    99.560
  74     0.017848    99.485     0.018481    99.470    99.560
  75     0.018369    99.460     0.017827    99.450    99.560
  76     0.017673    99.527     0.016924    99.420    99.560
  77     0.017591    99.488     0.014885    99.490    99.560
  78     0.016800    99.527     0.017100    99.450    99.560
  79     0.017068    99.505     0.017074    99.440    99.560
  80     0.018241    99.483     0.017798    99.480    99.560
  81     0.017181    99.510     0.015334    99.490    99.560
  82     0.017867    99.485     0.018046    99.440    99.560
  83     0.016061    99.548     0.017826    99.490    99.560
  84     0.016900    99.530     0.017853    99.420    99.560
  85     0.017907    99.463     0.018136    99.420    99.560
  86     0.015801    99.553     0.016304    99.450    99.560
  87     0.015165    99.567     0.016998    99.460    99.560
  88     0.016516    99.537     0.016171    99.490    99.560
  89     0.016239    99.510     0.018245    99.420    99.560
  90     0.016125    99.525     0.016807    99.430    99.560
  91     0.015093    99.600     0.015176    99.480    99.560
  92     0.014920    99.567     0.017298    99.500    99.560
  93     0.015151    99.560     0.014403    99.480    99.560
  94     0.014614    99.593     0.015710    99.510    99.560
  95     0.015303    99.545     0.015564    99.450    99.560
  96     0.015395    99.548     0.016103    99.520    99.560
  97     0.015126    99.568     0.015632    99.520    99.560
  98     0.014484    99.563     0.015085    99.530    99.560
  99     0.014260    99.603     0.014368    99.520    99.560
 100     0.015001    99.560     0.015997    99.530    99.560
 101     0.014301    99.568     0.014950    99.520    99.560
 102     0.013691    99.607     0.015370    99.520    99.560
 103     0.014679    99.590     0.016129    99.510    99.560
 104     0.014209    99.582     0.015038    99.530    99.560
 105     0.014382    99.592     0.015563    99.540    99.560
 106     0.013205    99.635     0.015435    99.530    99.560
 107     0.013876    99.607     0.015027    99.470    99.560
 108     0.014126    99.600     0.015656    99.490    99.560
 109     0.013589    99.598     0.014764    99.520    99.560
 110     0.012581    99.652     0.015195    99.540    99.560
 111     0.012994    99.620     0.014850    99.500    99.560
 112     0.013343    99.620     0.015319    99.510    99.560
 113     0.012573    99.648     0.014760    99.520    99.560
 114     0.013059    99.615     0.017499    99.480    99.560
 115     0.013682    99.607     0.016536    99.500    99.560
 116     0.014397    99.543     0.015320    99.530    99.560
 117     0.012810    99.653     0.017730    99.440    99.560
 118     0.012549    99.645     0.014676    99.530    99.560
 119     0.012826    99.632     0.014131    99.530    99.560
 120     0.012926    99.627     0.014818    99.510    99.560
 121     0.012914    99.657     0.016029    99.490    99.560
 122     0.012426    99.662     0.014581    99.520    99.560
 123     0.012664    99.643     0.014498    99.480    99.560
 124     0.012065    99.637     0.015043    99.540    99.560
 125     0.012530    99.673     0.014376    99.480    99.560
 126     0.011820    99.662     0.014942    99.510    99.560
 127     0.012132    99.658     0.014786    99.530    99.560
 128     0.012895    99.653     0.015382    99.480    99.560
 129     0.013049    99.638     0.014624    99.480    99.560
 130     0.012177    99.657     0.015188    99.470    99.560
 131     0.012569    99.638     0.014829    99.550    99.560
 132     0.011995    99.648     0.015076    99.470    99.560
 133     0.011219    99.690     0.014954    99.540    99.560
 134     0.012114    99.635     0.015162    99.480    99.560
 135     0.011681    99.695     0.015169    99.520    99.560
 136     0.011835    99.672     0.015521    99.480    99.560
 137     0.011052    99.717     0.015607    99.510    99.560
 138     0.011359    99.675     0.015554    99.470    99.560
 139     0.011653    99.687     0.014932    99.500    99.560
 140     0.011869    99.638     0.015555    99.530    99.560
 141     0.011057    99.685     0.015095    99.470    99.560
 142     0.012095    99.643     0.014891    99.510    99.560
 143     0.012142    99.657     0.015410    99.510    99.560
 144     0.011455    99.697     0.016253    99.530    99.560
 145     0.011018    99.698     0.015036    99.490    99.560
 146     0.011228    99.693     0.015950    99.440    99.560
 147     0.011574    99.687     0.015499    99.470    99.560
 148     0.011028    99.682     0.015413    99.480    99.560
 149     0.010685    99.718     0.015361    99.470    99.560
