   0     0.626138    89.453     0.245342    98.430    98.430
   1     0.285812    96.072     0.190570    98.550    98.550
   2     0.197809    96.948     0.169051    98.470    98.550
   3     0.153059    97.358     0.109139    98.640    98.640
   4     0.126325    97.627     0.111542    98.590    98.640
   5     0.109861    97.758     0.141797    97.610    98.640
   6     0.097116    97.917     0.053645    99.160    99.160
   7     0.088853    98.003     0.138059    97.390    99.160
   8     0.081853    98.058     0.088654    97.950    99.160
   9     0.075283    98.170     0.087460    98.470    99.160
  10     0.069574    98.272     0.065059    98.660    99.160
  11     0.066756    98.275     0.262588    90.630    99.160
  12     0.062064    98.420     0.036420    99.230    99.230
  13     0.061066    98.405     0.095989    97.300    99.230
  14     0.057254    98.443     0.037893    99.090    99.230
  15     0.055792    98.537     0.296520    88.830    99.230
  16     0.052490    98.575     0.035044    99.140    99.230
  17     0.049694    98.648     0.049083    98.660    99.230
  18     0.049432    98.632     0.032450    99.270    99.270
  19     0.046563    98.717     0.066954    98.410    99.270
  20     0.045785    98.723     0.164551    94.890    99.270
  21     0.045263    98.732     0.070508    97.830    99.270
  22     0.044077    98.782     0.023249    99.420    99.420
  23     0.042221    98.807     0.056131    98.560    99.420
  24     0.041300    98.767     0.029398    99.290    99.420
  25     0.042286    98.807     0.029136    99.280    99.420
  26     0.038393    98.907     0.050109    98.700    99.420
  27     0.037092    98.900     0.058291    98.480    99.420
  28     0.038279    98.948     0.290809    89.180    99.420
  29     0.034409    99.048     0.029953    99.150    99.420
  30     0.036623    98.883     0.028925    99.130    99.420
  31     0.036084    98.940     0.029180    99.340    99.420
  32     0.033599    99.027     0.026230    99.210    99.420
  33     0.033962    99.012     0.060684    98.270    99.420
  34     0.034850    98.970     0.016577    99.510    99.510
  35     0.032711    99.060     0.026644    99.240    99.510
  36     0.031617    99.083     0.017281    99.480    99.510
  37     0.031572    99.107     0.019232    99.440    99.510
  38     0.030112    99.095     0.029300    99.180    99.510
  39     0.029337    99.158     0.044112    98.800    99.510
  40     0.030500    99.128     0.064741    98.380    99.510
  41     0.028687    99.198     0.021866    99.450    99.510
  42     0.028726    99.145     0.019646    99.390    99.510
  43     0.027204    99.205     0.020707    99.370    99.510
  44     0.027441    99.213     0.015702    99.510    99.510
  45     0.026518    99.265     0.015357    99.550    99.550
  46     0.026350    99.253     0.014835    99.540    99.550
  47     0.026766    99.212     0.016845    99.490    99.550
  48     0.024451    99.283     0.024776    99.370    99.550
  49     0.025468    99.245     0.020941    99.320    99.550
  50     0.024896    99.278     0.022442    99.370    99.550
  51     0.024629    99.290     0.019916    99.390    99.550
  52     0.023656    99.302     0.015540    99.520    99.550
  53     0.023008    99.343     0.016620    99.530    99.550
  54     0.024163    99.253     0.015988    99.530    99.550
  55     0.023093    99.307     0.017050    99.440    99.550
  56     0.021646    99.392     0.016611    99.510    99.550
  57     0.022882    99.300     0.015004    99.600    99.600
  58     0.023809    99.300     0.017098    99.500    99.600
  59     0.022241    99.332     0.014290    99.550    99.600
  60     0.021226    99.377     0.025204    99.240    99.600
  61     0.019701    99.437     0.017344    99.480    99.600
  62     0.020445    99.403     0.015160    99.530    99.600
  63     0.020735    99.388     0.016387    99.500    99.600
  64     0.020197    99.408     0.017241    99.430    99.600
  65     0.021091    99.392     0.016655    99.520    99.600
  66     0.020157    99.405     0.019931    99.390    99.600
  67     0.020769    99.397     0.013374    99.580    99.600
  68     0.021174    99.375     0.015719    99.500    99.600
  69     0.019134    99.442     0.020317    99.400    99.600
  70     0.018608    99.437     0.015003    99.530    99.600
  71     0.020051    99.435     0.014422    99.570    99.600
  72     0.018886    99.462     0.017616    99.460    99.600
  73     0.018220    99.487     0.015852    99.490    99.600
  74     0.019118    99.430     0.014236    99.590    99.600
  75     0.016992    99.523     0.016535    99.430    99.600
  76     0.018527    99.448     0.013455    99.600    99.600
  77     0.018911    99.430     0.015351    99.560    99.600
  78     0.017212    99.503     0.013385    99.570    99.600
  79     0.016995    99.485     0.013724    99.550    99.600
  80     0.017515    99.493     0.014074    99.570    99.600
  81     0.016952    99.490     0.014469    99.550    99.600
  82     0.016666    99.543     0.015517    99.490    99.600
  83     0.017580    99.480     0.013702    99.560    99.600
  84     0.016563    99.510     0.013315    99.550    99.600
  85     0.017159    99.507     0.014546    99.570    99.600
  86     0.016687    99.483     0.014576    99.560    99.600
  87     0.016419    99.560     0.014081    99.590    99.600
  88     0.015431    99.565     0.016153    99.460    99.600
  89     0.015502    99.555     0.015897    99.500    99.600
  90     0.015635    99.545     0.012407    99.610    99.610
  91     0.015446    99.550     0.014795    99.590    99.610
  92     0.016012    99.542     0.012643    99.590    99.610
  93     0.015602    99.565     0.014232    99.550    99.610
  94     0.014576    99.588     0.014036    99.530    99.610
  95     0.015240    99.545     0.014913    99.540    99.610
  96     0.014444    99.590     0.012784    99.540    99.610
  97     0.014767    99.565     0.013014    99.620    99.620
  98     0.014728    99.580     0.014110    99.510    99.620
  99     0.014691    99.588     0.014046    99.540    99.620
 100     0.014469    99.600     0.012663    99.550    99.620
 101     0.013908    99.608     0.013877    99.490    99.620
 102     0.015058    99.567     0.017238    99.440    99.620
 103     0.014655    99.568     0.014264    99.550    99.620
 104     0.014489    99.582     0.013138    99.600    99.620
 105     0.014754    99.563     0.012814    99.590    99.620
 106     0.014346    99.583     0.014537    99.540    99.620
 107     0.013698    99.637     0.013669    99.560    99.620
 108     0.013440    99.603     0.013068    99.610    99.620
 109     0.013483    99.625     0.015338    99.530    99.620
 110     0.013991    99.587     0.014348    99.530    99.620
 111     0.013246    99.665     0.012366    99.580    99.620
 112     0.013644    99.608     0.012903    99.550    99.620
 113     0.012486    99.632     0.011684    99.630    99.630
 114     0.013481    99.598     0.013726    99.530    99.630
 115     0.012627    99.655     0.012547    99.600    99.630
 116     0.012727    99.650     0.013531    99.570    99.630
 117     0.012649    99.648     0.012535    99.560    99.630
 118     0.012476    99.622     0.013655    99.510    99.630
 119     0.012747    99.640     0.013575    99.540    99.630
 120     0.012659    99.623     0.012995    99.590    99.630
 121     0.012918    99.648     0.012408    99.570    99.630
 122     0.013522    99.613     0.013561    99.500    99.630
 123     0.012237    99.663     0.012274    99.620    99.630
 124     0.012868    99.620     0.012851    99.580    99.630
 125     0.012275    99.647     0.015506    99.480    99.630
 126     0.012828    99.620     0.012915    99.590    99.630
 127     0.012094    99.677     0.012984    99.680    99.680
 128     0.011819    99.642     0.011830    99.640    99.680
 129     0.011646    99.658     0.011926    99.650    99.680
 130     0.012045    99.652     0.012333    99.610    99.680
 131     0.011684    99.665     0.012980    99.560    99.680
 132     0.011219    99.687     0.011549    99.620    99.680
 133     0.011943    99.633     0.012515    99.550    99.680
 134     0.012110    99.632     0.012042    99.580    99.680
 135     0.012448    99.650     0.011788    99.590    99.680
 136     0.012290    99.645     0.012613    99.590    99.680
 137     0.012019    99.648     0.013044    99.560    99.680
 138     0.012240    99.675     0.012318    99.550    99.680
 139     0.011524    99.705     0.012619    99.520    99.680
 140     0.011696    99.682     0.012127    99.580    99.680
 141     0.011443    99.668     0.012179    99.590    99.680
 142     0.011601    99.695     0.012887    99.610    99.680
 143     0.011582    99.667     0.013696    99.540    99.680
 144     0.011075    99.673     0.012971    99.580    99.680
 145     0.011508    99.663     0.012321    99.620    99.680
 146     0.011063    99.700     0.012400    99.570    99.680
 147     0.010983    99.702     0.012366    99.560    99.680
 148     0.011240    99.685     0.012943    99.560    99.680
 149     0.011243    99.692     0.012724    99.570    99.680
