   0     0.625431    89.268     0.272920    97.500    97.500
   1     0.282025    96.128     0.250310    97.360    97.500
   2     0.193500    96.985     0.147480    98.200    98.200
   3     0.150971    97.398     0.231431    96.190    98.200
   4     0.123887    97.667     0.116172    98.840    98.840
   5     0.109180    97.743     0.166772    96.190    98.840
   6     0.096389    97.858     0.065327    99.000    99.000
   7     0.088274    97.990     0.113500    98.100    99.000
   8     0.081187    98.057     0.054056    98.970    99.000
   9     0.075686    98.070     0.052521    99.010    99.010
  10     0.071035    98.247     0.127733    97.130    99.010
  11     0.065526    98.328     0.078163    98.000    99.010
  12     0.062635    98.337     0.081673    98.640    99.010
  13     0.059584    98.437     0.050047    99.170    99.170
  14     0.058140    98.435     0.055060    98.660    99.170
  15     0.053116    98.588     0.063438    98.660    99.170
  16     0.052118    98.598     0.055176    99.150    99.170
  17     0.050859    98.635     0.073501    98.330    99.170
  18     0.050312    98.575     0.030822    99.200    99.200
  19     0.047077    98.717     0.134197    96.110    99.200
  20     0.044928    98.763     0.066180    97.900    99.200
  21     0.044975    98.687     0.036829    98.990    99.200
  22     0.043849    98.725     0.028271    99.350    99.350
  23     0.042009    98.807     0.022469    99.400    99.400
  24     0.040746    98.842     0.071773    98.030    99.400
  25     0.041597    98.830     0.029242    99.310    99.400
  26     0.039886    98.833     0.030724    99.180    99.400
  27     0.039811    98.803     0.020768    99.460    99.460
  28     0.036679    98.965     0.024425    99.310    99.460
  29     0.036791    98.963     0.023855    99.310    99.460
  30     0.034063    99.025     0.070029    98.230    99.460
  31     0.035211    98.968     0.033912    98.890    99.460
  32     0.034141    99.042     0.023739    99.370    99.460
  33     0.034371    99.000     0.024422    99.270    99.460
  34     0.031961    99.060     0.030932    99.130    99.460
  35     0.031752    99.088     0.016214    99.570    99.570
  36     0.031573    99.083     0.031190    99.000    99.570
  37     0.030417    99.123     0.022209    99.330    99.570
  38     0.029954    99.100     0.032421    99.080    99.570
  39     0.030698    99.068     0.021785    99.310    99.570
  40     0.029616    99.167     0.018087    99.500    99.570
  41     0.028376    99.175     0.016801    99.530    99.570
  42     0.029352    99.090     0.016939    99.500    99.570
  43     0.027321    99.173     0.017498    99.480    99.570
  44     0.027901    99.187     0.018210    99.470    99.570
  45     0.026116    99.272     0.018496    99.400    99.570
  46     0.026554    99.208     0.031614    99.040    99.570
  47     0.027254    99.218     0.017614    99.470    99.570
  48     0.026844    99.220     0.017185    99.440    99.570
  49     0.025824    99.222     0.015590    99.570    99.570
  50     0.024143    99.283     0.015995    99.520    99.570
  51     0.024433    99.312     0.042093    98.890    99.570
  52     0.024002    99.272     0.017558    99.470    99.570
  53     0.023023    99.345     0.018560    99.410    99.570
  54     0.023845    99.292     0.018534    99.420    99.570
  55     0.023775    99.315     0.023635    99.300    99.570
  56     0.022838    99.328     0.021786    99.350    99.570
  57     0.023632    99.345     0.016393    99.550    99.570
  58     0.021713    99.362     0.017705    99.460    99.570
  59     0.021907    99.330     0.018693    99.460    99.570
  60     0.021085    99.388     0.017647    99.520    99.570
  61     0.021477    99.360     0.016637    99.500    99.570
  62     0.020344    99.403     0.019955    99.450    99.570
  63     0.021505    99.373     0.020515    99.360    99.570
  64     0.020788    99.373     0.016379    99.570    99.570
  65     0.020382    99.402     0.016584    99.480    99.570
  66     0.020671    99.380     0.015484    99.530    99.570
  67     0.019173    99.432     0.016005    99.560    99.570
  68     0.019983    99.418     0.018630    99.490    99.570
  69     0.019016    99.463     0.021154    99.390    99.570
  70     0.018895    99.448     0.016011    99.510    99.570
  71     0.018827    99.432     0.015397    99.450    99.570
  72     0.018113    99.445     0.014951    99.510    99.570
  73     0.017423    99.490     0.018728    99.430    99.570
  74     0.017517    99.500     0.020618    99.420    99.570
  75     0.017674    99.483     0.017142    99.510    99.570
  76     0.017707    99.527     0.017228    99.510    99.570
  77     0.017190    99.488     0.015440    99.560    99.570
  78     0.017512    99.488     0.016503    99.480    99.570
  79     0.017888    99.455     0.020132    99.430    99.570
  80     0.017280    99.508     0.014970    99.510    99.570
  81     0.017030    99.512     0.016723    99.540    99.570
  82     0.016885    99.518     0.016571    99.490    99.570
  83     0.016616    99.487     0.016512    99.510    99.570
  84     0.016637    99.528     0.016147    99.550    99.570
  85     0.016164    99.558     0.014804    99.500    99.570
  86     0.016245    99.523     0.016504    99.510    99.570
  87     0.016459    99.558     0.017019    99.500    99.570
  88     0.016050    99.537     0.016157    99.480    99.570
  89     0.016427    99.508     0.015404    99.500    99.570
  90     0.015029    99.578     0.018945    99.420    99.570
  91     0.016252    99.503     0.015351    99.570    99.570
  92     0.015405    99.532     0.016224    99.510    99.570
  93     0.016409    99.553     0.016088    99.550    99.570
  94     0.014923    99.573     0.015755    99.520    99.570
  95     0.014909    99.573     0.015280    99.570    99.570
  96     0.014889    99.540     0.015192    99.560    99.570
  97     0.014509    99.540     0.016183    99.540    99.570
  98     0.015162    99.557     0.015107    99.550    99.570
  99     0.014548    99.612     0.014694    99.500    99.570
 100     0.013777    99.623     0.016737    99.480    99.570
 101     0.014702    99.590     0.015972    99.460    99.570
 102     0.013725    99.615     0.016141    99.510    99.570
 103     0.014204    99.582     0.015840    99.510    99.570
 104     0.013382    99.625     0.015386    99.550    99.570
 105     0.014213    99.613     0.015422    99.480    99.570
 106     0.013829    99.593     0.015481    99.520    99.570
 107     0.013182    99.635     0.016343    99.490    99.570
 108     0.014307    99.567     0.015344    99.490    99.570
 109     0.013761    99.607     0.016313    99.520    99.570
 110     0.013153    99.628     0.015123    99.540    99.570
 111     0.012415    99.648     0.015835    99.510    99.570
 112     0.013498    99.598     0.015630    99.490    99.570
 113     0.013849    99.612     0.016030    99.470    99.570
 114     0.013342    99.630     0.015438    99.530    99.570
 115     0.012017    99.662     0.016754    99.470    99.570
 116     0.012302    99.662     0.015863    99.490    99.570
 117     0.012608    99.643     0.015567    99.490    99.570
 118     0.012618    99.627     0.015152    99.500    99.570
 119     0.013190    99.625     0.015410    99.510    99.570
 120     0.012829    99.582     0.016195    99.530    99.570
 121     0.013292    99.625     0.015364    99.490    99.570
 122     0.012812    99.618     0.016147    99.500    99.570
 123     0.012568    99.655     0.015176    99.550    99.570
 124     0.012652    99.660     0.015131    99.500    99.570
 125     0.012320    99.650     0.014666    99.520    99.570
 126     0.011598    99.680     0.015942    99.480    99.570
 127     0.011794    99.682     0.015302    99.540    99.570
 128     0.012187    99.657     0.016340    99.530    99.570
 129     0.012383    99.647     0.015871    99.490    99.570
 130     0.012260    99.658     0.015715    99.550    99.570
 131     0.012101    99.660     0.015553    99.490    99.570
 132     0.011248    99.693     0.015736    99.480    99.570
 133     0.012075    99.658     0.015225    99.520    99.570
 134     0.011317    99.673     0.015771    99.520    99.570
 135     0.011612    99.700     0.015916    99.480    99.570
 136     0.012277    99.620     0.015814    99.470    99.570
 137     0.010845    99.673     0.016556    99.510    99.570
 138     0.011420    99.683     0.015614    99.520    99.570
 139     0.011273    99.690     0.016383    99.510    99.570
 140     0.011477    99.678     0.015043    99.490    99.570
 141     0.011860    99.658     0.015974    99.440    99.570
 142     0.010822    99.722     0.016110    99.490    99.570
 143     0.011511    99.690     0.015228    99.510    99.570
 144     0.012193    99.642     0.015785    99.470    99.570
 145     0.011513    99.662     0.016348    99.460    99.570
 146     0.011319    99.672     0.015878    99.510    99.570
 147     0.011536    99.687     0.015786    99.540    99.570
 148     0.010988    99.675     0.015923    99.510    99.570
 149     0.010859    99.710     0.015928    99.510    99.570
