   0     0.625814    89.303     0.276231    97.980    97.980
   1     0.277496    96.317     0.176285    98.400    98.400
   2     0.193812    97.073     0.252392    96.000    98.400
   3     0.149993    97.433     0.114608    98.910    98.910
   4     0.126516    97.563     0.105841    98.500    98.910
   5     0.106518    97.805     0.094428    99.020    99.020
   6     0.096054    97.925     0.110831    98.590    99.020
   7     0.087476    98.055     0.074665    98.720    99.020
   8     0.080710    98.143     0.067942    98.820    99.020
   9     0.072191    98.305     0.060881    98.910    99.020
  10     0.070751    98.292     0.114114    97.440    99.020
  11     0.065548    98.377     0.052661    99.100    99.100
  12     0.060496    98.468     0.046722    99.200    99.200
  13     0.057542    98.500     0.049999    99.050    99.200
  14     0.058733    98.375     0.179748    95.090    99.200
  15     0.053880    98.585     0.036704    99.110    99.200
  16     0.053798    98.477     0.242643    91.360    99.200
  17     0.048398    98.707     0.057303    98.580    99.200
  18     0.047870    98.677     0.041950    99.110    99.200
  19     0.048094    98.685     0.034156    99.250    99.250
  20     0.046456    98.650     0.030311    99.240    99.250
  21     0.043345    98.770     0.061281    98.310    99.250
  22     0.043705    98.767     0.033826    99.200    99.250
  23     0.041280    98.832     0.035088    98.970    99.250
  24     0.039554    98.842     0.035645    99.030    99.250
  25     0.038885    98.893     0.064420    98.180    99.250
  26     0.037859    98.945     0.042306    98.950    99.250
  27     0.036526    98.963     0.119903    96.130    99.250
  28     0.038625    98.912     0.071760    97.750    99.250
  29     0.036089    98.983     0.026395    99.230    99.250
  30     0.035267    98.993     0.030720    99.290    99.290
  31     0.034676    98.987     0.022251    99.380    99.380
  32     0.032900    99.052     0.019348    99.480    99.480
  33     0.033202    99.038     0.053170    98.580    99.480
  34     0.033035    99.033     0.031763    99.130    99.480
  35     0.032886    99.073     0.025047    99.290    99.480
  36     0.031105    99.100     0.027262    99.250    99.480
  37     0.031569    99.090     0.026315    99.290    99.480
  38     0.028994    99.225     0.019534    99.410    99.480
  39     0.028920    99.153     0.018836    99.440    99.480
  40     0.029709    99.113     0.026032    99.250    99.480
  41     0.029030    99.147     0.018796    99.450    99.480
  42     0.027086    99.243     0.018315    99.500    99.500
  43     0.028221    99.170     0.021002    99.530    99.530
  44     0.027299    99.222     0.036532    98.880    99.530
  45     0.026272    99.228     0.046451    98.700    99.530
  46     0.027025    99.197     0.026850    99.270    99.530
  47     0.024797    99.280     0.017989    99.530    99.530
  48     0.026007    99.223     0.149977    94.880    99.530
  49     0.024270    99.288     0.034843    98.910    99.530
  50     0.023878    99.315     0.015891    99.540    99.540
  51     0.024019    99.302     0.026813    99.350    99.540
  52     0.023797    99.292     0.016055    99.530    99.540
  53     0.024969    99.243     0.020169    99.330    99.540
  54     0.023123    99.320     0.016838    99.520    99.540
  55     0.022266    99.338     0.014075    99.580    99.580
  56     0.022587    99.310     0.015666    99.520    99.580
  57     0.021280    99.375     0.017705    99.480    99.580
  58     0.022445    99.343     0.016456    99.540    99.580
  59     0.020322    99.433     0.013654    99.610    99.610
  60     0.021278    99.393     0.021759    99.320    99.610
  61     0.019782    99.457     0.016939    99.480    99.610
  62     0.021067    99.400     0.014934    99.470    99.610
  63     0.020170    99.415     0.016886    99.490    99.610
  64     0.020132    99.423     0.017951    99.450    99.610
  65     0.020569    99.418     0.016216    99.490    99.610
  66     0.018807    99.465     0.015226    99.530    99.610
  67     0.017838    99.497     0.018351    99.480    99.610
  68     0.018489    99.472     0.016931    99.490    99.610
  69     0.019131    99.465     0.015003    99.530    99.610
  70     0.018471    99.438     0.013034    99.630    99.630
  71     0.017263    99.488     0.014501    99.510    99.630
  72     0.017646    99.482     0.013597    99.520    99.630
  73     0.017269    99.517     0.014372    99.520    99.630
  74     0.018057    99.475     0.016692    99.370    99.630
  75     0.017000    99.513     0.015748    99.460    99.630
  76     0.017968    99.490     0.012748    99.610    99.630
  77     0.017003    99.525     0.016541    99.450    99.630
  78     0.017240    99.502     0.013913    99.570    99.630
  79     0.017490    99.498     0.013882    99.480    99.630
  80     0.016867    99.523     0.012831    99.570    99.630
  81     0.016430    99.520     0.014612    99.510    99.630
  82     0.015937    99.542     0.013993    99.530    99.630
  83     0.016638    99.522     0.014443    99.530    99.630
  84     0.016840    99.497     0.014259    99.500    99.630
  85     0.015102    99.575     0.013361    99.590    99.630
  86     0.016145    99.503     0.017351    99.450    99.630
  87     0.016035    99.500     0.013722    99.480    99.630
  88     0.015742    99.522     0.015341    99.480    99.630
  89     0.015265    99.535     0.015791    99.480    99.630
  90     0.014710    99.593     0.018315    99.440    99.630
  91     0.015709    99.573     0.014283    99.540    99.630
  92     0.016011    99.552     0.014661    99.560    99.630
  93     0.014770    99.560     0.015032    99.520    99.630
  94     0.014231    99.593     0.014212    99.490    99.630
  95     0.015438    99.558     0.012763    99.580    99.630
  96     0.013911    99.602     0.012325    99.620    99.630
  97     0.013484    99.605     0.013853    99.500    99.630
  98     0.014238    99.588     0.013263    99.570    99.630
  99     0.014213    99.592     0.013324    99.580    99.630
 100     0.013266    99.640     0.012685    99.590    99.630
 101     0.014394    99.602     0.012691    99.560    99.630
 102     0.014075    99.618     0.014930    99.530    99.630
 103     0.013740    99.612     0.015057    99.490    99.630
 104     0.013522    99.627     0.012121    99.650    99.650
 105     0.014049    99.587     0.011604    99.590    99.650
 106     0.013084    99.613     0.012444    99.570    99.650
 107     0.013162    99.612     0.012853    99.560    99.650
 108     0.013820    99.617     0.012563    99.570    99.650
 109     0.013522    99.627     0.012596    99.580    99.650
 110     0.013321    99.615     0.013609    99.520    99.650
 111     0.013590    99.610     0.013355    99.530    99.650
 112     0.012431    99.642     0.012606    99.550    99.650
 113     0.012708    99.655     0.013025    99.540    99.650
 114     0.013386    99.630     0.013673    99.460    99.650
 115     0.011750    99.668     0.012460    99.580    99.650
 116     0.012481    99.640     0.013255    99.510    99.650
 117     0.011997    99.648     0.012363    99.570    99.650
 118     0.011762    99.645     0.012571    99.580    99.650
 119     0.011987    99.657     0.013234    99.550    99.650
 120     0.011757    99.653     0.012833    99.580    99.650
 121     0.012770    99.640     0.012662    99.570    99.650
 122     0.011958    99.678     0.012624    99.590    99.650
 123     0.011895    99.653     0.013114    99.500    99.650
 124     0.012052    99.650     0.012600    99.590    99.650
 125     0.011279    99.700     0.012309    99.590    99.650
 126     0.011751    99.653     0.012043    99.550    99.650
 127     0.012134    99.677     0.012222    99.560    99.650
 128     0.012188    99.650     0.012694    99.530    99.650
 129     0.011823    99.637     0.012675    99.510    99.650
 130     0.012015    99.638     0.013080    99.560    99.650
 131     0.011659    99.672     0.012401    99.600    99.650
 132     0.011587    99.677     0.012774    99.530    99.650
 133     0.011149    99.673     0.012443    99.520    99.650
 134     0.012086    99.663     0.011462    99.590    99.650
 135     0.010746    99.682     0.011304    99.560    99.650
 136     0.011951    99.660     0.013648    99.510    99.650
 137     0.011472    99.668     0.012224    99.550    99.650
 138     0.010572    99.698     0.012290    99.580    99.650
 139     0.011179    99.698     0.012662    99.590    99.650
 140     0.011621    99.682     0.012467    99.550    99.650
 141     0.012001    99.678     0.012295    99.550    99.650
 142     0.010725    99.705     0.014026    99.510    99.650
 143     0.011174    99.690     0.013946    99.500    99.650
 144     0.011720    99.665     0.012136    99.560    99.650
 145     0.010933    99.710     0.012656    99.560    99.650
 146     0.010821    99.692     0.012626    99.550    99.650
 147     0.011232    99.702     0.012525    99.560    99.650
 148     0.011441    99.698     0.012470    99.560    99.650
 149     0.010964    99.710     0.012739    99.510    99.650
