   0     0.629574    89.348     0.250501    98.110    98.110
   1     0.279397    96.338     0.200239    97.950    98.110
   2     0.192346    97.068     0.119845    98.780    98.780
   3     0.148992    97.452     0.201713    97.190    98.780
   4     0.123593    97.693     0.255642    94.900    98.780
   5     0.108097    97.795     0.550354    74.540    98.780
   6     0.095291    97.915     0.125116    96.890    98.780
   7     0.084489    98.093     0.083248    98.720    98.780
   8     0.078854    98.165     0.052853    98.780    98.780
   9     0.073607    98.265     0.077976    98.610    98.780
  10     0.068822    98.312     0.070136    98.340    98.780
  11     0.063407    98.385     0.060435    98.800    98.800
  12     0.061955    98.438     0.041091    99.240    99.240
  13     0.059264    98.418     0.097164    97.820    99.240
  14     0.055111    98.552     0.036508    99.090    99.240
  15     0.054722    98.510     0.063711    98.700    99.240
  16     0.051430    98.550     0.034034    99.250    99.250
  17     0.050090    98.585     0.088298    97.360    99.250
  18     0.050296    98.650     0.062479    98.280    99.250
  19     0.045743    98.707     0.122379    96.490    99.250
  20     0.045729    98.698     0.033615    99.040    99.250
  21     0.044175    98.785     0.040791    98.900    99.250
  22     0.041865    98.862     0.026766    99.260    99.260
  23     0.041340    98.802     0.031988    99.320    99.320
  24     0.040207    98.883     0.036730    99.040    99.320
  25     0.039954    98.860     0.051614    98.530    99.320
  26     0.038762    98.878     0.026408    99.250    99.320
  27     0.036798    98.978     0.030225    99.310    99.320
  28     0.036164    98.977     0.080984    98.350    99.320
  29     0.035591    98.972     0.043797    98.950    99.320
  30     0.034885    98.995     0.020412    99.450    99.450
  31     0.033618    99.075     0.114268    96.420    99.450
  32     0.032882    99.042     0.022962    99.310    99.450
  33     0.032490    99.055     0.057285    98.290    99.450
  34     0.032287    99.112     0.036252    98.900    99.450
  35     0.030799    99.103     0.024520    99.360    99.450
  36     0.032324    99.067     0.023250    99.310    99.450
  37     0.028383    99.207     0.022094    99.380    99.450
  38     0.029087    99.167     0.052079    98.500    99.450
  39     0.028743    99.187     0.019549    99.380    99.450
  40     0.028512    99.153     0.022541    99.360    99.450
  41     0.027419    99.195     0.031978    99.120    99.450
  42     0.027804    99.180     0.025101    99.280    99.450
  43     0.026574    99.217     0.016643    99.500    99.500
  44     0.026973    99.227     0.018166    99.470    99.500
  45     0.026821    99.220     0.022088    99.400    99.500
  46     0.025559    99.225     0.020444    99.420    99.500
  47     0.027099    99.225     0.016460    99.500    99.500
  48     0.025609    99.227     0.015796    99.600    99.600
  49     0.024554    99.283     0.019571    99.480    99.600
  50     0.025322    99.278     0.015744    99.500    99.600
  51     0.023735    99.307     0.016690    99.460    99.600
  52     0.023103    99.323     0.037215    99.090    99.600
  53     0.022662    99.345     0.015769    99.560    99.600
  54     0.023336    99.255     0.019250    99.410    99.600
  55     0.023655    99.280     0.016740    99.430    99.600
  56     0.021794    99.357     0.016772    99.500    99.600
  57     0.021249    99.382     0.023430    99.340    99.600
  58     0.021702    99.367     0.017286    99.520    99.600
  59     0.021146    99.373     0.032075    99.210    99.600
  60     0.020813    99.407     0.014715    99.530    99.600
  61     0.019478    99.482     0.016785    99.520    99.600
  62     0.019995    99.442     0.019350    99.400    99.600
  63     0.019954    99.433     0.015929    99.490    99.600
  64     0.020052    99.437     0.014567    99.500    99.600
  65     0.020060    99.452     0.017305    99.490    99.600
  66     0.019988    99.437     0.018769    99.440    99.600
  67     0.018708    99.497     0.016416    99.450    99.600
  68     0.020645    99.408     0.014711    99.460    99.600
  69     0.018942    99.442     0.017070    99.490    99.600
  70     0.020255    99.420     0.016374    99.490    99.600
  71     0.018450    99.455     0.020195    99.430    99.600
  72     0.017853    99.488     0.015701    99.550    99.600
  73     0.017705    99.495     0.014726    99.530    99.600
  74     0.017736    99.470     0.014479    99.510    99.600
  75     0.019258    99.440     0.015587    99.540    99.600
  76     0.017619    99.493     0.014314    99.480    99.600
  77     0.016581    99.523     0.014162    99.570    99.600
  78     0.016590    99.522     0.015799    99.520    99.600
  79     0.016706    99.533     0.014198    99.580    99.600
  80     0.017213    99.503     0.015722    99.510    99.600
  81     0.016165    99.525     0.014982    99.530    99.600
  82     0.016667    99.508     0.018317    99.560    99.600
  83     0.015954    99.530     0.014897    99.570    99.600
  84     0.016313    99.557     0.016055    99.430    99.600
  85     0.015761    99.530     0.015774    99.490    99.600
  86     0.015894    99.540     0.013870    99.520    99.600
  87     0.015690    99.562     0.013856    99.560    99.600
  88     0.015889    99.562     0.014581    99.500    99.600
  89     0.015804    99.550     0.014848    99.520    99.600
  90     0.015441    99.548     0.014096    99.490    99.600
  91     0.014823    99.585     0.014974    99.550    99.600
  92     0.015775    99.557     0.013803    99.560    99.600
  93     0.014231    99.607     0.014238    99.510    99.600
  94     0.015640    99.548     0.015088    99.510    99.600
  95     0.014196    99.597     0.015414    99.500    99.600
  96     0.014092    99.627     0.014098    99.540    99.600
  97     0.013778    99.610     0.014258    99.480    99.600
  98     0.013866    99.612     0.013595    99.540    99.600
  99     0.013578    99.617     0.014144    99.600    99.600
 100     0.013823    99.605     0.015396    99.520    99.600
 101     0.013599    99.602     0.014080    99.590    99.600
 102     0.014307    99.595     0.013925    99.600    99.600
 103     0.013768    99.590     0.014508    99.530    99.600
 104     0.013507    99.622     0.013703    99.550    99.600
 105     0.013782    99.605     0.015289    99.580    99.600
 106     0.013558    99.597     0.013748    99.610    99.610
 107     0.013496    99.643     0.013980    99.530    99.610
 108     0.012581    99.630     0.014713    99.460    99.610
 109     0.013007    99.622     0.014745    99.530    99.610
 110     0.012061    99.650     0.015562    99.500    99.610
 111     0.013228    99.632     0.014545    99.570    99.610
 112     0.012902    99.633     0.015756    99.500    99.610
 113     0.013319    99.620     0.014807    99.570    99.610
 114     0.012174    99.643     0.015298    99.530    99.610
 115     0.013261    99.595     0.014940    99.490    99.610
 116     0.012605    99.640     0.013357    99.580    99.610
 117     0.012814    99.640     0.013711    99.550    99.610
 118     0.013448    99.598     0.014535    99.580    99.610
 119     0.013123    99.613     0.013937    99.540    99.610
 120     0.013371    99.635     0.015316    99.500    99.610
 121     0.012029    99.667     0.014230    99.500    99.610
 122     0.011940    99.655     0.015257    99.550    99.610
 123     0.012131    99.625     0.013768    99.580    99.610
 124     0.011934    99.645     0.014113    99.600    99.610
 125     0.011281    99.680     0.014834    99.610    99.610
 126     0.012079    99.655     0.015217    99.530    99.610
 127     0.011833    99.655     0.015977    99.530    99.610
 128     0.011580    99.653     0.016431    99.560    99.610
 129     0.012212    99.660     0.015342    99.460    99.610
 130     0.011734    99.680     0.014416    99.580    99.610
 131     0.010902    99.690     0.014416    99.570    99.610
 132     0.011260    99.692     0.014147    99.550    99.610
 133     0.011160    99.672     0.014820    99.590    99.610
 134     0.011136    99.687     0.014190    99.590    99.610
 135     0.011280    99.673     0.014568    99.580    99.610
 136     0.011132    99.685     0.014738    99.580    99.610
 137     0.011514    99.653     0.014323    99.560    99.610
 138     0.011284    99.680     0.014105    99.510    99.610
 139     0.011811    99.652     0.014249    99.560    99.610
 140     0.011161    99.695     0.014758    99.540    99.610
 141     0.011138    99.692     0.014942    99.560    99.610
 142     0.010552    99.705     0.014202    99.540    99.610
 143     0.010990    99.690     0.014070    99.580    99.610
 144     0.011060    99.673     0.015076    99.530    99.610
 145     0.011000    99.692     0.014982    99.580    99.610
 146     0.011454    99.652     0.013451    99.570    99.610
 147     0.011791    99.690     0.013765    99.570    99.610
 148     0.010978    99.705     0.014001    99.560    99.610
 149     0.010398    99.723     0.013836    99.590    99.610
