   0     0.630242    89.147     0.250305    98.430    98.430
   1     0.280090    96.312     0.195475    98.510    98.510
   2     0.195581    97.017     0.233632    95.770    98.510
   3     0.153342    97.337     0.223439    96.050    98.510
   4     0.127478    97.665     0.159229    97.400    98.510
   5     0.109535    97.775     0.074777    98.900    98.900
   6     0.097806    97.878     0.113046    98.400    98.900
   7     0.087311    98.037     0.143903    97.540    98.900
   8     0.080801    98.163     0.173178    95.740    98.900
   9     0.074186    98.245     0.062309    98.620    98.900
  10     0.070186    98.232     0.140221    97.850    98.900
  11     0.064858    98.327     0.226883    92.310    98.900
  12     0.062028    98.393     0.048707    98.850    98.900
  13     0.061928    98.362     0.045642    98.890    98.900
  14     0.056401    98.535     0.044253    99.250    99.250
  15     0.053216    98.530     0.138582    96.780    99.250
  16     0.052816    98.620     0.028827    99.320    99.320
  17     0.051343    98.622     0.034794    99.160    99.320
  18     0.048267    98.663     0.063420    98.680    99.320
  19     0.046732    98.690     0.030774    99.370    99.370
  20     0.046117    98.682     0.321058    87.750    99.370
  21     0.046733    98.717     0.058991    98.600    99.370
  22     0.042047    98.777     0.098113    97.180    99.370
  23     0.042402    98.790     0.022570    99.400    99.400
  24     0.042319    98.815     0.029283    99.240    99.400
  25     0.040118    98.872     0.055004    98.620    99.400
  26     0.038758    98.920     0.025099    99.190    99.400
  27     0.038985    98.842     0.034868    99.010    99.400
  28     0.036426    98.962     0.033474    99.150    99.400
  29     0.036761    98.963     0.017187    99.450    99.450
  30     0.035024    99.013     0.034469    98.990    99.450
  31     0.034021    98.990     0.024610    99.240    99.450
  32     0.033751    99.005     0.025954    99.250    99.450
  33     0.032927    99.007     0.047607    98.640    99.450
  34     0.033574    99.045     0.021419    99.470    99.470
  35     0.031211    99.135     0.023634    99.170    99.470
  36     0.032381    99.105     0.016346    99.470    99.470
  37     0.031424    99.038     0.021228    99.480    99.480
  38     0.029518    99.167     0.031863    98.980    99.480
  39     0.028902    99.155     0.016786    99.440    99.480
  40     0.028784    99.193     0.014714    99.610    99.610
  41     0.027699    99.192     0.014993    99.530    99.610
  42     0.028304    99.165     0.018131    99.400    99.610
  43     0.027004    99.200     0.024944    99.210    99.610
  44     0.028084    99.162     0.020419    99.430    99.610
  45     0.028202    99.188     0.020468    99.430    99.610
  46     0.026922    99.280     0.019407    99.520    99.610
  47     0.025538    99.278     0.015823    99.590    99.610
  48     0.026874    99.240     0.019671    99.400    99.610
  49     0.024904    99.315     0.022056    99.400    99.610
  50     0.023612    99.277     0.047344    98.930    99.610
  51     0.025004    99.317     0.021607    99.440    99.610
  52     0.024510    99.278     0.022947    99.390    99.610
  53     0.024751    99.280     0.017203    99.470    99.610
  54     0.022295    99.375     0.018128    99.460    99.610
  55     0.023633    99.338     0.015254    99.590    99.610
  56     0.023755    99.288     0.016981    99.510    99.610
  57     0.021235    99.377     0.016483    99.480    99.610
  58     0.021894    99.342     0.018506    99.380    99.610
  59     0.020294    99.413     0.014194    99.580    99.610
  60     0.021713    99.372     0.018657    99.450    99.610
  61     0.019660    99.422     0.015163    99.540    99.610
  62     0.020172    99.425     0.014066    99.640    99.640
  63     0.020179    99.418     0.019901    99.430    99.640
  64     0.020642    99.417     0.016951    99.470    99.640
  65     0.021603    99.355     0.019255    99.410    99.640
  66     0.019178    99.463     0.016914    99.470    99.640
  67     0.019479    99.412     0.016559    99.440    99.640
  68     0.020016    99.437     0.017694    99.500    99.640
  69     0.019167    99.433     0.027702    99.270    99.640
  70     0.019087    99.458     0.015464    99.530    99.640
  71     0.018631    99.473     0.015894    99.540    99.640
  72     0.018531    99.448     0.015171    99.570    99.640
  73     0.018292    99.488     0.017455    99.460    99.640
  74     0.018047    99.502     0.015676    99.500    99.640
  75     0.018898    99.450     0.016225    99.520    99.640
  76     0.018594    99.438     0.016803    99.560    99.640
  77     0.017562    99.485     0.016579    99.530    99.640
  78     0.017287    99.513     0.021513    99.460    99.640
  79     0.017609    99.495     0.015441    99.560    99.640
  80     0.017872    99.475     0.017278    99.420    99.640
  81     0.016484    99.520     0.014404    99.610    99.640
  82     0.017164    99.515     0.015227    99.610    99.640
  83     0.016491    99.528     0.015881    99.500    99.640
  84     0.015619    99.557     0.015039    99.590    99.640
  85     0.017084    99.493     0.015914    99.600    99.640
  86     0.015905    99.528     0.020390    99.330    99.640
  87     0.016279    99.562     0.015743    99.480    99.640
  88     0.015452    99.558     0.013875    99.610    99.640
  89     0.015723    99.537     0.014614    99.580    99.640
  90     0.016084    99.510     0.016183    99.570    99.640
  91     0.014282    99.607     0.013629    99.620    99.640
  92     0.014674    99.595     0.014221    99.650    99.650
  93     0.015081    99.583     0.018144    99.370    99.650
  94     0.014864    99.572     0.012861    99.600    99.650
  95     0.014435    99.598     0.013988    99.570    99.650
  96     0.014856    99.585     0.014301    99.600    99.650
  97     0.015351    99.555     0.013411    99.650    99.650
  98     0.014368    99.597     0.014503    99.550    99.650
  99     0.014531    99.587     0.012842    99.590    99.650
 100     0.014534    99.570     0.015492    99.570    99.650
 101     0.013544    99.593     0.013140    99.600    99.650
 102     0.014614    99.597     0.014373    99.570    99.650
 103     0.014579    99.575     0.013580    99.570    99.650
 104     0.013370    99.613     0.016134    99.550    99.650
 105     0.013357    99.627     0.013554    99.600    99.650
 106     0.013892    99.590     0.013950    99.540    99.650
 107     0.012737    99.650     0.013405    99.650    99.650
 108     0.013580    99.625     0.014635    99.550    99.650
 109     0.014086    99.598     0.013475    99.650    99.650
 110     0.013882    99.565     0.014268    99.540    99.650
 111     0.013681    99.615     0.013853    99.610    99.650
 112     0.012596    99.655     0.013822    99.620    99.650
 113     0.013697    99.602     0.014699    99.590    99.650
 114     0.012552    99.627     0.015278    99.540    99.650
 115     0.013817    99.607     0.014014    99.630    99.650
 116     0.012490    99.638     0.013367    99.660    99.660
 117     0.012392    99.665     0.013679    99.610    99.660
 118     0.012297    99.673     0.014938    99.540    99.660
 119     0.011953    99.653     0.014928    99.500    99.660
 120     0.011968    99.658     0.013924    99.600    99.660
 121     0.012495    99.660     0.014554    99.560    99.660
 122     0.012163    99.648     0.014491    99.540    99.660
 123     0.013050    99.647     0.014797    99.440    99.660
 124     0.011946    99.657     0.013252    99.550    99.660
 125     0.011275    99.695     0.014271    99.540    99.660
 126     0.011645    99.652     0.013079    99.590    99.660
 127     0.012494    99.673     0.013691    99.600    99.660
 128     0.011659    99.672     0.013446    99.620    99.660
 129     0.012957    99.645     0.014060    99.600    99.660
 130     0.012042    99.653     0.012893    99.660    99.660
 131     0.011970    99.658     0.014057    99.560    99.660
 132     0.011981    99.653     0.014155    99.600    99.660
 133     0.011967    99.685     0.013478    99.610    99.660
 134     0.011741    99.668     0.014505    99.560    99.660
 135     0.011280    99.677     0.013649    99.620    99.660
 136     0.011781    99.652     0.013632    99.580    99.660
 137     0.011210    99.713     0.013661    99.570    99.660
 138     0.012539    99.665     0.014120    99.550    99.660
 139     0.011395    99.670     0.012811    99.650    99.660
 140     0.011269    99.683     0.013509    99.600    99.660
 141     0.011437    99.660     0.013007    99.610    99.660
 142     0.011283    99.683     0.013218    99.610    99.660
 143     0.011745    99.642     0.013499    99.600    99.660
 144     0.010988    99.692     0.014311    99.570    99.660
 145     0.011425    99.672     0.013344    99.590    99.660
 146     0.010587    99.708     0.013632    99.620    99.660
 147     0.011766    99.675     0.014003    99.600    99.660
 148     0.010994    99.673     0.013399    99.630    99.660
 149     0.011066    99.688     0.013639    99.630    99.660
