   0     0.638790    88.770     0.260888    97.990    97.990
   1     0.286626    96.123     0.200621    98.160    98.160
   2     0.198031    96.902     0.206663    98.300    98.300
   3     0.152016    97.363     0.115511    98.820    98.820
   4     0.129985    97.520     0.079048    98.930    98.930
   5     0.109685    97.795     0.126105    97.990    98.930
   6     0.098936    97.860     0.457569    79.810    98.930
   7     0.088326    97.985     0.253685    93.080    98.930
   8     0.081555    98.083     0.089932    98.070    98.930
   9     0.074195    98.202     0.045375    99.020    99.020
  10     0.069099    98.287     0.063346    98.580    99.020
  11     0.067085    98.268     0.075461    98.340    99.020
  12     0.063575    98.367     0.047015    99.060    99.060
  13     0.060316    98.393     0.408090    84.870    99.060
  14     0.058971    98.423     0.071910    98.150    99.060
  15     0.055507    98.510     0.069748    98.220    99.060
  16     0.050700    98.625     0.084855    97.590    99.060
  17     0.051115    98.612     0.249841    91.030    99.060
  18     0.048865    98.677     0.047318    98.900    99.060
  19     0.047788    98.657     0.040850    98.950    99.060
  20     0.045593    98.742     0.023595    99.470    99.470
  21     0.046279    98.705     0.050379    98.870    99.470
  22     0.043330    98.762     0.028125    99.230    99.470
  23     0.040951    98.852     0.032091    99.170    99.470
  24     0.040461    98.860     0.148457    94.390    99.470
  25     0.039577    98.880     0.036629    98.950    99.470
  26     0.039721    98.860     0.027169    99.330    99.470
  27     0.039276    98.843     0.022616    99.410    99.470
  28     0.037199    98.942     0.017286    99.570    99.570
  29     0.035648    99.000     0.017886    99.500    99.570
  30     0.036188    98.917     0.017950    99.430    99.570
  31     0.034675    99.023     0.024462    99.330    99.570
  32     0.034224    98.947     0.019107    99.450    99.570
  33     0.034285    99.007     0.018800    99.480    99.570
  34     0.033370    99.062     0.021559    99.340    99.570
  35     0.032673    99.043     0.027506    99.200    99.570
  36     0.030929    99.102     0.015993    99.540    99.570
  37     0.031464    99.097     0.020819    99.410    99.570
  38     0.030547    99.153     0.018464    99.450    99.570
  39     0.029695    99.133     0.047864    98.910    99.570
  40     0.028477    99.143     0.023552    99.460    99.570
  41     0.028632    99.175     0.028175    99.250    99.570
  42     0.028472    99.193     0.014982    99.510    99.570
  43     0.029416    99.137     0.031072    99.040    99.570
  44     0.026698    99.213     0.019589    99.420    99.570
  45     0.026748    99.222     0.021810    99.420    99.570
  46     0.025826    99.270     0.020319    99.430    99.570
  47     0.025634    99.270     0.018466    99.480    99.570
  48     0.025463    99.248     0.014473    99.560    99.570
  49     0.024967    99.262     0.026141    99.200    99.570
  50     0.024863    99.242     0.021379    99.410    99.570
  51     0.024101    99.278     0.021290    99.270    99.570
  52     0.025021    99.270     0.017019    99.480    99.570
  53     0.024390    99.300     0.017383    99.500    99.570
  54     0.022914    99.313     0.015148    99.560    99.570
  55     0.022703    99.357     0.019375    99.420    99.570
  56     0.023345    99.302     0.023452    99.330    99.570
  57     0.021670    99.367     0.017344    99.500    99.570
  58     0.023346    99.337     0.014425    99.580    99.580
  59     0.022222    99.357     0.013133    99.590    99.590
  60     0.023440    99.335     0.013977    99.520    99.590
  61     0.021865    99.375     0.016588    99.510    99.590
  62     0.022423    99.360     0.014479    99.550    99.590
  63     0.019689    99.398     0.016605    99.490    99.590
  64     0.021509    99.350     0.015704    99.450    99.590
  65     0.021122    99.387     0.017388    99.500    99.590
  66     0.019386    99.440     0.013536    99.560    99.590
  67     0.020789    99.388     0.015249    99.570    99.590
  68     0.019535    99.448     0.014417    99.490    99.590
  69     0.019429    99.472     0.015160    99.530    99.590
  70     0.018760    99.477     0.015756    99.530    99.590
  71     0.019797    99.412     0.017446    99.470    99.590
  72     0.019596    99.422     0.013629    99.580    99.590
  73     0.018261    99.452     0.016045    99.490    99.590
  74     0.018513    99.447     0.014597    99.510    99.590
  75     0.017475    99.472     0.012931    99.550    99.590
  76     0.018628    99.440     0.015884    99.510    99.590
  77     0.017564    99.487     0.014330    99.540    99.590
  78     0.017836    99.462     0.013942    99.560    99.590
  79     0.018062    99.507     0.016019    99.490    99.590
  80     0.017276    99.490     0.013230    99.560    99.590
  81     0.017111    99.510     0.015204    99.540    99.590
  82     0.016733    99.522     0.014233    99.550    99.590
  83     0.015038    99.575     0.013551    99.490    99.590
  84     0.016363    99.517     0.013924    99.560    99.590
  85     0.016153    99.522     0.016884    99.480    99.590
  86     0.016457    99.520     0.017345    99.540    99.590
  87     0.015608    99.552     0.014763    99.530    99.590
  88     0.016339    99.500     0.013339    99.550    99.590
  89     0.015731    99.567     0.013743    99.520    99.590
  90     0.016062    99.523     0.013852    99.500    99.590
  91     0.016630    99.492     0.013755    99.520    99.590
  92     0.016432    99.507     0.014059    99.530    99.590
  93     0.015023    99.583     0.014147    99.570    99.590
  94     0.015247    99.542     0.014503    99.550    99.590
  95     0.015187    99.548     0.012716    99.560    99.590
  96     0.014725    99.595     0.013426    99.610    99.610
  97     0.014447    99.613     0.012585    99.570    99.610
  98     0.014321    99.587     0.013529    99.520    99.610
  99     0.014886    99.548     0.013488    99.550    99.610
 100     0.014255    99.580     0.014012    99.550    99.610
 101     0.015395    99.560     0.013321    99.560    99.610
 102     0.014409    99.592     0.012691    99.600    99.610
 103     0.013923    99.593     0.013573    99.560    99.610
 104     0.014119    99.597     0.013545    99.540    99.610
 105     0.014677    99.600     0.013505    99.540    99.610
 106     0.014047    99.635     0.015059    99.490    99.610
 107     0.015229    99.568     0.013717    99.510    99.610
 108     0.013594    99.608     0.015021    99.460    99.610
 109     0.013738    99.615     0.012495    99.500    99.610
 110     0.013335    99.605     0.013527    99.550    99.610
 111     0.013352    99.642     0.014453    99.530    99.610
 112     0.013900    99.603     0.013842    99.530    99.610
 113     0.012910    99.623     0.013147    99.540    99.610
 114     0.014143    99.583     0.013695    99.500    99.610
 115     0.013335    99.613     0.012811    99.580    99.610
 116     0.014049    99.572     0.013062    99.580    99.610
 117     0.012409    99.670     0.012757    99.560    99.610
 118     0.012741    99.637     0.012249    99.580    99.610
 119     0.012605    99.632     0.013690    99.530    99.610
 120     0.013183    99.622     0.011779    99.590    99.610
 121     0.012134    99.692     0.012801    99.540    99.610
 122     0.011893    99.682     0.013064    99.560    99.610
 123     0.012673    99.630     0.016121    99.460    99.610
 124     0.012281    99.643     0.014970    99.520    99.610
 125     0.012820    99.622     0.014719    99.520    99.610
 126     0.012112    99.670     0.014142    99.530    99.610
 127     0.013103    99.630     0.014034    99.540    99.610
 128     0.012163    99.682     0.013311    99.570    99.610
 129     0.012193    99.632     0.012766    99.580    99.610
 130     0.011767    99.670     0.013214    99.540    99.610
 131     0.012640    99.622     0.013130    99.600    99.610
 132     0.012108    99.643     0.013237    99.550    99.610
 133     0.011939    99.662     0.012736    99.560    99.610
 134     0.011644    99.667     0.012138    99.570    99.610
 135     0.012185    99.640     0.013878    99.470    99.610
 136     0.011206    99.707     0.012769    99.580    99.610
 137     0.011671    99.672     0.012149    99.600    99.610
 138     0.012378    99.638     0.012421    99.550    99.610
 139     0.011923    99.663     0.012992    99.580    99.610
 140     0.011301    99.690     0.012088    99.570    99.610
 141     0.011590    99.653     0.013143    99.540    99.610
 142     0.011400    99.670     0.012138    99.610    99.610
 143     0.011649    99.670     0.012339    99.610    99.610
 144     0.012105    99.675     0.012920    99.520    99.610
 145     0.011019    99.685     0.012206    99.560    99.610
 146     0.011615    99.700     0.011810    99.610    99.610
 147     0.011336    99.663     0.012786    99.620    99.620
 148     0.010555    99.732     0.012003    99.620    99.620
 149     0.010488    99.727     0.012475    99.580    99.620
