   0     0.637604    88.977     0.290382    97.790    97.790
   1     0.281690    96.208     0.211790    97.630    97.790
   2     0.193880    97.047     0.222641    97.880    97.880
   3     0.150184    97.440     0.112840    98.340    98.340
   4     0.124276    97.698     0.087010    98.970    98.970
   5     0.108385    97.790     0.174350    96.080    98.970
   6     0.097301    97.955     0.106746    98.420    98.970
   7     0.086594    98.047     0.231311    93.390    98.970
   8     0.080675    98.120     0.070972    98.560    98.970
   9     0.075516    98.132     0.059188    98.810    98.970
  10     0.068673    98.293     0.055492    98.830    98.970
  11     0.066131    98.323     0.076984    98.280    98.970
  12     0.061858    98.430     0.059491    98.790    98.970
  13     0.058353    98.472     0.041620    99.010    99.010
  14     0.055534    98.483     0.065581    98.340    99.010
  15     0.055030    98.525     0.065558    98.180    99.010
  16     0.051378    98.665     0.053581    98.820    99.010
  17     0.050025    98.638     0.060501    98.400    99.010
  18     0.046981    98.722     0.128395    96.510    99.010
  19     0.049375    98.577     0.064362    98.600    99.010
  20     0.045874    98.762     0.051175    99.030    99.030
  21     0.043177    98.793     0.033538    99.230    99.230
  22     0.044507    98.705     0.047268    98.770    99.230
  23     0.040874    98.845     0.046062    98.770    99.230
  24     0.040730    98.882     0.024520    99.270    99.270
  25     0.038629    98.923     0.027504    99.210    99.270
  26     0.039011    98.878     0.038519    99.050    99.270
  27     0.038257    98.880     0.021149    99.370    99.370
  28     0.037176    98.950     0.043031    98.670    99.370
  29     0.037514    98.912     0.025357    99.310    99.370
  30     0.036952    98.900     0.022009    99.340    99.370
  31     0.033903    99.082     0.025627    99.270    99.370
  32     0.032225    99.047     0.076194    97.720    99.370
  33     0.033322    99.000     0.017838    99.410    99.410
  34     0.033936    99.022     0.061898    98.080    99.410
  35     0.032710    99.080     0.019112    99.380    99.410
  36     0.030337    99.108     0.027015    99.160    99.410
  37     0.031656    99.068     0.021476    99.460    99.460
  38     0.029641    99.172     0.019410    99.340    99.460
  39     0.029687    99.132     0.022249    99.340    99.460
  40     0.027106    99.265     0.023096    99.290    99.460
  41     0.029253    99.142     0.027260    99.240    99.460
  42     0.028548    99.138     0.029250    99.220    99.460
  43     0.027051    99.202     0.029826    99.200    99.460
  44     0.026635    99.258     0.016691    99.460    99.460
  45     0.026631    99.253     0.019344    99.350    99.460
  46     0.025388    99.237     0.016197    99.560    99.560
  47     0.025649    99.242     0.016434    99.550    99.560
  48     0.024828    99.272     0.025224    99.350    99.560
  49     0.024003    99.322     0.019995    99.330    99.560
  50     0.023428    99.352     0.019405    99.430    99.560
  51     0.023690    99.318     0.023106    99.280    99.560
  52     0.023859    99.297     0.025190    99.250    99.560
  53     0.022216    99.338     0.015477    99.520    99.560
  54     0.023905    99.300     0.015007    99.520    99.560
  55     0.022322    99.323     0.014454    99.580    99.580
  56     0.022245    99.358     0.019556    99.340    99.580
  57     0.022112    99.363     0.016558    99.450    99.580
  58     0.022062    99.367     0.021195    99.400    99.580
  59     0.020593    99.375     0.021866    99.270    99.580
  60     0.022304    99.372     0.018870    99.510    99.580
  61     0.020593    99.402     0.015288    99.530    99.580
  62     0.021764    99.362     0.014698    99.490    99.580
  63     0.020035    99.403     0.015526    99.480    99.580
  64     0.021329    99.362     0.019190    99.390    99.580
  65     0.019437    99.448     0.015055    99.560    99.580
  66     0.019089    99.455     0.014925    99.530    99.580
  67     0.018883    99.452     0.016248    99.510    99.580
  68     0.019205    99.433     0.017162    99.460    99.580
  69     0.018174    99.462     0.014204    99.590    99.590
  70     0.018357    99.473     0.026924    99.210    99.590
  71     0.019144    99.455     0.016697    99.520    99.590
  72     0.017388    99.520     0.024191    99.360    99.590
  73     0.018045    99.472     0.015028    99.490    99.590
  74     0.017511    99.497     0.013124    99.580    99.590
  75     0.017517    99.510     0.015454    99.530    99.590
  76     0.017393    99.465     0.013895    99.550    99.590
  77     0.017227    99.507     0.014724    99.550    99.590
  78     0.016789    99.508     0.017172    99.430    99.590
  79     0.018190    99.472     0.012817    99.610    99.610
  80     0.017206    99.480     0.021075    99.350    99.610
  81     0.016967    99.518     0.013302    99.620    99.620
  82     0.016684    99.515     0.019216    99.380    99.620
  83     0.016500    99.493     0.016987    99.430    99.620
  84     0.014962    99.600     0.014916    99.500    99.620
  85     0.014499    99.585     0.015209    99.580    99.620
  86     0.015154    99.573     0.016045    99.490    99.620
  87     0.014852    99.592     0.016128    99.470    99.620
  88     0.015730    99.557     0.015201    99.520    99.620
  89     0.015773    99.540     0.017199    99.420    99.620
  90     0.014801    99.580     0.015168    99.510    99.620
  91     0.014774    99.558     0.014560    99.510    99.620
  92     0.015213    99.580     0.015879    99.410    99.620
  93     0.014900    99.577     0.014992    99.520    99.620
  94     0.015753    99.520     0.015179    99.490    99.620
  95     0.014958    99.555     0.013428    99.590    99.620
  96     0.014160    99.587     0.014370    99.550    99.620
  97     0.014573    99.597     0.013786    99.590    99.620
  98     0.013886    99.595     0.014765    99.580    99.620
  99     0.013532    99.613     0.013734    99.620    99.620
 100     0.014847    99.597     0.013554    99.570    99.620
 101     0.014193    99.602     0.013950    99.570    99.620
 102     0.014021    99.597     0.013207    99.560    99.620
 103     0.014407    99.623     0.014491    99.540    99.620
 104     0.014423    99.600     0.014237    99.570    99.620
 105     0.013446    99.592     0.014416    99.560    99.620
 106     0.013011    99.650     0.014067    99.530    99.620
 107     0.013516    99.618     0.014207    99.530    99.620
 108     0.013305    99.618     0.014775    99.560    99.620
 109     0.013464    99.593     0.014860    99.520    99.620
 110     0.013930    99.622     0.013953    99.570    99.620
 111     0.012682    99.662     0.014915    99.540    99.620
 112     0.013426    99.588     0.015616    99.520    99.620
 113     0.012787    99.650     0.014666    99.550    99.620
 114     0.012956    99.650     0.014195    99.540    99.620
 115     0.012669    99.635     0.014309    99.540    99.620
 116     0.012275    99.657     0.013772    99.600    99.620
 117     0.012330    99.668     0.014517    99.580    99.620
 118     0.012967    99.640     0.013393    99.610    99.620
 119     0.012836    99.653     0.014139    99.600    99.620
 120     0.012609    99.663     0.013890    99.570    99.620
 121     0.012143    99.660     0.013518    99.600    99.620
 122     0.012476    99.643     0.015733    99.530    99.620
 123     0.011479    99.690     0.013503    99.620    99.620
 124     0.012224    99.647     0.014723    99.500    99.620
 125     0.011392    99.705     0.013626    99.590    99.620
 126     0.012178    99.643     0.013328    99.620    99.620
 127     0.011472    99.653     0.014147    99.550    99.620
 128     0.011291    99.702     0.014648    99.530    99.620
 129     0.011883    99.662     0.013803    99.550    99.620
 130     0.012433    99.643     0.013991    99.540    99.620
 131     0.011820    99.678     0.013870    99.570    99.620
 132     0.011169    99.717     0.013532    99.620    99.620
 133     0.011448    99.672     0.014410    99.580    99.620
 134     0.010966    99.708     0.014298    99.490    99.620
 135     0.011587    99.672     0.016454    99.500    99.620
 136     0.011329    99.705     0.014825    99.510    99.620
 137     0.011534    99.667     0.015094    99.510    99.620
 138     0.010578    99.692     0.014288    99.580    99.620
 139     0.011128    99.687     0.013567    99.540    99.620
 140     0.010938    99.688     0.015429    99.470    99.620
 141     0.011614    99.670     0.014483    99.530    99.620
 142     0.011210    99.692     0.015143    99.530    99.620
 143     0.011578    99.688     0.014336    99.560    99.620
 144     0.010314    99.712     0.013982    99.500    99.620
 145     0.010902    99.685     0.013493    99.620    99.620
 146     0.011584    99.658     0.013800    99.580    99.620
 147     0.010807    99.693     0.014155    99.570    99.620
 148     0.010960    99.690     0.014521    99.530    99.620
 149     0.011328    99.687     0.014115    99.560    99.620
