   0     0.639010    88.922     0.300713    97.860    97.860
   1     0.281390    96.272     0.188180    98.580    98.580
   2     0.194354    97.017     0.110589    99.110    99.110
   3     0.150798    97.423     0.099248    98.950    99.110
   4     0.124078    97.683     0.101820    98.550    99.110
   5     0.108676    97.777     0.131623    97.590    99.110
   6     0.096741    97.898     0.075459    98.720    99.110
   7     0.087498    98.042     0.105338    97.850    99.110
   8     0.079390    98.128     0.078970    98.340    99.110
   9     0.075692    98.168     0.069203    98.650    99.110
  10     0.069771    98.243     0.053865    98.940    99.110
  11     0.067531    98.308     0.057295    98.750    99.110
  12     0.062111    98.345     0.049261    98.950    99.110
  13     0.059257    98.468     0.042597    99.240    99.240
  14     0.055432    98.517     0.041145    99.300    99.300
  15     0.053561    98.563     0.072218    98.220    99.300
  16     0.050902    98.578     0.233423    92.690    99.300
  17     0.053519    98.503     0.044855    99.060    99.300
  18     0.048744    98.622     0.028416    99.350    99.350
  19     0.046735    98.693     0.036620    98.950    99.350
  20     0.044288    98.790     0.236077    91.120    99.350
  21     0.046389    98.642     0.028138    99.240    99.350
  22     0.044638    98.758     0.051861    98.650    99.350
  23     0.042852    98.730     0.060030    98.330    99.350
  24     0.040191    98.855     0.065045    98.370    99.350
  25     0.038865    98.935     0.044113    98.780    99.350
  26     0.039324    98.913     0.028038    99.340    99.350
  27     0.038350    98.925     0.029022    99.100    99.350
  28     0.036548    98.973     0.022942    99.240    99.350
  29     0.035690    99.037     0.029196    99.220    99.350
  30     0.035728    98.960     0.038360    99.090    99.350
  31     0.035237    98.975     0.022236    99.280    99.350
  32     0.033977    99.070     0.028272    99.330    99.350
  33     0.032485    99.065     0.037250    98.990    99.350
  34     0.031354    99.103     0.020536    99.330    99.350
  35     0.030636    99.117     0.031004    99.090    99.350
  36     0.032205    99.080     0.020525    99.450    99.450
  37     0.029321    99.132     0.017673    99.540    99.540
  38     0.027668    99.182     0.022014    99.430    99.540
  39     0.030706    99.112     0.018629    99.520    99.540
  40     0.029550    99.108     0.022487    99.240    99.540
  41     0.028107    99.213     0.030050    99.060    99.540
  42     0.027390    99.200     0.018408    99.490    99.540
  43     0.026809    99.218     0.016507    99.530    99.540
  44     0.028003    99.190     0.015170    99.500    99.540
  45     0.026894    99.185     0.032210    98.970    99.540
  46     0.025739    99.247     0.021006    99.320    99.540
  47     0.025066    99.240     0.014450    99.520    99.540
  48     0.024529    99.267     0.014160    99.560    99.560
  49     0.025196    99.267     0.021456    99.370    99.560
  50     0.023144    99.352     0.018435    99.490    99.560
  51     0.024877    99.282     0.026908    99.310    99.560
  52     0.024063    99.315     0.013526    99.560    99.560
  53     0.021600    99.405     0.022847    99.200    99.560
  54     0.023894    99.285     0.017547    99.460    99.560
  55     0.023156    99.315     0.018593    99.430    99.560
  56     0.021036    99.405     0.014519    99.530    99.560
  57     0.022421    99.348     0.014701    99.530    99.560
  58     0.021733    99.370     0.022092    99.300    99.560
  59     0.020419    99.423     0.015342    99.520    99.560
  60     0.020668    99.410     0.019726    99.400    99.560
  61     0.023144    99.318     0.014382    99.540    99.560
  62     0.019588    99.448     0.050605    98.390    99.560
  63     0.020756    99.350     0.012357    99.650    99.650
  64     0.019742    99.402     0.019036    99.440    99.650
  65     0.020013    99.443     0.016751    99.440    99.650
  66     0.019978    99.435     0.013822    99.500    99.650
  67     0.018133    99.487     0.015483    99.460    99.650
  68     0.020040    99.405     0.016105    99.480    99.650
  69     0.019861    99.423     0.015483    99.480    99.650
  70     0.018680    99.455     0.019121    99.370    99.650
  71     0.019478    99.415     0.015090    99.530    99.650
  72     0.018264    99.490     0.012070    99.580    99.650
  73     0.017928    99.497     0.014703    99.530    99.650
  74     0.016516    99.562     0.015912    99.550    99.650
  75     0.017828    99.452     0.015091    99.510    99.650
  76     0.017854    99.457     0.018463    99.380    99.650
  77     0.017017    99.505     0.014217    99.560    99.650
  78     0.016807    99.493     0.017372    99.440    99.650
  79     0.017446    99.493     0.015347    99.510    99.650
  80     0.016553    99.512     0.017483    99.430    99.650
  81     0.015387    99.588     0.015732    99.470    99.650
  82     0.016354    99.528     0.014557    99.480    99.650
  83     0.016741    99.537     0.015879    99.450    99.650
  84     0.016317    99.532     0.012465    99.580    99.650
  85     0.015854    99.547     0.013136    99.540    99.650
  86     0.016980    99.513     0.014547    99.460    99.650
  87     0.015779    99.567     0.014267    99.540    99.650
  88     0.016130    99.533     0.013143    99.590    99.650
  89     0.015491    99.507     0.013841    99.590    99.650
  90     0.016513    99.502     0.014690    99.520    99.650
  91     0.015333    99.542     0.013587    99.580    99.650
  92     0.016220    99.513     0.013541    99.580    99.650
  93     0.015162    99.530     0.012608    99.610    99.650
  94     0.014665    99.577     0.014195    99.550    99.650
  95     0.015229    99.583     0.014276    99.540    99.650
  96     0.015458    99.567     0.013056    99.570    99.650
  97     0.014350    99.580     0.014754    99.510    99.650
  98     0.014012    99.612     0.014129    99.540    99.650
  99     0.014643    99.573     0.013569    99.540    99.650
 100     0.013917    99.590     0.012194    99.580    99.650
 101     0.013924    99.608     0.014448    99.450    99.650
 102     0.014020    99.585     0.014210    99.480    99.650
 103     0.014593    99.572     0.013197    99.580    99.650
 104     0.013836    99.630     0.012989    99.530    99.650
 105     0.013028    99.647     0.012274    99.610    99.650
 106     0.012786    99.635     0.013064    99.570    99.650
 107     0.012823    99.670     0.013089    99.540    99.650
 108     0.013711    99.610     0.013876    99.500    99.650
 109     0.013368    99.632     0.012565    99.560    99.650
 110     0.013433    99.618     0.012469    99.550    99.650
 111     0.013716    99.612     0.014506    99.500    99.650
 112     0.013263    99.610     0.016126    99.450    99.650
 113     0.012492    99.637     0.013678    99.530    99.650
 114     0.013015    99.655     0.014299    99.470    99.650
 115     0.012651    99.653     0.013080    99.530    99.650
 116     0.012881    99.648     0.012723    99.560    99.650
 117     0.013474    99.603     0.014843    99.520    99.650
 118     0.013047    99.640     0.011562    99.590    99.650
 119     0.012198    99.647     0.012545    99.560    99.650
 120     0.013177    99.607     0.012826    99.560    99.650
 121     0.013241    99.622     0.014018    99.540    99.650
 122     0.011933    99.653     0.012687    99.530    99.650
 123     0.011704    99.682     0.012529    99.540    99.650
 124     0.012251    99.653     0.011725    99.620    99.650
 125     0.011427    99.685     0.012042    99.570    99.650
 126     0.011710    99.670     0.012490    99.590    99.650
 127     0.011942    99.667     0.012116    99.640    99.650
 128     0.011383    99.670     0.011789    99.640    99.650
 129     0.011926    99.672     0.013218    99.570    99.650
 130     0.011361    99.708     0.013620    99.530    99.650
 131     0.012026    99.658     0.011982    99.620    99.650
 132     0.011642    99.648     0.012231    99.570    99.650
 133     0.011292    99.685     0.013643    99.530    99.650
 134     0.012124    99.628     0.013032    99.600    99.650
 135     0.011345    99.695     0.012346    99.590    99.650
 136     0.012635    99.672     0.012053    99.570    99.650
 137     0.010767    99.703     0.011377    99.630    99.650
 138     0.011465    99.685     0.012340    99.580    99.650
 139     0.012075    99.660     0.013232    99.550    99.650
 140     0.011270    99.672     0.013213    99.550    99.650
 141     0.012232    99.668     0.012581    99.590    99.650
 142     0.010517    99.708     0.011464    99.650    99.650
 143     0.011341    99.690     0.012343    99.590    99.650
 144     0.010892    99.678     0.012223    99.570    99.650
 145     0.010792    99.702     0.011992    99.610    99.650
 146     0.011466    99.665     0.012188    99.590    99.650
 147     0.011431    99.668     0.011594    99.660    99.660
 148     0.010838    99.692     0.012190    99.600    99.660
 149     0.011908    99.650     0.012654    99.570    99.660
