   0     0.627075    89.288     0.268328    97.950    97.950
   1     0.281621    96.163     0.194594    98.410    98.410
   2     0.196211    96.962     0.190026    98.150    98.410
   3     0.150123    97.470     0.137686    98.210    98.410
   4     0.126838    97.608     0.104140    98.540    98.540
   5     0.108254    97.860     0.121960    98.010    98.540
   6     0.096982    97.927     0.084499    98.240    98.540
   7     0.088516    98.018     0.078656    98.610    98.610
   8     0.082126    98.105     0.102193    97.840    98.610
   9     0.072211    98.340     0.071233    98.410    98.610
  10     0.070223    98.278     0.088035    97.890    98.610
  11     0.065970    98.275     0.044578    98.860    98.860
  12     0.062358    98.378     0.548290    80.420    98.860
  13     0.059342    98.447     0.210531    93.840    98.860
  14     0.058127    98.423     0.098622    97.540    98.860
  15     0.052970    98.625     0.072805    98.320    98.860
  16     0.052756    98.532     0.035952    99.040    99.040
  17     0.051549    98.552     0.029998    99.260    99.260
  18     0.047731    98.697     0.045057    99.080    99.260
  19     0.046798    98.718     0.083506    97.890    99.260
  20     0.046787    98.665     0.035418    99.150    99.260
  21     0.043300    98.755     0.032893    99.150    99.260
  22     0.042697    98.737     0.057644    98.680    99.260
  23     0.041545    98.817     0.030150    99.250    99.260
  24     0.040332    98.843     0.022818    99.370    99.370
  25     0.039775    98.867     0.053855    98.810    99.370
  26     0.039961    98.872     0.033977    98.950    99.370
  27     0.038599    98.843     0.040452    99.140    99.370
  28     0.036442    98.960     0.039643    99.040    99.370
  29     0.037698    98.905     0.037582    98.780    99.370
  30     0.034892    99.032     0.017516    99.530    99.530
  31     0.035317    98.985     0.027578    99.220    99.530
  32     0.034539    99.032     0.022208    99.380    99.530
  33     0.033632    99.017     0.016424    99.530    99.530
  34     0.032694    99.035     0.016983    99.530    99.530
  35     0.032649    99.082     0.018312    99.520    99.530
  36     0.032215    98.985     0.056121    98.740    99.530
  37     0.030824    99.108     0.016814    99.560    99.560
  38     0.031527    99.112     0.030521    99.100    99.560
  39     0.028951    99.160     0.019995    99.400    99.560
  40     0.029311    99.168     0.035238    99.050    99.560
  41     0.028542    99.177     0.075027    97.450    99.560
  42     0.028532    99.150     0.019829    99.430    99.560
  43     0.027646    99.218     0.019216    99.420    99.560
  44     0.027580    99.200     0.020481    99.340    99.560
  45     0.027410    99.227     0.019179    99.450    99.560
  46     0.025503    99.277     0.022785    99.270    99.560
  47     0.025950    99.265     0.016831    99.510    99.560
  48     0.025477    99.270     0.016631    99.590    99.590
  49     0.026473    99.175     0.017919    99.460    99.590
  50     0.024546    99.303     0.021094    99.400    99.590
  51     0.023968    99.287     0.021170    99.340    99.590
  52     0.024080    99.318     0.016203    99.550    99.590
  53     0.025365    99.253     0.017655    99.440    99.590
  54     0.023450    99.338     0.015395    99.570    99.590
  55     0.023317    99.355     0.021898    99.360    99.590
  56     0.022280    99.372     0.017234    99.470    99.590
  57     0.022032    99.338     0.029316    99.310    99.590
  58     0.020762    99.423     0.017804    99.410    99.590
  59     0.022064    99.365     0.018345    99.480    99.590
  60     0.020853    99.407     0.017324    99.480    99.590
  61     0.020828    99.385     0.016379    99.560    99.590
  62     0.021409    99.353     0.015265    99.550    99.590
  63     0.020844    99.365     0.018102    99.460    99.590
  64     0.020720    99.388     0.023251    99.400    99.590
  65     0.020686    99.402     0.015360    99.630    99.630
  66     0.019783    99.400     0.023139    99.390    99.630
  67     0.020026    99.417     0.017264    99.520    99.630
  68     0.018699    99.460     0.015557    99.520    99.630
  69     0.018505    99.468     0.021181    99.320    99.630
  70     0.018549    99.473     0.016457    99.510    99.630
  71     0.018303    99.453     0.015076    99.500    99.630
  72     0.018133    99.462     0.018062    99.480    99.630
  73     0.018500    99.448     0.015126    99.510    99.630
  74     0.018745    99.445     0.021790    99.310    99.630
  75     0.018264    99.448     0.013984    99.570    99.630
  76     0.018065    99.483     0.017436    99.530    99.630
  77     0.017320    99.493     0.014072    99.500    99.630
  78     0.016190    99.535     0.014333    99.500    99.630
  79     0.016557    99.522     0.015725    99.500    99.630
  80     0.017070    99.530     0.015910    99.510    99.630
  81     0.018186    99.492     0.015043    99.540    99.630
  82     0.016871    99.493     0.018323    99.440    99.630
  83     0.016528    99.525     0.013510    99.620    99.630
  84     0.017256    99.502     0.016060    99.490    99.630
  85     0.015780    99.527     0.014778    99.550    99.630
  86     0.016046    99.532     0.014053    99.550    99.630
  87     0.015946    99.538     0.016900    99.390    99.630
  88     0.016025    99.538     0.015131    99.570    99.630
  89     0.015898    99.543     0.015464    99.480    99.630
  90     0.015698    99.545     0.017210    99.490    99.630
  91     0.015884    99.515     0.013391    99.520    99.630
  92     0.016378    99.533     0.014038    99.500    99.630
  93     0.015423    99.527     0.013219    99.580    99.630
  94     0.015197    99.577     0.014618    99.560    99.630
  95     0.015831    99.552     0.014341    99.540    99.630
  96     0.015274    99.562     0.015822    99.510    99.630
  97     0.013785    99.597     0.015326    99.540    99.630
  98     0.014746    99.560     0.016499    99.450    99.630
  99     0.015363    99.540     0.014767    99.560    99.630
 100     0.014593    99.570     0.015210    99.470    99.630
 101     0.013869    99.603     0.015131    99.490    99.630
 102     0.013713    99.643     0.015626    99.500    99.630
 103     0.014220    99.615     0.016102    99.510    99.630
 104     0.014210    99.607     0.014579    99.550    99.630
 105     0.013724    99.595     0.015100    99.520    99.630
 106     0.013962    99.597     0.015191    99.540    99.630
 107     0.013564    99.625     0.015483    99.530    99.630
 108     0.013729    99.615     0.016202    99.460    99.630
 109     0.013916    99.618     0.014655    99.500    99.630
 110     0.014095    99.583     0.013841    99.580    99.630
 111     0.012043    99.673     0.016071    99.520    99.630
 112     0.011489    99.723     0.013990    99.500    99.630
 113     0.012850    99.652     0.015613    99.450    99.630
 114     0.012797    99.617     0.014150    99.500    99.630
 115     0.012780    99.645     0.013715    99.500    99.630
 116     0.013273    99.627     0.014784    99.510    99.630
 117     0.013143    99.628     0.014220    99.530    99.630
 118     0.013531    99.628     0.014473    99.530    99.630
 119     0.011718    99.683     0.013521    99.550    99.630
 120     0.013161    99.637     0.013629    99.540    99.630
 121     0.012838    99.642     0.014149    99.520    99.630
 122     0.012760    99.630     0.014144    99.540    99.630
 123     0.011773    99.688     0.013858    99.560    99.630
 124     0.011821    99.672     0.013726    99.620    99.630
 125     0.012269    99.670     0.013242    99.570    99.630
 126     0.012801    99.620     0.013351    99.570    99.630
 127     0.012767    99.627     0.014128    99.520    99.630
 128     0.012206    99.652     0.013998    99.510    99.630
 129     0.011988    99.655     0.014092    99.520    99.630
 130     0.012031    99.628     0.013722    99.540    99.630
 131     0.011900    99.657     0.013126    99.580    99.630
 132     0.012049    99.658     0.013801    99.520    99.630
 133     0.011955    99.672     0.014301    99.520    99.630
 134     0.011996    99.675     0.013001    99.580    99.630
 135     0.011782    99.660     0.013852    99.510    99.630
 136     0.011854    99.672     0.013992    99.530    99.630
 137     0.012045    99.652     0.014196    99.500    99.630
 138     0.010964    99.728     0.013464    99.520    99.630
 139     0.010855    99.697     0.014525    99.450    99.630
 140     0.012370    99.647     0.014261    99.500    99.630
 141     0.012249    99.637     0.014586    99.510    99.630
 142     0.011772    99.627     0.014211    99.530    99.630
 143     0.010912    99.700     0.013566    99.520    99.630
 144     0.011315    99.688     0.014511    99.530    99.630
 145     0.010359    99.708     0.014101    99.540    99.630
 146     0.011539    99.687     0.014545    99.530    99.630
 147     0.010560    99.713     0.014575    99.530    99.630
 148     0.010851    99.707     0.014020    99.560    99.630
 149     0.011386    99.673     0.014112    99.490    99.630
