   0     0.628695    89.225     0.384114    95.480    95.480
   1     0.283254    96.245     0.248300    97.120    97.120
   2     0.194176    97.077     0.197691    97.350    97.350
   3     0.153256    97.303     0.216031    96.920    97.350
   4     0.125248    97.698     0.092560    98.910    98.910
   5     0.110080    97.768     0.109089    98.330    98.910
   6     0.097844    97.892     0.122108    98.060    98.910
   7     0.088947    98.038     0.136868    96.430    98.910
   8     0.081922    98.048     0.078871    98.710    98.910
   9     0.074602    98.178     0.051622    99.100    99.100
  10     0.071001    98.165     0.097449    98.510    99.100
  11     0.066524    98.340     0.207715    94.180    99.100
  12     0.062402    98.427     0.049676    98.950    99.100
  13     0.058455    98.477     0.031066    99.300    99.300
  14     0.057829    98.435     0.061759    99.170    99.300
  15     0.054550    98.555     0.037619    99.240    99.300
  16     0.052863    98.608     0.032176    99.140    99.300
  17     0.052167    98.530     0.035578    99.080    99.300
  18     0.049755    98.675     0.038647    99.100    99.300
  19     0.048388    98.593     0.031456    99.090    99.300
  20     0.045202    98.735     0.046585    98.900    99.300
  21     0.044276    98.770     0.136917    94.130    99.300
  22     0.043397    98.802     0.049039    98.890    99.300
  23     0.042343    98.810     0.078595    98.130    99.300
  24     0.042272    98.812     0.024771    99.280    99.300
  25     0.038211    98.973     0.021877    99.470    99.470
  26     0.039954    98.883     0.035729    99.000    99.470
  27     0.038986    98.847     0.024612    99.400    99.470
  28     0.038144    98.907     0.021729    99.400    99.470
  29     0.036693    98.942     0.033242    98.990    99.470
  30     0.035815    98.955     0.020926    99.520    99.520
  31     0.032069    99.143     0.025411    99.190    99.520
  32     0.033157    99.055     0.016078    99.570    99.570
  33     0.032663    99.038     0.030780    99.050    99.570
  34     0.033426    99.027     0.025549    99.170    99.570
  35     0.030501    99.145     0.019259    99.430    99.570
  36     0.032634    99.035     0.021161    99.420    99.570
  37     0.030051    99.130     0.019997    99.440    99.570
  38     0.030817    99.047     0.022604    99.390    99.570
  39     0.029356    99.157     0.015433    99.480    99.570
  40     0.029468    99.130     0.039310    98.780    99.570
  41     0.028629    99.192     0.032614    99.120    99.570
  42     0.028082    99.187     0.014975    99.510    99.570
  43     0.026592    99.200     0.021688    99.380    99.570
  44     0.026635    99.225     0.021153    99.480    99.570
  45     0.027348    99.210     0.021292    99.400    99.570
  46     0.025168    99.272     0.024422    99.230    99.570
  47     0.025770    99.283     0.019476    99.350    99.570
  48     0.025002    99.323     0.018931    99.390    99.570
  49     0.025470    99.243     0.016685    99.430    99.570
  50     0.024256    99.275     0.020224    99.350    99.570
  51     0.024783    99.238     0.015596    99.480    99.570
  52     0.024308    99.288     0.016838    99.480    99.570
  53     0.023090    99.313     0.014400    99.550    99.570
  54     0.023115    99.332     0.018430    99.430    99.570
  55     0.023124    99.330     0.027129    99.210    99.570
  56     0.021340    99.392     0.015857    99.450    99.570
  57     0.022363    99.350     0.020673    99.330    99.570
  58     0.022543    99.300     0.021308    99.360    99.570
  59     0.020953    99.387     0.018198    99.450    99.570
  60     0.020514    99.400     0.014028    99.540    99.570
  61     0.020510    99.413     0.014905    99.580    99.580
  62     0.020087    99.378     0.019195    99.380    99.580
  63     0.019756    99.412     0.014273    99.560    99.580
  64     0.020066    99.413     0.014983    99.550    99.580
  65     0.021272    99.382     0.015096    99.560    99.580
  66     0.019308    99.445     0.018577    99.420    99.580
  67     0.019688    99.417     0.014389    99.520    99.580
  68     0.019379    99.440     0.015750    99.460    99.580
  69     0.021026    99.370     0.013315    99.550    99.580
  70     0.019584    99.435     0.015014    99.500    99.580
  71     0.018953    99.453     0.015719    99.510    99.580
  72     0.018620    99.462     0.014854    99.550    99.580
  73     0.018671    99.470     0.015854    99.540    99.580
  74     0.017339    99.495     0.016782    99.440    99.580
  75     0.017833    99.495     0.014652    99.540    99.580
  76     0.017814    99.493     0.014585    99.530    99.580
  77     0.017706    99.480     0.015114    99.540    99.580
  78     0.017772    99.505     0.013851    99.550    99.580
  79     0.017369    99.527     0.013126    99.640    99.640
  80     0.017366    99.475     0.015460    99.500    99.640
  81     0.015986    99.567     0.015449    99.460    99.640
  82     0.016656    99.518     0.013169    99.570    99.640
  83     0.017302    99.513     0.013386    99.550    99.640
  84     0.016875    99.528     0.012992    99.550    99.640
  85     0.015901    99.567     0.014004    99.560    99.640
  86     0.015634    99.552     0.016655    99.530    99.640
  87     0.015802    99.563     0.012963    99.540    99.640
  88     0.015174    99.563     0.013462    99.550    99.640
  89     0.015412    99.548     0.013634    99.560    99.640
  90     0.014927    99.553     0.012960    99.600    99.640
  91     0.015378    99.560     0.013357    99.550    99.640
  92     0.014407    99.592     0.014357    99.500    99.640
  93     0.014554    99.578     0.013359    99.540    99.640
  94     0.014741    99.578     0.014921    99.490    99.640
  95     0.014935    99.597     0.013268    99.580    99.640
  96     0.014905    99.575     0.013087    99.530    99.640
  97     0.014877    99.575     0.013950    99.540    99.640
  98     0.015470    99.555     0.013109    99.620    99.640
  99     0.014854    99.578     0.013360    99.590    99.640
 100     0.013363    99.608     0.013429    99.560    99.640
 101     0.014123    99.583     0.013368    99.600    99.640
 102     0.014516    99.590     0.012454    99.580    99.640
 103     0.013591    99.613     0.013038    99.590    99.640
 104     0.013455    99.625     0.014926    99.530    99.640
 105     0.013903    99.607     0.014590    99.540    99.640
 106     0.013665    99.622     0.012770    99.610    99.640
 107     0.014415    99.577     0.013453    99.570    99.640
 108     0.012899    99.645     0.013114    99.600    99.640
 109     0.013275    99.617     0.013118    99.570    99.640
 110     0.012973    99.647     0.012692    99.620    99.640
 111     0.013425    99.612     0.013188    99.580    99.640
 112     0.012669    99.652     0.012994    99.580    99.640
 113     0.013179    99.637     0.012629    99.580    99.640
 114     0.012545    99.663     0.012864    99.600    99.640
 115     0.013238    99.615     0.013571    99.550    99.640
 116     0.012544    99.642     0.012870    99.590    99.640
 117     0.013231    99.610     0.015220    99.490    99.640
 118     0.012729    99.653     0.013219    99.580    99.640
 119     0.013309    99.642     0.012818    99.570    99.640
 120     0.013019    99.638     0.012698    99.590    99.640
 121     0.012092    99.680     0.012552    99.550    99.640
 122     0.013165    99.633     0.012548    99.590    99.640
 123     0.012491    99.637     0.013219    99.590    99.640
 124     0.012503    99.657     0.013294    99.530    99.640
 125     0.011676    99.687     0.012793    99.610    99.640
 126     0.012560    99.632     0.012110    99.630    99.640
 127     0.011916    99.678     0.013249    99.570    99.640
 128     0.011370    99.683     0.012695    99.590    99.640
 129     0.012452    99.630     0.012028    99.610    99.640
 130     0.011273    99.703     0.012332    99.600    99.640
 131     0.012125    99.665     0.012199    99.620    99.640
 132     0.011485    99.672     0.012099    99.620    99.640
 133     0.012117    99.668     0.012539    99.590    99.640
 134     0.011841    99.648     0.012305    99.570    99.640
 135     0.011825    99.657     0.011997    99.630    99.640
 136     0.011799    99.657     0.012081    99.610    99.640
 137     0.011394    99.678     0.013272    99.570    99.640
 138     0.010956    99.697     0.012979    99.580    99.640
 139     0.011861    99.688     0.012464    99.590    99.640
 140     0.010660    99.732     0.011735    99.600    99.640
 141     0.011454    99.675     0.012234    99.600    99.640
 142     0.011573    99.647     0.012449    99.610    99.640
 143     0.011092    99.682     0.011808    99.650    99.650
 144     0.010996    99.712     0.011729    99.610    99.650
 145     0.011118    99.680     0.011354    99.640    99.650
 146     0.010914    99.693     0.011894    99.650    99.650
 147     0.011443    99.683     0.012413    99.620    99.650
 148     0.010847    99.705     0.012120    99.600    99.650
 149     0.011191    99.687     0.012617    99.610    99.650
