   0     0.625149    89.468     0.265138    97.900    97.900
   1     0.277903    96.373     0.224159    98.080    98.080
   2     0.193329    97.052     0.144402    98.300    98.300
   3     0.151572    97.407     0.149070    98.120    98.300
   4     0.125229    97.622     0.176698    96.560    98.300
   5     0.107116    97.895     0.158481    96.880    98.300
   6     0.096698    97.940     0.167918    97.040    98.300
   7     0.086973    98.022     0.133275    96.990    98.300
   8     0.082694    97.982     0.122265    97.360    98.300
   9     0.073458    98.280     0.075600    98.920    98.920
  10     0.069931    98.247     0.154616    96.210    98.920
  11     0.065309    98.295     0.067869    98.560    98.920
  12     0.064287    98.363     0.051747    98.740    98.920
  13     0.059079    98.445     0.051212    98.740    98.920
  14     0.057159    98.453     0.038890    99.050    99.050
  15     0.054643    98.568     0.066005    98.580    99.050
  16     0.054626    98.493     0.047803    98.860    99.050
  17     0.049507    98.632     0.037022    98.950    99.050
  18     0.048638    98.687     0.068949    98.460    99.050
  19     0.047583    98.700     0.141756    95.520    99.050
  20     0.044336    98.760     0.029680    99.230    99.230
  21     0.046065    98.715     0.062065    98.540    99.230
  22     0.043321    98.805     0.043284    98.630    99.230
  23     0.042839    98.830     0.050507    98.680    99.230
  24     0.041767    98.837     0.036132    98.920    99.230
  25     0.040643    98.873     0.039635    98.990    99.230
  26     0.039378    98.862     0.046443    99.010    99.230
  27     0.038559    98.875     0.018679    99.540    99.540
  28     0.037301    98.963     0.025712    99.170    99.540
  29     0.037385    98.878     0.026330    99.460    99.540
  30     0.037500    98.940     0.035166    99.100    99.540
  31     0.034949    99.010     0.034103    99.020    99.540
  32     0.033262    99.032     0.030538    99.060    99.540
  33     0.033602    99.023     0.019863    99.360    99.540
  34     0.033086    99.052     0.020971    99.360    99.540
  35     0.030730    99.113     0.026089    99.300    99.540
  36     0.031578    99.100     0.025498    99.240    99.540
  37     0.030266    99.188     0.025285    99.230    99.540
  38     0.030023    99.087     0.023391    99.320    99.540
  39     0.030608    99.075     0.020066    99.360    99.540
  40     0.029327    99.190     0.020951    99.440    99.540
  41     0.028045    99.185     0.025624    99.290    99.540
  42     0.028014    99.190     0.014912    99.630    99.630
  43     0.027412    99.192     0.034707    99.030    99.630
  44     0.027447    99.197     0.016893    99.580    99.630
  45     0.026259    99.237     0.029289    99.220    99.630
  46     0.027404    99.187     0.022648    99.180    99.630
  47     0.024829    99.258     0.015459    99.560    99.630
  48     0.026386    99.238     0.023670    99.270    99.630
  49     0.024061    99.298     0.018228    99.460    99.630
  50     0.024206    99.317     0.014790    99.540    99.630
  51     0.025302    99.248     0.023002    99.380    99.630
  52     0.024402    99.302     0.021448    99.450    99.630
  53     0.023415    99.337     0.014778    99.580    99.630
  54     0.023742    99.307     0.017345    99.460    99.630
  55     0.022927    99.340     0.022543    99.280    99.630
  56     0.022221    99.338     0.017781    99.410    99.630
  57     0.022518    99.358     0.014920    99.610    99.630
  58     0.021913    99.357     0.014237    99.590    99.630
  59     0.022197    99.348     0.014198    99.590    99.630
  60     0.021946    99.363     0.014510    99.590    99.630
  61     0.021827    99.378     0.016268    99.520    99.630
  62     0.020896    99.412     0.018246    99.510    99.630
  63     0.021800    99.378     0.015639    99.500    99.630
  64     0.021383    99.405     0.016630    99.460    99.630
  65     0.020847    99.388     0.014904    99.510    99.630
  66     0.020451    99.417     0.015442    99.590    99.630
  67     0.019261    99.450     0.014310    99.600    99.630
  68     0.020115    99.403     0.014653    99.590    99.630
  69     0.019470    99.438     0.013220    99.600    99.630
  70     0.018674    99.450     0.014052    99.520    99.630
  71     0.018399    99.420     0.016160    99.550    99.630
  72     0.018604    99.415     0.013778    99.560    99.630
  73     0.019181    99.423     0.013703    99.590    99.630
  74     0.019393    99.433     0.018195    99.450    99.630
  75     0.017733    99.517     0.014271    99.610    99.630
  76     0.017369    99.497     0.014554    99.630    99.630
  77     0.018619    99.453     0.017120    99.460    99.630
  78     0.018145    99.468     0.017129    99.470    99.630
  79     0.017871    99.518     0.014294    99.560    99.630
  80     0.018079    99.493     0.017099    99.530    99.630
  81     0.017582    99.503     0.016420    99.500    99.630
  82     0.016547    99.525     0.015855    99.570    99.630
  83     0.017326    99.495     0.014816    99.510    99.630
  84     0.016159    99.537     0.018522    99.490    99.630
  85     0.015752    99.558     0.014242    99.600    99.630
  86     0.015859    99.533     0.014946    99.570    99.630
  87     0.016307    99.520     0.013691    99.610    99.630
  88     0.016015    99.547     0.013864    99.640    99.640
  89     0.017239    99.478     0.013847    99.560    99.640
  90     0.015347    99.590     0.014132    99.610    99.640
  91     0.016513    99.507     0.012966    99.610    99.640
  92     0.015587    99.548     0.012457    99.640    99.640
  93     0.014856    99.565     0.013014    99.680    99.680
  94     0.015073    99.568     0.012827    99.630    99.680
  95     0.015301    99.552     0.013176    99.610    99.680
  96     0.015654    99.570     0.014950    99.530    99.680
  97     0.015855    99.562     0.014427    99.480    99.680
  98     0.015369    99.560     0.012879    99.660    99.680
  99     0.015435    99.525     0.012757    99.640    99.680
 100     0.014957    99.582     0.013159    99.660    99.680
 101     0.014464    99.583     0.013642    99.620    99.680
 102     0.015011    99.565     0.012424    99.660    99.680
 103     0.013565    99.615     0.013412    99.630    99.680
 104     0.014382    99.585     0.012451    99.620    99.680
 105     0.013875    99.618     0.016229    99.530    99.680
 106     0.013640    99.618     0.012879    99.630    99.680
 107     0.014502    99.573     0.013766    99.590    99.680
 108     0.013269    99.642     0.013620    99.660    99.680
 109     0.014566    99.563     0.013713    99.630    99.680
 110     0.013355    99.630     0.012910    99.670    99.680
 111     0.013646    99.602     0.013713    99.610    99.680
 112     0.014240    99.578     0.012567    99.600    99.680
 113     0.013204    99.605     0.013680    99.570    99.680
 114     0.013048    99.587     0.012938    99.660    99.680
 115     0.013372    99.640     0.013039    99.610    99.680
 116     0.013134    99.628     0.013350    99.610    99.680
 117     0.014008    99.595     0.012817    99.630    99.680
 118     0.013995    99.602     0.013630    99.570    99.680
 119     0.012927    99.623     0.013088    99.600    99.680
 120     0.012427    99.675     0.013140    99.580    99.680
 121     0.012660    99.640     0.013848    99.530    99.680
 122     0.012936    99.650     0.014680    99.530    99.680
 123     0.012112    99.677     0.013888    99.610    99.680
 124     0.013310    99.657     0.013255    99.640    99.680
 125     0.012776    99.647     0.013480    99.580    99.680
 126     0.012388    99.663     0.013106    99.590    99.680
 127     0.013252    99.615     0.013587    99.580    99.680
 128     0.012260    99.670     0.014510    99.460    99.680
 129     0.012873    99.628     0.012923    99.630    99.680
 130     0.011497    99.683     0.013276    99.620    99.680
 131     0.012941    99.642     0.012992    99.600    99.680
 132     0.012236    99.665     0.014163    99.600    99.680
 133     0.012641    99.653     0.013406    99.620    99.680
 134     0.012476    99.622     0.013719    99.620    99.680
 135     0.012150    99.642     0.013597    99.600    99.680
 136     0.012548    99.618     0.013370    99.580    99.680
 137     0.012120    99.647     0.012745    99.620    99.680
 138     0.011346    99.693     0.013348    99.600    99.680
 139     0.011581    99.657     0.012995    99.650    99.680
 140     0.012458    99.673     0.014302    99.560    99.680
 141     0.011393    99.677     0.014776    99.570    99.680
 142     0.011040    99.690     0.013892    99.600    99.680
 143     0.012575    99.658     0.013138    99.550    99.680
 144     0.012275    99.667     0.014800    99.550    99.680
 145     0.011161    99.693     0.013331    99.620    99.680
 146     0.011708    99.645     0.013409    99.580    99.680
 147     0.011068    99.695     0.012835    99.660    99.680
 148     0.011287    99.690     0.013424    99.600    99.680
 149     0.011086    99.715     0.012886    99.600    99.680
