   0     0.645894    88.727     0.276071    98.000    98.000
   1     0.290421    96.048     0.169990    98.640    98.640
   2     0.197112    96.900     0.125015    98.510    98.640
   3     0.155050    97.290     0.242789    94.260    98.640
   4     0.128502    97.558     0.074988    98.960    98.960
   5     0.109286    97.808     0.187454    95.800    98.960
   6     0.095473    97.925     0.110014    97.560    98.960
   7     0.091671    97.885     0.099821    98.280    98.960
   8     0.078327    98.188     0.055560    98.820    98.960
   9     0.073894    98.247     0.230928    94.670    98.960
  10     0.070579    98.247     0.062381    99.120    99.120
  11     0.066177    98.305     0.037220    99.280    99.280
  12     0.064830    98.322     0.040932    99.060    99.280
  13     0.058294    98.463     0.086018    98.450    99.280
  14     0.057804    98.468     0.031291    99.110    99.280
  15     0.054547    98.527     0.118553    96.530    99.280
  16     0.053779    98.510     0.030791    99.130    99.280
  17     0.050820    98.663     0.040420    98.970    99.280
  18     0.048839    98.637     0.036992    98.910    99.280
  19     0.047206    98.712     0.079135    98.060    99.280
  20     0.045414    98.743     0.033390    99.140    99.280
  21     0.043486    98.797     0.035171    99.150    99.280
  22     0.042758    98.812     0.025101    99.340    99.340
  23     0.042157    98.802     0.050995    98.780    99.340
  24     0.040888    98.878     0.029171    99.140    99.340
  25     0.039579    98.893     0.021773    99.490    99.490
  26     0.038666    98.873     0.024025    99.370    99.490
  27     0.038122    98.893     0.036720    99.020    99.490
  28     0.036836    98.985     0.021439    99.400    99.490
  29     0.035311    98.980     0.020817    99.370    99.490
  30     0.036196    98.950     0.020990    99.400    99.490
  31     0.035093    99.000     0.021185    99.260    99.490
  32     0.033314    99.032     0.017583    99.440    99.490
  33     0.032865    99.040     0.019054    99.460    99.490
  34     0.032717    99.060     0.033528    99.280    99.490
  35     0.031104    99.145     0.017013    99.470    99.490
  36     0.031583    99.080     0.022420    99.310    99.490
  37     0.029618    99.163     0.018823    99.400    99.490
  38     0.030459    99.118     0.019854    99.440    99.490
  39     0.028752    99.190     0.025286    99.360    99.490
  40     0.029120    99.143     0.018105    99.420    99.490
  41     0.029704    99.122     0.017965    99.480    99.490
  42     0.029581    99.158     0.020084    99.390    99.490
  43     0.025990    99.270     0.028786    99.080    99.490
  44     0.026186    99.235     0.019376    99.390    99.490
  45     0.027573    99.193     0.026445    99.180    99.490
  46     0.026411    99.213     0.025586    99.240    99.490
  47     0.026615    99.210     0.016336    99.470    99.490
  48     0.025102    99.273     0.017945    99.460    99.490
  49     0.025822    99.255     0.019688    99.420    99.490
  50     0.024614    99.257     0.022424    99.380    99.490
  51     0.024352    99.290     0.025068    99.270    99.490
  52     0.023674    99.317     0.015259    99.560    99.560
  53     0.023023    99.303     0.015881    99.600    99.600
  54     0.022772    99.367     0.016894    99.480    99.600
  55     0.023436    99.322     0.016725    99.480    99.600
  56     0.022436    99.370     0.016832    99.440    99.600
  57     0.022081    99.343     0.016178    99.470    99.600
  58     0.022805    99.333     0.015498    99.550    99.600
  59     0.020792    99.383     0.016597    99.530    99.600
  60     0.020691    99.393     0.018833    99.410    99.600
  61     0.021052    99.368     0.015327    99.560    99.600
  62     0.020939    99.405     0.015849    99.510    99.600
  63     0.019356    99.460     0.015087    99.570    99.600
  64     0.020552    99.403     0.015487    99.520    99.600
  65     0.019420    99.452     0.015435    99.500    99.600
  66     0.019439    99.442     0.015902    99.520    99.600
  67     0.020440    99.383     0.016181    99.500    99.600
  68     0.019760    99.425     0.017275    99.410    99.600
  69     0.019801    99.410     0.018218    99.360    99.600
  70     0.017309    99.508     0.019445    99.420    99.600
  71     0.018237    99.448     0.015005    99.470    99.600
  72     0.017799    99.492     0.016097    99.510    99.600
  73     0.018393    99.453     0.015442    99.500    99.600
  74     0.018513    99.483     0.016247    99.530    99.600
  75     0.017455    99.487     0.018268    99.380    99.600
  76     0.017319    99.488     0.021554    99.300    99.600
  77     0.017022    99.512     0.017318    99.500    99.600
  78     0.016697    99.507     0.016759    99.430    99.600
  79     0.017664    99.473     0.016289    99.490    99.600
  80     0.016913    99.500     0.016919    99.500    99.600
  81     0.016893    99.495     0.015467    99.540    99.600
  82     0.016720    99.505     0.014500    99.540    99.600
  83     0.016568    99.528     0.014090    99.520    99.600
  84     0.016083    99.553     0.018961    99.400    99.600
  85     0.016345    99.517     0.016601    99.440    99.600
  86     0.015196    99.560     0.018629    99.450    99.600
  87     0.016658    99.503     0.014604    99.440    99.600
  88     0.015435    99.563     0.015668    99.470    99.600
  89     0.015626    99.533     0.015248    99.520    99.600
  90     0.015321    99.542     0.014023    99.540    99.600
  91     0.015792    99.530     0.014599    99.520    99.600
  92     0.015835    99.542     0.013426    99.620    99.620
  93     0.015428    99.567     0.014432    99.520    99.620
  94     0.014580    99.578     0.014124    99.590    99.620
  95     0.014222    99.603     0.013039    99.650    99.650
  96     0.014385    99.588     0.012410    99.670    99.670
  97     0.014175    99.593     0.014086    99.580    99.670
  98     0.015358    99.568     0.012600    99.550    99.670
  99     0.013995    99.593     0.012791    99.560    99.670
 100     0.013789    99.592     0.012165    99.580    99.670
 101     0.014329    99.570     0.012870    99.560    99.670
 102     0.013412    99.615     0.012211    99.640    99.670
 103     0.013805    99.625     0.013270    99.580    99.670
 104     0.014047    99.605     0.013087    99.590    99.670
 105     0.013856    99.603     0.014208    99.500    99.670
 106     0.013909    99.605     0.013310    99.570    99.670
 107     0.014171    99.573     0.013071    99.590    99.670
 108     0.013057    99.637     0.012183    99.620    99.670
 109     0.013043    99.650     0.015073    99.490    99.670
 110     0.012383    99.640     0.013410    99.580    99.670
 111     0.013898    99.605     0.012816    99.640    99.670
 112     0.012619    99.645     0.013221    99.590    99.670
 113     0.012411    99.663     0.013113    99.510    99.670
 114     0.012483    99.652     0.013669    99.480    99.670
 115     0.012733    99.643     0.011938    99.650    99.670
 116     0.013050    99.610     0.012323    99.620    99.670
 117     0.013015    99.642     0.012085    99.600    99.670
 118     0.012315    99.647     0.012542    99.620    99.670
 119     0.012711    99.637     0.013084    99.610    99.670
 120     0.012393    99.648     0.012465    99.640    99.670
 121     0.012861    99.622     0.012919    99.600    99.670
 122     0.012222    99.648     0.013361    99.570    99.670
 123     0.012067    99.677     0.014258    99.550    99.670
 124     0.012033    99.665     0.012909    99.590    99.670
 125     0.012690    99.608     0.012908    99.580    99.670
 126     0.011967    99.642     0.013061    99.600    99.670
 127     0.011364    99.668     0.012853    99.620    99.670
 128     0.011507    99.682     0.012641    99.610    99.670
 129     0.011845    99.648     0.012924    99.550    99.670
 130     0.011700    99.663     0.012820    99.620    99.670
 131     0.011345    99.680     0.013005    99.600    99.670
 132     0.011648    99.665     0.012738    99.550    99.670
 133     0.011080    99.680     0.013602    99.580    99.670
 134     0.012177    99.683     0.012911    99.580    99.670
 135     0.010536    99.698     0.012773    99.620    99.670
 136     0.011274    99.692     0.012663    99.620    99.670
 137     0.011349    99.683     0.012926    99.580    99.670
 138     0.011595    99.707     0.012790    99.640    99.670
 139     0.011888    99.680     0.012622    99.600    99.670
 140     0.011372    99.685     0.012699    99.610    99.670
 141     0.011554    99.690     0.013399    99.600    99.670
 142     0.011497    99.665     0.012486    99.590    99.670
 143     0.010934    99.685     0.013573    99.530    99.670
 144     0.011399    99.672     0.012616    99.600    99.670
 145     0.011192    99.667     0.012856    99.570    99.670
 146     0.010580    99.723     0.012911    99.590    99.670
 147     0.010348    99.720     0.012969    99.580    99.670
 148     0.010529    99.708     0.012395    99.590    99.670
 149     0.010892    99.698     0.013260    99.590    99.670
