   0     0.629212    89.212     0.256881    98.140    98.140
   1     0.281847    96.170     0.170301    98.490    98.490
   2     0.194848    97.030     0.120421    98.760    98.760
   3     0.149292    97.502     0.146491    97.940    98.760
   4     0.126409    97.590     0.110234    98.570    98.760
   5     0.108213    97.797     0.112505    98.150    98.760
   6     0.097428    97.913     0.139262    97.090    98.760
   7     0.085463    98.123     0.079865    98.650    98.760
   8     0.080687    98.100     0.086618    98.650    98.760
   9     0.073858    98.267     0.227727    94.120    98.760
  10     0.069355    98.303     0.068081    98.150    98.760
  11     0.066390    98.310     0.065951    98.420    98.760
  12     0.061536    98.417     0.102539    97.340    98.760
  13     0.059648    98.445     0.060092    98.460    98.760
  14     0.055618    98.498     0.071978    98.450    98.760
  15     0.052098    98.582     0.039824    99.230    99.230
  16     0.052448    98.535     0.128737    96.780    99.230
  17     0.048926    98.670     0.644255    78.010    99.230
  18     0.048484    98.652     0.033792    99.140    99.230
  19     0.046064    98.680     0.065592    98.210    99.230
  20     0.046467    98.690     0.034270    99.020    99.230
  21     0.043074    98.780     0.029374    99.210    99.230
  22     0.042311    98.778     0.031186    99.370    99.370
  23     0.041248    98.820     0.069625    97.960    99.370
  24     0.040152    98.847     0.100426    96.930    99.370
  25     0.039417    98.885     0.024032    99.420    99.420
  26     0.040779    98.807     0.020832    99.410    99.420
  27     0.037622    98.945     0.138307    95.420    99.420
  28     0.036083    98.967     0.020349    99.370    99.420
  29     0.035748    98.983     0.024779    99.260    99.420
  30     0.035868    98.945     0.016742    99.520    99.520
  31     0.034618    99.008     0.032606    99.210    99.520
  32     0.033763    99.052     0.025271    99.270    99.520
  33     0.033046    99.065     0.020735    99.370    99.520
  34     0.033221    99.045     0.024397    99.300    99.520
  35     0.031239    99.083     0.099874    97.440    99.520
  36     0.030404    99.140     0.024690    99.340    99.520
  37     0.030198    99.117     0.017033    99.490    99.520
  38     0.029625    99.117     0.025083    99.230    99.520
  39     0.030165    99.122     0.022241    99.390    99.520
  40     0.029075    99.143     0.028895    99.230    99.520
  41     0.027884    99.173     0.022780    99.240    99.520
  42     0.028045    99.185     0.027276    99.170    99.520
  43     0.028157    99.163     0.020599    99.310    99.520
  44     0.027047    99.247     0.016249    99.480    99.520
  45     0.025879    99.265     0.028382    99.240    99.520
  46     0.027389    99.188     0.019071    99.390    99.520
  47     0.025851    99.250     0.020240    99.350    99.520
  48     0.025213    99.302     0.018269    99.390    99.520
  49     0.024182    99.270     0.020171    99.330    99.520
  50     0.024790    99.277     0.018772    99.400    99.520
  51     0.024710    99.280     0.025071    99.130    99.520
  52     0.024449    99.257     0.018839    99.420    99.520
  53     0.024151    99.315     0.017458    99.370    99.520
  54     0.023791    99.277     0.020348    99.230    99.520
  55     0.023156    99.302     0.018648    99.390    99.520
  56     0.023199    99.302     0.019077    99.400    99.520
  57     0.022597    99.317     0.016973    99.500    99.520
  58     0.021930    99.345     0.017262    99.550    99.550
  59     0.021671    99.412     0.015161    99.530    99.550
  60     0.022047    99.383     0.019312    99.410    99.550
  61     0.021662    99.357     0.016580    99.510    99.550
  62     0.020713    99.428     0.015367    99.500    99.550
  63     0.019093    99.440     0.017757    99.490    99.550
  64     0.020491    99.405     0.017466    99.510    99.550
  65     0.020740    99.383     0.016652    99.430    99.550
  66     0.018979    99.458     0.015229    99.470    99.550
  67     0.019134    99.415     0.015732    99.460    99.550
  68     0.019677    99.477     0.014354    99.520    99.550
  69     0.018792    99.495     0.015554    99.560    99.560
  70     0.018145    99.487     0.016113    99.450    99.560
  71     0.018400    99.438     0.022898    99.410    99.560
  72     0.016985    99.508     0.016452    99.460    99.560
  73     0.017938    99.468     0.019464    99.380    99.560
  74     0.019205    99.475     0.014921    99.490    99.560
  75     0.017198    99.502     0.014002    99.560    99.560
  76     0.017711    99.457     0.014110    99.530    99.560
  77     0.018594    99.435     0.013088    99.510    99.560
  78     0.017535    99.488     0.013644    99.540    99.560
  79     0.017483    99.500     0.015213    99.490    99.560
  80     0.017087    99.507     0.014481    99.520    99.560
  81     0.017144    99.488     0.014202    99.490    99.560
  82     0.016015    99.570     0.015471    99.440    99.560
  83     0.015923    99.533     0.013720    99.550    99.560
  84     0.015451    99.577     0.015970    99.560    99.560
  85     0.016428    99.535     0.015483    99.550    99.560
  86     0.017025    99.512     0.014190    99.500    99.560
  87     0.015724    99.533     0.013425    99.540    99.560
  88     0.017024    99.518     0.015101    99.540    99.560
  89     0.014995    99.555     0.014481    99.550    99.560
  90     0.015929    99.548     0.016595    99.520    99.560
  91     0.014812    99.602     0.016911    99.500    99.560
  92     0.015176    99.585     0.015422    99.490    99.560
  93     0.015371    99.555     0.014119    99.580    99.580
  94     0.014764    99.580     0.013601    99.540    99.580
  95     0.014822    99.572     0.014628    99.500    99.580
  96     0.014576    99.568     0.015977    99.470    99.580
  97     0.014454    99.585     0.016022    99.490    99.580
  98     0.015169    99.550     0.013772    99.550    99.580
  99     0.014743    99.587     0.015080    99.460    99.580
 100     0.013986    99.592     0.015809    99.490    99.580
 101     0.013797    99.628     0.015650    99.530    99.580
 102     0.014460    99.592     0.015316    99.480    99.580
 103     0.014379    99.573     0.015209    99.520    99.580
 104     0.013948    99.577     0.014310    99.550    99.580
 105     0.014147    99.618     0.015292    99.520    99.580
 106     0.014073    99.597     0.015281    99.480    99.580
 107     0.013702    99.622     0.014613    99.490    99.580
 108     0.012984    99.630     0.013832    99.590    99.590
 109     0.014766    99.550     0.016267    99.470    99.590
 110     0.012790    99.658     0.013889    99.470    99.590
 111     0.012068    99.658     0.015082    99.520    99.590
 112     0.012961    99.625     0.013743    99.580    99.590
 113     0.013450    99.630     0.014338    99.570    99.590
 114     0.012557    99.627     0.013838    99.530    99.590
 115     0.013655    99.632     0.014442    99.500    99.590
 116     0.012548    99.630     0.013550    99.550    99.590
 117     0.012416    99.648     0.013716    99.600    99.600
 118     0.013163    99.638     0.014236    99.530    99.600
 119     0.013282    99.615     0.014035    99.560    99.600
 120     0.013672    99.623     0.013940    99.550    99.600
 121     0.013028    99.640     0.013743    99.540    99.600
 122     0.013072    99.623     0.013909    99.490    99.600
 123     0.012293    99.660     0.013628    99.530    99.600
 124     0.013650    99.595     0.013276    99.550    99.600
 125     0.011972    99.683     0.014065    99.540    99.600
 126     0.012715    99.645     0.013254    99.560    99.600
 127     0.012718    99.640     0.013154    99.580    99.600
 128     0.012539    99.647     0.014495    99.500    99.600
 129     0.011132    99.700     0.014696    99.470    99.600
 130     0.010974    99.697     0.014542    99.500    99.600
 131     0.011888    99.680     0.013981    99.520    99.600
 132     0.011677    99.688     0.015177    99.480    99.600
 133     0.011224    99.722     0.014416    99.500    99.600
 134     0.011223    99.693     0.013957    99.540    99.600
 135     0.011482    99.680     0.013223    99.520    99.600
 136     0.011437    99.697     0.013439    99.570    99.600
 137     0.010990    99.680     0.013791    99.520    99.600
 138     0.012882    99.662     0.013335    99.550    99.600
 139     0.011718    99.668     0.013618    99.530    99.600
 140     0.011516    99.667     0.012735    99.640    99.640
 141     0.011323    99.672     0.013210    99.570    99.640
 142     0.011414    99.680     0.013615    99.540    99.640
 143     0.011254    99.675     0.013691    99.530    99.640
 144     0.011085    99.705     0.013793    99.570    99.640
 145     0.011161    99.692     0.013127    99.580    99.640
 146     0.010924    99.705     0.014047    99.520    99.640
 147     0.011743    99.665     0.013081    99.580    99.640
 148     0.011038    99.685     0.013233    99.540    99.640
 149     0.010810    99.695     0.012682    99.590    99.640
