   0     0.647046    88.662     0.286756    97.820    97.820
   1     0.282107    96.217     0.181891    98.390    98.390
   2     0.195285    97.038     0.220014    96.440    98.390
   3     0.150469    97.452     0.114790    98.610    98.610
   4     0.125190    97.658     0.081995    99.000    99.000
   5     0.108654    97.837     0.126712    98.510    99.000
   6     0.097118    97.900     0.134387    97.760    99.000
   7     0.088989    97.973     0.063284    98.900    99.000
   8     0.081354    98.075     0.091189    98.450    99.000
   9     0.074843    98.183     0.281730    90.560    99.000
  10     0.068810    98.307     0.079060    98.290    99.000
  11     0.068213    98.248     0.139087    97.070    99.000
  12     0.063883    98.370     0.030957    99.370    99.370
  13     0.059491    98.395     0.056814    98.900    99.370
  14     0.057036    98.437     0.033940    99.340    99.370
  15     0.055425    98.497     0.037941    99.050    99.370
  16     0.054984    98.540     0.043096    98.990    99.370
  17     0.051311    98.625     0.064830    98.580    99.370
  18     0.049643    98.662     0.028182    99.320    99.370
  19     0.047738    98.652     0.044240    98.880    99.370
  20     0.045200    98.767     0.052126    98.440    99.370
  21     0.043496    98.762     0.039967    99.120    99.370
  22     0.042714    98.817     0.039185    99.060    99.370
  23     0.043425    98.802     0.041521    98.790    99.370
  24     0.042601    98.802     0.022247    99.480    99.480
  25     0.040512    98.818     0.025496    99.340    99.480
  26     0.039598    98.872     0.038545    99.040    99.480
  27     0.037662    98.945     0.020494    99.490    99.490
  28     0.036895    98.973     0.039035    98.860    99.490
  29     0.036551    98.938     0.045940    98.760    99.490
  30     0.035337    99.000     0.034730    99.110    99.490
  31     0.036173    98.947     0.041037    98.910    99.490
  32     0.034491    99.018     0.019585    99.430    99.490
  33     0.033427    99.042     0.026841    99.400    99.490
  34     0.033407    99.028     0.036867    98.980    99.490
  35     0.032631    99.085     0.021845    99.480    99.490
  36     0.032259    99.072     0.020530    99.440    99.490
  37     0.031448    99.025     0.015997    99.520    99.520
  38     0.029255    99.152     0.017988    99.550    99.550
  39     0.030006    99.130     0.023022    99.340    99.550
  40     0.029563    99.112     0.021954    99.410    99.550
  41     0.030245    99.137     0.015579    99.540    99.550
  42     0.027677    99.205     0.044211    98.810    99.550
  43     0.028002    99.192     0.019372    99.410    99.550
  44     0.026580    99.230     0.019214    99.460    99.550
  45     0.026796    99.197     0.023129    99.300    99.550
  46     0.027429    99.192     0.021808    99.360    99.550
  47     0.027293    99.213     0.016051    99.580    99.580
  48     0.024157    99.320     0.016134    99.510    99.580
  49     0.025368    99.257     0.014438    99.520    99.580
  50     0.023768    99.323     0.019835    99.360    99.580
  51     0.024084    99.288     0.019455    99.420    99.580
  52     0.024665    99.265     0.032350    99.130    99.580
  53     0.024308    99.280     0.021782    99.370    99.580
  54     0.023539    99.300     0.017160    99.440    99.580
  55     0.022420    99.342     0.017720    99.470    99.580
  56     0.022335    99.352     0.016339    99.480    99.580
  57     0.023024    99.338     0.016524    99.490    99.580
  58     0.024275    99.268     0.015631    99.500    99.580
  59     0.020502    99.435     0.017179    99.460    99.580
  60     0.021201    99.355     0.016496    99.490    99.580
  61     0.020718    99.397     0.015121    99.510    99.580
  62     0.022167    99.352     0.016327    99.500    99.580
  63     0.020528    99.398     0.016541    99.490    99.580
  64     0.019424    99.430     0.014972    99.570    99.580
  65     0.019839    99.443     0.014232    99.570    99.580
  66     0.020665    99.392     0.017136    99.540    99.580
  67     0.020069    99.422     0.012983    99.620    99.620
  68     0.019281    99.455     0.013678    99.600    99.620
  69     0.019741    99.413     0.013805    99.640    99.640
  70     0.019029    99.447     0.016426    99.560    99.640
  71     0.018506    99.465     0.015006    99.520    99.640
  72     0.018820    99.485     0.014476    99.570    99.640
  73     0.017906    99.522     0.013693    99.590    99.640
  74     0.018824    99.450     0.015903    99.530    99.640
  75     0.018493    99.447     0.013208    99.560    99.640
  76     0.017803    99.475     0.013519    99.550    99.640
  77     0.016675    99.532     0.014422    99.480    99.640
  78     0.016378    99.527     0.015378    99.460    99.640
  79     0.016713    99.525     0.018753    99.480    99.640
  80     0.017004    99.480     0.013466    99.570    99.640
  81     0.017621    99.517     0.014203    99.560    99.640
  82     0.016969    99.515     0.015596    99.540    99.640
  83     0.017552    99.490     0.015738    99.510    99.640
  84     0.015910    99.565     0.016546    99.430    99.640
  85     0.016017    99.523     0.013976    99.520    99.640
  86     0.016486    99.515     0.015418    99.550    99.640
  87     0.016190    99.533     0.015391    99.580    99.640
  88     0.015823    99.542     0.018492    99.390    99.640
  89     0.016340    99.528     0.015432    99.570    99.640
  90     0.015891    99.550     0.017006    99.460    99.640
  91     0.015631    99.568     0.013585    99.590    99.640
  92     0.016848    99.522     0.015470    99.520    99.640
  93     0.015303    99.563     0.016109    99.460    99.640
  94     0.014116    99.613     0.013564    99.580    99.640
  95     0.014907    99.568     0.017136    99.430    99.640
  96     0.015015    99.572     0.015552    99.470    99.640
  97     0.014892    99.583     0.017523    99.450    99.640
  98     0.014018    99.610     0.013592    99.580    99.640
  99     0.014492    99.597     0.013262    99.590    99.640
 100     0.014247    99.580     0.017931    99.480    99.640
 101     0.013938    99.585     0.016458    99.510    99.640
 102     0.013260    99.620     0.014447    99.550    99.640
 103     0.014588    99.558     0.012516    99.580    99.640
 104     0.014640    99.578     0.013077    99.550    99.640
 105     0.014123    99.553     0.013614    99.600    99.640
 106     0.013503    99.602     0.013667    99.550    99.640
 107     0.013511    99.617     0.013840    99.590    99.640
 108     0.013574    99.608     0.014066    99.600    99.640
 109     0.013610    99.592     0.013452    99.610    99.640
 110     0.013727    99.613     0.013938    99.550    99.640
 111     0.013188    99.622     0.012864    99.570    99.640
 112     0.013393    99.598     0.013106    99.600    99.640
 113     0.014065    99.595     0.013187    99.610    99.640
 114     0.013508    99.610     0.013900    99.560    99.640
 115     0.012224    99.655     0.012243    99.610    99.640
 116     0.012991    99.632     0.012931    99.630    99.640
 117     0.012119    99.648     0.014074    99.570    99.640
 118     0.012517    99.617     0.013217    99.590    99.640
 119     0.011914    99.662     0.013102    99.580    99.640
 120     0.012298    99.668     0.013198    99.570    99.640
 121     0.012670    99.653     0.013158    99.540    99.640
 122     0.012501    99.640     0.013029    99.590    99.640
 123     0.012888    99.617     0.013727    99.580    99.640
 124     0.013035    99.617     0.013057    99.570    99.640
 125     0.012444    99.648     0.014209    99.540    99.640
 126     0.012320    99.617     0.013524    99.590    99.640
 127     0.012585    99.622     0.013790    99.550    99.640
 128     0.011848    99.670     0.014341    99.580    99.640
 129     0.012379    99.643     0.013716    99.570    99.640
 130     0.011933    99.663     0.013670    99.610    99.640
 131     0.011779    99.703     0.013679    99.600    99.640
 132     0.012012    99.663     0.013746    99.560    99.640
 133     0.012059    99.683     0.012963    99.600    99.640
 134     0.011874    99.675     0.013389    99.590    99.640
 135     0.011395    99.665     0.014527    99.540    99.640
 136     0.012376    99.652     0.014457    99.530    99.640
 137     0.011053    99.695     0.014402    99.530    99.640
 138     0.011052    99.698     0.013357    99.590    99.640
 139     0.011978    99.648     0.014312    99.530    99.640
 140     0.011655    99.667     0.013546    99.580    99.640
 141     0.012252    99.655     0.013346    99.570    99.640
 142     0.010948    99.703     0.013999    99.540    99.640
 143     0.011885    99.660     0.013502    99.570    99.640
 144     0.011539    99.668     0.013065    99.570    99.640
 145     0.012087    99.645     0.013615    99.540    99.640
 146     0.011290    99.672     0.014599    99.520    99.640
 147     0.011565    99.668     0.013338    99.580    99.640
 148     0.011498    99.693     0.013344    99.540    99.640
 149     0.011387    99.683     0.014307    99.550    99.640
