   0     0.621203    89.652     0.292318    97.720    97.720
   1     0.279733    96.235     0.160057    98.650    98.650
   2     0.192402    97.102     0.232573    96.730    98.650
   3     0.150047    97.397     0.166880    97.900    98.650
   4     0.125374    97.637     0.116584    98.520    98.650
   5     0.107649    97.822     0.107148    97.750    98.650
   6     0.094841    97.992     0.089216    98.380    98.650
   7     0.087353    98.017     0.076906    98.920    98.920
   8     0.076231    98.295     0.130378    97.820    98.920
   9     0.071797    98.283     0.081893    98.080    98.920
  10     0.068282    98.325     0.086536    98.520    98.920
  11     0.064968    98.377     0.052316    99.130    99.130
  12     0.061939    98.360     0.042235    98.910    99.130
  13     0.058236    98.488     0.077520    98.310    99.130
  14     0.056988    98.453     0.033319    99.360    99.360
  15     0.053245    98.585     0.151173    95.840    99.360
  16     0.051758    98.547     0.038917    99.130    99.360
  17     0.050372    98.650     0.069172    98.230    99.360
  18     0.048341    98.667     0.222883    92.420    99.360
  19     0.046416    98.752     0.031440    99.120    99.360
  20     0.045031    98.747     0.076718    97.820    99.360
  21     0.042566    98.827     0.025485    99.410    99.410
  22     0.041045    98.888     0.060011    98.610    99.410
  23     0.040883    98.838     0.057520    98.630    99.410
  24     0.040365    98.850     0.024082    99.350    99.410
  25     0.039168    98.908     0.020355    99.460    99.460
  26     0.037234    98.913     0.020779    99.510    99.510
  27     0.036686    98.980     0.017860    99.550    99.550
  28     0.036179    98.985     0.043376    98.630    99.550
  29     0.036190    98.980     0.027122    99.160    99.550
  30     0.034847    99.005     0.029748    99.240    99.550
  31     0.033291    99.032     0.122271    96.110    99.550
  32     0.033158    98.998     0.033175    99.190    99.550
  33     0.035194    98.975     0.026965    99.260    99.550
  34     0.032604    99.027     0.029233    99.310    99.550
  35     0.031562    99.077     0.020092    99.450    99.550
  36     0.031888    99.022     0.017291    99.490    99.550
  37     0.030622    99.120     0.017246    99.440    99.550
  38     0.028932    99.140     0.027072    99.250    99.550
  39     0.030707    99.108     0.016381    99.520    99.550
  40     0.029668    99.142     0.021099    99.360    99.550
  41     0.029253    99.143     0.016658    99.550    99.550
  42     0.028050    99.202     0.014424    99.570    99.570
  43     0.026659    99.210     0.015345    99.420    99.570
  44     0.026447    99.238     0.053138    98.430    99.570
  45     0.024989    99.315     0.020363    99.370    99.570
  46     0.025288    99.258     0.016787    99.490    99.570
  47     0.025542    99.282     0.020105    99.420    99.570
  48     0.025343    99.253     0.017250    99.490    99.570
  49     0.024771    99.280     0.017377    99.450    99.570
  50     0.025346    99.233     0.016061    99.480    99.570
  51     0.024756    99.325     0.017405    99.450    99.570
  52     0.024940    99.263     0.023089    99.280    99.570
  53     0.023975    99.305     0.019070    99.360    99.570
  54     0.022801    99.355     0.014997    99.470    99.570
  55     0.022635    99.353     0.017678    99.500    99.570
  56     0.022862    99.357     0.017828    99.390    99.570
  57     0.021528    99.382     0.019849    99.490    99.570
  58     0.022356    99.330     0.014906    99.550    99.570
  59     0.021294    99.368     0.015293    99.530    99.570
  60     0.020316    99.425     0.014179    99.590    99.590
  61     0.020239    99.400     0.015732    99.510    99.590
  62     0.020120    99.430     0.015245    99.570    99.590
  63     0.019984    99.477     0.022748    99.410    99.590
  64     0.020315    99.430     0.016477    99.540    99.590
  65     0.020354    99.405     0.015504    99.530    99.590
  66     0.018802    99.478     0.015518    99.550    99.590
  67     0.017976    99.482     0.015626    99.480    99.590
  68     0.019540    99.440     0.013807    99.620    99.620
  69     0.019258    99.438     0.016159    99.460    99.620
  70     0.019532    99.430     0.014904    99.570    99.620
  71     0.018189    99.488     0.019273    99.480    99.620
  72     0.019080    99.453     0.019321    99.460    99.620
  73     0.018486    99.455     0.016628    99.540    99.620
  74     0.018277    99.470     0.014312    99.550    99.620
  75     0.017528    99.497     0.015619    99.520    99.620
  76     0.017619    99.478     0.015863    99.520    99.620
  77     0.017440    99.473     0.016724    99.460    99.620
  78     0.016620    99.492     0.014697    99.580    99.620
  79     0.016219    99.527     0.019461    99.370    99.620
  80     0.016177    99.543     0.013561    99.660    99.660
  81     0.016800    99.515     0.013271    99.620    99.660
  82     0.017385    99.505     0.014864    99.600    99.660
  83     0.015135    99.560     0.013482    99.590    99.660
  84     0.016244    99.528     0.015445    99.600    99.660
  85     0.015977    99.520     0.012531    99.630    99.660
  86     0.015755    99.527     0.013826    99.610    99.660
  87     0.015904    99.528     0.015053    99.530    99.660
  88     0.016001    99.550     0.014280    99.600    99.660
  89     0.015324    99.552     0.013350    99.560    99.660
  90     0.016277    99.535     0.012918    99.600    99.660
  91     0.015309    99.532     0.014750    99.520    99.660
  92     0.016456    99.488     0.012319    99.620    99.660
  93     0.015190    99.538     0.015368    99.530    99.660
  94     0.015765    99.553     0.013534    99.530    99.660
  95     0.014554    99.598     0.013477    99.550    99.660
  96     0.014335    99.585     0.014356    99.570    99.660
  97     0.014493    99.555     0.013235    99.530    99.660
  98     0.014287    99.577     0.014841    99.500    99.660
  99     0.014514    99.577     0.012605    99.600    99.660
 100     0.013591    99.598     0.013311    99.600    99.660
 101     0.013674    99.612     0.013095    99.610    99.660
 102     0.013644    99.607     0.012676    99.600    99.660
 103     0.014512    99.593     0.014043    99.550    99.660
 104     0.013936    99.630     0.013813    99.530    99.660
 105     0.012812    99.642     0.014816    99.570    99.660
 106     0.013743    99.622     0.012128    99.630    99.660
 107     0.013892    99.603     0.012433    99.570    99.660
 108     0.013709    99.590     0.012683    99.620    99.660
 109     0.013514    99.607     0.012144    99.600    99.660
 110     0.013217    99.660     0.013576    99.530    99.660
 111     0.013199    99.613     0.013812    99.550    99.660
 112     0.013061    99.605     0.013653    99.550    99.660
 113     0.012939    99.610     0.013153    99.570    99.660
 114     0.012765    99.642     0.012569    99.580    99.660
 115     0.012730    99.660     0.013240    99.590    99.660
 116     0.012703    99.617     0.014877    99.520    99.660
 117     0.012368    99.633     0.014817    99.510    99.660
 118     0.012592    99.667     0.015841    99.520    99.660
 119     0.013489    99.602     0.013551    99.570    99.660
 120     0.013236    99.595     0.013221    99.570    99.660
 121     0.012094    99.657     0.013048    99.620    99.660
 122     0.012552    99.648     0.012268    99.640    99.660
 123     0.012712    99.672     0.012531    99.590    99.660
 124     0.012749    99.635     0.013043    99.640    99.660
 125     0.011861    99.687     0.012476    99.610    99.660
 126     0.011604    99.695     0.013583    99.530    99.660
 127     0.011780    99.680     0.012891    99.590    99.660
 128     0.011553    99.677     0.013094    99.570    99.660
 129     0.011829    99.653     0.012388    99.630    99.660
 130     0.012310    99.680     0.012997    99.590    99.660
 131     0.011664    99.673     0.012541    99.600    99.660
 132     0.012484    99.647     0.013101    99.570    99.660
 133     0.011495    99.660     0.014308    99.460    99.660
 134     0.011540    99.687     0.013264    99.570    99.660
 135     0.011871    99.670     0.013578    99.570    99.660
 136     0.012063    99.653     0.012987    99.590    99.660
 137     0.011974    99.657     0.012769    99.580    99.660
 138     0.010990    99.700     0.013165    99.580    99.660
 139     0.011997    99.668     0.013245    99.570    99.660
 140     0.011418    99.677     0.012790    99.540    99.660
 141     0.011603    99.670     0.012958    99.520    99.660
 142     0.011462    99.673     0.012947    99.590    99.660
 143     0.010667    99.702     0.012933    99.570    99.660
 144     0.011126    99.712     0.013187    99.550    99.660
 145     0.010715    99.713     0.012965    99.570    99.660
 146     0.011762    99.645     0.012895    99.570    99.660
 147     0.010859    99.707     0.013422    99.550    99.660
 148     0.010861    99.707     0.013876    99.560    99.660
 149     0.011819    99.650     0.013100    99.550    99.660
