   0     0.615084    89.818     0.343255    96.780    96.780
   1     0.273693    96.485     0.155321    98.490    98.490
   2     0.188556    97.197     0.171652    98.050    98.490
   3     0.148438    97.448     0.216273    96.340    98.490
   4     0.122201    97.668     0.095387    98.650    98.650
   5     0.108257    97.752     0.082256    98.470    98.650
   6     0.094142    98.012     0.069596    98.510    98.650
   7     0.082880    98.180     0.062845    98.890    98.890
   8     0.078182    98.218     0.046858    99.100    99.100
   9     0.070135    98.375     0.057936    98.770    99.100
  10     0.069560    98.320     0.114580    97.340    99.100
  11     0.062537    98.428     0.484214    80.750    99.100
  12     0.060311    98.442     0.200523    93.940    99.100
  13     0.058540    98.457     0.048563    99.060    99.100
  14     0.055385    98.523     0.046314    99.030    99.100
  15     0.051342    98.610     0.072683    98.550    99.100
  16     0.050235    98.672     0.194728    93.780    99.100
  17     0.049309    98.710     0.332506    88.200    99.100
  18     0.047464    98.692     0.215210    92.190    99.100
  19     0.046403    98.742     0.022418    99.480    99.480
  20     0.043363    98.723     0.089451    97.900    99.480
  21     0.043174    98.743     0.027185    99.310    99.480
  22     0.041669    98.813     0.043872    98.900    99.480
  23     0.041109    98.847     0.067354    98.480    99.480
  24     0.042206    98.828     0.054750    98.660    99.480
  25     0.038283    98.902     0.033259    98.980    99.480
  26     0.037578    98.920     0.022642    99.330    99.480
  27     0.036652    99.000     0.017027    99.450    99.480
  28     0.035455    98.950     0.035822    99.090    99.480
  29     0.036156    98.930     0.041411    99.020    99.480
  30     0.034049    99.012     0.032289    99.040    99.480
  31     0.033552    99.032     0.021737    99.310    99.480
  32     0.032758    99.073     0.038797    98.930    99.480
  33     0.031787    99.098     0.016618    99.470    99.480
  34     0.031542    99.083     0.045731    98.780    99.480
  35     0.030953    99.113     0.055409    98.850    99.480
  36     0.030657    99.138     0.103512    97.460    99.480
  37     0.030511    99.107     0.029320    99.190    99.480
  38     0.029312    99.175     0.027543    99.270    99.480
  39     0.029644    99.130     0.015272    99.540    99.540
  40     0.028188    99.157     0.019566    99.460    99.540
  41     0.027370    99.248     0.017633    99.460    99.540
  42     0.027766    99.163     0.021655    99.390    99.540
  43     0.026273    99.250     0.027038    99.060    99.540
  44     0.027824    99.207     0.021463    99.360    99.540
  45     0.025309    99.265     0.029979    99.130    99.540
  46     0.024611    99.327     0.018299    99.420    99.540
  47     0.025309    99.267     0.041520    98.770    99.540
  48     0.024263    99.317     0.015413    99.470    99.540
  49     0.023785    99.330     0.020762    99.340    99.540
  50     0.023007    99.330     0.017790    99.470    99.540
  51     0.024150    99.312     0.016622    99.450    99.540
  52     0.023238    99.305     0.039725    99.090    99.540
  53     0.021713    99.377     0.018383    99.450    99.540
  54     0.022211    99.333     0.017608    99.430    99.540
  55     0.020701    99.420     0.017672    99.450    99.540
  56     0.022392    99.307     0.015918    99.480    99.540
  57     0.021556    99.360     0.018466    99.440    99.540
  58     0.022028    99.345     0.015838    99.550    99.550
  59     0.020413    99.410     0.017688    99.530    99.550
  60     0.020764    99.393     0.014720    99.500    99.550
  61     0.020223    99.432     0.022561    99.350    99.550
  62     0.019986    99.398     0.022513    99.390    99.550
  63     0.019277    99.447     0.014912    99.590    99.590
  64     0.021841    99.348     0.021257    99.360    99.590
  65     0.019468    99.442     0.016044    99.430    99.590
  66     0.019383    99.448     0.015564    99.500    99.590
  67     0.018811    99.465     0.013729    99.580    99.590
  68     0.019210    99.432     0.016286    99.450    99.590
  69     0.019301    99.435     0.027431    99.060    99.590
  70     0.019146    99.440     0.013154    99.530    99.590
  71     0.018265    99.443     0.014628    99.500    99.590
  72     0.017358    99.497     0.013472    99.550    99.590
  73     0.018150    99.515     0.016535    99.540    99.590
  74     0.017899    99.487     0.012333    99.570    99.590
  75     0.017503    99.495     0.025180    99.220    99.590
  76     0.016519    99.547     0.016102    99.510    99.590
  77     0.017408    99.517     0.013517    99.570    99.590
  78     0.016012    99.537     0.018487    99.460    99.590
  79     0.016335    99.505     0.013711    99.520    99.590
  80     0.017174    99.505     0.016637    99.420    99.590
  81     0.016249    99.550     0.015064    99.500    99.590
  82     0.016593    99.538     0.014690    99.510    99.590
  83     0.016151    99.527     0.014434    99.490    99.590
  84     0.015772    99.562     0.013070    99.620    99.620
  85     0.015385    99.552     0.013457    99.640    99.640
  86     0.015794    99.530     0.012937    99.580    99.640
  87     0.015614    99.578     0.014920    99.470    99.640
  88     0.014367    99.597     0.013612    99.620    99.640
  89     0.014574    99.562     0.014673    99.510    99.640
  90     0.015507    99.563     0.013190    99.480    99.640
  91     0.015180    99.573     0.016977    99.450    99.640
  92     0.014747    99.592     0.016618    99.450    99.640
  93     0.015003    99.607     0.014883    99.530    99.640
  94     0.014400    99.568     0.013158    99.610    99.640
  95     0.013467    99.613     0.014582    99.520    99.640
  96     0.014358    99.585     0.015003    99.550    99.640
  97     0.014628    99.575     0.014309    99.560    99.640
  98     0.014111    99.607     0.012694    99.570    99.640
  99     0.013893    99.588     0.015648    99.510    99.640
 100     0.014069    99.593     0.013321    99.620    99.640
 101     0.013259    99.625     0.013262    99.630    99.640
 102     0.013436    99.630     0.013464    99.520    99.640
 103     0.012825    99.613     0.014616    99.560    99.640
 104     0.013716    99.598     0.014020    99.490    99.640
 105     0.013499    99.630     0.014856    99.590    99.640
 106     0.014190    99.585     0.014559    99.530    99.640
 107     0.013448    99.617     0.013154    99.530    99.640
 108     0.012248    99.677     0.014348    99.600    99.640
 109     0.012490    99.682     0.013696    99.560    99.640
 110     0.012781    99.622     0.013874    99.600    99.640
 111     0.012953    99.603     0.013555    99.530    99.640
 112     0.012332    99.632     0.017612    99.400    99.640
 113     0.012096    99.655     0.013256    99.570    99.640
 114     0.012779    99.640     0.012953    99.620    99.640
 115     0.012606    99.653     0.013946    99.510    99.640
 116     0.013174    99.612     0.012432    99.580    99.640
 117     0.012610    99.647     0.012744    99.540    99.640
 118     0.012445    99.637     0.013583    99.590    99.640
 119     0.012032    99.648     0.013143    99.610    99.640
 120     0.012409    99.657     0.014485    99.560    99.640
 121     0.012003    99.650     0.014112    99.520    99.640
 122     0.012313    99.660     0.013538    99.620    99.640
 123     0.011801    99.630     0.014757    99.520    99.640
 124     0.012090    99.662     0.012578    99.610    99.640
 125     0.011644    99.682     0.014054    99.560    99.640
 126     0.012222    99.652     0.013048    99.580    99.640
 127     0.010662    99.728     0.013032    99.620    99.640
 128     0.011759    99.663     0.014027    99.590    99.640
 129     0.011059    99.700     0.013947    99.580    99.640
 130     0.011315    99.702     0.013356    99.580    99.640
 131     0.011420    99.698     0.013715    99.540    99.640
 132     0.011670    99.650     0.015021    99.480    99.640
 133     0.011175    99.673     0.014119    99.520    99.640
 134     0.011298    99.667     0.013692    99.530    99.640
 135     0.011792    99.662     0.013520    99.560    99.640
 136     0.011561    99.647     0.012636    99.580    99.640
 137     0.010949    99.703     0.012868    99.540    99.640
 138     0.010827    99.688     0.012322    99.580    99.640
 139     0.011259    99.682     0.013524    99.510    99.640
 140     0.011321    99.698     0.012884    99.610    99.640
 141     0.011148    99.703     0.013050    99.600    99.640
 142     0.011157    99.670     0.012272    99.600    99.640
 143     0.010987    99.707     0.012709    99.590    99.640
 144     0.010133    99.695     0.013263    99.550    99.640
 145     0.010479    99.690     0.012947    99.580    99.640
 146     0.010694    99.718     0.013134    99.600    99.640
 147     0.010449    99.717     0.012796    99.590    99.640
 148     0.010323    99.687     0.012299    99.580    99.640
 149     0.011180    99.658     0.013051    99.600    99.640
