   0     0.637679    88.767     0.268243    98.320    98.320
   1     0.283161    96.173     0.248854    98.030    98.320
   2     0.193360    97.027     0.107445    99.060    99.060
   3     0.148876    97.452     0.131050    98.230    99.060
   4     0.123959    97.653     0.099952    98.400    99.060
   5     0.105766    97.903     0.095827    98.770    99.060
   6     0.094888    97.993     0.095852    97.740    99.060
   7     0.086190    98.023     0.242538    95.430    99.060
   8     0.078100    98.135     0.129120    97.590    99.060
   9     0.073851    98.222     0.060760    99.230    99.230
  10     0.069562    98.235     0.042423    99.270    99.270
  11     0.066532    98.300     0.067690    98.670    99.270
  12     0.059914    98.450     0.078385    98.630    99.270
  13     0.057962    98.448     0.053767    98.840    99.270
  14     0.056318    98.550     0.046500    98.830    99.270
  15     0.055854    98.528     0.094497    98.180    99.270
  16     0.051797    98.603     0.050708    98.870    99.270
  17     0.049241    98.662     0.041334    98.880    99.270
  18     0.048000    98.668     0.030127    99.360    99.360
  19     0.046726    98.682     0.065438    98.170    99.360
  20     0.045235    98.755     0.157623    94.610    99.360
  21     0.042549    98.812     0.132049    95.580    99.360
  22     0.043568    98.750     0.029427    99.130    99.360
  23     0.042069    98.823     0.085143    97.390    99.360
  24     0.039346    98.890     0.029865    99.120    99.360
  25     0.038727    98.882     0.024860    99.380    99.380
  26     0.036622    98.918     0.091459    97.360    99.380
  27     0.038394    98.915     0.025702    99.470    99.470
  28     0.036376    98.940     0.021556    99.330    99.470
  29     0.034729    98.993     0.019545    99.550    99.550
  30     0.035406    99.015     0.033575    99.100    99.550
  31     0.034124    99.028     0.035222    99.090    99.550
  32     0.033417    99.085     0.024733    99.280    99.550
  33     0.032713    99.033     0.016815    99.550    99.550
  34     0.031933    99.075     0.018152    99.440    99.550
  35     0.031586    99.077     0.016714    99.590    99.590
  36     0.030101    99.110     0.019514    99.370    99.590
  37     0.030336    99.120     0.031289    99.270    99.590
  38     0.030404    99.132     0.020226    99.470    99.590
  39     0.028789    99.188     0.023737    99.330    99.590
  40     0.028987    99.123     0.015923    99.530    99.590
  41     0.027351    99.193     0.018044    99.500    99.590
  42     0.027239    99.243     0.021345    99.400    99.590
  43     0.026664    99.220     0.021741    99.360    99.590
  44     0.026634    99.240     0.014325    99.630    99.630
  45     0.027519    99.185     0.016670    99.500    99.630
  46     0.025599    99.253     0.019857    99.450    99.630
  47     0.025205    99.300     0.017808    99.440    99.630
  48     0.025252    99.307     0.015779    99.530    99.630
  49     0.024892    99.247     0.017149    99.520    99.630
  50     0.023802    99.263     0.024345    99.370    99.630
  51     0.024734    99.278     0.015505    99.530    99.630
  52     0.022598    99.352     0.018126    99.460    99.630
  53     0.022380    99.355     0.016180    99.520    99.630
  54     0.023191    99.322     0.020191    99.380    99.630
  55     0.020728    99.403     0.040825    98.860    99.630
  56     0.022411    99.333     0.024067    99.380    99.630
  57     0.023214    99.338     0.016256    99.520    99.630
  58     0.021187    99.342     0.017126    99.490    99.630
  59     0.021286    99.395     0.019040    99.430    99.630
  60     0.019471    99.458     0.016267    99.540    99.630
  61     0.021693    99.358     0.015794    99.510    99.630
  62     0.020092    99.417     0.020538    99.330    99.630
  63     0.019963    99.442     0.017959    99.500    99.630
  64     0.018628    99.492     0.014504    99.540    99.630
  65     0.019385    99.465     0.015345    99.560    99.630
  66     0.018481    99.455     0.015441    99.560    99.630
  67     0.018026    99.495     0.016318    99.530    99.630
  68     0.019185    99.435     0.019640    99.380    99.630
  69     0.018298    99.428     0.016771    99.460    99.630
  70     0.018849    99.462     0.016219    99.510    99.630
  71     0.016712    99.527     0.014262    99.540    99.630
  72     0.017283    99.502     0.015423    99.510    99.630
  73     0.017749    99.470     0.014820    99.580    99.630
  74     0.017989    99.452     0.015016    99.540    99.630
  75     0.017996    99.453     0.017404    99.500    99.630
  76     0.016936    99.508     0.014770    99.540    99.630
  77     0.017710    99.518     0.013715    99.590    99.630
  78     0.017524    99.463     0.014893    99.530    99.630
  79     0.016106    99.528     0.017532    99.500    99.630
  80     0.016272    99.533     0.014212    99.550    99.630
  81     0.016234    99.530     0.013465    99.620    99.630
  82     0.015460    99.537     0.013549    99.550    99.630
  83     0.015816    99.555     0.014376    99.580    99.630
  84     0.015546    99.558     0.018015    99.480    99.630
  85     0.014726    99.617     0.014345    99.550    99.630
  86     0.015968    99.525     0.013564    99.600    99.630
  87     0.015985    99.542     0.014337    99.570    99.630
  88     0.015280    99.582     0.013409    99.570    99.630
  89     0.015230    99.555     0.013770    99.570    99.630
  90     0.015591    99.563     0.016071    99.510    99.630
  91     0.015490    99.518     0.015458    99.540    99.630
  92     0.015702    99.553     0.013253    99.600    99.630
  93     0.014810    99.570     0.013350    99.600    99.630
  94     0.014452    99.568     0.013285    99.590    99.630
  95     0.013209    99.653     0.013321    99.590    99.630
  96     0.013580    99.612     0.015424    99.490    99.630
  97     0.014035    99.592     0.013830    99.580    99.630
  98     0.013613    99.618     0.014568    99.550    99.630
  99     0.014330    99.563     0.013602    99.600    99.630
 100     0.013720    99.605     0.013918    99.610    99.630
 101     0.014130    99.625     0.014089    99.560    99.630
 102     0.013034    99.618     0.013894    99.580    99.630
 103     0.013463    99.630     0.013965    99.570    99.630
 104     0.013131    99.620     0.014051    99.560    99.630
 105     0.012631    99.632     0.013103    99.560    99.630
 106     0.013122    99.638     0.014282    99.560    99.630
 107     0.012548    99.658     0.013291    99.550    99.630
 108     0.013477    99.603     0.013217    99.550    99.630
 109     0.012100    99.650     0.012456    99.600    99.630
 110     0.012387    99.643     0.014151    99.530    99.630
 111     0.013252    99.645     0.012705    99.620    99.630
 112     0.013404    99.598     0.014015    99.610    99.630
 113     0.011781    99.655     0.012747    99.600    99.630
 114     0.013037    99.653     0.012621    99.600    99.630
 115     0.012333    99.645     0.013705    99.600    99.630
 116     0.012395    99.655     0.014004    99.600    99.630
 117     0.012343    99.630     0.013257    99.560    99.630
 118     0.012796    99.630     0.012980    99.570    99.630
 119     0.012128    99.670     0.015081    99.570    99.630
 120     0.012513    99.648     0.012119    99.650    99.650
 121     0.011598    99.668     0.012657    99.630    99.650
 122     0.012138    99.677     0.013182    99.560    99.650
 123     0.012688    99.640     0.013722    99.550    99.650
 124     0.010885    99.703     0.012907    99.580    99.650
 125     0.011461    99.695     0.013516    99.580    99.650
 126     0.012380    99.650     0.013937    99.520    99.650
 127     0.011730    99.673     0.012857    99.610    99.650
 128     0.011714    99.687     0.013742    99.510    99.650
 129     0.011864    99.648     0.013146    99.580    99.650
 130     0.012033    99.662     0.012603    99.600    99.650
 131     0.011296    99.692     0.012575    99.590    99.650
 132     0.011295    99.675     0.012090    99.640    99.650
 133     0.011183    99.685     0.012759    99.590    99.650
 134     0.011598    99.685     0.012858    99.560    99.650
 135     0.011936    99.643     0.013159    99.600    99.650
 136     0.011014    99.700     0.013122    99.570    99.650
 137     0.011605    99.670     0.014136    99.510    99.650
 138     0.010983    99.725     0.013442    99.530    99.650
 139     0.011017    99.688     0.013249    99.600    99.650
 140     0.010726    99.705     0.012451    99.560    99.650
 141     0.010922    99.678     0.013419    99.580    99.650
 142     0.010404    99.727     0.012526    99.550    99.650
 143     0.011826    99.668     0.012958    99.560    99.650
 144     0.010396    99.740     0.012522    99.580    99.650
 145     0.010536    99.665     0.012944    99.550    99.650
 146     0.010838    99.705     0.013218    99.610    99.650
 147     0.010612    99.695     0.013776    99.570    99.650
 148     0.010987    99.693     0.012473    99.560    99.650
 149     0.011067    99.673     0.012349    99.580    99.650
