   0     0.623186    89.473     0.266527    98.170    98.170
   1     0.281201    96.220     0.153588    98.600    98.600
   2     0.192558    97.032     0.130195    98.640    98.640
   3     0.149758    97.403     0.225975    95.740    98.640
   4     0.125113    97.683     0.172566    97.520    98.640
   5     0.108787    97.838     0.096423    98.590    98.640
   6     0.095781    97.968     0.089687    98.790    98.790
   7     0.087806    97.922     0.076444    98.570    98.790
   8     0.080154    98.102     0.059487    99.010    99.010
   9     0.074744    98.212     0.131644    97.040    99.010
  10     0.070438    98.267     0.089164    98.260    99.010
  11     0.063263    98.418     0.094621    97.800    99.010
  12     0.063757    98.302     0.042186    99.230    99.230
  13     0.059569    98.423     0.036573    99.220    99.230
  14     0.054989    98.552     0.035261    99.160    99.230
  15     0.054494    98.492     0.105594    98.010    99.230
  16     0.052327    98.532     0.041005    99.210    99.230
  17     0.049096    98.638     0.067883    98.120    99.230
  18     0.048998    98.668     0.426020    84.010    99.230
  19     0.046202    98.747     0.044189    99.030    99.230
  20     0.044235    98.767     0.327961    86.360    99.230
  21     0.043833    98.792     0.053927    98.690    99.230
  22     0.042146    98.790     0.030716    99.230    99.230
  23     0.042606    98.812     0.102613    98.010    99.230
  24     0.040375    98.812     0.030852    99.100    99.230
  25     0.038697    98.957     0.182487    93.040    99.230
  26     0.040064    98.847     0.083237    98.330    99.230
  27     0.037452    98.917     0.044031    98.840    99.230
  28     0.036635    98.930     0.033681    99.190    99.230
  29     0.036979    98.950     0.046994    98.720    99.230
  30     0.035167    98.972     0.025307    99.370    99.370
  31     0.034804    99.027     0.018922    99.450    99.450
  32     0.032690    99.070     0.044921    98.920    99.450
  33     0.030774    99.117     0.061543    98.230    99.450
  34     0.032805    99.065     0.019715    99.400    99.450
  35     0.028439    99.232     0.018198    99.470    99.470
  36     0.030528    99.152     0.021738    99.440    99.470
  37     0.029687    99.152     0.023351    99.400    99.470
  38     0.030354    99.105     0.038117    99.170    99.470
  39     0.028502    99.183     0.023976    99.340    99.470
  40     0.027379    99.210     0.020244    99.360    99.470
  41     0.028607    99.185     0.018744    99.350    99.470
  42     0.026372    99.235     0.017441    99.430    99.470
  43     0.027282    99.195     0.018049    99.540    99.540
  44     0.024873    99.298     0.014890    99.540    99.540
  45     0.025617    99.253     0.019224    99.460    99.540
  46     0.026622    99.228     0.021908    99.430    99.540
  47     0.026287    99.222     0.024918    99.400    99.540
  48     0.026241    99.238     0.038335    99.020    99.540
  49     0.025236    99.265     0.014867    99.470    99.540
  50     0.024991    99.255     0.019911    99.460    99.540
  51     0.022558    99.337     0.013434    99.600    99.600
  52     0.022894    99.330     0.033505    99.060    99.600
  53     0.023144    99.350     0.015997    99.460    99.600
  54     0.022815    99.315     0.016392    99.470    99.600
  55     0.022242    99.357     0.075849    97.870    99.600
  56     0.021262    99.397     0.016430    99.500    99.600
  57     0.022098    99.352     0.015272    99.470    99.600
  58     0.021559    99.380     0.013619    99.540    99.600
  59     0.021471    99.385     0.029183    99.210    99.600
  60     0.020739    99.387     0.017079    99.440    99.600
  61     0.021528    99.352     0.019623    99.460    99.600
  62     0.020696    99.398     0.013264    99.590    99.600
  63     0.020951    99.385     0.022844    99.340    99.600
  64     0.020305    99.410     0.024328    99.250    99.600
  65     0.019727    99.435     0.013726    99.590    99.600
  66     0.020569    99.390     0.013283    99.570    99.600
  67     0.019440    99.435     0.017963    99.490    99.600
  68     0.019019    99.458     0.014652    99.590    99.600
  69     0.018565    99.463     0.014576    99.540    99.600
  70     0.018365    99.462     0.020766    99.400    99.600
  71     0.018484    99.495     0.016072    99.590    99.600
  72     0.016705    99.505     0.015814    99.580    99.600
  73     0.018403    99.462     0.022198    99.440    99.600
  74     0.016843    99.498     0.015052    99.500    99.600
  75     0.016661    99.522     0.012400    99.590    99.600
  76     0.017978    99.472     0.013070    99.530    99.600
  77     0.016580    99.555     0.013192    99.560    99.600
  78     0.017276    99.528     0.012543    99.530    99.600
  79     0.016011    99.543     0.015907    99.530    99.600
  80     0.016967    99.515     0.013696    99.550    99.600
  81     0.017166    99.498     0.015239    99.470    99.600
  82     0.016487    99.532     0.015949    99.520    99.600
  83     0.015830    99.563     0.013430    99.530    99.600
  84     0.016090    99.540     0.020428    99.500    99.600
  85     0.015674    99.525     0.015330    99.580    99.600
  86     0.014981    99.573     0.013340    99.590    99.600
  87     0.016959    99.513     0.013003    99.620    99.620
  88     0.014837    99.578     0.013241    99.610    99.620
  89     0.015558    99.535     0.017458    99.550    99.620
  90     0.015614    99.540     0.012989    99.630    99.630
  91     0.015440    99.542     0.014443    99.490    99.630
  92     0.014429    99.585     0.013685    99.610    99.630
  93     0.015010    99.580     0.013382    99.610    99.630
  94     0.014136    99.603     0.013545    99.600    99.630
  95     0.014579    99.580     0.014154    99.600    99.630
  96     0.014091    99.615     0.012501    99.640    99.640
  97     0.014390    99.592     0.012378    99.640    99.640
  98     0.014158    99.590     0.012104    99.630    99.640
  99     0.014337    99.587     0.013764    99.610    99.640
 100     0.014025    99.617     0.012289    99.640    99.640
 101     0.013677    99.598     0.012438    99.640    99.640
 102     0.013963    99.618     0.012527    99.600    99.640
 103     0.013939    99.598     0.013144    99.650    99.650
 104     0.013416    99.612     0.012898    99.620    99.650
 105     0.013848    99.603     0.012904    99.610    99.650
 106     0.012835    99.637     0.013849    99.560    99.650
 107     0.014449    99.575     0.012676    99.610    99.650
 108     0.012933    99.625     0.013162    99.590    99.650
 109     0.012630    99.637     0.012151    99.640    99.650
 110     0.012681    99.657     0.014517    99.580    99.650
 111     0.013203    99.640     0.013544    99.580    99.650
 112     0.012975    99.663     0.012513    99.540    99.650
 113     0.013343    99.612     0.012932    99.590    99.650
 114     0.013237    99.628     0.013185    99.570    99.650
 115     0.011285    99.660     0.012806    99.600    99.650
 116     0.011807    99.668     0.013337    99.590    99.650
 117     0.011949    99.672     0.012923    99.610    99.650
 118     0.012375    99.648     0.014002    99.630    99.650
 119     0.011843    99.683     0.014413    99.560    99.650
 120     0.012428    99.620     0.012908    99.610    99.650
 121     0.013505    99.608     0.013108    99.590    99.650
 122     0.011479    99.658     0.012912    99.640    99.650
 123     0.011397    99.690     0.013368    99.630    99.650
 124     0.012547    99.645     0.012754    99.560    99.650
 125     0.012225    99.652     0.013157    99.580    99.650
 126     0.011904    99.673     0.013459    99.590    99.650
 127     0.012529    99.662     0.012315    99.630    99.650
 128     0.011370    99.673     0.013403    99.610    99.650
 129     0.012066    99.673     0.012618    99.590    99.650
 130     0.011199    99.700     0.012764    99.590    99.650
 131     0.011730    99.688     0.013257    99.620    99.650
 132     0.011753    99.667     0.014574    99.590    99.650
 133     0.011463    99.668     0.014405    99.550    99.650
 134     0.012252    99.660     0.014788    99.490    99.650
 135     0.012089    99.640     0.013155    99.580    99.650
 136     0.011145    99.675     0.012853    99.590    99.650
 137     0.011783    99.660     0.012517    99.580    99.650
 138     0.011714    99.670     0.013159    99.580    99.650
 139     0.011377    99.705     0.014335    99.530    99.650
 140     0.010687    99.718     0.013208    99.570    99.650
 141     0.010788    99.707     0.012481    99.580    99.650
 142     0.011218    99.688     0.013207    99.590    99.650
 143     0.010988    99.702     0.013270    99.600    99.650
 144     0.011419    99.668     0.012663    99.630    99.650
 145     0.010628    99.732     0.013097    99.600    99.650
 146     0.010718    99.712     0.013010    99.610    99.650
 147     0.010086    99.722     0.013052    99.640    99.650
 148     0.010475    99.688     0.014299    99.590    99.650
 149     0.011238    99.678     0.013672    99.600    99.650
