   0     0.633369    88.965     0.306276    97.570    97.570
   1     0.278364    96.363     0.304432    96.890    97.570
   2     0.193398    97.083     0.172050    98.110    98.110
   3     0.152311    97.270     0.164822    97.740    98.110
   4     0.124173    97.727     0.096200    98.900    98.900
   5     0.107370    97.903     0.132348    98.110    98.900
   6     0.095833    97.957     0.314278    91.010    98.900
   7     0.087181    98.047     0.065558    99.050    99.050
   8     0.081570    98.118     0.107294    97.520    99.050
   9     0.071317    98.335     0.055013    98.980    99.050
  10     0.069674    98.288     0.051447    99.140    99.140
  11     0.065681    98.373     0.120486    98.010    99.140
  12     0.062218    98.387     0.094219    97.980    99.140
  13     0.060540    98.417     0.112480    96.350    99.140
  14     0.057219    98.522     0.058050    98.930    99.140
  15     0.054679    98.527     0.043442    98.980    99.140
  16     0.054179    98.492     0.031767    99.410    99.410
  17     0.049816    98.692     0.025745    99.430    99.430
  18     0.047230    98.725     0.052711    98.620    99.430
  19     0.046330    98.790     0.023180    99.450    99.450
  20     0.047808    98.650     0.049693    98.890    99.450
  21     0.044870    98.703     0.128210    95.890    99.450
  22     0.042372    98.803     0.032282    99.120    99.450
  23     0.042297    98.818     0.045237    98.920    99.450
  24     0.041562    98.818     0.026725    99.280    99.450
  25     0.040048    98.897     0.015534    99.590    99.590
  26     0.037645    98.947     0.040485    98.680    99.590
  27     0.040060    98.843     0.018456    99.500    99.590
  28     0.037125    98.872     0.023184    99.270    99.590
  29     0.036881    98.937     0.024272    99.410    99.590
  30     0.035533    99.013     0.020764    99.470    99.590
  31     0.034544    99.048     0.447885    86.470    99.590
  32     0.035435    98.930     0.028108    99.340    99.590
  33     0.034080    99.027     0.026534    99.240    99.590
  34     0.033368    99.073     0.031644    99.260    99.590
  35     0.031260    99.082     0.019236    99.490    99.590
  36     0.032696    99.067     0.022970    99.460    99.590
  37     0.030684    99.097     0.023007    99.470    99.590
  38     0.032224    99.042     0.252220    90.060    99.590
  39     0.029325    99.147     0.018727    99.400    99.590
  40     0.030671    99.147     0.015011    99.600    99.600
  41     0.028983    99.195     0.063366    98.450    99.600
  42     0.027539    99.213     0.014734    99.520    99.600
  43     0.028223    99.143     0.020319    99.340    99.600
  44     0.027851    99.182     0.025702    99.400    99.600
  45     0.027588    99.180     0.015906    99.480    99.600
  46     0.027299    99.168     0.017433    99.440    99.600
  47     0.027713    99.163     0.016312    99.530    99.600
  48     0.025157    99.287     0.016812    99.510    99.600
  49     0.025541    99.270     0.015299    99.580    99.600
  50     0.024775    99.308     0.015649    99.460    99.600
  51     0.026523    99.193     0.015923    99.560    99.600
  52     0.024437    99.282     0.021228    99.400    99.600
  53     0.024492    99.315     0.018116    99.480    99.600
  54     0.023652    99.290     0.015110    99.550    99.600
  55     0.024178    99.282     0.019173    99.410    99.600
  56     0.024054    99.278     0.014571    99.540    99.600
  57     0.021492    99.353     0.014159    99.600    99.600
  58     0.022912    99.295     0.013022    99.570    99.600
  59     0.022836    99.353     0.030361    99.050    99.600
  60     0.021713    99.362     0.016620    99.540    99.600
  61     0.020714    99.420     0.016030    99.550    99.600
  62     0.020224    99.422     0.017631    99.480    99.600
  63     0.020072    99.417     0.014666    99.580    99.600
  64     0.019933    99.408     0.013950    99.570    99.600
  65     0.020982    99.357     0.016544    99.490    99.600
  66     0.019536    99.433     0.016103    99.530    99.600
  67     0.020021    99.440     0.013597    99.600    99.600
  68     0.019392    99.452     0.015698    99.510    99.600
  69     0.019523    99.420     0.015878    99.470    99.600
  70     0.020233    99.438     0.014859    99.570    99.600
  71     0.018988    99.440     0.013741    99.540    99.600
  72     0.019378    99.458     0.013945    99.560    99.600
  73     0.017881    99.512     0.017193    99.510    99.600
  74     0.018152    99.475     0.013061    99.590    99.600
  75     0.017701    99.468     0.015760    99.540    99.600
  76     0.018155    99.467     0.015828    99.500    99.600
  77     0.017888    99.473     0.014670    99.580    99.600
  78     0.018330    99.465     0.013038    99.580    99.600
  79     0.017866    99.498     0.015850    99.470    99.600
  80     0.018768    99.448     0.012022    99.640    99.640
  81     0.016828    99.503     0.013929    99.580    99.640
  82     0.016658    99.527     0.013665    99.550    99.640
  83     0.016118    99.567     0.016386    99.510    99.640
  84     0.017423    99.473     0.019677    99.380    99.640
  85     0.016359    99.557     0.013478    99.570    99.640
  86     0.016805    99.510     0.012267    99.540    99.640
  87     0.015692    99.582     0.012514    99.580    99.640
  88     0.015828    99.550     0.012619    99.630    99.640
  89     0.016226    99.510     0.015366    99.490    99.640
  90     0.017157    99.475     0.015227    99.590    99.640
  91     0.015815    99.540     0.013190    99.620    99.640
  92     0.015212    99.570     0.014144    99.560    99.640
  93     0.015560    99.537     0.014875    99.490    99.640
  94     0.015072    99.547     0.013425    99.550    99.640
  95     0.015347    99.565     0.013222    99.590    99.640
  96     0.015320    99.545     0.012203    99.610    99.640
  97     0.014651    99.582     0.012721    99.560    99.640
  98     0.014295    99.630     0.012733    99.580    99.640
  99     0.013802    99.583     0.012709    99.570    99.640
 100     0.014169    99.608     0.012465    99.570    99.640
 101     0.014428    99.598     0.012262    99.590    99.640
 102     0.014399    99.630     0.015271    99.520    99.640
 103     0.014170    99.607     0.015122    99.540    99.640
 104     0.014031    99.573     0.014149    99.590    99.640
 105     0.013855    99.612     0.012418    99.560    99.640
 106     0.014317    99.587     0.013385    99.590    99.640
 107     0.013828    99.633     0.013410    99.590    99.640
 108     0.013639    99.615     0.011551    99.600    99.640
 109     0.013658    99.587     0.011506    99.620    99.640
 110     0.014020    99.585     0.012252    99.550    99.640
 111     0.014461    99.607     0.012521    99.600    99.640
 112     0.013649    99.610     0.012462    99.600    99.640
 113     0.013344    99.605     0.012920    99.550    99.640
 114     0.013212    99.633     0.012611    99.630    99.640
 115     0.013313    99.623     0.014981    99.540    99.640
 116     0.012975    99.658     0.012560    99.610    99.640
 117     0.013106    99.620     0.013381    99.600    99.640
 118     0.013336    99.590     0.012100    99.600    99.640
 119     0.012382    99.657     0.011747    99.650    99.650
 120     0.013316    99.627     0.013104    99.650    99.650
 121     0.011917    99.680     0.012938    99.580    99.650
 122     0.012305    99.635     0.012542    99.590    99.650
 123     0.013148    99.643     0.011868    99.650    99.650
 124     0.013303    99.618     0.012220    99.580    99.650
 125     0.013986    99.603     0.012102    99.610    99.650
 126     0.012782    99.650     0.012381    99.600    99.650
 127     0.012865    99.638     0.012658    99.580    99.650
 128     0.012313    99.633     0.012608    99.620    99.650
 129     0.013075    99.628     0.013942    99.580    99.650
 130     0.012418    99.667     0.012584    99.620    99.650
 131     0.011833    99.670     0.012385    99.610    99.650
 132     0.011705    99.663     0.013880    99.560    99.650
 133     0.012014    99.655     0.011945    99.610    99.650
 134     0.012177    99.657     0.012463    99.640    99.650
 135     0.011687    99.642     0.012402    99.610    99.650
 136     0.011652    99.685     0.013140    99.570    99.650
 137     0.011250    99.712     0.012548    99.620    99.650
 138     0.012129    99.643     0.011588    99.620    99.650
 139     0.012035    99.663     0.011853    99.640    99.650
 140     0.011505    99.685     0.011847    99.610    99.650
 141     0.011831    99.702     0.012162    99.620    99.650
 142     0.012236    99.662     0.012712    99.600    99.650
 143     0.011192    99.680     0.012385    99.620    99.650
 144     0.011424    99.677     0.011490    99.610    99.650
 145     0.011812    99.670     0.011911    99.620    99.650
 146     0.011976    99.670     0.012347    99.610    99.650
 147     0.011016    99.712     0.012151    99.610    99.650
 148     0.011184    99.707     0.012237    99.600    99.650
 149     0.010753    99.702     0.012524    99.630    99.650
