   0     0.641441    88.863     0.278914    97.930    97.930
   1     0.284063    96.183     0.210623    98.040    98.040
   2     0.195949    97.005     0.200414    97.680    98.040
   3     0.151409    97.373     0.118354    98.610    98.610
   4     0.125962    97.658     0.475486    82.600    98.610
   5     0.110072    97.722     0.074194    98.860    98.860
   6     0.095687    97.963     0.064758    99.020    99.020
   7     0.087558    98.005     0.128031    97.690    99.020
   8     0.080052    98.092     0.137182    98.060    99.020
   9     0.075269    98.235     0.207103    94.280    99.020
  10     0.069489    98.240     0.166903    95.350    99.020
  11     0.066525    98.327     0.040794    99.170    99.170
  12     0.061259    98.415     0.678036    79.060    99.170
  13     0.059061    98.403     0.139489    96.050    99.170
  14     0.056035    98.502     0.079955    98.410    99.170
  15     0.054730    98.548     0.244868    89.670    99.170
  16     0.052442    98.548     0.283298    87.670    99.170
  17     0.051225    98.602     0.059882    98.450    99.170
  18     0.047987    98.707     0.036325    99.050    99.170
  19     0.049070    98.602     0.048702    98.780    99.170
  20     0.046830    98.692     0.096776    97.280    99.170
  21     0.044771    98.740     0.039451    99.100    99.170
  22     0.042395    98.792     0.026201    99.370    99.370
  23     0.042140    98.853     0.037391    98.890    99.370
  24     0.040128    98.888     0.028586    99.300    99.370
  25     0.039697    98.905     0.041278    98.810    99.370
  26     0.038065    98.922     0.035497    99.100    99.370
  27     0.038029    98.888     0.025671    99.230    99.370
  28     0.038426    98.887     0.042828    98.630    99.370
  29     0.035071    98.990     0.028586    99.160    99.370
  30     0.035317    98.993     0.256733    88.390    99.370
  31     0.035262    98.938     0.017441    99.520    99.520
  32     0.033467    98.993     0.047886    98.680    99.520
  33     0.033735    99.047     0.028440    99.150    99.520
  34     0.034534    98.983     0.024205    99.260    99.520
  35     0.031934    99.068     0.037852    98.810    99.520
  36     0.031522    99.062     0.019896    99.470    99.520
  37     0.031295    99.088     0.018127    99.550    99.550
  38     0.030538    99.072     0.019283    99.490    99.550
  39     0.030121    99.117     0.022860    99.360    99.550
  40     0.029250    99.138     0.019483    99.370    99.550
  41     0.030143    99.155     0.017807    99.540    99.550
  42     0.028473    99.145     0.021724    99.370    99.550
  43     0.027658    99.182     0.022288    99.280    99.550
  44     0.027643    99.182     0.024029    99.400    99.550
  45     0.026953    99.205     0.029319    99.380    99.550
  46     0.026608    99.250     0.014499    99.500    99.550
  47     0.024847    99.278     0.016272    99.510    99.550
  48     0.025751    99.260     0.016071    99.520    99.550
  49     0.025416    99.257     0.018981    99.350    99.550
  50     0.024792    99.293     0.030874    99.150    99.550
  51     0.024988    99.295     0.016798    99.440    99.550
  52     0.025150    99.243     0.018106    99.400    99.550
  53     0.023057    99.355     0.015797    99.520    99.550
  54     0.023183    99.320     0.018195    99.380    99.550
  55     0.023142    99.302     0.016705    99.520    99.550
  56     0.022541    99.337     0.019263    99.380    99.550
  57     0.022517    99.317     0.021268    99.380    99.550
  58     0.021827    99.373     0.014664    99.540    99.550
  59     0.022242    99.345     0.014174    99.550    99.550
  60     0.021717    99.348     0.024811    99.210    99.550
  61     0.022023    99.388     0.015399    99.530    99.550
  62     0.020198    99.418     0.015143    99.490    99.550
  63     0.020453    99.388     0.017250    99.570    99.570
  64     0.020385    99.427     0.014825    99.570    99.570
  65     0.020525    99.367     0.017543    99.480    99.570
  66     0.018690    99.480     0.013293    99.610    99.610
  67     0.018969    99.450     0.014886    99.550    99.610
  68     0.019797    99.413     0.017313    99.500    99.610
  69     0.019106    99.418     0.015621    99.580    99.610
  70     0.018218    99.450     0.017093    99.460    99.610
  71     0.018737    99.480     0.023466    99.320    99.610
  72     0.019004    99.458     0.017565    99.550    99.610
  73     0.018828    99.463     0.016761    99.450    99.610
  74     0.018866    99.458     0.016171    99.500    99.610
  75     0.017619    99.477     0.017578    99.530    99.610
  76     0.018401    99.450     0.015613    99.590    99.610
  77     0.017242    99.525     0.014894    99.550    99.610
  78     0.017376    99.475     0.014228    99.530    99.610
  79     0.017559    99.500     0.011955    99.660    99.660
  80     0.017028    99.500     0.011919    99.670    99.670
  81     0.016339    99.518     0.012649    99.640    99.670
  82     0.016294    99.520     0.013837    99.620    99.670
  83     0.016307    99.497     0.014820    99.500    99.670
  84     0.015770    99.555     0.012912    99.600    99.670
  85     0.015774    99.545     0.016359    99.450    99.670
  86     0.015787    99.565     0.012888    99.620    99.670
  87     0.016851    99.535     0.012700    99.570    99.670
  88     0.016314    99.510     0.012994    99.630    99.670
  89     0.015635    99.555     0.013035    99.610    99.670
  90     0.015699    99.538     0.015990    99.510    99.670
  91     0.015001    99.552     0.012045    99.630    99.670
  92     0.015505    99.550     0.013422    99.610    99.670
  93     0.014278    99.573     0.015098    99.550    99.670
  94     0.014922    99.598     0.013625    99.520    99.670
  95     0.015643    99.538     0.013972    99.540    99.670
  96     0.014180    99.605     0.016102    99.490    99.670
  97     0.014305    99.573     0.012811    99.570    99.670
  98     0.015048    99.543     0.014343    99.560    99.670
  99     0.014629    99.565     0.014954    99.560    99.670
 100     0.014211    99.587     0.014563    99.590    99.670
 101     0.014543    99.572     0.013821    99.530    99.670
 102     0.013533    99.615     0.014920    99.540    99.670
 103     0.013883    99.633     0.013520    99.570    99.670
 104     0.014699    99.568     0.012697    99.560    99.670
 105     0.013327    99.615     0.013470    99.550    99.670
 106     0.013703    99.613     0.013000    99.630    99.670
 107     0.014049    99.590     0.014006    99.560    99.670
 108     0.014261    99.573     0.014215    99.560    99.670
 109     0.013909    99.598     0.013569    99.520    99.670
 110     0.013409    99.635     0.016521    99.430    99.670
 111     0.012474    99.638     0.013234    99.560    99.670
 112     0.013697    99.607     0.013587    99.540    99.670
 113     0.012873    99.652     0.014132    99.560    99.670
 114     0.013601    99.588     0.013138    99.520    99.670
 115     0.012465    99.650     0.013853    99.600    99.670
 116     0.012502    99.647     0.013183    99.640    99.670
 117     0.012772    99.643     0.013077    99.610    99.670
 118     0.012990    99.645     0.012233    99.650    99.670
 119     0.012311    99.638     0.013663    99.580    99.670
 120     0.013086    99.617     0.012467    99.580    99.670
 121     0.011826    99.665     0.013653    99.540    99.670
 122     0.011910    99.677     0.012835    99.520    99.670
 123     0.013496    99.628     0.014480    99.550    99.670
 124     0.012008    99.668     0.014459    99.460    99.670
 125     0.012347    99.643     0.012889    99.560    99.670
 126     0.012987    99.622     0.013390    99.580    99.670
 127     0.012282    99.643     0.012560    99.590    99.670
 128     0.012040    99.658     0.012041    99.600    99.670
 129     0.011958    99.663     0.012865    99.580    99.670
 130     0.012432    99.647     0.012089    99.610    99.670
 131     0.011333    99.678     0.013602    99.540    99.670
 132     0.012136    99.650     0.012732    99.570    99.670
 133     0.011133    99.707     0.013369    99.520    99.670
 134     0.011344    99.690     0.012374    99.590    99.670
 135     0.011341    99.695     0.011656    99.610    99.670
 136     0.011510    99.660     0.013669    99.580    99.670
 137     0.011907    99.647     0.013319    99.610    99.670
 138     0.011041    99.687     0.013131    99.570    99.670
 139     0.011182    99.682     0.012956    99.560    99.670
 140     0.011474    99.665     0.014564    99.620    99.670
 141     0.011218    99.685     0.013466    99.560    99.670
 142     0.011378    99.695     0.012770    99.640    99.670
 143     0.011338    99.672     0.013299    99.590    99.670
 144     0.010976    99.713     0.013119    99.630    99.670
 145     0.010864    99.697     0.012616    99.580    99.670
 146     0.011319    99.668     0.012617    99.600    99.670
 147     0.010415    99.710     0.012803    99.610    99.670
 148     0.011691    99.677     0.013034    99.550    99.670
 149     0.010849    99.680     0.013577    99.610    99.670
