   0     0.640662    88.795     0.315930    98.020    98.020
   1     0.281899    96.240     0.176005    98.840    98.840
   2     0.195300    96.927     0.139272    98.390    98.840
   3     0.151577    97.388     0.085722    99.070    99.070
   4     0.124084    97.612     0.113273    98.360    99.070
   5     0.108966    97.795     0.077458    98.860    99.070
   6     0.097382    97.913     0.080167    98.360    99.070
   7     0.088059    98.033     0.168918    96.590    99.070
   8     0.078255    98.193     0.060917    98.740    99.070
   9     0.075862    98.103     0.093374    97.910    99.070
  10     0.069141    98.262     0.044889    99.030    99.070
  11     0.065575    98.327     0.048896    99.000    99.070
  12     0.062091    98.362     0.071179    98.720    99.070
  13     0.061753    98.388     0.039123    99.140    99.140
  14     0.057016    98.508     0.052377    98.970    99.140
  15     0.053963    98.555     0.037220    99.000    99.140
  16     0.053357    98.558     0.052501    98.810    99.140
  17     0.049805    98.638     0.110046    97.200    99.140
  18     0.047543    98.697     1.234287    69.800    99.140
  19     0.045342    98.730     0.058018    98.810    99.140
  20     0.045725    98.713     0.028563    99.290    99.290
  21     0.044048    98.813     0.043823    99.020    99.290
  22     0.043575    98.725     0.034761    99.030    99.290
  23     0.038984    98.950     0.038867    99.080    99.290
  24     0.041835    98.768     0.026866    99.330    99.330
  25     0.038266    98.917     0.020133    99.450    99.450
  26     0.039014    98.887     0.045624    98.780    99.450
  27     0.036877    98.948     0.033693    99.000    99.450
  28     0.036579    98.948     0.036653    99.210    99.450
  29     0.035939    98.918     0.027217    99.160    99.450
  30     0.035114    99.018     0.025049    99.270    99.450
  31     0.036232    98.942     0.027829    99.110    99.450
  32     0.033431    99.030     0.026115    99.240    99.450
  33     0.033781    99.033     0.033777    99.040    99.450
  34     0.031247    99.110     0.018744    99.470    99.470
  35     0.032436    99.065     0.015855    99.570    99.570
  36     0.029892    99.145     0.017007    99.510    99.570
  37     0.031022    99.087     0.023452    99.340    99.570
  38     0.029710    99.132     0.028535    99.190    99.570
  39     0.028963    99.218     0.014535    99.590    99.590
  40     0.027359    99.223     0.045971    99.050    99.590
  41     0.027407    99.248     0.028004    99.130    99.590
  42     0.028704    99.192     0.016973    99.490    99.590
  43     0.026905    99.203     0.018540    99.490    99.590
  44     0.027167    99.200     0.024045    99.290    99.590
  45     0.026288    99.230     0.018095    99.450    99.590
  46     0.026062    99.255     0.019484    99.340    99.590
  47     0.025668    99.280     0.029706    99.140    99.590
  48     0.025901    99.243     0.032120    99.030    99.590
  49     0.025638    99.242     0.018865    99.420    99.590
  50     0.024138    99.243     0.019342    99.430    99.590
  51     0.024687    99.262     0.017494    99.470    99.590
  52     0.022988    99.307     0.019927    99.360    99.590
  53     0.022742    99.330     0.024230    99.270    99.590
  54     0.023457    99.330     0.015593    99.520    99.590
  55     0.023495    99.328     0.018839    99.430    99.590
  56     0.022393    99.318     0.017539    99.460    99.590
  57     0.020926    99.418     0.020246    99.430    99.590
  58     0.022179    99.353     0.015899    99.480    99.590
  59     0.020456    99.400     0.018653    99.400    99.590
  60     0.021397    99.390     0.022979    99.350    99.590
  61     0.021137    99.383     0.015009    99.500    99.590
  62     0.019565    99.433     0.024617    99.240    99.590
  63     0.018970    99.467     0.017051    99.510    99.590
  64     0.020092    99.392     0.017951    99.520    99.590
  65     0.020823    99.390     0.020190    99.410    99.590
  66     0.019377    99.415     0.015389    99.520    99.590
  67     0.018840    99.422     0.015891    99.450    99.590
  68     0.019029    99.427     0.018869    99.460    99.590
  69     0.019026    99.450     0.014593    99.580    99.590
  70     0.018996    99.427     0.014334    99.490    99.590
  71     0.018201    99.470     0.014311    99.540    99.590
  72     0.018357    99.463     0.018579    99.480    99.590
  73     0.016904    99.515     0.019072    99.450    99.590
  74     0.017326    99.503     0.014568    99.520    99.590
  75     0.019236    99.453     0.014905    99.580    99.590
  76     0.017504    99.505     0.015625    99.580    99.590
  77     0.017169    99.495     0.013800    99.530    99.590
  78     0.018370    99.478     0.013138    99.580    99.590
  79     0.016341    99.545     0.015559    99.520    99.590
  80     0.016530    99.510     0.014460    99.570    99.590
  81     0.015396    99.588     0.014417    99.550    99.590
  82     0.016008    99.557     0.015328    99.610    99.610
  83     0.016614    99.507     0.015685    99.520    99.610
  84     0.015823    99.587     0.013517    99.610    99.610
  85     0.016424    99.512     0.013317    99.550    99.610
  86     0.016245    99.492     0.013941    99.540    99.610
  87     0.015913    99.550     0.013952    99.560    99.610
  88     0.014766    99.578     0.014910    99.530    99.610
  89     0.016316    99.513     0.015580    99.470    99.610
  90     0.015182    99.588     0.013851    99.600    99.610
  91     0.014513    99.590     0.012653    99.650    99.650
  92     0.015383    99.562     0.015135    99.500    99.650
  93     0.013706    99.597     0.013059    99.580    99.650
  94     0.014302    99.575     0.013906    99.600    99.650
  95     0.014669    99.565     0.012604    99.610    99.650
  96     0.014292    99.595     0.014193    99.550    99.650
  97     0.014356    99.567     0.016145    99.530    99.650
  98     0.014127    99.590     0.012412    99.570    99.650
  99     0.013526    99.618     0.013437    99.600    99.650
 100     0.013320    99.585     0.014722    99.540    99.650
 101     0.014948    99.568     0.013422    99.620    99.650
 102     0.013444    99.620     0.013982    99.530    99.650
 103     0.013464    99.623     0.015463    99.520    99.650
 104     0.013333    99.620     0.013076    99.610    99.650
 105     0.012827    99.647     0.015086    99.530    99.650
 106     0.013087    99.637     0.013206    99.640    99.650
 107     0.013607    99.612     0.014333    99.580    99.650
 108     0.013470    99.633     0.013771    99.560    99.650
 109     0.014106    99.567     0.013175    99.620    99.650
 110     0.012600    99.632     0.013432    99.630    99.650
 111     0.012180    99.650     0.013428    99.620    99.650
 112     0.013606    99.613     0.012836    99.600    99.650
 113     0.012358    99.647     0.012655    99.580    99.650
 114     0.012571    99.657     0.012909    99.560    99.650
 115     0.012659    99.652     0.013204    99.660    99.660
 116     0.012494    99.655     0.012642    99.590    99.660
 117     0.012719    99.642     0.012891    99.550    99.660
 118     0.012870    99.622     0.013502    99.600    99.660
 119     0.012105    99.660     0.013811    99.550    99.660
 120     0.013152    99.633     0.014185    99.590    99.660
 121     0.012927    99.608     0.013637    99.580    99.660
 122     0.011696    99.690     0.013792    99.660    99.660
 123     0.011092    99.705     0.012741    99.630    99.660
 124     0.012212    99.650     0.012984    99.630    99.660
 125     0.011896    99.677     0.013827    99.560    99.660
 126     0.012063    99.655     0.013851    99.590    99.660
 127     0.011402    99.673     0.013780    99.580    99.660
 128     0.011876    99.678     0.012828    99.570    99.660
 129     0.011545    99.663     0.013334    99.590    99.660
 130     0.011216    99.680     0.014439    99.550    99.660
 131     0.012103    99.658     0.014122    99.550    99.660
 132     0.010832    99.672     0.013658    99.600    99.660
 133     0.011237    99.683     0.013535    99.540    99.660
 134     0.010687    99.690     0.013497    99.570    99.660
 135     0.011537    99.687     0.013277    99.610    99.660
 136     0.011192    99.695     0.013038    99.610    99.660
 137     0.010601    99.735     0.013062    99.600    99.660
 138     0.011419    99.687     0.013478    99.600    99.660
 139     0.010775    99.717     0.012670    99.580    99.660
 140     0.011200    99.692     0.012949    99.580    99.660
 141     0.011421    99.678     0.012374    99.640    99.660
 142     0.010557    99.727     0.012487    99.640    99.660
 143     0.011348    99.668     0.013729    99.600    99.660
 144     0.010766    99.702     0.012505    99.610    99.660
 145     0.010118    99.715     0.012988    99.590    99.660
 146     0.010316    99.703     0.013155    99.610    99.660
 147     0.010767    99.700     0.013133    99.550    99.660
 148     0.011110    99.698     0.012603    99.600    99.660
 149     0.011006    99.715     0.012749    99.600    99.660
