   0     0.524359    90.282     0.111755    99.050    99.050
   1     0.202223    97.177     0.089911    98.870    99.050
   2     0.139016    97.700     0.080578    99.250    99.250
   3     0.107057    97.987     0.048554    99.200    99.250
   4     0.088204    98.108     0.035150    99.430    99.430
   5     0.073624    98.368     0.051268    99.170    99.430
   6     0.067856    98.505     0.037915    99.310    99.430
   7     0.061168    98.580     0.103231    97.380    99.430
   8     0.056519    98.642     0.031355    99.130    99.430
   9     0.054350    98.613     0.023473    99.380    99.430
  10     0.049087    98.720     0.026831    99.330    99.430
  11     0.047580    98.730     0.022676    99.410    99.430
  12     0.042764    98.888     0.028124    99.190    99.430
  13     0.042535    98.865     0.016448    99.620    99.620
  14     0.041735    98.865     0.028869    99.260    99.620
  15     0.039054    98.938     0.018994    99.500    99.620
  16     0.036987    98.950     0.024408    99.380    99.620
  17     0.034816    99.043     0.021907    99.390    99.620
  18     0.033473    99.085     0.020189    99.490    99.620
  19     0.033161    99.025     0.016703    99.530    99.620
  20     0.030152    99.185     0.018084    99.470    99.620
  21     0.029371    99.187     0.014200    99.580    99.620
  22     0.029466    99.177     0.014937    99.590    99.620
  23     0.027729    99.227     0.015657    99.550    99.620
  24     0.028382    99.163     0.016523    99.520    99.620
  25     0.026960    99.258     0.013151    99.620    99.620
  26     0.025152    99.290     0.011443    99.660    99.660
  27     0.024229    99.283     0.014151    99.580    99.660
  28     0.024580    99.247     0.015401    99.590    99.660
  29     0.021075    99.372     0.016160    99.570    99.660
  30     0.022435    99.363     0.013547    99.580    99.660
  31     0.022121    99.328     0.018647    99.430    99.660
  32     0.020967    99.408     0.010333    99.720    99.720
  33     0.020929    99.390     0.012032    99.560    99.720
  34     0.018158    99.462     0.013199    99.600    99.720
  35     0.019510    99.408     0.011412    99.670    99.720
  36     0.018128    99.473     0.015063    99.590    99.720
  37     0.016761    99.513     0.010857    99.690    99.720
  38     0.017877    99.500     0.010055    99.730    99.730
  39     0.017065    99.485     0.011352    99.720    99.730
  40     0.017224    99.490     0.010614    99.720    99.730
  41     0.016203    99.508     0.011649    99.680    99.730
  42     0.016000    99.502     0.014289    99.570    99.730
  43     0.014873    99.575     0.011749    99.660    99.730
  44     0.014053    99.568     0.011006    99.720    99.730
  45     0.014989    99.543     0.010473    99.680    99.730
  46     0.013876    99.592     0.010316    99.730    99.730
  47     0.015266    99.567     0.010360    99.720    99.730
  48     0.013530    99.597     0.010165    99.690    99.730
  49     0.013744    99.598     0.010288    99.700    99.730
  50     0.012935    99.610     0.015505    99.590    99.730
  51     0.012928    99.622     0.011210    99.710    99.730
  52     0.012872    99.603     0.012803    99.660    99.730
  53     0.011836    99.675     0.011439    99.700    99.730
  54     0.011743    99.672     0.011908    99.690    99.730
  55     0.011861    99.645     0.012328    99.690    99.730
  56     0.011585    99.655     0.009777    99.760    99.760
  57     0.011387    99.685     0.012541    99.670    99.760
  58     0.010572    99.692     0.011145    99.680    99.760
  59     0.009923    99.735     0.009516    99.690    99.760
  60     0.009753    99.735     0.009675    99.740    99.760
  61     0.009641    99.722     0.009975    99.690    99.760
  62     0.009182    99.750     0.009823    99.670    99.760
  63     0.009270    99.720     0.013811    99.630    99.760
  64     0.009274    99.730     0.011270    99.700    99.760
  65     0.008754    99.753     0.011240    99.680    99.760
  66     0.008745    99.762     0.009827    99.800    99.800
  67     0.009060    99.750     0.009734    99.720    99.800
  68     0.008613    99.747     0.010424    99.750    99.800
  69     0.008324    99.747     0.009652    99.740    99.800
  70     0.008315    99.750     0.010090    99.730    99.800
  71     0.008255    99.742     0.009716    99.720    99.800
  72     0.006814    99.790     0.010189    99.710    99.800
  73     0.008154    99.778     0.010183    99.750    99.800
  74     0.007478    99.797     0.010967    99.680    99.800
  75     0.007646    99.767     0.011399    99.700    99.800
  76     0.006790    99.797     0.010881    99.700    99.800
  77     0.006197    99.815     0.011835    99.650    99.800
  78     0.006755    99.792     0.011379    99.670    99.800
  79     0.006922    99.793     0.013114    99.650    99.800
  80     0.007251    99.798     0.009692    99.760    99.800
  81     0.006376    99.818     0.010843    99.740    99.800
  82     0.006742    99.803     0.011174    99.720    99.800
  83     0.006589    99.812     0.011140    99.690    99.800
  84     0.007037    99.790     0.010556    99.730    99.800
  85     0.006777    99.802     0.011334    99.740    99.800
  86     0.005811    99.850     0.011172    99.630    99.800
  87     0.006189    99.828     0.010790    99.730    99.800
  88     0.005281    99.840     0.010891    99.720    99.800
  89     0.006213    99.820     0.011486    99.720    99.800
  90     0.006494    99.825     0.011831    99.720    99.800
  91     0.005649    99.813     0.011590    99.730    99.800
  92     0.005476    99.833     0.012997    99.670    99.800
  93     0.005243    99.838     0.011314    99.730    99.800
  94     0.005449    99.838     0.012277    99.630    99.800
  95     0.005381    99.847     0.011813    99.700    99.800
  96     0.004462    99.855     0.011904    99.700    99.800
  97     0.004954    99.867     0.011407    99.720    99.800
  98     0.004382    99.872     0.012732    99.670    99.800
  99     0.005296    99.838     0.012016    99.670    99.800
 100     0.005284    99.840     0.012543    99.700    99.800
 101     0.005049    99.863     0.011561    99.690    99.800
 102     0.004346    99.883     0.011815    99.710    99.800
 103     0.003976    99.883     0.012667    99.690    99.800
 104     0.004013    99.887     0.012927    99.720    99.800
 105     0.004382    99.873     0.012860    99.690    99.800
 106     0.003949    99.890     0.012874    99.700    99.800
 107     0.004286    99.878     0.012329    99.710    99.800
 108     0.003703    99.900     0.013247    99.680    99.800
 109     0.004293    99.872     0.012336    99.710    99.800
 110     0.004480    99.857     0.011598    99.720    99.800
 111     0.004477    99.868     0.011995    99.690    99.800
 112     0.004776    99.860     0.013099    99.650    99.800
 113     0.003774    99.903     0.012862    99.690    99.800
 114     0.003385    99.912     0.013176    99.640    99.800
 115     0.003863    99.880     0.013215    99.700    99.800
 116     0.003845    99.898     0.012033    99.700    99.800
 117     0.003910    99.893     0.012701    99.730    99.800
 118     0.003654    99.912     0.012177    99.720    99.800
 119     0.004063    99.878     0.012772    99.650    99.800
 120     0.003177    99.908     0.012763    99.650    99.800
 121     0.003568    99.898     0.012823    99.710    99.800
 122     0.003541    99.888     0.011454    99.690    99.800
 123     0.003351    99.903     0.012018    99.710    99.800
 124     0.004144    99.868     0.011741    99.680    99.800
 125     0.003211    99.917     0.011693    99.720    99.800
 126     0.003699    99.902     0.012153    99.710    99.800
 127     0.003074    99.922     0.012162    99.700    99.800
 128     0.003550    99.902     0.011299    99.730    99.800
 129     0.002945    99.913     0.012207    99.710    99.800
 130     0.003153    99.913     0.012029    99.710    99.800
 131     0.002675    99.922     0.012429    99.690    99.800
 132     0.003287    99.918     0.012285    99.720    99.800
 133     0.002932    99.925     0.012947    99.700    99.800
 134     0.003187    99.922     0.012091    99.710    99.800
 135     0.002963    99.915     0.012984    99.700    99.800
 136     0.003074    99.905     0.012064    99.710    99.800
 137     0.002796    99.925     0.012034    99.760    99.800
 138     0.003020    99.915     0.012177    99.720    99.800
 139     0.002916    99.920     0.011440    99.740    99.800
 140     0.002557    99.933     0.011540    99.730    99.800
 141     0.002880    99.927     0.011137    99.740    99.800
 142     0.003271    99.902     0.010996    99.740    99.800
 143     0.002991    99.930     0.011005    99.740    99.800
 144     0.002892    99.922     0.011703    99.730    99.800
 145     0.002800    99.935     0.010893    99.730    99.800
 146     0.002335    99.942     0.011559    99.750    99.800
 147     0.002955    99.897     0.012228    99.750    99.800
 148     0.002585    99.930     0.012441    99.720    99.800
 149     0.003080    99.923     0.012160    99.700    99.800
