   0     0.516058    90.707     0.155674    98.620    98.620
   1     0.200966    97.273     0.086713    99.080    99.080
   2     0.137556    97.720     0.086292    98.750    99.080
   3     0.105280    98.048     0.072692    99.110    99.110
   4     0.086537    98.235     0.042058    99.270    99.270
   5     0.076658    98.333     0.074000    98.290    99.270
   6     0.065991    98.545     0.033028    99.250    99.270
   7     0.061335    98.492     0.042889    99.110    99.270
   8     0.057900    98.553     0.140464    95.650    99.270
   9     0.052881    98.678     0.024332    99.530    99.530
  10     0.049410    98.738     0.031811    99.320    99.530
  11     0.048118    98.765     0.027049    99.320    99.530
  12     0.043903    98.785     0.023493    99.350    99.530
  13     0.042161    98.877     0.017189    99.520    99.530
  14     0.040626    98.918     0.040071    98.990    99.530
  15     0.039807    98.942     0.042665    98.680    99.530
  16     0.037025    98.973     0.022653    99.400    99.530
  17     0.035313    99.027     0.032519    99.100    99.530
  18     0.033377    99.082     0.022981    99.330    99.530
  19     0.031543    99.090     0.013511    99.590    99.590
  20     0.031899    99.102     0.017902    99.500    99.590
  21     0.029999    99.137     0.013020    99.670    99.670
  22     0.028381    99.218     0.014232    99.530    99.670
  23     0.026533    99.267     0.012109    99.670    99.670
  24     0.029368    99.162     0.019370    99.470    99.670
  25     0.025742    99.282     0.012243    99.650    99.670
  26     0.022916    99.358     0.027968    99.130    99.670
  27     0.023822    99.328     0.016984    99.560    99.670
  28     0.023752    99.308     0.015764    99.540    99.670
  29     0.022205    99.392     0.014229    99.560    99.670
  30     0.022258    99.352     0.012877    99.620    99.670
  31     0.022992    99.330     0.018662    99.450    99.670
  32     0.020730    99.403     0.011194    99.690    99.690
  33     0.022443    99.370     0.012642    99.540    99.690
  34     0.018722    99.487     0.010487    99.660    99.690
  35     0.020033    99.422     0.009079    99.730    99.730
  36     0.017212    99.530     0.014332    99.560    99.730
  37     0.018457    99.478     0.012360    99.660    99.730
  38     0.017612    99.468     0.011609    99.620    99.730
  39     0.017337    99.500     0.014353    99.590    99.730
  40     0.015801    99.545     0.010447    99.700    99.730
  41     0.016018    99.512     0.010059    99.750    99.750
  42     0.015308    99.557     0.012215    99.620    99.750
  43     0.014861    99.557     0.014520    99.530    99.750
  44     0.015945    99.520     0.009660    99.710    99.750
  45     0.013398    99.622     0.011960    99.630    99.750
  46     0.014761    99.558     0.011401    99.650    99.750
  47     0.012401    99.653     0.010848    99.700    99.750
  48     0.013720    99.605     0.010109    99.670    99.750
  49     0.012404    99.630     0.010427    99.660    99.750
  50     0.011707    99.663     0.009618    99.710    99.750
  51     0.013125    99.613     0.009578    99.710    99.750
  52     0.012089    99.640     0.010110    99.680    99.750
  53     0.011908    99.660     0.012293    99.610    99.750
  54     0.011156    99.690     0.012171    99.600    99.750
  55     0.012966    99.635     0.010208    99.710    99.750
  56     0.011068    99.653     0.010112    99.710    99.750
  57     0.010509    99.705     0.012004    99.580    99.750
  58     0.011736    99.632     0.010208    99.720    99.750
  59     0.009920    99.720     0.011241    99.610    99.750
  60     0.009709    99.720     0.010127    99.730    99.750
  61     0.010049    99.720     0.018525    99.500    99.750
  62     0.010420    99.660     0.011767    99.650    99.750
  63     0.010011    99.698     0.009704    99.660    99.750
  64     0.009289    99.743     0.011409    99.630    99.750
  65     0.009034    99.727     0.010263    99.690    99.750
  66     0.008923    99.733     0.012178    99.640    99.750
  67     0.009212    99.722     0.010323    99.720    99.750
  68     0.009968    99.700     0.011819    99.660    99.750
  69     0.007856    99.768     0.011653    99.680    99.750
  70     0.009712    99.702     0.012248    99.640    99.750
  71     0.007936    99.763     0.013616    99.640    99.750
  72     0.009485    99.762     0.010903    99.660    99.750
  73     0.007786    99.770     0.010734    99.690    99.750
  74     0.007838    99.778     0.011860    99.610    99.750
  75     0.007553    99.768     0.011001    99.650    99.750
  76     0.007264    99.775     0.011446    99.710    99.750
  77     0.007482    99.777     0.012757    99.590    99.750
  78     0.007566    99.772     0.010036    99.730    99.750
  79     0.006409    99.820     0.010822    99.670    99.750
  80     0.006392    99.807     0.011784    99.690    99.750
  81     0.006978    99.813     0.010304    99.690    99.750
  82     0.005819    99.840     0.009977    99.690    99.750
  83     0.006572    99.815     0.010477    99.680    99.750
  84     0.005613    99.843     0.010703    99.690    99.750
  85     0.006518    99.805     0.010533    99.690    99.750
  86     0.005630    99.835     0.010784    99.690    99.750
  87     0.005478    99.838     0.010290    99.740    99.750
  88     0.006486    99.817     0.010260    99.690    99.750
  89     0.006145    99.805     0.011902    99.650    99.750
  90     0.005849    99.827     0.010165    99.740    99.750
  91     0.005275    99.835     0.010260    99.690    99.750
  92     0.005215    99.848     0.010581    99.710    99.750
  93     0.004810    99.860     0.010835    99.720    99.750
  94     0.006104    99.835     0.011565    99.680    99.750
  95     0.006006    99.825     0.010775    99.730    99.750
  96     0.004595    99.887     0.009487    99.750    99.750
  97     0.005190    99.862     0.012206    99.680    99.750
  98     0.004462    99.863     0.011925    99.680    99.750
  99     0.004761    99.867     0.009646    99.710    99.750
 100     0.004592    99.878     0.010696    99.720    99.750
 101     0.005284    99.838     0.011387    99.670    99.750
 102     0.004517    99.863     0.012063    99.610    99.750
 103     0.004380    99.878     0.011663    99.690    99.750
 104     0.004728    99.872     0.010816    99.680    99.750
 105     0.004105    99.900     0.011669    99.700    99.750
 106     0.004450    99.870     0.011073    99.710    99.750
 107     0.003944    99.888     0.010932    99.680    99.750
 108     0.004302    99.875     0.012643    99.640    99.750
 109     0.004449    99.873     0.012045    99.680    99.750
 110     0.004466    99.875     0.011922    99.660    99.750
 111     0.003919    99.888     0.012258    99.680    99.750
 112     0.004236    99.892     0.011793    99.690    99.750
 113     0.003980    99.888     0.010744    99.730    99.750
 114     0.004219    99.877     0.011445    99.690    99.750
 115     0.004041    99.877     0.011346    99.700    99.750
 116     0.004042    99.893     0.011177    99.690    99.750
 117     0.003871    99.890     0.010840    99.730    99.750
 118     0.004174    99.885     0.010522    99.680    99.750
 119     0.003483    99.912     0.010875    99.700    99.750
 120     0.004102    99.888     0.011046    99.680    99.750
 121     0.003429    99.905     0.010896    99.750    99.750
 122     0.003276    99.923     0.011506    99.700    99.750
 123     0.004549    99.868     0.011672    99.640    99.750
 124     0.003673    99.888     0.012077    99.680    99.750
 125     0.003411    99.907     0.010869    99.720    99.750
 126     0.003209    99.912     0.011901    99.710    99.750
 127     0.002905    99.927     0.011835    99.660    99.750
 128     0.003146    99.920     0.011582    99.690    99.750
 129     0.003199    99.908     0.010811    99.720    99.750
 130     0.003571    99.902     0.012115    99.650    99.750
 131     0.003168    99.920     0.012928    99.650    99.750
 132     0.003339    99.917     0.011527    99.650    99.750
 133     0.002700    99.933     0.011360    99.680    99.750
 134     0.003024    99.905     0.011747    99.670    99.750
 135     0.002902    99.927     0.011393    99.700    99.750
 136     0.003290    99.910     0.012170    99.640    99.750
 137     0.003172    99.912     0.011679    99.680    99.750
 138     0.003093    99.932     0.010932    99.700    99.750
 139     0.002978    99.918     0.011898    99.670    99.750
 140     0.003039    99.912     0.011967    99.700    99.750
 141     0.002950    99.918     0.011497    99.730    99.750
 142     0.003085    99.920     0.011057    99.690    99.750
 143     0.002713    99.925     0.011754    99.660    99.750
 144     0.003229    99.900     0.011749    99.690    99.750
 145     0.003192    99.912     0.011537    99.670    99.750
 146     0.002697    99.932     0.010879    99.680    99.750
 147     0.002964    99.915     0.011604    99.690    99.750
 148     0.002233    99.942     0.012221    99.660    99.750
 149     0.002888    99.922     0.011381    99.710    99.750
