   0     0.511087    90.813     0.123033    98.950    98.950
   1     0.201750    97.185     0.086605    98.890    98.950
   2     0.134945    97.802     0.063590    98.990    98.990
   3     0.103720    98.098     0.050779    99.140    99.140
   4     0.087093    98.275     0.057764    98.950    99.140
   5     0.078382    98.253     0.067043    98.570    99.140
   6     0.067719    98.465     0.041570    99.130    99.140
   7     0.061643    98.543     0.028777    99.420    99.420
   8     0.054986    98.622     0.035216    99.480    99.480
   9     0.054535    98.580     0.025631    99.450    99.480
  10     0.050199    98.673     0.019190    99.530    99.530
  11     0.045779    98.800     0.054570    98.470    99.530
  12     0.045226    98.767     0.021852    99.490    99.530
  13     0.041877    98.858     0.022769    99.370    99.530
  14     0.038951    98.943     0.034008    99.210    99.530
  15     0.037998    98.928     0.020619    99.390    99.530
  16     0.035543    98.988     0.023150    99.380    99.530
  17     0.033490    99.085     0.019626    99.500    99.530
  18     0.033273    99.098     0.019044    99.470    99.530
  19     0.032820    99.038     0.024246    99.350    99.530
  20     0.030833    99.137     0.013464    99.650    99.650
  21     0.029829    99.160     0.017055    99.490    99.650
  22     0.028475    99.208     0.026308    99.260    99.650
  23     0.027795    99.175     0.016815    99.550    99.650
  24     0.026145    99.282     0.017353    99.590    99.650
  25     0.025792    99.240     0.019054    99.510    99.650
  26     0.026302    99.242     0.015466    99.590    99.650
  27     0.023916    99.327     0.012410    99.610    99.650
  28     0.024429    99.288     0.014415    99.580    99.650
  29     0.022473    99.363     0.013492    99.660    99.660
  30     0.020988    99.382     0.016737    99.500    99.660
  31     0.021055    99.402     0.014665    99.550    99.660
  32     0.020903    99.400     0.016403    99.530    99.660
  33     0.020308    99.405     0.012295    99.600    99.660
  34     0.018882    99.462     0.010377    99.670    99.670
  35     0.018682    99.463     0.016984    99.480    99.670
  36     0.017658    99.497     0.012039    99.670    99.670
  37     0.016581    99.498     0.008572    99.820    99.820
  38     0.017623    99.480     0.012753    99.650    99.820
  39     0.016277    99.562     0.009051    99.700    99.820
  40     0.017257    99.490     0.013281    99.680    99.820
  41     0.016571    99.527     0.010908    99.720    99.820
  42     0.014839    99.568     0.010407    99.680    99.820
  43     0.015997    99.547     0.009297    99.730    99.820
  44     0.014494    99.555     0.014073    99.610    99.820
  45     0.013949    99.597     0.009522    99.740    99.820
  46     0.014104    99.598     0.009549    99.670    99.820
  47     0.012909    99.640     0.011351    99.640    99.820
  48     0.012878    99.620     0.011803    99.620    99.820
  49     0.012437    99.652     0.013512    99.630    99.820
  50     0.013348    99.593     0.015026    99.580    99.820
  51     0.012537    99.643     0.008647    99.750    99.820
  52     0.012646    99.605     0.009969    99.680    99.820
  53     0.011230    99.680     0.008777    99.680    99.820
  54     0.011796    99.670     0.010222    99.690    99.820
  55     0.011726    99.648     0.009509    99.690    99.820
  56     0.012157    99.668     0.009648    99.680    99.820
  57     0.009926    99.702     0.009757    99.660    99.820
  58     0.010567    99.698     0.010885    99.650    99.820
  59     0.010984    99.693     0.012076    99.650    99.820
  60     0.009408    99.753     0.008503    99.760    99.820
  61     0.009138    99.737     0.009214    99.680    99.820
  62     0.010550    99.682     0.010465    99.700    99.820
  63     0.008794    99.727     0.013662    99.560    99.820
  64     0.009424    99.712     0.010940    99.670    99.820
  65     0.009142    99.718     0.008889    99.740    99.820
  66     0.008320    99.752     0.009858    99.720    99.820
  67     0.008150    99.752     0.009152    99.740    99.820
  68     0.008512    99.747     0.008370    99.740    99.820
  69     0.009009    99.728     0.009154    99.720    99.820
  70     0.008051    99.753     0.010610    99.730    99.820
  71     0.008854    99.748     0.009456    99.780    99.820
  72     0.007825    99.767     0.011131    99.670    99.820
  73     0.008391    99.750     0.013005    99.660    99.820
  74     0.007718    99.778     0.010077    99.700    99.820
  75     0.008171    99.760     0.009989    99.720    99.820
  76     0.007355    99.788     0.009277    99.770    99.820
  77     0.007021    99.793     0.011060    99.630    99.820
  78     0.006222    99.822     0.010661    99.680    99.820
  79     0.007740    99.785     0.009712    99.710    99.820
  80     0.006638    99.817     0.009907    99.720    99.820
  81     0.006680    99.813     0.008435    99.770    99.820
  82     0.006554    99.802     0.008879    99.720    99.820
  83     0.007322    99.782     0.010459    99.690    99.820
  84     0.005991    99.838     0.009567    99.680    99.820
  85     0.006162    99.822     0.010335    99.660    99.820
  86     0.005969    99.837     0.009466    99.740    99.820
  87     0.005540    99.848     0.009885    99.690    99.820
  88     0.005012    99.868     0.009159    99.730    99.820
  89     0.006798    99.820     0.008943    99.760    99.820
  90     0.005978    99.828     0.010116    99.710    99.820
  91     0.005300    99.845     0.009177    99.710    99.820
  92     0.005480    99.825     0.009919    99.670    99.820
  93     0.005273    99.852     0.009376    99.730    99.820
  94     0.005393    99.853     0.009764    99.720    99.820
  95     0.004817    99.872     0.010571    99.670    99.820
  96     0.005179    99.853     0.010245    99.660    99.820
  97     0.005443    99.847     0.010469    99.700    99.820
  98     0.004879    99.852     0.010551    99.680    99.820
  99     0.004956    99.863     0.009326    99.700    99.820
 100     0.004672    99.877     0.009610    99.710    99.820
 101     0.004624    99.877     0.010417    99.710    99.820
 102     0.004495    99.868     0.009753    99.700    99.820
 103     0.004857    99.857     0.009396    99.730    99.820
 104     0.004222    99.887     0.010351    99.730    99.820
 105     0.004862    99.848     0.008955    99.760    99.820
 106     0.004038    99.910     0.008647    99.720    99.820
 107     0.003967    99.903     0.009253    99.740    99.820
 108     0.004222    99.872     0.009818    99.700    99.820
 109     0.004531    99.865     0.009327    99.730    99.820
 110     0.004313    99.885     0.009824    99.740    99.820
 111     0.003723    99.885     0.009432    99.750    99.820
 112     0.003919    99.888     0.010687    99.720    99.820
 113     0.003873    99.887     0.009994    99.700    99.820
 114     0.003867    99.887     0.009430    99.770    99.820
 115     0.004572    99.862     0.009792    99.720    99.820
 116     0.003092    99.913     0.009975    99.730    99.820
 117     0.003917    99.890     0.009503    99.750    99.820
 118     0.003721    99.890     0.009415    99.770    99.820
 119     0.003584    99.883     0.009893    99.700    99.820
 120     0.003489    99.903     0.008850    99.780    99.820
 121     0.003620    99.888     0.009832    99.730    99.820
 122     0.003205    99.905     0.010559    99.750    99.820
 123     0.003205    99.908     0.010131    99.740    99.820
 124     0.003215    99.910     0.009693    99.750    99.820
 125     0.003209    99.912     0.009820    99.710    99.820
 126     0.003608    99.902     0.009715    99.720    99.820
 127     0.003461    99.905     0.009884    99.750    99.820
 128     0.003457    99.893     0.009884    99.720    99.820
 129     0.003223    99.915     0.010291    99.720    99.820
 130     0.003035    99.928     0.010004    99.740    99.820
 131     0.003521    99.895     0.011944    99.650    99.820
 132     0.003686    99.905     0.010445    99.680    99.820
 133     0.003610    99.895     0.010967    99.670    99.820
 134     0.003321    99.910     0.009696    99.700    99.820
 135     0.002695    99.940     0.010622    99.700    99.820
 136     0.003242    99.902     0.010283    99.730    99.820
 137     0.003244    99.898     0.009203    99.730    99.820
 138     0.002907    99.918     0.009798    99.700    99.820
 139     0.002744    99.917     0.009924    99.710    99.820
 140     0.002761    99.933     0.010366    99.710    99.820
 141     0.002886    99.925     0.009543    99.740    99.820
 142     0.002697    99.912     0.010502    99.730    99.820
 143     0.002477    99.923     0.009472    99.730    99.820
 144     0.003269    99.920     0.010520    99.710    99.820
 145     0.002545    99.938     0.010616    99.710    99.820
 146     0.002745    99.922     0.009483    99.720    99.820
 147     0.002721    99.925     0.010216    99.730    99.820
 148     0.002966    99.912     0.010419    99.720    99.820
 149     0.002428    99.930     0.009689    99.720    99.820
