   0     0.523837    90.413     0.136933    98.970    98.970
   1     0.199360    97.307     0.087619    98.940    98.970
   2     0.133421    97.842     0.065412    99.000    99.000
   3     0.104373    98.022     0.053061    99.400    99.400
   4     0.087320    98.212     0.036429    99.430    99.430
   5     0.075103    98.365     0.047813    99.130    99.430
   6     0.067755    98.440     0.037144    99.250    99.430
   7     0.061714    98.542     0.053573    99.000    99.430
   8     0.058164    98.560     0.045686    98.940    99.430
   9     0.053955    98.627     0.030519    99.250    99.430
  10     0.049600    98.763     0.047309    98.730    99.430
  11     0.045018    98.823     0.024594    99.400    99.430
  12     0.044988    98.760     0.019835    99.500    99.500
  13     0.042253    98.838     0.019838    99.520    99.520
  14     0.037701    98.943     0.030233    99.330    99.520
  15     0.037916    98.957     0.018417    99.500    99.520
  16     0.036311    98.995     0.028184    99.270    99.520
  17     0.036380    98.980     0.018374    99.470    99.520
  18     0.033132    99.092     0.030615    99.120    99.520
  19     0.031391    99.095     0.026720    99.260    99.520
  20     0.031761    99.132     0.018079    99.510    99.520
  21     0.030704    99.117     0.018197    99.470    99.520
  22     0.028645    99.243     0.012784    99.650    99.650
  23     0.029261    99.143     0.012806    99.620    99.650
  24     0.026379    99.287     0.013640    99.600    99.650
  25     0.024579    99.310     0.015410    99.570    99.650
  26     0.024820    99.300     0.010534    99.670    99.670
  27     0.024499    99.273     0.012182    99.650    99.670
  28     0.023370    99.293     0.014257    99.540    99.670
  29     0.023819    99.347     0.027686    99.180    99.670
  30     0.021966    99.365     0.010796    99.640    99.670
  31     0.021255    99.383     0.011815    99.620    99.670
  32     0.022119    99.358     0.015309    99.610    99.670
  33     0.020518    99.410     0.010967    99.650    99.670
  34     0.019858    99.457     0.010781    99.650    99.670
  35     0.018275    99.488     0.012675    99.540    99.670
  36     0.018705    99.453     0.012328    99.580    99.670
  37     0.017403    99.510     0.014944    99.610    99.670
  38     0.018413    99.473     0.011396    99.650    99.670
  39     0.017186    99.520     0.009713    99.690    99.690
  40     0.016261    99.500     0.009269    99.720    99.720
  41     0.017681    99.495     0.010763    99.650    99.720
  42     0.013850    99.598     0.011845    99.620    99.720
  43     0.014418    99.575     0.009696    99.680    99.720
  44     0.015855    99.535     0.010130    99.660    99.720
  45     0.015274    99.528     0.009485    99.690    99.720
  46     0.014026    99.567     0.011289    99.660    99.720
  47     0.012962    99.635     0.014006    99.620    99.720
  48     0.013817    99.583     0.009916    99.670    99.720
  49     0.012515    99.647     0.010556    99.640    99.720
  50     0.013368    99.630     0.012585    99.610    99.720
  51     0.012349    99.648     0.011054    99.650    99.720
  52     0.012286    99.640     0.010088    99.680    99.720
  53     0.012294    99.630     0.011025    99.700    99.720
  54     0.011982    99.648     0.011634    99.660    99.720
  55     0.012408    99.627     0.010202    99.690    99.720
  56     0.011247    99.682     0.011554    99.610    99.720
  57     0.011239    99.650     0.011102    99.650    99.720
  58     0.010304    99.707     0.010701    99.640    99.720
  59     0.009627    99.728     0.010078    99.680    99.720
  60     0.010024    99.697     0.010907    99.670    99.720
  61     0.010784    99.678     0.009953    99.670    99.720
  62     0.010589    99.668     0.011174    99.650    99.720
  63     0.009385    99.740     0.009893    99.700    99.720
  64     0.008805    99.765     0.008538    99.740    99.740
  65     0.009680    99.718     0.009746    99.690    99.740
  66     0.008950    99.740     0.010996    99.670    99.740
  67     0.008997    99.740     0.011794    99.660    99.740
  68     0.008322    99.757     0.010022    99.630    99.740
  69     0.008567    99.737     0.011420    99.660    99.740
  70     0.009527    99.723     0.010019    99.670    99.740
  71     0.007785    99.737     0.010881    99.650    99.740
  72     0.007363    99.780     0.010992    99.640    99.740
  73     0.007930    99.758     0.011335    99.630    99.740
  74     0.006969    99.807     0.010436    99.650    99.740
  75     0.006999    99.813     0.011464    99.660    99.740
  76     0.007296    99.782     0.011092    99.670    99.740
  77     0.007289    99.787     0.011177    99.660    99.740
  78     0.007723    99.780     0.011433    99.650    99.740
  79     0.006893    99.802     0.011188    99.650    99.740
  80     0.006659    99.793     0.011119    99.690    99.740
  81     0.007259    99.770     0.010220    99.700    99.740
  82     0.006778    99.795     0.011060    99.720    99.740
  83     0.006536    99.798     0.010371    99.720    99.740
  84     0.006790    99.808     0.010084    99.680    99.740
  85     0.005841    99.820     0.010829    99.650    99.740
  86     0.006726    99.802     0.009845    99.720    99.740
  87     0.005834    99.808     0.009768    99.770    99.770
  88     0.005991    99.837     0.011397    99.660    99.770
  89     0.006264    99.812     0.010989    99.700    99.770
  90     0.006431    99.807     0.010502    99.690    99.770
  91     0.005414    99.840     0.010833    99.690    99.770
  92     0.005364    99.860     0.010125    99.710    99.770
  93     0.004676    99.845     0.010518    99.730    99.770
  94     0.006110    99.827     0.011356    99.650    99.770
  95     0.005327    99.855     0.010638    99.670    99.770
  96     0.005210    99.832     0.011833    99.670    99.770
  97     0.005450    99.843     0.010922    99.710    99.770
  98     0.005731    99.828     0.010819    99.670    99.770
  99     0.004193    99.883     0.010846    99.680    99.770
 100     0.005320    99.857     0.012381    99.620    99.770
 101     0.004899    99.865     0.011145    99.690    99.770
 102     0.004559    99.873     0.009789    99.700    99.770
 103     0.004115    99.885     0.011393    99.670    99.770
 104     0.004744    99.855     0.010395    99.670    99.770
 105     0.005175    99.843     0.010517    99.700    99.770
 106     0.004546    99.887     0.011582    99.660    99.770
 107     0.004191    99.877     0.010029    99.700    99.770
 108     0.004049    99.888     0.010824    99.680    99.770
 109     0.004182    99.882     0.010467    99.740    99.770
 110     0.004349    99.857     0.010141    99.750    99.770
 111     0.004022    99.877     0.010249    99.730    99.770
 112     0.004248    99.883     0.011597    99.680    99.770
 113     0.004040    99.888     0.012412    99.620    99.770
 114     0.004221    99.875     0.010680    99.680    99.770
 115     0.004084    99.872     0.010416    99.700    99.770
 116     0.003694    99.907     0.010929    99.690    99.770
 117     0.003914    99.902     0.010582    99.710    99.770
 118     0.003858    99.888     0.010802    99.650    99.770
 119     0.003644    99.918     0.010230    99.700    99.770
 120     0.003615    99.883     0.010569    99.700    99.770
 121     0.003683    99.888     0.010913    99.710    99.770
 122     0.003528    99.898     0.011425    99.710    99.770
 123     0.003188    99.923     0.010744    99.700    99.770
 124     0.003664    99.888     0.011303    99.680    99.770
 125     0.003707    99.893     0.011980    99.670    99.770
 126     0.003881    99.892     0.012872    99.690    99.770
 127     0.003595    99.895     0.011428    99.720    99.770
 128     0.003391    99.902     0.011580    99.700    99.770
 129     0.003832    99.892     0.011878    99.710    99.770
 130     0.003198    99.905     0.011560    99.680    99.770
 131     0.003353    99.898     0.011566    99.710    99.770
 132     0.003052    99.918     0.010769    99.710    99.770
 133     0.003041    99.915     0.011191    99.660    99.770
 134     0.003070    99.913     0.012614    99.650    99.770
 135     0.003089    99.932     0.011391    99.700    99.770
 136     0.002816    99.912     0.011193    99.700    99.770
 137     0.003291    99.897     0.010595    99.720    99.770
 138     0.002957    99.925     0.011011    99.720    99.770
 139     0.002694    99.930     0.010065    99.740    99.770
 140     0.002600    99.920     0.010347    99.760    99.770
 141     0.003388    99.903     0.010312    99.770    99.770
 142     0.003539    99.910     0.010357    99.780    99.780
 143     0.002776    99.922     0.009875    99.780    99.780
 144     0.003104    99.910     0.010945    99.710    99.780
 145     0.002808    99.928     0.011741    99.730    99.780
 146     0.003261    99.915     0.011220    99.690    99.780
 147     0.002748    99.925     0.011410    99.700    99.780
 148     0.002339    99.930     0.011036    99.740    99.780
 149     0.002120    99.952     0.011665    99.710    99.780
