   0     0.533081    90.023     0.165767    98.570    98.570
   1     0.203919    97.148     0.084722    99.110    99.110
   2     0.137995    97.773     0.068982    99.000    99.110
   3     0.106973    98.003     0.063111    98.830    99.110
   4     0.089533    98.210     0.045998    99.320    99.320
   5     0.075572    98.358     0.030757    99.350    99.350
   6     0.069804    98.362     0.035147    99.340    99.350
   7     0.063079    98.473     0.058239    98.570    99.350
   8     0.058264    98.563     0.040675    99.010    99.350
   9     0.052661    98.645     0.052050    98.680    99.350
  10     0.050891    98.660     0.024092    99.470    99.470
  11     0.049170    98.705     0.034058    99.260    99.470
  12     0.043543    98.845     0.027953    99.280    99.470
  13     0.042362    98.852     0.024792    99.330    99.470
  14     0.043033    98.765     0.017432    99.530    99.530
  15     0.038703    98.927     0.023701    99.430    99.530
  16     0.037940    98.985     0.015841    99.650    99.650
  17     0.035440    99.018     0.015456    99.580    99.650
  18     0.034835    99.028     0.014250    99.620    99.650
  19     0.032430    99.060     0.018183    99.430    99.650
  20     0.030221    99.150     0.038563    98.740    99.650
  21     0.031884    99.125     0.016530    99.570    99.650
  22     0.029705    99.172     0.018235    99.530    99.650
  23     0.026832    99.225     0.019897    99.400    99.650
  24     0.027149    99.235     0.014797    99.600    99.650
  25     0.026449    99.253     0.016208    99.530    99.650
  26     0.025324    99.272     0.011439    99.630    99.650
  27     0.025326    99.273     0.015987    99.510    99.650
  28     0.024628    99.288     0.016923    99.510    99.650
  29     0.023372    99.317     0.014175    99.590    99.650
  30     0.021846    99.328     0.014654    99.610    99.650
  31     0.021179    99.395     0.012656    99.610    99.650
  32     0.020795    99.375     0.013563    99.610    99.650
  33     0.019678    99.417     0.016376    99.570    99.650
  34     0.021359    99.378     0.017174    99.520    99.650
  35     0.018954    99.435     0.013965    99.620    99.650
  36     0.018286    99.492     0.011888    99.690    99.690
  37     0.018410    99.442     0.013058    99.600    99.690
  38     0.018263    99.482     0.012008    99.620    99.690
  39     0.017800    99.455     0.010981    99.660    99.690
  40     0.016115    99.535     0.012712    99.630    99.690
  41     0.017239    99.498     0.012504    99.650    99.690
  42     0.015377    99.555     0.011250    99.700    99.700
  43     0.016720    99.498     0.015327    99.580    99.700
  44     0.015582    99.558     0.011914    99.630    99.700
  45     0.014229    99.598     0.012141    99.670    99.700
  46     0.013389    99.638     0.011332    99.680    99.700
  47     0.015034    99.573     0.011222    99.640    99.700
  48     0.014402    99.568     0.013257    99.580    99.700
  49     0.013494    99.615     0.013339    99.650    99.700
  50     0.014108    99.590     0.010638    99.630    99.700
  51     0.011292    99.678     0.010645    99.670    99.700
  52     0.013805    99.610     0.012339    99.670    99.700
  53     0.011728    99.648     0.013011    99.660    99.700
  54     0.012425    99.657     0.013689    99.630    99.700
  55     0.011703    99.652     0.011638    99.640    99.700
  56     0.011241    99.675     0.010785    99.720    99.720
  57     0.011264    99.668     0.011612    99.640    99.720
  58     0.010174    99.695     0.012259    99.610    99.720
  59     0.010862    99.697     0.015018    99.590    99.720
  60     0.011299    99.668     0.011288    99.690    99.720
  61     0.010741    99.682     0.011931    99.660    99.720
  62     0.009228    99.733     0.012732    99.620    99.720
  63     0.010050    99.693     0.011231    99.700    99.720
  64     0.009235    99.733     0.013757    99.640    99.720
  65     0.008754    99.742     0.015236    99.590    99.720
  66     0.008976    99.720     0.011971    99.690    99.720
  67     0.007902    99.785     0.012862    99.620    99.720
  68     0.008407    99.750     0.010584    99.680    99.720
  69     0.008429    99.770     0.012154    99.670    99.720
  70     0.007532    99.762     0.012193    99.670    99.720
  71     0.008593    99.745     0.011299    99.670    99.720
  72     0.008213    99.732     0.011608    99.670    99.720
  73     0.008122    99.775     0.011232    99.670    99.720
  74     0.008216    99.763     0.013000    99.620    99.720
  75     0.007874    99.777     0.013944    99.610    99.720
  76     0.007740    99.762     0.012237    99.630    99.720
  77     0.006694    99.825     0.011649    99.670    99.720
  78     0.007329    99.783     0.012960    99.640    99.720
  79     0.007097    99.792     0.011799    99.700    99.720
  80     0.006748    99.810     0.012043    99.700    99.720
  81     0.006403    99.837     0.012620    99.590    99.720
  82     0.006675    99.797     0.012782    99.670    99.720
  83     0.006014    99.842     0.012031    99.620    99.720
  84     0.006131    99.843     0.012451    99.670    99.720
  85     0.006394    99.817     0.011799    99.700    99.720
  86     0.006250    99.820     0.013041    99.650    99.720
  87     0.006264    99.815     0.012580    99.680    99.720
  88     0.006339    99.810     0.011757    99.690    99.720
  89     0.005923    99.840     0.011749    99.680    99.720
  90     0.005598    99.847     0.012149    99.670    99.720
  91     0.005508    99.855     0.011391    99.710    99.720
  92     0.005831    99.833     0.011357    99.700    99.720
  93     0.005609    99.853     0.012735    99.680    99.720
  94     0.005792    99.827     0.011627    99.720    99.720
  95     0.004627    99.862     0.011658    99.710    99.720
  96     0.004377    99.877     0.011136    99.700    99.720
  97     0.004751    99.870     0.011621    99.670    99.720
  98     0.005727    99.843     0.012439    99.660    99.720
  99     0.004734    99.858     0.013107    99.690    99.720
 100     0.004879    99.862     0.012356    99.680    99.720
 101     0.004581    99.885     0.012068    99.690    99.720
 102     0.004232    99.882     0.011091    99.690    99.720
 103     0.004869    99.865     0.011381    99.670    99.720
 104     0.004065    99.898     0.012542    99.700    99.720
 105     0.004131    99.870     0.012161    99.670    99.720
 106     0.004430    99.875     0.012997    99.670    99.720
 107     0.004368    99.882     0.011610    99.690    99.720
 108     0.004049    99.892     0.011844    99.700    99.720
 109     0.004319    99.872     0.011888    99.670    99.720
 110     0.003798    99.893     0.012672    99.700    99.720
 111     0.004272    99.870     0.012271    99.650    99.720
 112     0.003713    99.888     0.012901    99.660    99.720
 113     0.003627    99.898     0.012244    99.680    99.720
 114     0.003668    99.905     0.012430    99.690    99.720
 115     0.003713    99.905     0.012864    99.710    99.720
 116     0.003838    99.903     0.012023    99.670    99.720
 117     0.004377    99.870     0.011877    99.680    99.720
 118     0.003957    99.877     0.011290    99.700    99.720
 119     0.003652    99.893     0.013056    99.650    99.720
 120     0.003621    99.895     0.012170    99.680    99.720
 121     0.004032    99.897     0.012259    99.680    99.720
 122     0.003830    99.892     0.012872    99.720    99.720
 123     0.003557    99.893     0.013091    99.680    99.720
 124     0.003593    99.890     0.012340    99.670    99.720
 125     0.003333    99.902     0.011937    99.690    99.720
 126     0.003388    99.902     0.012940    99.660    99.720
 127     0.003816    99.887     0.012597    99.700    99.720
 128     0.003053    99.922     0.013484    99.680    99.720
 129     0.003329    99.903     0.014611    99.600    99.720
 130     0.003305    99.910     0.012352    99.690    99.720
 131     0.003052    99.900     0.012692    99.670    99.720
 132     0.004001    99.892     0.011974    99.690    99.720
 133     0.003065    99.915     0.011997    99.700    99.720
 134     0.003010    99.923     0.012817    99.660    99.720
 135     0.003037    99.915     0.013150    99.660    99.720
 136     0.002960    99.908     0.012437    99.660    99.720
 137     0.003098    99.923     0.012884    99.680    99.720
 138     0.003293    99.907     0.012337    99.660    99.720
 139     0.003393    99.905     0.012640    99.680    99.720
 140     0.003330    99.902     0.012363    99.690    99.720
 141     0.002580    99.935     0.012042    99.700    99.720
 142     0.003018    99.907     0.012326    99.670    99.720
 143     0.003029    99.905     0.012452    99.660    99.720
 144     0.003323    99.908     0.012192    99.700    99.720
 145     0.003024    99.915     0.011798    99.680    99.720
 146     0.002627    99.932     0.011815    99.680    99.720
 147     0.002963    99.922     0.011693    99.670    99.720
 148     0.002840    99.918     0.011968    99.660    99.720
 149     0.002747    99.925     0.012138    99.680    99.720
