   0     0.521119    90.493     0.130098    98.510    98.510
   1     0.199454    97.358     0.088604    98.970    98.970
   2     0.133381    97.813     0.064818    99.040    99.040
   3     0.105610    98.002     0.067843    98.930    99.040
   4     0.086266    98.215     0.044252    99.200    99.200
   5     0.076878    98.342     0.038918    99.360    99.360
   6     0.066402    98.510     0.045636    99.030    99.360
   7     0.061562    98.570     0.035680    99.210    99.360
   8     0.057656    98.565     0.156340    95.360    99.360
   9     0.052426    98.672     0.117908    96.160    99.360
  10     0.048121    98.723     0.027081    99.440    99.440
  11     0.049030    98.673     0.037742    99.050    99.440
  12     0.045104    98.813     0.020111    99.560    99.560
  13     0.042006    98.877     0.025009    99.340    99.560
  14     0.038882    98.935     0.025818    99.320    99.560
  15     0.039003    98.960     0.031444    99.160    99.560
  16     0.035942    99.018     0.015765    99.540    99.560
  17     0.034313    99.087     0.041045    98.930    99.560
  18     0.033427    99.042     0.026137    99.320    99.560
  19     0.032366    99.103     0.023449    99.440    99.560
  20     0.032444    99.083     0.018375    99.480    99.560
  21     0.030590    99.160     0.013104    99.640    99.640
  22     0.028838    99.202     0.023657    99.280    99.640
  23     0.026746    99.243     0.015343    99.540    99.640
  24     0.026871    99.272     0.014968    99.550    99.640
  25     0.027092    99.230     0.012612    99.620    99.640
  26     0.023819    99.317     0.014153    99.550    99.640
  27     0.023894    99.323     0.015442    99.550    99.640
  28     0.024623    99.295     0.017012    99.520    99.640
  29     0.021416    99.392     0.010806    99.660    99.660
  30     0.022443    99.350     0.012887    99.600    99.660
  31     0.020759    99.397     0.014590    99.540    99.660
  32     0.021500    99.365     0.012196    99.610    99.660
  33     0.021146    99.392     0.012550    99.590    99.660
  34     0.018702    99.438     0.012836    99.630    99.660
  35     0.019405    99.447     0.011639    99.680    99.680
  36     0.016433    99.532     0.009041    99.700    99.700
  37     0.017675    99.497     0.017627    99.500    99.700
  38     0.017194    99.477     0.010791    99.690    99.700
  39     0.018111    99.470     0.012180    99.640    99.700
  40     0.017447    99.502     0.012931    99.580    99.700
  41     0.016223    99.502     0.016182    99.550    99.700
  42     0.015700    99.560     0.009852    99.670    99.700
  43     0.015376    99.535     0.011231    99.700    99.700
  44     0.015617    99.545     0.019358    99.450    99.700
  45     0.014647    99.575     0.010671    99.690    99.700
  46     0.015188    99.558     0.010071    99.700    99.700
  47     0.013857    99.580     0.011114    99.650    99.700
  48     0.013521    99.607     0.009141    99.750    99.750
  49     0.013151    99.608     0.008711    99.750    99.750
  50     0.012568    99.633     0.011431    99.650    99.750
  51     0.012455    99.618     0.010314    99.620    99.750
  52     0.011874    99.680     0.010102    99.680    99.750
  53     0.012715    99.652     0.013439    99.630    99.750
  54     0.012386    99.647     0.011556    99.640    99.750
  55     0.012087    99.650     0.010251    99.670    99.750
  56     0.011526    99.668     0.008743    99.740    99.750
  57     0.010185    99.685     0.011593    99.680    99.750
  58     0.010236    99.720     0.011119    99.570    99.750
  59     0.010255    99.710     0.009992    99.690    99.750
  60     0.010480    99.722     0.011852    99.630    99.750
  61     0.010383    99.712     0.009512    99.710    99.750
  62     0.009929    99.718     0.012181    99.600    99.750
  63     0.008366    99.760     0.010175    99.670    99.750
  64     0.009149    99.722     0.009960    99.710    99.750
  65     0.009699    99.728     0.009742    99.680    99.750
  66     0.009770    99.690     0.009191    99.720    99.750
  67     0.007474    99.785     0.012247    99.650    99.750
  68     0.008003    99.767     0.009428    99.750    99.750
  69     0.007956    99.770     0.010166    99.710    99.750
  70     0.008002    99.762     0.009971    99.700    99.750
  71     0.007524    99.778     0.011608    99.630    99.750
  72     0.007800    99.787     0.010674    99.620    99.750
  73     0.008364    99.732     0.011332    99.630    99.750
  74     0.008183    99.792     0.010138    99.700    99.750
  75     0.007969    99.760     0.011211    99.670    99.750
  76     0.007260    99.788     0.010617    99.660    99.750
  77     0.007622    99.793     0.009883    99.700    99.750
  78     0.006706    99.815     0.011605    99.600    99.750
  79     0.006253    99.802     0.010220    99.710    99.750
  80     0.007087    99.788     0.010444    99.620    99.750
  81     0.006621    99.813     0.009729    99.740    99.750
  82     0.006734    99.800     0.010568    99.660    99.750
  83     0.006195    99.817     0.010235    99.650    99.750
  84     0.006824    99.792     0.010402    99.650    99.750
  85     0.005805    99.838     0.010335    99.710    99.750
  86     0.006562    99.812     0.011728    99.680    99.750
  87     0.005871    99.828     0.011161    99.670    99.750
  88     0.005436    99.837     0.009982    99.700    99.750
  89     0.005493    99.848     0.010064    99.700    99.750
  90     0.005628    99.840     0.010963    99.680    99.750
  91     0.005248    99.855     0.009949    99.740    99.750
  92     0.006139    99.815     0.013595    99.670    99.750
  93     0.005155    99.855     0.011421    99.670    99.750
  94     0.005430    99.852     0.010403    99.690    99.750
  95     0.005146    99.850     0.010796    99.700    99.750
  96     0.004616    99.862     0.009704    99.750    99.750
  97     0.004512    99.880     0.012033    99.700    99.750
  98     0.004641    99.878     0.012192    99.660    99.750
  99     0.004415    99.867     0.010790    99.680    99.750
 100     0.004695    99.875     0.010397    99.730    99.750
 101     0.005415    99.838     0.009744    99.720    99.750
 102     0.004388    99.877     0.009797    99.710    99.750
 103     0.004385    99.860     0.009121    99.730    99.750
 104     0.005183    99.845     0.009936    99.710    99.750
 105     0.004860    99.868     0.010221    99.680    99.750
 106     0.004156    99.885     0.010070    99.700    99.750
 107     0.004277    99.875     0.009573    99.730    99.750
 108     0.004507    99.877     0.009472    99.720    99.750
 109     0.004149    99.883     0.009302    99.760    99.760
 110     0.004267    99.873     0.009842    99.710    99.760
 111     0.004363    99.875     0.009727    99.710    99.760
 112     0.003934    99.897     0.009069    99.730    99.760
 113     0.003773    99.887     0.010818    99.710    99.760
 114     0.003881    99.890     0.011399    99.740    99.760
 115     0.004337    99.877     0.011477    99.660    99.760
 116     0.003842    99.888     0.010542    99.720    99.760
 117     0.003408    99.917     0.009541    99.730    99.760
 118     0.003779    99.908     0.010376    99.700    99.760
 119     0.004274    99.880     0.010047    99.710    99.760
 120     0.004118    99.872     0.010015    99.740    99.760
 121     0.004331    99.887     0.011082    99.710    99.760
 122     0.003540    99.897     0.011307    99.730    99.760
 123     0.003540    99.892     0.010675    99.750    99.760
 124     0.004214    99.880     0.010330    99.740    99.760
 125     0.002746    99.923     0.011944    99.730    99.760
 126     0.003778    99.897     0.011397    99.710    99.760
 127     0.003313    99.898     0.009823    99.740    99.760
 128     0.003373    99.912     0.010549    99.730    99.760
 129     0.002964    99.928     0.011205    99.730    99.760
 130     0.003634    99.905     0.010026    99.760    99.760
 131     0.003015    99.922     0.009939    99.730    99.760
 132     0.003494    99.905     0.009834    99.740    99.760
 133     0.003132    99.910     0.009599    99.740    99.760
 134     0.003339    99.917     0.010317    99.700    99.760
 135     0.002491    99.930     0.010320    99.700    99.760
 136     0.002902    99.908     0.010101    99.710    99.760
 137     0.003955    99.872     0.011264    99.680    99.760
 138     0.003253    99.918     0.011028    99.670    99.760
 139     0.002732    99.930     0.012003    99.650    99.760
 140     0.002967    99.910     0.010390    99.720    99.760
 141     0.002725    99.930     0.010780    99.720    99.760
 142     0.002580    99.937     0.011504    99.690    99.760
 143     0.002758    99.930     0.011452    99.650    99.760
 144     0.002664    99.918     0.010782    99.690    99.760
 145     0.003028    99.925     0.011399    99.730    99.760
 146     0.002721    99.917     0.011635    99.680    99.760
 147     0.002479    99.928     0.011491    99.710    99.760
 148     0.003025    99.925     0.010991    99.730    99.760
 149     0.002133    99.953     0.011715    99.730    99.760
