   0     0.526970    90.300     0.114748    98.970    98.970
   1     0.198879    97.280     0.069283    99.120    99.120
   2     0.137009    97.723     0.062878    99.000    99.120
   3     0.104327    98.098     0.047766    99.290    99.290
   4     0.086482    98.278     0.044057    99.230    99.290
   5     0.075798    98.367     0.042808    99.370    99.370
   6     0.067333    98.460     0.028910    99.470    99.470
   7     0.061328    98.553     0.037453    99.250    99.470
   8     0.055788    98.657     0.029336    99.390    99.470
   9     0.054466    98.630     0.025182    99.420    99.470
  10     0.048907    98.767     0.027391    99.310    99.470
  11     0.045431    98.877     0.025130    99.410    99.470
  12     0.045181    98.795     0.038881    99.050    99.470
  13     0.044454    98.803     0.014516    99.630    99.630
  14     0.040551    98.913     0.031466    99.160    99.630
  15     0.037865    98.975     0.017463    99.460    99.630
  16     0.035770    98.995     0.015142    99.630    99.630
  17     0.037437    98.942     0.019226    99.560    99.630
  18     0.034293    99.057     0.015706    99.560    99.630
  19     0.032134    99.097     0.017289    99.550    99.630
  20     0.029990    99.167     0.016708    99.530    99.630
  21     0.030561    99.138     0.020065    99.480    99.630
  22     0.030761    99.160     0.016878    99.590    99.630
  23     0.027395    99.197     0.012673    99.670    99.670
  24     0.026656    99.213     0.014052    99.510    99.670
  25     0.025621    99.268     0.015056    99.580    99.670
  26     0.025201    99.272     0.014484    99.520    99.670
  27     0.022862    99.350     0.011299    99.650    99.670
  28     0.023402    99.347     0.012061    99.660    99.670
  29     0.024519    99.283     0.013258    99.640    99.670
  30     0.022156    99.372     0.010601    99.640    99.670
  31     0.021748    99.373     0.011061    99.710    99.710
  32     0.020955    99.425     0.011584    99.680    99.710
  33     0.021023    99.393     0.011168    99.670    99.710
  34     0.019867    99.435     0.013788    99.590    99.710
  35     0.017974    99.487     0.010579    99.690    99.710
  36     0.019459    99.418     0.012316    99.630    99.710
  37     0.018228    99.460     0.012118    99.650    99.710
  38     0.017904    99.485     0.010651    99.690    99.710
  39     0.015800    99.517     0.009427    99.690    99.710
  40     0.017846    99.457     0.009636    99.710    99.710
  41     0.016535    99.525     0.011341    99.680    99.710
  42     0.015596    99.533     0.011116    99.670    99.710
  43     0.015126    99.548     0.011591    99.660    99.710
  44     0.014792    99.575     0.010549    99.650    99.710
  45     0.014538    99.578     0.011717    99.690    99.710
  46     0.013677    99.612     0.010679    99.680    99.710
  47     0.013173    99.642     0.009315    99.730    99.730
  48     0.014333    99.578     0.011090    99.660    99.730
  49     0.014180    99.563     0.009864    99.690    99.730
  50     0.013272    99.607     0.012230    99.650    99.730
  51     0.013432    99.597     0.012914    99.600    99.730
  52     0.012088    99.637     0.012749    99.640    99.730
  53     0.012631    99.603     0.013967    99.550    99.730
  54     0.011395    99.682     0.009766    99.720    99.730
  55     0.011835    99.667     0.011270    99.690    99.730
  56     0.010443    99.712     0.008322    99.710    99.730
  57     0.010625    99.667     0.010724    99.600    99.730
  58     0.010377    99.688     0.012072    99.660    99.730
  59     0.010754    99.683     0.010333    99.630    99.730
  60     0.009957    99.688     0.011835    99.640    99.730
  61     0.009960    99.698     0.011631    99.620    99.730
  62     0.010097    99.710     0.010496    99.650    99.730
  63     0.009577    99.707     0.010559    99.630    99.730
  64     0.010432    99.702     0.010954    99.670    99.730
  65     0.008933    99.735     0.011254    99.700    99.730
  66     0.009858    99.723     0.009947    99.730    99.730
  67     0.007560    99.792     0.009462    99.680    99.730
  68     0.009802    99.705     0.011858    99.640    99.730
  69     0.008317    99.758     0.010914    99.670    99.730
  70     0.008413    99.773     0.011197    99.700    99.730
  71     0.007621    99.773     0.010586    99.690    99.730
  72     0.008229    99.743     0.010542    99.640    99.730
  73     0.007905    99.772     0.011012    99.700    99.730
  74     0.007222    99.785     0.010558    99.700    99.730
  75     0.007172    99.782     0.012057    99.660    99.730
  76     0.007601    99.762     0.012258    99.640    99.730
  77     0.007205    99.780     0.011180    99.700    99.730
  78     0.007226    99.773     0.009914    99.680    99.730
  79     0.006623    99.797     0.009356    99.690    99.730
  80     0.007266    99.773     0.011365    99.650    99.730
  81     0.006755    99.802     0.009814    99.700    99.730
  82     0.006041    99.817     0.011199    99.670    99.730
  83     0.006119    99.832     0.010010    99.700    99.730
  84     0.006707    99.810     0.012424    99.610    99.730
  85     0.006909    99.802     0.010987    99.690    99.730
  86     0.006749    99.795     0.010211    99.690    99.730
  87     0.005493    99.853     0.010654    99.670    99.730
  88     0.006915    99.822     0.011076    99.690    99.730
  89     0.005890    99.825     0.012554    99.650    99.730
  90     0.006022    99.835     0.011197    99.660    99.730
  91     0.005315    99.852     0.010873    99.710    99.730
  92     0.005980    99.835     0.011578    99.640    99.730
  93     0.006061    99.835     0.010698    99.690    99.730
  94     0.006106    99.835     0.010505    99.720    99.730
  95     0.005204    99.855     0.010437    99.690    99.730
  96     0.005779    99.822     0.011453    99.660    99.730
  97     0.004750    99.855     0.011289    99.690    99.730
  98     0.005278    99.855     0.012937    99.650    99.730
  99     0.006135    99.827     0.012075    99.640    99.730
 100     0.004591    99.882     0.010577    99.720    99.730
 101     0.004842    99.847     0.011458    99.690    99.730
 102     0.004641    99.873     0.010987    99.720    99.730
 103     0.005211    99.840     0.011914    99.700    99.730
 104     0.004641    99.872     0.012158    99.650    99.730
 105     0.004669    99.852     0.011888    99.680    99.730
 106     0.004368    99.865     0.012533    99.620    99.730
 107     0.004518    99.870     0.011593    99.650    99.730
 108     0.004759    99.873     0.011452    99.660    99.730
 109     0.004033    99.883     0.011164    99.680    99.730
 110     0.003770    99.893     0.009561    99.700    99.730
 111     0.004003    99.880     0.011200    99.700    99.730
 112     0.004481    99.882     0.010224    99.690    99.730
 113     0.003911    99.905     0.011499    99.650    99.730
 114     0.004705    99.860     0.011636    99.680    99.730
 115     0.004052    99.887     0.011338    99.630    99.730
 116     0.003961    99.882     0.013024    99.660    99.730
 117     0.003671    99.905     0.012309    99.670    99.730
 118     0.004184    99.882     0.010847    99.670    99.730
 119     0.003762    99.890     0.010851    99.660    99.730
 120     0.004280    99.872     0.012107    99.660    99.730
 121     0.003825    99.893     0.011499    99.670    99.730
 122     0.003560    99.885     0.010488    99.690    99.730
 123     0.003428    99.895     0.012012    99.670    99.730
 124     0.003930    99.887     0.011578    99.700    99.730
 125     0.003602    99.897     0.012090    99.670    99.730
 126     0.003807    99.893     0.011331    99.710    99.730
 127     0.003561    99.895     0.011471    99.710    99.730
 128     0.003470    99.903     0.011168    99.690    99.730
 129     0.003342    99.900     0.011873    99.660    99.730
 130     0.002891    99.912     0.011319    99.680    99.730
 131     0.003336    99.902     0.011913    99.680    99.730
 132     0.003114    99.922     0.010986    99.680    99.730
 133     0.003591    99.907     0.010332    99.710    99.730
 134     0.003092    99.910     0.010668    99.680    99.730
 135     0.002786    99.920     0.011422    99.660    99.730
 136     0.003442    99.910     0.011281    99.680    99.730
 137     0.003389    99.905     0.012693    99.660    99.730
 138     0.003783    99.892     0.011676    99.670    99.730
 139     0.003120    99.913     0.010817    99.680    99.730
 140     0.002902    99.922     0.011090    99.700    99.730
 141     0.003123    99.930     0.011418    99.720    99.730
 142     0.003061    99.912     0.011216    99.690    99.730
 143     0.002746    99.923     0.011069    99.740    99.740
 144     0.002666    99.932     0.012381    99.680    99.740
 145     0.002683    99.935     0.012360    99.670    99.740
 146     0.002982    99.910     0.012852    99.660    99.740
 147     0.002791    99.930     0.012102    99.670    99.740
 148     0.002532    99.937     0.011282    99.690    99.740
 149     0.002978    99.910     0.012679    99.670    99.740
