   0     0.519619    90.482     0.125386    98.940    98.940
   1     0.200025    97.292     0.093353    98.850    98.940
   2     0.134327    97.813     0.052284    99.460    99.460
   3     0.103166    98.110     0.046842    99.120    99.460
   4     0.085383    98.242     0.054514    98.860    99.460
   5     0.073840    98.380     0.041162    99.280    99.460
   6     0.068186    98.508     0.097391    97.770    99.460
   7     0.062761    98.465     0.039592    99.040    99.460
   8     0.055947    98.633     0.044321    99.140    99.460
   9     0.054009    98.615     0.030014    99.370    99.460
  10     0.048428    98.735     0.018632    99.580    99.580
  11     0.045020    98.805     0.019948    99.550    99.580
  12     0.043391    98.847     0.018517    99.530    99.580
  13     0.041707    98.890     0.019385    99.480    99.580
  14     0.040353    98.963     0.017418    99.580    99.580
  15     0.038560    98.942     0.018458    99.510    99.580
  16     0.037303    98.965     0.032061    99.270    99.580
  17     0.035552    99.018     0.018133    99.550    99.580
  18     0.033365    99.080     0.016954    99.520    99.580
  19     0.032886    99.055     0.020348    99.410    99.580
  20     0.031381    99.108     0.014454    99.570    99.580
  21     0.028487    99.165     0.019034    99.460    99.580
  22     0.029918    99.145     0.014263    99.560    99.580
  23     0.026993    99.205     0.012687    99.680    99.680
  24     0.026525    99.250     0.023908    99.230    99.680
  25     0.025724    99.258     0.013380    99.580    99.680
  26     0.025363    99.268     0.015329    99.620    99.680
  27     0.024915    99.283     0.011686    99.720    99.720
  28     0.021521    99.417     0.013335    99.560    99.720
  29     0.022560    99.315     0.016753    99.570    99.720
  30     0.022900    99.355     0.014025    99.570    99.720
  31     0.022401    99.367     0.011970    99.630    99.720
  32     0.021551    99.378     0.011849    99.670    99.720
  33     0.021135    99.410     0.011159    99.670    99.720
  34     0.019327    99.447     0.010595    99.700    99.720
  35     0.018882    99.443     0.013757    99.550    99.720
  36     0.018122    99.487     0.013455    99.580    99.720
  37     0.017841    99.473     0.011543    99.630    99.720
  38     0.017790    99.528     0.010059    99.650    99.720
  39     0.017397    99.527     0.013743    99.630    99.720
  40     0.017676    99.510     0.009970    99.730    99.730
  41     0.016306    99.527     0.010947    99.710    99.730
  42     0.015744    99.572     0.018427    99.480    99.730
  43     0.014932    99.563     0.013305    99.600    99.730
  44     0.014261    99.592     0.014106    99.580    99.730
  45     0.013908    99.595     0.012445    99.600    99.730
  46     0.015006    99.572     0.012476    99.600    99.730
  47     0.013280    99.610     0.010211    99.690    99.730
  48     0.013663    99.588     0.012511    99.690    99.730
  49     0.014832    99.575     0.010830    99.680    99.730
  50     0.013196    99.618     0.011441    99.670    99.730
  51     0.011761    99.672     0.010352    99.670    99.730
  52     0.012087    99.655     0.012391    99.650    99.730
  53     0.010775    99.713     0.009339    99.710    99.730
  54     0.011537    99.663     0.009943    99.680    99.730
  55     0.011941    99.650     0.009633    99.730    99.730
  56     0.012368    99.643     0.011010    99.650    99.730
  57     0.009986    99.702     0.011323    99.660    99.730
  58     0.010920    99.687     0.010659    99.690    99.730
  59     0.011418    99.678     0.012116    99.640    99.730
  60     0.010996    99.700     0.011121    99.650    99.730
  61     0.009543    99.708     0.010033    99.690    99.730
  62     0.009517    99.695     0.009276    99.680    99.730
  63     0.009386    99.720     0.009702    99.690    99.730
  64     0.009678    99.713     0.009960    99.700    99.730
  65     0.009480    99.723     0.010216    99.750    99.750
  66     0.009173    99.737     0.010299    99.730    99.750
  67     0.009532    99.698     0.010924    99.680    99.750
  68     0.008556    99.752     0.011611    99.680    99.750
  69     0.009524    99.727     0.009629    99.710    99.750
  70     0.008026    99.768     0.011513    99.690    99.750
  71     0.007538    99.795     0.009822    99.710    99.750
  72     0.007776    99.773     0.009326    99.730    99.750
  73     0.007990    99.762     0.009362    99.760    99.760
  74     0.007704    99.765     0.009481    99.680    99.760
  75     0.006921    99.790     0.009916    99.730    99.760
  76     0.007526    99.798     0.009880    99.740    99.760
  77     0.007520    99.780     0.008522    99.760    99.760
  78     0.006907    99.798     0.008865    99.760    99.760
  79     0.007702    99.768     0.009683    99.720    99.760
  80     0.006635    99.810     0.010213    99.680    99.760
  81     0.007808    99.788     0.010539    99.660    99.760
  82     0.006132    99.805     0.009659    99.690    99.760
  83     0.006566    99.815     0.010418    99.690    99.760
  84     0.006618    99.793     0.009872    99.750    99.760
  85     0.006702    99.807     0.011423    99.710    99.760
  86     0.005962    99.848     0.014199    99.650    99.760
  87     0.006073    99.818     0.013361    99.610    99.760
  88     0.006000    99.823     0.012328    99.670    99.760
  89     0.005246    99.865     0.011796    99.740    99.760
  90     0.005447    99.845     0.012667    99.660    99.760
  91     0.004986    99.858     0.012680    99.670    99.760
  92     0.005977    99.828     0.010867    99.690    99.760
  93     0.005007    99.860     0.010173    99.710    99.760
  94     0.005944    99.837     0.010426    99.730    99.760
  95     0.005504    99.848     0.013261    99.670    99.760
  96     0.004741    99.873     0.013247    99.680    99.760
  97     0.005495    99.842     0.012115    99.710    99.760
  98     0.005862    99.837     0.011503    99.680    99.760
  99     0.005104    99.845     0.012071    99.620    99.760
 100     0.005201    99.867     0.010670    99.720    99.760
 101     0.004618    99.865     0.011568    99.690    99.760
 102     0.004545    99.873     0.011363    99.700    99.760
 103     0.005185    99.847     0.011750    99.720    99.760
 104     0.004892    99.858     0.011555    99.740    99.760
 105     0.004845    99.862     0.010780    99.710    99.760
 106     0.004327    99.887     0.011300    99.710    99.760
 107     0.005004    99.852     0.011441    99.730    99.760
 108     0.004528    99.860     0.011598    99.680    99.760
 109     0.004191    99.885     0.011053    99.750    99.760
 110     0.003880    99.902     0.011049    99.720    99.760
 111     0.004194    99.867     0.011444    99.710    99.760
 112     0.004764    99.863     0.011110    99.700    99.760
 113     0.003878    99.893     0.011537    99.690    99.760
 114     0.004628    99.853     0.013001    99.660    99.760
 115     0.004051    99.885     0.012132    99.670    99.760
 116     0.003949    99.890     0.011000    99.680    99.760
 117     0.004071    99.885     0.011216    99.720    99.760
 118     0.003618    99.887     0.010954    99.680    99.760
 119     0.003612    99.910     0.010729    99.710    99.760
 120     0.003591    99.882     0.011543    99.690    99.760
 121     0.003073    99.913     0.010958    99.690    99.760
 122     0.003496    99.910     0.010527    99.700    99.760
 123     0.003431    99.902     0.011084    99.720    99.760
 124     0.003611    99.892     0.011230    99.710    99.760
 125     0.002908    99.922     0.010835    99.730    99.760
 126     0.003749    99.888     0.011535    99.720    99.760
 127     0.003710    99.888     0.011150    99.730    99.760
 128     0.002930    99.917     0.011365    99.710    99.760
 129     0.002853    99.932     0.012125    99.640    99.760
 130     0.002936    99.908     0.012045    99.700    99.760
 131     0.003063    99.908     0.012311    99.690    99.760
 132     0.003252    99.897     0.011515    99.720    99.760
 133     0.003173    99.908     0.011370    99.720    99.760
 134     0.003298    99.908     0.011294    99.710    99.760
 135     0.003246    99.902     0.011115    99.700    99.760
 136     0.003144    99.913     0.010786    99.700    99.760
 137     0.003477    99.902     0.012077    99.700    99.760
 138     0.003286    99.900     0.011235    99.710    99.760
 139     0.002990    99.917     0.010730    99.710    99.760
 140     0.002989    99.913     0.012082    99.730    99.760
 141     0.003472    99.903     0.011380    99.720    99.760
 142     0.002969    99.912     0.011007    99.730    99.760
 143     0.003158    99.915     0.011288    99.730    99.760
 144     0.002675    99.932     0.010977    99.740    99.760
 145     0.002391    99.940     0.012003    99.720    99.760
 146     0.002879    99.913     0.010981    99.730    99.760
 147     0.002935    99.925     0.010820    99.730    99.760
 148     0.002890    99.927     0.011067    99.690    99.760
 149     0.002160    99.947     0.010691    99.740    99.760
