   0     0.517302    90.440     0.139250    98.760    98.760
   1     0.198165    97.315     0.087907    99.180    99.180
   2     0.134084    97.862     0.110040    98.520    99.180
   3     0.105245    98.117     0.059884    99.170    99.180
   4     0.085987    98.195     0.081354    98.500    99.180
   5     0.074822    98.335     0.037898    99.250    99.250
   6     0.066098    98.463     0.097281    97.790    99.250
   7     0.062624    98.518     0.045107    99.020    99.250
   8     0.057652    98.560     0.022516    99.540    99.540
   9     0.053525    98.693     0.025791    99.560    99.560
  10     0.050042    98.700     0.024295    99.450    99.560
  11     0.045173    98.845     0.018626    99.540    99.560
  12     0.046769    98.708     0.045348    98.810    99.560
  13     0.041535    98.907     0.022543    99.450    99.560
  14     0.039973    98.920     0.021498    99.440    99.560
  15     0.037490    98.980     0.016005    99.560    99.560
  16     0.035393    99.027     0.021708    99.440    99.560
  17     0.035707    99.025     0.022676    99.410    99.560
  18     0.034519    99.030     0.028122    99.270    99.560
  19     0.032736    99.065     0.012363    99.690    99.690
  20     0.031090    99.077     0.017617    99.580    99.690
  21     0.029481    99.217     0.053201    98.410    99.690
  22     0.027957    99.212     0.014355    99.640    99.690
  23     0.027544    99.217     0.016163    99.520    99.690
  24     0.026030    99.253     0.013681    99.560    99.690
  25     0.026174    99.243     0.015229    99.520    99.690
  26     0.024403    99.268     0.012977    99.640    99.690
  27     0.024666    99.255     0.015699    99.580    99.690
  28     0.024442    99.275     0.012349    99.660    99.690
  29     0.022255    99.372     0.010952    99.660    99.690
  30     0.020858    99.403     0.016009    99.540    99.690
  31     0.021757    99.362     0.012061    99.670    99.690
  32     0.021180    99.357     0.010656    99.690    99.690
  33     0.020258    99.443     0.012471    99.620    99.690
  34     0.019251    99.407     0.013171    99.610    99.690
  35     0.019031    99.468     0.016005    99.540    99.690
  36     0.018609    99.487     0.015159    99.590    99.690
  37     0.017628    99.498     0.011331    99.680    99.690
  38     0.018630    99.510     0.012001    99.630    99.690
  39     0.015898    99.568     0.012954    99.600    99.690
  40     0.017375    99.498     0.012605    99.630    99.690
  41     0.016463    99.538     0.012240    99.620    99.690
  42     0.014889    99.570     0.011046    99.710    99.710
  43     0.014771    99.553     0.019323    99.520    99.710
  44     0.015815    99.562     0.013212    99.610    99.710
  45     0.014003    99.567     0.011561    99.680    99.710
  46     0.013857    99.593     0.011155    99.650    99.710
  47     0.014287    99.588     0.011627    99.630    99.710
  48     0.013545    99.620     0.014053    99.610    99.710
  49     0.014586    99.585     0.011011    99.690    99.710
  50     0.011868    99.650     0.012687    99.690    99.710
  51     0.011713    99.682     0.011095    99.710    99.710
  52     0.012345    99.658     0.013834    99.610    99.710
  53     0.011937    99.633     0.012224    99.670    99.710
  54     0.011722    99.650     0.011887    99.670    99.710
  55     0.011662    99.683     0.013946    99.620    99.710
  56     0.012418    99.627     0.010788    99.680    99.710
  57     0.011222    99.648     0.010904    99.720    99.720
  58     0.010111    99.693     0.012089    99.680    99.720
  59     0.009873    99.712     0.010493    99.660    99.720
  60     0.009983    99.707     0.012051    99.620    99.720
  61     0.009250    99.722     0.012582    99.650    99.720
  62     0.010744    99.690     0.013576    99.630    99.720
  63     0.008501    99.745     0.011663    99.650    99.720
  64     0.008760    99.715     0.012431    99.640    99.720
  65     0.009230    99.743     0.011499    99.690    99.720
  66     0.009597    99.727     0.012740    99.680    99.720
  67     0.008645    99.752     0.012584    99.660    99.720
  68     0.008028    99.765     0.012440    99.670    99.720
  69     0.008667    99.752     0.012455    99.700    99.720
  70     0.007708    99.783     0.014136    99.610    99.720
  71     0.008453    99.745     0.012964    99.620    99.720
  72     0.008524    99.768     0.011528    99.720    99.720
  73     0.007299    99.782     0.011912    99.690    99.720
  74     0.008471    99.752     0.012623    99.700    99.720
  75     0.006831    99.795     0.013143    99.660    99.720
  76     0.007745    99.770     0.012667    99.680    99.720
  77     0.006647    99.813     0.013097    99.650    99.720
  78     0.007162    99.777     0.014117    99.630    99.720
  79     0.006573    99.815     0.012296    99.680    99.720
  80     0.007383    99.797     0.014987    99.630    99.720
  81     0.006991    99.795     0.012036    99.670    99.720
  82     0.006547    99.812     0.011226    99.700    99.720
  83     0.006662    99.800     0.012271    99.660    99.720
  84     0.006004    99.850     0.012847    99.640    99.720
  85     0.006062    99.815     0.013376    99.590    99.720
  86     0.005944    99.827     0.012699    99.650    99.720
  87     0.006330    99.825     0.012409    99.700    99.720
  88     0.005794    99.838     0.012408    99.670    99.720
  89     0.006191    99.825     0.014976    99.610    99.720
  90     0.005438    99.842     0.013010    99.640    99.720
  91     0.005401    99.830     0.012379    99.700    99.720
  92     0.005159    99.867     0.012509    99.660    99.720
  93     0.005218    99.847     0.013781    99.670    99.720
  94     0.005564    99.845     0.013552    99.670    99.720
  95     0.005440    99.857     0.013198    99.670    99.720
  96     0.005376    99.853     0.014106    99.680    99.720
  97     0.005378    99.838     0.014108    99.720    99.720
  98     0.004949    99.853     0.015085    99.660    99.720
  99     0.005065    99.853     0.013871    99.730    99.730
 100     0.004532    99.870     0.014356    99.670    99.730
 101     0.005321    99.852     0.014497    99.660    99.730
 102     0.004800    99.882     0.014315    99.690    99.730
 103     0.004749    99.860     0.015396    99.650    99.730
 104     0.004786    99.860     0.013942    99.700    99.730
 105     0.004140    99.878     0.013051    99.710    99.730
 106     0.004446    99.877     0.013381    99.690    99.730
 107     0.004212    99.885     0.013239    99.690    99.730
 108     0.003805    99.888     0.012841    99.720    99.730
 109     0.004889    99.878     0.012964    99.700    99.730
 110     0.004442    99.873     0.013865    99.650    99.730
 111     0.004092    99.895     0.013582    99.670    99.730
 112     0.004096    99.872     0.014295    99.610    99.730
 113     0.004157    99.877     0.012531    99.660    99.730
 114     0.003941    99.890     0.013743    99.650    99.730
 115     0.003685    99.897     0.012071    99.690    99.730
 116     0.003806    99.900     0.014110    99.670    99.730
 117     0.003413    99.912     0.013576    99.650    99.730
 118     0.003864    99.882     0.014124    99.650    99.730
 119     0.003827    99.893     0.014004    99.640    99.730
 120     0.003111    99.920     0.013632    99.690    99.730
 121     0.003346    99.907     0.013911    99.620    99.730
 122     0.003387    99.907     0.013966    99.660    99.730
 123     0.003396    99.908     0.013389    99.680    99.730
 124     0.003578    99.900     0.015627    99.620    99.730
 125     0.003947    99.892     0.014438    99.670    99.730
 126     0.004116    99.885     0.015274    99.650    99.730
 127     0.003111    99.913     0.015165    99.640    99.730
 128     0.003594    99.907     0.014605    99.630    99.730
 129     0.004046    99.883     0.014783    99.650    99.730
 130     0.003217    99.908     0.014781    99.680    99.730
 131     0.002690    99.928     0.014078    99.680    99.730
 132     0.003087    99.912     0.014696    99.630    99.730
 133     0.003208    99.910     0.013721    99.660    99.730
 134     0.002669    99.918     0.014593    99.640    99.730
 135     0.003043    99.923     0.013587    99.710    99.730
 136     0.003103    99.913     0.014924    99.660    99.730
 137     0.003007    99.937     0.014528    99.710    99.730
 138     0.003003    99.922     0.014377    99.680    99.730
 139     0.002909    99.918     0.014713    99.680    99.730
 140     0.003597    99.905     0.014377    99.690    99.730
 141     0.003300    99.910     0.013329    99.690    99.730
 142     0.002474    99.935     0.013994    99.650    99.730
 143     0.002824    99.917     0.013061    99.710    99.730
 144     0.002959    99.918     0.012960    99.680    99.730
 145     0.002439    99.937     0.013772    99.670    99.730
 146     0.002452    99.933     0.014984    99.670    99.730
 147     0.002894    99.917     0.014269    99.700    99.730
 148     0.002882    99.935     0.014419    99.650    99.730
 149     0.002332    99.930     0.014289    99.680    99.730
