   0     0.514112    90.625     0.139344    98.970    98.970
   1     0.198477    97.248     0.091161    98.900    98.970
   2     0.134264    97.787     0.056837    99.340    99.340
   3     0.103387    98.132     0.077170    99.000    99.340
   4     0.085922    98.275     0.037184    99.300    99.340
   5     0.075694    98.358     0.048485    98.970    99.340
   6     0.066077    98.537     0.056580    98.570    99.340
   7     0.060580    98.580     0.035135    99.320    99.340
   8     0.056028    98.682     0.022689    99.550    99.550
   9     0.053159    98.653     0.033723    99.220    99.550
  10     0.051222    98.703     0.019556    99.500    99.550
  11     0.049030    98.700     0.020989    99.460    99.550
  12     0.042340    98.903     0.027878    99.440    99.550
  13     0.042279    98.888     0.022016    99.420    99.550
  14     0.041259    98.900     0.022460    99.420    99.550
  15     0.036697    99.018     0.021541    99.410    99.550
  16     0.036970    99.043     0.029785    99.340    99.550
  17     0.035289    98.998     0.021370    99.400    99.550
  18     0.034062    99.048     0.021601    99.310    99.550
  19     0.031468    99.075     0.023685    99.300    99.550
  20     0.030828    99.175     0.015707    99.550    99.550
  21     0.030999    99.125     0.021719    99.420    99.550
  22     0.026814    99.255     0.020365    99.360    99.550
  23     0.027283    99.187     0.014166    99.600    99.600
  24     0.027365    99.208     0.013542    99.650    99.650
  25     0.026815    99.223     0.027503    99.200    99.650
  26     0.024207    99.327     0.026543    99.300    99.650
  27     0.024794    99.290     0.016847    99.520    99.650
  28     0.024339    99.310     0.015663    99.530    99.650
  29     0.022921    99.347     0.012520    99.680    99.680
  30     0.022266    99.370     0.014777    99.510    99.680
  31     0.023113    99.358     0.012651    99.560    99.680
  32     0.020249    99.405     0.014257    99.560    99.680
  33     0.020176    99.405     0.024487    99.290    99.680
  34     0.019437    99.443     0.011199    99.690    99.690
  35     0.017988    99.482     0.014825    99.550    99.690
  36     0.017677    99.500     0.014417    99.590    99.690
  37     0.018586    99.467     0.012030    99.700    99.700
  38     0.017894    99.485     0.014865    99.570    99.700
  39     0.017449    99.503     0.013775    99.610    99.700
  40     0.017305    99.495     0.010045    99.730    99.730
  41     0.015730    99.562     0.014697    99.610    99.730
  42     0.014510    99.563     0.011873    99.700    99.730
  43     0.015060    99.568     0.014496    99.590    99.730
  44     0.013936    99.613     0.011660    99.650    99.730
  45     0.014591    99.583     0.013272    99.620    99.730
  46     0.013009    99.617     0.010912    99.640    99.730
  47     0.012810    99.630     0.013462    99.580    99.730
  48     0.014169    99.585     0.011506    99.640    99.730
  49     0.012970    99.605     0.012278    99.690    99.730
  50     0.012994    99.618     0.010121    99.730    99.730
  51     0.012663    99.627     0.010119    99.750    99.750
  52     0.012871    99.622     0.014193    99.620    99.750
  53     0.012374    99.633     0.011483    99.680    99.750
  54     0.010955    99.712     0.011119    99.680    99.750
  55     0.011764    99.665     0.010653    99.650    99.750
  56     0.011444    99.662     0.011785    99.620    99.750
  57     0.010407    99.710     0.014388    99.590    99.750
  58     0.010499    99.685     0.014639    99.580    99.750
  59     0.010166    99.690     0.014279    99.650    99.750
  60     0.010039    99.707     0.011780    99.650    99.750
  61     0.010255    99.713     0.012281    99.580    99.750
  62     0.008825    99.755     0.010062    99.710    99.750
  63     0.010274    99.720     0.011786    99.650    99.750
  64     0.008796    99.742     0.012227    99.630    99.750
  65     0.009309    99.738     0.011730    99.650    99.750
  66     0.009357    99.737     0.012911    99.700    99.750
  67     0.008941    99.755     0.012809    99.660    99.750
  68     0.008642    99.737     0.013835    99.590    99.750
  69     0.008179    99.782     0.013167    99.580    99.750
  70     0.009014    99.727     0.014234    99.650    99.750
  71     0.007819    99.747     0.012981    99.690    99.750
  72     0.008006    99.760     0.012831    99.650    99.750
  73     0.008543    99.745     0.011792    99.650    99.750
  74     0.007294    99.793     0.011964    99.670    99.750
  75     0.007144    99.793     0.013621    99.610    99.750
  76     0.007410    99.785     0.012199    99.670    99.750
  77     0.007108    99.777     0.011868    99.650    99.750
  78     0.006500    99.802     0.013507    99.640    99.750
  79     0.007201    99.797     0.015671    99.590    99.750
  80     0.007104    99.793     0.011359    99.680    99.750
  81     0.007698    99.780     0.012505    99.630    99.750
  82     0.005927    99.830     0.010911    99.690    99.750
  83     0.006716    99.802     0.011608    99.680    99.750
  84     0.006346    99.798     0.011299    99.720    99.750
  85     0.006360    99.813     0.011932    99.640    99.750
  86     0.006247    99.810     0.011768    99.680    99.750
  87     0.006120    99.808     0.012447    99.660    99.750
  88     0.005948    99.837     0.012967    99.660    99.750
  89     0.005664    99.842     0.011916    99.650    99.750
  90     0.005629    99.842     0.012390    99.720    99.750
  91     0.005770    99.847     0.011440    99.690    99.750
  92     0.005973    99.815     0.011759    99.680    99.750
  93     0.005587    99.832     0.014743    99.650    99.750
  94     0.005939    99.803     0.013169    99.620    99.750
  95     0.004828    99.865     0.013424    99.650    99.750
  96     0.005574    99.827     0.012163    99.660    99.750
  97     0.005400    99.855     0.012829    99.660    99.750
  98     0.004848    99.862     0.012905    99.690    99.750
  99     0.005407    99.852     0.013546    99.650    99.750
 100     0.004916    99.870     0.012548    99.650    99.750
 101     0.005118    99.835     0.013327    99.620    99.750
 102     0.004749    99.860     0.012443    99.680    99.750
 103     0.003708    99.912     0.013263    99.610    99.750
 104     0.003955    99.875     0.013404    99.660    99.750
 105     0.004780    99.860     0.013207    99.640    99.750
 106     0.004752    99.875     0.012800    99.630    99.750
 107     0.004803    99.847     0.012932    99.660    99.750
 108     0.004490    99.875     0.013007    99.610    99.750
 109     0.003929    99.900     0.013448    99.630    99.750
 110     0.004271    99.880     0.013494    99.640    99.750
 111     0.004199    99.883     0.013875    99.620    99.750
 112     0.004444    99.883     0.012507    99.650    99.750
 113     0.003847    99.895     0.013450    99.660    99.750
 114     0.003363    99.903     0.012528    99.670    99.750
 115     0.004274    99.875     0.011560    99.660    99.750
 116     0.003955    99.888     0.012285    99.640    99.750
 117     0.003021    99.928     0.011959    99.650    99.750
 118     0.003368    99.918     0.014235    99.560    99.750
 119     0.004140    99.877     0.013223    99.680    99.750
 120     0.004036    99.880     0.012272    99.680    99.750
 121     0.003593    99.903     0.012456    99.670    99.750
 122     0.003419    99.907     0.013232    99.650    99.750
 123     0.003240    99.897     0.013126    99.670    99.750
 124     0.003631    99.898     0.013506    99.670    99.750
 125     0.003388    99.903     0.014322    99.660    99.750
 126     0.003028    99.925     0.013564    99.640    99.750
 127     0.003590    99.897     0.013741    99.640    99.750
 128     0.003001    99.923     0.014037    99.660    99.750
 129     0.003607    99.900     0.014126    99.630    99.750
 130     0.003798    99.902     0.013071    99.600    99.750
 131     0.003343    99.910     0.014055    99.600    99.750
 132     0.003314    99.917     0.012900    99.650    99.750
 133     0.003404    99.895     0.013780    99.610    99.750
 134     0.002966    99.923     0.012426    99.650    99.750
 135     0.003734    99.890     0.013619    99.650    99.750
 136     0.003537    99.900     0.014126    99.610    99.750
 137     0.003472    99.915     0.013508    99.630    99.750
 138     0.003653    99.887     0.013295    99.590    99.750
 139     0.003002    99.920     0.013110    99.660    99.750
 140     0.002682    99.930     0.013479    99.630    99.750
 141     0.003412    99.905     0.013191    99.660    99.750
 142     0.002974    99.908     0.014008    99.650    99.750
 143     0.003090    99.908     0.013415    99.630    99.750
 144     0.002606    99.932     0.013342    99.610    99.750
 145     0.002731    99.925     0.012726    99.650    99.750
 146     0.002830    99.923     0.013511    99.610    99.750
 147     0.002879    99.927     0.013188    99.670    99.750
 148     0.002720    99.925     0.013455    99.660    99.750
 149     0.003157    99.913     0.013511    99.640    99.750
