   0     0.529983    90.243     0.130433    98.890    98.890
   1     0.201249    97.298     0.076872    99.150    99.150
   2     0.135252    97.790     0.055119    99.200    99.200
   3     0.107971    97.970     0.057214    99.140    99.200
   4     0.090250    98.105     0.047359    99.150    99.200
   5     0.075961    98.348     0.023911    99.420    99.420
   6     0.067719    98.463     0.035369    99.270    99.420
   7     0.063064    98.460     0.026016    99.530    99.530
   8     0.056955    98.615     0.030358    99.420    99.530
   9     0.053317    98.632     0.028243    99.380    99.530
  10     0.050299    98.703     0.023892    99.520    99.530
  11     0.048894    98.722     0.025546    99.370    99.530
  12     0.044832    98.822     0.015466    99.560    99.560
  13     0.042771    98.873     0.017533    99.560    99.560
  14     0.040568    98.903     0.029223    99.240    99.560
  15     0.039329    98.947     0.045111    98.860    99.560
  16     0.037754    98.927     0.019377    99.500    99.560
  17     0.035567    98.988     0.017891    99.560    99.560
  18     0.032546    99.097     0.015299    99.540    99.560
  19     0.031707    99.073     0.015207    99.590    99.590
  20     0.031963    99.102     0.022114    99.440    99.590
  21     0.031806    99.123     0.020081    99.450    99.590
  22     0.028537    99.178     0.012152    99.630    99.630
  23     0.027767    99.217     0.012506    99.610    99.630
  24     0.028053    99.210     0.012371    99.640    99.640
  25     0.025091    99.312     0.013893    99.590    99.640
  26     0.026338    99.252     0.012655    99.680    99.680
  27     0.026428    99.265     0.010977    99.670    99.680
  28     0.022493    99.378     0.011270    99.660    99.680
  29     0.022107    99.338     0.012122    99.640    99.680
  30     0.022972    99.345     0.014998    99.590    99.680
  31     0.021635    99.385     0.012163    99.660    99.680
  32     0.021888    99.345     0.010063    99.710    99.710
  33     0.019884    99.437     0.017443    99.500    99.710
  34     0.020587    99.407     0.010558    99.710    99.710
  35     0.019927    99.422     0.011447    99.670    99.710
  36     0.018694    99.452     0.017694    99.490    99.710
  37     0.018652    99.457     0.009280    99.720    99.720
  38     0.018383    99.480     0.013198    99.550    99.720
  39     0.017513    99.502     0.009726    99.670    99.720
  40     0.016407    99.543     0.010479    99.670    99.720
  41     0.016941    99.445     0.010360    99.690    99.720
  42     0.017063    99.503     0.010521    99.700    99.720
  43     0.015569    99.568     0.011069    99.620    99.720
  44     0.014494    99.585     0.009082    99.720    99.720
  45     0.015617    99.537     0.009571    99.740    99.740
  46     0.013917    99.585     0.009516    99.730    99.740
  47     0.014927    99.535     0.012136    99.640    99.740
  48     0.014875    99.573     0.009598    99.750    99.750
  49     0.012369    99.647     0.009705    99.700    99.750
  50     0.014395    99.587     0.012149    99.590    99.750
  51     0.011820    99.652     0.008100    99.760    99.760
  52     0.012728    99.640     0.009791    99.660    99.760
  53     0.012610    99.655     0.007836    99.770    99.770
  54     0.011998    99.662     0.010911    99.660    99.770
  55     0.010977    99.680     0.010004    99.690    99.770
  56     0.011376    99.695     0.008506    99.740    99.770
  57     0.010950    99.660     0.008980    99.710    99.770
  58     0.010894    99.672     0.012056    99.660    99.770
  59     0.010855    99.702     0.009843    99.670    99.770
  60     0.011257    99.650     0.010601    99.730    99.770
  61     0.011379    99.680     0.010766    99.700    99.770
  62     0.010371    99.693     0.011997    99.590    99.770
  63     0.008501    99.745     0.011394    99.650    99.770
  64     0.009724    99.720     0.008913    99.720    99.770
  65     0.009000    99.727     0.010163    99.660    99.770
  66     0.009297    99.732     0.008785    99.700    99.770
  67     0.009605    99.722     0.009431    99.720    99.770
  68     0.008767    99.762     0.010260    99.680    99.770
  69     0.008385    99.763     0.010001    99.630    99.770
  70     0.008241    99.758     0.008259    99.760    99.770
  71     0.007955    99.780     0.009075    99.720    99.770
  72     0.008756    99.735     0.009544    99.670    99.770
  73     0.008377    99.735     0.008526    99.720    99.770
  74     0.007913    99.763     0.008669    99.710    99.770
  75     0.008211    99.757     0.008822    99.710    99.770
  76     0.007838    99.785     0.008971    99.670    99.770
  77     0.007351    99.790     0.009255    99.710    99.770
  78     0.006520    99.815     0.010275    99.680    99.770
  79     0.006210    99.817     0.011716    99.670    99.770
  80     0.006960    99.797     0.011021    99.690    99.770
  81     0.007039    99.803     0.009606    99.700    99.770
  82     0.007905    99.787     0.010416    99.660    99.770
  83     0.007052    99.793     0.009532    99.730    99.770
  84     0.006096    99.825     0.010223    99.690    99.770
  85     0.005999    99.827     0.009737    99.690    99.770
  86     0.006040    99.812     0.010273    99.680    99.770
  87     0.006913    99.780     0.010833    99.640    99.770
  88     0.006415    99.805     0.010053    99.670    99.770
  89     0.006074    99.822     0.009928    99.710    99.770
  90     0.005707    99.830     0.010399    99.730    99.770
  91     0.006215    99.800     0.010016    99.720    99.770
  92     0.005657    99.837     0.011472    99.700    99.770
  93     0.005546    99.843     0.011276    99.620    99.770
  94     0.005507    99.845     0.009824    99.660    99.770
  95     0.004536    99.880     0.011965    99.690    99.770
  96     0.004706    99.878     0.010278    99.650    99.770
  97     0.005727    99.845     0.010407    99.660    99.770
  98     0.005322    99.842     0.009640    99.700    99.770
  99     0.004563    99.877     0.009524    99.700    99.770
 100     0.005096    99.872     0.010596    99.700    99.770
 101     0.004574    99.877     0.011517    99.660    99.770
 102     0.004662    99.860     0.010896    99.660    99.770
 103     0.005235    99.833     0.010881    99.660    99.770
 104     0.004702    99.855     0.012055    99.660    99.770
 105     0.004591    99.872     0.011132    99.650    99.770
 106     0.004724    99.873     0.010873    99.690    99.770
 107     0.004846    99.860     0.011278    99.680    99.770
 108     0.003992    99.883     0.011140    99.670    99.770
 109     0.003747    99.890     0.011422    99.680    99.770
 110     0.004542    99.867     0.012112    99.650    99.770
 111     0.004523    99.860     0.011559    99.680    99.770
 112     0.003911    99.892     0.010859    99.730    99.770
 113     0.003856    99.890     0.010569    99.690    99.770
 114     0.004383    99.875     0.010888    99.690    99.770
 115     0.004014    99.890     0.012071    99.680    99.770
 116     0.004287    99.885     0.010531    99.710    99.770
 117     0.003637    99.900     0.011911    99.680    99.770
 118     0.004485    99.873     0.009474    99.680    99.770
 119     0.003624    99.900     0.009818    99.680    99.770
 120     0.003920    99.880     0.010084    99.660    99.770
 121     0.003743    99.890     0.010893    99.650    99.770
 122     0.003880    99.885     0.010660    99.640    99.770
 123     0.003099    99.923     0.009780    99.670    99.770
 124     0.003624    99.890     0.010489    99.640    99.770
 125     0.003339    99.907     0.010068    99.640    99.770
 126     0.003257    99.903     0.010122    99.660    99.770
 127     0.003321    99.915     0.009442    99.650    99.770
 128     0.003488    99.897     0.010003    99.660    99.770
 129     0.003485    99.890     0.010170    99.690    99.770
 130     0.003490    99.907     0.010476    99.680    99.770
 131     0.003270    99.922     0.010300    99.650    99.770
 132     0.003382    99.907     0.010280    99.630    99.770
 133     0.003227    99.925     0.010798    99.650    99.770
 134     0.003705    99.912     0.011460    99.660    99.770
 135     0.003354    99.907     0.010892    99.640    99.770
 136     0.002862    99.905     0.011039    99.650    99.770
 137     0.003108    99.907     0.010688    99.630    99.770
 138     0.003389    99.905     0.010659    99.660    99.770
 139     0.002555    99.932     0.010724    99.650    99.770
 140     0.002839    99.923     0.011114    99.660    99.770
 141     0.003402    99.898     0.011131    99.650    99.770
 142     0.002983    99.918     0.010596    99.640    99.770
 143     0.002819    99.923     0.011093    99.650    99.770
 144     0.003140    99.912     0.010603    99.660    99.770
 145     0.003358    99.908     0.010655    99.670    99.770
 146     0.002793    99.935     0.010981    99.660    99.770
 147     0.002794    99.920     0.010276    99.680    99.770
 148     0.003524    99.912     0.009575    99.720    99.770
 149     0.002553    99.942     0.009932    99.720    99.770
