   0     0.519676    90.392     0.117856    98.950    98.950
   1     0.199901    97.252     0.071089    99.290    99.290
   2     0.135634    97.837     0.070194    98.920    99.290
   3     0.105807    98.013     0.059034    98.990    99.290
   4     0.085842    98.270     0.041527    99.310    99.310
   5     0.075278    98.363     0.032298    99.550    99.550
   6     0.066255    98.445     0.028322    99.400    99.550
   7     0.065019    98.470     0.034810    99.250    99.550
   8     0.055862    98.650     0.032959    99.300    99.550
   9     0.051896    98.673     0.026993    99.370    99.550
  10     0.050312    98.632     0.024220    99.480    99.550
  11     0.048018    98.722     0.051929    98.670    99.550
  12     0.044516    98.763     0.026623    99.390    99.550
  13     0.042051    98.860     0.016176    99.670    99.670
  14     0.039152    98.943     0.016050    99.630    99.670
  15     0.038510    98.980     0.028644    99.250    99.670
  16     0.037088    99.023     0.022785    99.410    99.670
  17     0.034665    99.025     0.028280    99.160    99.670
  18     0.034662    99.062     0.017424    99.550    99.670
  19     0.033359    99.065     0.017363    99.520    99.670
  20     0.030262    99.127     0.014310    99.580    99.670
  21     0.030247    99.167     0.013105    99.560    99.670
  22     0.028069    99.238     0.013054    99.680    99.680
  23     0.024469    99.337     0.026414    99.320    99.680
  24     0.028281    99.167     0.011917    99.670    99.680
  25     0.027745    99.202     0.013456    99.550    99.680
  26     0.024826    99.312     0.012985    99.650    99.680
  27     0.023986    99.323     0.011527    99.730    99.730
  28     0.021962    99.348     0.024726    99.240    99.730
  29     0.023273    99.333     0.012137    99.640    99.730
  30     0.021715    99.370     0.011235    99.690    99.730
  31     0.021030    99.395     0.012205    99.700    99.730
  32     0.021722    99.340     0.011246    99.700    99.730
  33     0.020346    99.403     0.013376    99.630    99.730
  34     0.019448    99.458     0.011807    99.650    99.730
  35     0.018879    99.455     0.010490    99.680    99.730
  36     0.019683    99.428     0.013683    99.610    99.730
  37     0.016938    99.493     0.011167    99.660    99.730
  38     0.017960    99.512     0.012281    99.660    99.730
  39     0.017401    99.472     0.012816    99.600    99.730
  40     0.016589    99.528     0.013947    99.570    99.730
  41     0.015363    99.550     0.011993    99.640    99.730
  42     0.016337    99.545     0.012756    99.620    99.730
  43     0.014619    99.555     0.013965    99.610    99.730
  44     0.015618    99.533     0.010989    99.640    99.730
  45     0.014361    99.582     0.012145    99.670    99.730
  46     0.013820    99.570     0.010908    99.700    99.730
  47     0.013724    99.600     0.010735    99.660    99.730
  48     0.013392    99.582     0.010383    99.690    99.730
  49     0.013354    99.633     0.010593    99.740    99.740
  50     0.013075    99.608     0.010238    99.680    99.740
  51     0.012342    99.640     0.009969    99.730    99.740
  52     0.012095    99.637     0.011315    99.690    99.740
  53     0.011769    99.677     0.011614    99.690    99.740
  54     0.010862    99.683     0.013212    99.590    99.740
  55     0.011047    99.675     0.011650    99.610    99.740
  56     0.011344    99.665     0.010413    99.670    99.740
  57     0.010975    99.673     0.010293    99.660    99.740
  58     0.010548    99.688     0.011979    99.610    99.740
  59     0.011377    99.672     0.010581    99.700    99.740
  60     0.010053    99.700     0.012145    99.610    99.740
  61     0.009929    99.700     0.009984    99.700    99.740
  62     0.009884    99.697     0.010184    99.750    99.750
  63     0.009392    99.730     0.010518    99.690    99.750
  64     0.009811    99.693     0.011686    99.690    99.750
  65     0.008755    99.747     0.009680    99.660    99.750
  66     0.008933    99.732     0.011205    99.570    99.750
  67     0.009972    99.690     0.011942    99.700    99.750
  68     0.008304    99.760     0.012996    99.620    99.750
  69     0.008404    99.760     0.011086    99.700    99.750
  70     0.008423    99.762     0.011276    99.650    99.750
  71     0.008510    99.755     0.011779    99.670    99.750
  72     0.006793    99.813     0.012018    99.630    99.750
  73     0.007523    99.778     0.011899    99.650    99.750
  74     0.007584    99.800     0.013317    99.650    99.750
  75     0.007662    99.780     0.010113    99.700    99.750
  76     0.008038    99.770     0.011807    99.660    99.750
  77     0.006934    99.782     0.010995    99.650    99.750
  78     0.008079    99.757     0.012037    99.650    99.750
  79     0.006672    99.793     0.011296    99.630    99.750
  80     0.006754    99.802     0.011271    99.650    99.750
  81     0.007402    99.793     0.011173    99.690    99.750
  82     0.006366    99.813     0.011206    99.660    99.750
  83     0.005841    99.833     0.011770    99.710    99.750
  84     0.006494    99.803     0.013523    99.640    99.750
  85     0.006252    99.818     0.012772    99.610    99.750
  86     0.007110    99.782     0.011411    99.640    99.750
  87     0.006147    99.825     0.012962    99.600    99.750
  88     0.005512    99.863     0.011824    99.650    99.750
  89     0.006837    99.807     0.010822    99.670    99.750
  90     0.006114    99.823     0.011516    99.630    99.750
  91     0.005321    99.838     0.011359    99.680    99.750
  92     0.005314    99.835     0.010453    99.720    99.750
  93     0.006176    99.828     0.012155    99.650    99.750
  94     0.005015    99.847     0.010840    99.670    99.750
  95     0.004575    99.873     0.012871    99.630    99.750
  96     0.005493    99.845     0.011283    99.650    99.750
  97     0.005086    99.853     0.010977    99.640    99.750
  98     0.005355    99.853     0.011726    99.640    99.750
  99     0.004913    99.852     0.011770    99.630    99.750
 100     0.005192    99.845     0.010671    99.630    99.750
 101     0.004565    99.877     0.012929    99.590    99.750
 102     0.004779    99.863     0.012837    99.570    99.750
 103     0.004916    99.873     0.013666    99.600    99.750
 104     0.005054    99.838     0.012890    99.590    99.750
 105     0.004072    99.878     0.012191    99.650    99.750
 106     0.004558    99.855     0.011885    99.650    99.750
 107     0.004133    99.888     0.013260    99.600    99.750
 108     0.004322    99.867     0.012001    99.610    99.750
 109     0.004667    99.857     0.012248    99.600    99.750
 110     0.004603    99.880     0.011821    99.620    99.750
 111     0.004341    99.883     0.012888    99.640    99.750
 112     0.004265    99.870     0.013453    99.590    99.750
 113     0.004005    99.897     0.012228    99.630    99.750
 114     0.003348    99.915     0.010961    99.670    99.750
 115     0.004445    99.868     0.011202    99.660    99.750
 116     0.004141    99.887     0.012218    99.630    99.750
 117     0.004123    99.873     0.012155    99.610    99.750
 118     0.003861    99.900     0.013444    99.610    99.750
 119     0.003825    99.907     0.012040    99.630    99.750
 120     0.003933    99.892     0.011801    99.640    99.750
 121     0.004217    99.877     0.011817    99.660    99.750
 122     0.003400    99.908     0.012476    99.650    99.750
 123     0.003772    99.880     0.011841    99.690    99.750
 124     0.003616    99.907     0.011827    99.650    99.750
 125     0.003401    99.908     0.012749    99.670    99.750
 126     0.003615    99.887     0.012052    99.670    99.750
 127     0.003617    99.882     0.012156    99.610    99.750
 128     0.003331    99.918     0.012122    99.630    99.750
 129     0.003099    99.917     0.012296    99.660    99.750
 130     0.003229    99.908     0.012079    99.680    99.750
 131     0.003408    99.910     0.011981    99.690    99.750
 132     0.003214    99.922     0.011744    99.710    99.750
 133     0.003207    99.912     0.011913    99.670    99.750
 134     0.002912    99.912     0.012680    99.640    99.750
 135     0.003673    99.890     0.013034    99.640    99.750
 136     0.002925    99.910     0.012936    99.650    99.750
 137     0.003149    99.912     0.013406    99.630    99.750
 138     0.002969    99.915     0.013185    99.650    99.750
 139     0.003165    99.913     0.012649    99.640    99.750
 140     0.003009    99.920     0.013719    99.640    99.750
 141     0.003154    99.923     0.012937    99.660    99.750
 142     0.002785    99.928     0.012828    99.650    99.750
 143     0.003256    99.907     0.013450    99.590    99.750
 144     0.002805    99.928     0.013122    99.650    99.750
 145     0.002236    99.947     0.012618    99.630    99.750
 146     0.002955    99.907     0.013410    99.620    99.750
 147     0.002519    99.932     0.013385    99.610    99.750
 148     0.002833    99.907     0.012276    99.670    99.750
 149     0.002833    99.918     0.013080    99.660    99.750
