   0     0.514060    90.710     0.126141    98.930    98.930
   1     0.201544    97.170     0.077886    99.030    99.030
   2     0.132759    97.903     0.071418    99.000    99.030
   3     0.105371    98.037     0.073671    98.710    99.030
   4     0.087417    98.158     0.069023    98.730    99.030
   5     0.075566    98.368     0.044996    99.170    99.170
   6     0.067878    98.422     0.025164    99.510    99.510
   7     0.062815    98.515     0.033101    99.400    99.510
   8     0.056417    98.625     0.023366    99.390    99.510
   9     0.051047    98.717     0.019520    99.500    99.510
  10     0.048282    98.778     0.026035    99.490    99.510
  11     0.048362    98.727     0.026374    99.370    99.510
  12     0.043928    98.823     0.015431    99.610    99.610
  13     0.041045    98.882     0.019262    99.470    99.610
  14     0.039180    98.932     0.024867    99.370    99.610
  15     0.039209    98.965     0.067587    98.220    99.610
  16     0.034826    99.073     0.017740    99.490    99.610
  17     0.034008    99.078     0.016730    99.530    99.610
  18     0.035282    98.985     0.014122    99.620    99.620
  19     0.033367    99.080     0.014906    99.580    99.620
  20     0.029830    99.173     0.014180    99.560    99.620
  21     0.030362    99.123     0.013382    99.630    99.630
  22     0.028195    99.187     0.013515    99.570    99.630
  23     0.027841    99.223     0.017093    99.550    99.630
  24     0.026990    99.228     0.051853    98.810    99.630
  25     0.024001    99.313     0.028420    99.330    99.630
  26     0.026087    99.225     0.014945    99.580    99.630
  27     0.023764    99.323     0.012384    99.620    99.630
  28     0.021791    99.395     0.013700    99.660    99.660
  29     0.023274    99.288     0.012335    99.670    99.670
  30     0.021827    99.395     0.011759    99.600    99.670
  31     0.021363    99.383     0.021051    99.410    99.670
  32     0.020465    99.425     0.011815    99.660    99.670
  33     0.019076    99.450     0.014819    99.560    99.670
  34     0.019605    99.438     0.013708    99.660    99.670
  35     0.019038    99.453     0.017193    99.550    99.670
  36     0.019932    99.410     0.011059    99.690    99.690
  37     0.018475    99.463     0.012468    99.660    99.690
  38     0.016256    99.538     0.011219    99.690    99.690
  39     0.017096    99.512     0.013128    99.650    99.690
  40     0.015672    99.580     0.011640    99.660    99.690
  41     0.015850    99.537     0.012143    99.640    99.690
  42     0.016103    99.542     0.011852    99.620    99.690
  43     0.015763    99.542     0.009722    99.730    99.730
  44     0.013716    99.628     0.011759    99.670    99.730
  45     0.015343    99.515     0.014634    99.630    99.730
  46     0.014702    99.575     0.013994    99.540    99.730
  47     0.015640    99.553     0.011057    99.640    99.730
  48     0.013484    99.618     0.010043    99.630    99.730
  49     0.013485    99.608     0.015460    99.570    99.730
  50     0.011704    99.650     0.010265    99.690    99.730
  51     0.012542    99.610     0.010292    99.660    99.730
  52     0.011566    99.647     0.010559    99.670    99.730
  53     0.011449    99.675     0.010667    99.670    99.730
  54     0.011617    99.665     0.012164    99.650    99.730
  55     0.011112    99.687     0.013583    99.580    99.730
  56     0.011111    99.672     0.010961    99.600    99.730
  57     0.010527    99.693     0.010940    99.700    99.730
  58     0.009973    99.710     0.010851    99.720    99.730
  59     0.010609    99.673     0.011689    99.710    99.730
  60     0.010247    99.682     0.010935    99.660    99.730
  61     0.010221    99.715     0.009961    99.710    99.730
  62     0.009597    99.717     0.011317    99.680    99.730
  63     0.009477    99.742     0.011366    99.650    99.730
  64     0.008757    99.738     0.010646    99.690    99.730
  65     0.009476    99.723     0.011049    99.770    99.770
  66     0.008242    99.755     0.010298    99.720    99.770
  67     0.008848    99.762     0.010637    99.690    99.770
  68     0.008727    99.763     0.010283    99.730    99.770
  69     0.009057    99.752     0.010902    99.710    99.770
  70     0.008259    99.753     0.012608    99.610    99.770
  71     0.008247    99.772     0.010903    99.700    99.770
  72     0.008151    99.773     0.011401    99.620    99.770
  73     0.008074    99.763     0.012280    99.620    99.770
  74     0.007386    99.797     0.011821    99.640    99.770
  75     0.006753    99.820     0.011975    99.650    99.770
  76     0.006897    99.800     0.011068    99.660    99.770
  77     0.007847    99.772     0.010129    99.700    99.770
  78     0.006258    99.828     0.009407    99.710    99.770
  79     0.007042    99.810     0.011650    99.650    99.770
  80     0.006310    99.833     0.011493    99.670    99.770
  81     0.005951    99.845     0.011044    99.690    99.770
  82     0.006735    99.802     0.012102    99.700    99.770
  83     0.006081    99.818     0.010468    99.680    99.770
  84     0.006692    99.818     0.011773    99.610    99.770
  85     0.006075    99.808     0.010478    99.700    99.770
  86     0.006700    99.805     0.009837    99.730    99.770
  87     0.005739    99.825     0.010144    99.680    99.770
  88     0.006306    99.805     0.010725    99.640    99.770
  89     0.005763    99.833     0.011204    99.670    99.770
  90     0.005414    99.857     0.010542    99.730    99.770
  91     0.005917    99.820     0.010085    99.710    99.770
  92     0.005397    99.835     0.011948    99.600    99.770
  93     0.005059    99.840     0.010970    99.640    99.770
  94     0.006617    99.823     0.010382    99.740    99.770
  95     0.005113    99.857     0.011448    99.660    99.770
  96     0.005571    99.842     0.011428    99.690    99.770
  97     0.005052    99.858     0.010959    99.730    99.770
  98     0.005039    99.843     0.011128    99.690    99.770
  99     0.004761    99.875     0.012484    99.650    99.770
 100     0.005019    99.853     0.011525    99.690    99.770
 101     0.004352    99.892     0.012279    99.640    99.770
 102     0.004717    99.865     0.010993    99.720    99.770
 103     0.004515    99.883     0.012353    99.660    99.770
 104     0.004335    99.877     0.011611    99.630    99.770
 105     0.004654    99.865     0.011120    99.660    99.770
 106     0.004315    99.875     0.012273    99.640    99.770
 107     0.004023    99.890     0.010894    99.730    99.770
 108     0.004375    99.875     0.011176    99.660    99.770
 109     0.004643    99.855     0.010990    99.680    99.770
 110     0.004943    99.872     0.014328    99.610    99.770
 111     0.003802    99.902     0.010712    99.660    99.770
 112     0.004117    99.897     0.011471    99.710    99.770
 113     0.003837    99.895     0.010475    99.690    99.770
 114     0.004088    99.875     0.012138    99.670    99.770
 115     0.003725    99.897     0.011119    99.700    99.770
 116     0.004405    99.880     0.011408    99.690    99.770
 117     0.003264    99.907     0.011264    99.690    99.770
 118     0.003316    99.908     0.011645    99.680    99.770
 119     0.003991    99.892     0.012506    99.650    99.770
 120     0.003067    99.912     0.011116    99.680    99.770
 121     0.002944    99.917     0.010817    99.720    99.770
 122     0.003924    99.890     0.011189    99.690    99.770
 123     0.003267    99.917     0.011296    99.670    99.770
 124     0.003274    99.908     0.011675    99.700    99.770
 125     0.003657    99.902     0.011349    99.730    99.770
 126     0.003396    99.903     0.010979    99.700    99.770
 127     0.003011    99.902     0.011559    99.670    99.770
 128     0.003544    99.887     0.012022    99.700    99.770
 129     0.003694    99.892     0.011562    99.670    99.770
 130     0.003308    99.907     0.010217    99.730    99.770
 131     0.002900    99.920     0.010631    99.700    99.770
 132     0.002981    99.917     0.010701    99.680    99.770
 133     0.002941    99.923     0.011270    99.660    99.770
 134     0.003353    99.895     0.012119    99.630    99.770
 135     0.003195    99.907     0.010763    99.680    99.770
 136     0.002813    99.928     0.010655    99.720    99.770
 137     0.002587    99.937     0.010782    99.680    99.770
 138     0.003308    99.910     0.011107    99.670    99.770
 139     0.002926    99.930     0.011912    99.660    99.770
 140     0.003384    99.900     0.012293    99.680    99.770
 141     0.002629    99.932     0.012191    99.680    99.770
 142     0.003151    99.908     0.012664    99.650    99.770
 143     0.002707    99.918     0.012179    99.670    99.770
 144     0.003017    99.917     0.012341    99.640    99.770
 145     0.002691    99.940     0.012243    99.650    99.770
 146     0.002408    99.942     0.013335    99.620    99.770
 147     0.003055    99.905     0.012862    99.640    99.770
 148     0.003329    99.905     0.012518    99.640    99.770
 149     0.002451    99.925     0.012742    99.670    99.770
