   0     0.516116    90.675     0.113946    99.020    99.020
   1     0.198184    97.285     0.074943    99.150    99.150
   2     0.133624    97.817     0.080148    98.720    99.150
   3     0.102318    98.160     0.042657    99.450    99.450
   4     0.088174    98.187     0.053078    98.960    99.450
   5     0.076435    98.348     0.036680    99.200    99.450
   6     0.065412    98.515     0.061814    98.900    99.450
   7     0.060625    98.548     0.031664    99.410    99.450
   8     0.055196    98.702     0.029994    99.290    99.450
   9     0.052925    98.692     0.022281    99.590    99.590
  10     0.047669    98.768     0.024340    99.430    99.590
  11     0.047927    98.762     0.019447    99.520    99.590
  12     0.044602    98.815     0.021763    99.480    99.590
  13     0.044078    98.815     0.029729    99.220    99.590
  14     0.039704    98.923     0.019285    99.550    99.590
  15     0.040236    98.893     0.023640    99.380    99.590
  16     0.037671    98.960     0.015819    99.560    99.590
  17     0.033432    99.107     0.015883    99.600    99.600
  18     0.032820    99.110     0.038885    98.980    99.600
  19     0.032809    99.025     0.019475    99.570    99.600
  20     0.032119    99.090     0.019742    99.490    99.600
  21     0.028442    99.220     0.023230    99.380    99.600
  22     0.029549    99.185     0.015302    99.610    99.610
  23     0.027647    99.217     0.014640    99.600    99.610
  24     0.025074    99.303     0.011495    99.680    99.680
  25     0.025584    99.248     0.013569    99.630    99.680
  26     0.026826    99.258     0.015632    99.520    99.680
  27     0.025098    99.273     0.016411    99.540    99.680
  28     0.023077    99.352     0.016464    99.490    99.680
  29     0.025402    99.247     0.012668    99.600    99.680
  30     0.020725    99.402     0.012312    99.650    99.680
  31     0.021698    99.352     0.014116    99.640    99.680
  32     0.018939    99.457     0.011716    99.690    99.690
  33     0.020549    99.408     0.010868    99.720    99.720
  34     0.018936    99.463     0.017026    99.510    99.720
  35     0.018809    99.448     0.032352    99.180    99.720
  36     0.018369    99.478     0.014443    99.600    99.720
  37     0.018457    99.465     0.011894    99.680    99.720
  38     0.018814    99.448     0.011801    99.650    99.720
  39     0.015591    99.555     0.011016    99.670    99.720
  40     0.015398    99.562     0.010540    99.680    99.720
  41     0.017401    99.497     0.012089    99.640    99.720
  42     0.015931    99.523     0.012446    99.600    99.720
  43     0.014837    99.562     0.011064    99.710    99.720
  44     0.014009    99.600     0.009661    99.710    99.720
  45     0.015092    99.528     0.010113    99.700    99.720
  46     0.013654    99.608     0.017581    99.560    99.720
  47     0.014106    99.593     0.012475    99.650    99.720
  48     0.013290    99.605     0.011217    99.700    99.720
  49     0.014281    99.560     0.012664    99.620    99.720
  50     0.012355    99.647     0.012597    99.670    99.720
  51     0.012154    99.653     0.011887    99.710    99.720
  52     0.012290    99.640     0.012767    99.710    99.720
  53     0.012347    99.655     0.012824    99.620    99.720
  54     0.010984    99.695     0.011787    99.680    99.720
  55     0.011420    99.677     0.012197    99.670    99.720
  56     0.011206    99.677     0.012453    99.690    99.720
  57     0.012180    99.630     0.014934    99.630    99.720
  58     0.010014    99.723     0.011957    99.670    99.720
  59     0.011329    99.663     0.010931    99.650    99.720
  60     0.009808    99.707     0.012278    99.640    99.720
  61     0.009713    99.718     0.012186    99.620    99.720
  62     0.010207    99.717     0.013354    99.700    99.720
  63     0.009554    99.705     0.013082    99.690    99.720
  64     0.009189    99.742     0.011673    99.660    99.720
  65     0.009027    99.727     0.011343    99.700    99.720
  66     0.007985    99.773     0.012552    99.650    99.720
  67     0.009067    99.730     0.012697    99.600    99.720
  68     0.008495    99.773     0.013514    99.620    99.720
  69     0.008419    99.748     0.013910    99.640    99.720
  70     0.008532    99.723     0.013942    99.630    99.720
  71     0.008782    99.737     0.012308    99.660    99.720
  72     0.006713    99.822     0.012944    99.620    99.720
  73     0.007419    99.778     0.012403    99.710    99.720
  74     0.007118    99.785     0.011516    99.710    99.720
  75     0.008286    99.758     0.012576    99.670    99.720
  76     0.007514    99.750     0.013043    99.710    99.720
  77     0.006676    99.803     0.013073    99.680    99.720
  78     0.007043    99.793     0.013124    99.670    99.720
  79     0.006419    99.802     0.011155    99.730    99.730
  80     0.007675    99.767     0.012276    99.650    99.730
  81     0.006531    99.815     0.012835    99.660    99.730
  82     0.005987    99.842     0.013124    99.660    99.730
  83     0.006138    99.808     0.013116    99.670    99.730
  84     0.004634    99.862     0.012114    99.710    99.730
  85     0.006726    99.783     0.013049    99.700    99.730
  86     0.006118    99.818     0.013859    99.660    99.730
  87     0.006705    99.802     0.012779    99.670    99.730
  88     0.006027    99.825     0.012381    99.700    99.730
  89     0.005812    99.840     0.012892    99.690    99.730
  90     0.005584    99.825     0.012744    99.670    99.730
  91     0.005123    99.855     0.013030    99.670    99.730
  92     0.005506    99.843     0.013345    99.680    99.730
  93     0.005379    99.840     0.013260    99.700    99.730
  94     0.006059    99.818     0.012801    99.630    99.730
  95     0.004543    99.875     0.014061    99.620    99.730
  96     0.005070    99.857     0.015016    99.670    99.730
  97     0.005520    99.832     0.013423    99.660    99.730
  98     0.005432    99.842     0.013097    99.670    99.730
  99     0.005105    99.850     0.012230    99.680    99.730
 100     0.004969    99.847     0.013750    99.700    99.730
 101     0.004778    99.858     0.013713    99.680    99.730
 102     0.004242    99.882     0.012527    99.690    99.730
 103     0.004447    99.878     0.013015    99.720    99.730
 104     0.004761    99.860     0.012739    99.710    99.730
 105     0.004595    99.877     0.013958    99.650    99.730
 106     0.004243    99.878     0.014624    99.660    99.730
 107     0.004193    99.883     0.014284    99.660    99.730
 108     0.004599    99.852     0.014107    99.630    99.730
 109     0.004258    99.867     0.014488    99.660    99.730
 110     0.003452    99.903     0.014274    99.690    99.730
 111     0.004255    99.868     0.015144    99.670    99.730
 112     0.004228    99.872     0.015007    99.660    99.730
 113     0.003828    99.892     0.014286    99.670    99.730
 114     0.003716    99.892     0.014844    99.670    99.730
 115     0.004335    99.867     0.014111    99.680    99.730
 116     0.003810    99.885     0.013991    99.660    99.730
 117     0.003980    99.885     0.015086    99.640    99.730
 118     0.004035    99.887     0.014078    99.640    99.730
 119     0.003738    99.897     0.013815    99.670    99.730
 120     0.003610    99.900     0.015419    99.650    99.730
 121     0.003317    99.913     0.015432    99.660    99.730
 122     0.003151    99.917     0.014587    99.660    99.730
 123     0.003596    99.888     0.014214    99.690    99.730
 124     0.002947    99.915     0.013908    99.690    99.730
 125     0.003397    99.910     0.015195    99.660    99.730
 126     0.003895    99.883     0.013886    99.660    99.730
 127     0.003399    99.908     0.014530    99.660    99.730
 128     0.003708    99.878     0.013993    99.680    99.730
 129     0.003519    99.907     0.014888    99.650    99.730
 130     0.003618    99.882     0.015386    99.650    99.730
 131     0.003430    99.903     0.014350    99.690    99.730
 132     0.003444    99.890     0.014394    99.680    99.730
 133     0.003294    99.907     0.014262    99.650    99.730
 134     0.003479    99.908     0.014276    99.690    99.730
 135     0.003187    99.923     0.014739    99.700    99.730
 136     0.003186    99.913     0.014489    99.680    99.730
 137     0.002750    99.922     0.014405    99.650    99.730
 138     0.002884    99.920     0.013702    99.660    99.730
 139     0.002891    99.912     0.013285    99.700    99.730
 140     0.003097    99.912     0.014187    99.710    99.730
 141     0.003263    99.908     0.013636    99.700    99.730
 142     0.003259    99.918     0.013787    99.690    99.730
 143     0.002790    99.927     0.013348    99.680    99.730
 144     0.002675    99.912     0.013226    99.680    99.730
 145     0.003575    99.890     0.014013    99.660    99.730
 146     0.003014    99.917     0.013286    99.700    99.730
 147     0.003509    99.897     0.013377    99.690    99.730
 148     0.002497    99.920     0.013609    99.690    99.730
 149     0.002566    99.925     0.013353    99.680    99.730
