   0     0.530059    90.263     0.126016    98.690    98.690
   1     0.199933    97.308     0.085988    99.170    99.170
   2     0.133423    97.910     0.048155    99.310    99.310
   3     0.104486    98.085     0.044098    99.090    99.310
   4     0.085030    98.313     0.035368    99.500    99.500
   5     0.073717    98.397     0.036027    99.240    99.500
   6     0.067682    98.477     0.091103    97.550    99.500
   7     0.062764    98.453     0.038908    99.360    99.500
   8     0.057902    98.525     0.030687    99.360    99.500
   9     0.054080    98.585     0.022790    99.510    99.510
  10     0.049314    98.678     0.020747    99.480    99.510
  11     0.046651    98.778     0.024121    99.390    99.510
  12     0.044242    98.792     0.019373    99.510    99.510
  13     0.041476    98.853     0.023740    99.480    99.510
  14     0.041114    98.872     0.025893    99.370    99.510
  15     0.039243    98.955     0.021848    99.440    99.510
  16     0.036607    99.015     0.024401    99.310    99.510
  17     0.033199    99.095     0.016553    99.610    99.610
  18     0.034844    99.040     0.023029    99.450    99.610
  19     0.034380    99.017     0.028477    99.140    99.610
  20     0.031314    99.097     0.024762    99.400    99.610
  21     0.029351    99.170     0.017532    99.520    99.610
  22     0.028287    99.223     0.016348    99.500    99.610
  23     0.028380    99.205     0.023201    99.360    99.610
  24     0.027469    99.262     0.018348    99.450    99.610
  25     0.024937    99.278     0.011543    99.680    99.680
  26     0.025379    99.305     0.012754    99.630    99.680
  27     0.025801    99.245     0.014416    99.550    99.680
  28     0.024841    99.283     0.016079    99.520    99.680
  29     0.022859    99.353     0.014996    99.540    99.680
  30     0.023288    99.342     0.015883    99.540    99.680
  31     0.022227    99.365     0.013109    99.640    99.680
  32     0.020446    99.418     0.010539    99.710    99.710
  33     0.021760    99.372     0.012539    99.560    99.710
  34     0.018976    99.457     0.020988    99.380    99.710
  35     0.018871    99.463     0.012558    99.630    99.710
  36     0.018063    99.477     0.011791    99.620    99.710
  37     0.018533    99.478     0.012927    99.650    99.710
  38     0.018429    99.470     0.012579    99.630    99.710
  39     0.015465    99.552     0.013324    99.620    99.710
  40     0.016255    99.537     0.010524    99.640    99.710
  41     0.015403    99.563     0.010691    99.650    99.710
  42     0.014455    99.597     0.016389    99.580    99.710
  43     0.016040    99.548     0.010505    99.650    99.710
  44     0.015941    99.505     0.012512    99.670    99.710
  45     0.013998    99.615     0.010780    99.650    99.710
  46     0.013970    99.598     0.011585    99.630    99.710
  47     0.013746    99.585     0.012033    99.570    99.710
  48     0.013806    99.600     0.010262    99.660    99.710
  49     0.012567    99.625     0.010885    99.590    99.710
  50     0.013079    99.620     0.011132    99.620    99.710
  51     0.010921    99.677     0.012756    99.650    99.710
  52     0.012593    99.638     0.012335    99.620    99.710
  53     0.012006    99.642     0.012788    99.630    99.710
  54     0.012454    99.635     0.012601    99.630    99.710
  55     0.011390    99.667     0.014334    99.600    99.710
  56     0.011760    99.642     0.012443    99.620    99.710
  57     0.009971    99.697     0.011283    99.650    99.710
  58     0.011163    99.675     0.012426    99.610    99.710
  59     0.010447    99.700     0.011135    99.640    99.710
  60     0.010528    99.705     0.012669    99.630    99.710
  61     0.009498    99.707     0.015813    99.570    99.710
  62     0.009858    99.697     0.012738    99.620    99.710
  63     0.011107    99.700     0.010837    99.680    99.710
  64     0.009023    99.735     0.011239    99.610    99.710
  65     0.009155    99.738     0.012269    99.560    99.710
  66     0.008706    99.740     0.011133    99.680    99.710
  67     0.008373    99.747     0.011363    99.650    99.710
  68     0.007930    99.773     0.010327    99.690    99.710
  69     0.008211    99.752     0.010217    99.680    99.710
  70     0.008465    99.762     0.011898    99.640    99.710
  71     0.008077    99.760     0.011397    99.640    99.710
  72     0.008003    99.760     0.010070    99.670    99.710
  73     0.007744    99.778     0.010972    99.650    99.710
  74     0.007589    99.765     0.010288    99.670    99.710
  75     0.007733    99.777     0.009688    99.740    99.740
  76     0.007386    99.770     0.009641    99.740    99.740
  77     0.007554    99.777     0.009735    99.710    99.740
  78     0.006683    99.817     0.009600    99.710    99.740
  79     0.007207    99.782     0.011948    99.660    99.740
  80     0.007558    99.803     0.012278    99.630    99.740
  81     0.006139    99.810     0.011668    99.650    99.740
  82     0.006290    99.810     0.010840    99.660    99.740
  83     0.006225    99.812     0.011750    99.610    99.740
  84     0.006172    99.820     0.010438    99.680    99.740
  85     0.005993    99.827     0.010697    99.690    99.740
  86     0.005745    99.835     0.011686    99.640    99.740
  87     0.006042    99.835     0.012495    99.630    99.740
  88     0.006685    99.800     0.011719    99.690    99.740
  89     0.006371    99.832     0.011089    99.630    99.740
  90     0.005263    99.855     0.011542    99.640    99.740
  91     0.005835    99.817     0.010557    99.660    99.740
  92     0.005348    99.848     0.012639    99.630    99.740
  93     0.005105    99.847     0.011621    99.630    99.740
  94     0.005383    99.850     0.012512    99.630    99.740
  95     0.005737    99.837     0.012347    99.690    99.740
  96     0.005062    99.847     0.011886    99.660    99.740
  97     0.005815    99.817     0.012598    99.620    99.740
  98     0.005367    99.853     0.011624    99.640    99.740
  99     0.005256    99.840     0.011809    99.610    99.740
 100     0.005262    99.838     0.011585    99.650    99.740
 101     0.004623    99.878     0.011954    99.590    99.740
 102     0.004670    99.877     0.011509    99.650    99.740
 103     0.004231    99.878     0.012113    99.610    99.740
 104     0.005009    99.863     0.011739    99.620    99.740
 105     0.004710    99.852     0.012460    99.630    99.740
 106     0.004560    99.877     0.012928    99.670    99.740
 107     0.004492    99.883     0.013321    99.630    99.740
 108     0.003906    99.893     0.012055    99.640    99.740
 109     0.004294    99.865     0.013188    99.630    99.740
 110     0.004487    99.862     0.011693    99.710    99.740
 111     0.004167    99.868     0.012460    99.640    99.740
 112     0.004221    99.875     0.011625    99.640    99.740
 113     0.003659    99.900     0.011477    99.660    99.740
 114     0.003837    99.905     0.012404    99.630    99.740
 115     0.004164    99.882     0.011412    99.680    99.740
 116     0.003913    99.892     0.011292    99.680    99.740
 117     0.003364    99.923     0.011688    99.680    99.740
 118     0.004021    99.885     0.012094    99.660    99.740
 119     0.004151    99.872     0.011562    99.630    99.740
 120     0.004435    99.870     0.011523    99.700    99.740
 121     0.003900    99.895     0.011680    99.700    99.740
 122     0.003453    99.898     0.010593    99.670    99.740
 123     0.003246    99.898     0.010675    99.700    99.740
 124     0.003760    99.898     0.010953    99.680    99.740
 125     0.003341    99.902     0.010799    99.680    99.740
 126     0.003921    99.887     0.011576    99.680    99.740
 127     0.003269    99.910     0.011389    99.670    99.740
 128     0.003008    99.918     0.010995    99.680    99.740
 129     0.003372    99.903     0.011112    99.680    99.740
 130     0.003002    99.925     0.011073    99.680    99.740
 131     0.003155    99.910     0.011329    99.700    99.740
 132     0.003349    99.902     0.012115    99.680    99.740
 133     0.002910    99.917     0.012688    99.680    99.740
 134     0.003338    99.917     0.012065    99.680    99.740
 135     0.003149    99.905     0.012407    99.680    99.740
 136     0.002770    99.933     0.012315    99.660    99.740
 137     0.003097    99.913     0.012956    99.640    99.740
 138     0.003262    99.910     0.011604    99.670    99.740
 139     0.002816    99.922     0.011935    99.670    99.740
 140     0.002983    99.913     0.012302    99.680    99.740
 141     0.002982    99.908     0.011591    99.690    99.740
 142     0.002762    99.930     0.011878    99.710    99.740
 143     0.002845    99.930     0.012166    99.680    99.740
 144     0.003417    99.910     0.011840    99.660    99.740
 145     0.003171    99.917     0.011833    99.650    99.740
 146     0.002364    99.940     0.011996    99.670    99.740
 147     0.002678    99.923     0.011615    99.640    99.740
 148     0.002860    99.930     0.012255    99.650    99.740
 149     0.002538    99.927     0.011944    99.660    99.740
