   0     0.525315    90.235     0.122015    99.030    99.030
   1     0.199786    97.278     0.086090    99.070    99.070
   2     0.136595    97.733     0.069964    99.100    99.100
   3     0.103670    98.065     0.039934    99.190    99.190
   4     0.088749    98.172     0.058410    98.810    99.190
   5     0.076481    98.372     0.046800    99.110    99.190
   6     0.067490    98.453     0.027399    99.380    99.380
   7     0.062119    98.518     0.038074    99.240    99.380
   8     0.056942    98.598     0.028120    99.370    99.380
   9     0.052741    98.663     0.028904    99.460    99.460
  10     0.049431    98.715     0.078453    97.840    99.460
  11     0.045035    98.823     0.020921    99.420    99.460
  12     0.043373    98.883     0.048327    98.720    99.460
  13     0.041652    98.912     0.045753    98.720    99.460
  14     0.039269    98.935     0.101608    96.750    99.460
  15     0.037298    99.018     0.014727    99.650    99.650
  16     0.036360    98.977     0.034121    99.020    99.650
  17     0.035145    99.055     0.037689    98.940    99.650
  18     0.033798    99.073     0.017075    99.540    99.650
  19     0.031336    99.145     0.021959    99.450    99.650
  20     0.028736    99.167     0.016953    99.560    99.650
  21     0.029401    99.140     0.017918    99.480    99.650
  22     0.029223    99.155     0.013703    99.590    99.650
  23     0.029110    99.145     0.013383    99.570    99.650
  24     0.025582    99.257     0.018140    99.470    99.650
  25     0.025430    99.273     0.016309    99.450    99.650
  26     0.025291    99.283     0.015670    99.540    99.650
  27     0.024956    99.320     0.014216    99.620    99.650
  28     0.023048    99.330     0.016044    99.520    99.650
  29     0.023189    99.313     0.014170    99.620    99.650
  30     0.022818    99.367     0.013095    99.610    99.650
  31     0.022612    99.363     0.012371    99.650    99.650
  32     0.020285    99.432     0.015354    99.550    99.650
  33     0.019653    99.438     0.012997    99.620    99.650
  34     0.019707    99.425     0.011640    99.630    99.650
  35     0.019006    99.435     0.011522    99.620    99.650
  36     0.018572    99.487     0.010375    99.690    99.690
  37     0.017597    99.477     0.011479    99.650    99.690
  38     0.016324    99.508     0.011568    99.640    99.690
  39     0.017912    99.487     0.013031    99.590    99.690
  40     0.015823    99.545     0.012387    99.590    99.690
  41     0.016408    99.540     0.012827    99.580    99.690
  42     0.014606    99.592     0.012834    99.580    99.690
  43     0.015083    99.528     0.014106    99.590    99.690
  44     0.014920    99.570     0.011490    99.670    99.690
  45     0.014585    99.572     0.015719    99.490    99.690
  46     0.014531    99.542     0.011982    99.620    99.690
  47     0.014362    99.590     0.012807    99.660    99.690
  48     0.014596    99.580     0.010261    99.690    99.690
  49     0.012384    99.647     0.011178    99.670    99.690
  50     0.012469    99.640     0.011992    99.630    99.690
  51     0.012308    99.643     0.013509    99.600    99.690
  52     0.012460    99.660     0.010773    99.680    99.690
  53     0.010891    99.675     0.011138    99.680    99.690
  54     0.011935    99.643     0.014318    99.600    99.690
  55     0.010377    99.710     0.011484    99.690    99.690
  56     0.010413    99.702     0.011738    99.660    99.690
  57     0.010588    99.680     0.012434    99.680    99.690
  58     0.011024    99.697     0.011359    99.680    99.690
  59     0.011196    99.665     0.011803    99.630    99.690
  60     0.010878    99.672     0.010924    99.650    99.690
  61     0.009534    99.748     0.011529    99.710    99.710
  62     0.010469    99.718     0.009372    99.650    99.710
  63     0.010989    99.685     0.010720    99.680    99.710
  64     0.008829    99.738     0.010793    99.620    99.710
  65     0.008905    99.723     0.009942    99.690    99.710
  66     0.009875    99.703     0.010318    99.650    99.710
  67     0.008945    99.725     0.012810    99.650    99.710
  68     0.008326    99.763     0.010342    99.690    99.710
  69     0.007793    99.778     0.011038    99.670    99.710
  70     0.008140    99.758     0.012673    99.640    99.710
  71     0.008788    99.728     0.011636    99.550    99.710
  72     0.007750    99.778     0.010845    99.640    99.710
  73     0.008099    99.790     0.012524    99.630    99.710
  74     0.006747    99.808     0.013115    99.660    99.710
  75     0.007900    99.757     0.011360    99.620    99.710
  76     0.007204    99.790     0.013845    99.610    99.710
  77     0.007454    99.777     0.010557    99.630    99.710
  78     0.007774    99.772     0.011653    99.640    99.710
  79     0.007658    99.790     0.010418    99.630    99.710
  80     0.007139    99.792     0.012418    99.650    99.710
  81     0.006207    99.817     0.011209    99.700    99.710
  82     0.005780    99.833     0.011097    99.630    99.710
  83     0.006271    99.830     0.010538    99.680    99.710
  84     0.005076    99.865     0.012028    99.650    99.710
  85     0.006237    99.828     0.011772    99.670    99.710
  86     0.006504    99.808     0.013235    99.570    99.710
  87     0.006194    99.840     0.014551    99.580    99.710
  88     0.005786    99.858     0.012132    99.640    99.710
  89     0.005996    99.830     0.011786    99.660    99.710
  90     0.005586    99.828     0.012056    99.650    99.710
  91     0.006272    99.823     0.012121    99.670    99.710
  92     0.005364    99.853     0.010738    99.680    99.710
  93     0.005511    99.845     0.010543    99.720    99.720
  94     0.004848    99.863     0.010483    99.680    99.720
  95     0.004826    99.867     0.011479    99.670    99.720
  96     0.005427    99.842     0.010958    99.690    99.720
  97     0.005198    99.843     0.011573    99.700    99.720
  98     0.004486    99.882     0.010516    99.690    99.720
  99     0.005022    99.845     0.011224    99.630    99.720
 100     0.005080    99.837     0.012394    99.650    99.720
 101     0.005310    99.838     0.011740    99.670    99.720
 102     0.005540    99.828     0.012989    99.660    99.720
 103     0.004267    99.873     0.012768    99.640    99.720
 104     0.004607    99.880     0.012230    99.670    99.720
 105     0.004467    99.862     0.011529    99.660    99.720
 106     0.005017    99.873     0.012408    99.660    99.720
 107     0.004204    99.882     0.011018    99.680    99.720
 108     0.004344    99.868     0.012963    99.620    99.720
 109     0.004745    99.872     0.012844    99.610    99.720
 110     0.004628    99.858     0.011347    99.640    99.720
 111     0.003808    99.900     0.010976    99.690    99.720
 112     0.003792    99.892     0.011876    99.660    99.720
 113     0.004222    99.873     0.011755    99.690    99.720
 114     0.003425    99.898     0.011552    99.680    99.720
 115     0.004209    99.875     0.012637    99.640    99.720
 116     0.003966    99.880     0.011982    99.660    99.720
 117     0.003700    99.898     0.011904    99.670    99.720
 118     0.003678    99.910     0.010847    99.680    99.720
 119     0.003706    99.897     0.010928    99.700    99.720
 120     0.002956    99.912     0.011027    99.680    99.720
 121     0.003531    99.893     0.012581    99.630    99.720
 122     0.003574    99.912     0.012412    99.640    99.720
 123     0.003373    99.912     0.011243    99.670    99.720
 124     0.003479    99.905     0.010526    99.710    99.720
 125     0.003677    99.900     0.010327    99.710    99.720
 126     0.003810    99.895     0.012246    99.670    99.720
 127     0.003537    99.897     0.011100    99.690    99.720
 128     0.003383    99.907     0.011157    99.730    99.730
 129     0.003092    99.922     0.011123    99.680    99.730
 130     0.003871    99.898     0.011478    99.700    99.730
 131     0.003286    99.912     0.011100    99.730    99.730
 132     0.003760    99.882     0.011338    99.690    99.730
 133     0.003083    99.918     0.010597    99.700    99.730
 134     0.003084    99.915     0.011995    99.670    99.730
 135     0.004058    99.863     0.010917    99.700    99.730
 136     0.002827    99.920     0.011567    99.690    99.730
 137     0.003230    99.902     0.011734    99.700    99.730
 138     0.002797    99.922     0.011482    99.690    99.730
 139     0.003593    99.913     0.011261    99.690    99.730
 140     0.002564    99.932     0.011433    99.690    99.730
 141     0.002601    99.932     0.011228    99.720    99.730
 142     0.003018    99.908     0.012239    99.670    99.730
 143     0.003103    99.905     0.011936    99.660    99.730
 144     0.002833    99.933     0.011685    99.660    99.730
 145     0.002810    99.927     0.012193    99.670    99.730
 146     0.002860    99.928     0.011380    99.660    99.730
 147     0.002652    99.935     0.012068    99.660    99.730
 148     0.002765    99.915     0.012154    99.620    99.730
 149     0.003138    99.920     0.012436    99.670    99.730
