   0     0.531293    90.128     0.140758    98.900    98.900
   1     0.199984    97.358     0.081108    99.180    99.180
   2     0.133769    97.855     0.060686    99.250    99.250
   3     0.103167    98.152     0.068060    98.830    99.250
   4     0.087229    98.208     0.038538    99.260    99.260
   5     0.074326    98.410     0.036666    99.210    99.260
   6     0.069902    98.372     0.030746    99.470    99.470
   7     0.062541    98.528     0.030773    99.170    99.470
   8     0.058265    98.558     0.043614    98.950    99.470
   9     0.052948    98.695     0.025746    99.500    99.500
  10     0.049044    98.733     0.027178    99.300    99.500
  11     0.048364    98.708     0.029159    99.350    99.500
  12     0.044443    98.853     0.082759    97.930    99.500
  13     0.042777    98.825     0.050883    98.550    99.500
  14     0.041968    98.900     0.021291    99.390    99.500
  15     0.037059    98.962     0.018504    99.520    99.520
  16     0.037504    98.973     0.016302    99.480    99.520
  17     0.034806    99.047     0.020413    99.440    99.520
  18     0.034163    99.075     0.013435    99.650    99.650
  19     0.033897    99.030     0.035667    99.050    99.650
  20     0.029656    99.193     0.019278    99.550    99.650
  21     0.029711    99.163     0.021153    99.390    99.650
  22     0.029273    99.240     0.013101    99.640    99.650
  23     0.027653    99.192     0.014321    99.570    99.650
  24     0.026268    99.235     0.016174    99.510    99.650
  25     0.025451    99.268     0.012285    99.640    99.650
  26     0.026032    99.242     0.014579    99.540    99.650
  27     0.025184    99.258     0.014387    99.600    99.650
  28     0.022372    99.350     0.014439    99.560    99.650
  29     0.025059    99.287     0.022249    99.360    99.650
  30     0.022081    99.322     0.015654    99.570    99.650
  31     0.019055    99.455     0.011056    99.670    99.670
  32     0.021933    99.362     0.015936    99.480    99.670
  33     0.019288    99.470     0.015635    99.570    99.670
  34     0.019257    99.437     0.011846    99.650    99.670
  35     0.019258    99.468     0.010220    99.670    99.670
  36     0.019250    99.433     0.012389    99.620    99.670
  37     0.017436    99.457     0.013696    99.590    99.670
  38     0.017514    99.477     0.017591    99.520    99.670
  39     0.017922    99.503     0.011984    99.660    99.670
  40     0.015582    99.563     0.010988    99.670    99.670
  41     0.016111    99.577     0.011308    99.650    99.670
  42     0.016455    99.560     0.009857    99.690    99.690
  43     0.014675    99.615     0.011734    99.650    99.690
  44     0.016493    99.517     0.013454    99.570    99.690
  45     0.013761    99.600     0.013101    99.610    99.690
  46     0.013831    99.600     0.012783    99.610    99.690
  47     0.014886    99.570     0.014187    99.560    99.690
  48     0.014062    99.573     0.011103    99.710    99.710
  49     0.014438    99.575     0.010570    99.700    99.710
  50     0.011538    99.667     0.010479    99.730    99.730
  51     0.012491    99.647     0.012545    99.620    99.730
  52     0.012556    99.630     0.011707    99.650    99.730
  53     0.010570    99.688     0.009895    99.710    99.730
  54     0.010399    99.720     0.010931    99.670    99.730
  55     0.011671    99.633     0.011873    99.620    99.730
  56     0.011122    99.695     0.011654    99.650    99.730
  57     0.010336    99.713     0.011878    99.650    99.730
  58     0.011988    99.648     0.010959    99.660    99.730
  59     0.010152    99.695     0.010056    99.680    99.730
  60     0.011477    99.652     0.010670    99.690    99.730
  61     0.010850    99.673     0.009540    99.720    99.730
  62     0.009743    99.712     0.010417    99.640    99.730
  63     0.010415    99.697     0.010064    99.660    99.730
  64     0.009909    99.708     0.010949    99.680    99.730
  65     0.009328    99.750     0.010579    99.660    99.730
  66     0.009022    99.738     0.010179    99.630    99.730
  67     0.008951    99.752     0.011234    99.640    99.730
  68     0.009361    99.732     0.011921    99.630    99.730
  69     0.007927    99.772     0.010726    99.690    99.730
  70     0.007666    99.788     0.011494    99.650    99.730
  71     0.008396    99.752     0.010609    99.700    99.730
  72     0.007953    99.778     0.011126    99.690    99.730
  73     0.008187    99.758     0.011919    99.650    99.730
  74     0.006657    99.808     0.011190    99.670    99.730
  75     0.007351    99.783     0.010995    99.660    99.730
  76     0.007043    99.795     0.010799    99.700    99.730
  77     0.008122    99.767     0.011485    99.620    99.730
  78     0.007396    99.787     0.012615    99.610    99.730
  79     0.006940    99.805     0.010656    99.730    99.730
  80     0.007261    99.795     0.012114    99.680    99.730
  81     0.006876    99.802     0.012829    99.650    99.730
  82     0.006672    99.808     0.012550    99.620    99.730
  83     0.006692    99.820     0.011668    99.660    99.730
  84     0.006418    99.845     0.012944    99.640    99.730
  85     0.006519    99.808     0.014308    99.610    99.730
  86     0.006406    99.807     0.010577    99.700    99.730
  87     0.007182    99.782     0.010607    99.650    99.730
  88     0.006337    99.818     0.010774    99.680    99.730
  89     0.006011    99.837     0.012223    99.650    99.730
  90     0.006018    99.810     0.011777    99.630    99.730
  91     0.005932    99.823     0.011574    99.650    99.730
  92     0.005791    99.853     0.011911    99.690    99.730
  93     0.005159    99.843     0.011170    99.630    99.730
  94     0.006196    99.822     0.012192    99.630    99.730
  95     0.005834    99.828     0.012437    99.670    99.730
  96     0.005666    99.835     0.012708    99.650    99.730
  97     0.004853    99.887     0.011350    99.700    99.730
  98     0.004998    99.858     0.011380    99.680    99.730
  99     0.004870    99.857     0.011315    99.700    99.730
 100     0.005141    99.862     0.010459    99.720    99.730
 101     0.005539    99.847     0.011191    99.750    99.750
 102     0.004606    99.868     0.011510    99.730    99.750
 103     0.004798    99.868     0.011247    99.720    99.750
 104     0.005126    99.857     0.011371    99.730    99.750
 105     0.003978    99.883     0.012184    99.630    99.750
 106     0.004327    99.877     0.010653    99.710    99.750
 107     0.003564    99.895     0.010611    99.740    99.750
 108     0.004778    99.870     0.013135    99.650    99.750
 109     0.004029    99.882     0.012434    99.690    99.750
 110     0.004600    99.877     0.011823    99.660    99.750
 111     0.004426    99.862     0.011884    99.660    99.750
 112     0.003896    99.885     0.011563    99.660    99.750
 113     0.004498    99.862     0.011990    99.680    99.750
 114     0.004083    99.892     0.011941    99.660    99.750
 115     0.003671    99.885     0.012342    99.650    99.750
 116     0.004477    99.882     0.011950    99.670    99.750
 117     0.003880    99.900     0.013363    99.630    99.750
 118     0.004247    99.878     0.012490    99.660    99.750
 119     0.003695    99.903     0.013129    99.610    99.750
 120     0.004393    99.873     0.012835    99.640    99.750
 121     0.003973    99.877     0.011652    99.680    99.750
 122     0.003774    99.885     0.013165    99.670    99.750
 123     0.003931    99.908     0.012352    99.670    99.750
 124     0.003586    99.905     0.011750    99.670    99.750
 125     0.003821    99.882     0.011305    99.660    99.750
 126     0.003250    99.910     0.013013    99.650    99.750
 127     0.003435    99.900     0.012149    99.690    99.750
 128     0.004206    99.875     0.013025    99.650    99.750
 129     0.003433    99.898     0.012183    99.690    99.750
 130     0.002779    99.927     0.012553    99.670    99.750
 131     0.003107    99.908     0.012383    99.670    99.750
 132     0.003838    99.878     0.012058    99.690    99.750
 133     0.003284    99.898     0.012787    99.650    99.750
 134     0.002977    99.912     0.011779    99.720    99.750
 135     0.002954    99.920     0.011761    99.680    99.750
 136     0.003112    99.912     0.011090    99.700    99.750
 137     0.003238    99.907     0.011796    99.700    99.750
 138     0.003345    99.895     0.011189    99.660    99.750
 139     0.003278    99.898     0.012158    99.660    99.750
 140     0.003389    99.917     0.011885    99.700    99.750
 141     0.003074    99.925     0.013958    99.660    99.750
 142     0.003364    99.903     0.013107    99.660    99.750
 143     0.003489    99.912     0.012113    99.680    99.750
 144     0.003158    99.915     0.012348    99.680    99.750
 145     0.002975    99.917     0.013385    99.670    99.750
 146     0.002843    99.907     0.012472    99.650    99.750
 147     0.002725    99.933     0.013866    99.640    99.750
 148     0.002413    99.953     0.013486    99.650    99.750
 149     0.002907    99.915     0.013953    99.650    99.750
