   0     0.530879    90.057     0.138168    98.890    98.890
   1     0.200898    97.262     0.110066    98.750    98.890
   2     0.137740    97.687     0.193761    95.920    98.890
   3     0.104379    98.105     0.032667    99.500    99.500
   4     0.087215    98.232     0.045631    99.220    99.500
   5     0.078374    98.223     0.037620    99.350    99.500
   6     0.068478    98.452     0.039825    99.150    99.500
   7     0.061689    98.532     0.033608    99.300    99.500
   8     0.058703    98.558     0.042475    99.040    99.500
   9     0.053193    98.627     0.026359    99.430    99.500
  10     0.050115    98.728     0.024659    99.630    99.630
  11     0.048317    98.697     0.037114    99.240    99.630
  12     0.045475    98.757     0.024867    99.250    99.630
  13     0.040843    98.890     0.065748    98.290    99.630
  14     0.040037    98.915     0.023258    99.480    99.630
  15     0.037905    98.967     0.017542    99.540    99.630
  16     0.037739    98.938     0.031166    99.200    99.630
  17     0.035723    98.998     0.022771    99.240    99.630
  18     0.031661    99.078     0.059581    98.260    99.630
  19     0.032494    99.097     0.022172    99.350    99.630
  20     0.031383    99.123     0.015355    99.580    99.630
  21     0.031564    99.095     0.020510    99.470    99.630
  22     0.027952    99.182     0.013337    99.630    99.630
  23     0.027339    99.212     0.034102    98.920    99.630
  24     0.027608    99.222     0.016162    99.550    99.630
  25     0.025287    99.273     0.013316    99.520    99.630
  26     0.024723    99.270     0.018499    99.390    99.630
  27     0.024608    99.288     0.011601    99.600    99.630
  28     0.024027    99.323     0.013044    99.570    99.630
  29     0.022660    99.367     0.015975    99.560    99.630
  30     0.022160    99.378     0.012386    99.620    99.630
  31     0.021451    99.387     0.018884    99.420    99.630
  32     0.019993    99.412     0.010452    99.720    99.720
  33     0.021586    99.400     0.013094    99.640    99.720
  34     0.019704    99.423     0.011708    99.660    99.720
  35     0.017913    99.507     0.014714    99.590    99.720
  36     0.017783    99.505     0.014264    99.530    99.720
  37     0.018225    99.505     0.010990    99.700    99.720
  38     0.015859    99.528     0.009933    99.690    99.720
  39     0.017191    99.493     0.011557    99.650    99.720
  40     0.016398    99.525     0.015258    99.600    99.720
  41     0.015436    99.528     0.011674    99.680    99.720
  42     0.016484    99.528     0.010133    99.670    99.720
  43     0.014978    99.560     0.011774    99.610    99.720
  44     0.014158    99.588     0.010151    99.730    99.730
  45     0.014232    99.603     0.011334    99.690    99.730
  46     0.013315    99.613     0.011057    99.710    99.730
  47     0.014303    99.573     0.009846    99.720    99.730
  48     0.013044    99.605     0.011559    99.690    99.730
  49     0.011494    99.672     0.010706    99.710    99.730
  50     0.012513    99.642     0.009594    99.720    99.730
  51     0.011507    99.667     0.012618    99.620    99.730
  52     0.011764    99.672     0.015225    99.620    99.730
  53     0.012482    99.643     0.010575    99.650    99.730
  54     0.011692    99.665     0.010541    99.710    99.730
  55     0.011199    99.687     0.009463    99.710    99.730
  56     0.010470    99.690     0.009982    99.730    99.730
  57     0.010401    99.702     0.012248    99.630    99.730
  58     0.009857    99.730     0.011464    99.660    99.730
  59     0.010830    99.668     0.011601    99.690    99.730
  60     0.009835    99.707     0.010829    99.710    99.730
  61     0.010431    99.705     0.009807    99.760    99.760
  62     0.010416    99.688     0.009923    99.740    99.760
  63     0.010324    99.685     0.011723    99.600    99.760
  64     0.009454    99.718     0.009816    99.680    99.760
  65     0.009398    99.723     0.009905    99.700    99.760
  66     0.009266    99.720     0.009039    99.700    99.760
  67     0.008610    99.742     0.008855    99.730    99.760
  68     0.008906    99.743     0.009511    99.730    99.760
  69     0.009514    99.727     0.009747    99.720    99.760
  70     0.007688    99.805     0.009074    99.700    99.760
  71     0.008116    99.778     0.011219    99.680    99.760
  72     0.007818    99.787     0.007563    99.780    99.780
  73     0.007835    99.785     0.009250    99.770    99.780
  74     0.008126    99.783     0.008674    99.740    99.780
  75     0.006893    99.795     0.010008    99.710    99.780
  76     0.007572    99.777     0.009283    99.730    99.780
  77     0.007568    99.790     0.009416    99.700    99.780
  78     0.006821    99.815     0.008879    99.740    99.780
  79     0.006513    99.803     0.010320    99.690    99.780
  80     0.006396    99.805     0.008961    99.780    99.780
  81     0.007119    99.790     0.009560    99.760    99.780
  82     0.005779    99.848     0.009143    99.730    99.780
  83     0.005847    99.837     0.008637    99.770    99.780
  84     0.005960    99.833     0.008815    99.720    99.780
  85     0.006194    99.833     0.009529    99.700    99.780
  86     0.006216    99.812     0.010275    99.720    99.780
  87     0.006374    99.790     0.010186    99.680    99.780
  88     0.006564    99.822     0.009959    99.730    99.780
  89     0.006387    99.815     0.008064    99.770    99.780
  90     0.005707    99.847     0.008550    99.730    99.780
  91     0.005729    99.838     0.009686    99.730    99.780
  92     0.005127    99.855     0.009068    99.700    99.780
  93     0.005205    99.858     0.008029    99.760    99.780
  94     0.005171    99.857     0.008750    99.700    99.780
  95     0.005865    99.823     0.008636    99.770    99.780
  96     0.005139    99.850     0.008900    99.730    99.780
  97     0.004687    99.882     0.009925    99.710    99.780
  98     0.004778    99.873     0.008629    99.730    99.780
  99     0.003905    99.903     0.008675    99.750    99.780
 100     0.004864    99.868     0.008715    99.720    99.780
 101     0.004264    99.882     0.009154    99.730    99.780
 102     0.004324    99.882     0.009117    99.740    99.780
 103     0.004886    99.873     0.009811    99.710    99.780
 104     0.004810    99.858     0.009706    99.740    99.780
 105     0.004075    99.885     0.009952    99.710    99.780
 106     0.004394    99.888     0.008759    99.760    99.780
 107     0.004293    99.875     0.008632    99.760    99.780
 108     0.004138    99.880     0.008922    99.720    99.780
 109     0.003867    99.888     0.008975    99.730    99.780
 110     0.004240    99.862     0.009538    99.730    99.780
 111     0.004056    99.880     0.008786    99.750    99.780
 112     0.004283    99.882     0.009196    99.730    99.780
 113     0.003700    99.895     0.009091    99.680    99.780
 114     0.003765    99.898     0.009248    99.660    99.780
 115     0.004276    99.882     0.008374    99.740    99.780
 116     0.003487    99.882     0.008916    99.770    99.780
 117     0.003695    99.898     0.008812    99.740    99.780
 118     0.004230    99.885     0.008794    99.690    99.780
 119     0.003649    99.890     0.009413    99.730    99.780
 120     0.003742    99.912     0.010119    99.750    99.780
 121     0.003434    99.912     0.009348    99.750    99.780
 122     0.003595    99.890     0.009580    99.750    99.780
 123     0.003198    99.905     0.009224    99.700    99.780
 124     0.003277    99.910     0.008606    99.750    99.780
 125     0.002863    99.918     0.008852    99.750    99.780
 126     0.003248    99.915     0.008283    99.750    99.780
 127     0.003422    99.910     0.008549    99.690    99.780
 128     0.003087    99.925     0.009103    99.750    99.780
 129     0.003976    99.890     0.009015    99.730    99.780
 130     0.003295    99.908     0.008983    99.720    99.780
 131     0.002967    99.918     0.009374    99.720    99.780
 132     0.003221    99.905     0.009640    99.730    99.780
 133     0.003119    99.910     0.009945    99.770    99.780
 134     0.002731    99.943     0.009355    99.710    99.780
 135     0.003093    99.912     0.009610    99.730    99.780
 136     0.002599    99.928     0.010187    99.760    99.780
 137     0.003123    99.902     0.009341    99.720    99.780
 138     0.002899    99.912     0.009900    99.730    99.780
 139     0.002966    99.923     0.009323    99.730    99.780
 140     0.003074    99.920     0.009055    99.750    99.780
 141     0.003147    99.908     0.009551    99.710    99.780
 142     0.002907    99.918     0.009064    99.700    99.780
 143     0.003288    99.905     0.009879    99.770    99.780
 144     0.002783    99.930     0.009787    99.740    99.780
 145     0.002586    99.935     0.009829    99.730    99.780
 146     0.002376    99.935     0.010522    99.740    99.780
 147     0.002595    99.922     0.010584    99.700    99.780
 148     0.002751    99.932     0.010375    99.750    99.780
 149     0.002700    99.927     0.009973    99.690    99.780
