   0     0.519237    90.517     0.113939    99.120    99.120
   1     0.194318    97.463     0.073612    99.190    99.190
   2     0.134910    97.800     0.053057    99.370    99.370
   3     0.103520    98.115     0.046514    99.250    99.370
   4     0.084242    98.323     0.034140    99.390    99.390
   5     0.076789    98.322     0.043810    99.130    99.390
   6     0.067006    98.503     0.028598    99.420    99.420
   7     0.061923    98.593     0.026929    99.530    99.530
   8     0.056974    98.577     0.021972    99.540    99.540
   9     0.050698    98.703     0.042641    98.910    99.540
  10     0.046597    98.802     0.088102    97.880    99.540
  11     0.046085    98.765     0.021879    99.560    99.560
  12     0.043749    98.860     0.027533    99.390    99.560
  13     0.041189    98.870     0.017397    99.600    99.600
  14     0.039510    98.950     0.028551    99.350    99.600
  15     0.036754    99.015     0.016157    99.570    99.600
  16     0.036988    98.937     0.016353    99.580    99.600
  17     0.033940    99.052     0.027607    99.370    99.600
  18     0.033653    99.020     0.024407    99.460    99.600
  19     0.032584    99.102     0.018397    99.580    99.600
  20     0.030730    99.157     0.020215    99.490    99.600
  21     0.029919    99.157     0.017631    99.450    99.600
  22     0.028400    99.177     0.017455    99.460    99.600
  23     0.027582    99.215     0.012063    99.580    99.600
  24     0.026969    99.240     0.017704    99.460    99.600
  25     0.024971    99.313     0.011887    99.700    99.700
  26     0.025083    99.275     0.017581    99.440    99.700
  27     0.024584    99.327     0.010870    99.700    99.700
  28     0.023244    99.347     0.017545    99.440    99.700
  29     0.022273    99.320     0.013943    99.560    99.700
  30     0.021492    99.377     0.012273    99.610    99.700
  31     0.021339    99.415     0.016231    99.550    99.700
  32     0.022065    99.372     0.011476    99.640    99.700
  33     0.019679    99.433     0.012262    99.670    99.700
  34     0.020034    99.438     0.012417    99.570    99.700
  35     0.019361    99.423     0.010584    99.670    99.700
  36     0.018306    99.468     0.009283    99.720    99.720
  37     0.018144    99.485     0.008883    99.720    99.720
  38     0.018097    99.493     0.011359    99.640    99.720
  39     0.016208    99.520     0.012544    99.700    99.720
  40     0.016788    99.522     0.013567    99.590    99.720
  41     0.015669    99.543     0.011223    99.660    99.720
  42     0.015391    99.550     0.014824    99.570    99.720
  43     0.015580    99.553     0.012207    99.640    99.720
  44     0.014176    99.593     0.009722    99.720    99.720
  45     0.014638    99.587     0.013984    99.620    99.720
  46     0.013827    99.558     0.012333    99.600    99.720
  47     0.013986    99.585     0.012064    99.670    99.720
  48     0.012648    99.660     0.011879    99.620    99.720
  49     0.012738    99.648     0.011880    99.670    99.720
  50     0.014081    99.573     0.011631    99.650    99.720
  51     0.012347    99.643     0.015376    99.580    99.720
  52     0.011244    99.702     0.012172    99.680    99.720
  53     0.011580    99.630     0.012376    99.710    99.720
  54     0.010375    99.682     0.009648    99.720    99.720
  55     0.011383    99.682     0.010766    99.660    99.720
  56     0.011654    99.682     0.008857    99.680    99.720
  57     0.011403    99.677     0.009125    99.670    99.720
  58     0.011018    99.690     0.012833    99.650    99.720
  59     0.010025    99.700     0.009618    99.720    99.720
  60     0.009189    99.743     0.010183    99.690    99.720
  61     0.009945    99.717     0.010262    99.680    99.720
  62     0.008914    99.727     0.010516    99.620    99.720
  63     0.009098    99.727     0.009649    99.680    99.720
  64     0.010224    99.693     0.009586    99.670    99.720
  65     0.008945    99.735     0.011909    99.650    99.720
  66     0.009205    99.727     0.010879    99.620    99.720
  67     0.009432    99.710     0.010535    99.700    99.720
  68     0.007893    99.777     0.011301    99.620    99.720
  69     0.008361    99.768     0.010728    99.690    99.720
  70     0.008043    99.748     0.013976    99.570    99.720
  71     0.008052    99.773     0.010989    99.660    99.720
  72     0.008292    99.775     0.011674    99.660    99.720
  73     0.008122    99.757     0.010269    99.670    99.720
  74     0.007790    99.765     0.011156    99.680    99.720
  75     0.006535    99.817     0.010647    99.680    99.720
  76     0.007396    99.767     0.011070    99.690    99.720
  77     0.006711    99.798     0.010434    99.730    99.730
  78     0.007416    99.780     0.009506    99.670    99.730
  79     0.006648    99.798     0.010228    99.740    99.740
  80     0.006836    99.783     0.010332    99.690    99.740
  81     0.006868    99.813     0.009779    99.690    99.740
  82     0.006577    99.813     0.010596    99.690    99.740
  83     0.005681    99.822     0.011382    99.630    99.740
  84     0.005997    99.822     0.010228    99.730    99.740
  85     0.006451    99.798     0.011781    99.690    99.740
  86     0.006929    99.790     0.009631    99.680    99.740
  87     0.005311    99.855     0.011650    99.630    99.740
  88     0.006207    99.792     0.010000    99.660    99.740
  89     0.005794    99.830     0.011797    99.640    99.740
  90     0.006103    99.812     0.010214    99.670    99.740
  91     0.005555    99.837     0.010051    99.700    99.740
  92     0.005333    99.850     0.011007    99.660    99.740
  93     0.005204    99.847     0.011269    99.670    99.740
  94     0.005746    99.843     0.009969    99.680    99.740
  95     0.005789    99.828     0.012381    99.630    99.740
  96     0.005754    99.837     0.010322    99.630    99.740
  97     0.004871    99.868     0.010256    99.680    99.740
  98     0.004629    99.875     0.012833    99.660    99.740
  99     0.005112    99.862     0.010262    99.690    99.740
 100     0.004212    99.892     0.010209    99.680    99.740
 101     0.004991    99.845     0.009007    99.740    99.740
 102     0.004563    99.855     0.010529    99.670    99.740
 103     0.004547    99.862     0.010264    99.720    99.740
 104     0.004107    99.900     0.010395    99.680    99.740
 105     0.005013    99.868     0.011803    99.630    99.740
 106     0.004345    99.877     0.010018    99.710    99.740
 107     0.004303    99.878     0.010812    99.700    99.740
 108     0.003494    99.910     0.009900    99.720    99.740
 109     0.004781    99.857     0.010496    99.670    99.740
 110     0.003734    99.895     0.010377    99.700    99.740
 111     0.004118    99.893     0.010701    99.660    99.740
 112     0.004104    99.875     0.012442    99.670    99.740
 113     0.004860    99.843     0.009979    99.680    99.740
 114     0.004086    99.883     0.010189    99.700    99.740
 115     0.004120    99.885     0.010143    99.680    99.740
 116     0.003937    99.888     0.011185    99.660    99.740
 117     0.003673    99.893     0.011057    99.660    99.740
 118     0.003752    99.890     0.010262    99.710    99.740
 119     0.003354    99.895     0.011854    99.640    99.740
 120     0.003605    99.887     0.011989    99.650    99.740
 121     0.003374    99.910     0.010380    99.700    99.740
 122     0.003296    99.907     0.011266    99.620    99.740
 123     0.003049    99.902     0.010937    99.640    99.740
 124     0.002820    99.928     0.010914    99.660    99.740
 125     0.003559    99.883     0.010075    99.640    99.740
 126     0.003465    99.897     0.010670    99.650    99.740
 127     0.003037    99.928     0.011670    99.630    99.740
 128     0.003185    99.920     0.012218    99.650    99.740
 129     0.003585    99.897     0.012728    99.630    99.740
 130     0.003421    99.902     0.011138    99.620    99.740
 131     0.003269    99.917     0.011360    99.630    99.740
 132     0.003030    99.913     0.010212    99.680    99.740
 133     0.003562    99.897     0.011160    99.690    99.740
 134     0.003219    99.908     0.012424    99.680    99.740
 135     0.002842    99.917     0.010394    99.720    99.740
 136     0.003326    99.898     0.011459    99.680    99.740
 137     0.002958    99.913     0.010580    99.670    99.740
 138     0.002467    99.928     0.010667    99.650    99.740
 139     0.002636    99.938     0.011478    99.640    99.740
 140     0.002552    99.927     0.011532    99.650    99.740
 141     0.002902    99.922     0.011649    99.650    99.740
 142     0.002523    99.928     0.010524    99.700    99.740
 143     0.002337    99.933     0.012337    99.650    99.740
 144     0.002968    99.922     0.010450    99.690    99.740
 145     0.002856    99.915     0.011097    99.690    99.740
 146     0.002392    99.937     0.010379    99.690    99.740
 147     0.002808    99.918     0.010567    99.680    99.740
 148     0.002761    99.933     0.011731    99.630    99.740
 149     0.002730    99.925     0.011050    99.660    99.740
