   0     0.525475    90.245     0.134823    98.840    98.840
   1     0.200713    97.223     0.107139    98.770    98.840
   2     0.134132    97.872     0.075651    98.880    98.880
   3     0.100980    98.158     0.086884    98.440    98.880
   4     0.086326    98.253     0.041133    99.350    99.350
   5     0.077052    98.225     0.042308    99.150    99.350
   6     0.067792    98.412     0.029308    99.380    99.380
   7     0.061228    98.557     0.032472    99.580    99.580
   8     0.057328    98.545     0.033397    99.230    99.580
   9     0.054336    98.577     0.039808    98.970    99.580
  10     0.050734    98.682     0.022134    99.500    99.580
  11     0.046494    98.782     0.018551    99.470    99.580
  12     0.045075    98.780     0.022388    99.440    99.580
  13     0.043130    98.802     0.019054    99.610    99.610
  14     0.041255    98.947     0.026852    99.400    99.610
  15     0.036452    99.003     0.022280    99.420    99.610
  16     0.039183    98.912     0.018979    99.600    99.610
  17     0.035646    99.018     0.019257    99.580    99.610
  18     0.033582    99.038     0.013606    99.650    99.650
  19     0.032199    99.130     0.018899    99.580    99.650
  20     0.030578    99.148     0.012918    99.650    99.650
  21     0.029526    99.172     0.017023    99.530    99.650
  22     0.026759    99.268     0.013499    99.510    99.650
  23     0.027796    99.230     0.013370    99.650    99.650
  24     0.026804    99.260     0.013348    99.660    99.660
  25     0.026089    99.260     0.012556    99.710    99.710
  26     0.025588    99.275     0.013458    99.610    99.710
  27     0.024499    99.280     0.014177    99.660    99.710
  28     0.021536    99.413     0.010614    99.650    99.710
  29     0.021953    99.367     0.012074    99.680    99.710
  30     0.021961    99.397     0.014839    99.520    99.710
  31     0.021791    99.347     0.013933    99.590    99.710
  32     0.020714    99.387     0.015602    99.500    99.710
  33     0.021018    99.388     0.012033    99.620    99.710
  34     0.020459    99.388     0.015987    99.540    99.710
  35     0.017902    99.477     0.011383    99.670    99.710
  36     0.016867    99.532     0.011715    99.660    99.710
  37     0.017843    99.478     0.014717    99.600    99.710
  38     0.018152    99.457     0.009791    99.730    99.730
  39     0.017758    99.537     0.012107    99.680    99.730
  40     0.016235    99.527     0.010680    99.680    99.730
  41     0.015671    99.542     0.012780    99.650    99.730
  42     0.015738    99.543     0.013874    99.640    99.730
  43     0.015621    99.533     0.014010    99.440    99.730
  44     0.015864    99.567     0.015019    99.540    99.730
  45     0.015181    99.552     0.012475    99.650    99.730
  46     0.015789    99.535     0.013289    99.540    99.730
  47     0.013647    99.612     0.009630    99.720    99.730
  48     0.012960    99.645     0.010465    99.710    99.730
  49     0.013935    99.607     0.009240    99.710    99.730
  50     0.013581    99.578     0.010453    99.670    99.730
  51     0.013454    99.592     0.010828    99.610    99.730
  52     0.011591    99.653     0.010441    99.660    99.730
  53     0.011129    99.657     0.009301    99.730    99.730
  54     0.011750    99.678     0.012207    99.650    99.730
  55     0.012002    99.657     0.010767    99.690    99.730
  56     0.011324    99.673     0.010895    99.700    99.730
  57     0.010478    99.697     0.009821    99.690    99.730
  58     0.010966    99.663     0.011257    99.680    99.730
  59     0.010452    99.682     0.009624    99.710    99.730
  60     0.011437    99.672     0.009863    99.720    99.730
  61     0.010328    99.710     0.010060    99.670    99.730
  62     0.009154    99.730     0.010562    99.740    99.740
  63     0.010017    99.695     0.010940    99.670    99.740
  64     0.008781    99.758     0.011029    99.730    99.740
  65     0.009898    99.688     0.010423    99.690    99.740
  66     0.008563    99.763     0.010893    99.670    99.740
  67     0.009153    99.743     0.009434    99.670    99.740
  68     0.009365    99.722     0.010614    99.700    99.740
  69     0.008504    99.742     0.011454    99.660    99.740
  70     0.007676    99.785     0.011505    99.660    99.740
  71     0.008661    99.735     0.011124    99.720    99.740
  72     0.008159    99.743     0.009772    99.730    99.740
  73     0.006685    99.797     0.009888    99.700    99.740
  74     0.007462    99.785     0.009297    99.770    99.770
  75     0.006988    99.787     0.010632    99.720    99.770
  76     0.007829    99.762     0.009753    99.720    99.770
  77     0.007517    99.773     0.009718    99.750    99.770
  78     0.007161    99.790     0.009273    99.710    99.770
  79     0.006446    99.840     0.010996    99.710    99.770
  80     0.006991    99.792     0.009743    99.770    99.770
  81     0.006557    99.807     0.009617    99.780    99.780
  82     0.006632    99.787     0.010355    99.730    99.780
  83     0.005873    99.838     0.011662    99.730    99.780
  84     0.006191    99.828     0.009182    99.730    99.780
  85     0.006870    99.783     0.011283    99.750    99.780
  86     0.005564    99.848     0.010839    99.710    99.780
  87     0.005831    99.823     0.010747    99.690    99.780
  88     0.005431    99.828     0.010505    99.690    99.780
  89     0.006433    99.808     0.011450    99.680    99.780
  90     0.005977    99.833     0.011868    99.660    99.780
  91     0.005620    99.820     0.011759    99.700    99.780
  92     0.005803    99.832     0.011140    99.700    99.780
  93     0.005075    99.855     0.011387    99.760    99.780
  94     0.005024    99.860     0.010464    99.740    99.780
  95     0.005518    99.827     0.011793    99.670    99.780
  96     0.004127    99.875     0.011297    99.730    99.780
  97     0.005208    99.862     0.012413    99.700    99.780
  98     0.005672    99.832     0.011480    99.740    99.780
  99     0.004487    99.882     0.011523    99.690    99.780
 100     0.005453    99.840     0.011481    99.690    99.780
 101     0.004604    99.877     0.010950    99.710    99.780
 102     0.005194    99.837     0.011831    99.650    99.780
 103     0.004416    99.882     0.011348    99.700    99.780
 104     0.003968    99.892     0.011689    99.700    99.780
 105     0.004322    99.883     0.011654    99.700    99.780
 106     0.003816    99.890     0.011095    99.720    99.780
 107     0.004056    99.865     0.013493    99.640    99.780
 108     0.004556    99.860     0.011635    99.670    99.780
 109     0.004269    99.885     0.012972    99.650    99.780
 110     0.004041    99.888     0.012817    99.710    99.780
 111     0.004210    99.887     0.011279    99.720    99.780
 112     0.003896    99.893     0.011369    99.700    99.780
 113     0.004027    99.885     0.012218    99.670    99.780
 114     0.003833    99.895     0.012553    99.710    99.780
 115     0.003772    99.890     0.012126    99.700    99.780
 116     0.003696    99.897     0.011432    99.730    99.780
 117     0.004039    99.878     0.011717    99.730    99.780
 118     0.003633    99.900     0.012371    99.710    99.780
 119     0.003848    99.887     0.012743    99.710    99.780
 120     0.003740    99.883     0.013278    99.680    99.780
 121     0.003718    99.907     0.012593    99.720    99.780
 122     0.003443    99.912     0.011821    99.730    99.780
 123     0.003536    99.885     0.013342    99.680    99.780
 124     0.003619    99.893     0.013185    99.690    99.780
 125     0.003095    99.912     0.012279    99.680    99.780
 126     0.004169    99.875     0.011969    99.720    99.780
 127     0.003608    99.887     0.012227    99.720    99.780
 128     0.003454    99.908     0.011435    99.710    99.780
 129     0.003135    99.913     0.012394    99.690    99.780
 130     0.002995    99.913     0.011884    99.670    99.780
 131     0.003334    99.908     0.012130    99.660    99.780
 132     0.003184    99.912     0.013225    99.660    99.780
 133     0.002741    99.925     0.013915    99.640    99.780
 134     0.003137    99.920     0.012767    99.700    99.780
 135     0.002790    99.918     0.012326    99.680    99.780
 136     0.002690    99.935     0.011912    99.710    99.780
 137     0.002863    99.927     0.012847    99.690    99.780
 138     0.003329    99.895     0.013887    99.660    99.780
 139     0.002582    99.928     0.012506    99.660    99.780
 140     0.002691    99.933     0.012621    99.710    99.780
 141     0.002960    99.930     0.012890    99.690    99.780
 142     0.003355    99.908     0.013078    99.670    99.780
 143     0.002905    99.925     0.012702    99.670    99.780
 144     0.003062    99.917     0.012772    99.690    99.780
 145     0.002450    99.927     0.013390    99.670    99.780
 146     0.002868    99.927     0.014857    99.650    99.780
 147     0.003179    99.923     0.013473    99.700    99.780
 148     0.002312    99.953     0.013277    99.700    99.780
 149     0.002661    99.922     0.012711    99.690    99.780
