   0     0.526501    90.263     0.108842    99.070    99.070
   1     0.199248    97.317     0.083709    99.100    99.100
   2     0.137320    97.755     0.075036    99.110    99.110
   3     0.106127    98.005     0.047416    99.240    99.240
   4     0.087619    98.207     0.034587    99.390    99.390
   5     0.075561    98.365     0.038547    99.370    99.390
   6     0.065196    98.518     0.033921    99.420    99.420
   7     0.061706    98.470     0.029612    99.460    99.460
   8     0.056064    98.582     0.023017    99.500    99.500
   9     0.049645    98.777     0.022223    99.480    99.500
  10     0.049692    98.733     0.031898    99.150    99.500
  11     0.046684    98.790     0.032330    99.360    99.500
  12     0.043412    98.853     0.025347    99.510    99.510
  13     0.042326    98.880     0.029300    99.360    99.510
  14     0.039227    98.940     0.039242    99.150    99.510
  15     0.037461    98.970     0.016983    99.470    99.510
  16     0.036160    99.042     0.017801    99.550    99.550
  17     0.034479    99.083     0.027223    99.180    99.550
  18     0.033585    99.082     0.027390    99.100    99.550
  19     0.030738    99.162     0.014065    99.640    99.640
  20     0.030262    99.188     0.012959    99.670    99.670
  21     0.029953    99.175     0.019262    99.460    99.670
  22     0.028120    99.197     0.098258    97.050    99.670
  23     0.027131    99.255     0.011363    99.640    99.670
  24     0.026275    99.272     0.015932    99.510    99.670
  25     0.025088    99.282     0.014865    99.680    99.680
  26     0.023903    99.338     0.013873    99.640    99.680
  27     0.024794    99.258     0.011885    99.640    99.680
  28     0.022820    99.343     0.014452    99.640    99.680
  29     0.021386    99.400     0.011463    99.680    99.680
  30     0.020046    99.420     0.010719    99.730    99.730
  31     0.020955    99.387     0.014701    99.610    99.730
  32     0.020362    99.440     0.013404    99.680    99.730
  33     0.019297    99.442     0.013285    99.600    99.730
  34     0.019981    99.415     0.011572    99.660    99.730
  35     0.019157    99.447     0.012603    99.660    99.730
  36     0.018908    99.443     0.011295    99.680    99.730
  37     0.017361    99.502     0.011292    99.670    99.730
  38     0.018301    99.460     0.013116    99.520    99.730
  39     0.016762    99.510     0.010659    99.690    99.730
  40     0.016117    99.565     0.017720    99.390    99.730
  41     0.015787    99.542     0.012049    99.620    99.730
  42     0.015612    99.553     0.010720    99.690    99.730
  43     0.014300    99.600     0.012364    99.650    99.730
  44     0.014203    99.588     0.008563    99.730    99.730
  45     0.015338    99.553     0.012076    99.650    99.730
  46     0.013733    99.585     0.009484    99.720    99.730
  47     0.014021    99.578     0.009595    99.730    99.730
  48     0.013573    99.643     0.011288    99.700    99.730
  49     0.013785    99.612     0.011029    99.680    99.730
  50     0.012317    99.647     0.009978    99.740    99.740
  51     0.012044    99.655     0.009668    99.660    99.740
  52     0.011579    99.663     0.009169    99.710    99.740
  53     0.011184    99.647     0.011305    99.710    99.740
  54     0.011743    99.678     0.010970    99.700    99.740
  55     0.011753    99.673     0.011098    99.630    99.740
  56     0.010789    99.678     0.009952    99.690    99.740
  57     0.011114    99.650     0.011661    99.630    99.740
  58     0.011130    99.688     0.010286    99.690    99.740
  59     0.011258    99.665     0.011201    99.670    99.740
  60     0.009100    99.735     0.010043    99.700    99.740
  61     0.010337    99.673     0.010842    99.690    99.740
  62     0.010157    99.702     0.008863    99.750    99.750
  63     0.008900    99.750     0.008737    99.740    99.750
  64     0.009180    99.745     0.010473    99.710    99.750
  65     0.009003    99.740     0.010725    99.720    99.750
  66     0.009235    99.732     0.010532    99.680    99.750
  67     0.009025    99.733     0.010347    99.700    99.750
  68     0.007902    99.777     0.010278    99.750    99.750
  69     0.008520    99.750     0.011583    99.660    99.750
  70     0.008721    99.755     0.011882    99.660    99.750
  71     0.008126    99.770     0.011115    99.700    99.750
  72     0.007379    99.802     0.010376    99.710    99.750
  73     0.007915    99.745     0.011148    99.710    99.750
  74     0.008201    99.757     0.011229    99.650    99.750
  75     0.007095    99.793     0.011258    99.710    99.750
  76     0.007739    99.787     0.011561    99.620    99.750
  77     0.006948    99.772     0.010668    99.690    99.750
  78     0.006887    99.810     0.011391    99.680    99.750
  79     0.006765    99.817     0.011409    99.710    99.750
  80     0.006756    99.798     0.012352    99.660    99.750
  81     0.006665    99.798     0.011720    99.700    99.750
  82     0.006345    99.818     0.010448    99.690    99.750
  83     0.006185    99.820     0.011858    99.720    99.750
  84     0.006506    99.835     0.010825    99.700    99.750
  85     0.005985    99.838     0.013159    99.690    99.750
  86     0.006562    99.807     0.011562    99.650    99.750
  87     0.005857    99.832     0.010564    99.670    99.750
  88     0.006781    99.810     0.011496    99.670    99.750
  89     0.005693    99.840     0.011453    99.700    99.750
  90     0.005857    99.822     0.011948    99.690    99.750
  91     0.004479    99.872     0.010768    99.700    99.750
  92     0.005290    99.843     0.010819    99.690    99.750
  93     0.004922    99.867     0.011714    99.700    99.750
  94     0.004222    99.872     0.011373    99.690    99.750
  95     0.005266    99.837     0.011120    99.700    99.750
  96     0.005147    99.847     0.011254    99.720    99.750
  97     0.005505    99.830     0.011081    99.680    99.750
  98     0.005158    99.850     0.011010    99.720    99.750
  99     0.005222    99.860     0.010943    99.730    99.750
 100     0.004462    99.885     0.011146    99.690    99.750
 101     0.004714    99.872     0.011834    99.670    99.750
 102     0.004753    99.867     0.011610    99.710    99.750
 103     0.005037    99.853     0.011528    99.700    99.750
 104     0.004462    99.870     0.011897    99.710    99.750
 105     0.004506    99.857     0.012118    99.700    99.750
 106     0.004929    99.862     0.011869    99.700    99.750
 107     0.005210    99.842     0.011548    99.690    99.750
 108     0.003892    99.885     0.011575    99.690    99.750
 109     0.004084    99.887     0.011572    99.670    99.750
 110     0.003880    99.878     0.010576    99.720    99.750
 111     0.004436    99.877     0.011919    99.710    99.750
 112     0.004170    99.897     0.010962    99.660    99.750
 113     0.004153    99.872     0.011689    99.730    99.750
 114     0.003574    99.898     0.010586    99.730    99.750
 115     0.003081    99.927     0.011043    99.720    99.750
 116     0.004750    99.855     0.011165    99.700    99.750
 117     0.004026    99.883     0.011821    99.710    99.750
 118     0.003827    99.893     0.012603    99.680    99.750
 119     0.003497    99.890     0.011546    99.690    99.750
 120     0.003470    99.898     0.012161    99.670    99.750
 121     0.003576    99.905     0.011763    99.720    99.750
 122     0.003777    99.890     0.011593    99.680    99.750
 123     0.003488    99.908     0.011155    99.680    99.750
 124     0.003032    99.915     0.011408    99.720    99.750
 125     0.003706    99.895     0.011614    99.730    99.750
 126     0.003543    99.902     0.012318    99.700    99.750
 127     0.003846    99.878     0.012316    99.690    99.750
 128     0.003214    99.917     0.012144    99.650    99.750
 129     0.003086    99.915     0.012134    99.680    99.750
 130     0.003274    99.905     0.010892    99.710    99.750
 131     0.003249    99.908     0.011896    99.690    99.750
 132     0.003274    99.918     0.011683    99.700    99.750
 133     0.003030    99.910     0.011809    99.690    99.750
 134     0.003477    99.900     0.011650    99.680    99.750
 135     0.003315    99.910     0.011617    99.730    99.750
 136     0.002947    99.925     0.011635    99.690    99.750
 137     0.002592    99.935     0.011642    99.710    99.750
 138     0.002728    99.943     0.011434    99.700    99.750
 139     0.003121    99.908     0.010781    99.700    99.750
 140     0.003041    99.913     0.011191    99.690    99.750
 141     0.002604    99.928     0.011942    99.700    99.750
 142     0.002895    99.918     0.010787    99.740    99.750
 143     0.003183    99.915     0.011227    99.720    99.750
 144     0.003070    99.903     0.010908    99.720    99.750
 145     0.002756    99.925     0.011254    99.720    99.750
 146     0.002212    99.950     0.011005    99.680    99.750
 147     0.002718    99.932     0.011557    99.710    99.750
 148     0.002327    99.928     0.011055    99.710    99.750
 149     0.002911    99.917     0.011037    99.720    99.750
