   0     0.543729    89.738     0.118165    98.970    98.970
   1     0.204398    97.150     0.070493    99.320    99.320
   2     0.135284    97.828     0.053033    99.280    99.320
   3     0.104864    98.098     0.055779    99.000    99.320
   4     0.087214    98.248     0.053921    99.210    99.320
   5     0.076121    98.348     0.040318    99.180    99.320
   6     0.066329    98.482     0.046324    98.820    99.320
   7     0.062283    98.537     0.031717    99.330    99.330
   8     0.055277    98.670     0.019367    99.590    99.590
   9     0.054235    98.603     0.027832    99.350    99.590
  10     0.050259    98.677     0.099543    97.120    99.590
  11     0.047608    98.773     0.027333    99.410    99.590
  12     0.044356    98.827     0.029470    99.270    99.590
  13     0.043565    98.803     0.017052    99.630    99.630
  14     0.039454    98.932     0.027752    99.290    99.630
  15     0.039805    98.867     0.026394    99.440    99.630
  16     0.036831    98.943     0.079986    97.850    99.630
  17     0.034943    99.007     0.014760    99.630    99.630
  18     0.033938    99.050     0.012941    99.680    99.680
  19     0.032094    99.067     0.017083    99.540    99.680
  20     0.030014    99.173     0.016375    99.540    99.680
  21     0.032173    99.110     0.013191    99.630    99.680
  22     0.029670    99.202     0.015251    99.550    99.680
  23     0.027951    99.183     0.017981    99.510    99.680
  24     0.027706    99.202     0.015344    99.560    99.680
  25     0.025814    99.243     0.012798    99.630    99.680
  26     0.026640    99.225     0.014755    99.550    99.680
  27     0.025121    99.268     0.012474    99.600    99.680
  28     0.024314    99.313     0.011419    99.600    99.680
  29     0.023033    99.353     0.014848    99.570    99.680
  30     0.022869    99.350     0.015317    99.530    99.680
  31     0.022485    99.372     0.013611    99.570    99.680
  32     0.021159    99.387     0.010832    99.630    99.680
  33     0.020140    99.432     0.012328    99.650    99.680
  34     0.019298    99.457     0.011224    99.630    99.680
  35     0.017886    99.473     0.010699    99.640    99.680
  36     0.019809    99.418     0.010602    99.650    99.680
  37     0.017336    99.508     0.011268    99.620    99.680
  38     0.017938    99.483     0.011063    99.640    99.680
  39     0.017154    99.522     0.013082    99.580    99.680
  40     0.015848    99.563     0.011999    99.650    99.680
  41     0.015758    99.508     0.011613    99.680    99.680
  42     0.016195    99.528     0.010958    99.680    99.680
  43     0.015660    99.570     0.011927    99.590    99.680
  44     0.013863    99.597     0.009791    99.730    99.730
  45     0.015089    99.520     0.011329    99.630    99.730
  46     0.013735    99.605     0.009515    99.720    99.730
  47     0.013868    99.572     0.010317    99.730    99.730
  48     0.013241    99.607     0.010180    99.670    99.730
  49     0.013728    99.627     0.011098    99.680    99.730
  50     0.012625    99.652     0.008701    99.710    99.730
  51     0.013504    99.597     0.009407    99.680    99.730
  52     0.013388    99.568     0.013861    99.610    99.730
  53     0.011544    99.672     0.009794    99.720    99.730
  54     0.010563    99.682     0.009781    99.750    99.750
  55     0.012019    99.628     0.011870    99.690    99.750
  56     0.011962    99.613     0.009466    99.700    99.750
  57     0.010306    99.705     0.009209    99.710    99.750
  58     0.010758    99.702     0.011417    99.660    99.750
  59     0.011153    99.685     0.009155    99.720    99.750
  60     0.009949    99.708     0.009360    99.710    99.750
  61     0.009251    99.730     0.009730    99.710    99.750
  62     0.010744    99.662     0.009758    99.660    99.750
  63     0.009738    99.725     0.010543    99.660    99.750
  64     0.009588    99.733     0.011584    99.680    99.750
  65     0.008457    99.733     0.009334    99.710    99.750
  66     0.009950    99.715     0.010356    99.660    99.750
  67     0.010222    99.700     0.009127    99.700    99.750
  68     0.008623    99.750     0.009893    99.700    99.750
  69     0.008354    99.735     0.010634    99.670    99.750
  70     0.009028    99.737     0.010344    99.700    99.750
  71     0.008345    99.762     0.009023    99.750    99.750
  72     0.007686    99.783     0.009404    99.670    99.750
  73     0.008218    99.775     0.010772    99.630    99.750
  74     0.007577    99.793     0.009476    99.720    99.750
  75     0.007497    99.783     0.009428    99.690    99.750
  76     0.007844    99.778     0.009201    99.730    99.750
  77     0.007538    99.793     0.010377    99.690    99.750
  78     0.007021    99.797     0.010201    99.650    99.750
  79     0.006215    99.822     0.011018    99.630    99.750
  80     0.006671    99.802     0.009876    99.670    99.750
  81     0.006623    99.807     0.011129    99.640    99.750
  82     0.006344    99.803     0.011236    99.680    99.750
  83     0.007069    99.778     0.010027    99.700    99.750
  84     0.005653    99.823     0.009978    99.760    99.760
  85     0.005971    99.833     0.010790    99.690    99.760
  86     0.005805    99.833     0.010530    99.660    99.760
  87     0.006216    99.808     0.010945    99.680    99.760
  88     0.005691    99.840     0.010832    99.720    99.760
  89     0.005473    99.818     0.010804    99.700    99.760
  90     0.005734    99.842     0.009440    99.680    99.760
  91     0.004658    99.865     0.009784    99.670    99.760
  92     0.005482    99.848     0.010944    99.690    99.760
  93     0.004868    99.857     0.011689    99.680    99.760
  94     0.006294    99.810     0.010411    99.720    99.760
  95     0.005635    99.847     0.011871    99.640    99.760
  96     0.004958    99.865     0.010816    99.670    99.760
  97     0.004324    99.883     0.009691    99.700    99.760
  98     0.005253    99.855     0.011196    99.670    99.760
  99     0.005055    99.857     0.010628    99.750    99.760
 100     0.005504    99.827     0.010391    99.740    99.760
 101     0.004990    99.852     0.010969    99.720    99.760
 102     0.004891    99.865     0.011689    99.700    99.760
 103     0.004744    99.867     0.010620    99.660    99.760
 104     0.004140    99.887     0.011130    99.680    99.760
 105     0.004400    99.865     0.011657    99.630    99.760
 106     0.004507    99.888     0.012261    99.650    99.760
 107     0.004785    99.862     0.011727    99.670    99.760
 108     0.004514    99.847     0.010754    99.730    99.760
 109     0.004365    99.885     0.010224    99.700    99.760
 110     0.003935    99.898     0.012178    99.690    99.760
 111     0.003984    99.890     0.011416    99.680    99.760
 112     0.004304    99.892     0.010950    99.700    99.760
 113     0.004118    99.887     0.010887    99.730    99.760
 114     0.003737    99.900     0.011615    99.700    99.760
 115     0.004221    99.873     0.010709    99.680    99.760
 116     0.004740    99.877     0.010093    99.720    99.760
 117     0.004161    99.867     0.010414    99.700    99.760
 118     0.003517    99.888     0.010363    99.680    99.760
 119     0.003394    99.902     0.009756    99.740    99.760
 120     0.003600    99.880     0.010326    99.680    99.760
 121     0.004201    99.878     0.010800    99.660    99.760
 122     0.004434    99.878     0.009917    99.700    99.760
 123     0.004325    99.877     0.010555    99.700    99.760
 124     0.003849    99.895     0.010758    99.690    99.760
 125     0.003306    99.912     0.010309    99.680    99.760
 126     0.003556    99.893     0.010660    99.680    99.760
 127     0.003741    99.900     0.011144    99.660    99.760
 128     0.004185    99.882     0.011240    99.660    99.760
 129     0.003449    99.892     0.011193    99.670    99.760
 130     0.003679    99.890     0.011381    99.630    99.760
 131     0.003501    99.897     0.010677    99.690    99.760
 132     0.002929    99.933     0.010687    99.670    99.760
 133     0.003464    99.898     0.010853    99.660    99.760
 134     0.002828    99.918     0.011023    99.690    99.760
 135     0.003263    99.900     0.010946    99.680    99.760
 136     0.003350    99.910     0.011064    99.660    99.760
 137     0.003008    99.910     0.010633    99.700    99.760
 138     0.002914    99.942     0.011416    99.670    99.760
 139     0.003092    99.908     0.010489    99.720    99.760
 140     0.003147    99.917     0.010384    99.720    99.760
 141     0.002830    99.913     0.010081    99.730    99.760
 142     0.003100    99.912     0.010660    99.660    99.760
 143     0.002987    99.920     0.010802    99.680    99.760
 144     0.003318    99.903     0.011537    99.690    99.760
 145     0.002728    99.928     0.010854    99.730    99.760
 146     0.002934    99.922     0.010946    99.750    99.760
 147     0.002606    99.935     0.010944    99.720    99.760
 148     0.002576    99.925     0.011399    99.720    99.760
 149     0.002722    99.923     0.011000    99.730    99.760
