   0     0.532827    89.960     0.121734    99.040    99.040
   1     0.201325    97.245     0.111072    98.360    99.040
   2     0.134422    97.808     0.059430    99.430    99.430
   3     0.104875    98.065     0.062234    98.850    99.430
   4     0.086106    98.270     0.033991    99.380    99.430
   5     0.073132    98.397     0.053106    99.160    99.430
   6     0.069210    98.378     0.038310    99.300    99.430
   7     0.060269    98.553     0.077710    98.260    99.430
   8     0.058466    98.535     0.043690    99.090    99.430
   9     0.055444    98.608     0.028987    99.420    99.430
  10     0.046329    98.800     0.020650    99.550    99.550
  11     0.047564    98.740     0.023082    99.480    99.550
  12     0.044611    98.780     0.017961    99.600    99.600
  13     0.042888    98.853     0.022708    99.500    99.600
  14     0.041108    98.903     0.026192    99.370    99.600
  15     0.038193    99.000     0.018580    99.450    99.600
  16     0.037708    98.917     0.016274    99.610    99.610
  17     0.037298    98.952     0.017143    99.540    99.610
  18     0.031972    99.082     0.016273    99.520    99.610
  19     0.031338    99.122     0.018162    99.480    99.610
  20     0.030632    99.158     0.022026    99.420    99.610
  21     0.031170    99.097     0.022870    99.320    99.610
  22     0.029298    99.203     0.012266    99.680    99.680
  23     0.026503    99.223     0.013649    99.640    99.680
  24     0.027116    99.240     0.011945    99.690    99.690
  25     0.025084    99.262     0.012399    99.650    99.690
  26     0.025724    99.287     0.011063    99.670    99.690
  27     0.023978    99.287     0.012764    99.630    99.690
  28     0.021974    99.370     0.012840    99.600    99.690
  29     0.021575    99.355     0.009612    99.710    99.710
  30     0.021943    99.330     0.011828    99.610    99.710
  31     0.022578    99.323     0.013356    99.690    99.710
  32     0.021267    99.380     0.011516    99.670    99.710
  33     0.020839    99.393     0.012332    99.610    99.710
  34     0.020594    99.405     0.012501    99.640    99.710
  35     0.018835    99.497     0.010018    99.710    99.710
  36     0.018853    99.457     0.011196    99.730    99.730
  37     0.016839    99.560     0.011615    99.660    99.730
  38     0.018006    99.468     0.010795    99.700    99.730
  39     0.016880    99.528     0.009861    99.680    99.730
  40     0.016039    99.553     0.012634    99.670    99.730
  41     0.015200    99.545     0.009437    99.710    99.730
  42     0.016214    99.525     0.010121    99.740    99.740
  43     0.015511    99.550     0.010424    99.710    99.740
  44     0.014412    99.588     0.008660    99.730    99.740
  45     0.015167    99.550     0.009462    99.730    99.740
  46     0.014923    99.585     0.012183    99.640    99.740
  47     0.014123    99.610     0.009996    99.720    99.740
  48     0.012896    99.648     0.012124    99.650    99.740
  49     0.013385    99.622     0.009294    99.710    99.740
  50     0.012721    99.648     0.008801    99.760    99.760
  51     0.013434    99.610     0.009889    99.660    99.760
  52     0.012085    99.665     0.008492    99.720    99.760
  53     0.012973    99.640     0.009466    99.700    99.760
  54     0.012835    99.628     0.009784    99.740    99.760
  55     0.011425    99.642     0.009267    99.760    99.760
  56     0.011180    99.677     0.011245    99.650    99.760
  57     0.009323    99.740     0.009452    99.710    99.760
  58     0.010277    99.712     0.010194    99.710    99.760
  59     0.009652    99.720     0.009729    99.740    99.760
  60     0.010601    99.703     0.008499    99.760    99.760
  61     0.009984    99.672     0.009594    99.670    99.760
  62     0.010788    99.658     0.010748    99.700    99.760
  63     0.010286    99.718     0.008528    99.770    99.770
  64     0.009379    99.753     0.011073    99.640    99.770
  65     0.009009    99.732     0.009785    99.710    99.770
  66     0.008796    99.747     0.009107    99.710    99.770
  67     0.009549    99.715     0.008756    99.720    99.770
  68     0.008545    99.762     0.009097    99.710    99.770
  69     0.007170    99.795     0.010022    99.670    99.770
  70     0.008820    99.763     0.010920    99.710    99.770
  71     0.008663    99.758     0.009091    99.720    99.770
  72     0.008267    99.747     0.011453    99.660    99.770
  73     0.007404    99.785     0.011131    99.640    99.770
  74     0.008114    99.782     0.008939    99.710    99.770
  75     0.007908    99.760     0.009026    99.730    99.770
  76     0.006368    99.805     0.009031    99.740    99.770
  77     0.007249    99.802     0.012543    99.650    99.770
  78     0.006716    99.808     0.009402    99.710    99.770
  79     0.006734    99.812     0.010405    99.750    99.770
  80     0.007211    99.803     0.010032    99.750    99.770
  81     0.006174    99.813     0.010190    99.680    99.770
  82     0.006761    99.813     0.010192    99.680    99.770
  83     0.006832    99.812     0.011132    99.660    99.770
  84     0.006884    99.807     0.010357    99.710    99.770
  85     0.006387    99.815     0.009685    99.700    99.770
  86     0.006143    99.812     0.009306    99.660    99.770
  87     0.006385    99.810     0.009988    99.630    99.770
  88     0.005820    99.822     0.008383    99.680    99.770
  89     0.005158    99.855     0.008824    99.700    99.770
  90     0.006456    99.787     0.008935    99.710    99.770
  91     0.005702    99.845     0.009283    99.680    99.770
  92     0.006066    99.823     0.008883    99.710    99.770
  93     0.005411    99.842     0.010388    99.680    99.770
  94     0.005191    99.852     0.009673    99.690    99.770
  95     0.005644    99.840     0.008825    99.730    99.770
  96     0.005143    99.850     0.009571    99.720    99.770
  97     0.005800    99.828     0.009064    99.710    99.770
  98     0.004553    99.867     0.009720    99.720    99.770
  99     0.004923    99.868     0.009823    99.700    99.770
 100     0.005860    99.835     0.008519    99.740    99.770
 101     0.004329    99.870     0.010266    99.680    99.770
 102     0.004396    99.878     0.009205    99.690    99.770
 103     0.004783    99.862     0.011631    99.640    99.770
 104     0.004287    99.902     0.009700    99.740    99.770
 105     0.004454    99.868     0.009759    99.700    99.770
 106     0.004054    99.883     0.011405    99.650    99.770
 107     0.004103    99.882     0.011914    99.640    99.770
 108     0.004207    99.885     0.012028    99.660    99.770
 109     0.004180    99.883     0.010379    99.670    99.770
 110     0.004160    99.865     0.010825    99.710    99.770
 111     0.004147    99.887     0.011968    99.700    99.770
 112     0.004584    99.870     0.011568    99.670    99.770
 113     0.004272    99.887     0.011780    99.690    99.770
 114     0.003484    99.897     0.010940    99.690    99.770
 115     0.004435    99.868     0.010026    99.720    99.770
 116     0.003971    99.898     0.010453    99.690    99.770
 117     0.004129    99.892     0.011666    99.650    99.770
 118     0.003781    99.893     0.010767    99.660    99.770
 119     0.004216    99.885     0.009808    99.700    99.770
 120     0.003517    99.893     0.010092    99.690    99.770
 121     0.003889    99.892     0.010603    99.690    99.770
 122     0.003737    99.900     0.009639    99.720    99.770
 123     0.003999    99.895     0.010230    99.740    99.770
 124     0.003384    99.912     0.010219    99.670    99.770
 125     0.003773    99.888     0.009629    99.720    99.770
 126     0.003128    99.910     0.009907    99.720    99.770
 127     0.003285    99.907     0.009627    99.740    99.770
 128     0.003754    99.893     0.009490    99.750    99.770
 129     0.003042    99.918     0.010155    99.670    99.770
 130     0.003510    99.883     0.009846    99.700    99.770
 131     0.003313    99.898     0.009707    99.700    99.770
 132     0.003531    99.907     0.010143    99.690    99.770
 133     0.002960    99.918     0.009178    99.760    99.770
 134     0.003326    99.902     0.010176    99.700    99.770
 135     0.002942    99.922     0.010378    99.680    99.770
 136     0.003197    99.898     0.010796    99.690    99.770
 137     0.003539    99.892     0.010085    99.710    99.770
 138     0.003101    99.920     0.010090    99.690    99.770
 139     0.002914    99.905     0.010578    99.680    99.770
 140     0.002677    99.927     0.009810    99.700    99.770
 141     0.002798    99.922     0.009472    99.700    99.770
 142     0.002974    99.915     0.009639    99.720    99.770
 143     0.003040    99.910     0.009717    99.710    99.770
 144     0.002725    99.923     0.009746    99.720    99.770
 145     0.002685    99.937     0.009884    99.720    99.770
 146     0.003588    99.893     0.009528    99.700    99.770
 147     0.002531    99.935     0.009389    99.700    99.770
 148     0.002490    99.937     0.009357    99.730    99.770
 149     0.003224    99.910     0.009254    99.720    99.770
