   0     0.525875    90.197     0.124585    99.100    99.100
   1     0.200316    97.328     0.077164    99.130    99.130
   2     0.134260    97.793     0.058623    99.260    99.260
   3     0.106464    98.010     0.083070    98.680    99.260
   4     0.087294    98.190     0.055649    98.680    99.260
   5     0.075326    98.350     0.030103    99.420    99.420
   6     0.066827    98.478     0.051013    98.960    99.420
   7     0.061568    98.535     0.150792    95.310    99.420
   8     0.057644    98.547     0.019519    99.510    99.510
   9     0.051257    98.708     0.031267    99.350    99.510
  10     0.049001    98.757     0.020967    99.460    99.510
  11     0.048515    98.727     0.031074    99.320    99.510
  12     0.044554    98.818     0.025040    99.430    99.510
  13     0.044292    98.790     0.024450    99.460    99.510
  14     0.040749    98.923     0.036100    99.080    99.510
  15     0.037521    98.938     0.015289    99.520    99.520
  16     0.036095    99.035     0.013873    99.600    99.600
  17     0.035323    99.010     0.023512    99.280    99.600
  18     0.035158    99.012     0.019326    99.470    99.600
  19     0.031705    99.082     0.015735    99.550    99.600
  20     0.031304    99.117     0.014033    99.650    99.650
  21     0.031404    99.083     0.017251    99.530    99.650
  22     0.027306    99.222     0.015998    99.610    99.650
  23     0.029415    99.153     0.013576    99.550    99.650
  24     0.026919    99.222     0.014578    99.630    99.650
  25     0.023512    99.368     0.013240    99.600    99.650
  26     0.024529    99.307     0.017784    99.470    99.650
  27     0.026399    99.243     0.011680    99.640    99.650
  28     0.022735    99.342     0.011326    99.640    99.650
  29     0.021929    99.370     0.011698    99.660    99.660
  30     0.020793    99.412     0.012703    99.700    99.700
  31     0.019925    99.445     0.011581    99.640    99.700
  32     0.022492    99.335     0.014672    99.530    99.700
  33     0.019640    99.423     0.011260    99.660    99.700
  34     0.018959    99.457     0.011738    99.650    99.700
  35     0.018956    99.453     0.011757    99.590    99.700
  36     0.018997    99.473     0.010199    99.690    99.700
  37     0.017681    99.472     0.011986    99.660    99.700
  38     0.017957    99.473     0.009382    99.760    99.760
  39     0.016130    99.537     0.010781    99.640    99.760
  40     0.017636    99.480     0.011455    99.700    99.760
  41     0.014210    99.590     0.010937    99.670    99.760
  42     0.016177    99.518     0.009870    99.650    99.760
  43     0.016555    99.543     0.009564    99.730    99.760
  44     0.015934    99.538     0.010536    99.670    99.760
  45     0.013897    99.582     0.008701    99.710    99.760
  46     0.015832    99.550     0.009559    99.690    99.760
  47     0.013037    99.632     0.009591    99.670    99.760
  48     0.013943    99.600     0.012173    99.640    99.760
  49     0.013951    99.615     0.011902    99.640    99.760
  50     0.012452    99.617     0.009499    99.710    99.760
  51     0.013410    99.597     0.010762    99.650    99.760
  52     0.012103    99.627     0.010429    99.630    99.760
  53     0.011577    99.675     0.010278    99.680    99.760
  54     0.011619    99.667     0.010282    99.700    99.760
  55     0.011194    99.698     0.011681    99.680    99.760
  56     0.010717    99.670     0.010676    99.650    99.760
  57     0.010916    99.673     0.009689    99.650    99.760
  58     0.011367    99.678     0.009684    99.690    99.760
  59     0.010489    99.690     0.010390    99.680    99.760
  60     0.010758    99.682     0.009816    99.720    99.760
  61     0.010112    99.705     0.009781    99.690    99.760
  62     0.009439    99.755     0.012122    99.670    99.760
  63     0.010130    99.695     0.010369    99.670    99.760
  64     0.008638    99.748     0.009123    99.650    99.760
  65     0.008707    99.747     0.009615    99.740    99.760
  66     0.009389    99.728     0.009498    99.680    99.760
  67     0.008060    99.773     0.010759    99.710    99.760
  68     0.008315    99.750     0.009154    99.720    99.760
  69     0.008221    99.743     0.008918    99.760    99.760
  70     0.008735    99.745     0.012257    99.630    99.760
  71     0.007861    99.790     0.009996    99.710    99.760
  72     0.007987    99.772     0.008351    99.720    99.760
  73     0.007847    99.760     0.008671    99.730    99.760
  74     0.007590    99.772     0.009735    99.720    99.760
  75     0.007321    99.800     0.008538    99.730    99.760
  76     0.007951    99.785     0.009720    99.670    99.760
  77     0.007799    99.775     0.008567    99.730    99.760
  78     0.007389    99.788     0.009225    99.740    99.760
  79     0.007069    99.793     0.009464    99.730    99.760
  80     0.006874    99.803     0.008854    99.740    99.760
  81     0.006292    99.822     0.009991    99.690    99.760
  82     0.006192    99.813     0.010095    99.680    99.760
  83     0.005559    99.842     0.009064    99.730    99.760
  84     0.007043    99.780     0.009986    99.740    99.760
  85     0.006345    99.810     0.010071    99.720    99.760
  86     0.006680    99.808     0.009074    99.730    99.760
  87     0.005818    99.823     0.009626    99.710    99.760
  88     0.006224    99.833     0.011127    99.700    99.760
  89     0.005284    99.850     0.010873    99.710    99.760
  90     0.006338    99.805     0.011026    99.730    99.760
  91     0.005684    99.840     0.010423    99.690    99.760
  92     0.005451    99.832     0.010355    99.700    99.760
  93     0.004848    99.862     0.010325    99.710    99.760
  94     0.005545    99.840     0.009658    99.720    99.760
  95     0.005408    99.840     0.010980    99.670    99.760
  96     0.004763    99.863     0.011780    99.640    99.760
  97     0.005528    99.842     0.012687    99.610    99.760
  98     0.005192    99.848     0.010024    99.700    99.760
  99     0.004837    99.858     0.009881    99.730    99.760
 100     0.005018    99.848     0.011938    99.670    99.760
 101     0.004977    99.872     0.009393    99.760    99.760
 102     0.004621    99.867     0.010307    99.690    99.760
 103     0.004738    99.870     0.010420    99.700    99.760
 104     0.004355    99.890     0.009988    99.690    99.760
 105     0.004564    99.873     0.009549    99.690    99.760
 106     0.004837    99.858     0.008933    99.710    99.760
 107     0.004776    99.848     0.010222    99.680    99.760
 108     0.004809    99.878     0.010229    99.660    99.760
 109     0.004120    99.885     0.010903    99.690    99.760
 110     0.004508    99.878     0.010801    99.700    99.760
 111     0.004300    99.897     0.010989    99.690    99.760
 112     0.003739    99.892     0.010778    99.720    99.760
 113     0.004152    99.878     0.011414    99.670    99.760
 114     0.004365    99.860     0.010738    99.660    99.760
 115     0.004351    99.878     0.009972    99.690    99.760
 116     0.004074    99.887     0.011592    99.670    99.760
 117     0.003683    99.908     0.011274    99.700    99.760
 118     0.004072    99.883     0.010495    99.690    99.760
 119     0.003805    99.887     0.010974    99.680    99.760
 120     0.003723    99.902     0.011130    99.690    99.760
 121     0.003462    99.897     0.009846    99.690    99.760
 122     0.003510    99.902     0.010244    99.690    99.760
 123     0.003536    99.902     0.010366    99.710    99.760
 124     0.003178    99.923     0.010314    99.690    99.760
 125     0.003400    99.900     0.010164    99.720    99.760
 126     0.003652    99.892     0.011075    99.670    99.760
 127     0.002895    99.927     0.011403    99.700    99.760
 128     0.003528    99.898     0.011351    99.720    99.760
 129     0.003525    99.893     0.010148    99.700    99.760
 130     0.003842    99.907     0.010031    99.690    99.760
 131     0.003539    99.910     0.010892    99.690    99.760
 132     0.002986    99.918     0.010081    99.710    99.760
 133     0.002657    99.920     0.010053    99.690    99.760
 134     0.003180    99.917     0.010367    99.670    99.760
 135     0.003022    99.927     0.010466    99.670    99.760
 136     0.002928    99.917     0.009968    99.680    99.760
 137     0.002547    99.932     0.009520    99.670    99.760
 138     0.003009    99.908     0.009840    99.670    99.760
 139     0.002834    99.927     0.009965    99.680    99.760
 140     0.002606    99.940     0.009851    99.690    99.760
 141     0.002827    99.925     0.010477    99.670    99.760
 142     0.002775    99.908     0.009928    99.710    99.760
 143     0.002627    99.925     0.010495    99.670    99.760
 144     0.003440    99.897     0.010903    99.670    99.760
 145     0.003287    99.898     0.010963    99.650    99.760
 146     0.002523    99.923     0.010152    99.720    99.760
 147     0.003041    99.918     0.010706    99.670    99.760
 148     0.002786    99.930     0.010468    99.720    99.760
 149     0.002795    99.917     0.010568    99.700    99.760
