   0     0.515285    90.702     0.159420    98.470    98.470
   1     0.201998    97.232     0.078173    99.160    99.160
   2     0.134663    97.797     0.067412    99.220    99.220
   3     0.106184    98.022     0.045122    99.410    99.410
   4     0.087802    98.158     0.054618    99.200    99.410
   5     0.077508    98.273     0.034932    99.400    99.410
   6     0.070666    98.400     0.026193    99.390    99.410
   7     0.060980    98.512     0.030319    99.430    99.430
   8     0.055000    98.662     0.041537    98.950    99.430
   9     0.055230    98.592     0.025919    99.480    99.480
  10     0.050122    98.722     0.017674    99.620    99.620
  11     0.047764    98.747     0.017135    99.490    99.620
  12     0.044794    98.797     0.025822    99.350    99.620
  13     0.040353    98.897     0.017920    99.550    99.620
  14     0.042787    98.843     0.016572    99.580    99.620
  15     0.038478    98.922     0.032002    99.180    99.620
  16     0.037531    98.965     0.017304    99.540    99.620
  17     0.035722    99.028     0.024260    99.480    99.620
  18     0.034003    99.038     0.016504    99.530    99.620
  19     0.032474    99.058     0.028553    99.190    99.620
  20     0.030366    99.133     0.020451    99.470    99.620
  21     0.029213    99.148     0.016007    99.530    99.620
  22     0.029904    99.150     0.013598    99.620    99.620
  23     0.028636    99.205     0.016840    99.520    99.620
  24     0.026256    99.282     0.018574    99.450    99.620
  25     0.027285    99.213     0.022505    99.370    99.620
  26     0.024894    99.252     0.013160    99.650    99.650
  27     0.026351    99.232     0.012173    99.630    99.650
  28     0.022142    99.358     0.087803    97.510    99.650
  29     0.022030    99.390     0.013243    99.640    99.650
  30     0.022167    99.323     0.012635    99.680    99.680
  31     0.023263    99.345     0.013113    99.640    99.680
  32     0.020656    99.418     0.012426    99.690    99.690
  33     0.020176    99.420     0.011635    99.630    99.690
  34     0.019972    99.437     0.011045    99.660    99.690
  35     0.020096    99.435     0.012996    99.640    99.690
  36     0.018325    99.453     0.009781    99.690    99.690
  37     0.017926    99.480     0.012113    99.570    99.690
  38     0.017466    99.515     0.011491    99.710    99.710
  39     0.016319    99.545     0.010752    99.730    99.730
  40     0.014796    99.553     0.009993    99.690    99.730
  41     0.016198    99.518     0.010806    99.660    99.730
  42     0.017898    99.483     0.017746    99.500    99.730
  43     0.015950    99.533     0.011560    99.670    99.730
  44     0.013559    99.622     0.010599    99.680    99.730
  45     0.015546    99.562     0.012741    99.670    99.730
  46     0.015195    99.590     0.011231    99.590    99.730
  47     0.011899    99.667     0.009767    99.700    99.730
  48     0.012812    99.602     0.009458    99.700    99.730
  49     0.013067    99.628     0.010480    99.710    99.730
  50     0.013154    99.622     0.010558    99.710    99.730
  51     0.013211    99.603     0.010403    99.660    99.730
  52     0.012009    99.668     0.009432    99.650    99.730
  53     0.012500    99.627     0.010343    99.740    99.740
  54     0.012047    99.648     0.010414    99.690    99.740
  55     0.011448    99.682     0.010167    99.720    99.740
  56     0.011206    99.672     0.012181    99.670    99.740
  57     0.009724    99.690     0.009696    99.720    99.740
  58     0.011023    99.655     0.011687    99.640    99.740
  59     0.011191    99.683     0.010317    99.700    99.740
  60     0.010566    99.697     0.012061    99.640    99.740
  61     0.010288    99.702     0.009640    99.730    99.740
  62     0.010885    99.690     0.011271    99.690    99.740
  63     0.009836    99.705     0.009714    99.690    99.740
  64     0.009266    99.748     0.009819    99.700    99.740
  65     0.009429    99.725     0.010345    99.690    99.740
  66     0.008482    99.748     0.009643    99.690    99.740
  67     0.008437    99.767     0.010025    99.720    99.740
  68     0.007673    99.808     0.011275    99.690    99.740
  69     0.008465    99.742     0.011462    99.670    99.740
  70     0.008655    99.757     0.010716    99.690    99.740
  71     0.007517    99.787     0.009478    99.690    99.740
  72     0.008008    99.780     0.010944    99.710    99.740
  73     0.008862    99.747     0.010653    99.730    99.740
  74     0.006530    99.808     0.011417    99.690    99.740
  75     0.007129    99.793     0.011145    99.670    99.740
  76     0.007138    99.787     0.010819    99.690    99.740
  77     0.006803    99.803     0.012555    99.600    99.740
  78     0.007330    99.788     0.010467    99.670    99.740
  79     0.006676    99.813     0.011433    99.660    99.740
  80     0.006272    99.820     0.009963    99.700    99.740
  81     0.007758    99.767     0.009861    99.700    99.740
  82     0.006445    99.827     0.010664    99.650    99.740
  83     0.007006    99.777     0.010255    99.700    99.740
  84     0.006750    99.822     0.010797    99.680    99.740
  85     0.005741    99.847     0.011366    99.700    99.740
  86     0.006301    99.815     0.011348    99.690    99.740
  87     0.005892    99.820     0.011431    99.600    99.740
  88     0.006115    99.833     0.011042    99.700    99.740
  89     0.006049    99.822     0.013076    99.660    99.740
  90     0.005571    99.822     0.014241    99.600    99.740
  91     0.005438    99.840     0.011746    99.690    99.740
  92     0.006313    99.813     0.011824    99.680    99.740
  93     0.005546    99.840     0.011112    99.700    99.740
  94     0.005695    99.828     0.011453    99.710    99.740
  95     0.005457    99.850     0.011004    99.690    99.740
  96     0.005651    99.827     0.012322    99.690    99.740
  97     0.004874    99.858     0.012982    99.660    99.740
  98     0.005238    99.833     0.010981    99.670    99.740
  99     0.005263    99.853     0.011871    99.690    99.740
 100     0.004645    99.875     0.011885    99.730    99.740
 101     0.004713    99.867     0.011964    99.690    99.740
 102     0.004982    99.872     0.011375    99.710    99.740
 103     0.005422    99.823     0.011217    99.700    99.740
 104     0.005288    99.853     0.011988    99.680    99.740
 105     0.004543    99.857     0.012700    99.690    99.740
 106     0.004243    99.878     0.012568    99.670    99.740
 107     0.004736    99.858     0.011343    99.670    99.740
 108     0.004284    99.882     0.011770    99.680    99.740
 109     0.004301    99.878     0.012097    99.650    99.740
 110     0.004523    99.868     0.011467    99.720    99.740
 111     0.003934    99.898     0.011350    99.710    99.740
 112     0.004607    99.870     0.012003    99.660    99.740
 113     0.004034    99.873     0.011921    99.680    99.740
 114     0.004380    99.868     0.011831    99.660    99.740
 115     0.004387    99.880     0.012823    99.690    99.740
 116     0.004102    99.898     0.011424    99.690    99.740
 117     0.003712    99.893     0.011159    99.700    99.740
 118     0.003632    99.902     0.011314    99.720    99.740
 119     0.003747    99.898     0.011948    99.680    99.740
 120     0.004175    99.882     0.012349    99.700    99.740
 121     0.003887    99.882     0.011403    99.690    99.740
 122     0.003566    99.907     0.012134    99.700    99.740
 123     0.004075    99.877     0.012791    99.670    99.740
 124     0.004002    99.878     0.012288    99.660    99.740
 125     0.003669    99.888     0.011969    99.630    99.740
 126     0.002961    99.927     0.011979    99.670    99.740
 127     0.002794    99.925     0.012310    99.730    99.740
 128     0.003386    99.905     0.011562    99.710    99.740
 129     0.003053    99.910     0.011808    99.720    99.740
 130     0.003283    99.922     0.011447    99.710    99.740
 131     0.003123    99.917     0.013269    99.680    99.740
 132     0.003282    99.897     0.011843    99.670    99.740
 133     0.002881    99.933     0.011697    99.720    99.740
 134     0.002799    99.933     0.012029    99.670    99.740
 135     0.002970    99.925     0.012739    99.700    99.740
 136     0.003356    99.900     0.012891    99.680    99.740
 137     0.003074    99.925     0.012477    99.690    99.740
 138     0.003119    99.918     0.012847    99.680    99.740
 139     0.003082    99.908     0.012161    99.680    99.740
 140     0.002973    99.918     0.014080    99.640    99.740
 141     0.003282    99.903     0.012703    99.650    99.740
 142     0.002561    99.927     0.011729    99.700    99.740
 143     0.003052    99.917     0.012217    99.680    99.740
 144     0.003046    99.912     0.012087    99.710    99.740
 145     0.003149    99.912     0.012267    99.710    99.740
 146     0.002561    99.950     0.013003    99.670    99.740
 147     0.002533    99.935     0.011273    99.710    99.740
 148     0.003152    99.903     0.012003    99.730    99.740
 149     0.002717    99.933     0.011881    99.710    99.740
