   0     0.528769    90.190     0.124617    98.940    98.940
   1     0.202148    97.300     0.096645    98.900    98.940
   2     0.136725    97.768     0.060489    99.150    99.150
   3     0.104399    98.103     0.044900    99.230    99.230
   4     0.089359    98.170     0.041585    99.150    99.230
   5     0.075338    98.383     0.039762    99.360    99.360
   6     0.067099    98.462     0.033606    99.400    99.400
   7     0.059987    98.553     0.040892    99.100    99.400
   8     0.056088    98.597     0.040356    98.850    99.400
   9     0.052033    98.697     0.039089    99.060    99.400
  10     0.050557    98.675     0.027653    99.230    99.400
  11     0.048803    98.757     0.069878    98.110    99.400
  12     0.044442    98.780     0.026120    99.440    99.440
  13     0.041487    98.858     0.024483    99.240    99.440
  14     0.041379    98.875     0.025645    99.410    99.440
  15     0.038751    98.933     0.025099    99.440    99.440
  16     0.035788    99.023     0.018893    99.520    99.520
  17     0.035954    99.000     0.020124    99.420    99.520
  18     0.032654    99.060     0.016898    99.450    99.520
  19     0.032770    99.083     0.020646    99.380    99.520
  20     0.030167    99.132     0.035956    99.100    99.520
  21     0.030393    99.157     0.015003    99.570    99.570
  22     0.028051    99.237     0.015338    99.640    99.640
  23     0.026366    99.250     0.014039    99.550    99.640
  24     0.027589    99.208     0.013046    99.630    99.640
  25     0.026777    99.217     0.014018    99.620    99.640
  26     0.024313    99.298     0.013875    99.550    99.640
  27     0.024217    99.322     0.016748    99.520    99.640
  28     0.022149    99.367     0.012058    99.620    99.640
  29     0.023969    99.317     0.013053    99.640    99.640
  30     0.022012    99.377     0.011185    99.690    99.690
  31     0.021420    99.377     0.013119    99.630    99.690
  32     0.021647    99.377     0.012342    99.650    99.690
  33     0.021247    99.418     0.014932    99.570    99.690
  34     0.018945    99.457     0.015883    99.540    99.690
  35     0.019221    99.438     0.011906    99.640    99.690
  36     0.018524    99.455     0.010407    99.660    99.690
  37     0.019455    99.440     0.011832    99.670    99.690
  38     0.016598    99.517     0.013426    99.640    99.690
  39     0.016796    99.535     0.013143    99.580    99.690
  40     0.015636    99.582     0.013575    99.590    99.690
  41     0.015131    99.548     0.012452    99.630    99.690
  42     0.016278    99.532     0.014904    99.550    99.690
  43     0.015599    99.547     0.010629    99.660    99.690
  44     0.013620    99.600     0.016710    99.520    99.690
  45     0.014391    99.575     0.011393    99.610    99.690
  46     0.013459    99.572     0.010774    99.710    99.710
  47     0.012656    99.618     0.010607    99.670    99.710
  48     0.013881    99.563     0.011362    99.660    99.710
  49     0.012860    99.623     0.012425    99.650    99.710
  50     0.013186    99.607     0.013231    99.600    99.710
  51     0.013227    99.627     0.012132    99.630    99.710
  52     0.011129    99.682     0.011377    99.650    99.710
  53     0.012211    99.655     0.012218    99.630    99.710
  54     0.012205    99.650     0.010590    99.700    99.710
  55     0.011305    99.665     0.011484    99.690    99.710
  56     0.011394    99.675     0.010075    99.720    99.720
  57     0.010735    99.707     0.012128    99.630    99.720
  58     0.011434    99.670     0.012768    99.630    99.720
  59     0.010963    99.672     0.012496    99.610    99.720
  60     0.009696    99.717     0.011564    99.640    99.720
  61     0.010367    99.702     0.012366    99.660    99.720
  62     0.008749    99.753     0.009873    99.720    99.720
  63     0.009374    99.730     0.012993    99.620    99.720
  64     0.009007    99.767     0.010393    99.680    99.720
  65     0.009789    99.712     0.011980    99.680    99.720
  66     0.008380    99.748     0.009727    99.700    99.720
  67     0.009658    99.707     0.010658    99.680    99.720
  68     0.008046    99.770     0.009816    99.710    99.720
  69     0.007688    99.780     0.011085    99.650    99.720
  70     0.009214    99.718     0.011417    99.700    99.720
  71     0.007701    99.758     0.010398    99.710    99.720
  72     0.007756    99.772     0.010836    99.700    99.720
  73     0.007537    99.805     0.010106    99.700    99.720
  74     0.007953    99.782     0.009354    99.670    99.720
  75     0.007490    99.797     0.011442    99.700    99.720
  76     0.006561    99.803     0.012255    99.700    99.720
  77     0.006508    99.820     0.010521    99.710    99.720
  78     0.007675    99.762     0.010327    99.740    99.740
  79     0.006567    99.800     0.010168    99.760    99.760
  80     0.006187    99.785     0.010277    99.680    99.760
  81     0.006132    99.822     0.008900    99.750    99.760
  82     0.006974    99.788     0.009103    99.720    99.760
  83     0.006969    99.800     0.009538    99.740    99.760
  84     0.006305    99.812     0.009144    99.690    99.760
  85     0.006129    99.822     0.009766    99.720    99.760
  86     0.006024    99.810     0.009920    99.740    99.760
  87     0.005914    99.822     0.010983    99.710    99.760
  88     0.006910    99.798     0.010723    99.680    99.760
  89     0.005376    99.850     0.010629    99.680    99.760
  90     0.005914    99.823     0.011171    99.750    99.760
  91     0.006102    99.815     0.010111    99.740    99.760
  92     0.005086    99.857     0.009917    99.720    99.760
  93     0.005539    99.845     0.010854    99.690    99.760
  94     0.006105    99.803     0.010942    99.720    99.760
  95     0.004689    99.868     0.010440    99.720    99.760
  96     0.005144    99.842     0.010755    99.670    99.760
  97     0.004987    99.852     0.011841    99.680    99.760
  98     0.004930    99.857     0.010436    99.720    99.760
  99     0.004292    99.870     0.011740    99.700    99.760
 100     0.004890    99.875     0.011483    99.710    99.760
 101     0.005023    99.860     0.011519    99.690    99.760
 102     0.004227    99.885     0.009980    99.780    99.780
 103     0.004524    99.868     0.010743    99.740    99.780
 104     0.004270    99.877     0.010027    99.730    99.780
 105     0.004641    99.857     0.011549    99.640    99.780
 106     0.004482    99.867     0.011975    99.710    99.780
 107     0.004662    99.857     0.011242    99.720    99.780
 108     0.004383    99.877     0.012051    99.670    99.780
 109     0.004454    99.865     0.012305    99.670    99.780
 110     0.004102    99.908     0.011604    99.740    99.780
 111     0.004229    99.887     0.010950    99.730    99.780
 112     0.003669    99.895     0.011802    99.700    99.780
 113     0.004111    99.885     0.011548    99.700    99.780
 114     0.003384    99.897     0.011138    99.730    99.780
 115     0.003241    99.898     0.011630    99.710    99.780
 116     0.003708    99.885     0.011566    99.720    99.780
 117     0.003260    99.915     0.011318    99.720    99.780
 118     0.003857    99.877     0.010624    99.720    99.780
 119     0.003717    99.897     0.012039    99.690    99.780
 120     0.003316    99.905     0.010848    99.720    99.780
 121     0.003689    99.908     0.011704    99.740    99.780
 122     0.003344    99.912     0.011146    99.710    99.780
 123     0.003815    99.905     0.010843    99.750    99.780
 124     0.003324    99.903     0.010662    99.730    99.780
 125     0.003436    99.898     0.011407    99.730    99.780
 126     0.003295    99.908     0.011550    99.730    99.780
 127     0.003355    99.903     0.011364    99.760    99.780
 128     0.003114    99.935     0.012292    99.700    99.780
 129     0.002871    99.920     0.012933    99.690    99.780
 130     0.003155    99.915     0.012637    99.720    99.780
 131     0.003355    99.897     0.012199    99.730    99.780
 132     0.003432    99.905     0.013670    99.700    99.780
 133     0.003018    99.920     0.012858    99.670    99.780
 134     0.002821    99.928     0.012344    99.710    99.780
 135     0.002736    99.925     0.012172    99.720    99.780
 136     0.002833    99.925     0.011797    99.710    99.780
 137     0.003116    99.898     0.012172    99.710    99.780
 138     0.002941    99.927     0.011583    99.690    99.780
 139     0.003033    99.908     0.011623    99.700    99.780
 140     0.002765    99.922     0.011589    99.750    99.780
 141     0.002611    99.925     0.012109    99.690    99.780
 142     0.002584    99.923     0.012576    99.710    99.780
 143     0.002934    99.917     0.012253    99.700    99.780
 144     0.002780    99.917     0.012844    99.670    99.780
 145     0.002559    99.933     0.011885    99.720    99.780
 146     0.002924    99.913     0.011617    99.720    99.780
 147     0.002671    99.937     0.011578    99.720    99.780
 148     0.002663    99.923     0.011579    99.710    99.780
 149     0.002546    99.937     0.010998    99.730    99.780
