   0     0.529715    90.027     0.123473    99.010    99.010
   1     0.197084    97.315     0.083956    99.120    99.120
   2     0.136911    97.715     0.049980    99.450    99.450
   3     0.103390    98.078     0.042161    99.410    99.450
   4     0.090374    98.152     0.084538    98.260    99.450
   5     0.074579    98.388     0.041951    98.980    99.450
   6     0.068170    98.433     0.051264    99.330    99.450
   7     0.062239    98.480     0.042242    99.280    99.450
   8     0.058793    98.487     0.036688    99.380    99.450
   9     0.052054    98.710     0.023977    99.470    99.470
  10     0.050497    98.742     0.019775    99.540    99.540
  11     0.048632    98.690     0.020083    99.420    99.540
  12     0.046552    98.768     0.021968    99.430    99.540
  13     0.041250    98.870     0.017551    99.590    99.590
  14     0.040651    98.863     0.021130    99.460    99.590
  15     0.037410    98.950     0.020487    99.520    99.590
  16     0.036994    99.008     0.024296    99.320    99.590
  17     0.036959    98.978     0.019236    99.530    99.590
  18     0.033429    99.098     0.016506    99.580    99.590
  19     0.032990    99.095     0.019568    99.450    99.590
  20     0.030863    99.143     0.016636    99.580    99.590
  21     0.032343    99.112     0.018137    99.530    99.590
  22     0.028848    99.168     0.014357    99.630    99.630
  23     0.027953    99.230     0.013312    99.550    99.630
  24     0.025565    99.308     0.012313    99.600    99.630
  25     0.025325    99.260     0.019162    99.430    99.630
  26     0.024971    99.302     0.012563    99.630    99.630
  27     0.025578    99.280     0.010856    99.660    99.660
  28     0.024543    99.288     0.017798    99.530    99.660
  29     0.024206    99.287     0.013408    99.630    99.660
  30     0.021966    99.342     0.011146    99.700    99.700
  31     0.020496    99.427     0.012257    99.650    99.700
  32     0.019928    99.452     0.011923    99.680    99.700
  33     0.020653    99.417     0.013390    99.610    99.700
  34     0.019945    99.407     0.012662    99.600    99.700
  35     0.018521    99.462     0.017793    99.450    99.700
  36     0.018706    99.457     0.011999    99.670    99.700
  37     0.016797    99.522     0.014265    99.570    99.700
  38     0.018025    99.465     0.011534    99.650    99.700
  39     0.018550    99.430     0.014392    99.600    99.700
  40     0.015231    99.543     0.012445    99.590    99.700
  41     0.015228    99.543     0.011702    99.640    99.700
  42     0.014109    99.582     0.011430    99.690    99.700
  43     0.016971    99.507     0.011149    99.680    99.700
  44     0.015518    99.538     0.010486    99.670    99.700
  45     0.013690    99.622     0.011366    99.670    99.700
  46     0.014446    99.572     0.010567    99.690    99.700
  47     0.014030    99.605     0.011019    99.670    99.700
  48     0.013207    99.618     0.012328    99.650    99.700
  49     0.013582    99.597     0.012654    99.600    99.700
  50     0.012615    99.642     0.009664    99.700    99.700
  51     0.012798    99.638     0.011122    99.660    99.700
  52     0.011828    99.647     0.010005    99.710    99.710
  53     0.012397    99.638     0.009120    99.750    99.750
  54     0.011874    99.667     0.010045    99.730    99.750
  55     0.010470    99.693     0.010462    99.640    99.750
  56     0.010810    99.668     0.011605    99.640    99.750
  57     0.011089    99.672     0.010728    99.710    99.750
  58     0.010156    99.730     0.011314    99.690    99.750
  59     0.010064    99.697     0.009790    99.690    99.750
  60     0.010500    99.675     0.011319    99.710    99.750
  61     0.011073    99.672     0.012597    99.660    99.750
  62     0.010612    99.687     0.011342    99.640    99.750
  63     0.008705    99.748     0.010730    99.710    99.750
  64     0.008024    99.777     0.011372    99.610    99.750
  65     0.009077    99.733     0.011642    99.630    99.750
  66     0.008789    99.727     0.009658    99.730    99.750
  67     0.008578    99.725     0.013689    99.610    99.750
  68     0.007164    99.778     0.008391    99.790    99.790
  69     0.008249    99.763     0.009355    99.730    99.790
  70     0.008056    99.762     0.008792    99.800    99.800
  71     0.008519    99.758     0.009084    99.800    99.800
  72     0.009124    99.732     0.009972    99.690    99.800
  73     0.007419    99.782     0.011511    99.650    99.800
  74     0.007882    99.783     0.010788    99.660    99.800
  75     0.007199    99.780     0.009887    99.710    99.800
  76     0.006661    99.812     0.010092    99.720    99.800
  77     0.007583    99.775     0.011948    99.600    99.800
  78     0.006158    99.832     0.012231    99.690    99.800
  79     0.007899    99.763     0.010429    99.750    99.800
  80     0.006567    99.823     0.011511    99.720    99.800
  81     0.006671    99.790     0.010192    99.740    99.800
  82     0.006561    99.805     0.009617    99.710    99.800
  83     0.006023    99.830     0.009436    99.730    99.800
  84     0.006297    99.823     0.009135    99.740    99.800
  85     0.005945    99.815     0.012837    99.650    99.800
  86     0.005907    99.853     0.008779    99.780    99.800
  87     0.006468    99.815     0.010251    99.740    99.800
  88     0.005991    99.837     0.010907    99.690    99.800
  89     0.005710    99.847     0.009754    99.720    99.800
  90     0.005730    99.830     0.008542    99.770    99.800
  91     0.005804    99.837     0.010536    99.740    99.800
  92     0.005156    99.862     0.010368    99.730    99.800
  93     0.006128    99.813     0.012198    99.660    99.800
  94     0.005433    99.850     0.011474    99.660    99.800
  95     0.005361    99.847     0.009896    99.690    99.800
  96     0.005448    99.837     0.010165    99.690    99.800
  97     0.005750    99.830     0.009252    99.720    99.800
  98     0.005470    99.845     0.009440    99.740    99.800
  99     0.004558    99.878     0.009854    99.760    99.800
 100     0.005056    99.857     0.009392    99.730    99.800
 101     0.004659    99.870     0.009061    99.770    99.800
 102     0.004400    99.865     0.009067    99.750    99.800
 103     0.005071    99.837     0.009096    99.700    99.800
 104     0.004697    99.868     0.009357    99.740    99.800
 105     0.004589    99.867     0.010228    99.720    99.800
 106     0.004635    99.883     0.011363    99.700    99.800
 107     0.004775    99.878     0.012073    99.690    99.800
 108     0.003999    99.892     0.009570    99.740    99.800
 109     0.004352    99.880     0.010045    99.700    99.800
 110     0.003985    99.885     0.010018    99.760    99.800
 111     0.003990    99.882     0.009882    99.720    99.800
 112     0.004279    99.888     0.010031    99.720    99.800
 113     0.003461    99.893     0.011309    99.650    99.800
 114     0.004007    99.890     0.010656    99.690    99.800
 115     0.003309    99.908     0.010021    99.720    99.800
 116     0.003888    99.892     0.009418    99.750    99.800
 117     0.004069    99.867     0.009312    99.700    99.800
 118     0.003588    99.895     0.009251    99.740    99.800
 119     0.003470    99.910     0.009278    99.700    99.800
 120     0.003099    99.920     0.009540    99.740    99.800
 121     0.003697    99.903     0.010089    99.670    99.800
 122     0.003460    99.905     0.010018    99.700    99.800
 123     0.003130    99.912     0.009742    99.710    99.800
 124     0.003582    99.898     0.008453    99.760    99.800
 125     0.003733    99.888     0.009297    99.720    99.800
 126     0.003662    99.895     0.009579    99.690    99.800
 127     0.004061    99.877     0.009620    99.700    99.800
 128     0.003756    99.895     0.010266    99.720    99.800
 129     0.003635    99.902     0.011258    99.690    99.800
 130     0.003069    99.922     0.011389    99.710    99.800
 131     0.003192    99.905     0.011494    99.680    99.800
 132     0.003478    99.905     0.012076    99.670    99.800
 133     0.002874    99.925     0.011681    99.690    99.800
 134     0.003364    99.890     0.009843    99.690    99.800
 135     0.003191    99.910     0.010062    99.700    99.800
 136     0.003323    99.908     0.011265    99.670    99.800
 137     0.003083    99.903     0.010006    99.710    99.800
 138     0.002740    99.910     0.010542    99.690    99.800
 139     0.002893    99.915     0.010733    99.710    99.800
 140     0.003370    99.895     0.011690    99.700    99.800
 141     0.003098    99.910     0.011053    99.720    99.800
 142     0.002887    99.912     0.010424    99.690    99.800
 143     0.003332    99.902     0.011539    99.670    99.800
 144     0.002403    99.925     0.011038    99.680    99.800
 145     0.002887    99.923     0.011118    99.670    99.800
 146     0.003223    99.907     0.010864    99.680    99.800
 147     0.003167    99.918     0.009595    99.720    99.800
 148     0.002811    99.920     0.009879    99.700    99.800
 149     0.002501    99.932     0.009852    99.710    99.800
