   0     0.527497    90.167     0.164018    98.460    98.460
   1     0.201289    97.288     0.078189    98.880    98.880
   2     0.137478    97.770     0.076236    98.800    98.880
   3     0.104711    98.123     0.045511    99.340    99.340
   4     0.088739    98.228     0.047132    99.080    99.340
   5     0.074674    98.385     0.023601    99.450    99.450
   6     0.066836    98.507     0.023922    99.510    99.510
   7     0.061484    98.502     0.046974    98.950    99.510
   8     0.057980    98.607     0.033757    99.310    99.510
   9     0.053286    98.687     0.024409    99.500    99.510
  10     0.050521    98.677     0.043723    98.990    99.510
  11     0.047160    98.813     0.020826    99.460    99.510
  12     0.043624    98.818     0.026398    99.390    99.510
  13     0.042429    98.897     0.016550    99.600    99.600
  14     0.038539    98.948     0.021769    99.390    99.600
  15     0.040085    98.865     0.015937    99.570    99.600
  16     0.036566    99.037     0.015611    99.610    99.610
  17     0.035052    99.023     0.016017    99.540    99.610
  18     0.032827    99.050     0.012760    99.650    99.650
  19     0.029086    99.192     0.017684    99.510    99.650
  20     0.031692    99.095     0.020010    99.390    99.650
  21     0.031711    99.117     0.027315    99.180    99.650
  22     0.028532    99.187     0.013447    99.670    99.670
  23     0.026672    99.232     0.014642    99.570    99.670
  24     0.026446    99.247     0.024461    99.320    99.670
  25     0.026796    99.258     0.013403    99.610    99.670
  26     0.026771    99.250     0.015869    99.530    99.670
  27     0.024592    99.305     0.014748    99.580    99.670
  28     0.024830    99.278     0.011944    99.620    99.670
  29     0.022423    99.362     0.010516    99.690    99.690
  30     0.022452    99.362     0.012010    99.670    99.690
  31     0.020965    99.400     0.010984    99.650    99.690
  32     0.021326    99.367     0.016228    99.470    99.690
  33     0.020030    99.417     0.012609    99.690    99.690
  34     0.019546    99.475     0.011892    99.650    99.690
  35     0.020102    99.397     0.011185    99.680    99.690
  36     0.017695    99.507     0.012396    99.630    99.690
  37     0.017163    99.505     0.011611    99.650    99.690
  38     0.018009    99.502     0.010928    99.610    99.690
  39     0.016581    99.523     0.013484    99.650    99.690
  40     0.016487    99.522     0.013564    99.610    99.690
  41     0.015878    99.545     0.010310    99.590    99.690
  42     0.016225    99.548     0.011559    99.680    99.690
  43     0.016410    99.505     0.013336    99.590    99.690
  44     0.015666    99.512     0.013311    99.600    99.690
  45     0.014803    99.582     0.010541    99.700    99.700
  46     0.014757    99.585     0.010489    99.660    99.700
  47     0.013255    99.618     0.010560    99.670    99.700
  48     0.014171    99.575     0.010227    99.710    99.710
  49     0.013717    99.603     0.013503    99.620    99.710
  50     0.012793    99.627     0.012247    99.640    99.710
  51     0.011455    99.665     0.012606    99.650    99.710
  52     0.012779    99.628     0.011517    99.660    99.710
  53     0.011363    99.658     0.010319    99.670    99.710
  54     0.011977    99.635     0.015232    99.590    99.710
  55     0.012095    99.667     0.011432    99.680    99.710
  56     0.011142    99.682     0.010787    99.640    99.710
  57     0.011740    99.678     0.013318    99.640    99.710
  58     0.009962    99.688     0.011276    99.670    99.710
  59     0.010293    99.698     0.010011    99.730    99.730
  60     0.010429    99.675     0.010901    99.660    99.730
  61     0.010480    99.702     0.011710    99.660    99.730
  62     0.010262    99.707     0.010544    99.690    99.730
  63     0.010329    99.700     0.012626    99.630    99.730
  64     0.009508    99.702     0.010728    99.690    99.730
  65     0.008993    99.742     0.010322    99.710    99.730
  66     0.009232    99.722     0.011416    99.660    99.730
  67     0.009253    99.728     0.011003    99.650    99.730
  68     0.008536    99.775     0.012312    99.610    99.730
  69     0.008516    99.758     0.009908    99.730    99.730
  70     0.008325    99.765     0.012620    99.650    99.730
  71     0.008606    99.745     0.010105    99.710    99.730
  72     0.008194    99.770     0.009351    99.720    99.730
  73     0.008219    99.782     0.010723    99.710    99.730
  74     0.007322    99.790     0.010536    99.710    99.730
  75     0.008367    99.755     0.012007    99.630    99.730
  76     0.006917    99.805     0.011304    99.630    99.730
  77     0.007559    99.788     0.011798    99.650    99.730
  78     0.006873    99.805     0.010950    99.700    99.730
  79     0.007425    99.778     0.011031    99.670    99.730
  80     0.006581    99.810     0.011192    99.670    99.730
  81     0.006758    99.800     0.012870    99.660    99.730
  82     0.007253    99.803     0.013518    99.620    99.730
  83     0.006739    99.808     0.011244    99.710    99.730
  84     0.006142    99.818     0.010910    99.720    99.730
  85     0.006475    99.797     0.011007    99.690    99.730
  86     0.006008    99.818     0.011092    99.710    99.730
  87     0.005692    99.833     0.011154    99.670    99.730
  88     0.005977    99.812     0.011904    99.650    99.730
  89     0.005648    99.823     0.011359    99.700    99.730
  90     0.005644    99.833     0.012252    99.600    99.730
  91     0.005433    99.837     0.012576    99.640    99.730
  92     0.006806    99.800     0.011736    99.650    99.730
  93     0.005555    99.832     0.011010    99.680    99.730
  94     0.004600    99.862     0.010720    99.740    99.740
  95     0.004899    99.880     0.012020    99.650    99.740
  96     0.005409    99.838     0.011653    99.650    99.740
  97     0.004768    99.862     0.011925    99.710    99.740
  98     0.004359    99.870     0.012091    99.740    99.740
  99     0.005240    99.853     0.011414    99.760    99.760
 100     0.004744    99.870     0.011683    99.700    99.760
 101     0.004602    99.848     0.011037    99.730    99.760
 102     0.004221    99.883     0.011844    99.730    99.760
 103     0.004373    99.892     0.012075    99.680    99.760
 104     0.004151    99.883     0.011243    99.720    99.760
 105     0.004491    99.878     0.012805    99.650    99.760
 106     0.004695    99.865     0.013069    99.660    99.760
 107     0.004333    99.858     0.013694    99.630    99.760
 108     0.004364    99.857     0.013206    99.640    99.760
 109     0.004894    99.868     0.013356    99.670    99.760
 110     0.004596    99.862     0.012469    99.700    99.760
 111     0.004349    99.877     0.012883    99.670    99.760
 112     0.004020    99.887     0.012789    99.690    99.760
 113     0.004120    99.883     0.012498    99.680    99.760
 114     0.003881    99.898     0.012219    99.650    99.760
 115     0.004144    99.878     0.012034    99.680    99.760
 116     0.004287    99.883     0.012164    99.630    99.760
 117     0.004124    99.872     0.012013    99.710    99.760
 118     0.003495    99.883     0.012477    99.700    99.760
 119     0.003862    99.900     0.012114    99.720    99.760
 120     0.003479    99.905     0.012998    99.670    99.760
 121     0.003556    99.898     0.012509    99.710    99.760
 122     0.003597    99.907     0.011635    99.700    99.760
 123     0.002938    99.928     0.012386    99.720    99.760
 124     0.003731    99.897     0.013687    99.660    99.760
 125     0.003427    99.902     0.012905    99.650    99.760
 126     0.003982    99.873     0.011833    99.690    99.760
 127     0.003531    99.900     0.011813    99.680    99.760
 128     0.003611    99.905     0.011946    99.690    99.760
 129     0.003150    99.918     0.011890    99.690    99.760
 130     0.002967    99.900     0.012187    99.710    99.760
 131     0.003319    99.902     0.012966    99.690    99.760
 132     0.003239    99.908     0.012974    99.700    99.760
 133     0.002682    99.933     0.012282    99.690    99.760
 134     0.003399    99.898     0.011628    99.710    99.760
 135     0.002771    99.915     0.011493    99.700    99.760
 136     0.002872    99.927     0.011836    99.690    99.760
 137     0.003365    99.902     0.012518    99.670    99.760
 138     0.003089    99.915     0.012424    99.670    99.760
 139     0.003320    99.895     0.012737    99.680    99.760
 140     0.003578    99.897     0.012862    99.690    99.760
 141     0.002749    99.920     0.013069    99.700    99.760
 142     0.002830    99.923     0.013549    99.680    99.760
 143     0.002965    99.907     0.013237    99.660    99.760
 144     0.003192    99.913     0.012719    99.650    99.760
 145     0.002680    99.927     0.012077    99.670    99.760
 146     0.002866    99.922     0.012454    99.640    99.760
 147     0.002238    99.938     0.012210    99.670    99.760
 148     0.003153    99.898     0.012777    99.640    99.760
 149     0.002856    99.920     0.013175    99.650    99.760
