   0     0.539760    89.672     0.137977    98.930    98.930
   1     0.198509    97.330     0.086808    98.890    98.930
   2     0.135242    97.787     0.062660    98.860    98.930
   3     0.103967    98.050     0.061635    99.180    99.180
   4     0.086124    98.270     0.071770    98.700    99.180
   5     0.074152    98.367     0.060144    99.000    99.180
   6     0.068555    98.378     0.028793    99.480    99.480
   7     0.061537    98.485     0.034469    99.280    99.480
   8     0.056152    98.625     0.026239    99.460    99.480
   9     0.052793    98.688     0.029658    99.320    99.480
  10     0.050587    98.688     0.050853    98.850    99.480
  11     0.050293    98.670     0.026510    99.420    99.480
  12     0.045330    98.773     0.025958    99.310    99.480
  13     0.040951    98.918     0.016038    99.560    99.560
  14     0.041207    98.928     0.017399    99.500    99.560
  15     0.037122    98.968     0.019451    99.540    99.560
  16     0.037310    99.002     0.024044    99.460    99.560
  17     0.036691    98.957     0.028145    99.180    99.560
  18     0.033251    99.033     0.017763    99.520    99.560
  19     0.032812    99.062     0.019676    99.490    99.560
  20     0.031427    99.138     0.021679    99.320    99.560
  21     0.028787    99.218     0.023627    99.360    99.560
  22     0.028333    99.175     0.020641    99.460    99.560
  23     0.024925    99.345     0.013229    99.680    99.680
  24     0.028113    99.190     0.020248    99.370    99.680
  25     0.025793    99.273     0.020585    99.410    99.680
  26     0.025537    99.223     0.017286    99.490    99.680
  27     0.024799    99.273     0.014430    99.620    99.680
  28     0.024010    99.317     0.013640    99.640    99.680
  29     0.022351    99.362     0.015005    99.600    99.680
  30     0.021520    99.348     0.018686    99.400    99.680
  31     0.020259    99.418     0.018121    99.530    99.680
  32     0.020002    99.440     0.014344    99.580    99.680
  33     0.019581    99.455     0.011923    99.650    99.680
  34     0.020337    99.420     0.010975    99.710    99.710
  35     0.019956    99.448     0.015004    99.580    99.710
  36     0.019213    99.438     0.011561    99.690    99.710
  37     0.018406    99.488     0.014209    99.530    99.710
  38     0.017804    99.490     0.015107    99.610    99.710
  39     0.018044    99.488     0.012545    99.600    99.710
  40     0.016778    99.530     0.010744    99.650    99.710
  41     0.016362    99.495     0.014098    99.570    99.710
  42     0.015040    99.575     0.009662    99.740    99.740
  43     0.016424    99.530     0.014789    99.550    99.740
  44     0.014820    99.595     0.015784    99.450    99.740
  45     0.014943    99.548     0.010611    99.700    99.740
  46     0.015250    99.553     0.013806    99.590    99.740
  47     0.012954    99.623     0.011520    99.670    99.740
  48     0.012790    99.607     0.013767    99.630    99.740
  49     0.013397    99.597     0.013316    99.630    99.740
  50     0.012370    99.635     0.011679    99.720    99.740
  51     0.013594    99.612     0.013576    99.670    99.740
  52     0.012253    99.643     0.010501    99.610    99.740
  53     0.012737    99.640     0.009823    99.700    99.740
  54     0.011973    99.653     0.012388    99.640    99.740
  55     0.011205    99.665     0.011203    99.690    99.740
  56     0.011589    99.665     0.012165    99.610    99.740
  57     0.010939    99.697     0.012036    99.600    99.740
  58     0.010692    99.698     0.015007    99.600    99.740
  59     0.009617    99.732     0.012391    99.580    99.740
  60     0.010681    99.705     0.011414    99.640    99.740
  61     0.010587    99.678     0.011224    99.730    99.740
  62     0.010559    99.685     0.010974    99.660    99.740
  63     0.009549    99.698     0.011736    99.650    99.740
  64     0.009393    99.743     0.011906    99.620    99.740
  65     0.009139    99.737     0.014966    99.520    99.740
  66     0.010098    99.695     0.012604    99.630    99.740
  67     0.009580    99.695     0.010431    99.720    99.740
  68     0.008038    99.750     0.011245    99.680    99.740
  69     0.008797    99.740     0.012221    99.620    99.740
  70     0.008490    99.763     0.012450    99.630    99.740
  71     0.007593    99.787     0.014070    99.590    99.740
  72     0.008830    99.737     0.010498    99.700    99.740
  73     0.007635    99.778     0.011499    99.630    99.740
  74     0.007558    99.777     0.013580    99.590    99.740
  75     0.007561    99.760     0.012398    99.650    99.740
  76     0.006932    99.795     0.010958    99.670    99.740
  77     0.007234    99.770     0.010885    99.690    99.740
  78     0.006722    99.802     0.012186    99.650    99.740
  79     0.007698    99.768     0.011945    99.660    99.740
  80     0.006634    99.792     0.012808    99.600    99.740
  81     0.007036    99.792     0.011840    99.670    99.740
  82     0.006551    99.818     0.010812    99.720    99.740
  83     0.006108    99.833     0.012842    99.600    99.740
  84     0.007397    99.762     0.012985    99.640    99.740
  85     0.006696    99.813     0.012965    99.640    99.740
  86     0.006490    99.807     0.011745    99.660    99.740
  87     0.006068    99.823     0.010894    99.700    99.740
  88     0.005556    99.853     0.011340    99.680    99.740
  89     0.006548    99.812     0.011939    99.660    99.740
  90     0.005657    99.843     0.011409    99.640    99.740
  91     0.005637    99.835     0.010371    99.720    99.740
  92     0.005732    99.822     0.011903    99.660    99.740
  93     0.005949    99.820     0.011882    99.650    99.740
  94     0.004773    99.858     0.012130    99.660    99.740
  95     0.005739    99.822     0.011532    99.700    99.740
  96     0.005551    99.830     0.011016    99.730    99.740
  97     0.005145    99.847     0.011768    99.650    99.740
  98     0.004787    99.860     0.011358    99.700    99.740
  99     0.004833    99.867     0.010627    99.660    99.740
 100     0.004643    99.863     0.012187    99.650    99.740
 101     0.005649    99.827     0.012182    99.670    99.740
 102     0.004922    99.863     0.011244    99.660    99.740
 103     0.004969    99.843     0.012028    99.640    99.740
 104     0.004858    99.867     0.010718    99.710    99.740
 105     0.004388    99.882     0.011370    99.680    99.740
 106     0.004670    99.868     0.013422    99.600    99.740
 107     0.004402    99.865     0.012222    99.660    99.740
 108     0.004667    99.872     0.013065    99.640    99.740
 109     0.004471    99.887     0.012505    99.670    99.740
 110     0.004521    99.867     0.011959    99.650    99.740
 111     0.004445    99.860     0.013431    99.600    99.740
 112     0.003593    99.907     0.012836    99.620    99.740
 113     0.004297    99.872     0.013892    99.600    99.740
 114     0.004067    99.878     0.013699    99.620    99.740
 115     0.003983    99.900     0.012890    99.650    99.740
 116     0.004070    99.887     0.011546    99.680    99.740
 117     0.003764    99.898     0.012622    99.630    99.740
 118     0.003345    99.922     0.010462    99.690    99.740
 119     0.003692    99.900     0.011222    99.680    99.740
 120     0.003904    99.887     0.011734    99.680    99.740
 121     0.003743    99.897     0.011569    99.670    99.740
 122     0.004071    99.878     0.011791    99.680    99.740
 123     0.003374    99.910     0.011388    99.680    99.740
 124     0.003634    99.898     0.012179    99.660    99.740
 125     0.003636    99.900     0.011781    99.620    99.740
 126     0.003487    99.910     0.012372    99.650    99.740
 127     0.003884    99.902     0.010876    99.650    99.740
 128     0.003634    99.893     0.010824    99.670    99.740
 129     0.003242    99.912     0.012337    99.620    99.740
 130     0.003302    99.900     0.011359    99.670    99.740
 131     0.003191    99.917     0.012967    99.650    99.740
 132     0.003463    99.898     0.012871    99.630    99.740
 133     0.003067    99.925     0.012219    99.650    99.740
 134     0.003424    99.913     0.012538    99.670    99.740
 135     0.002993    99.917     0.011520    99.690    99.740
 136     0.003137    99.915     0.012091    99.630    99.740
 137     0.003211    99.910     0.012622    99.650    99.740
 138     0.003066    99.910     0.012856    99.670    99.740
 139     0.003030    99.913     0.012550    99.680    99.740
 140     0.003163    99.918     0.012693    99.630    99.740
 141     0.003085    99.917     0.012780    99.670    99.740
 142     0.003049    99.910     0.013598    99.660    99.740
 143     0.002909    99.910     0.014014    99.630    99.740
 144     0.002919    99.922     0.014120    99.650    99.740
 145     0.003117    99.902     0.011510    99.670    99.740
 146     0.002574    99.928     0.012758    99.650    99.740
 147     0.002696    99.920     0.013937    99.620    99.740
 148     0.002986    99.913     0.012285    99.650    99.740
 149     0.003043    99.910     0.012275    99.650    99.740
