   0     0.545776    88.927     0.148546    98.930    98.930
   1     0.215805    96.518     0.122081    99.000    99.000
   2     0.143426    97.405     0.064081    99.260    99.260
   3     0.114536    97.657     0.061885    99.170    99.260
   4     0.096325    97.890     0.072283    98.840    99.260
   5     0.084739    98.003     0.063205    98.900    99.260
   6     0.075254    98.175     0.038745    99.320    99.320
   7     0.069103    98.278     0.047128    99.240    99.320
   8     0.063439    98.392     0.031542    99.360    99.360
   9     0.058575    98.427     0.031799    99.360    99.360
  10     0.055660    98.507     0.026462    99.500    99.500
  11     0.054828    98.495     0.059454    98.510    99.500
  12     0.049774    98.588     0.023634    99.470    99.500
  13     0.048471    98.598     0.035077    99.340    99.500
  14     0.044977    98.747     0.066477    98.430    99.500
  15     0.041544    98.848     0.032257    99.240    99.500
  16     0.040432    98.872     0.016455    99.620    99.620
  17     0.040626    98.890     0.021652    99.480    99.620
  18     0.037676    98.920     0.043916    98.790    99.620
  19     0.037622    98.892     0.016659    99.530    99.620
  20     0.034690    99.027     0.017242    99.580    99.620
  21     0.034443    98.990     0.021856    99.460    99.620
  22     0.032826    99.023     0.033143    99.200    99.620
  23     0.032212    99.072     0.016607    99.570    99.620
  24     0.030666    99.088     0.017627    99.470    99.620
  25     0.027589    99.198     0.013239    99.600    99.620
  26     0.029759    99.117     0.011612    99.720    99.720
  27     0.027986    99.163     0.018668    99.530    99.720
  28     0.027128    99.183     0.013152    99.650    99.720
  29     0.025281    99.293     0.018055    99.540    99.720
  30     0.025115    99.283     0.011299    99.700    99.720
  31     0.026387    99.230     0.011526    99.680    99.720
  32     0.024835    99.262     0.012073    99.700    99.720
  33     0.023866    99.257     0.016936    99.580    99.720
  34     0.022860    99.330     0.016162    99.560    99.720
  35     0.021670    99.353     0.014410    99.560    99.720
  36     0.022091    99.348     0.012838    99.610    99.720
  37     0.019890    99.455     0.011997    99.640    99.720
  38     0.020698    99.375     0.012431    99.680    99.720
  39     0.020272    99.382     0.011640    99.650    99.720
  40     0.020765    99.403     0.013893    99.670    99.720
  41     0.018390    99.433     0.011576    99.700    99.720
  42     0.018444    99.458     0.012818    99.640    99.720
  43     0.018045    99.463     0.010425    99.750    99.750
  44     0.016788    99.530     0.013170    99.610    99.750
  45     0.018408    99.450     0.012503    99.620    99.750
  46     0.017368    99.487     0.011030    99.620    99.750
  47     0.016606    99.525     0.018418    99.550    99.750
  48     0.015721    99.528     0.013007    99.600    99.750
  49     0.016310    99.495     0.011883    99.670    99.750
  50     0.015651    99.545     0.011579    99.670    99.750
  51     0.015864    99.502     0.013475    99.630    99.750
  52     0.014809    99.573     0.012030    99.650    99.750
  53     0.013838    99.612     0.012214    99.670    99.750
  54     0.014667    99.578     0.011290    99.660    99.750
  55     0.014193    99.588     0.011835    99.700    99.750
  56     0.014023    99.562     0.012832    99.670    99.750
  57     0.012621    99.620     0.012464    99.660    99.750
  58     0.014068    99.588     0.012132    99.630    99.750
  59     0.012345    99.638     0.010777    99.700    99.750
  60     0.011208    99.673     0.011947    99.630    99.750
  61     0.012090    99.642     0.012405    99.640    99.750
  62     0.012794    99.603     0.010966    99.660    99.750
  63     0.012440    99.612     0.011043    99.680    99.750
  64     0.011589    99.655     0.012546    99.610    99.750
  65     0.011147    99.670     0.011474    99.680    99.750
  66     0.012239    99.632     0.010185    99.690    99.750
  67     0.011045    99.655     0.011247    99.680    99.750
  68     0.010618    99.697     0.010511    99.680    99.750
  69     0.010428    99.673     0.011459    99.670    99.750
  70     0.010598    99.698     0.010670    99.660    99.750
  71     0.010344    99.672     0.012404    99.670    99.750
  72     0.010137    99.678     0.013294    99.610    99.750
  73     0.009875    99.685     0.011012    99.700    99.750
  74     0.009887    99.702     0.011142    99.660    99.750
  75     0.008738    99.750     0.009861    99.730    99.750
  76     0.009241    99.752     0.010897    99.750    99.750
  77     0.010076    99.693     0.012044    99.690    99.750
  78     0.008771    99.742     0.010607    99.700    99.750
  79     0.009818    99.702     0.012741    99.680    99.750
  80     0.009554    99.692     0.010788    99.710    99.750
  81     0.007974    99.770     0.010826    99.720    99.750
  82     0.008555    99.757     0.011956    99.680    99.750
  83     0.008323    99.750     0.010393    99.670    99.750
  84     0.009087    99.707     0.011951    99.690    99.750
  85     0.007863    99.757     0.010148    99.750    99.750
  86     0.008258    99.748     0.011537    99.680    99.750
  87     0.007906    99.738     0.011250    99.690    99.750
  88     0.007632    99.768     0.011708    99.710    99.750
  89     0.008808    99.750     0.010943    99.690    99.750
  90     0.007583    99.800     0.010240    99.750    99.750
  91     0.007237    99.785     0.010556    99.740    99.750
  92     0.006488    99.815     0.010885    99.660    99.750
  93     0.007524    99.780     0.010484    99.710    99.750
  94     0.007076    99.785     0.011255    99.700    99.750
  95     0.006884    99.818     0.011168    99.700    99.750
  96     0.006858    99.807     0.011705    99.660    99.750
  97     0.006723    99.793     0.012449    99.620    99.750
  98     0.006572    99.818     0.010984    99.680    99.750
  99     0.007721    99.773     0.011146    99.670    99.750
 100     0.006843    99.803     0.012758    99.640    99.750
 101     0.006940    99.797     0.012072    99.630    99.750
