   0     0.538800    89.270     0.135020    98.940    98.940
   1     0.214598    96.635     0.089477    99.130    99.130
   2     0.146265    97.290     0.079219    98.990    99.130
   3     0.114727    97.692     0.055199    99.240    99.240
   4     0.100949    97.763     0.083887    98.720    99.240
   5     0.080658    98.130     0.124864    97.050    99.240
   6     0.076323    98.102     0.097858    98.340    99.240
   7     0.069588    98.188     0.040914    99.300    99.300
   8     0.064893    98.322     0.045887    98.920    99.300
   9     0.059049    98.467     0.037271    99.160    99.300
  10     0.056176    98.492     0.037263    99.210    99.300
  11     0.053560    98.562     0.093355    97.650    99.300
  12     0.049287    98.650     0.036067    99.080    99.300
  13     0.047973    98.670     0.027462    99.450    99.450
  14     0.043226    98.758     0.063333    98.180    99.450
  15     0.041609    98.808     0.029913    99.200    99.450
  16     0.041600    98.808     0.018197    99.540    99.540
  17     0.040029    98.865     0.018289    99.490    99.540
  18     0.038489    98.950     0.034588    98.960    99.540
  19     0.037222    98.938     0.016221    99.580    99.580
  20     0.036573    98.958     0.018616    99.530    99.580
  21     0.032870    99.048     0.022023    99.460    99.580
  22     0.034367    99.032     0.022806    99.320    99.580
  23     0.031705    99.093     0.022845    99.350    99.580
  24     0.029207    99.195     0.018966    99.440    99.580
  25     0.029288    99.183     0.014349    99.610    99.610
  26     0.028518    99.165     0.023976    99.300    99.610
  27     0.026835    99.208     0.014196    99.560    99.610
  28     0.027111    99.192     0.013529    99.600    99.610
  29     0.026489    99.218     0.028144    99.130    99.610
  30     0.024619    99.268     0.010674    99.690    99.690
  31     0.023856    99.288     0.011088    99.620    99.690
  32     0.023109    99.333     0.012310    99.630    99.690
  33     0.024735    99.283     0.013325    99.630    99.690
  34     0.022128    99.308     0.013318    99.600    99.690
  35     0.021644    99.350     0.013976    99.600    99.690
  36     0.020690    99.428     0.013286    99.640    99.690
  37     0.020752    99.405     0.010851    99.650    99.690
  38     0.019552    99.438     0.015093    99.590    99.690
  39     0.019954    99.442     0.013314    99.620    99.690
  40     0.020440    99.402     0.014710    99.590    99.690
  41     0.019221    99.417     0.011525    99.670    99.690
  42     0.017945    99.485     0.013666    99.620    99.690
  43     0.017020    99.528     0.016008    99.510    99.690
  44     0.016894    99.532     0.011082    99.660    99.690
  45     0.017618    99.468     0.011624    99.650    99.690
  46     0.016325    99.512     0.012718    99.660    99.690
  47     0.016100    99.495     0.011813    99.640    99.690
  48     0.015042    99.563     0.013634    99.570    99.690
  49     0.015300    99.565     0.014407    99.610    99.690
  50     0.015449    99.547     0.011966    99.680    99.690
