   0     0.542575    89.002     0.163119    98.700    98.700
   1     0.218587    96.425     0.112076    98.830    98.830
   2     0.146706    97.312     0.070183    99.060    99.060
   3     0.114620    97.695     0.078077    99.170    99.170
   4     0.096259    97.855     0.125715    97.320    99.170
   5     0.086520    97.945     0.051687    99.270    99.270
   6     0.075236    98.195     0.083975    98.180    99.270
   7     0.067437    98.333     0.066531    98.890    99.270
   8     0.063161    98.333     0.044600    99.290    99.290
   9     0.059570    98.440     0.044250    99.190    99.290
  10     0.057614    98.457     0.029361    99.350    99.350
  11     0.053247    98.538     0.052542    98.920    99.350
  12     0.050193    98.635     0.038269    99.100    99.350
  13     0.047053    98.698     0.026792    99.410    99.410
  14     0.044258    98.783     0.019485    99.610    99.610
  15     0.043190    98.802     0.080071    98.050    99.610
  16     0.040216    98.850     0.016640    99.540    99.610
  17     0.037732    98.910     0.015655    99.570    99.610
  18     0.039362    98.857     0.051370    98.640    99.610
  19     0.035811    98.992     0.060338    98.410    99.610
  20     0.035004    98.987     0.013927    99.580    99.610
  21     0.035092    99.032     0.030926    99.090    99.610
  22     0.034847    98.948     0.017200    99.550    99.610
  23     0.031064    99.102     0.015008    99.580    99.610
  24     0.029826    99.090     0.016692    99.560    99.610
  25     0.030763    99.098     0.021996    99.380    99.610
  26     0.028182    99.165     0.011355    99.650    99.650
  27     0.027555    99.175     0.019926    99.360    99.650
  28     0.025421    99.290     0.020139    99.410    99.650
  29     0.026039    99.248     0.010726    99.650    99.650
  30     0.025414    99.280     0.014347    99.530    99.650
  31     0.023896    99.303     0.010676    99.670    99.670
  32     0.024181    99.292     0.009868    99.730    99.730
  33     0.023853    99.302     0.012274    99.610    99.730
  34     0.023218    99.288     0.012698    99.580    99.730
  35     0.022153    99.337     0.011251    99.710    99.730
  36     0.021060    99.342     0.011584    99.680    99.730
  37     0.021740    99.342     0.011204    99.650    99.730
  38     0.019088    99.425     0.014363    99.600    99.730
  39     0.019422    99.437     0.015093    99.570    99.730
  40     0.020468    99.370     0.013653    99.620    99.730
  41     0.019231    99.425     0.010366    99.680    99.730
  42     0.017197    99.490     0.009648    99.750    99.750
  43     0.018293    99.457     0.009200    99.750    99.750
  44     0.018458    99.437     0.011360    99.700    99.750
  45     0.016808    99.488     0.011163    99.700    99.750
  46     0.017220    99.487     0.009615    99.760    99.760
  47     0.015920    99.510     0.010784    99.700    99.760
  48     0.016567    99.508     0.011626    99.720    99.760
  49     0.014539    99.567     0.011514    99.740    99.760
  50     0.014423    99.577     0.010370    99.710    99.760
  51     0.015006    99.537     0.009790    99.800    99.800
  52     0.013753    99.598     0.010299    99.730    99.800
  53     0.014513    99.582     0.012122    99.620    99.800
  54     0.014525    99.592     0.010529    99.640    99.800
  55     0.013957    99.582     0.008536    99.770    99.800
  56     0.013510    99.572     0.009035    99.810    99.810
  57     0.013172    99.613     0.009011    99.740    99.810
  58     0.012837    99.603     0.010072    99.700    99.810
  59     0.012359    99.632     0.012101    99.610    99.810
  60     0.013610    99.635     0.011313    99.740    99.810
  61     0.013056    99.612     0.010468    99.690    99.810
  62     0.011170    99.668     0.009361    99.750    99.810
  63     0.011584    99.663     0.011365    99.640    99.810
  64     0.012463    99.613     0.009873    99.710    99.810
  65     0.010991    99.663     0.009754    99.730    99.810
  66     0.011430    99.648     0.010091    99.720    99.810
  67     0.011471    99.645     0.010302    99.740    99.810
  68     0.009891    99.700     0.011721    99.630    99.810
  69     0.011252    99.642     0.009759    99.730    99.810
  70     0.009478    99.717     0.011169    99.730    99.810
  71     0.009930    99.730     0.009900    99.770    99.810
  72     0.009290    99.708     0.008962    99.750    99.810
  73     0.009755    99.713     0.009084    99.780    99.810
  74     0.009710    99.718     0.009843    99.730    99.810
  75     0.009698    99.708     0.009753    99.700    99.810
  76     0.009598    99.713     0.010361    99.740    99.810
  77     0.009194    99.718     0.009478    99.700    99.810
  78     0.008333    99.755     0.009833    99.690    99.810
  79     0.009309    99.737     0.010124    99.720    99.810
  80     0.009368    99.720     0.010237    99.720    99.810
  81     0.009152    99.758     0.008933    99.720    99.810
  82     0.009126    99.700     0.008840    99.740    99.810
  83     0.007885    99.765     0.010016    99.680    99.810
  84     0.008933    99.722     0.011197    99.620    99.810
  85     0.007447    99.793     0.011312    99.710    99.810
  86     0.007757    99.767     0.010920    99.670    99.810
  87     0.008240    99.770     0.010840    99.680    99.810
  88     0.007874    99.783     0.010834    99.710    99.810
  89     0.007022    99.812     0.010277    99.760    99.810
  90     0.007524    99.807     0.010576    99.740    99.810
  91     0.007427    99.802     0.010761    99.740    99.810
  92     0.006980    99.795     0.010740    99.740    99.810
  93     0.006564    99.823     0.010677    99.710    99.810
  94     0.006979    99.797     0.011511    99.680    99.810
  95     0.006803    99.792     0.012059    99.670    99.810
  96     0.007068    99.762     0.010659    99.730    99.810
  97     0.007142    99.782     0.011547    99.700    99.810
  98     0.007429    99.808     0.010461    99.730    99.810
  99     0.006673    99.795     0.009282    99.720    99.810
 100     0.006170    99.812     0.010797    99.740    99.810
 101     0.005718    99.845     0.010326    99.710    99.810
 102     0.006860    99.778     0.011643    99.680    99.810
 103     0.006571    99.798     0.009528    99.740    99.810
 104     0.006204    99.808     0.010154    99.730    99.810
 105     0.006296    99.798     0.009619    99.690    99.810
 106     0.005547    99.830     0.009524    99.770    99.810
 107     0.006307    99.808     0.010151    99.740    99.810
 108     0.006228    99.808     0.010444    99.720    99.810
 109     0.006193    99.813     0.012765    99.660    99.810
 110     0.005734    99.818     0.010936    99.700    99.810
 111     0.005860    99.825     0.012693    99.580    99.810
 112     0.004811    99.842     0.011516    99.680    99.810
 113     0.005639    99.850     0.011888    99.700    99.810
 114     0.006032    99.813     0.010610    99.680    99.810
 115     0.004787    99.865     0.011504    99.710    99.810
 116     0.005384    99.842     0.011760    99.720    99.810
 117     0.004988    99.860     0.011880    99.700    99.810
 118     0.004977    99.855     0.011522    99.720    99.810
 119     0.004922    99.848     0.012612    99.680    99.810
 120     0.004604    99.852     0.012268    99.680    99.810
 121     0.005279    99.843     0.012926    99.670    99.810
 122     0.004979    99.858     0.012202    99.670    99.810
 123     0.004693    99.860     0.012031    99.700    99.810
 124     0.004413    99.878     0.011364    99.730    99.810
 125     0.004667    99.873     0.011584    99.710    99.810
 126     0.004520    99.888     0.011347    99.690    99.810
 127     0.004924    99.865     0.010752    99.700    99.810
 128     0.004829    99.875     0.011528    99.700    99.810
 129     0.004743    99.852     0.012319    99.680    99.810
 130     0.004177    99.877     0.011370    99.710    99.810
 131     0.003921    99.888     0.010309    99.700    99.810
 132     0.004492    99.870     0.011263    99.740    99.810
 133     0.004013    99.870     0.010465    99.730    99.810
 134     0.003820    99.887     0.010746    99.730    99.810
 135     0.004256    99.888     0.011672    99.720    99.810
 136     0.004458    99.868     0.011668    99.700    99.810
 137     0.003915    99.893     0.011750    99.690    99.810
 138     0.004295    99.875     0.011354    99.690    99.810
 139     0.003741    99.905     0.012182    99.700    99.810
 140     0.004888    99.867     0.012299    99.700    99.810
 141     0.003895    99.885     0.011548    99.700    99.810
 142     0.004384    99.858     0.011952    99.710    99.810
 143     0.003908    99.892     0.011630    99.710    99.810
 144     0.004033    99.885     0.011749    99.710    99.810
 145     0.004194    99.882     0.010937    99.720    99.810
 146     0.003663    99.910     0.011330    99.700    99.810
 147     0.003705    99.905     0.011743    99.710    99.810
 148     0.004482    99.877     0.012023    99.730    99.810
 149     0.004328    99.882     0.012609    99.670    99.810
