   0     0.544927    88.967     0.165499    98.550    98.550
   1     0.216378    96.553     0.087780    99.110    99.110
   2     0.147875    97.255     0.101118    98.980    99.110
   3     0.114551    97.717     0.048675    99.410    99.410
   4     0.096114    97.880     0.046489    99.080    99.410
   5     0.083973    97.965     0.062156    99.180    99.410
   6     0.075079    98.197     0.043463    99.260    99.410
   7     0.066894    98.342     0.035300    99.330    99.410
   8     0.065750    98.280     0.072581    98.700    99.410
   9     0.060462    98.388     0.051233    98.850    99.410
  10     0.051350    98.698     0.031933    99.230    99.410
  11     0.051956    98.597     0.028807    99.340    99.410
  12     0.049897    98.622     0.026716    99.370    99.410
  13     0.044977    98.752     0.043332    98.820    99.410
  14     0.046429    98.715     0.021841    99.580    99.580
  15     0.042245    98.807     0.019997    99.530    99.580
  16     0.038857    98.920     0.041555    98.990    99.580
  17     0.040470    98.852     0.035283    99.040    99.580
  18     0.037507    98.925     0.016230    99.570    99.580
  19     0.038721    98.902     0.028891    99.360    99.580
  20     0.035080    98.952     0.028022    99.230    99.580
  21     0.033460    99.065     0.014259    99.610    99.610
  22     0.032277    99.047     0.019079    99.450    99.610
  23     0.033096    99.042     0.014953    99.630    99.630
  24     0.028910    99.180     0.012626    99.630    99.630
  25     0.030129    99.123     0.016538    99.520    99.630
  26     0.028232    99.182     0.014904    99.600    99.630
  27     0.025654    99.223     0.009590    99.710    99.710
  28     0.026637    99.217     0.013495    99.620    99.710
  29     0.025150    99.292     0.019890    99.420    99.710
  30     0.025353    99.235     0.012102    99.690    99.710
  31     0.023570    99.302     0.013214    99.670    99.710
  32     0.024070    99.280     0.014985    99.530    99.710
  33     0.023915    99.310     0.017480    99.460    99.710
  34     0.022322    99.338     0.010854    99.680    99.710
  35     0.021881    99.347     0.011856    99.670    99.710
  36     0.020180    99.385     0.012947    99.580    99.710
  37     0.021291    99.372     0.011515    99.640    99.710
  38     0.020117    99.408     0.011145    99.670    99.710
  39     0.018698    99.437     0.013670    99.570    99.710
  40     0.019914    99.425     0.011183    99.710    99.710
  41     0.017917    99.458     0.013268    99.600    99.710
  42     0.017565    99.475     0.010140    99.670    99.710
  43     0.017941    99.477     0.010834    99.700    99.710
  44     0.018415    99.455     0.008859    99.730    99.730
  45     0.015495    99.565     0.010196    99.680    99.730
  46     0.017636    99.437     0.010034    99.740    99.740
  47     0.016611    99.498     0.009061    99.720    99.740
  48     0.016103    99.542     0.010973    99.680    99.740
  49     0.015380    99.573     0.010631    99.670    99.740
  50     0.014577    99.565     0.011798    99.700    99.740
  51     0.014952    99.537     0.009518    99.720    99.740
  52     0.014723    99.548     0.010896    99.700    99.740
  53     0.014080    99.575     0.012183    99.650    99.740
  54     0.013915    99.558     0.010787    99.660    99.740
  55     0.012512    99.645     0.010432    99.760    99.760
  56     0.013538    99.607     0.009386    99.730    99.760
  57     0.012790    99.623     0.009947    99.710    99.760
  58     0.012812    99.602     0.011506    99.700    99.760
  59     0.012685    99.635     0.010677    99.710    99.760
  60     0.012335    99.628     0.012520    99.640    99.760
  61     0.012318    99.637     0.010837    99.690    99.760
  62     0.013006    99.613     0.013130    99.680    99.760
  63     0.011380    99.648     0.013323    99.640    99.760
  64     0.011451    99.663     0.011428    99.680    99.760
  65     0.012643    99.605     0.012030    99.670    99.760
  66     0.010478    99.700     0.010665    99.670    99.760
  67     0.011642    99.660     0.012767    99.700    99.760
  68     0.011348    99.638     0.011229    99.730    99.760
  69     0.010904    99.678     0.009944    99.740    99.760
  70     0.009724    99.730     0.010443    99.710    99.760
  71     0.010882    99.667     0.009995    99.740    99.760
  72     0.009868    99.713     0.012581    99.670    99.760
  73     0.010268    99.668     0.010686    99.720    99.760
  74     0.009390    99.722     0.010345    99.740    99.760
  75     0.009716    99.702     0.010373    99.770    99.770
  76     0.009526    99.722     0.011189    99.720    99.770
  77     0.009014    99.730     0.009637    99.770    99.770
  78     0.010192    99.685     0.009121    99.740    99.770
  79     0.010128    99.697     0.012155    99.710    99.770
  80     0.009066    99.748     0.009311    99.770    99.770
  81     0.007656    99.770     0.008554    99.770    99.770
  82     0.008387    99.762     0.009661    99.790    99.790
  83     0.008430    99.747     0.009548    99.760    99.790
  84     0.007909    99.765     0.009545    99.770    99.790
  85     0.007396    99.768     0.008974    99.770    99.790
  86     0.008112    99.762     0.009499    99.730    99.790
  87     0.009032    99.737     0.010200    99.740    99.790
  88     0.006940    99.783     0.009817    99.720    99.790
  89     0.008691    99.748     0.010186    99.730    99.790
  90     0.008260    99.762     0.011578    99.630    99.790
  91     0.006719    99.813     0.011756    99.690    99.790
  92     0.007290    99.793     0.010652    99.710    99.790
  93     0.006688    99.812     0.011770    99.700    99.790
  94     0.006825    99.802     0.010355    99.720    99.790
  95     0.006939    99.795     0.010592    99.710    99.790
  96     0.006538    99.807     0.011206    99.730    99.790
  97     0.006776    99.782     0.009978    99.720    99.790
  98     0.006979    99.817     0.009958    99.740    99.790
  99     0.006688    99.775     0.009737    99.780    99.790
 100     0.006902    99.790     0.010027    99.740    99.790
 101     0.005994    99.810     0.010657    99.680    99.790
 102     0.007167    99.778     0.010592    99.680    99.790
 103     0.005892    99.802     0.010789    99.690    99.790
 104     0.005690    99.848     0.010006    99.720    99.790
 105     0.006540    99.802     0.010967    99.700    99.790
 106     0.006093    99.827     0.011102    99.690    99.790
 107     0.005762    99.817     0.010104    99.720    99.790
 108     0.006461    99.815     0.009750    99.750    99.790
 109     0.005389    99.842     0.009727    99.760    99.790
 110     0.005821    99.837     0.009835    99.760    99.790
 111     0.005771    99.830     0.009491    99.730    99.790
 112     0.004981    99.855     0.009472    99.730    99.790
 113     0.005897    99.837     0.009367    99.740    99.790
 114     0.005205    99.833     0.008544    99.800    99.800
 115     0.005394    99.835     0.010253    99.720    99.800
 116     0.005785    99.807     0.009197    99.740    99.800
 117     0.005312    99.850     0.008670    99.770    99.800
 118     0.005512    99.848     0.010044    99.700    99.800
 119     0.005297    99.863     0.009164    99.750    99.800
 120     0.004717    99.870     0.010247    99.710    99.800
 121     0.005093    99.843     0.009305    99.790    99.800
 122     0.005764    99.815     0.009648    99.760    99.800
 123     0.004471    99.880     0.010941    99.730    99.800
 124     0.004029    99.888     0.009649    99.760    99.800
 125     0.004879    99.863     0.009650    99.760    99.800
 126     0.005221    99.847     0.009214    99.710    99.800
 127     0.004841    99.862     0.010303    99.690    99.800
 128     0.004632    99.867     0.009385    99.720    99.800
 129     0.004984    99.842     0.009575    99.710    99.800
 130     0.004180    99.888     0.009489    99.710    99.800
 131     0.004615    99.855     0.010048    99.730    99.800
 132     0.004771    99.862     0.009059    99.740    99.800
 133     0.004681    99.865     0.010266    99.670    99.800
 134     0.004068    99.867     0.010120    99.720    99.800
 135     0.004645    99.863     0.010594    99.710    99.800
 136     0.004777    99.858     0.009937    99.750    99.800
 137     0.004137    99.895     0.009758    99.760    99.800
 138     0.004718    99.858     0.009052    99.770    99.800
 139     0.004009    99.870     0.009576    99.730    99.800
 140     0.004136    99.873     0.008710    99.790    99.800
 141     0.004089    99.877     0.008904    99.760    99.800
 142     0.003882    99.877     0.010549    99.710    99.800
 143     0.004230    99.882     0.009617    99.740    99.800
 144     0.004190    99.872     0.009216    99.710    99.800
 145     0.004777    99.865     0.009661    99.710    99.800
 146     0.003750    99.887     0.009100    99.750    99.800
 147     0.004057    99.882     0.009669    99.770    99.800
 148     0.003939    99.882     0.009550    99.770    99.800
 149     0.003762    99.920     0.009477    99.770    99.800
