   0     0.545477    88.845     0.163068    98.590    98.590
   1     0.212131    96.645     0.085454    99.140    99.140
   2     0.144648    97.373     0.067245    99.180    99.180
   3     0.113785    97.663     0.098176    98.740    99.180
   4     0.098668    97.790     0.053932    99.190    99.190
   5     0.085448    97.990     0.056273    99.020    99.190
   6     0.072270    98.250     0.149934    95.890    99.190
   7     0.067793    98.302     0.048857    99.280    99.280
   8     0.061934    98.403     0.054477    99.090    99.280
   9     0.060272    98.370     0.068394    98.640    99.280
  10     0.055535    98.482     0.038680    99.300    99.300
  11     0.051197    98.588     0.035880    99.320    99.320
  12     0.051083    98.612     0.035378    99.250    99.320
  13     0.045728    98.720     0.160344    95.410    99.320
  14     0.045873    98.737     0.021381    99.480    99.480
  15     0.043437    98.762     0.019377    99.580    99.580
  16     0.041045    98.807     0.061076    98.620    99.580
  17     0.037513    98.950     0.026731    99.380    99.580
  18     0.038931    98.923     0.024298    99.490    99.580
  19     0.034184    99.043     0.016024    99.590    99.590
  20     0.035089    98.960     0.028043    99.270    99.590
  21     0.033043    99.052     0.017180    99.570    99.590
  22     0.031132    99.087     0.025120    99.300    99.590
  23     0.032072    99.060     0.015589    99.520    99.590
  24     0.030605    99.132     0.029894    99.170    99.590
  25     0.028061    99.210     0.022135    99.420    99.590
  26     0.028357    99.178     0.015782    99.610    99.610
  27     0.027090    99.197     0.015924    99.550    99.610
  28     0.026732    99.217     0.017181    99.520    99.610
  29     0.026647    99.155     0.015484    99.530    99.610
  30     0.024513    99.325     0.013648    99.610    99.610
  31     0.023837    99.315     0.017792    99.490    99.610
  32     0.023886    99.292     0.014090    99.540    99.610
  33     0.022474    99.322     0.013354    99.620    99.620
  34     0.023173    99.325     0.011225    99.650    99.650
  35     0.023432    99.308     0.010780    99.680    99.680
  36     0.020943    99.400     0.010327    99.690    99.690
  37     0.020335    99.395     0.010416    99.700    99.700
  38     0.019981    99.422     0.011488    99.630    99.700
  39     0.019958    99.413     0.012903    99.640    99.700
  40     0.018742    99.423     0.010326    99.670    99.700
  41     0.018218    99.468     0.014814    99.600    99.700
  42     0.019047    99.415     0.010951    99.660    99.700
  43     0.017692    99.472     0.012962    99.600    99.700
  44     0.017842    99.468     0.013811    99.580    99.700
  45     0.015427    99.563     0.012059    99.610    99.700
  46     0.016305    99.518     0.012564    99.620    99.700
  47     0.015117    99.555     0.011251    99.710    99.710
  48     0.015903    99.517     0.012467    99.640    99.710
  49     0.016550    99.473     0.011041    99.670    99.710
  50     0.014081    99.597     0.012090    99.670    99.710
  51     0.014157    99.583     0.011890    99.640    99.710
  52     0.013877    99.588     0.014867    99.630    99.710
  53     0.015329    99.568     0.013306    99.600    99.710
  54     0.014337    99.582     0.013575    99.600    99.710
  55     0.014182    99.568     0.013004    99.540    99.710
  56     0.013838    99.588     0.012174    99.630    99.710
  57     0.013151    99.610     0.010416    99.680    99.710
  58     0.013199    99.605     0.011742    99.640    99.710
  59     0.012637    99.635     0.012454    99.680    99.710
  60     0.011571    99.645     0.011582    99.660    99.710
  61     0.011965    99.622     0.011448    99.610    99.710
  62     0.012345    99.632     0.011829    99.590    99.710
  63     0.011013    99.652     0.012023    99.590    99.710
  64     0.011500    99.653     0.011871    99.680    99.710
  65     0.010806    99.685     0.012403    99.680    99.710
  66     0.011265    99.652     0.014109    99.600    99.710
  67     0.010358    99.707     0.012648    99.620    99.710
  68     0.010634    99.668     0.011442    99.630    99.710
  69     0.009967    99.710     0.012714    99.620    99.710
  70     0.010119    99.690     0.014241    99.680    99.710
  71     0.010382    99.668     0.014429    99.600    99.710
  72     0.009150    99.722     0.013584    99.670    99.710
  73     0.009962    99.705     0.010835    99.680    99.710
  74     0.009068    99.722     0.012058    99.640    99.710
  75     0.008597    99.745     0.012412    99.620    99.710
  76     0.009428    99.725     0.013049    99.630    99.710
  77     0.009225    99.727     0.013199    99.610    99.710
  78     0.009009    99.737     0.011761    99.610    99.710
  79     0.009354    99.707     0.013730    99.590    99.710
  80     0.008538    99.737     0.011094    99.650    99.710
  81     0.009429    99.712     0.011884    99.710    99.710
  82     0.008550    99.748     0.011570    99.710    99.710
  83     0.008550    99.738     0.012287    99.660    99.710
  84     0.007595    99.768     0.012234    99.670    99.710
  85     0.008231    99.777     0.012136    99.610    99.710
  86     0.008069    99.763     0.013753    99.650    99.710
  87     0.007896    99.767     0.015664    99.550    99.710
  88     0.007778    99.778     0.012220    99.630    99.710
  89     0.007522    99.785     0.011539    99.650    99.710
  90     0.006934    99.777     0.012552    99.640    99.710
  91     0.007357    99.787     0.011749    99.640    99.710
  92     0.007531    99.755     0.013445    99.630    99.710
  93     0.007095    99.775     0.011056    99.650    99.710
  94     0.006919    99.817     0.015681    99.560    99.710
  95     0.006895    99.802     0.013777    99.580    99.710
  96     0.006229    99.808     0.012214    99.680    99.710
  97     0.007412    99.790     0.012658    99.660    99.710
  98     0.007187    99.795     0.012411    99.600    99.710
  99     0.006333    99.818     0.012381    99.640    99.710
 100     0.006781    99.818     0.013061    99.600    99.710
 101     0.007006    99.808     0.012277    99.640    99.710
 102     0.006347    99.812     0.011338    99.680    99.710
 103     0.005804    99.847     0.011898    99.680    99.710
 104     0.005586    99.843     0.010796    99.670    99.710
 105     0.005725    99.842     0.010751    99.680    99.710
 106     0.006064    99.812     0.011589    99.670    99.710
 107     0.005523    99.857     0.012028    99.610    99.710
 108     0.005577    99.833     0.011119    99.660    99.710
 109     0.005620    99.843     0.011164    99.660    99.710
 110     0.005307    99.857     0.012677    99.610    99.710
 111     0.005456    99.838     0.011027    99.650    99.710
 112     0.005797    99.827     0.011930    99.650    99.710
 113     0.005414    99.830     0.013280    99.620    99.710
 114     0.005763    99.845     0.012519    99.610    99.710
 115     0.005176    99.843     0.011783    99.650    99.710
 116     0.005992    99.830     0.011474    99.640    99.710
 117     0.005481    99.835     0.012265    99.710    99.710
 118     0.005019    99.848     0.012400    99.680    99.710
 119     0.004445    99.862     0.012919    99.700    99.710
 120     0.005087    99.838     0.011903    99.680    99.710
 121     0.006026    99.840     0.011957    99.660    99.710
 122     0.004787    99.870     0.011896    99.740    99.740
 123     0.004184    99.878     0.011976    99.700    99.740
 124     0.004908    99.868     0.012211    99.680    99.740
 125     0.005154    99.838     0.012847    99.690    99.740
 126     0.004650    99.872     0.012843    99.640    99.740
 127     0.004462    99.868     0.012910    99.640    99.740
 128     0.004740    99.850     0.012248    99.670    99.740
 129     0.004356    99.883     0.012637    99.640    99.740
 130     0.004353    99.867     0.012674    99.660    99.740
 131     0.003650    99.907     0.013009    99.700    99.740
 132     0.004605    99.868     0.012186    99.670    99.740
 133     0.003920    99.895     0.011436    99.680    99.740
 134     0.004596    99.860     0.012701    99.650    99.740
 135     0.004374    99.880     0.012588    99.660    99.740
 136     0.004308    99.872     0.012417    99.680    99.740
 137     0.004304    99.873     0.012937    99.660    99.740
 138     0.004463    99.875     0.012922    99.670    99.740
 139     0.004381    99.887     0.012233    99.680    99.740
 140     0.004251    99.868     0.012412    99.690    99.740
 141     0.003817    99.903     0.012391    99.660    99.740
 142     0.003979    99.892     0.011793    99.650    99.740
 143     0.003879    99.888     0.012583    99.650    99.740
 144     0.004050    99.875     0.012545    99.640    99.740
 145     0.004436    99.875     0.012391    99.660    99.740
 146     0.003952    99.893     0.012423    99.640    99.740
 147     0.003895    99.898     0.012111    99.650    99.740
 148     0.004184    99.873     0.012721    99.700    99.740
 149     0.003871    99.893     0.013141    99.670    99.740
