   0     0.526620    90.347     0.112142    99.040    99.040
   1     0.199150    97.262     0.069550    99.190    99.190
   2     0.137113    97.767     0.067072    98.990    99.190
   3     0.104936    98.098     0.044452    99.330    99.330
   4     0.087281    98.233     0.042520    99.260    99.330
   5     0.075694    98.370     0.040063    99.400    99.400
   6     0.067332    98.442     0.026112    99.540    99.540
   7     0.061504    98.538     0.055959    98.620    99.540
   8     0.055395    98.633     0.025587    99.470    99.540
   9     0.054546    98.628     0.021462    99.470    99.540
  10     0.048984    98.775     0.026516    99.290    99.540
  11     0.046063    98.845     0.021603    99.450    99.540
  12     0.045313    98.812     0.038545    98.950    99.540
  13     0.044472    98.800     0.014967    99.660    99.660
  14     0.040571    98.883     0.022920    99.390    99.660
  15     0.037184    98.972     0.020885    99.360    99.660
  16     0.035862    98.987     0.014645    99.590    99.660
  17     0.036242    98.947     0.021090    99.480    99.660
  18     0.034081    99.058     0.013135    99.690    99.690
  19     0.032317    99.088     0.017641    99.500    99.690
  20     0.029788    99.190     0.014483    99.540    99.690
  21     0.031365    99.068     0.017582    99.520    99.690
  22     0.029367    99.157     0.017406    99.510    99.690
  23     0.027085    99.232     0.015338    99.640    99.690
  24     0.026426    99.233     0.012265    99.660    99.690
  25     0.026110    99.232     0.015899    99.570    99.690
  26     0.025434    99.265     0.014048    99.640    99.690
  27     0.022856    99.327     0.011446    99.620    99.690
  28     0.023131    99.345     0.014112    99.560    99.690
  29     0.024273    99.290     0.011940    99.630    99.690
  30     0.021962    99.373     0.011485    99.660    99.690
  31     0.021622    99.423     0.010192    99.690    99.690
  32     0.021826    99.383     0.011690    99.590    99.690
  33     0.021462    99.343     0.013238    99.590    99.690
  34     0.019717    99.435     0.011512    99.620    99.690
  35     0.018746    99.430     0.012904    99.610    99.690
  36     0.019653    99.433     0.013042    99.580    99.690
  37     0.017349    99.507     0.011536    99.700    99.700
  38     0.018040    99.472     0.010483    99.690    99.700
  39     0.016430    99.518     0.010946    99.680    99.700
  40     0.017426    99.493     0.012344    99.690    99.700
  41     0.016370    99.517     0.011036    99.660    99.700
  42     0.015302    99.555     0.010140    99.700    99.700
  43     0.015752    99.545     0.013587    99.570    99.700
  44     0.014603    99.572     0.010445    99.690    99.700
  45     0.015104    99.562     0.010486    99.690    99.700
  46     0.013336    99.593     0.010247    99.640    99.700
  47     0.013116    99.637     0.011134    99.610    99.700
  48     0.014073    99.603     0.011587    99.650    99.700
  49     0.013983    99.587     0.010124    99.670    99.700
  50     0.013026    99.617     0.013189    99.620    99.700
  51     0.012811    99.612     0.011496    99.650    99.700
  52     0.012430    99.628     0.011816    99.660    99.700
  53     0.012430    99.640     0.013504    99.580    99.700
  54     0.011402    99.687     0.013078    99.640    99.700
  55     0.011796    99.655     0.012512    99.610    99.700
  56     0.010061    99.698     0.009848    99.730    99.730
  57     0.010955    99.680     0.012614    99.620    99.730
  58     0.010214    99.698     0.010645    99.680    99.730
  59     0.010549    99.687     0.009847    99.690    99.730
  60     0.009589    99.713     0.009606    99.690    99.730
  61     0.010250    99.692     0.010595    99.660    99.730
  62     0.010029    99.702     0.011157    99.670    99.730
  63     0.009292    99.725     0.010848    99.670    99.730
  64     0.010203    99.692     0.009743    99.660    99.730
  65     0.008889    99.743     0.010427    99.730    99.730
  66     0.009737    99.730     0.010714    99.720    99.730
  67     0.007941    99.782     0.009717    99.730    99.730
  68     0.009270    99.727     0.011405    99.720    99.730
  69     0.007741    99.768     0.009918    99.710    99.730
  70     0.008055    99.767     0.010909    99.710    99.730
  71     0.007019    99.785     0.010935    99.690    99.730
  72     0.009004    99.735     0.010346    99.690    99.730
  73     0.007690    99.770     0.010921    99.710    99.730
  74     0.007121    99.783     0.009963    99.710    99.730
  75     0.007523    99.778     0.011448    99.700    99.730
  76     0.007314    99.782     0.012204    99.630    99.730
  77     0.007286    99.777     0.011761    99.610    99.730
  78     0.007341    99.765     0.010176    99.640    99.730
  79     0.006585    99.790     0.009760    99.690    99.730
  80     0.007228    99.802     0.011549    99.670    99.730
  81     0.006919    99.790     0.009674    99.710    99.730
  82     0.006180    99.820     0.010524    99.690    99.730
  83     0.006060    99.825     0.010708    99.680    99.730
  84     0.006411    99.827     0.011141    99.660    99.730
  85     0.007138    99.783     0.010432    99.670    99.730
  86     0.007151    99.792     0.010785    99.650    99.730
  87     0.005762    99.833     0.010715    99.680    99.730
  88     0.006723    99.812     0.011373    99.660    99.730
  89     0.005974    99.825     0.012291    99.650    99.730
  90     0.005962    99.830     0.012022    99.650    99.730
  91     0.005287    99.847     0.011360    99.670    99.730
  92     0.005777    99.853     0.011750    99.650    99.730
  93     0.005890    99.842     0.011979    99.670    99.730
  94     0.005779    99.830     0.011662    99.670    99.730
  95     0.005226    99.837     0.012330    99.670    99.730
  96     0.005734    99.827     0.012086    99.670    99.730
  97     0.004636    99.882     0.012312    99.650    99.730
  98     0.005126    99.860     0.013531    99.660    99.730
  99     0.005998    99.818     0.012817    99.650    99.730
 100     0.004534    99.880     0.011817    99.660    99.730
 101     0.004639    99.865     0.011329    99.680    99.730
 102     0.004671    99.880     0.011793    99.640    99.730
 103     0.005361    99.830     0.012213    99.660    99.730
 104     0.004295    99.867     0.012597    99.650    99.730
 105     0.004916    99.845     0.012516    99.660    99.730
 106     0.004180    99.875     0.012439    99.660    99.730
 107     0.004354    99.880     0.012130    99.650    99.730
 108     0.004621    99.863     0.011517    99.660    99.730
 109     0.003982    99.890     0.011205    99.680    99.730
 110     0.003587    99.908     0.010829    99.650    99.730
 111     0.004277    99.862     0.011761    99.690    99.730
 112     0.004268    99.883     0.011433    99.660    99.730
 113     0.003764    99.907     0.011722    99.660    99.730
 114     0.004450    99.877     0.011832    99.650    99.730
 115     0.003961    99.900     0.011045    99.680    99.730
 116     0.003846    99.882     0.012102    99.660    99.730
 117     0.003270    99.910     0.012191    99.660    99.730
 118     0.004252    99.885     0.011815    99.620    99.730
 119     0.003557    99.913     0.011014    99.700    99.730
 120     0.004083    99.878     0.012572    99.660    99.730
 121     0.003638    99.892     0.012775    99.640    99.730
 122     0.003395    99.913     0.011548    99.670    99.730
 123     0.003555    99.890     0.012201    99.650    99.730
 124     0.003998    99.897     0.012244    99.680    99.730
 125     0.003699    99.897     0.011797    99.690    99.730
 126     0.003470    99.893     0.012842    99.680    99.730
 127     0.003664    99.897     0.011809    99.690    99.730
 128     0.003377    99.897     0.011616    99.680    99.730
 129     0.003212    99.910     0.012617    99.660    99.730
 130     0.002869    99.930     0.013356    99.630    99.730
 131     0.003361    99.905     0.012614    99.640    99.730
 132     0.003147    99.913     0.012763    99.630    99.730
 133     0.003591    99.905     0.012073    99.670    99.730
 134     0.003103    99.915     0.012221    99.640    99.730
 135     0.002779    99.922     0.012078    99.680    99.730
 136     0.003553    99.907     0.012179    99.660    99.730
 137     0.003408    99.905     0.013901    99.660    99.730
 138     0.003882    99.880     0.012769    99.640    99.730
 139     0.002980    99.915     0.011981    99.670    99.730
 140     0.003050    99.918     0.012828    99.660    99.730
 141     0.003021    99.905     0.013500    99.660    99.730
 142     0.002730    99.920     0.011983    99.680    99.730
 143     0.002678    99.935     0.012393    99.680    99.730
 144     0.002588    99.937     0.013237    99.640    99.730
 145     0.002665    99.943     0.013693    99.650    99.730
 146     0.003061    99.908     0.012591    99.680    99.730
 147     0.002673    99.922     0.012616    99.690    99.730
 148     0.002590    99.930     0.012447    99.670    99.730
 149     0.002989    99.920     0.013135    99.650    99.730
