   0     0.513199    90.752     0.119700    98.950    98.950
   1     0.201072    97.195     0.081357    99.000    99.000
   2     0.132973    97.892     0.069697    99.150    99.150
   3     0.105746    97.983     0.077734    98.200    99.150
   4     0.086836    98.212     0.071790    98.300    99.150
   5     0.075802    98.353     0.049590    99.070    99.150
   6     0.067948    98.393     0.025724    99.490    99.490
   7     0.062730    98.492     0.034317    99.250    99.490
   8     0.056231    98.605     0.025376    99.330    99.490
   9     0.051304    98.740     0.023904    99.390    99.490
  10     0.048126    98.793     0.028006    99.400    99.490
  11     0.048238    98.687     0.026576    99.430    99.490
  12     0.043873    98.798     0.022144    99.400    99.490
  13     0.042047    98.862     0.024971    99.370    99.490
  14     0.040585    98.898     0.031537    99.130    99.490
  15     0.039618    98.957     0.039787    99.100    99.490
  16     0.035912    99.020     0.015789    99.570    99.570
  17     0.033723    99.097     0.021127    99.380    99.570
  18     0.034953    99.008     0.029818    99.110    99.570
  19     0.034054    99.015     0.018729    99.490    99.570
  20     0.030179    99.145     0.013306    99.600    99.600
  21     0.030505    99.125     0.012823    99.610    99.610
  22     0.027168    99.223     0.014318    99.520    99.610
  23     0.027322    99.243     0.016145    99.530    99.610
  24     0.026946    99.262     0.016454    99.620    99.620
  25     0.023702    99.327     0.015702    99.570    99.620
  26     0.025706    99.232     0.012393    99.680    99.680
  27     0.023765    99.312     0.013882    99.570    99.680
  28     0.021639    99.390     0.012436    99.650    99.680
  29     0.022496    99.318     0.014541    99.540    99.680
  30     0.021646    99.340     0.016581    99.490    99.680
  31     0.021706    99.380     0.014430    99.590    99.680
  32     0.020248    99.423     0.012037    99.600    99.680
  33     0.019895    99.423     0.026097    99.310    99.680
  34     0.020335    99.410     0.012865    99.670    99.680
  35     0.019998    99.410     0.012822    99.580    99.680
  36     0.019421    99.437     0.010521    99.680    99.680
  37     0.018154    99.483     0.015173    99.540    99.680
  38     0.016558    99.522     0.012319    99.690    99.690
  39     0.016855    99.527     0.012562    99.630    99.690
  40     0.015863    99.558     0.012621    99.730    99.730
  41     0.015926    99.517     0.011637    99.680    99.730
  42     0.016182    99.522     0.011151    99.710    99.730
  43     0.015781    99.560     0.010940    99.650    99.730
  44     0.013788    99.638     0.012287    99.700    99.730
  45     0.014556    99.577     0.016263    99.550    99.730
  46     0.015085    99.575     0.015462    99.560    99.730
  47     0.014859    99.537     0.011813    99.620    99.730
  48     0.013966    99.585     0.011655    99.610    99.730
  49     0.012933    99.605     0.015893    99.570    99.730
  50     0.011454    99.663     0.012528    99.640    99.730
  51     0.012474    99.638     0.011421    99.710    99.730
  52     0.011612    99.670     0.011198    99.670    99.730
  53     0.011140    99.665     0.012721    99.630    99.730
  54     0.011719    99.675     0.015410    99.630    99.730
  55     0.011849    99.668     0.011700    99.710    99.730
  56     0.010880    99.685     0.011516    99.600    99.730
  57     0.010558    99.708     0.013270    99.610    99.730
  58     0.009823    99.732     0.010703    99.680    99.730
  59     0.010630    99.667     0.010233    99.710    99.730
  60     0.010490    99.692     0.011975    99.640    99.730
  61     0.010540    99.692     0.010362    99.720    99.730
  62     0.009448    99.723     0.010434    99.690    99.730
  63     0.009268    99.718     0.012024    99.680    99.730
  64     0.008559    99.753     0.010166    99.670    99.730
  65     0.009545    99.710     0.011110    99.710    99.730
  66     0.008636    99.753     0.011886    99.690    99.730
  67     0.008674    99.745     0.013490    99.660    99.730
  68     0.008835    99.777     0.010080    99.750    99.750
  69     0.008827    99.755     0.009744    99.760    99.760
  70     0.007746    99.775     0.012368    99.670    99.760
  71     0.008179    99.762     0.010433    99.720    99.760
  72     0.008101    99.777     0.012496    99.670    99.760
  73     0.007826    99.757     0.012608    99.650    99.760
  74     0.006971    99.812     0.012012    99.660    99.760
  75     0.006491    99.823     0.012728    99.610    99.760
  76     0.007574    99.773     0.011487    99.680    99.760
  77     0.007743    99.740     0.011605    99.680    99.760
  78     0.006364    99.820     0.010229    99.690    99.760
  79     0.007232    99.797     0.011417    99.600    99.760
  80     0.006528    99.808     0.010145    99.720    99.760
  81     0.005834    99.827     0.010880    99.720    99.760
  82     0.006742    99.810     0.011086    99.690    99.760
  83     0.005801    99.825     0.009720    99.750    99.760
  84     0.006254    99.847     0.011039    99.640    99.760
  85     0.005986    99.825     0.010309    99.650    99.760
  86     0.006543    99.812     0.010094    99.740    99.760
  87     0.005673    99.857     0.009184    99.740    99.760
  88     0.006082    99.818     0.013483    99.620    99.760
  89     0.005534    99.855     0.012586    99.640    99.760
  90     0.004824    99.873     0.010751    99.760    99.760
  91     0.006068    99.815     0.010823    99.720    99.760
  92     0.005239    99.837     0.011279    99.660    99.760
  93     0.005354    99.857     0.011402    99.690    99.760
  94     0.006328    99.837     0.010671    99.680    99.760
  95     0.005230    99.832     0.011714    99.670    99.760
  96     0.005520    99.818     0.012473    99.660    99.760
  97     0.004763    99.857     0.011748    99.640    99.760
  98     0.005047    99.842     0.010376    99.690    99.760
  99     0.004798    99.857     0.012779    99.630    99.760
 100     0.004947    99.865     0.011602    99.680    99.760
 101     0.004336    99.877     0.011847    99.620    99.760
 102     0.004583    99.865     0.011434    99.670    99.760
 103     0.005129    99.840     0.012174    99.660    99.760
 104     0.004284    99.875     0.011177    99.720    99.760
 105     0.004485    99.867     0.011849    99.660    99.760
 106     0.003860    99.872     0.011146    99.700    99.760
 107     0.003972    99.883     0.010703    99.740    99.760
 108     0.004173    99.885     0.011342    99.660    99.760
 109     0.004622    99.873     0.011151    99.650    99.760
 110     0.005131    99.863     0.012475    99.660    99.760
 111     0.004032    99.883     0.011151    99.720    99.760
 112     0.004605    99.865     0.011284    99.700    99.760
 113     0.003703    99.905     0.010743    99.680    99.760
 114     0.003913    99.892     0.011748    99.670    99.760
 115     0.003708    99.900     0.012116    99.690    99.760
 116     0.003952    99.888     0.011411    99.720    99.760
 117     0.003046    99.922     0.010750    99.730    99.760
 118     0.003575    99.908     0.010746    99.680    99.760
 119     0.004313    99.873     0.012264    99.660    99.760
 120     0.002904    99.922     0.011281    99.690    99.760
 121     0.003299    99.913     0.010904    99.710    99.760
 122     0.003883    99.883     0.011500    99.700    99.760
 123     0.003220    99.922     0.011977    99.720    99.760
 124     0.003230    99.910     0.010581    99.720    99.760
 125     0.003566    99.918     0.011186    99.690    99.760
 126     0.003186    99.922     0.012407    99.670    99.760
 127     0.003127    99.897     0.011504    99.710    99.760
 128     0.003580    99.898     0.011513    99.680    99.760
 129     0.003379    99.918     0.011360    99.680    99.760
 130     0.003384    99.913     0.010438    99.710    99.760
 131     0.002961    99.922     0.011204    99.720    99.760
 132     0.003190    99.910     0.011729    99.680    99.760
 133     0.003289    99.915     0.010465    99.720    99.760
 134     0.003138    99.913     0.011456    99.700    99.760
 135     0.002974    99.908     0.010591    99.710    99.760
 136     0.002668    99.922     0.010866    99.730    99.760
 137     0.002998    99.912     0.011061    99.740    99.760
 138     0.003495    99.917     0.010969    99.730    99.760
 139     0.003082    99.923     0.012531    99.650    99.760
 140     0.003230    99.913     0.011589    99.730    99.760
 141     0.002422    99.935     0.011746    99.710    99.760
 142     0.002859    99.923     0.012702    99.690    99.760
 143     0.002910    99.912     0.012100    99.680    99.760
 144     0.003113    99.923     0.012269    99.670    99.760
 145     0.002460    99.932     0.011613    99.710    99.760
 146     0.002353    99.932     0.012536    99.650    99.760
 147     0.002664    99.923     0.012595    99.660    99.760
 148     0.003369    99.907     0.012773    99.670    99.760
 149     0.002393    99.937     0.012626    99.720    99.760
