   0     0.525174    90.277     0.125603    99.000    99.000
   1     0.200444    97.293     0.088821    99.030    99.030
   2     0.136404    97.747     0.064333    99.190    99.190
   3     0.103899    98.095     0.032604    99.370    99.370
   4     0.088333    98.208     0.044674    99.180    99.370
   5     0.077248    98.307     0.047864    99.000    99.370
   6     0.067166    98.463     0.027198    99.380    99.380
   7     0.062216    98.493     0.032536    99.290    99.380
   8     0.056425    98.662     0.030976    99.330    99.380
   9     0.053043    98.635     0.028665    99.360    99.380
  10     0.049308    98.683     0.070029    98.220    99.380
  11     0.045709    98.795     0.021734    99.390    99.390
  12     0.043597    98.858     0.031791    99.310    99.390
  13     0.041615    98.923     0.025287    99.420    99.420
  14     0.039194    98.933     0.036080    99.060    99.420
  15     0.036817    99.013     0.014874    99.650    99.650
  16     0.036214    98.998     0.035685    98.960    99.650
  17     0.035503    99.033     0.031131    99.190    99.650
  18     0.033625    99.050     0.016786    99.520    99.650
  19     0.031272    99.132     0.044137    98.900    99.650
  20     0.030012    99.105     0.014173    99.650    99.650
  21     0.029256    99.148     0.016468    99.580    99.650
  22     0.029306    99.122     0.015489    99.550    99.650
  23     0.029524    99.142     0.016132    99.540    99.650
  24     0.024920    99.308     0.016752    99.510    99.650
  25     0.025464    99.257     0.015413    99.530    99.650
  26     0.026605    99.218     0.014704    99.530    99.650
  27     0.024746    99.302     0.012307    99.670    99.670
  28     0.022974    99.337     0.014023    99.600    99.670
  29     0.023183    99.328     0.011812    99.690    99.690
  30     0.023331    99.393     0.017598    99.460    99.690
  31     0.022188    99.312     0.013629    99.580    99.690
  32     0.020259    99.420     0.016528    99.460    99.690
  33     0.019581    99.438     0.014028    99.580    99.690
  34     0.019056    99.468     0.012504    99.650    99.690
  35     0.019432    99.415     0.013001    99.570    99.690
  36     0.018827    99.477     0.011608    99.690    99.690
  37     0.017085    99.508     0.010967    99.650    99.690
  38     0.016960    99.492     0.012717    99.590    99.690
  39     0.017342    99.512     0.012594    99.620    99.690
  40     0.016012    99.532     0.013146    99.580    99.690
  41     0.016564    99.505     0.009954    99.640    99.690
  42     0.014802    99.568     0.013764    99.610    99.690
  43     0.014654    99.608     0.012756    99.600    99.690
  44     0.015127    99.565     0.013380    99.610    99.690
  45     0.015048    99.545     0.012176    99.690    99.690
  46     0.013553    99.588     0.013769    99.630    99.690
  47     0.014200    99.597     0.014448    99.600    99.690
  48     0.013859    99.597     0.010964    99.680    99.690
  49     0.013576    99.593     0.011398    99.650    99.690
  50     0.012651    99.628     0.011773    99.650    99.690
  51     0.012614    99.640     0.010282    99.710    99.710
  52     0.011834    99.678     0.012473    99.600    99.710
  53     0.011563    99.652     0.009943    99.670    99.710
  54     0.012361    99.648     0.012213    99.670    99.710
  55     0.010165    99.718     0.011320    99.670    99.710
  56     0.010050    99.718     0.010916    99.680    99.710
  57     0.009969    99.715     0.010645    99.610    99.710
  58     0.010990    99.668     0.011570    99.630    99.710
  59     0.011412    99.648     0.012355    99.620    99.710
  60     0.011221    99.673     0.011204    99.610    99.710
  61     0.010492    99.708     0.011886    99.670    99.710
  62     0.010386    99.712     0.008712    99.710    99.710
  63     0.009837    99.715     0.009229    99.720    99.720
  64     0.008964    99.728     0.011102    99.600    99.720
  65     0.009238    99.710     0.011337    99.610    99.720
  66     0.009760    99.710     0.010465    99.700    99.720
  67     0.008890    99.713     0.012187    99.640    99.720
  68     0.008384    99.763     0.009495    99.720    99.720
  69     0.007580    99.775     0.011087    99.650    99.720
  70     0.008716    99.740     0.010425    99.660    99.720
  71     0.008397    99.740     0.009263    99.720    99.720
  72     0.007797    99.782     0.009947    99.650    99.720
  73     0.007896    99.770     0.010762    99.670    99.720
  74     0.006810    99.827     0.010636    99.630    99.720
  75     0.007415    99.788     0.010147    99.690    99.720
  76     0.007571    99.780     0.010594    99.690    99.720
  77     0.007425    99.775     0.009948    99.670    99.720
  78     0.007631    99.772     0.011545    99.660    99.720
  79     0.007298    99.780     0.009209    99.730    99.730
  80     0.006763    99.830     0.010323    99.730    99.730
  81     0.006667    99.810     0.010598    99.680    99.730
  82     0.005893    99.818     0.010719    99.680    99.730
  83     0.006094    99.822     0.009715    99.740    99.740
  84     0.004946    99.862     0.009874    99.680    99.740
  85     0.006195    99.827     0.011404    99.660    99.740
  86     0.006472    99.788     0.011347    99.680    99.740
  87     0.006697    99.817     0.011521    99.670    99.740
  88     0.005576    99.840     0.012890    99.610    99.740
  89     0.006928    99.790     0.009453    99.700    99.740
  90     0.005790    99.820     0.010680    99.680    99.740
  91     0.006061    99.822     0.011667    99.650    99.740
  92     0.005507    99.842     0.011362    99.630    99.740
  93     0.005787    99.838     0.010472    99.710    99.740
  94     0.004851    99.868     0.009142    99.730    99.740
  95     0.005247    99.853     0.008983    99.720    99.740
  96     0.005450    99.843     0.009899    99.680    99.740
  97     0.005455    99.853     0.009795    99.740    99.740
  98     0.004613    99.875     0.010119    99.700    99.740
  99     0.004923    99.858     0.009393    99.750    99.750
 100     0.005030    99.848     0.010718    99.640    99.750
 101     0.005239    99.843     0.010470    99.680    99.750
 102     0.005514    99.840     0.010615    99.680    99.750
 103     0.003845    99.890     0.011814    99.650    99.750
 104     0.004574    99.870     0.011117    99.680    99.750
 105     0.004316    99.872     0.010592    99.710    99.750
 106     0.005139    99.865     0.010918    99.710    99.750
 107     0.004242    99.883     0.010436    99.730    99.750
 108     0.004052    99.873     0.010379    99.670    99.750
 109     0.004496    99.855     0.010422    99.710    99.750
 110     0.004482    99.875     0.009287    99.740    99.750
 111     0.003825    99.900     0.009707    99.720    99.750
 112     0.004219    99.885     0.009872    99.730    99.750
 113     0.003894    99.897     0.010018    99.700    99.750
 114     0.003464    99.915     0.010382    99.700    99.750
 115     0.004295    99.872     0.011597    99.730    99.750
 116     0.004050    99.875     0.010200    99.700    99.750
 117     0.003656    99.902     0.010189    99.730    99.750
 118     0.003651    99.902     0.009669    99.720    99.750
 119     0.003899    99.868     0.010224    99.690    99.750
 120     0.003285    99.905     0.009707    99.720    99.750
 121     0.003749    99.898     0.011096    99.690    99.750
 122     0.003553    99.902     0.011375    99.690    99.750
 123     0.003232    99.918     0.011044    99.690    99.750
 124     0.003459    99.897     0.010277    99.690    99.750
 125     0.003777    99.890     0.010196    99.690    99.750
 126     0.003908    99.888     0.010926    99.710    99.750
 127     0.003809    99.892     0.009666    99.740    99.750
 128     0.003463    99.898     0.010167    99.710    99.750
 129     0.003190    99.918     0.009781    99.720    99.750
 130     0.003980    99.912     0.010687    99.670    99.750
 131     0.003305    99.920     0.008844    99.730    99.750
 132     0.003589    99.910     0.008977    99.740    99.750
 133     0.003185    99.920     0.009525    99.700    99.750
 134     0.003125    99.913     0.009438    99.720    99.750
 135     0.003885    99.885     0.008664    99.750    99.750
 136     0.002901    99.918     0.009647    99.730    99.750
 137     0.003036    99.932     0.009546    99.710    99.750
 138     0.002832    99.925     0.009864    99.730    99.750
 139     0.003468    99.897     0.009647    99.720    99.750
 140     0.002380    99.935     0.010167    99.690    99.750
 141     0.002789    99.923     0.009797    99.720    99.750
 142     0.002811    99.917     0.010022    99.700    99.750
 143     0.003190    99.905     0.009935    99.730    99.750
 144     0.002884    99.935     0.009897    99.730    99.750
 145     0.002791    99.925     0.009569    99.730    99.750
 146     0.002798    99.927     0.009688    99.720    99.750
 147     0.002771    99.932     0.009566    99.690    99.750
 148     0.002975    99.912     0.010243    99.690    99.750
 149     0.003238    99.917     0.011125    99.630    99.750
