   0     0.514493    90.607     0.141251    98.990    98.990
   1     0.198274    97.287     0.088524    98.980    98.990
   2     0.134457    97.818     0.061449    99.290    99.290
   3     0.103988    98.115     0.077699    98.980    99.290
   4     0.086160    98.238     0.039769    99.220    99.290
   5     0.075836    98.373     0.050768    98.920    99.290
   6     0.066387    98.513     0.061201    98.470    99.290
   7     0.061006    98.548     0.031966    99.400    99.400
   8     0.056260    98.630     0.025554    99.480    99.480
   9     0.053100    98.673     0.035966    99.160    99.480
  10     0.051427    98.692     0.020955    99.530    99.530
  11     0.048011    98.738     0.020505    99.510    99.530
  12     0.042759    98.865     0.028440    99.370    99.530
  13     0.041814    98.900     0.025390    99.350    99.530
  14     0.040556    98.933     0.019240    99.560    99.560
  15     0.036807    99.022     0.020471    99.460    99.560
  16     0.036223    99.033     0.019140    99.510    99.560
  17     0.035474    99.010     0.017103    99.590    99.590
  18     0.033827    99.037     0.017631    99.520    99.590
  19     0.031389    99.070     0.021221    99.420    99.590
  20     0.031100    99.167     0.016141    99.560    99.590
  21     0.030207    99.138     0.028248    99.310    99.590
  22     0.027143    99.253     0.017137    99.500    99.590
  23     0.027592    99.175     0.014393    99.520    99.590
  24     0.026756    99.263     0.014104    99.600    99.600
  25     0.026376    99.272     0.077343    97.500    99.600
  26     0.024258    99.315     0.014695    99.580    99.600
  27     0.024381    99.305     0.016939    99.510    99.600
  28     0.025201    99.312     0.013693    99.630    99.630
  29     0.022508    99.377     0.011189    99.710    99.710
  30     0.022411    99.393     0.022164    99.370    99.710
  31     0.021652    99.385     0.015824    99.500    99.710
  32     0.020899    99.365     0.012602    99.600    99.710
  33     0.019525    99.442     0.016984    99.530    99.710
  34     0.019600    99.430     0.012214    99.720    99.720
  35     0.017455    99.478     0.012951    99.590    99.720
  36     0.017582    99.518     0.010677    99.710    99.720
  37     0.018073    99.495     0.012232    99.610    99.720
  38     0.017899    99.477     0.012695    99.640    99.720
  39     0.018018    99.485     0.011970    99.680    99.720
  40     0.016696    99.507     0.011255    99.620    99.720
  41     0.015846    99.530     0.012115    99.690    99.720
  42     0.013958    99.578     0.013185    99.620    99.720
  43     0.015468    99.550     0.012294    99.590    99.720
  44     0.014038    99.585     0.010639    99.730    99.730
  45     0.014704    99.577     0.011669    99.660    99.730
  46     0.012729    99.637     0.011244    99.640    99.730
  47     0.013686    99.600     0.014965    99.520    99.730
  48     0.013760    99.602     0.012518    99.630    99.730
  49     0.013045    99.612     0.012784    99.700    99.730
  50     0.012466    99.640     0.011331    99.690    99.730
  51     0.011739    99.672     0.010664    99.680    99.730
  52     0.012938    99.610     0.012516    99.660    99.730
  53     0.012095    99.642     0.012093    99.660    99.730
  54     0.011443    99.670     0.010162    99.720    99.730
  55     0.011609    99.647     0.011734    99.680    99.730
  56     0.010893    99.680     0.010497    99.670    99.730
  57     0.010391    99.712     0.012981    99.670    99.730
  58     0.010873    99.683     0.011418    99.660    99.730
  59     0.009521    99.710     0.011329    99.690    99.730
  60     0.010393    99.685     0.012283    99.620    99.730
  61     0.010264    99.705     0.011029    99.650    99.730
  62     0.009450    99.725     0.010406    99.690    99.730
  63     0.010289    99.733     0.012648    99.680    99.730
  64     0.008065    99.767     0.012990    99.680    99.730
  65     0.009430    99.745     0.010447    99.710    99.730
  66     0.009569    99.712     0.010456    99.700    99.730
  67     0.008406    99.767     0.010768    99.690    99.730
  68     0.008195    99.765     0.012721    99.640    99.730
  69     0.007761    99.778     0.014235    99.630    99.730
  70     0.008867    99.733     0.012204    99.680    99.730
  71     0.008031    99.755     0.011014    99.670    99.730
  72     0.008109    99.773     0.011498    99.680    99.730
  73     0.008490    99.758     0.012018    99.650    99.730
  74     0.007477    99.780     0.011825    99.630    99.730
  75     0.006987    99.785     0.012581    99.630    99.730
  76     0.007359    99.780     0.011460    99.660    99.730
  77     0.007110    99.795     0.010501    99.710    99.730
  78     0.006602    99.807     0.012753    99.660    99.730
  79     0.007648    99.768     0.015012    99.560    99.730
  80     0.007314    99.790     0.012118    99.670    99.730
  81     0.007149    99.780     0.013087    99.610    99.730
  82     0.005873    99.833     0.012109    99.660    99.730
  83     0.006485    99.807     0.010872    99.690    99.730
  84     0.006467    99.808     0.011426    99.700    99.730
  85     0.006237    99.830     0.010623    99.720    99.730
  86     0.005837    99.835     0.011307    99.710    99.730
  87     0.006436    99.812     0.011633    99.680    99.730
  88     0.005295    99.857     0.013664    99.640    99.730
  89     0.005568    99.837     0.011927    99.750    99.750
  90     0.005308    99.845     0.012180    99.680    99.750
  91     0.005376    99.832     0.011422    99.740    99.750
  92     0.005524    99.820     0.011802    99.720    99.750
  93     0.005633    99.820     0.015655    99.640    99.750
  94     0.006167    99.825     0.011686    99.720    99.750
  95     0.005397    99.845     0.012530    99.630    99.750
  96     0.005059    99.862     0.010845    99.720    99.750
  97     0.005272    99.852     0.014292    99.640    99.750
  98     0.004510    99.870     0.012221    99.680    99.750
  99     0.004811    99.875     0.012341    99.680    99.750
 100     0.005294    99.853     0.012274    99.690    99.750
 101     0.005397    99.845     0.011264    99.700    99.750
 102     0.004695    99.862     0.011493    99.710    99.750
 103     0.003691    99.893     0.011791    99.710    99.750
 104     0.004064    99.872     0.013015    99.660    99.750
 105     0.004850    99.850     0.012539    99.670    99.750
 106     0.004661    99.873     0.011391    99.660    99.750
 107     0.004457    99.867     0.012095    99.690    99.750
 108     0.004365    99.870     0.011787    99.670    99.750
 109     0.003924    99.887     0.012406    99.690    99.750
 110     0.004553    99.852     0.012624    99.690    99.750
 111     0.003994    99.897     0.011716    99.720    99.750
 112     0.004018    99.895     0.011307    99.730    99.750
 113     0.003990    99.890     0.012602    99.660    99.750
 114     0.003115    99.903     0.011601    99.690    99.750
 115     0.004188    99.873     0.012226    99.690    99.750
 116     0.003844    99.867     0.011240    99.670    99.750
 117     0.002926    99.923     0.011427    99.700    99.750
 118     0.003468    99.917     0.012519    99.690    99.750
 119     0.003870    99.893     0.012162    99.690    99.750
 120     0.003398    99.897     0.012362    99.700    99.750
 121     0.003482    99.898     0.012739    99.670    99.750
 122     0.003304    99.912     0.013318    99.630    99.750
 123     0.003288    99.887     0.012219    99.670    99.750
 124     0.003626    99.892     0.012422    99.660    99.750
 125     0.003430    99.897     0.014075    99.630    99.750
 126     0.003011    99.920     0.013643    99.640    99.750
 127     0.003417    99.908     0.012838    99.680    99.750
 128     0.002923    99.925     0.013931    99.690    99.750
 129     0.003401    99.902     0.013895    99.650    99.750
 130     0.003633    99.900     0.012293    99.670    99.750
 131     0.003142    99.920     0.012287    99.660    99.750
 132     0.003160    99.932     0.013375    99.640    99.750
 133     0.003275    99.905     0.013133    99.630    99.750
 134     0.002906    99.923     0.012290    99.650    99.750
 135     0.004017    99.868     0.012583    99.660    99.750
 136     0.003099    99.923     0.013263    99.640    99.750
 137     0.003484    99.903     0.011565    99.690    99.750
 138     0.003102    99.913     0.011513    99.730    99.750
 139     0.002449    99.932     0.011760    99.710    99.750
 140     0.002410    99.940     0.012203    99.700    99.750
 141     0.003071    99.917     0.011752    99.690    99.750
 142     0.002865    99.932     0.013124    99.680    99.750
 143     0.003472    99.905     0.012424    99.680    99.750
 144     0.002405    99.937     0.013335    99.640    99.750
 145     0.002565    99.937     0.012477    99.670    99.750
 146     0.002892    99.917     0.012959    99.700    99.750
 147     0.002842    99.920     0.012713    99.700    99.750
 148     0.002621    99.925     0.013269    99.690    99.750
 149     0.003079    99.923     0.012782    99.670    99.750
