   0     0.517123    90.638     0.146153    98.580    98.580
   1     0.201609    97.228     0.076630    99.270    99.270
   2     0.134457    97.782     0.063569    99.270    99.270
   3     0.106361    97.988     0.045467    99.240    99.270
   4     0.087755    98.155     0.047487    99.250    99.270
   5     0.077199    98.275     0.038244    99.330    99.330
   6     0.070795    98.340     0.022605    99.520    99.520
   7     0.061247    98.513     0.040597    99.210    99.520
   8     0.054777    98.672     0.035173    99.090    99.520
   9     0.055167    98.583     0.027977    99.430    99.520
  10     0.050249    98.683     0.019724    99.540    99.540
  11     0.047703    98.773     0.019025    99.460    99.540
  12     0.045563    98.798     0.019342    99.580    99.580
  13     0.039694    98.955     0.017081    99.500    99.580
  14     0.042655    98.843     0.018059    99.540    99.580
  15     0.038365    98.898     0.029460    99.270    99.580
  16     0.036921    98.950     0.018447    99.520    99.580
  17     0.035958    99.010     0.020172    99.500    99.580
  18     0.034235    99.038     0.022055    99.400    99.580
  19     0.032792    99.092     0.017787    99.470    99.580
  20     0.030477    99.138     0.024811    99.370    99.580
  21     0.030146    99.128     0.013324    99.640    99.640
  22     0.029382    99.143     0.013966    99.560    99.640
  23     0.028142    99.217     0.028249    99.220    99.640
  24     0.027126    99.223     0.016183    99.540    99.640
  25     0.026285    99.222     0.022241    99.440    99.640
  26     0.024529    99.292     0.015871    99.560    99.640
  27     0.025599    99.233     0.014866    99.590    99.640
  28     0.021575    99.380     0.013026    99.600    99.640
  29     0.022125    99.328     0.014886    99.590    99.640
  30     0.021883    99.390     0.013333    99.620    99.640
  31     0.023846    99.345     0.012661    99.590    99.640
  32     0.022061    99.388     0.015288    99.570    99.640
  33     0.020722    99.432     0.013533    99.620    99.640
  34     0.020200    99.428     0.011466    99.670    99.670
  35     0.019241    99.447     0.013919    99.600    99.670
  36     0.018861    99.438     0.011760    99.660    99.670
  37     0.017938    99.482     0.011502    99.640    99.670
  38     0.016820    99.503     0.017322    99.510    99.670
  39     0.017433    99.488     0.010644    99.730    99.730
  40     0.015301    99.550     0.010551    99.700    99.730
  41     0.015982    99.542     0.010996    99.640    99.730
  42     0.016831    99.548     0.013599    99.610    99.730
  43     0.016001    99.517     0.012212    99.620    99.730
  44     0.014213    99.618     0.010676    99.710    99.730
  45     0.015890    99.535     0.013643    99.630    99.730
  46     0.015339    99.595     0.010171    99.660    99.730
  47     0.012535    99.635     0.010264    99.680    99.730
  48     0.013218    99.623     0.010574    99.660    99.730
  49     0.013342    99.628     0.011657    99.670    99.730
  50     0.012738    99.625     0.013405    99.580    99.730
  51     0.012912    99.600     0.011634    99.620    99.730
  52     0.012408    99.665     0.010829    99.630    99.730
  53     0.012047    99.645     0.011595    99.610    99.730
  54     0.012347    99.667     0.012302    99.650    99.730
  55     0.011986    99.652     0.010386    99.680    99.730
  56     0.011125    99.658     0.010838    99.680    99.730
  57     0.010143    99.703     0.010080    99.710    99.730
  58     0.010957    99.673     0.013157    99.620    99.730
  59     0.010798    99.693     0.011251    99.700    99.730
  60     0.010698    99.718     0.011290    99.620    99.730
  61     0.009989    99.713     0.010128    99.660    99.730
  62     0.010732    99.695     0.011798    99.670    99.730
  63     0.010148    99.703     0.010592    99.670    99.730
  64     0.009789    99.733     0.010756    99.640    99.730
  65     0.009415    99.727     0.011273    99.660    99.730
  66     0.008409    99.767     0.011802    99.690    99.730
  67     0.008862    99.738     0.011015    99.690    99.730
  68     0.008046    99.757     0.011800    99.680    99.730
  69     0.007608    99.787     0.011483    99.650    99.730
  70     0.008964    99.738     0.012058    99.630    99.730
  71     0.007100    99.813     0.010258    99.650    99.730
  72     0.008428    99.757     0.011003    99.720    99.730
  73     0.008809    99.762     0.012043    99.640    99.730
  74     0.007202    99.790     0.014442    99.620    99.730
  75     0.007019    99.802     0.012188    99.670    99.730
  76     0.007991    99.757     0.011651    99.680    99.730
  77     0.007379    99.787     0.012619    99.640    99.730
  78     0.007212    99.802     0.011190    99.680    99.730
  79     0.006465    99.817     0.012233    99.710    99.730
  80     0.006541    99.813     0.010441    99.750    99.750
  81     0.007427    99.777     0.013039    99.630    99.750
  82     0.006783    99.807     0.011231    99.720    99.750
  83     0.006473    99.808     0.010268    99.740    99.750
  84     0.006839    99.808     0.010422    99.750    99.750
  85     0.006442    99.807     0.010571    99.670    99.750
  86     0.006512    99.808     0.011814    99.690    99.750
  87     0.005816    99.842     0.012350    99.730    99.750
  88     0.005994    99.812     0.011648    99.690    99.750
  89     0.005913    99.830     0.012813    99.630    99.750
  90     0.005489    99.842     0.013192    99.620    99.750
  91     0.005150    99.863     0.011824    99.630    99.750
  92     0.005817    99.837     0.011688    99.670    99.750
  93     0.005897    99.820     0.011475    99.720    99.750
  94     0.005565    99.855     0.011231    99.670    99.750
  95     0.005113    99.852     0.010956    99.690    99.750
  96     0.005374    99.848     0.011559    99.700    99.750
  97     0.004908    99.848     0.012038    99.610    99.750
  98     0.005477    99.828     0.011785    99.690    99.750
  99     0.005293    99.858     0.011735    99.690    99.750
 100     0.004603    99.875     0.012111    99.680    99.750
 101     0.005121    99.845     0.012046    99.650    99.750
 102     0.004624    99.860     0.011260    99.700    99.750
 103     0.005329    99.832     0.011501    99.720    99.750
 104     0.005190    99.850     0.011643    99.660    99.750
 105     0.004425    99.865     0.011060    99.690    99.750
 106     0.004303    99.888     0.011650    99.690    99.750
 107     0.005007    99.840     0.010969    99.710    99.750
 108     0.004301    99.882     0.011113    99.720    99.750
 109     0.004501    99.870     0.011364    99.690    99.750
 110     0.004266    99.880     0.011764    99.690    99.750
 111     0.004132    99.887     0.012273    99.700    99.750
 112     0.004222    99.868     0.011429    99.710    99.750
 113     0.003968    99.890     0.011828    99.670    99.750
 114     0.004236    99.888     0.011238    99.700    99.750
 115     0.004520    99.875     0.011355    99.700    99.750
 116     0.003638    99.902     0.010556    99.690    99.750
 117     0.003527    99.893     0.010968    99.700    99.750
 118     0.004041    99.877     0.010897    99.720    99.750
 119     0.003745    99.893     0.010853    99.720    99.750
 120     0.004243    99.878     0.011090    99.690    99.750
 121     0.003622    99.895     0.011081    99.730    99.750
 122     0.003673    99.888     0.011976    99.690    99.750
 123     0.003812    99.897     0.012359    99.690    99.750
 124     0.003862    99.878     0.011110    99.710    99.750
 125     0.003749    99.880     0.011007    99.730    99.750
 126     0.002957    99.925     0.011706    99.710    99.750
 127     0.003053    99.918     0.011979    99.700    99.750
 128     0.003567    99.885     0.011016    99.720    99.750
 129     0.003095    99.903     0.011762    99.700    99.750
 130     0.003391    99.910     0.011097    99.760    99.760
 131     0.003015    99.915     0.012130    99.680    99.760
 132     0.003274    99.908     0.011573    99.720    99.760
 133     0.003214    99.915     0.012094    99.700    99.760
 134     0.003061    99.920     0.011635    99.710    99.760
 135     0.002972    99.922     0.012882    99.690    99.760
 136     0.003212    99.905     0.013379    99.680    99.760
 137     0.002830    99.923     0.012347    99.710    99.760
 138     0.003038    99.923     0.012889    99.680    99.760
 139     0.003322    99.907     0.012700    99.710    99.760
 140     0.003113    99.905     0.013561    99.670    99.760
 141     0.003396    99.905     0.013390    99.680    99.760
 142     0.002676    99.932     0.012097    99.720    99.760
 143     0.002878    99.920     0.011916    99.720    99.760
 144     0.002802    99.915     0.011087    99.760    99.760
 145     0.003022    99.907     0.012324    99.700    99.760
 146     0.002488    99.943     0.011718    99.710    99.760
 147     0.002384    99.940     0.011588    99.710    99.760
 148     0.003122    99.905     0.012273    99.660    99.760
 149     0.002912    99.927     0.011757    99.690    99.760
