   0     0.510481    90.865     0.123920    98.880    98.880
   1     0.201773    97.170     0.084304    98.850    98.880
   2     0.134616    97.827     0.060289    99.040    99.040
   3     0.104510    98.013     0.056184    98.880    99.040
   4     0.087279    98.287     0.058966    98.860    99.040
   5     0.078711    98.262     0.057762    98.700    99.040
   6     0.067300    98.447     0.052276    98.950    99.040
   7     0.061827    98.537     0.030994    99.430    99.430
   8     0.055105    98.640     0.032322    99.350    99.430
   9     0.054080    98.627     0.020577    99.580    99.580
  10     0.050398    98.707     0.021035    99.520    99.580
  11     0.046641    98.738     0.038476    98.910    99.580
  12     0.046150    98.777     0.023292    99.550    99.580
  13     0.041286    98.882     0.016596    99.610    99.610
  14     0.038790    98.958     0.026247    99.360    99.610
  15     0.038411    98.920     0.022955    99.370    99.610
  16     0.035378    99.035     0.026633    99.290    99.610
  17     0.033322    99.100     0.017798    99.540    99.610
  18     0.033352    99.098     0.020647    99.480    99.610
  19     0.033338    99.020     0.018569    99.580    99.610
  20     0.030662    99.122     0.012751    99.650    99.650
  21     0.030002    99.167     0.014627    99.640    99.650
  22     0.028121    99.227     0.015070    99.560    99.650
  23     0.027665    99.202     0.021129    99.410    99.650
  24     0.026579    99.265     0.016179    99.590    99.650
  25     0.025554    99.255     0.010667    99.660    99.660
  26     0.026132    99.255     0.012908    99.690    99.690
  27     0.025242    99.305     0.010731    99.620    99.690
  28     0.024407    99.268     0.012481    99.680    99.690
  29     0.022753    99.358     0.010370    99.680    99.690
  30     0.020901    99.390     0.016096    99.530    99.690
  31     0.021086    99.415     0.012403    99.630    99.690
  32     0.020558    99.398     0.021660    99.380    99.690
  33     0.020447    99.400     0.011757    99.660    99.690
  34     0.018864    99.450     0.010466    99.660    99.690
  35     0.019304    99.447     0.014655    99.550    99.690
  36     0.018104    99.465     0.013502    99.590    99.690
  37     0.016625    99.505     0.009472    99.740    99.740
  38     0.017971    99.475     0.012410    99.660    99.740
  39     0.016240    99.550     0.010825    99.650    99.740
  40     0.017121    99.523     0.010987    99.730    99.740
  41     0.016651    99.515     0.010095    99.700    99.740
  42     0.015022    99.557     0.009205    99.710    99.740
  43     0.015243    99.565     0.010401    99.670    99.740
  44     0.015065    99.545     0.010357    99.750    99.750
  45     0.014363    99.572     0.009766    99.730    99.750
  46     0.013531    99.618     0.010395    99.660    99.750
  47     0.013056    99.627     0.011152    99.680    99.750
  48     0.012901    99.610     0.010957    99.680    99.750
  49     0.012633    99.627     0.018899    99.500    99.750
  50     0.014140    99.593     0.012201    99.650    99.750
  51     0.012763    99.612     0.008903    99.740    99.750
  52     0.012620    99.615     0.012769    99.590    99.750
  53     0.011212    99.675     0.008925    99.660    99.750
  54     0.011975    99.665     0.010908    99.670    99.750
  55     0.011749    99.635     0.010344    99.660    99.750
  56     0.012207    99.647     0.009918    99.700    99.750
  57     0.010072    99.695     0.009723    99.730    99.750
  58     0.010869    99.712     0.011563    99.620    99.750
  59     0.010851    99.687     0.012592    99.590    99.750
  60     0.009589    99.733     0.011378    99.630    99.750
  61     0.009701    99.708     0.011169    99.710    99.750
  62     0.010467    99.677     0.012782    99.670    99.750
  63     0.009130    99.733     0.011673    99.700    99.750
  64     0.009696    99.713     0.010799    99.670    99.750
  65     0.009279    99.725     0.009844    99.730    99.750
  66     0.008705    99.732     0.010505    99.710    99.750
  67     0.008165    99.740     0.009083    99.730    99.750
  68     0.008660    99.757     0.010039    99.720    99.750
  69     0.008398    99.742     0.010179    99.720    99.750
  70     0.008461    99.750     0.010533    99.730    99.750
  71     0.008912    99.728     0.011119    99.660    99.750
  72     0.008081    99.787     0.011313    99.640    99.750
  73     0.007995    99.765     0.012311    99.680    99.750
  74     0.007665    99.785     0.010504    99.740    99.750
  75     0.008312    99.772     0.009678    99.730    99.750
  76     0.007967    99.767     0.010054    99.700    99.750
  77     0.007078    99.793     0.012118    99.610    99.750
  78     0.006756    99.793     0.010899    99.690    99.750
  79     0.007876    99.783     0.010667    99.690    99.750
  80     0.007494    99.772     0.009756    99.720    99.750
  81     0.006548    99.832     0.010090    99.710    99.750
  82     0.006864    99.817     0.010976    99.690    99.750
  83     0.006953    99.802     0.009373    99.740    99.750
  84     0.005930    99.845     0.009651    99.740    99.750
  85     0.005766    99.850     0.011541    99.680    99.750
  86     0.006214    99.805     0.010807    99.720    99.750
  87     0.006213    99.815     0.010569    99.730    99.750
  88     0.005835    99.828     0.010096    99.700    99.750
  89     0.007229    99.793     0.009247    99.700    99.750
  90     0.005863    99.818     0.011639    99.650    99.750
  91     0.005753    99.835     0.011037    99.700    99.750
  92     0.005417    99.847     0.010777    99.660    99.750
  93     0.005230    99.847     0.010033    99.680    99.750
  94     0.005448    99.848     0.009349    99.700    99.750
  95     0.005345    99.838     0.011147    99.660    99.750
  96     0.005551    99.843     0.010667    99.650    99.750
  97     0.005075    99.857     0.011076    99.700    99.750
  98     0.004513    99.883     0.010052    99.690    99.750
  99     0.005032    99.855     0.010860    99.690    99.750
 100     0.005098    99.873     0.010360    99.680    99.750
 101     0.004240    99.888     0.011599    99.670    99.750
 102     0.004485    99.860     0.010283    99.690    99.750
 103     0.004891    99.860     0.010640    99.700    99.750
 104     0.004718    99.852     0.009907    99.700    99.750
 105     0.004666    99.852     0.009498    99.720    99.750
 106     0.004220    99.867     0.009417    99.740    99.750
 107     0.004480    99.875     0.010257    99.720    99.750
 108     0.004279    99.883     0.010919    99.680    99.750
 109     0.004742    99.852     0.011523    99.690    99.750
 110     0.004051    99.885     0.010233    99.700    99.750
 111     0.003722    99.888     0.010380    99.730    99.750
 112     0.004063    99.882     0.010886    99.690    99.750
 113     0.004388    99.865     0.010836    99.720    99.750
 114     0.003792    99.895     0.010127    99.730    99.750
 115     0.004487    99.868     0.010294    99.690    99.750
 116     0.003212    99.910     0.010566    99.720    99.750
 117     0.003943    99.882     0.009898    99.720    99.750
 118     0.003700    99.903     0.011103    99.720    99.750
 119     0.003333    99.902     0.009985    99.710    99.750
 120     0.003920    99.883     0.009328    99.770    99.770
 121     0.003560    99.895     0.010601    99.720    99.770
 122     0.002909    99.912     0.010594    99.690    99.770
 123     0.003302    99.903     0.010856    99.710    99.770
 124     0.003193    99.912     0.011547    99.630    99.770
 125     0.003363    99.908     0.011513    99.670    99.770
 126     0.003557    99.902     0.011353    99.700    99.770
 127     0.003394    99.918     0.010774    99.690    99.770
 128     0.003559    99.895     0.010682    99.720    99.770
 129     0.003285    99.890     0.011430    99.700    99.770
 130     0.002816    99.925     0.010763    99.700    99.770
 131     0.003716    99.890     0.012543    99.680    99.770
 132     0.003722    99.887     0.011361    99.700    99.770
 133     0.003448    99.908     0.011647    99.700    99.770
 134     0.003252    99.910     0.010708    99.700    99.770
 135     0.002760    99.910     0.011659    99.690    99.770
 136     0.003504    99.895     0.012334    99.710    99.770
 137     0.003345    99.900     0.011927    99.660    99.770
 138     0.002816    99.920     0.011761    99.690    99.770
 139     0.002797    99.908     0.011689    99.690    99.770
 140     0.003128    99.913     0.012487    99.720    99.770
 141     0.002627    99.927     0.011578    99.690    99.770
 142     0.002615    99.925     0.012342    99.680    99.770
 143     0.002593    99.922     0.011790    99.700    99.770
 144     0.003227    99.912     0.012597    99.690    99.770
 145     0.002517    99.938     0.011988    99.650    99.770
 146     0.002608    99.923     0.011237    99.670    99.770
 147     0.002868    99.917     0.011782    99.670    99.770
 148     0.003049    99.912     0.011954    99.680    99.770
 149     0.002648    99.917     0.011318    99.700    99.770
