   0     0.529337    90.038     0.120991    99.080    99.080
   1     0.197428    97.300     0.081323    99.190    99.190
   2     0.136971    97.688     0.049205    99.430    99.430
   3     0.103284    98.067     0.043626    99.390    99.430
   4     0.089814    98.163     0.084768    98.270    99.430
   5     0.074056    98.398     0.035367    99.260    99.430
   6     0.068108    98.443     0.053492    99.320    99.430
   7     0.061542    98.498     0.033357    99.420    99.430
   8     0.058686    98.547     0.044277    99.240    99.430
   9     0.051922    98.730     0.032970    99.320    99.430
  10     0.050202    98.758     0.028023    99.410    99.430
  11     0.047400    98.715     0.021859    99.480    99.480
  12     0.047125    98.737     0.033829    99.080    99.480
  13     0.041477    98.897     0.018978    99.560    99.560
  14     0.039949    98.890     0.018659    99.580    99.580
  15     0.037536    98.958     0.019785    99.530    99.580
  16     0.036611    99.018     0.026071    99.300    99.580
  17     0.036518    99.022     0.017345    99.530    99.580
  18     0.033932    99.028     0.015893    99.530    99.580
  19     0.032673    99.107     0.022187    99.400    99.580
  20     0.030185    99.160     0.017176    99.530    99.580
  21     0.031675    99.127     0.021180    99.430    99.580
  22     0.028473    99.168     0.012942    99.640    99.640
  23     0.027864    99.213     0.012962    99.630    99.640
  24     0.026135    99.225     0.012604    99.650    99.650
  25     0.025250    99.307     0.012826    99.660    99.660
  26     0.024222    99.337     0.011090    99.620    99.660
  27     0.025613    99.302     0.012073    99.680    99.680
  28     0.024770    99.297     0.014960    99.620    99.680
  29     0.023765    99.262     0.011555    99.680    99.680
  30     0.021507    99.382     0.010776    99.690    99.690
  31     0.020815    99.402     0.009469    99.720    99.720
  32     0.019435    99.497     0.018454    99.440    99.720
  33     0.020444    99.413     0.010832    99.670    99.720
  34     0.020203    99.433     0.012532    99.610    99.720
  35     0.018481    99.490     0.016094    99.480    99.720
  36     0.018012    99.485     0.010301    99.700    99.720
  37     0.017236    99.535     0.010266    99.670    99.720
  38     0.017735    99.488     0.010052    99.670    99.720
  39     0.017815    99.505     0.015335    99.540    99.720
  40     0.015064    99.568     0.010575    99.640    99.720
  41     0.015433    99.513     0.011296    99.690    99.720
  42     0.014644    99.578     0.011193    99.690    99.720
  43     0.016253    99.530     0.010551    99.700    99.720
  44     0.015684    99.560     0.011381    99.620    99.720
  45     0.014020    99.615     0.010419    99.640    99.720
  46     0.013929    99.598     0.011517    99.680    99.720
  47     0.013831    99.593     0.012142    99.630    99.720
  48     0.013145    99.622     0.011359    99.660    99.720
  49     0.014083    99.592     0.012188    99.620    99.720
  50     0.012574    99.647     0.009402    99.710    99.720
  51     0.012578    99.638     0.012213    99.660    99.720
  52     0.011866    99.652     0.010410    99.690    99.720
  53     0.012457    99.658     0.010041    99.730    99.730
  54     0.011774    99.660     0.010371    99.710    99.730
  55     0.010063    99.683     0.009493    99.750    99.750
  56     0.010562    99.693     0.010378    99.730    99.750
  57     0.010480    99.705     0.010391    99.720    99.750
  58     0.010261    99.713     0.010954    99.680    99.750
  59     0.009592    99.730     0.011737    99.620    99.750
  60     0.009836    99.687     0.010189    99.690    99.750
  61     0.010895    99.675     0.012397    99.680    99.750
  62     0.010663    99.703     0.010094    99.700    99.750
  63     0.008330    99.765     0.011592    99.670    99.750
  64     0.008219    99.768     0.010087    99.710    99.750
  65     0.009724    99.695     0.010694    99.670    99.750
  66     0.009078    99.728     0.010030    99.730    99.750
  67     0.008544    99.725     0.011571    99.670    99.750
  68     0.007154    99.798     0.009898    99.670    99.750
  69     0.008312    99.753     0.011121    99.690    99.750
  70     0.008707    99.745     0.009454    99.740    99.750
  71     0.008469    99.760     0.010148    99.710    99.750
  72     0.009149    99.727     0.010268    99.690    99.750
  73     0.007449    99.773     0.009874    99.700    99.750
  74     0.007838    99.777     0.009094    99.700    99.750
  75     0.007481    99.778     0.010559    99.680    99.750
  76     0.007224    99.792     0.009336    99.730    99.750
  77     0.007591    99.787     0.009541    99.680    99.750
  78     0.006406    99.808     0.011152    99.740    99.750
  79     0.007466    99.777     0.010111    99.730    99.750
  80     0.006320    99.817     0.010620    99.690    99.750
  81     0.006912    99.803     0.009752    99.760    99.760
  82     0.006580    99.817     0.009861    99.770    99.770
  83     0.005724    99.832     0.009428    99.730    99.770
  84     0.006092    99.823     0.009395    99.740    99.770
  85     0.005746    99.835     0.010113    99.710    99.770
  86     0.005755    99.857     0.010017    99.700    99.770
  87     0.006382    99.790     0.010546    99.740    99.770
  88     0.005893    99.840     0.010741    99.720    99.770
  89     0.005765    99.833     0.010766    99.720    99.770
  90     0.005524    99.828     0.009005    99.750    99.770
  91     0.006003    99.823     0.010523    99.720    99.770
  92     0.005038    99.852     0.011233    99.680    99.770
  93     0.005888    99.833     0.011348    99.670    99.770
  94     0.005023    99.863     0.010524    99.740    99.770
  95     0.005031    99.855     0.010785    99.710    99.770
  96     0.005625    99.827     0.010578    99.730    99.770
  97     0.005673    99.828     0.009625    99.720    99.770
  98     0.005561    99.832     0.009372    99.770    99.770
  99     0.004770    99.865     0.010594    99.730    99.770
 100     0.004906    99.853     0.010040    99.720    99.770
 101     0.004540    99.858     0.009488    99.780    99.780
 102     0.004464    99.865     0.009370    99.780    99.780
 103     0.005213    99.837     0.009392    99.720    99.780
 104     0.004869    99.852     0.009031    99.780    99.780
 105     0.004669    99.862     0.010326    99.710    99.780
 106     0.004349    99.877     0.011982    99.680    99.780
 107     0.004956    99.865     0.012180    99.680    99.780
 108     0.004150    99.877     0.010379    99.710    99.780
 109     0.004124    99.898     0.010248    99.720    99.780
 110     0.004044    99.882     0.011223    99.750    99.780
 111     0.003991    99.875     0.010518    99.720    99.780
 112     0.004544    99.870     0.010904    99.690    99.780
 113     0.003870    99.890     0.011809    99.680    99.780
 114     0.004259    99.883     0.011479    99.680    99.780
 115     0.003062    99.917     0.011033    99.670    99.780
 116     0.004235    99.873     0.010457    99.710    99.780
 117     0.003903    99.883     0.009708    99.730    99.780
 118     0.003357    99.917     0.009212    99.750    99.780
 119     0.003490    99.907     0.009936    99.740    99.780
 120     0.003039    99.917     0.009598    99.760    99.780
 121     0.003952    99.895     0.009906    99.710    99.780
 122     0.003124    99.913     0.010767    99.700    99.780
 123     0.003224    99.917     0.010262    99.690    99.780
 124     0.003788    99.883     0.009284    99.690    99.780
 125     0.003546    99.897     0.010018    99.740    99.780
 126     0.003540    99.897     0.010495    99.760    99.780
 127     0.003521    99.910     0.010001    99.730    99.780
 128     0.003828    99.872     0.010747    99.720    99.780
 129     0.004049    99.887     0.010146    99.710    99.780
 130     0.003099    99.912     0.010272    99.720    99.780
 131     0.003473    99.903     0.010960    99.720    99.780
 132     0.003199    99.923     0.011192    99.690    99.780
 133     0.002712    99.928     0.011812    99.710    99.780
 134     0.003324    99.895     0.011554    99.710    99.780
 135     0.003243    99.897     0.010742    99.750    99.780
 136     0.003128    99.910     0.011178    99.680    99.780
 137     0.002702    99.930     0.010620    99.740    99.780
 138     0.003125    99.910     0.010788    99.710    99.780
 139     0.002892    99.917     0.010676    99.710    99.780
 140     0.003374    99.895     0.011362    99.700    99.780
 141     0.002849    99.927     0.011123    99.770    99.780
 142     0.002989    99.913     0.009766    99.730    99.780
 143     0.003119    99.908     0.011090    99.700    99.780
 144     0.002481    99.922     0.011048    99.710    99.780
 145     0.003152    99.912     0.010592    99.720    99.780
 146     0.003147    99.903     0.010500    99.720    99.780
 147     0.002759    99.935     0.010033    99.750    99.780
 148     0.002535    99.928     0.010438    99.740    99.780
 149     0.002540    99.917     0.010601    99.750    99.780
