   0     0.543113    89.747     0.123216    98.980    98.980
   1     0.204739    97.125     0.065473    99.370    99.370
   2     0.135303    97.807     0.054276    99.250    99.370
   3     0.104641    98.087     0.050875    99.110    99.370
   4     0.087943    98.185     0.058244    99.170    99.370
   5     0.076740    98.345     0.033923    99.390    99.390
   6     0.066407    98.470     0.043782    99.050    99.390
   7     0.061971    98.537     0.042404    99.030    99.390
   8     0.055263    98.678     0.024177    99.470    99.470
   9     0.053902    98.655     0.029698    99.300    99.470
  10     0.050543    98.655     0.078148    98.190    99.470
  11     0.048139    98.745     0.017257    99.600    99.600
  12     0.044727    98.813     0.026665    99.400    99.600
  13     0.044195    98.785     0.019743    99.550    99.600
  14     0.039277    98.952     0.018810    99.540    99.600
  15     0.039491    98.880     0.027833    99.380    99.600
  16     0.036162    98.972     0.022795    99.340    99.600
  17     0.034527    99.037     0.013732    99.580    99.600
  18     0.033658    99.065     0.017841    99.480    99.600
  19     0.032753    99.053     0.019444    99.430    99.600
  20     0.030591    99.160     0.014336    99.590    99.600
  21     0.031513    99.127     0.012249    99.670    99.670
  22     0.029706    99.208     0.015487    99.570    99.670
  23     0.027526    99.215     0.019204    99.410    99.670
  24     0.026714    99.253     0.013830    99.560    99.670
  25     0.026130    99.280     0.017090    99.510    99.670
  26     0.026729    99.220     0.015660    99.520    99.670
  27     0.025210    99.288     0.012720    99.640    99.670
  28     0.023950    99.333     0.013512    99.560    99.670
  29     0.023397    99.347     0.012566    99.610    99.670
  30     0.022809    99.333     0.012559    99.620    99.670
  31     0.022872    99.332     0.012644    99.550    99.670
  32     0.021444    99.368     0.012537    99.550    99.670
  33     0.019550    99.438     0.013614    99.580    99.670
  34     0.019444    99.447     0.010913    99.610    99.670
  35     0.018273    99.473     0.011370    99.630    99.670
  36     0.019684    99.437     0.011049    99.630    99.670
  37     0.017978    99.462     0.010534    99.620    99.670
  38     0.017827    99.487     0.011939    99.600    99.670
  39     0.016814    99.507     0.010926    99.680    99.680
  40     0.016391    99.545     0.013151    99.560    99.680
  41     0.015731    99.523     0.011648    99.690    99.690
  42     0.016234    99.518     0.011714    99.630    99.690
  43     0.014937    99.585     0.013597    99.590    99.690
  44     0.014160    99.568     0.010648    99.710    99.710
  45     0.015126    99.573     0.011959    99.640    99.710
  46     0.014370    99.593     0.010218    99.720    99.720
  47     0.013771    99.598     0.010164    99.650    99.720
  48     0.014072    99.593     0.010037    99.700    99.720
  49     0.013687    99.592     0.012962    99.610    99.720
  50     0.012831    99.627     0.010850    99.700    99.720
  51     0.013136    99.622     0.010393    99.690    99.720
  52     0.013424    99.600     0.009820    99.690    99.720
  53     0.011835    99.685     0.010976    99.670    99.720
  54     0.010566    99.698     0.009287    99.730    99.730
  55     0.011651    99.672     0.013165    99.640    99.730
  56     0.012129    99.623     0.009677    99.650    99.730
  57     0.010775    99.707     0.009252    99.730    99.730
  58     0.010898    99.668     0.009223    99.700    99.730
  59     0.010699    99.705     0.009467    99.740    99.740
  60     0.009801    99.697     0.009961    99.700    99.740
  61     0.009865    99.700     0.009667    99.700    99.740
  62     0.010388    99.693     0.010584    99.660    99.740
  63     0.009956    99.718     0.010012    99.750    99.750
  64     0.009717    99.723     0.010706    99.670    99.750
  65     0.008443    99.735     0.010342    99.750    99.750
  66     0.009495    99.738     0.009641    99.740    99.750
  67     0.009624    99.702     0.010195    99.690    99.750
  68     0.009007    99.737     0.008936    99.710    99.750
  69     0.008544    99.753     0.008653    99.770    99.770
  70     0.008936    99.748     0.009446    99.710    99.770
  71     0.008260    99.748     0.009815    99.740    99.770
  72     0.008193    99.770     0.010077    99.710    99.770
  73     0.008168    99.753     0.010460    99.670    99.770
  74     0.007471    99.780     0.008703    99.730    99.770
  75     0.007662    99.772     0.008867    99.770    99.770
  76     0.008112    99.768     0.009329    99.730    99.770
  77     0.007635    99.770     0.009007    99.710    99.770
  78     0.006800    99.805     0.008985    99.730    99.770
  79     0.006253    99.833     0.009953    99.660    99.770
  80     0.007038    99.777     0.008940    99.730    99.770
  81     0.006829    99.810     0.010477    99.670    99.770
  82     0.006284    99.825     0.010726    99.700    99.770
  83     0.006930    99.780     0.009969    99.680    99.770
  84     0.005413    99.837     0.009769    99.710    99.770
  85     0.005887    99.828     0.010712    99.630    99.770
  86     0.005615    99.830     0.009320    99.730    99.770
  87     0.006787    99.802     0.009618    99.740    99.770
  88     0.005695    99.838     0.010048    99.720    99.770
  89     0.005039    99.847     0.009738    99.770    99.770
  90     0.006095    99.817     0.008889    99.720    99.770
  91     0.004633    99.862     0.010144    99.690    99.770
  92     0.005844    99.823     0.009622    99.750    99.770
  93     0.004597    99.878     0.010651    99.760    99.770
  94     0.005971    99.820     0.009494    99.780    99.780
  95     0.005910    99.827     0.010239    99.700    99.780
  96     0.005041    99.865     0.010267    99.670    99.780
  97     0.003961    99.890     0.010000    99.730    99.780
  98     0.005351    99.855     0.010333    99.710    99.780
  99     0.005132    99.850     0.010083    99.700    99.780
 100     0.005211    99.823     0.010185    99.740    99.780
 101     0.005013    99.860     0.010288    99.690    99.780
 102     0.004850    99.868     0.010129    99.750    99.780
 103     0.004756    99.870     0.009830    99.760    99.780
 104     0.004255    99.880     0.010507    99.720    99.780
 105     0.004540    99.863     0.010635    99.740    99.780
 106     0.004396    99.867     0.010920    99.700    99.780
 107     0.005082    99.862     0.010713    99.700    99.780
 108     0.004299    99.867     0.009684    99.710    99.780
 109     0.004337    99.883     0.009181    99.750    99.780
 110     0.004065    99.893     0.010286    99.710    99.780
 111     0.004105    99.873     0.010036    99.740    99.780
 112     0.004336    99.897     0.010023    99.700    99.780
 113     0.004351    99.860     0.010120    99.740    99.780
 114     0.003502    99.883     0.010195    99.760    99.780
 115     0.004084    99.882     0.010831    99.730    99.780
 116     0.004849    99.862     0.009998    99.750    99.780
 117     0.004121    99.888     0.010042    99.800    99.800
 118     0.003389    99.898     0.010200    99.740    99.800
 119     0.003286    99.900     0.009664    99.760    99.800
 120     0.003497    99.902     0.010456    99.760    99.800
 121     0.004184    99.868     0.010057    99.790    99.800
 122     0.004504    99.873     0.010450    99.750    99.800
 123     0.004161    99.887     0.010089    99.740    99.800
 124     0.003691    99.898     0.010049    99.740    99.800
 125     0.003442    99.902     0.009942    99.780    99.800
 126     0.003508    99.892     0.009612    99.760    99.800
 127     0.003599    99.907     0.009615    99.680    99.800
 128     0.004241    99.880     0.009745    99.730    99.800
 129     0.003206    99.908     0.009816    99.750    99.800
 130     0.003696    99.897     0.009786    99.730    99.800
 131     0.003625    99.888     0.009904    99.740    99.800
 132     0.003042    99.918     0.010446    99.730    99.800
 133     0.003692    99.897     0.010173    99.720    99.800
 134     0.002842    99.922     0.009807    99.730    99.800
 135     0.003358    99.903     0.009654    99.710    99.800
 136     0.003405    99.908     0.009945    99.710    99.800
 137     0.002923    99.915     0.009426    99.740    99.800
 138     0.002984    99.928     0.009753    99.720    99.800
 139     0.003041    99.928     0.009582    99.740    99.800
 140     0.003283    99.910     0.009249    99.740    99.800
 141     0.002658    99.925     0.009742    99.750    99.800
 142     0.003030    99.920     0.009633    99.740    99.800
 143     0.002700    99.938     0.009573    99.690    99.800
 144     0.003128    99.920     0.010468    99.680    99.800
 145     0.002828    99.918     0.010042    99.740    99.800
 146     0.002723    99.930     0.009946    99.710    99.800
 147     0.002558    99.930     0.010001    99.760    99.800
 148     0.002522    99.928     0.010573    99.720    99.800
 149     0.002649    99.925     0.010156    99.710    99.800
