   0     0.530963    90.190     0.143092    98.910    98.910
   1     0.200162    97.353     0.083002    99.170    99.170
   2     0.134005    97.867     0.068159    99.200    99.200
   3     0.103390    98.127     0.063392    98.940    99.200
   4     0.086862    98.222     0.039767    99.240    99.240
   5     0.074515    98.405     0.055955    98.670    99.240
   6     0.069279    98.377     0.032736    99.440    99.440
   7     0.062329    98.522     0.031604    99.270    99.440
   8     0.057965    98.562     0.034957    99.140    99.440
   9     0.052615    98.677     0.033740    99.160    99.440
  10     0.048804    98.740     0.029244    99.280    99.440
  11     0.048521    98.728     0.030912    99.320    99.440
  12     0.044099    98.868     0.042571    98.960    99.440
  13     0.042582    98.827     0.031321    99.190    99.440
  14     0.042470    98.840     0.021950    99.430    99.440
  15     0.037278    98.995     0.020093    99.370    99.440
  16     0.037634    98.962     0.017362    99.460    99.460
  17     0.035244    99.030     0.034352    99.060    99.460
  18     0.033785    99.085     0.014861    99.580    99.580
  19     0.033832    99.067     0.022923    99.320    99.580
  20     0.030019    99.168     0.036280    99.000    99.580
  21     0.029773    99.175     0.030902    99.170    99.580
  22     0.028835    99.227     0.017472    99.540    99.580
  23     0.027903    99.203     0.018240    99.460    99.580
  24     0.026666    99.215     0.017872    99.470    99.580
  25     0.025174    99.283     0.011741    99.630    99.630
  26     0.026248    99.270     0.012399    99.580    99.630
  27     0.025345    99.277     0.017080    99.520    99.630
  28     0.022576    99.338     0.015241    99.570    99.630
  29     0.024485    99.298     0.020099    99.360    99.630
  30     0.022112    99.312     0.015724    99.540    99.630
  31     0.019744    99.437     0.012919    99.660    99.660
  32     0.021748    99.362     0.012241    99.530    99.660
  33     0.019192    99.447     0.014787    99.590    99.660
  34     0.018589    99.455     0.013033    99.590    99.660
  35     0.019297    99.447     0.010930    99.650    99.660
  36     0.019233    99.455     0.014685    99.640    99.660
  37     0.016930    99.505     0.014000    99.540    99.660
  38     0.017428    99.485     0.017417    99.580    99.660
  39     0.018028    99.495     0.012877    99.600    99.660
  40     0.016091    99.538     0.010893    99.640    99.660
  41     0.016422    99.522     0.011207    99.660    99.660
  42     0.015993    99.560     0.011061    99.630    99.660
  43     0.014256    99.603     0.013225    99.570    99.660
  44     0.016648    99.493     0.012797    99.550    99.660
  45     0.012982    99.648     0.014006    99.560    99.660
  46     0.014336    99.575     0.017964    99.470    99.660
  47     0.015068    99.558     0.014137    99.560    99.660
  48     0.014279    99.598     0.011556    99.610    99.660
  49     0.014210    99.577     0.010912    99.680    99.680
  50     0.011389    99.670     0.010566    99.690    99.690
  51     0.012894    99.628     0.013904    99.580    99.690
  52     0.012795    99.593     0.014135    99.540    99.690
  53     0.011111    99.685     0.011255    99.600    99.690
  54     0.010346    99.708     0.012035    99.630    99.690
  55     0.011843    99.650     0.012392    99.610    99.690
  56     0.010905    99.708     0.013459    99.620    99.690
  57     0.010279    99.723     0.011482    99.590    99.690
  58     0.011909    99.627     0.010062    99.700    99.700
  59     0.009505    99.728     0.009554    99.700    99.700
  60     0.011819    99.658     0.010621    99.660    99.700
  61     0.010546    99.677     0.011124    99.700    99.700
  62     0.010012    99.703     0.009619    99.700    99.700
  63     0.010457    99.703     0.009372    99.760    99.760
  64     0.009898    99.713     0.010745    99.670    99.760
  65     0.008925    99.763     0.009567    99.740    99.760
  66     0.008696    99.747     0.009307    99.690    99.760
  67     0.008464    99.750     0.011625    99.660    99.760
  68     0.009006    99.737     0.009643    99.690    99.760
  69     0.007758    99.775     0.010631    99.680    99.760
  70     0.007481    99.785     0.010937    99.650    99.760
  71     0.008081    99.757     0.009838    99.670    99.760
  72     0.007841    99.772     0.010190    99.670    99.760
  73     0.007905    99.770     0.012316    99.680    99.760
  74     0.006902    99.805     0.010274    99.710    99.760
  75     0.007119    99.798     0.011617    99.670    99.760
  76     0.007099    99.807     0.011469    99.680    99.760
  77     0.008246    99.768     0.010948    99.660    99.760
  78     0.007117    99.800     0.012022    99.660    99.760
  79     0.007142    99.800     0.009932    99.680    99.760
  80     0.007127    99.797     0.011376    99.660    99.760
  81     0.006590    99.805     0.010794    99.700    99.760
  82     0.006244    99.825     0.012528    99.630    99.760
  83     0.006921    99.798     0.011440    99.630    99.760
  84     0.006470    99.800     0.011526    99.640    99.760
  85     0.006840    99.803     0.013123    99.630    99.760
  86     0.006205    99.807     0.010557    99.670    99.760
  87     0.006718    99.793     0.009563    99.710    99.760
  88     0.006353    99.813     0.010143    99.690    99.760
  89     0.006106    99.820     0.011758    99.630    99.760
  90     0.006074    99.823     0.010882    99.640    99.760
  91     0.005803    99.827     0.009879    99.670    99.760
  92     0.005667    99.858     0.010853    99.660    99.760
  93     0.004949    99.862     0.009634    99.670    99.760
  94     0.005989    99.817     0.010818    99.620    99.760
  95     0.006080    99.823     0.009937    99.710    99.760
  96     0.006129    99.822     0.011104    99.650    99.760
  97     0.004897    99.882     0.010369    99.690    99.760
  98     0.004949    99.857     0.011157    99.700    99.760
  99     0.004758    99.860     0.011930    99.680    99.760
 100     0.005312    99.853     0.010168    99.710    99.760
 101     0.005535    99.837     0.009867    99.730    99.760
 102     0.004867    99.870     0.010581    99.700    99.760
 103     0.004987    99.847     0.011453    99.680    99.760
 104     0.005135    99.838     0.010896    99.710    99.760
 105     0.004147    99.875     0.010872    99.690    99.760
 106     0.004564    99.858     0.010312    99.700    99.760
 107     0.003518    99.897     0.010132    99.680    99.760
 108     0.004683    99.872     0.011397    99.710    99.760
 109     0.003723    99.893     0.011935    99.700    99.760
 110     0.004624    99.883     0.010775    99.670    99.760
 111     0.004289    99.872     0.010696    99.680    99.760
 112     0.003856    99.890     0.010324    99.710    99.760
 113     0.004502    99.857     0.012333    99.660    99.760
 114     0.004047    99.872     0.010711    99.680    99.760
 115     0.003487    99.893     0.010708    99.680    99.760
 116     0.004388    99.878     0.011259    99.660    99.760
 117     0.004007    99.900     0.011612    99.620    99.760
 118     0.004002    99.890     0.010680    99.680    99.760
 119     0.003760    99.900     0.011417    99.660    99.760
 120     0.004100    99.873     0.011367    99.690    99.760
 121     0.004047    99.880     0.010213    99.700    99.760
 122     0.003468    99.902     0.011005    99.700    99.760
 123     0.003925    99.878     0.010480    99.710    99.760
 124     0.003328    99.920     0.010742    99.680    99.760
 125     0.003997    99.875     0.010814    99.680    99.760
 126     0.003122    99.928     0.011316    99.690    99.760
 127     0.003270    99.915     0.010533    99.700    99.760
 128     0.004185    99.862     0.012132    99.630    99.760
 129     0.003406    99.908     0.011147    99.680    99.760
 130     0.003004    99.918     0.010460    99.710    99.760
 131     0.002901    99.928     0.010818    99.710    99.760
 132     0.003803    99.888     0.011266    99.680    99.760
 133     0.003401    99.905     0.012435    99.670    99.760
 134     0.002955    99.910     0.011010    99.690    99.760
 135     0.002998    99.915     0.011069    99.670    99.760
 136     0.003045    99.918     0.011264    99.680    99.760
 137     0.003055    99.912     0.012373    99.630    99.760
 138     0.003183    99.908     0.010969    99.690    99.760
 139     0.003233    99.897     0.011688    99.610    99.760
 140     0.003288    99.895     0.011184    99.700    99.760
 141     0.003129    99.907     0.012625    99.650    99.760
 142     0.003342    99.907     0.011033    99.710    99.760
 143     0.003433    99.912     0.010549    99.710    99.760
 144     0.003131    99.915     0.011006    99.720    99.760
 145     0.002939    99.922     0.011871    99.710    99.760
 146     0.002829    99.915     0.011068    99.670    99.760
 147     0.002596    99.930     0.012664    99.660    99.760
 148     0.002507    99.933     0.012597    99.650    99.760
 149     0.002939    99.917     0.012158    99.650    99.760
