   0     0.523982    90.393     0.135209    98.910    98.910
   1     0.199559    97.277     0.096618    98.890    98.910
   2     0.133332    97.833     0.078594    98.840    98.910
   3     0.104693    98.053     0.056152    99.320    99.320
   4     0.087216    98.247     0.048926    99.180    99.320
   5     0.075267    98.355     0.039713    99.330    99.330
   6     0.067254    98.477     0.045209    99.270    99.330
   7     0.062681    98.512     0.054489    98.800    99.330
   8     0.058445    98.545     0.039239    99.090    99.330
   9     0.053740    98.638     0.036223    99.260    99.330
  10     0.049707    98.738     0.208731    93.380    99.330
  11     0.044888    98.815     0.018114    99.540    99.540
  12     0.044695    98.778     0.025121    99.430    99.540
  13     0.042817    98.835     0.022182    99.450    99.540
  14     0.037859    98.968     0.024743    99.350    99.540
  15     0.037535    99.005     0.014944    99.660    99.660
  16     0.035976    99.028     0.025920    99.270    99.660
  17     0.037074    98.975     0.015327    99.610    99.660
  18     0.033081    99.080     0.035540    98.970    99.660
  19     0.031372    99.125     0.042270    98.700    99.660
  20     0.031405    99.097     0.015977    99.570    99.660
  21     0.030487    99.153     0.020212    99.440    99.660
  22     0.028113    99.195     0.012491    99.630    99.660
  23     0.028343    99.182     0.012711    99.650    99.660
  24     0.025774    99.273     0.013235    99.640    99.660
  25     0.024288    99.308     0.014438    99.600    99.660
  26     0.024713    99.297     0.013959    99.560    99.660
  27     0.024867    99.287     0.011907    99.630    99.660
  28     0.024260    99.323     0.012506    99.600    99.660
  29     0.023611    99.347     0.014408    99.540    99.660
  30     0.022271    99.382     0.010307    99.680    99.680
  31     0.020850    99.397     0.016172    99.530    99.680
  32     0.021373    99.370     0.018699    99.500    99.680
  33     0.020212    99.460     0.010100    99.690    99.690
  34     0.019755    99.463     0.014501    99.550    99.690
  35     0.018698    99.447     0.011525    99.630    99.690
  36     0.019085    99.422     0.010917    99.660    99.690
  37     0.016926    99.513     0.016877    99.510    99.690
  38     0.018502    99.463     0.012847    99.620    99.690
  39     0.016277    99.542     0.010691    99.660    99.690
  40     0.016911    99.517     0.009960    99.690    99.690
  41     0.017365    99.487     0.010269    99.690    99.690
  42     0.014151    99.588     0.011034    99.710    99.710
  43     0.014477    99.575     0.012940    99.590    99.710
  44     0.015516    99.525     0.011258    99.660    99.710
  45     0.014925    99.560     0.010012    99.710    99.710
  46     0.013726    99.590     0.011085    99.680    99.710
  47     0.013343    99.608     0.013293    99.650    99.710
  48     0.013831    99.583     0.010037    99.670    99.710
  49     0.012900    99.620     0.014459    99.620    99.710
  50     0.012760    99.643     0.013307    99.550    99.710
  51     0.012333    99.640     0.010810    99.610    99.710
  52     0.012371    99.650     0.010004    99.680    99.710
  53     0.012355    99.633     0.011244    99.660    99.710
  54     0.012183    99.640     0.010941    99.660    99.710
  55     0.011255    99.665     0.010933    99.620    99.710
  56     0.010868    99.673     0.011807    99.580    99.710
  57     0.011139    99.672     0.010505    99.630    99.710
  58     0.010597    99.695     0.013069    99.610    99.710
  59     0.009118    99.762     0.010031    99.660    99.710
  60     0.009358    99.727     0.010580    99.660    99.710
  61     0.010408    99.678     0.011325    99.640    99.710
  62     0.010612    99.665     0.012380    99.650    99.710
  63     0.009817    99.732     0.011517    99.660    99.710
  64     0.008849    99.733     0.009532    99.740    99.740
  65     0.009678    99.715     0.010491    99.670    99.740
  66     0.009122    99.722     0.011951    99.670    99.740
  67     0.008686    99.750     0.012576    99.580    99.740
  68     0.008343    99.743     0.010752    99.620    99.740
  69     0.008220    99.770     0.011281    99.650    99.740
  70     0.008915    99.753     0.012644    99.610    99.740
  71     0.007645    99.775     0.012951    99.690    99.740
  72     0.008046    99.778     0.011944    99.590    99.740
  73     0.007499    99.787     0.011684    99.620    99.740
  74     0.007249    99.797     0.011949    99.640    99.740
  75     0.007231    99.793     0.012486    99.670    99.740
  76     0.007552    99.795     0.012398    99.590    99.740
  77     0.007437    99.785     0.012612    99.600    99.740
  78     0.007653    99.787     0.014028    99.560    99.740
  79     0.006499    99.808     0.011157    99.630    99.740
  80     0.006634    99.818     0.011605    99.680    99.740
  81     0.007099    99.768     0.010242    99.660    99.740
  82     0.006896    99.798     0.010261    99.690    99.740
  83     0.006984    99.782     0.010663    99.680    99.740
  84     0.006546    99.822     0.010608    99.630    99.740
  85     0.006171    99.813     0.012006    99.620    99.740
  86     0.006509    99.802     0.010160    99.700    99.740
  87     0.005962    99.818     0.010791    99.680    99.740
  88     0.006494    99.832     0.011199    99.640    99.740
  89     0.006208    99.815     0.011601    99.640    99.740
  90     0.006116    99.795     0.012575    99.640    99.740
  91     0.005537    99.843     0.010707    99.680    99.740
  92     0.005036    99.865     0.011491    99.660    99.740
  93     0.004530    99.867     0.011264    99.680    99.740
  94     0.005607    99.845     0.011828    99.710    99.740
  95     0.005665    99.820     0.011023    99.710    99.740
  96     0.004895    99.842     0.011690    99.660    99.740
  97     0.005389    99.823     0.012459    99.620    99.740
  98     0.005902    99.840     0.013246    99.620    99.740
  99     0.004429    99.880     0.012237    99.640    99.740
 100     0.004558    99.862     0.013012    99.650    99.740
 101     0.004671    99.882     0.011898    99.670    99.740
 102     0.004474    99.875     0.011568    99.680    99.740
 103     0.004769    99.860     0.011513    99.640    99.740
 104     0.005123    99.832     0.011112    99.660    99.740
 105     0.005181    99.835     0.012536    99.680    99.740
 106     0.004666    99.877     0.012028    99.660    99.740
 107     0.004167    99.872     0.010565    99.660    99.740
 108     0.004063    99.892     0.011673    99.660    99.740
 109     0.004045    99.882     0.011300    99.690    99.740
 110     0.004062    99.888     0.010725    99.720    99.740
 111     0.004486    99.855     0.011773    99.670    99.740
 112     0.003804    99.898     0.011757    99.680    99.740
 113     0.004176    99.892     0.013276    99.620    99.740
 114     0.004027    99.877     0.012119    99.640    99.740
 115     0.003961    99.888     0.010700    99.660    99.740
 116     0.003641    99.890     0.010711    99.690    99.740
 117     0.004047    99.878     0.012228    99.640    99.740
 118     0.003734    99.882     0.011397    99.660    99.740
 119     0.003867    99.893     0.011817    99.690    99.740
 120     0.003334    99.900     0.010923    99.680    99.740
 121     0.003712    99.888     0.012118    99.640    99.740
 122     0.003619    99.883     0.011106    99.670    99.740
 123     0.003341    99.917     0.011646    99.660    99.740
 124     0.003799    99.898     0.011976    99.640    99.740
 125     0.003848    99.875     0.012610    99.650    99.740
 126     0.003552    99.902     0.012933    99.650    99.740
 127     0.003582    99.890     0.012109    99.660    99.740
 128     0.003097    99.912     0.011695    99.680    99.740
 129     0.003616    99.893     0.011880    99.670    99.740
 130     0.003410    99.902     0.011538    99.690    99.740
 131     0.003177    99.907     0.011614    99.690    99.740
 132     0.003231    99.902     0.011801    99.690    99.740
 133     0.003347    99.912     0.011859    99.680    99.740
 134     0.003059    99.910     0.012492    99.690    99.740
 135     0.003251    99.910     0.010913    99.690    99.740
 136     0.003056    99.912     0.012863    99.640    99.740
 137     0.003052    99.905     0.011716    99.690    99.740
 138     0.003092    99.907     0.012235    99.690    99.740
 139     0.002947    99.923     0.010728    99.700    99.740
 140     0.002818    99.922     0.011489    99.690    99.740
 141     0.003317    99.892     0.010685    99.720    99.740
 142     0.003421    99.907     0.011051    99.680    99.740
 143     0.002683    99.927     0.010909    99.680    99.740
 144     0.002746    99.927     0.012327    99.700    99.740
 145     0.003036    99.892     0.013331    99.670    99.740
 146     0.003324    99.900     0.013011    99.660    99.740
 147     0.002869    99.918     0.012857    99.660    99.740
 148     0.002544    99.928     0.011904    99.700    99.740
 149     0.002321    99.942     0.011594    99.710    99.740
