   0     0.525332    90.130     0.123312    99.020    99.020
   1     0.200870    97.275     0.074764    99.150    99.150
   2     0.134586    97.790     0.058568    99.230    99.230
   3     0.105930    98.028     0.063372    99.210    99.230
   4     0.087493    98.203     0.043980    99.040    99.230
   5     0.075160    98.408     0.031311    99.320    99.320
   6     0.067045    98.448     0.079797    97.770    99.320
   7     0.061700    98.480     0.192118    93.680    99.320
   8     0.058493    98.560     0.020618    99.520    99.520
   9     0.052047    98.665     0.018782    99.640    99.640
  10     0.049244    98.748     0.019073    99.530    99.640
  11     0.047217    98.745     0.020227    99.440    99.640
  12     0.044275    98.863     0.023630    99.350    99.640
  13     0.044650    98.797     0.020422    99.550    99.640
  14     0.040662    98.905     0.031168    99.150    99.640
  15     0.038069    98.957     0.017294    99.510    99.640
  16     0.036066    99.022     0.016192    99.530    99.640
  17     0.035512    99.025     0.022021    99.350    99.640
  18     0.034936    99.028     0.020578    99.470    99.640
  19     0.031354    99.110     0.012714    99.630    99.640
  20     0.031873    99.095     0.014508    99.590    99.640
  21     0.030878    99.082     0.026841    99.260    99.640
  22     0.027569    99.235     0.013917    99.550    99.640
  23     0.029623    99.142     0.017645    99.470    99.640
  24     0.026484    99.242     0.013128    99.630    99.640
  25     0.023700    99.357     0.013659    99.580    99.640
  26     0.024449    99.315     0.014068    99.590    99.640
  27     0.025318    99.287     0.010964    99.720    99.720
  28     0.022587    99.352     0.015624    99.440    99.720
  29     0.021983    99.377     0.011941    99.670    99.720
  30     0.021136    99.383     0.011520    99.640    99.720
  31     0.020316    99.408     0.014526    99.590    99.720
  32     0.022030    99.385     0.011862    99.650    99.720
  33     0.020035    99.413     0.012405    99.670    99.720
  34     0.018913    99.455     0.010428    99.690    99.720
  35     0.019465    99.425     0.013001    99.550    99.720
  36     0.019536    99.458     0.015364    99.650    99.720
  37     0.018524    99.453     0.009096    99.790    99.790
  38     0.018032    99.480     0.012148    99.640    99.790
  39     0.016266    99.500     0.009142    99.730    99.790
  40     0.017124    99.530     0.009996    99.700    99.790
  41     0.015250    99.557     0.009879    99.760    99.790
  42     0.016007    99.528     0.009483    99.700    99.790
  43     0.016321    99.537     0.009298    99.740    99.790
  44     0.015470    99.547     0.009190    99.750    99.790
  45     0.014291    99.567     0.008714    99.700    99.790
  46     0.014841    99.572     0.009285    99.750    99.790
  47     0.013273    99.633     0.008640    99.750    99.790
  48     0.013055    99.615     0.010925    99.660    99.790
  49     0.013896    99.607     0.009833    99.720    99.790
  50     0.012228    99.615     0.008757    99.740    99.790
  51     0.013719    99.612     0.011848    99.660    99.790
  52     0.012138    99.618     0.011721    99.630    99.790
  53     0.011528    99.668     0.014461    99.590    99.790
  54     0.011703    99.647     0.008708    99.670    99.790
  55     0.010391    99.708     0.012428    99.680    99.790
  56     0.011072    99.677     0.010072    99.660    99.790
  57     0.010276    99.698     0.009112    99.760    99.790
  58     0.011215    99.668     0.011480    99.660    99.790
  59     0.011287    99.677     0.009482    99.720    99.790
  60     0.010065    99.702     0.009399    99.740    99.790
  61     0.010209    99.727     0.010105    99.710    99.790
  62     0.009225    99.733     0.009701    99.740    99.790
  63     0.010003    99.665     0.010555    99.720    99.790
  64     0.008626    99.748     0.009198    99.740    99.790
  65     0.008512    99.740     0.010106    99.750    99.790
  66     0.008950    99.737     0.011238    99.720    99.790
  67     0.007855    99.785     0.011153    99.710    99.790
  68     0.007988    99.737     0.009431    99.750    99.790
  69     0.007871    99.760     0.009627    99.750    99.790
  70     0.008962    99.725     0.012149    99.640    99.790
  71     0.007556    99.772     0.010277    99.690    99.790
  72     0.008287    99.762     0.008753    99.720    99.790
  73     0.007508    99.792     0.009439    99.720    99.790
  74     0.007857    99.763     0.011062    99.690    99.790
  75     0.007740    99.778     0.010195    99.700    99.790
  76     0.007567    99.793     0.010263    99.710    99.790
  77     0.007363    99.792     0.009447    99.720    99.790
  78     0.007006    99.798     0.009915    99.700    99.790
  79     0.006501    99.825     0.011129    99.670    99.790
  80     0.007275    99.787     0.009676    99.710    99.790
  81     0.006677    99.807     0.011148    99.670    99.790
  82     0.006644    99.802     0.011255    99.700    99.790
  83     0.005798    99.832     0.009650    99.740    99.790
  84     0.006507    99.810     0.010111    99.700    99.790
  85     0.006017    99.815     0.011126    99.680    99.790
  86     0.006945    99.805     0.010030    99.710    99.790
  87     0.005835    99.835     0.011528    99.680    99.790
  88     0.006503    99.807     0.011315    99.680    99.790
  89     0.005172    99.853     0.010900    99.700    99.790
  90     0.006137    99.822     0.010441    99.700    99.790
  91     0.005605    99.830     0.011352    99.690    99.790
  92     0.005581    99.833     0.011410    99.730    99.790
  93     0.005223    99.838     0.011851    99.730    99.790
  94     0.005579    99.832     0.010310    99.730    99.790
  95     0.005409    99.852     0.011002    99.710    99.790
  96     0.004326    99.887     0.011627    99.710    99.790
  97     0.005103    99.855     0.010878    99.730    99.790
  98     0.005074    99.857     0.009562    99.750    99.790
  99     0.005197    99.840     0.009770    99.750    99.790
 100     0.005100    99.832     0.010788    99.740    99.790
 101     0.004605    99.867     0.009797    99.760    99.790
 102     0.004666    99.873     0.010652    99.740    99.790
 103     0.004900    99.877     0.009727    99.780    99.790
 104     0.004673    99.875     0.010574    99.690    99.790
 105     0.004530    99.878     0.010558    99.720    99.790
 106     0.004461    99.882     0.010076    99.720    99.790
 107     0.004589    99.882     0.010712    99.720    99.790
 108     0.004649    99.872     0.010751    99.700    99.790
 109     0.004391    99.868     0.011904    99.690    99.790
 110     0.004522    99.892     0.011631    99.720    99.790
 111     0.004019    99.892     0.011494    99.740    99.790
 112     0.003523    99.910     0.011165    99.720    99.790
 113     0.003908    99.893     0.011461    99.670    99.790
 114     0.003870    99.895     0.010982    99.710    99.790
 115     0.003988    99.888     0.010642    99.690    99.790
 116     0.004213    99.875     0.011447    99.700    99.790
 117     0.003563    99.903     0.012438    99.700    99.790
 118     0.003822    99.897     0.010683    99.720    99.790
 119     0.003637    99.883     0.010617    99.710    99.790
 120     0.003489    99.898     0.011758    99.660    99.790
 121     0.003498    99.900     0.010628    99.720    99.790
 122     0.003638    99.898     0.011082    99.720    99.790
 123     0.003391    99.902     0.010704    99.750    99.790
 124     0.003037    99.923     0.010577    99.760    99.790
 125     0.003456    99.895     0.010460    99.750    99.790
 126     0.003308    99.918     0.011948    99.700    99.790
 127     0.002921    99.928     0.011289    99.740    99.790
 128     0.003472    99.903     0.011591    99.690    99.790
 129     0.003666    99.893     0.010512    99.720    99.790
 130     0.003617    99.898     0.010552    99.720    99.790
 131     0.003255    99.923     0.011734    99.710    99.790
 132     0.003126    99.907     0.011927    99.730    99.790
 133     0.002475    99.927     0.011852    99.720    99.790
 134     0.003343    99.902     0.012105    99.690    99.790
 135     0.002909    99.928     0.011469    99.720    99.790
 136     0.003166    99.905     0.010712    99.740    99.790
 137     0.002521    99.940     0.009946    99.760    99.790
 138     0.002992    99.925     0.011045    99.730    99.790
 139     0.002653    99.932     0.010709    99.740    99.790
 140     0.002886    99.915     0.011279    99.750    99.790
 141     0.002753    99.940     0.010850    99.710    99.790
 142     0.002588    99.925     0.011564    99.720    99.790
 143     0.002630    99.932     0.011369    99.730    99.790
 144     0.003299    99.910     0.012032    99.700    99.790
 145     0.003014    99.922     0.012225    99.680    99.790
 146     0.002594    99.923     0.011681    99.740    99.790
 147     0.003012    99.923     0.012023    99.680    99.790
 148     0.002742    99.940     0.012310    99.690    99.790
 149     0.002808    99.925     0.011702    99.700    99.790
