   0     0.517699    90.620     0.123777    98.930    98.930
   1     0.198325    97.242     0.072201    99.170    99.170
   2     0.134242    97.788     0.119685    97.720    99.170
   3     0.102383    98.152     0.047516    99.470    99.470
   4     0.087926    98.180     0.046412    99.140    99.470
   5     0.076010    98.362     0.033897    99.290    99.470
   6     0.065401    98.477     0.081576    98.460    99.470
   7     0.060782    98.547     0.028000    99.530    99.530
   8     0.055684    98.707     0.027595    99.420    99.530
   9     0.053584    98.658     0.034245    99.190    99.530
  10     0.047522    98.755     0.136433    96.270    99.530
  11     0.047707    98.738     0.027513    99.390    99.530
  12     0.044078    98.795     0.018038    99.500    99.530
  13     0.044510    98.793     0.022996    99.300    99.530
  14     0.039544    98.937     0.020879    99.460    99.530
  15     0.039967    98.873     0.022738    99.420    99.530
  16     0.036955    98.952     0.014588    99.630    99.630
  17     0.032962    99.092     0.013208    99.610    99.630
  18     0.033501    99.105     0.024171    99.450    99.630
  19     0.033337    99.043     0.020786    99.580    99.630
  20     0.031730    99.117     0.019296    99.500    99.630
  21     0.028351    99.225     0.016114    99.580    99.630
  22     0.029736    99.192     0.016914    99.600    99.630
  23     0.027293    99.232     0.014140    99.650    99.650
  24     0.025394    99.302     0.013009    99.580    99.650
  25     0.025050    99.247     0.012815    99.610    99.650
  26     0.027480    99.230     0.018405    99.480    99.650
  27     0.024706    99.273     0.013853    99.620    99.650
  28     0.023371    99.298     0.015169    99.530    99.650
  29     0.024747    99.293     0.010353    99.680    99.680
  30     0.020732    99.410     0.011898    99.630    99.680
  31     0.021327    99.397     0.017584    99.520    99.680
  32     0.019590    99.410     0.010766    99.680    99.680
  33     0.020276    99.407     0.012585    99.660    99.680
  34     0.019295    99.460     0.015184    99.490    99.680
  35     0.018601    99.507     0.014533    99.570    99.680
  36     0.018948    99.432     0.011398    99.680    99.680
  37     0.018605    99.430     0.011278    99.660    99.680
  38     0.018773    99.422     0.010985    99.650    99.680
  39     0.016461    99.538     0.011862    99.660    99.680
  40     0.015396    99.572     0.011066    99.620    99.680
  41     0.017126    99.495     0.010691    99.610    99.680
  42     0.016334    99.537     0.011885    99.670    99.680
  43     0.015318    99.550     0.012788    99.590    99.680
  44     0.014668    99.558     0.010243    99.660    99.680
  45     0.014615    99.560     0.012151    99.620    99.680
  46     0.014219    99.575     0.016621    99.560    99.680
  47     0.013977    99.597     0.011279    99.690    99.690
  48     0.013072    99.638     0.010504    99.680    99.690
  49     0.013960    99.565     0.011432    99.660    99.690
  50     0.012351    99.628     0.010505    99.730    99.730
  51     0.012453    99.653     0.010314    99.720    99.730
  52     0.011723    99.663     0.012210    99.690    99.730
  53     0.011986    99.677     0.012836    99.600    99.730
  54     0.011050    99.683     0.009569    99.750    99.750
  55     0.011953    99.657     0.011107    99.720    99.750
  56     0.010706    99.687     0.011408    99.700    99.750
  57     0.011533    99.637     0.014061    99.640    99.750
  58     0.009925    99.735     0.011886    99.690    99.750
  59     0.010973    99.672     0.010443    99.640    99.750
  60     0.010005    99.707     0.010301    99.690    99.750
  61     0.009587    99.713     0.011299    99.730    99.750
  62     0.009944    99.715     0.012398    99.670    99.750
  63     0.009013    99.732     0.010810    99.710    99.750
  64     0.009502    99.728     0.009638    99.710    99.750
  65     0.009233    99.710     0.011191    99.700    99.750
  66     0.008005    99.768     0.011697    99.650    99.750
  67     0.009183    99.723     0.010995    99.690    99.750
  68     0.008618    99.753     0.011484    99.640    99.750
  69     0.008757    99.740     0.010626    99.670    99.750
  70     0.008275    99.755     0.009056    99.740    99.750
  71     0.008539    99.748     0.010529    99.680    99.750
  72     0.006918    99.793     0.011648    99.740    99.750
  73     0.007238    99.783     0.010226    99.700    99.750
  74     0.007405    99.770     0.009607    99.750    99.750
  75     0.007861    99.772     0.010567    99.680    99.750
  76     0.007088    99.787     0.010288    99.700    99.750
  77     0.006346    99.828     0.010565    99.710    99.750
  78     0.006399    99.827     0.010676    99.730    99.750
  79     0.006387    99.825     0.009839    99.710    99.750
  80     0.007446    99.788     0.010845    99.640    99.750
  81     0.006238    99.812     0.011668    99.660    99.750
  82     0.006272    99.817     0.011573    99.670    99.750
  83     0.005740    99.823     0.012557    99.630    99.750
  84     0.004460    99.878     0.011621    99.710    99.750
  85     0.006253    99.813     0.010074    99.710    99.750
  86     0.005996    99.842     0.014178    99.640    99.750
  87     0.006567    99.813     0.011344    99.710    99.750
  88     0.006031    99.813     0.010885    99.670    99.750
  89     0.005882    99.848     0.011303    99.680    99.750
  90     0.005570    99.837     0.010955    99.670    99.750
  91     0.005166    99.847     0.010825    99.680    99.750
  92     0.005179    99.833     0.010481    99.670    99.750
  93     0.005783    99.850     0.011143    99.660    99.750
  94     0.005737    99.837     0.010051    99.690    99.750
  95     0.004689    99.860     0.011813    99.660    99.750
  96     0.004780    99.863     0.012563    99.670    99.750
  97     0.005438    99.838     0.011907    99.700    99.750
  98     0.005195    99.852     0.012198    99.660    99.750
  99     0.005517    99.842     0.011287    99.690    99.750
 100     0.004740    99.855     0.012540    99.650    99.750
 101     0.004738    99.865     0.012115    99.690    99.750
 102     0.004355    99.867     0.012165    99.650    99.750
 103     0.004571    99.872     0.011728    99.690    99.750
 104     0.004566    99.858     0.011591    99.700    99.750
 105     0.004557    99.860     0.012626    99.670    99.750
 106     0.004196    99.878     0.011673    99.660    99.750
 107     0.004005    99.882     0.012425    99.680    99.750
 108     0.004771    99.868     0.012662    99.630    99.750
 109     0.004261    99.865     0.012070    99.680    99.750
 110     0.003302    99.910     0.012345    99.680    99.750
 111     0.004408    99.877     0.012616    99.700    99.750
 112     0.003744    99.898     0.011860    99.690    99.750
 113     0.003592    99.910     0.011716    99.660    99.750
 114     0.003645    99.898     0.013173    99.650    99.750
 115     0.004217    99.877     0.012767    99.630    99.750
 116     0.004030    99.878     0.012768    99.670    99.750
 117     0.003737    99.912     0.012816    99.640    99.750
 118     0.003737    99.898     0.012735    99.640    99.750
 119     0.003301    99.912     0.012690    99.660    99.750
 120     0.003620    99.898     0.012775    99.670    99.750
 121     0.003382    99.903     0.012927    99.670    99.750
 122     0.002959    99.922     0.012588    99.670    99.750
 123     0.003664    99.897     0.012748    99.670    99.750
 124     0.003175    99.925     0.012442    99.660    99.750
 125     0.003549    99.895     0.013665    99.620    99.750
 126     0.004019    99.867     0.012516    99.650    99.750
 127     0.003469    99.915     0.011729    99.660    99.750
 128     0.003425    99.905     0.011728    99.620    99.750
 129     0.003155    99.922     0.012634    99.620    99.750
 130     0.003429    99.900     0.012372    99.650    99.750
 131     0.003409    99.905     0.011710    99.680    99.750
 132     0.002837    99.925     0.012354    99.660    99.750
 133     0.003472    99.905     0.012173    99.630    99.750
 134     0.003083    99.918     0.013058    99.660    99.750
 135     0.003262    99.913     0.012720    99.670    99.750
 136     0.002981    99.915     0.013205    99.630    99.750
 137     0.002618    99.932     0.012323    99.650    99.750
 138     0.003095    99.917     0.012193    99.630    99.750
 139     0.002469    99.937     0.012280    99.670    99.750
 140     0.002995    99.927     0.013150    99.650    99.750
 141     0.003226    99.902     0.012645    99.660    99.750
 142     0.003172    99.912     0.012795    99.680    99.750
 143     0.002550    99.942     0.012317    99.670    99.750
 144     0.002628    99.923     0.012654    99.660    99.750
 145     0.003248    99.908     0.012207    99.670    99.750
 146     0.002845    99.922     0.011579    99.680    99.750
 147     0.003273    99.908     0.011993    99.670    99.750
 148     0.002385    99.925     0.012941    99.630    99.750
 149     0.002622    99.935     0.011631    99.670    99.750
