   0     0.530312    90.122     0.132450    99.010    99.010
   1     0.200603    97.283     0.100454    98.910    99.010
   2     0.138011    97.692     0.185059    96.610    99.010
   3     0.103559    98.152     0.036022    99.460    99.460
   4     0.086974    98.218     0.039082    99.340    99.460
   5     0.078054    98.245     0.041074    99.260    99.460
   6     0.068713    98.445     0.051670    98.900    99.460
   7     0.061466    98.550     0.036584    99.130    99.460
   8     0.058677    98.497     0.032262    99.230    99.460
   9     0.053081    98.638     0.020095    99.560    99.560
  10     0.049430    98.753     0.023600    99.480    99.560
  11     0.047703    98.718     0.029723    99.380    99.560
  12     0.045422    98.738     0.027521    99.280    99.560
  13     0.040764    98.888     0.035211    99.120    99.560
  14     0.040360    98.918     0.020635    99.540    99.560
  15     0.039051    98.952     0.019917    99.420    99.560
  16     0.037499    98.948     0.031189    99.190    99.560
  17     0.035375    99.032     0.017434    99.500    99.560
  18     0.031448    99.112     0.058095    98.250    99.560
  19     0.032473    99.128     0.017023    99.580    99.580
  20     0.031199    99.130     0.017577    99.500    99.580
  21     0.030702    99.152     0.016260    99.510    99.580
  22     0.028041    99.177     0.014751    99.540    99.580
  23     0.027366    99.193     0.021221    99.360    99.580
  24     0.027374    99.227     0.017420    99.480    99.580
  25     0.025110    99.277     0.012709    99.630    99.630
  26     0.024261    99.317     0.015805    99.470    99.630
  27     0.024381    99.308     0.012732    99.620    99.630
  28     0.023897    99.342     0.013670    99.570    99.630
  29     0.022819    99.340     0.013123    99.640    99.640
  30     0.021495    99.395     0.011185    99.670    99.670
  31     0.021503    99.362     0.028604    99.180    99.670
  32     0.019956    99.410     0.010820    99.680    99.680
  33     0.021485    99.408     0.011923    99.660    99.680
  34     0.019232    99.457     0.010296    99.650    99.680
  35     0.018198    99.430     0.014470    99.570    99.680
  36     0.018322    99.492     0.012122    99.660    99.680
  37     0.017725    99.507     0.011437    99.670    99.680
  38     0.016017    99.538     0.010371    99.620    99.680
  39     0.017093    99.505     0.014988    99.550    99.680
  40     0.016437    99.513     0.015665    99.540    99.680
  41     0.015795    99.548     0.010968    99.660    99.680
  42     0.015934    99.548     0.011788    99.640    99.680
  43     0.015188    99.580     0.014182    99.580    99.680
  44     0.014128    99.570     0.011419    99.660    99.680
  45     0.014264    99.580     0.012088    99.660    99.680
  46     0.013900    99.623     0.010967    99.710    99.710
  47     0.014293    99.562     0.011468    99.710    99.710
  48     0.013076    99.613     0.011880    99.650    99.710
  49     0.012340    99.658     0.012618    99.590    99.710
  50     0.012632    99.633     0.009484    99.800    99.800
  51     0.011592    99.657     0.011750    99.620    99.800
  52     0.011682    99.667     0.010425    99.710    99.800
  53     0.013562    99.620     0.010910    99.690    99.800
  54     0.011014    99.687     0.010486    99.680    99.800
  55     0.011525    99.685     0.009736    99.670    99.800
  56     0.010843    99.670     0.010817    99.680    99.800
  57     0.010540    99.700     0.013029    99.590    99.800
  58     0.009837    99.732     0.009627    99.660    99.800
  59     0.009999    99.715     0.010570    99.670    99.800
  60     0.009289    99.760     0.010561    99.740    99.800
  61     0.010500    99.700     0.010519    99.710    99.800
  62     0.010313    99.707     0.010378    99.680    99.800
  63     0.010252    99.705     0.011868    99.600    99.800
  64     0.008984    99.730     0.010051    99.720    99.800
  65     0.009252    99.735     0.009380    99.760    99.800
  66     0.008807    99.727     0.008432    99.790    99.800
  67     0.008843    99.733     0.008375    99.750    99.800
  68     0.008649    99.753     0.008926    99.680    99.800
  69     0.008964    99.708     0.010648    99.710    99.800
  70     0.007727    99.787     0.008958    99.740    99.800
  71     0.008407    99.757     0.010950    99.700    99.800
  72     0.007493    99.787     0.008625    99.770    99.800
  73     0.007674    99.770     0.009263    99.730    99.800
  74     0.007833    99.772     0.008878    99.730    99.800
  75     0.006876    99.810     0.011713    99.680    99.800
  76     0.007771    99.780     0.008136    99.780    99.800
  77     0.007443    99.783     0.010603    99.670    99.800
  78     0.006554    99.813     0.008606    99.770    99.800
  79     0.006458    99.818     0.010486    99.690    99.800
  80     0.006195    99.805     0.009729    99.720    99.800
  81     0.007088    99.797     0.010393    99.740    99.800
  82     0.006121    99.833     0.009901    99.750    99.800
  83     0.005572    99.848     0.009057    99.750    99.800
  84     0.005715    99.837     0.010121    99.750    99.800
  85     0.006171    99.812     0.010257    99.690    99.800
  86     0.005672    99.847     0.011181    99.680    99.800
  87     0.006059    99.808     0.011970    99.670    99.800
  88     0.006690    99.813     0.009828    99.750    99.800
  89     0.006674    99.803     0.008713    99.730    99.800
  90     0.005565    99.847     0.009574    99.740    99.800
  91     0.005946    99.838     0.009426    99.710    99.800
  92     0.004670    99.865     0.010380    99.720    99.800
  93     0.005032    99.865     0.009116    99.760    99.800
  94     0.005329    99.855     0.009338    99.740    99.800
  95     0.005723    99.838     0.009599    99.730    99.800
  96     0.004826    99.875     0.011753    99.730    99.800
  97     0.004620    99.877     0.010089    99.680    99.800
  98     0.004682    99.847     0.009495    99.690    99.800
  99     0.003968    99.892     0.010055    99.680    99.800
 100     0.005245    99.858     0.010550    99.710    99.800
 101     0.003949    99.907     0.010813    99.720    99.800
 102     0.004748    99.860     0.010868    99.720    99.800
 103     0.004963    99.865     0.010300    99.740    99.800
 104     0.004668    99.877     0.010834    99.700    99.800
 105     0.004092    99.875     0.010957    99.710    99.800
 106     0.004524    99.863     0.010118    99.720    99.800
 107     0.004083    99.888     0.010019    99.730    99.800
 108     0.004179    99.863     0.009795    99.700    99.800
 109     0.003770    99.898     0.010869    99.710    99.800
 110     0.004295    99.875     0.010720    99.700    99.800
 111     0.004043    99.878     0.010399    99.690    99.800
 112     0.004238    99.903     0.010628    99.760    99.800
 113     0.003376    99.913     0.010316    99.690    99.800
 114     0.003659    99.892     0.011228    99.660    99.800
 115     0.004054    99.887     0.010669    99.690    99.800
 116     0.003393    99.912     0.009971    99.730    99.800
 117     0.003412    99.897     0.010735    99.740    99.800
 118     0.004117    99.883     0.011365    99.690    99.800
 119     0.003762    99.885     0.011138    99.670    99.800
 120     0.003650    99.905     0.012501    99.710    99.800
 121     0.003723    99.897     0.011409    99.740    99.800
 122     0.003315    99.888     0.010934    99.740    99.800
 123     0.003346    99.910     0.011052    99.670    99.800
 124     0.003234    99.908     0.009907    99.740    99.800
 125     0.003126    99.910     0.011288    99.690    99.800
 126     0.003038    99.930     0.010341    99.690    99.800
 127     0.003412    99.915     0.010418    99.710    99.800
 128     0.003242    99.912     0.010374    99.720    99.800
 129     0.003645    99.902     0.009671    99.750    99.800
 130     0.003466    99.908     0.009473    99.720    99.800
 131     0.002983    99.918     0.010532    99.700    99.800
 132     0.003069    99.913     0.011346    99.700    99.800
 133     0.003219    99.898     0.011153    99.730    99.800
 134     0.003038    99.922     0.010313    99.710    99.800
 135     0.003060    99.910     0.010994    99.730    99.800
 136     0.002789    99.922     0.010636    99.750    99.800
 137     0.002887    99.920     0.009862    99.710    99.800
 138     0.002891    99.918     0.010362    99.730    99.800
 139     0.003199    99.910     0.010240    99.730    99.800
 140     0.003056    99.910     0.010560    99.710    99.800
 141     0.002995    99.922     0.010353    99.740    99.800
 142     0.002703    99.927     0.009597    99.710    99.800
 143     0.003137    99.913     0.010404    99.700    99.800
 144     0.002730    99.930     0.010207    99.710    99.800
 145     0.002602    99.917     0.010727    99.720    99.800
 146     0.002539    99.935     0.011524    99.720    99.800
 147     0.002529    99.932     0.010788    99.710    99.800
 148     0.002673    99.933     0.011303    99.720    99.800
 149     0.002978    99.920     0.010656    99.700    99.800
