   0     0.530015    90.208     0.123977    98.700    98.700
   1     0.200018    97.277     0.085065    99.110    99.110
   2     0.133656    97.840     0.056312    99.300    99.300
   3     0.104653    98.065     0.038948    99.270    99.300
   4     0.085046    98.338     0.032447    99.500    99.500
   5     0.073985    98.363     0.040100    99.200    99.500
   6     0.068523    98.418     0.049605    98.850    99.500
   7     0.063024    98.482     0.031367    99.410    99.500
   8     0.057466    98.552     0.029565    99.390    99.500
   9     0.053576    98.600     0.024113    99.490    99.500
  10     0.050166    98.660     0.016519    99.570    99.570
  11     0.046782    98.807     0.024257    99.380    99.570
  12     0.044233    98.835     0.020133    99.540    99.570
  13     0.042157    98.830     0.022351    99.420    99.570
  14     0.041569    98.895     0.054983    98.270    99.570
  15     0.038612    98.940     0.029821    99.280    99.570
  16     0.036073    99.050     0.023866    99.340    99.570
  17     0.033358    99.085     0.020118    99.450    99.570
  18     0.035154    99.047     0.019898    99.530    99.570
  19     0.033904    99.063     0.026630    99.210    99.570
  20     0.031654    99.123     0.022670    99.410    99.570
  21     0.030290    99.128     0.023419    99.310    99.570
  22     0.028929    99.202     0.017315    99.480    99.570
  23     0.027789    99.200     0.015532    99.550    99.570
  24     0.027602    99.237     0.020680    99.450    99.570
  25     0.024466    99.303     0.012176    99.650    99.650
  26     0.026172    99.245     0.012458    99.580    99.650
  27     0.026047    99.230     0.015056    99.560    99.650
  28     0.024323    99.305     0.014339    99.550    99.650
  29     0.023599    99.300     0.016117    99.530    99.650
  30     0.023039    99.303     0.018485    99.410    99.650
  31     0.022171    99.348     0.013033    99.620    99.650
  32     0.021032    99.398     0.012284    99.670    99.670
  33     0.021920    99.378     0.014102    99.630    99.670
  34     0.019250    99.458     0.022322    99.380    99.670
  35     0.019237    99.477     0.013534    99.640    99.670
  36     0.017876    99.502     0.015187    99.580    99.670
  37     0.019433    99.472     0.012544    99.620    99.670
  38     0.019015    99.442     0.011500    99.690    99.690
  39     0.015444    99.552     0.011052    99.720    99.720
  40     0.016172    99.530     0.010115    99.640    99.720
  41     0.016061    99.525     0.012695    99.580    99.720
  42     0.014931    99.573     0.013573    99.640    99.720
  43     0.015472    99.552     0.011659    99.660    99.720
  44     0.016286    99.518     0.013616    99.640    99.720
  45     0.013982    99.580     0.011796    99.680    99.720
  46     0.013476    99.633     0.011488    99.680    99.720
  47     0.014748    99.562     0.013394    99.640    99.720
  48     0.014051    99.598     0.010931    99.700    99.720
  49     0.012707    99.627     0.012073    99.590    99.720
  50     0.013334    99.635     0.013458    99.640    99.720
  51     0.011366    99.677     0.013902    99.630    99.720
  52     0.013149    99.615     0.012027    99.680    99.720
  53     0.012257    99.635     0.012907    99.610    99.720
  54     0.012364    99.642     0.012860    99.610    99.720
  55     0.011371    99.682     0.013217    99.650    99.720
  56     0.012108    99.647     0.013353    99.620    99.720
  57     0.010370    99.695     0.012894    99.630    99.720
  58     0.010518    99.703     0.010901    99.670    99.720
  59     0.010014    99.688     0.010768    99.710    99.720
  60     0.010975    99.667     0.012434    99.680    99.720
  61     0.009195    99.740     0.013207    99.660    99.720
  62     0.009560    99.700     0.013592    99.630    99.720
  63     0.011379    99.657     0.013032    99.630    99.720
  64     0.009087    99.747     0.012133    99.620    99.720
  65     0.009526    99.722     0.011950    99.680    99.720
  66     0.008804    99.750     0.010876    99.660    99.720
  67     0.008113    99.765     0.011499    99.710    99.720
  68     0.007384    99.795     0.011221    99.720    99.720
  69     0.008324    99.757     0.010974    99.740    99.740
  70     0.008325    99.778     0.010199    99.730    99.740
  71     0.008377    99.748     0.011279    99.730    99.740
  72     0.007577    99.785     0.010031    99.690    99.740
  73     0.007744    99.793     0.010346    99.700    99.740
  74     0.007399    99.782     0.012299    99.630    99.740
  75     0.007665    99.792     0.010940    99.700    99.740
  76     0.007567    99.770     0.011254    99.670    99.740
  77     0.007757    99.768     0.011182    99.700    99.740
  78     0.006372    99.843     0.011066    99.700    99.740
  79     0.007576    99.780     0.012392    99.690    99.740
  80     0.007793    99.782     0.013048    99.670    99.740
  81     0.006323    99.815     0.012322    99.660    99.740
  82     0.005982    99.835     0.012103    99.690    99.740
  83     0.006096    99.825     0.013093    99.620    99.740
  84     0.006270    99.827     0.010880    99.740    99.740
  85     0.006186    99.833     0.010370    99.710    99.740
  86     0.005970    99.825     0.012607    99.690    99.740
  87     0.005952    99.832     0.012084    99.650    99.740
  88     0.006557    99.825     0.011172    99.760    99.760
  89     0.006582    99.818     0.010616    99.740    99.760
  90     0.005165    99.850     0.011194    99.700    99.760
  91     0.005718    99.838     0.011559    99.680    99.760
  92     0.005533    99.848     0.012806    99.640    99.760
  93     0.005203    99.848     0.010959    99.680    99.760
  94     0.005770    99.843     0.012565    99.710    99.760
  95     0.005699    99.848     0.010764    99.740    99.760
  96     0.004948    99.863     0.011595    99.710    99.760
  97     0.005736    99.822     0.012354    99.660    99.760
  98     0.005375    99.843     0.011725    99.730    99.760
  99     0.005085    99.870     0.012303    99.650    99.760
 100     0.005229    99.855     0.011606    99.660    99.760
 101     0.005086    99.853     0.011697    99.690    99.760
 102     0.005035    99.872     0.011720    99.700    99.760
 103     0.004069    99.883     0.013051    99.670    99.760
 104     0.005234    99.857     0.011777    99.710    99.760
 105     0.004743    99.870     0.011844    99.730    99.760
 106     0.004486    99.887     0.011762    99.690    99.760
 107     0.004598    99.878     0.011668    99.760    99.760
 108     0.003821    99.878     0.011821    99.710    99.760
 109     0.004336    99.868     0.012878    99.690    99.760
 110     0.003950    99.892     0.010720    99.730    99.760
 111     0.004362    99.888     0.012801    99.670    99.760
 112     0.003995    99.892     0.011312    99.730    99.760
 113     0.003623    99.907     0.011010    99.710    99.760
 114     0.003905    99.893     0.012479    99.700    99.760
 115     0.004267    99.877     0.011609    99.730    99.760
 116     0.004034    99.870     0.011477    99.710    99.760
 117     0.003369    99.927     0.012208    99.710    99.760
 118     0.004202    99.868     0.011922    99.730    99.760
 119     0.003886    99.878     0.011805    99.690    99.760
 120     0.003998    99.888     0.014300    99.640    99.760
 121     0.004011    99.875     0.012336    99.700    99.760
 122     0.003091    99.922     0.011682    99.700    99.760
 123     0.003374    99.900     0.012204    99.670    99.760
 124     0.003975    99.880     0.012204    99.690    99.760
 125     0.003443    99.897     0.012410    99.680    99.760
 126     0.003787    99.888     0.012395    99.680    99.760
 127     0.003230    99.910     0.012042    99.690    99.760
 128     0.002974    99.907     0.012062    99.670    99.760
 129     0.003570    99.883     0.012012    99.720    99.760
 130     0.003252    99.897     0.012042    99.740    99.760
 131     0.003174    99.913     0.011978    99.740    99.760
 132     0.003259    99.903     0.012064    99.690    99.760
 133     0.003115    99.908     0.012573    99.680    99.760
 134     0.003703    99.898     0.012356    99.690    99.760
 135     0.003318    99.898     0.012212    99.700    99.760
 136     0.003029    99.932     0.012580    99.700    99.760
 137     0.003097    99.908     0.012080    99.700    99.760
 138     0.003222    99.918     0.011946    99.710    99.760
 139     0.003122    99.902     0.012888    99.690    99.760
 140     0.003287    99.910     0.013379    99.690    99.760
 141     0.002919    99.925     0.012473    99.700    99.760
 142     0.003001    99.918     0.013088    99.700    99.760
 143     0.003119    99.913     0.012781    99.720    99.760
 144     0.003448    99.893     0.013452    99.700    99.760
 145     0.003284    99.908     0.012746    99.720    99.760
 146     0.002417    99.938     0.013702    99.670    99.760
 147     0.002848    99.903     0.012104    99.710    99.760
 148     0.002760    99.920     0.012273    99.700    99.760
 149     0.002607    99.922     0.012344    99.720    99.760
