   0     0.518635    90.448     0.118025    99.130    99.130
   1     0.199811    97.207     0.069972    99.300    99.300
   2     0.135813    97.847     0.079250    98.780    99.300
   3     0.105485    98.032     0.056473    99.060    99.300
   4     0.085393    98.298     0.039887    99.340    99.340
   5     0.075554    98.392     0.030867    99.450    99.450
   6     0.066484    98.452     0.040420    99.370    99.450
   7     0.065150    98.415     0.032361    99.340    99.450
   8     0.056227    98.595     0.031006    99.440    99.450
   9     0.052071    98.712     0.024908    99.420    99.450
  10     0.049404    98.710     0.023600    99.410    99.450
  11     0.047754    98.700     0.032340    99.280    99.450
  12     0.044384    98.785     0.031564    99.260    99.450
  13     0.040917    98.920     0.020851    99.530    99.530
  14     0.040054    98.940     0.019400    99.490    99.530
  15     0.038245    99.010     0.023925    99.350    99.530
  16     0.037533    99.003     0.017333    99.510    99.530
  17     0.035191    98.980     0.019093    99.390    99.530
  18     0.034545    99.042     0.022155    99.420    99.530
  19     0.034198    99.025     0.036331    99.070    99.530
  20     0.030052    99.148     0.014559    99.590    99.590
  21     0.030910    99.090     0.017969    99.450    99.590
  22     0.027859    99.258     0.015406    99.570    99.590
  23     0.024269    99.323     0.117275    96.530    99.590
  24     0.028208    99.168     0.012146    99.620    99.620
  25     0.028091    99.202     0.015522    99.520    99.620
  26     0.025619    99.288     0.013048    99.600    99.620
  27     0.024190    99.283     0.011865    99.580    99.620
  28     0.021514    99.353     0.014946    99.460    99.620
  29     0.023315    99.327     0.014030    99.550    99.620
  30     0.021032    99.382     0.011616    99.640    99.640
  31     0.021400    99.397     0.012504    99.680    99.680
  32     0.021384    99.388     0.013257    99.640    99.680
  33     0.020296    99.393     0.011415    99.680    99.680
  34     0.018808    99.477     0.011373    99.620    99.680
  35     0.018512    99.492     0.013303    99.650    99.680
  36     0.019769    99.415     0.015371    99.600    99.680
  37     0.016933    99.500     0.012257    99.650    99.680
  38     0.018596    99.470     0.013755    99.600    99.680
  39     0.017367    99.478     0.013035    99.590    99.680
  40     0.016065    99.532     0.012669    99.640    99.680
  41     0.015540    99.537     0.010691    99.680    99.680
  42     0.016375    99.502     0.013007    99.620    99.680
  43     0.015304    99.520     0.011524    99.660    99.680
  44     0.015437    99.547     0.011995    99.620    99.680
  45     0.013702    99.602     0.014095    99.580    99.680
  46     0.013502    99.630     0.011924    99.690    99.690
  47     0.014139    99.575     0.013420    99.560    99.690
  48     0.013456    99.597     0.010570    99.680    99.690
  49     0.014415    99.580     0.009873    99.670    99.690
  50     0.012664    99.630     0.011410    99.670    99.690
  51     0.012699    99.623     0.011336    99.610    99.690
  52     0.012316    99.623     0.011377    99.740    99.740
  53     0.012070    99.645     0.013243    99.620    99.740
  54     0.011379    99.685     0.011040    99.650    99.740
  55     0.011404    99.653     0.011032    99.680    99.740
  56     0.010944    99.683     0.010614    99.680    99.740
  57     0.010498    99.683     0.012342    99.640    99.740
  58     0.010151    99.695     0.012918    99.650    99.740
  59     0.011413    99.698     0.010562    99.710    99.740
  60     0.010489    99.693     0.013307    99.610    99.740
  61     0.010295    99.687     0.012027    99.580    99.740
  62     0.009869    99.703     0.010578    99.660    99.740
  63     0.010012    99.727     0.010758    99.720    99.740
  64     0.009223    99.725     0.013223    99.530    99.740
  65     0.009370    99.738     0.011287    99.650    99.740
  66     0.008846    99.727     0.011029    99.640    99.740
  67     0.008893    99.732     0.011933    99.660    99.740
  68     0.008327    99.763     0.012107    99.620    99.740
  69     0.008335    99.733     0.011180    99.670    99.740
  70     0.008171    99.768     0.011679    99.700    99.740
  71     0.008579    99.772     0.011200    99.670    99.740
  72     0.007304    99.792     0.014322    99.600    99.740
  73     0.007692    99.753     0.012235    99.640    99.740
  74     0.007974    99.760     0.010836    99.690    99.740
  75     0.008001    99.750     0.011928    99.670    99.740
  76     0.007719    99.780     0.012640    99.650    99.740
  77     0.006582    99.803     0.012006    99.650    99.740
  78     0.007759    99.777     0.011421    99.650    99.740
  79     0.006959    99.798     0.010916    99.680    99.740
  80     0.007106    99.793     0.010388    99.700    99.740
  81     0.007145    99.793     0.010695    99.690    99.740
  82     0.006296    99.793     0.011929    99.640    99.740
  83     0.005731    99.853     0.012021    99.640    99.740
  84     0.006525    99.807     0.013240    99.630    99.740
  85     0.005791    99.837     0.013304    99.620    99.740
  86     0.006893    99.793     0.011487    99.610    99.740
  87     0.006015    99.838     0.013563    99.590    99.740
  88     0.005953    99.830     0.012376    99.610    99.740
  89     0.006799    99.802     0.012466    99.630    99.740
  90     0.005990    99.847     0.011223    99.620    99.740
  91     0.005597    99.813     0.012284    99.700    99.740
  92     0.005049    99.862     0.011656    99.710    99.740
  93     0.006183    99.825     0.012121    99.660    99.740
  94     0.005062    99.845     0.012173    99.680    99.740
  95     0.005149    99.835     0.011920    99.600    99.740
  96     0.005748    99.825     0.013710    99.610    99.740
  97     0.005160    99.853     0.012591    99.640    99.740
  98     0.005381    99.862     0.013291    99.610    99.740
  99     0.005329    99.865     0.014041    99.640    99.740
 100     0.005257    99.845     0.012018    99.660    99.740
 101     0.004505    99.873     0.012736    99.620    99.740
 102     0.004778    99.863     0.013569    99.570    99.740
 103     0.004792    99.867     0.014117    99.570    99.740
 104     0.004865    99.852     0.014517    99.580    99.740
 105     0.003706    99.900     0.012098    99.660    99.740
 106     0.004256    99.887     0.014138    99.570    99.740
 107     0.003936    99.905     0.013143    99.640    99.740
 108     0.004553    99.880     0.012560    99.670    99.740
 109     0.004677    99.875     0.013181    99.660    99.740
 110     0.004699    99.880     0.012426    99.620    99.740
 111     0.004243    99.865     0.013481    99.640    99.740
 112     0.004133    99.872     0.015017    99.600    99.740
 113     0.003687    99.895     0.013470    99.580    99.740
 114     0.003508    99.907     0.013136    99.570    99.740
 115     0.004206    99.887     0.012473    99.620    99.740
 116     0.003733    99.888     0.011976    99.670    99.740
 117     0.003864    99.887     0.012278    99.650    99.740
 118     0.003817    99.893     0.014057    99.650    99.740
 119     0.003606    99.910     0.013176    99.610    99.740
 120     0.003696    99.897     0.013464    99.600    99.740
 121     0.004140    99.880     0.012628    99.630    99.740
 122     0.003320    99.917     0.013814    99.630    99.740
 123     0.003736    99.897     0.014231    99.630    99.740
 124     0.003604    99.907     0.013771    99.640    99.740
 125     0.003508    99.893     0.013296    99.630    99.740
 126     0.003529    99.900     0.012677    99.670    99.740
 127     0.003503    99.903     0.013088    99.640    99.740
 128     0.003560    99.907     0.013462    99.640    99.740
 129     0.003388    99.907     0.013005    99.630    99.740
 130     0.003406    99.905     0.012471    99.660    99.740
 131     0.003566    99.908     0.012157    99.660    99.740
 132     0.003310    99.912     0.012250    99.660    99.740
 133     0.002981    99.910     0.012218    99.630    99.740
 134     0.003166    99.907     0.012137    99.680    99.740
 135     0.003206    99.910     0.013237    99.610    99.740
 136     0.002952    99.920     0.013895    99.620    99.740
 137     0.003396    99.897     0.013816    99.630    99.740
 138     0.002895    99.927     0.013799    99.630    99.740
 139     0.003380    99.902     0.012879    99.600    99.740
 140     0.002900    99.927     0.013194    99.660    99.740
 141     0.003047    99.927     0.013408    99.650    99.740
 142     0.002619    99.938     0.013318    99.610    99.740
 143     0.003134    99.912     0.013564    99.590    99.740
 144     0.002745    99.910     0.013385    99.600    99.740
 145     0.002300    99.938     0.013492    99.660    99.740
 146     0.002864    99.912     0.014600    99.600    99.740
 147     0.002498    99.933     0.014939    99.620    99.740
 148     0.002726    99.928     0.013544    99.640    99.740
 149     0.002813    99.920     0.013778    99.620    99.740
