   0     0.526640    90.287     0.110049    99.040    99.040
   1     0.199089    97.308     0.084526    99.170    99.170
   2     0.137164    97.770     0.068002    99.140    99.170
   3     0.105920    98.028     0.042980    99.310    99.310
   4     0.086521    98.250     0.032840    99.390    99.390
   5     0.075727    98.380     0.046389    99.080    99.390
   6     0.064706    98.528     0.027175    99.530    99.530
   7     0.061788    98.488     0.023456    99.450    99.530
   8     0.056321    98.568     0.026535    99.440    99.530
   9     0.050081    98.757     0.030464    99.340    99.530
  10     0.049031    98.753     0.033851    99.240    99.530
  11     0.047246    98.743     0.040775    99.090    99.530
  12     0.042992    98.858     0.026455    99.480    99.530
  13     0.041629    98.900     0.027329    99.380    99.530
  14     0.038811    98.927     0.020535    99.590    99.590
  15     0.037262    98.983     0.016316    99.520    99.590
  16     0.035990    99.027     0.019209    99.480    99.590
  17     0.034955    99.055     0.030176    99.100    99.590
  18     0.033113    99.070     0.023993    99.260    99.590
  19     0.031021    99.105     0.013216    99.650    99.650
  20     0.030894    99.148     0.015831    99.590    99.650
  21     0.030061    99.167     0.016747    99.470    99.650
  22     0.028469    99.158     0.043338    98.740    99.650
  23     0.026175    99.258     0.010228    99.650    99.650
  24     0.026669    99.275     0.011850    99.640    99.650
  25     0.025236    99.278     0.013643    99.700    99.700
  26     0.023105    99.332     0.012386    99.630    99.700
  27     0.024866    99.270     0.012934    99.670    99.700
  28     0.023146    99.338     0.018289    99.480    99.700
  29     0.022518    99.350     0.011846    99.620    99.700
  30     0.019290    99.423     0.016259    99.480    99.700
  31     0.020188    99.442     0.012189    99.720    99.720
  32     0.020689    99.422     0.013049    99.660    99.720
  33     0.019563    99.417     0.014006    99.620    99.720
  34     0.019666    99.450     0.012529    99.600    99.720
  35     0.019347    99.445     0.013248    99.580    99.720
  36     0.019737    99.430     0.011032    99.670    99.720
  37     0.016227    99.540     0.011320    99.650    99.720
  38     0.018413    99.453     0.015546    99.540    99.720
  39     0.016831    99.482     0.020008    99.410    99.720
  40     0.016389    99.522     0.011809    99.670    99.720
  41     0.015667    99.520     0.010848    99.670    99.720
  42     0.015290    99.560     0.010866    99.690    99.720
  43     0.014387    99.590     0.009422    99.710    99.720
  44     0.014916    99.585     0.009608    99.700    99.720
  45     0.015201    99.560     0.011011    99.670    99.720
  46     0.014161    99.588     0.012896    99.630    99.720
  47     0.014106    99.568     0.009403    99.720    99.720
  48     0.013391    99.635     0.011869    99.710    99.720
  49     0.014305    99.592     0.009954    99.700    99.720
  50     0.012845    99.627     0.011312    99.700    99.720
  51     0.012177    99.633     0.010033    99.690    99.720
  52     0.011901    99.632     0.009527    99.720    99.720
  53     0.011092    99.680     0.011078    99.650    99.720
  54     0.012487    99.615     0.014190    99.650    99.720
  55     0.010518    99.715     0.012592    99.640    99.720
  56     0.010609    99.680     0.013011    99.590    99.720
  57     0.011656    99.653     0.012632    99.650    99.720
  58     0.010983    99.677     0.010565    99.720    99.720
  59     0.011117    99.675     0.010210    99.660    99.720
  60     0.010244    99.693     0.010564    99.680    99.720
  61     0.009915    99.707     0.011511    99.700    99.720
  62     0.010030    99.723     0.009996    99.730    99.730
  63     0.008733    99.762     0.010331    99.720    99.730
  64     0.009343    99.733     0.012859    99.610    99.730
  65     0.009151    99.715     0.011496    99.690    99.730
  66     0.009065    99.722     0.012626    99.640    99.730
  67     0.008895    99.743     0.010478    99.680    99.730
  68     0.007763    99.793     0.011375    99.730    99.730
  69     0.008755    99.752     0.011853    99.720    99.730
  70     0.009073    99.742     0.010810    99.680    99.730
  71     0.008810    99.758     0.012003    99.680    99.730
  72     0.007745    99.772     0.011551    99.670    99.730
  73     0.007768    99.775     0.011702    99.670    99.730
  74     0.008046    99.780     0.010942    99.700    99.730
  75     0.006748    99.785     0.011723    99.690    99.730
  76     0.008110    99.780     0.011079    99.680    99.730
  77     0.006820    99.800     0.011783    99.640    99.730
  78     0.008025    99.750     0.011569    99.680    99.730
  79     0.006503    99.810     0.010924    99.690    99.730
  80     0.006494    99.813     0.011116    99.700    99.730
  81     0.007071    99.782     0.011024    99.670    99.730
  82     0.005741    99.850     0.010798    99.690    99.730
  83     0.006365    99.822     0.011243    99.680    99.730
  84     0.006822    99.820     0.011375    99.680    99.730
  85     0.006371    99.807     0.011987    99.690    99.730
  86     0.006673    99.807     0.010728    99.660    99.730
  87     0.005851    99.837     0.010844    99.710    99.730
  88     0.006399    99.820     0.011441    99.690    99.730
  89     0.005515    99.820     0.012118    99.700    99.730
  90     0.006327    99.805     0.011229    99.690    99.730
  91     0.005032    99.853     0.010616    99.710    99.730
  92     0.005402    99.858     0.011160    99.660    99.730
  93     0.004781    99.857     0.012173    99.690    99.730
  94     0.004786    99.842     0.011463    99.690    99.730
  95     0.005175    99.863     0.010995    99.710    99.730
  96     0.005404    99.853     0.011322    99.680    99.730
  97     0.005589    99.827     0.012110    99.660    99.730
  98     0.005180    99.847     0.010224    99.700    99.730
  99     0.005700    99.840     0.011406    99.660    99.730
 100     0.004798    99.875     0.010607    99.670    99.730
 101     0.004738    99.852     0.010464    99.710    99.730
 102     0.004749    99.850     0.010929    99.660    99.730
 103     0.004751    99.863     0.011355    99.680    99.730
 104     0.004693    99.863     0.011823    99.700    99.730
 105     0.004503    99.877     0.011157    99.690    99.730
 106     0.004764    99.870     0.011676    99.640    99.730
 107     0.005213    99.830     0.011138    99.680    99.730
 108     0.004170    99.875     0.010582    99.710    99.730
 109     0.004578    99.867     0.011015    99.670    99.730
 110     0.004296    99.870     0.011800    99.670    99.730
 111     0.004282    99.887     0.011874    99.670    99.730
 112     0.004151    99.877     0.010786    99.670    99.730
 113     0.004165    99.868     0.011904    99.660    99.730
 114     0.003752    99.905     0.011464    99.650    99.730
 115     0.003728    99.885     0.011968    99.660    99.730
 116     0.004362    99.872     0.011269    99.660    99.730
 117     0.003784    99.875     0.011616    99.690    99.730
 118     0.003643    99.908     0.011914    99.650    99.730
 119     0.003496    99.898     0.011611    99.640    99.730
 120     0.003715    99.887     0.012109    99.670    99.730
 121     0.003739    99.898     0.011459    99.720    99.730
 122     0.003599    99.895     0.012481    99.660    99.730
 123     0.003679    99.912     0.011065    99.720    99.730
 124     0.003347    99.907     0.011354    99.680    99.730
 125     0.004094    99.890     0.011620    99.670    99.730
 126     0.003747    99.887     0.012110    99.660    99.730
 127     0.004015    99.878     0.011938    99.710    99.730
 128     0.002949    99.927     0.011591    99.680    99.730
 129     0.003190    99.897     0.011735    99.680    99.730
 130     0.003211    99.913     0.011507    99.720    99.730
 131     0.003447    99.907     0.011600    99.680    99.730
 132     0.003466    99.917     0.011582    99.680    99.730
 133     0.003312    99.903     0.010765    99.720    99.730
 134     0.003718    99.893     0.011160    99.690    99.730
 135     0.003513    99.902     0.010872    99.710    99.730
 136     0.002801    99.927     0.011673    99.690    99.730
 137     0.002786    99.923     0.011173    99.710    99.730
 138     0.002913    99.913     0.010807    99.720    99.730
 139     0.003046    99.910     0.010740    99.740    99.740
 140     0.003200    99.905     0.011100    99.710    99.740
 141     0.002692    99.933     0.012246    99.690    99.740
 142     0.002941    99.910     0.011393    99.700    99.740
 143     0.003199    99.903     0.010881    99.710    99.740
 144     0.003148    99.927     0.011035    99.700    99.740
 145     0.002766    99.932     0.011677    99.680    99.740
 146     0.002357    99.947     0.012060    99.670    99.740
 147     0.002876    99.915     0.011551    99.690    99.740
 148     0.002177    99.952     0.011251    99.690    99.740
 149     0.002980    99.908     0.010877    99.730    99.740
