   0     0.518668    90.570     0.126294    98.960    98.960
   1     0.199949    97.273     0.089662    98.940    98.960
   2     0.133688    97.837     0.053500    99.460    99.460
   3     0.103596    98.115     0.041906    99.270    99.460
   4     0.085654    98.255     0.040459    99.310    99.460
   5     0.073447    98.397     0.060219    98.790    99.460
   6     0.068274    98.450     0.071099    98.550    99.460
   7     0.062767    98.450     0.035991    99.200    99.460
   8     0.056394    98.592     0.051549    98.800    99.460
   9     0.053886    98.638     0.025635    99.400    99.460
  10     0.048417    98.732     0.023138    99.440    99.460
  11     0.045142    98.827     0.019527    99.510    99.510
  12     0.043396    98.875     0.022231    99.460    99.510
  13     0.041129    98.905     0.018059    99.530    99.530
  14     0.039445    98.955     0.020984    99.480    99.530
  15     0.038428    98.967     0.016887    99.590    99.590
  16     0.037169    98.965     0.022532    99.410    99.590
  17     0.035820    98.998     0.017640    99.510    99.590
  18     0.032991    99.078     0.015862    99.530    99.590
  19     0.032748    99.080     0.017680    99.500    99.590
  20     0.031108    99.125     0.018568    99.450    99.590
  21     0.029788    99.152     0.016669    99.520    99.590
  22     0.029803    99.163     0.016241    99.500    99.590
  23     0.027252    99.218     0.010496    99.740    99.740
  24     0.026700    99.217     0.011768    99.680    99.740
  25     0.025190    99.262     0.019797    99.410    99.740
  26     0.025116    99.283     0.015473    99.540    99.740
  27     0.025111    99.302     0.010898    99.710    99.740
  28     0.021761    99.368     0.012937    99.670    99.740
  29     0.022162    99.350     0.025143    99.290    99.740
  30     0.022796    99.383     0.017785    99.520    99.740
  31     0.022670    99.327     0.012979    99.620    99.740
  32     0.021745    99.392     0.012988    99.620    99.740
  33     0.020902    99.430     0.012190    99.600    99.740
  34     0.018952    99.472     0.013065    99.620    99.740
  35     0.019323    99.462     0.012790    99.630    99.740
  36     0.018544    99.448     0.011000    99.650    99.740
  37     0.016628    99.533     0.010962    99.660    99.740
  38     0.017291    99.510     0.010026    99.730    99.740
  39     0.018138    99.475     0.016183    99.500    99.740
  40     0.017558    99.482     0.010710    99.670    99.740
  41     0.016439    99.532     0.012782    99.610    99.740
  42     0.015268    99.548     0.017597    99.470    99.740
  43     0.014946    99.548     0.012459    99.540    99.740
  44     0.014985    99.553     0.012753    99.600    99.740
  45     0.014474    99.568     0.014082    99.530    99.740
  46     0.014814    99.568     0.009626    99.680    99.740
  47     0.013701    99.603     0.010285    99.700    99.740
  48     0.012937    99.615     0.013431    99.610    99.740
  49     0.014823    99.557     0.010519    99.680    99.740
  50     0.013438    99.608     0.012950    99.660    99.740
  51     0.011787    99.662     0.011968    99.580    99.740
  52     0.011812    99.657     0.011012    99.640    99.740
  53     0.011152    99.675     0.009578    99.630    99.740
  54     0.012184    99.638     0.009246    99.710    99.740
  55     0.011436    99.667     0.010327    99.640    99.740
  56     0.012049    99.650     0.010153    99.710    99.740
  57     0.010724    99.698     0.012206    99.610    99.740
  58     0.010901    99.698     0.010903    99.600    99.740
  59     0.010522    99.693     0.013117    99.550    99.740
  60     0.011357    99.715     0.010410    99.630    99.740
  61     0.009203    99.718     0.011141    99.590    99.740
  62     0.010369    99.697     0.008847    99.690    99.740
  63     0.009114    99.745     0.009520    99.680    99.740
  64     0.009577    99.710     0.009091    99.700    99.740
  65     0.009554    99.717     0.010499    99.720    99.740
  66     0.008751    99.748     0.009742    99.720    99.740
  67     0.008859    99.738     0.012193    99.680    99.740
  68     0.008948    99.762     0.009934    99.680    99.740
  69     0.009172    99.732     0.008097    99.720    99.740
  70     0.008451    99.738     0.009698    99.700    99.740
  71     0.007970    99.757     0.010562    99.690    99.740
  72     0.007857    99.772     0.008869    99.710    99.740
  73     0.008114    99.768     0.008451    99.750    99.750
  74     0.007606    99.783     0.009937    99.680    99.750
  75     0.006735    99.808     0.009450    99.710    99.750
  76     0.008019    99.770     0.010464    99.700    99.750
  77     0.007339    99.790     0.009485    99.740    99.750
  78     0.007330    99.797     0.008715    99.760    99.760
  79     0.007265    99.810     0.009437    99.750    99.760
  80     0.007334    99.788     0.009934    99.680    99.760
  81     0.007489    99.792     0.010452    99.660    99.760
  82     0.006169    99.832     0.009518    99.700    99.760
  83     0.006368    99.822     0.011401    99.650    99.760
  84     0.006725    99.805     0.009288    99.690    99.760
  85     0.006608    99.800     0.011011    99.730    99.760
  86     0.006158    99.845     0.012277    99.680    99.760
  87     0.006028    99.822     0.012268    99.660    99.760
  88     0.006301    99.803     0.011010    99.670    99.760
  89     0.005310    99.850     0.010686    99.710    99.760
  90     0.005482    99.840     0.012059    99.650    99.760
  91     0.005205    99.855     0.009131    99.740    99.760
  92     0.005516    99.840     0.010714    99.680    99.760
  93     0.005472    99.852     0.009525    99.640    99.760
  94     0.006326    99.832     0.009004    99.760    99.760
  95     0.005520    99.850     0.010601    99.680    99.760
  96     0.004814    99.877     0.012802    99.710    99.760
  97     0.005544    99.838     0.011496    99.750    99.760
  98     0.005252    99.860     0.011345    99.710    99.760
  99     0.004946    99.848     0.011495    99.690    99.760
 100     0.005129    99.867     0.009644    99.740    99.760
 101     0.004506    99.867     0.011586    99.670    99.760
 102     0.004500    99.857     0.011030    99.710    99.760
 103     0.005199    99.860     0.009978    99.700    99.760
 104     0.005057    99.857     0.011261    99.720    99.760
 105     0.004571    99.872     0.010790    99.700    99.760
 106     0.003870    99.908     0.011442    99.680    99.760
 107     0.004761    99.873     0.011423    99.700    99.760
 108     0.004489    99.887     0.011242    99.680    99.760
 109     0.004162    99.887     0.010511    99.700    99.760
 110     0.003912    99.887     0.011241    99.680    99.760
 111     0.004122    99.878     0.011468    99.670    99.760
 112     0.004343    99.878     0.011397    99.690    99.760
 113     0.003802    99.898     0.011850    99.690    99.760
 114     0.004204    99.863     0.012790    99.700    99.760
 115     0.004627    99.855     0.011560    99.680    99.760
 116     0.003926    99.878     0.010373    99.680    99.760
 117     0.003933    99.893     0.011035    99.730    99.760
 118     0.003794    99.878     0.009965    99.750    99.760
 119     0.003461    99.920     0.009666    99.710    99.760
 120     0.003691    99.883     0.010886    99.710    99.760
 121     0.003251    99.910     0.010510    99.730    99.760
 122     0.003244    99.898     0.010836    99.710    99.760
 123     0.003501    99.902     0.011155    99.730    99.760
 124     0.003902    99.860     0.012705    99.700    99.760
 125     0.002807    99.917     0.010749    99.710    99.760
 126     0.003418    99.908     0.011619    99.690    99.760
 127     0.003427    99.895     0.011248    99.680    99.760
 128     0.002830    99.915     0.012282    99.630    99.760
 129     0.002834    99.915     0.012249    99.690    99.760
 130     0.003041    99.903     0.012551    99.700    99.760
 131     0.003052    99.907     0.011233    99.690    99.760
 132     0.003272    99.902     0.011186    99.700    99.760
 133     0.002979    99.923     0.010768    99.730    99.760
 134     0.002880    99.927     0.010341    99.740    99.760
 135     0.003002    99.907     0.010943    99.740    99.760
 136     0.003062    99.912     0.010473    99.720    99.760
 137     0.003456    99.895     0.011100    99.740    99.760
 138     0.003329    99.908     0.010975    99.700    99.760
 139     0.003136    99.915     0.010408    99.730    99.760
 140     0.003107    99.900     0.011794    99.690    99.760
 141     0.003620    99.907     0.011546    99.670    99.760
 142     0.002640    99.928     0.011038    99.670    99.760
 143     0.003182    99.923     0.011183    99.700    99.760
 144     0.002948    99.928     0.011743    99.680    99.760
 145     0.002734    99.930     0.011531    99.690    99.760
 146     0.002502    99.932     0.011135    99.730    99.760
 147     0.003063    99.910     0.010894    99.710    99.760
 148     0.003005    99.913     0.011250    99.720    99.760
 149     0.002696    99.920     0.012011    99.710    99.760
