   0     0.528439    90.187     0.121986    99.050    99.050
   1     0.202360    97.258     0.111629    98.850    99.050
   2     0.136379    97.828     0.063343    99.140    99.140
   3     0.104865    98.098     0.041511    99.270    99.270
   4     0.088982    98.142     0.036575    99.260    99.270
   5     0.074923    98.353     0.059608    99.070    99.270
   6     0.066471    98.457     0.040622    99.100    99.270
   7     0.059997    98.580     0.098187    97.600    99.270
   8     0.055826    98.582     0.035683    99.020    99.270
   9     0.053046    98.667     0.042052    98.920    99.270
  10     0.050239    98.672     0.021913    99.390    99.390
  11     0.048891    98.747     0.027433    99.460    99.460
  12     0.045027    98.763     0.024921    99.520    99.520
  13     0.042343    98.823     0.030825    99.040    99.520
  14     0.041466    98.872     0.034482    99.020    99.520
  15     0.039107    98.945     0.031449    99.150    99.520
  16     0.035494    98.985     0.027281    99.300    99.520
  17     0.036347    99.003     0.043872    98.700    99.520
  18     0.033801    99.037     0.018167    99.440    99.520
  19     0.033653    99.028     0.017158    99.510    99.520
  20     0.030140    99.168     0.035987    99.140    99.520
  21     0.030199    99.140     0.018591    99.540    99.540
  22     0.028617    99.170     0.015727    99.590    99.590
  23     0.026568    99.227     0.016309    99.500    99.590
  24     0.027744    99.197     0.013958    99.640    99.640
  25     0.026161    99.282     0.013833    99.650    99.650
  26     0.024520    99.318     0.015371    99.540    99.650
  27     0.023430    99.327     0.013231    99.640    99.650
  28     0.022014    99.385     0.015647    99.550    99.650
  29     0.023801    99.293     0.011213    99.620    99.650
  30     0.022490    99.382     0.013188    99.620    99.650
  31     0.021129    99.383     0.010765    99.720    99.720
  32     0.022588    99.348     0.011960    99.600    99.720
  33     0.021491    99.392     0.014730    99.570    99.720
  34     0.018792    99.453     0.013838    99.610    99.720
  35     0.019027    99.433     0.014289    99.610    99.720
  36     0.018287    99.477     0.013790    99.610    99.720
  37     0.019403    99.438     0.013226    99.530    99.720
  38     0.016785    99.487     0.012413    99.660    99.720
  39     0.016670    99.540     0.013285    99.580    99.720
  40     0.015963    99.537     0.016713    99.550    99.720
  41     0.015127    99.582     0.013954    99.630    99.720
  42     0.016370    99.542     0.012673    99.630    99.720
  43     0.015565    99.523     0.011628    99.700    99.720
  44     0.013113    99.607     0.012880    99.640    99.720
  45     0.014271    99.572     0.011008    99.660    99.720
  46     0.014147    99.607     0.009946    99.700    99.720
  47     0.013566    99.610     0.011546    99.660    99.720
  48     0.013999    99.587     0.012087    99.690    99.720
  49     0.012756    99.645     0.011633    99.680    99.720
  50     0.012692    99.633     0.010055    99.700    99.720
  51     0.012935    99.602     0.009379    99.750    99.750
  52     0.011659    99.648     0.011167    99.700    99.750
  53     0.012170    99.632     0.014155    99.630    99.750
  54     0.011927    99.653     0.010284    99.650    99.750
  55     0.011672    99.623     0.010898    99.670    99.750
  56     0.011212    99.662     0.012283    99.680    99.750
  57     0.010701    99.707     0.011536    99.670    99.750
  58     0.010894    99.705     0.011914    99.660    99.750
  59     0.011396    99.672     0.012533    99.590    99.750
  60     0.009643    99.727     0.013874    99.640    99.750
  61     0.010171    99.690     0.012340    99.670    99.750
  62     0.008318    99.760     0.010719    99.680    99.750
  63     0.009481    99.755     0.010564    99.750    99.750
  64     0.008873    99.747     0.010272    99.700    99.750
  65     0.009649    99.717     0.011403    99.630    99.750
  66     0.008456    99.762     0.009773    99.680    99.750
  67     0.009363    99.717     0.010520    99.690    99.750
  68     0.008370    99.765     0.010152    99.730    99.750
  69     0.007541    99.795     0.011440    99.700    99.750
  70     0.008997    99.738     0.010617    99.710    99.750
  71     0.007258    99.802     0.011292    99.690    99.750
  72     0.008169    99.772     0.012566    99.680    99.750
  73     0.007755    99.755     0.010740    99.740    99.750
  74     0.007787    99.767     0.011485    99.650    99.750
  75     0.007424    99.788     0.012297    99.620    99.750
  76     0.007039    99.795     0.012080    99.670    99.750
  77     0.006845    99.810     0.011743    99.690    99.750
  78     0.007460    99.773     0.011768    99.670    99.750
  79     0.006424    99.807     0.010828    99.700    99.750
  80     0.006131    99.812     0.011824    99.680    99.750
  81     0.006129    99.830     0.012398    99.690    99.750
  82     0.007017    99.787     0.010039    99.730    99.750
  83     0.006948    99.805     0.011480    99.660    99.750
  84     0.006483    99.812     0.010772    99.630    99.750
  85     0.006018    99.840     0.010504    99.690    99.750
  86     0.005902    99.827     0.010390    99.720    99.750
  87     0.005796    99.830     0.011650    99.640    99.750
  88     0.006931    99.798     0.011251    99.680    99.750
  89     0.005162    99.838     0.011825    99.690    99.750
  90     0.006284    99.807     0.012297    99.710    99.750
  91     0.005875    99.827     0.011109    99.730    99.750
  92     0.005025    99.867     0.011022    99.720    99.750
  93     0.005508    99.848     0.011317    99.730    99.750
  94     0.005810    99.822     0.011106    99.720    99.750
  95     0.004509    99.870     0.010527    99.670    99.750
  96     0.004957    99.865     0.010712    99.710    99.750
  97     0.005312    99.833     0.012304    99.680    99.750
  98     0.004942    99.850     0.010907    99.710    99.750
  99     0.004549    99.860     0.011879    99.680    99.750
 100     0.004791    99.867     0.011301    99.700    99.750
 101     0.005048    99.872     0.011847    99.670    99.750
 102     0.004406    99.898     0.010802    99.700    99.750
 103     0.004447    99.892     0.010373    99.710    99.750
 104     0.003968    99.873     0.010581    99.720    99.750
 105     0.004545    99.870     0.011469    99.700    99.750
 106     0.004344    99.870     0.012246    99.670    99.750
 107     0.004506    99.873     0.012132    99.740    99.750
 108     0.004644    99.873     0.012685    99.600    99.750
 109     0.004452    99.882     0.012592    99.670    99.750
 110     0.003927    99.890     0.011287    99.730    99.750
 111     0.004402    99.865     0.011257    99.700    99.750
 112     0.003820    99.892     0.012294    99.650    99.750
 113     0.004050    99.885     0.011556    99.690    99.750
 114     0.003584    99.888     0.011893    99.680    99.750
 115     0.003306    99.920     0.013352    99.590    99.750
 116     0.003514    99.880     0.012657    99.660    99.750
 117     0.003114    99.913     0.012801    99.630    99.750
 118     0.004201    99.870     0.010551    99.690    99.750
 119     0.004079    99.883     0.012004    99.690    99.750
 120     0.003492    99.897     0.011767    99.650    99.750
 121     0.003916    99.892     0.011848    99.650    99.750
 122     0.003321    99.900     0.012207    99.680    99.750
 123     0.003686    99.908     0.011815    99.700    99.750
 124     0.003294    99.928     0.011581    99.700    99.750
 125     0.003255    99.902     0.012665    99.700    99.750
 126     0.003136    99.905     0.012595    99.670    99.750
 127     0.003567    99.888     0.012239    99.660    99.750
 128     0.003071    99.928     0.012212    99.680    99.750
 129     0.002854    99.928     0.012895    99.640    99.750
 130     0.003309    99.898     0.012580    99.640    99.750
 131     0.003314    99.902     0.012535    99.700    99.750
 132     0.003310    99.917     0.013791    99.640    99.750
 133     0.002888    99.908     0.013157    99.680    99.750
 134     0.003054    99.927     0.012634    99.690    99.750
 135     0.002913    99.918     0.012576    99.640    99.750
 136     0.002762    99.922     0.011540    99.690    99.750
 137     0.003266    99.912     0.012081    99.600    99.750
 138     0.003186    99.912     0.011858    99.660    99.750
 139     0.002859    99.933     0.012669    99.650    99.750
 140     0.003024    99.917     0.012832    99.660    99.750
 141     0.002528    99.938     0.013059    99.660    99.750
 142     0.002630    99.933     0.012868    99.640    99.750
 143     0.002956    99.910     0.012346    99.660    99.750
 144     0.002968    99.930     0.013338    99.630    99.750
 145     0.002511    99.945     0.012091    99.670    99.750
 146     0.002751    99.922     0.012004    99.660    99.750
 147     0.002684    99.923     0.012388    99.680    99.750
 148     0.002454    99.940     0.011995    99.680    99.750
 149     0.002451    99.942     0.012146    99.630    99.750
