   0     0.525056    90.175     0.112576    99.020    99.020
   1     0.202495    97.152     0.080427    98.990    99.020
   2     0.139357    97.702     0.091212    99.140    99.140
   3     0.106872    97.998     0.053976    99.100    99.140
   4     0.088777    98.108     0.048191    99.260    99.260
   5     0.073403    98.407     0.044474    99.130    99.260
   6     0.067190    98.505     0.033126    99.390    99.390
   7     0.061452    98.580     0.076821    98.090    99.390
   8     0.057348    98.588     0.031812    99.140    99.390
   9     0.053724    98.627     0.022094    99.510    99.510
  10     0.049053    98.720     0.038112    99.170    99.510
  11     0.047902    98.717     0.040952    98.950    99.510
  12     0.043246    98.815     0.032267    99.070    99.510
  13     0.041731    98.912     0.017058    99.540    99.540
  14     0.040751    98.870     0.030390    99.210    99.540
  15     0.039489    98.935     0.022067    99.390    99.540
  16     0.036853    99.003     0.022753    99.490    99.540
  17     0.034150    99.053     0.025249    99.390    99.540
  18     0.032657    99.078     0.018529    99.530    99.540
  19     0.033262    99.047     0.021053    99.470    99.540
  20     0.030028    99.152     0.017265    99.510    99.540
  21     0.028358    99.203     0.016962    99.490    99.540
  22     0.030025    99.140     0.020987    99.470    99.540
  23     0.028186    99.205     0.014610    99.610    99.610
  24     0.028396    99.192     0.015736    99.550    99.610
  25     0.027027    99.230     0.012897    99.610    99.610
  26     0.024618    99.293     0.012695    99.620    99.620
  27     0.024515    99.308     0.016779    99.480    99.620
  28     0.023682    99.333     0.019430    99.380    99.620
  29     0.021867    99.330     0.022339    99.410    99.620
  30     0.022852    99.350     0.015424    99.540    99.620
  31     0.022066    99.333     0.015765    99.520    99.620
  32     0.020869    99.372     0.012464    99.630    99.630
  33     0.021671    99.350     0.010313    99.710    99.710
  34     0.018594    99.475     0.016423    99.540    99.710
  35     0.018856    99.432     0.012805    99.600    99.710
  36     0.019067    99.427     0.011414    99.720    99.720
  37     0.016798    99.510     0.012828    99.600    99.720
  38     0.018726    99.460     0.011535    99.710    99.720
  39     0.017018    99.507     0.012090    99.670    99.720
  40     0.017542    99.507     0.011449    99.670    99.720
  41     0.016157    99.510     0.010768    99.710    99.720
  42     0.015600    99.502     0.013648    99.660    99.720
  43     0.015132    99.562     0.011144    99.650    99.720
  44     0.013957    99.592     0.012143    99.660    99.720
  45     0.015244    99.557     0.010072    99.670    99.720
  46     0.014471    99.580     0.011423    99.690    99.720
  47     0.015394    99.525     0.011576    99.670    99.720
  48     0.014039    99.578     0.011088    99.690    99.720
  49     0.013968    99.580     0.010872    99.740    99.740
  50     0.012858    99.622     0.012283    99.710    99.740
  51     0.012765    99.627     0.011251    99.690    99.740
  52     0.012665    99.640     0.012154    99.690    99.740
  53     0.012083    99.647     0.012346    99.650    99.740
  54     0.011502    99.675     0.011851    99.720    99.740
  55     0.011594    99.668     0.012741    99.650    99.740
  56     0.011916    99.633     0.011958    99.660    99.740
  57     0.011863    99.675     0.013660    99.640    99.740
  58     0.010720    99.705     0.011554    99.720    99.740
  59     0.010296    99.697     0.011080    99.690    99.740
  60     0.010376    99.700     0.011686    99.710    99.740
  61     0.009826    99.725     0.009479    99.760    99.760
  62     0.009464    99.713     0.011294    99.660    99.760
  63     0.009130    99.732     0.012867    99.670    99.760
  64     0.009327    99.752     0.012159    99.660    99.760
  65     0.008964    99.713     0.011741    99.710    99.760
  66     0.008863    99.742     0.011239    99.690    99.760
  67     0.009061    99.765     0.012000    99.730    99.760
  68     0.009161    99.735     0.013496    99.660    99.760
  69     0.008535    99.745     0.010939    99.750    99.760
  70     0.008878    99.720     0.012116    99.710    99.760
  71     0.008748    99.743     0.010858    99.760    99.760
  72     0.007264    99.787     0.012646    99.720    99.760
  73     0.007717    99.783     0.010648    99.710    99.760
  74     0.007819    99.762     0.012394    99.700    99.760
  75     0.007739    99.773     0.011731    99.660    99.760
  76     0.006794    99.797     0.012106    99.690    99.760
  77     0.006710    99.800     0.011530    99.670    99.760
  78     0.006898    99.793     0.011885    99.670    99.760
  79     0.007978    99.757     0.013175    99.640    99.760
  80     0.007128    99.797     0.010411    99.700    99.760
  81     0.006267    99.833     0.012231    99.640    99.760
  82     0.006560    99.800     0.010897    99.710    99.760
  83     0.006804    99.813     0.012361    99.660    99.760
  84     0.006651    99.808     0.011136    99.730    99.760
  85     0.006435    99.820     0.011674    99.710    99.760
  86     0.006384    99.813     0.009963    99.720    99.760
  87     0.005765    99.835     0.010212    99.720    99.760
  88     0.005454    99.843     0.012445    99.670    99.760
  89     0.006411    99.812     0.011350    99.720    99.760
  90     0.006235    99.832     0.012711    99.680    99.760
  91     0.005360    99.828     0.012657    99.670    99.760
  92     0.005860    99.837     0.012670    99.660    99.760
  93     0.005085    99.858     0.011090    99.700    99.760
  94     0.005487    99.832     0.012749    99.740    99.760
  95     0.005629    99.842     0.012336    99.670    99.760
  96     0.004502    99.878     0.011814    99.690    99.760
  97     0.005030    99.858     0.011472    99.690    99.760
  98     0.004515    99.862     0.012635    99.680    99.760
  99     0.005722    99.840     0.011863    99.680    99.760
 100     0.005196    99.837     0.012309    99.700    99.760
 101     0.004974    99.868     0.012880    99.670    99.760
 102     0.004759    99.867     0.013395    99.650    99.760
 103     0.004178    99.868     0.012844    99.650    99.760
 104     0.003756    99.902     0.012289    99.710    99.760
 105     0.004848    99.867     0.011456    99.720    99.760
 106     0.004028    99.887     0.011914    99.700    99.760
 107     0.004641    99.867     0.011421    99.700    99.760
 108     0.004061    99.888     0.013008    99.700    99.760
 109     0.004268    99.875     0.012292    99.690    99.760
 110     0.004217    99.882     0.012784    99.680    99.760
 111     0.004642    99.867     0.013061    99.660    99.760
 112     0.004655    99.862     0.012970    99.660    99.760
 113     0.003819    99.892     0.012858    99.650    99.760
 114     0.003575    99.917     0.014097    99.620    99.760
 115     0.004137    99.885     0.013108    99.690    99.760
 116     0.003995    99.883     0.012427    99.700    99.760
 117     0.004225    99.885     0.012811    99.690    99.760
 118     0.003761    99.902     0.013207    99.710    99.760
 119     0.003827    99.893     0.013495    99.670    99.760
 120     0.003434    99.893     0.012936    99.690    99.760
 121     0.003555    99.892     0.012596    99.700    99.760
 122     0.004048    99.867     0.011538    99.730    99.760
 123     0.003780    99.882     0.011956    99.720    99.760
 124     0.003954    99.888     0.012137    99.700    99.760
 125     0.003112    99.925     0.011830    99.710    99.760
 126     0.003586    99.902     0.012698    99.690    99.760
 127     0.003117    99.907     0.012529    99.700    99.760
 128     0.003865    99.898     0.011038    99.730    99.760
 129     0.002768    99.912     0.012362    99.710    99.760
 130     0.003183    99.912     0.012392    99.690    99.760
 131     0.003264    99.910     0.012446    99.700    99.760
 132     0.003143    99.923     0.013117    99.710    99.760
 133     0.002954    99.920     0.012690    99.700    99.760
 134     0.003404    99.897     0.012645    99.690    99.760
 135     0.002758    99.923     0.012688    99.720    99.760
 136     0.003088    99.920     0.013027    99.690    99.760
 137     0.003064    99.918     0.013086    99.720    99.760
 138     0.003400    99.902     0.012783    99.700    99.760
 139     0.003047    99.940     0.012410    99.730    99.760
 140     0.002898    99.928     0.012653    99.730    99.760
 141     0.003222    99.898     0.012031    99.720    99.760
 142     0.003462    99.897     0.012118    99.700    99.760
 143     0.003232    99.912     0.012201    99.710    99.760
 144     0.002886    99.917     0.012694    99.690    99.760
 145     0.002873    99.920     0.011901    99.730    99.760
 146     0.002292    99.952     0.012967    99.700    99.760
 147     0.002804    99.930     0.013185    99.720    99.760
 148     0.002785    99.922     0.013438    99.720    99.760
 149     0.003136    99.908     0.012919    99.710    99.760
