   0     0.515909    90.740     0.156060    98.560    98.560
   1     0.200840    97.275     0.092430    98.930    98.930
   2     0.136971    97.723     0.078398    98.950    98.950
   3     0.104912    98.033     0.054565    99.280    99.280
   4     0.086414    98.230     0.045869    99.170    99.280
   5     0.077396    98.290     0.056361    98.800    99.280
   6     0.065938    98.522     0.042906    98.980    99.280
   7     0.061153    98.548     0.056679    98.680    99.280
   8     0.056891    98.597     0.221743    93.350    99.280
   9     0.052833    98.632     0.025666    99.470    99.470
  10     0.049382    98.727     0.035032    99.230    99.470
  11     0.048654    98.728     0.024341    99.400    99.470
  12     0.043445    98.858     0.020129    99.450    99.470
  13     0.042890    98.827     0.016971    99.560    99.560
  14     0.040369    98.932     0.027137    99.300    99.560
  15     0.040190    98.897     0.021714    99.410    99.560
  16     0.036726    98.988     0.032687    99.240    99.560
  17     0.035769    99.018     0.033760    99.110    99.560
  18     0.032838    99.107     0.023527    99.450    99.560
  19     0.031625    99.117     0.030093    99.160    99.560
  20     0.032705    99.087     0.013627    99.620    99.620
  21     0.031024    99.093     0.019010    99.400    99.620
  22     0.028013    99.243     0.017729    99.420    99.620
  23     0.025797    99.287     0.019489    99.490    99.620
  24     0.030520    99.163     0.013770    99.520    99.620
  25     0.026032    99.267     0.012692    99.680    99.680
  26     0.023104    99.372     0.023519    99.330    99.680
  27     0.023854    99.330     0.018985    99.460    99.680
  28     0.024103    99.317     0.016079    99.580    99.680
  29     0.022755    99.340     0.015985    99.500    99.680
  30     0.022216    99.370     0.024531    99.310    99.680
  31     0.022243    99.370     0.016628    99.520    99.680
  32     0.020105    99.410     0.011610    99.680    99.680
  33     0.022291    99.368     0.015278    99.590    99.680
  34     0.018987    99.458     0.011596    99.680    99.680
  35     0.019438    99.452     0.012418    99.590    99.680
  36     0.017149    99.508     0.012317    99.660    99.680
  37     0.018907    99.467     0.011011    99.640    99.680
  38     0.017730    99.462     0.013289    99.540    99.680
  39     0.017311    99.478     0.015966    99.550    99.680
  40     0.015855    99.533     0.014550    99.560    99.680
  41     0.015213    99.543     0.010949    99.700    99.700
  42     0.014940    99.570     0.011679    99.650    99.700
  43     0.015036    99.540     0.011859    99.650    99.700
  44     0.016148    99.535     0.013247    99.580    99.700
  45     0.013021    99.608     0.015188    99.520    99.700
  46     0.014916    99.562     0.011262    99.630    99.700
  47     0.012427    99.640     0.012239    99.570    99.700
  48     0.013455    99.595     0.011326    99.680    99.700
  49     0.012253    99.658     0.012760    99.610    99.700
  50     0.012401    99.635     0.010625    99.740    99.740
  51     0.013437    99.588     0.010410    99.690    99.740
  52     0.011468    99.657     0.011097    99.650    99.740
  53     0.011285    99.665     0.010150    99.700    99.740
  54     0.012136    99.655     0.011631    99.640    99.740
  55     0.012641    99.612     0.010770    99.730    99.740
  56     0.010639    99.707     0.011026    99.720    99.740
  57     0.010658    99.685     0.011471    99.650    99.740
  58     0.011953    99.643     0.010377    99.680    99.740
  59     0.010182    99.707     0.010598    99.700    99.740
  60     0.009637    99.728     0.010808    99.680    99.740
  61     0.009287    99.735     0.012697    99.610    99.740
  62     0.010362    99.680     0.010954    99.650    99.740
  63     0.009526    99.738     0.011066    99.690    99.740
  64     0.008686    99.767     0.010875    99.690    99.740
  65     0.008296    99.757     0.012368    99.680    99.740
  66     0.008387    99.748     0.011021    99.700    99.740
  67     0.008674    99.745     0.013178    99.670    99.740
  68     0.009938    99.697     0.011896    99.640    99.740
  69     0.007272    99.797     0.010390    99.690    99.740
  70     0.009280    99.718     0.011783    99.730    99.740
  71     0.008375    99.760     0.014410    99.620    99.740
  72     0.009144    99.745     0.013033    99.630    99.740
  73     0.007892    99.762     0.011400    99.680    99.740
  74     0.007332    99.785     0.011179    99.670    99.740
  75     0.007760    99.762     0.011592    99.620    99.740
  76     0.006960    99.810     0.011023    99.690    99.740
  77     0.006989    99.782     0.012955    99.620    99.740
  78     0.007438    99.785     0.012155    99.640    99.740
  79     0.006339    99.832     0.011542    99.670    99.740
  80     0.006597    99.795     0.011804    99.660    99.740
  81     0.006799    99.812     0.013138    99.600    99.740
  82     0.005825    99.830     0.010568    99.660    99.740
  83     0.006781    99.825     0.010362    99.690    99.740
  84     0.005538    99.852     0.011235    99.690    99.740
  85     0.006689    99.808     0.010829    99.690    99.740
  86     0.005868    99.837     0.011289    99.690    99.740
  87     0.005203    99.862     0.011509    99.680    99.740
  88     0.006556    99.797     0.011834    99.670    99.740
  89     0.006082    99.800     0.013664    99.660    99.740
  90     0.005207    99.838     0.010939    99.710    99.740
  91     0.004885    99.858     0.012432    99.680    99.740
  92     0.005286    99.845     0.012204    99.680    99.740
  93     0.005004    99.842     0.012690    99.660    99.740
  94     0.006371    99.822     0.011973    99.640    99.740
  95     0.005718    99.835     0.012086    99.640    99.740
  96     0.004455    99.883     0.011306    99.700    99.740
  97     0.005149    99.868     0.014773    99.610    99.740
  98     0.004621    99.848     0.012593    99.630    99.740
  99     0.004888    99.838     0.012434    99.640    99.740
 100     0.004628    99.857     0.012426    99.610    99.740
 101     0.004729    99.858     0.012292    99.660    99.740
 102     0.004241    99.887     0.012805    99.640    99.740
 103     0.004174    99.878     0.012529    99.670    99.740
 104     0.004642    99.865     0.012269    99.680    99.740
 105     0.003899    99.898     0.012357    99.670    99.740
 106     0.004421    99.867     0.012783    99.690    99.740
 107     0.003845    99.890     0.011898    99.670    99.740
 108     0.004271    99.868     0.012866    99.620    99.740
 109     0.004074    99.888     0.012802    99.670    99.740
 110     0.004257    99.892     0.013392    99.620    99.740
 111     0.003526    99.915     0.013824    99.600    99.740
 112     0.004060    99.887     0.012998    99.670    99.740
 113     0.003861    99.887     0.013002    99.690    99.740
 114     0.003913    99.888     0.012343    99.620    99.740
 115     0.003599    99.898     0.011730    99.680    99.740
 116     0.003905    99.892     0.012115    99.710    99.740
 117     0.003444    99.907     0.011761    99.700    99.740
 118     0.004033    99.893     0.011552    99.720    99.740
 119     0.003451    99.915     0.011789    99.630    99.740
 120     0.004327    99.892     0.011852    99.680    99.740
 121     0.003468    99.898     0.012497    99.650    99.740
 122     0.003413    99.905     0.012051    99.680    99.740
 123     0.004272    99.887     0.012953    99.630    99.740
 124     0.003757    99.885     0.013627    99.660    99.740
 125     0.003242    99.907     0.011943    99.670    99.740
 126     0.003255    99.917     0.012331    99.670    99.740
 127     0.003065    99.910     0.013170    99.670    99.740
 128     0.002953    99.915     0.013064    99.690    99.740
 129     0.003051    99.907     0.012063    99.690    99.740
 130     0.003462    99.905     0.013628    99.660    99.740
 131     0.003056    99.920     0.014130    99.620    99.740
 132     0.003293    99.912     0.012035    99.720    99.740
 133     0.002795    99.928     0.012828    99.710    99.740
 134     0.003065    99.910     0.012830    99.660    99.740
 135     0.002805    99.930     0.012452    99.700    99.740
 136     0.003371    99.900     0.013027    99.640    99.740
 137     0.002967    99.918     0.012424    99.680    99.740
 138     0.002967    99.925     0.011481    99.700    99.740
 139     0.002893    99.922     0.012314    99.680    99.740
 140     0.002969    99.920     0.013220    99.640    99.740
 141     0.002977    99.922     0.012618    99.670    99.740
 142     0.002617    99.930     0.011644    99.680    99.740
 143     0.002722    99.923     0.012929    99.650    99.740
 144     0.002911    99.920     0.012265    99.650    99.740
 145     0.003028    99.910     0.012905    99.670    99.740
 146     0.002676    99.918     0.012661    99.660    99.740
 147     0.002935    99.922     0.012983    99.640    99.740
 148     0.002465    99.932     0.013081    99.660    99.740
 149     0.002822    99.923     0.012684    99.650    99.740
