   0     0.530204    90.112     0.126141    98.980    98.980
   1     0.201139    97.272     0.102933    98.700    98.980
   2     0.135149    97.765     0.068924    99.240    99.240
   3     0.104393    98.052     0.061151    98.950    99.240
   4     0.086320    98.280     0.032837    99.350    99.350
   5     0.073033    98.397     0.053203    99.120    99.350
   6     0.068603    98.422     0.026052    99.540    99.540
   7     0.060879    98.518     0.047661    98.970    99.540
   8     0.058642    98.553     0.048269    99.020    99.540
   9     0.056348    98.560     0.033422    99.290    99.540
  10     0.047630    98.792     0.023723    99.500    99.540
  11     0.047043    98.758     0.026481    99.490    99.540
  12     0.044830    98.800     0.022990    99.410    99.540
  13     0.042602    98.837     0.024881    99.400    99.540
  14     0.041127    98.898     0.024474    99.330    99.540
  15     0.038077    99.002     0.014654    99.610    99.610
  16     0.036819    98.997     0.022483    99.470    99.610
  17     0.036747    98.957     0.017575    99.570    99.610
  18     0.031882    99.087     0.022704    99.320    99.610
  19     0.031553    99.113     0.016379    99.570    99.610
  20     0.030143    99.153     0.016642    99.530    99.610
  21     0.031351    99.128     0.024789    99.310    99.610
  22     0.028720    99.232     0.011827    99.640    99.640
  23     0.026699    99.227     0.012662    99.640    99.640
  24     0.026635    99.247     0.012741    99.640    99.640
  25     0.025655    99.250     0.014093    99.610    99.640
  26     0.025514    99.313     0.014030    99.610    99.640
  27     0.023519    99.300     0.013524    99.600    99.640
  28     0.022539    99.320     0.009737    99.710    99.710
  29     0.021630    99.367     0.011259    99.680    99.710
  30     0.022137    99.365     0.012412    99.630    99.710
  31     0.022475    99.345     0.014087    99.610    99.710
  32     0.021949    99.348     0.010725    99.640    99.710
  33     0.021072    99.393     0.012895    99.600    99.710
  34     0.021128    99.405     0.010587    99.660    99.710
  35     0.017602    99.540     0.009940    99.710    99.710
  36     0.018537    99.463     0.010043    99.710    99.710
  37     0.016710    99.542     0.010457    99.670    99.710
  38     0.017303    99.525     0.010629    99.700    99.710
  39     0.016844    99.508     0.010414    99.700    99.710
  40     0.017348    99.485     0.009935    99.710    99.710
  41     0.015457    99.517     0.010995    99.660    99.710
  42     0.015534    99.585     0.008569    99.750    99.750
  43     0.015694    99.552     0.008880    99.700    99.750
  44     0.014944    99.555     0.009863    99.710    99.750
  45     0.014841    99.565     0.010937    99.670    99.750
  46     0.015055    99.563     0.009426    99.670    99.750
  47     0.013615    99.622     0.010059    99.660    99.750
  48     0.012592    99.642     0.008908    99.750    99.750
  49     0.012689    99.625     0.010539    99.700    99.750
  50     0.012279    99.635     0.008911    99.740    99.750
  51     0.013893    99.597     0.011051    99.660    99.750
  52     0.012544    99.612     0.010595    99.680    99.750
  53     0.012442    99.668     0.009898    99.720    99.750
  54     0.012573    99.633     0.012036    99.710    99.750
  55     0.010884    99.680     0.009955    99.690    99.750
  56     0.011490    99.652     0.009601    99.690    99.750
  57     0.009461    99.713     0.009121    99.710    99.750
  58     0.009947    99.728     0.010069    99.730    99.750
  59     0.010061    99.692     0.008995    99.740    99.750
  60     0.011031    99.678     0.008393    99.760    99.760
  61     0.009723    99.700     0.009947    99.660    99.760
  62     0.010354    99.693     0.009597    99.690    99.760
  63     0.009869    99.733     0.008001    99.790    99.790
  64     0.009294    99.742     0.011210    99.670    99.790
  65     0.009077    99.743     0.009077    99.710    99.790
  66     0.008738    99.733     0.009267    99.700    99.790
  67     0.009122    99.718     0.010678    99.650    99.790
  68     0.008505    99.767     0.008488    99.720    99.790
  69     0.007772    99.788     0.010874    99.660    99.790
  70     0.008419    99.770     0.009535    99.700    99.790
  71     0.008320    99.765     0.009224    99.680    99.790
  72     0.008197    99.763     0.010440    99.670    99.790
  73     0.007509    99.780     0.010313    99.620    99.790
  74     0.008451    99.745     0.009388    99.730    99.790
  75     0.007479    99.763     0.010908    99.660    99.790
  76     0.006835    99.803     0.009799    99.670    99.790
  77     0.007157    99.780     0.011819    99.620    99.790
  78     0.006381    99.813     0.009489    99.690    99.790
  79     0.006920    99.793     0.010262    99.720    99.790
  80     0.007494    99.782     0.009220    99.750    99.790
  81     0.005798    99.833     0.009212    99.740    99.790
  82     0.007159    99.783     0.009008    99.710    99.790
  83     0.006955    99.803     0.009439    99.710    99.790
  84     0.006821    99.810     0.008675    99.700    99.790
  85     0.006923    99.800     0.009591    99.690    99.790
  86     0.006066    99.823     0.010336    99.640    99.790
  87     0.006628    99.825     0.009129    99.690    99.790
  88     0.005464    99.847     0.008792    99.680    99.790
  89     0.005169    99.860     0.008950    99.660    99.790
  90     0.006086    99.838     0.009734    99.710    99.790
  91     0.005739    99.835     0.010596    99.660    99.790
  92     0.006369    99.817     0.009729    99.710    99.790
  93     0.005514    99.832     0.010065    99.690    99.790
  94     0.005614    99.837     0.009392    99.700    99.790
  95     0.005402    99.853     0.009139    99.700    99.790
  96     0.005251    99.858     0.009934    99.680    99.790
  97     0.006031    99.823     0.009939    99.750    99.790
  98     0.004567    99.875     0.010841    99.680    99.790
  99     0.004861    99.868     0.010280    99.680    99.790
 100     0.005177    99.858     0.009595    99.660    99.790
 101     0.004721    99.872     0.009296    99.700    99.790
 102     0.004454    99.885     0.009905    99.670    99.790
 103     0.004972    99.852     0.010985    99.650    99.790
 104     0.004109    99.890     0.009978    99.700    99.790
 105     0.004679    99.862     0.010191    99.680    99.790
 106     0.004060    99.882     0.010799    99.670    99.790
 107     0.004006    99.895     0.010670    99.680    99.790
 108     0.003938    99.895     0.011233    99.680    99.790
 109     0.004389    99.865     0.010455    99.710    99.790
 110     0.004422    99.872     0.010090    99.740    99.790
 111     0.004376    99.865     0.011217    99.710    99.790
 112     0.004896    99.852     0.011076    99.680    99.790
 113     0.004396    99.878     0.010747    99.700    99.790
 114     0.003267    99.905     0.011546    99.670    99.790
 115     0.004664    99.858     0.010534    99.680    99.790
 116     0.004506    99.882     0.010762    99.680    99.790
 117     0.003946    99.882     0.012495    99.670    99.790
 118     0.003662    99.895     0.010202    99.660    99.790
 119     0.004229    99.877     0.009911    99.700    99.790
 120     0.003129    99.915     0.010572    99.700    99.790
 121     0.003903    99.902     0.010298    99.730    99.790
 122     0.003656    99.893     0.009581    99.720    99.790
 123     0.004035    99.875     0.009592    99.700    99.790
 124     0.003242    99.912     0.009379    99.730    99.790
 125     0.003499    99.910     0.009844    99.710    99.790
 126     0.003171    99.915     0.011221    99.650    99.790
 127     0.003177    99.908     0.010124    99.670    99.790
 128     0.003921    99.892     0.010383    99.730    99.790
 129     0.003178    99.917     0.010566    99.680    99.790
 130     0.003642    99.887     0.009757    99.680    99.790
 131     0.003177    99.900     0.010161    99.710    99.790
 132     0.003313    99.908     0.010161    99.660    99.790
 133     0.002796    99.920     0.009988    99.700    99.790
 134     0.002921    99.928     0.010581    99.690    99.790
 135     0.003174    99.923     0.010692    99.700    99.790
 136     0.003055    99.917     0.010961    99.680    99.790
 137     0.003578    99.898     0.010879    99.670    99.790
 138     0.003181    99.913     0.011494    99.680    99.790
 139     0.003025    99.897     0.010411    99.670    99.790
 140     0.002582    99.940     0.010118    99.680    99.790
 141     0.002614    99.938     0.010883    99.680    99.790
 142     0.002898    99.913     0.010826    99.690    99.790
 143     0.002878    99.907     0.010808    99.680    99.790
 144     0.002595    99.925     0.010602    99.660    99.790
 145     0.002706    99.923     0.010126    99.700    99.790
 146     0.003361    99.898     0.009908    99.720    99.790
 147     0.002735    99.928     0.010099    99.720    99.790
 148     0.002727    99.927     0.009396    99.710    99.790
 149     0.003217    99.912     0.010108    99.660    99.790
