   0     0.532967    90.005     0.159012    98.690    98.690
   1     0.203820    97.152     0.084281    99.160    99.160
   2     0.138769    97.757     0.070454    98.960    99.160
   3     0.106773    97.998     0.069237    98.750    99.160
   4     0.089195    98.170     0.046091    99.280    99.280
   5     0.075369    98.337     0.037165    99.260    99.280
   6     0.070012    98.372     0.048107    99.140    99.280
   7     0.063664    98.440     0.051972    98.790    99.280
   8     0.057795    98.622     0.044803    98.890    99.280
   9     0.051581    98.708     0.031696    99.240    99.280
  10     0.050910    98.685     0.032255    99.280    99.280
  11     0.048704    98.693     0.039516    98.990    99.280
  12     0.043568    98.872     0.028718    99.060    99.280
  13     0.043187    98.817     0.021652    99.490    99.490
  14     0.042165    98.795     0.019092    99.560    99.560
  15     0.038145    98.925     0.045757    98.680    99.560
  16     0.038005    98.943     0.018029    99.480    99.560
  17     0.035159    99.020     0.016080    99.580    99.580
  18     0.034928    99.043     0.018424    99.540    99.580
  19     0.032821    99.118     0.019416    99.460    99.580
  20     0.029949    99.132     0.022431    99.260    99.580
  21     0.031105    99.180     0.014572    99.550    99.580
  22     0.029164    99.188     0.017346    99.510    99.580
  23     0.026450    99.258     0.013807    99.590    99.590
  24     0.027445    99.243     0.014752    99.600    99.600
  25     0.026494    99.230     0.015430    99.590    99.600
  26     0.025572    99.268     0.018927    99.440    99.600
  27     0.025124    99.252     0.015007    99.570    99.600
  28     0.024650    99.308     0.017796    99.430    99.600
  29     0.023109    99.328     0.013266    99.560    99.600
  30     0.021752    99.363     0.015427    99.580    99.600
  31     0.021145    99.382     0.013406    99.640    99.640
  32     0.020949    99.375     0.013152    99.580    99.640
  33     0.020026    99.415     0.017775    99.510    99.640
  34     0.021494    99.352     0.016261    99.550    99.640
  35     0.018641    99.487     0.013779    99.640    99.640
  36     0.017799    99.500     0.012278    99.680    99.680
  37     0.017863    99.453     0.011715    99.660    99.680
  38     0.018764    99.448     0.011951    99.660    99.680
  39     0.018318    99.457     0.010793    99.640    99.680
  40     0.015895    99.520     0.015135    99.560    99.680
  41     0.016985    99.508     0.012204    99.670    99.680
  42     0.015279    99.530     0.010818    99.670    99.680
  43     0.016765    99.525     0.013965    99.590    99.680
  44     0.014899    99.585     0.012677    99.630    99.680
  45     0.013854    99.603     0.012046    99.650    99.680
  46     0.013687    99.613     0.011239    99.680    99.680
  47     0.014660    99.573     0.012892    99.640    99.680
  48     0.014511    99.587     0.015255    99.560    99.680
  49     0.013504    99.622     0.012003    99.670    99.680
  50     0.013610    99.605     0.011124    99.670    99.680
  51     0.011173    99.715     0.010744    99.660    99.680
  52     0.013373    99.617     0.010840    99.670    99.680
  53     0.012759    99.598     0.012256    99.660    99.680
  54     0.011613    99.652     0.012226    99.690    99.690
  55     0.011764    99.648     0.012017    99.660    99.690
  56     0.011427    99.658     0.010921    99.670    99.690
  57     0.010757    99.688     0.011874    99.680    99.690
  58     0.010193    99.708     0.011972    99.620    99.690
  59     0.010944    99.662     0.013950    99.550    99.690
  60     0.011735    99.653     0.012028    99.610    99.690
  61     0.010762    99.697     0.011814    99.650    99.690
  62     0.008657    99.757     0.012505    99.620    99.690
  63     0.010346    99.667     0.012372    99.640    99.690
  64     0.009368    99.737     0.015148    99.600    99.690
  65     0.008968    99.728     0.014475    99.600    99.690
  66     0.008819    99.740     0.012155    99.640    99.690
  67     0.008010    99.768     0.013424    99.620    99.690
  68     0.008779    99.733     0.012637    99.650    99.690
  69     0.008587    99.758     0.014638    99.590    99.690
  70     0.007534    99.798     0.012611    99.670    99.690
  71     0.008342    99.745     0.012049    99.680    99.690
  72     0.008115    99.753     0.013269    99.630    99.690
  73     0.007972    99.778     0.012085    99.660    99.690
  74     0.008067    99.790     0.012696    99.640    99.690
  75     0.008385    99.760     0.013753    99.610    99.690
  76     0.008154    99.755     0.013099    99.590    99.690
  77     0.006923    99.815     0.013066    99.680    99.690
  78     0.006964    99.783     0.012686    99.660    99.690
  79     0.006976    99.815     0.011069    99.670    99.690
  80     0.006514    99.800     0.011786    99.660    99.690
  81     0.006960    99.797     0.013976    99.530    99.690
  82     0.006502    99.822     0.010671    99.680    99.690
  83     0.005874    99.837     0.012484    99.630    99.690
  84     0.006094    99.838     0.012220    99.640    99.690
  85     0.006355    99.813     0.011674    99.670    99.690
  86     0.006378    99.820     0.012546    99.640    99.690
  87     0.006125    99.812     0.012534    99.660    99.690
  88     0.006360    99.817     0.012776    99.650    99.690
  89     0.006115    99.840     0.012324    99.620    99.690
  90     0.005327    99.852     0.012391    99.680    99.690
  91     0.005086    99.867     0.011854    99.710    99.710
  92     0.005489    99.847     0.012211    99.690    99.710
  93     0.006249    99.828     0.012616    99.620    99.710
  94     0.005768    99.830     0.012392    99.680    99.710
  95     0.005164    99.838     0.012336    99.680    99.710
  96     0.004414    99.867     0.010988    99.670    99.710
  97     0.004431    99.865     0.011693    99.740    99.740
  98     0.005532    99.833     0.012386    99.720    99.740
  99     0.004870    99.852     0.013045    99.660    99.740
 100     0.004877    99.868     0.011968    99.710    99.740
 101     0.004398    99.860     0.012014    99.680    99.740
 102     0.004165    99.878     0.013047    99.710    99.740
 103     0.004836    99.858     0.013525    99.610    99.740
 104     0.004337    99.877     0.012859    99.630    99.740
 105     0.004212    99.860     0.013254    99.590    99.740
 106     0.004372    99.865     0.014139    99.630    99.740
 107     0.004254    99.892     0.012654    99.640    99.740
 108     0.004073    99.893     0.013578    99.660    99.740
 109     0.004247    99.878     0.012084    99.690    99.740
 110     0.003694    99.895     0.012702    99.670    99.740
 111     0.004682    99.878     0.012048    99.690    99.740
 112     0.004083    99.888     0.014056    99.620    99.740
 113     0.003643    99.905     0.012738    99.650    99.740
 114     0.003705    99.905     0.012781    99.650    99.740
 115     0.003327    99.920     0.014307    99.580    99.740
 116     0.003681    99.890     0.012901    99.610    99.740
 117     0.004121    99.885     0.012717    99.660    99.740
 118     0.004021    99.878     0.012540    99.660    99.740
 119     0.003688    99.893     0.012472    99.660    99.740
 120     0.003851    99.883     0.013414    99.630    99.740
 121     0.004214    99.873     0.012871    99.680    99.740
 122     0.003573    99.912     0.013751    99.620    99.740
 123     0.003793    99.895     0.012199    99.650    99.740
 124     0.003612    99.895     0.012526    99.620    99.740
 125     0.003222    99.902     0.012131    99.610    99.740
 126     0.003676    99.900     0.012523    99.690    99.740
 127     0.003676    99.903     0.012144    99.660    99.740
 128     0.002996    99.932     0.012695    99.650    99.740
 129     0.003365    99.908     0.013379    99.640    99.740
 130     0.003548    99.897     0.013146    99.630    99.740
 131     0.003459    99.893     0.012745    99.670    99.740
 132     0.003765    99.878     0.012488    99.690    99.740
 133     0.003403    99.908     0.013031    99.640    99.740
 134     0.003147    99.927     0.012996    99.620    99.740
 135     0.003141    99.912     0.012718    99.670    99.740
 136     0.002887    99.920     0.012446    99.700    99.740
 137     0.003229    99.900     0.013843    99.670    99.740
 138     0.002958    99.920     0.012488    99.700    99.740
 139     0.003438    99.910     0.013913    99.690    99.740
 140     0.003058    99.922     0.013419    99.650    99.740
 141     0.002621    99.927     0.012954    99.680    99.740
 142     0.003034    99.915     0.012800    99.670    99.740
 143     0.003254    99.908     0.012952    99.680    99.740
 144     0.003146    99.915     0.012875    99.660    99.740
 145     0.002583    99.937     0.012941    99.690    99.740
 146     0.002701    99.923     0.012984    99.650    99.740
 147     0.003099    99.910     0.012639    99.660    99.740
 148     0.002867    99.922     0.012924    99.700    99.740
 149     0.002566    99.922     0.013847    99.650    99.740
