   0     0.516163    90.538     0.136125    98.760    98.760
   1     0.198882    97.278     0.077553    99.220    99.220
   2     0.134908    97.870     0.089887    98.540    99.220
   3     0.105819    98.080     0.056397    99.160    99.220
   4     0.085807    98.247     0.079130    98.500    99.220
   5     0.075921    98.350     0.041830    99.130    99.220
   6     0.066434    98.465     0.074420    98.300    99.220
   7     0.062357    98.495     0.034786    99.180    99.220
   8     0.057553    98.543     0.022796    99.420    99.420
   9     0.054032    98.677     0.023238    99.650    99.650
  10     0.050297    98.678     0.023787    99.500    99.650
  11     0.044776    98.822     0.021887    99.510    99.650
  12     0.045574    98.755     0.051478    98.590    99.650
  13     0.041548    98.905     0.021288    99.360    99.650
  14     0.039738    98.922     0.022417    99.510    99.650
  15     0.038168    98.935     0.018998    99.510    99.650
  16     0.035291    99.038     0.023365    99.390    99.650
  17     0.035417    99.040     0.025413    99.330    99.650
  18     0.035615    99.020     0.022120    99.500    99.650
  19     0.033284    99.035     0.014910    99.660    99.660
  20     0.031506    99.125     0.014917    99.620    99.660
  21     0.029810    99.223     0.054901    98.310    99.660
  22     0.027839    99.200     0.014356    99.630    99.660
  23     0.027771    99.197     0.013832    99.610    99.660
  24     0.025341    99.252     0.013974    99.570    99.660
  25     0.025770    99.272     0.012207    99.630    99.660
  26     0.024593    99.305     0.015178    99.590    99.660
  27     0.024650    99.272     0.015152    99.570    99.660
  28     0.024445    99.272     0.012299    99.620    99.660
  29     0.022908    99.352     0.010481    99.700    99.700
  30     0.020894    99.400     0.012715    99.610    99.700
  31     0.022028    99.317     0.013232    99.650    99.700
  32     0.021415    99.380     0.010566    99.700    99.700
  33     0.020217    99.433     0.010482    99.650    99.700
  34     0.019672    99.422     0.011955    99.670    99.700
  35     0.019139    99.443     0.013112    99.580    99.700
  36     0.018813    99.455     0.012469    99.650    99.700
  37     0.017077    99.538     0.010737    99.690    99.700
  38     0.018848    99.475     0.015692    99.590    99.700
  39     0.016352    99.530     0.013579    99.620    99.700
  40     0.017352    99.465     0.012776    99.600    99.700
  41     0.016351    99.535     0.012583    99.660    99.700
  42     0.015210    99.562     0.010832    99.680    99.700
  43     0.014994    99.560     0.010553    99.700    99.700
  44     0.016206    99.552     0.012582    99.650    99.700
  45     0.013615    99.600     0.011543    99.710    99.710
  46     0.013986    99.590     0.010895    99.720    99.720
  47     0.013871    99.613     0.014179    99.590    99.720
  48     0.014065    99.592     0.016043    99.570    99.720
  49     0.014667    99.568     0.010921    99.640    99.720
  50     0.012370    99.630     0.011108    99.680    99.720
  51     0.012275    99.645     0.013254    99.590    99.720
  52     0.012618    99.627     0.013726    99.620    99.720
  53     0.011583    99.658     0.011323    99.670    99.720
  54     0.011608    99.653     0.010829    99.640    99.720
  55     0.011771    99.662     0.013845    99.580    99.720
  56     0.012574    99.635     0.010849    99.660    99.720
  57     0.010745    99.685     0.010632    99.690    99.720
  58     0.010877    99.668     0.010877    99.640    99.720
  59     0.009752    99.708     0.010880    99.680    99.720
  60     0.010386    99.687     0.010769    99.650    99.720
  61     0.009354    99.733     0.010371    99.690    99.720
  62     0.010415    99.673     0.014050    99.590    99.720
  63     0.008660    99.757     0.011434    99.620    99.720
  64     0.008946    99.717     0.010612    99.710    99.720
  65     0.008966    99.738     0.010070    99.710    99.720
  66     0.009628    99.722     0.011391    99.690    99.720
  67     0.008271    99.792     0.012091    99.630    99.720
  68     0.007942    99.778     0.012928    99.670    99.720
  69     0.008745    99.772     0.012642    99.650    99.720
  70     0.007839    99.770     0.013337    99.600    99.720
  71     0.008868    99.722     0.011782    99.640    99.720
  72     0.008432    99.780     0.010712    99.670    99.720
  73     0.007759    99.772     0.011742    99.680    99.720
  74     0.008703    99.760     0.012224    99.690    99.720
  75     0.006843    99.807     0.011154    99.730    99.730
  76     0.007814    99.780     0.012471    99.660    99.730
  77     0.007191    99.793     0.010736    99.710    99.730
  78     0.007202    99.793     0.012294    99.680    99.730
  79     0.006810    99.805     0.011171    99.690    99.730
  80     0.006868    99.827     0.011394    99.690    99.730
  81     0.006535    99.807     0.011155    99.710    99.730
  82     0.006766    99.805     0.010586    99.690    99.730
  83     0.006458    99.817     0.012229    99.620    99.730
  84     0.006431    99.822     0.012328    99.650    99.730
  85     0.006616    99.795     0.011994    99.620    99.730
  86     0.005836    99.842     0.010827    99.680    99.730
  87     0.006622    99.810     0.011398    99.650    99.730
  88     0.005752    99.842     0.010574    99.690    99.730
  89     0.006547    99.817     0.012197    99.660    99.730
  90     0.005793    99.827     0.012025    99.700    99.730
  91     0.005521    99.838     0.011419    99.700    99.730
  92     0.005283    99.848     0.011828    99.670    99.730
  93     0.005617    99.835     0.011966    99.720    99.730
  94     0.005868    99.827     0.011728    99.720    99.730
  95     0.005609    99.843     0.011288    99.680    99.730
  96     0.005317    99.827     0.012858    99.660    99.730
  97     0.004945    99.855     0.010548    99.720    99.730
  98     0.005343    99.855     0.011430    99.680    99.730
  99     0.005367    99.820     0.010173    99.710    99.730
 100     0.004595    99.878     0.011626    99.700    99.730
 101     0.005125    99.847     0.012081    99.660    99.730
 102     0.005026    99.868     0.011678    99.690    99.730
 103     0.004719    99.863     0.011780    99.650    99.730
 104     0.005427    99.848     0.011093    99.650    99.730
 105     0.004215    99.885     0.010995    99.660    99.730
 106     0.004445    99.863     0.011337    99.640    99.730
 107     0.004386    99.885     0.011449    99.650    99.730
 108     0.003942    99.888     0.010681    99.690    99.730
 109     0.004517    99.860     0.012281    99.640    99.730
 110     0.004404    99.868     0.011023    99.670    99.730
 111     0.004255    99.888     0.011968    99.650    99.730
 112     0.003664    99.900     0.012430    99.660    99.730
 113     0.004275    99.872     0.011080    99.650    99.730
 114     0.004229    99.890     0.011884    99.650    99.730
 115     0.003829    99.885     0.010606    99.710    99.730
 116     0.003752    99.888     0.010477    99.680    99.730
 117     0.003319    99.907     0.011254    99.680    99.730
 118     0.004055    99.875     0.010744    99.690    99.730
 119     0.003699    99.903     0.010916    99.700    99.730
 120     0.003321    99.903     0.010554    99.680    99.730
 121     0.003581    99.907     0.012095    99.650    99.730
 122     0.003208    99.902     0.011684    99.670    99.730
 123     0.003306    99.903     0.011600    99.690    99.730
 124     0.003519    99.902     0.012052    99.680    99.730
 125     0.003881    99.887     0.012001    99.670    99.730
 126     0.004100    99.873     0.012432    99.610    99.730
 127     0.003083    99.923     0.011651    99.690    99.730
 128     0.003322    99.910     0.011493    99.680    99.730
 129     0.004283    99.873     0.011681    99.670    99.730
 130     0.003289    99.920     0.011407    99.640    99.730
 131     0.002783    99.933     0.011875    99.630    99.730
 132     0.003033    99.917     0.011837    99.640    99.730
 133     0.003363    99.900     0.010925    99.690    99.730
 134     0.002842    99.928     0.012740    99.670    99.730
 135     0.003307    99.905     0.011329    99.660    99.730
 136     0.003053    99.908     0.011908    99.690    99.730
 137     0.003200    99.908     0.011440    99.700    99.730
 138     0.003180    99.912     0.011810    99.710    99.730
 139     0.003249    99.898     0.011742    99.710    99.730
 140     0.003447    99.912     0.011395    99.710    99.730
 141     0.003386    99.913     0.011386    99.690    99.730
 142     0.002474    99.940     0.012463    99.660    99.730
 143     0.002684    99.923     0.011773    99.710    99.730
 144     0.002708    99.923     0.011632    99.650    99.730
 145     0.002475    99.935     0.011483    99.690    99.730
 146     0.002641    99.935     0.012381    99.670    99.730
 147     0.003083    99.915     0.012649    99.670    99.730
 148     0.002871    99.923     0.012999    99.660    99.730
 149     0.002583    99.932     0.012437    99.650    99.730
