   0     0.526663    90.210     0.167053    98.420    98.420
   1     0.200255    97.375     0.085039    98.660    98.660
   2     0.137777    97.765     0.070872    98.990    98.990
   3     0.104132    98.090     0.038694    99.370    99.370
   4     0.089290    98.197     0.048603    99.190    99.370
   5     0.075247    98.357     0.031175    99.340    99.370
   6     0.067571    98.450     0.026146    99.470    99.470
   7     0.061170    98.515     0.049341    98.840    99.470
   8     0.057330    98.595     0.023859    99.510    99.510
   9     0.053309    98.665     0.025759    99.480    99.510
  10     0.050441    98.683     0.039587    99.030    99.510
  11     0.046925    98.792     0.029116    99.360    99.510
  12     0.043664    98.817     0.021954    99.440    99.510
  13     0.043096    98.810     0.018302    99.550    99.550
  14     0.038181    98.973     0.016689    99.600    99.600
  15     0.039917    98.907     0.017570    99.500    99.600
  16     0.037072    99.027     0.013857    99.600    99.600
  17     0.034761    99.032     0.016102    99.530    99.600
  18     0.032601    99.087     0.017332    99.450    99.600
  19     0.028664    99.235     0.016163    99.590    99.600
  20     0.031176    99.162     0.011963    99.710    99.710
  21     0.031649    99.122     0.028558    99.140    99.710
  22     0.028572    99.223     0.013026    99.670    99.710
  23     0.026404    99.263     0.013326    99.600    99.710
  24     0.026113    99.262     0.013487    99.590    99.710
  25     0.026989    99.245     0.011115    99.670    99.710
  26     0.026586    99.235     0.013771    99.590    99.710
  27     0.024929    99.258     0.014583    99.590    99.710
  28     0.024285    99.313     0.011535    99.710    99.710
  29     0.022845    99.345     0.009831    99.690    99.710
  30     0.022074    99.340     0.013010    99.610    99.710
  31     0.021173    99.398     0.011195    99.670    99.710
  32     0.021161    99.408     0.012248    99.590    99.710
  33     0.020737    99.387     0.012210    99.640    99.710
  34     0.019654    99.460     0.012048    99.580    99.710
  35     0.019171    99.432     0.012922    99.640    99.710
  36     0.018098    99.477     0.012487    99.560    99.710
  37     0.017877    99.445     0.012273    99.620    99.710
  38     0.017700    99.460     0.010617    99.670    99.710
  39     0.017416    99.505     0.010028    99.660    99.710
  40     0.016297    99.498     0.014806    99.620    99.710
  41     0.015528    99.553     0.011176    99.710    99.710
  42     0.017130    99.518     0.010423    99.740    99.740
  43     0.015638    99.528     0.013128    99.600    99.740
  44     0.015415    99.528     0.012406    99.630    99.740
  45     0.014420    99.588     0.010819    99.650    99.740
  46     0.015276    99.563     0.011872    99.660    99.740
  47     0.014246    99.603     0.009741    99.710    99.740
  48     0.013595    99.632     0.011220    99.650    99.740
  49     0.012877    99.635     0.011142    99.690    99.740
  50     0.012971    99.625     0.010588    99.650    99.740
  51     0.012307    99.652     0.010559    99.670    99.740
  52     0.012882    99.632     0.010532    99.720    99.740
  53     0.011295    99.677     0.011558    99.600    99.740
  54     0.012163    99.633     0.011482    99.600    99.740
  55     0.011949    99.652     0.013231    99.630    99.740
  56     0.011448    99.658     0.009929    99.700    99.740
  57     0.011160    99.672     0.013578    99.630    99.740
  58     0.009780    99.697     0.011584    99.620    99.740
  59     0.010116    99.700     0.012152    99.660    99.740
  60     0.010448    99.687     0.013838    99.560    99.740
  61     0.010742    99.690     0.013122    99.650    99.740
  62     0.010322    99.692     0.010779    99.640    99.740
  63     0.010564    99.688     0.011894    99.640    99.740
  64     0.009038    99.730     0.011936    99.610    99.740
  65     0.008976    99.713     0.010723    99.640    99.740
  66     0.009023    99.738     0.012858    99.640    99.740
  67     0.009313    99.728     0.012816    99.640    99.740
  68     0.008544    99.768     0.015803    99.540    99.740
  69     0.008883    99.740     0.011901    99.680    99.740
  70     0.008398    99.755     0.013445    99.560    99.740
  71     0.008359    99.747     0.012646    99.620    99.740
  72     0.008023    99.758     0.011200    99.700    99.740
  73     0.008486    99.772     0.011166    99.730    99.740
  74     0.007683    99.787     0.011945    99.630    99.740
  75     0.008448    99.753     0.013108    99.570    99.740
  76     0.007281    99.793     0.013209    99.600    99.740
  77     0.008310    99.762     0.011907    99.620    99.740
  78     0.006928    99.798     0.011161    99.650    99.740
  79     0.007390    99.783     0.011218    99.680    99.740
  80     0.006460    99.812     0.012348    99.680    99.740
  81     0.006472    99.802     0.014049    99.620    99.740
  82     0.007101    99.815     0.012553    99.700    99.740
  83     0.006835    99.802     0.011882    99.660    99.740
  84     0.006620    99.798     0.011072    99.690    99.740
  85     0.006240    99.817     0.012121    99.630    99.740
  86     0.005774    99.820     0.012178    99.650    99.740
  87     0.005458    99.835     0.013097    99.560    99.740
  88     0.006065    99.817     0.013905    99.560    99.740
  89     0.005495    99.833     0.012267    99.650    99.740
  90     0.005478    99.850     0.015435    99.550    99.740
  91     0.005508    99.840     0.013123    99.620    99.740
  92     0.006486    99.795     0.012641    99.590    99.740
  93     0.005204    99.868     0.011864    99.590    99.740
  94     0.004436    99.880     0.014090    99.520    99.740
  95     0.005424    99.835     0.012496    99.650    99.740
  96     0.005505    99.853     0.012067    99.620    99.740
  97     0.004972    99.850     0.012882    99.660    99.740
  98     0.004424    99.872     0.012865    99.630    99.740
  99     0.005455    99.845     0.012519    99.640    99.740
 100     0.004926    99.847     0.012923    99.620    99.740
 101     0.004594    99.858     0.011873    99.670    99.740
 102     0.004305    99.882     0.013454    99.670    99.740
 103     0.004508    99.878     0.012389    99.650    99.740
 104     0.004003    99.885     0.012624    99.680    99.740
 105     0.004090    99.888     0.014764    99.600    99.740
 106     0.004483    99.870     0.015325    99.600    99.740
 107     0.004348    99.877     0.014748    99.610    99.740
 108     0.004513    99.847     0.014271    99.610    99.740
 109     0.005264    99.827     0.014102    99.630    99.740
 110     0.004243    99.862     0.013000    99.670    99.740
 111     0.004432    99.872     0.013641    99.680    99.740
 112     0.003872    99.898     0.012356    99.650    99.740
 113     0.003584    99.898     0.013041    99.650    99.740
 114     0.003961    99.880     0.012297    99.650    99.740
 115     0.004045    99.893     0.012869    99.650    99.740
 116     0.004281    99.882     0.012416    99.600    99.740
 117     0.003818    99.878     0.012344    99.640    99.740
 118     0.003773    99.882     0.012810    99.660    99.740
 119     0.004147    99.882     0.013053    99.640    99.740
 120     0.003371    99.910     0.012638    99.670    99.740
 121     0.003606    99.890     0.012695    99.670    99.740
 122     0.003663    99.897     0.012009    99.660    99.740
 123     0.002935    99.925     0.013815    99.590    99.740
 124     0.003855    99.900     0.014879    99.610    99.740
 125     0.003402    99.905     0.014498    99.590    99.740
 126     0.003508    99.903     0.013564    99.600    99.740
 127     0.003172    99.907     0.013352    99.640    99.740
 128     0.003221    99.910     0.013358    99.640    99.740
 129     0.003340    99.902     0.013920    99.610    99.740
 130     0.002968    99.917     0.013539    99.660    99.740
 131     0.003373    99.902     0.013919    99.630    99.740
 132     0.003357    99.913     0.015008    99.620    99.740
 133     0.002700    99.925     0.014284    99.640    99.740
 134     0.003479    99.905     0.014138    99.640    99.740
 135     0.002649    99.927     0.014267    99.640    99.740
 136     0.002878    99.928     0.013614    99.630    99.740
 137     0.003105    99.907     0.014260    99.570    99.740
 138     0.003069    99.927     0.014002    99.610    99.740
 139     0.003012    99.903     0.014152    99.600    99.740
 140     0.003535    99.890     0.013817    99.690    99.740
 141     0.002938    99.922     0.014268    99.640    99.740
 142     0.002798    99.922     0.014694    99.640    99.740
 143     0.002904    99.915     0.014081    99.610    99.740
 144     0.002814    99.925     0.014278    99.590    99.740
 145     0.002799    99.925     0.013244    99.650    99.740
 146     0.002801    99.918     0.013726    99.670    99.740
 147     0.002381    99.933     0.013285    99.640    99.740
 148     0.003255    99.902     0.013070    99.700    99.740
 149     0.002977    99.925     0.013242    99.650    99.740
