   0     0.519184    90.512     0.116582    99.040    99.040
   1     0.194642    97.500     0.071896    99.100    99.100
   2     0.134655    97.815     0.057247    99.360    99.360
   3     0.103283    98.057     0.050361    99.180    99.360
   4     0.083720    98.325     0.037871    99.270    99.360
   5     0.076828    98.328     0.040374    99.280    99.360
   6     0.066969    98.513     0.027711    99.470    99.470
   7     0.062100    98.565     0.036008    99.370    99.470
   8     0.056379    98.637     0.021436    99.500    99.500
   9     0.050221    98.710     0.044485    98.880    99.500
  10     0.047232    98.772     0.093742    97.790    99.500
  11     0.046144    98.747     0.027853    99.400    99.500
  12     0.044051    98.835     0.022995    99.540    99.540
  13     0.041331    98.872     0.019485    99.490    99.540
  14     0.039176    98.950     0.028763    99.370    99.540
  15     0.036953    98.992     0.013867    99.620    99.620
  16     0.036617    98.980     0.022885    99.470    99.620
  17     0.034009    99.063     0.020483    99.440    99.620
  18     0.033252    99.090     0.017864    99.530    99.620
  19     0.032607    99.088     0.048793    98.670    99.620
  20     0.031104    99.115     0.024611    99.450    99.620
  21     0.029523    99.195     0.015687    99.550    99.620
  22     0.027989    99.225     0.016089    99.530    99.620
  23     0.027263    99.223     0.013334    99.580    99.620
  24     0.026913    99.250     0.017366    99.400    99.620
  25     0.024744    99.275     0.019970    99.390    99.620
  26     0.024361    99.342     0.015864    99.460    99.620
  27     0.024321    99.322     0.011802    99.690    99.690
  28     0.022808    99.332     0.015353    99.530    99.690
  29     0.022152    99.348     0.016190    99.550    99.690
  30     0.021562    99.375     0.012266    99.600    99.690
  31     0.022193    99.383     0.011965    99.640    99.690
  32     0.021241    99.398     0.009779    99.660    99.690
  33     0.019099    99.477     0.010916    99.670    99.690
  34     0.019911    99.437     0.011626    99.630    99.690
  35     0.019189    99.462     0.013420    99.570    99.690
  36     0.018395    99.437     0.013406    99.590    99.690
  37     0.017499    99.510     0.010992    99.580    99.690
  38     0.017807    99.505     0.012423    99.630    99.690
  39     0.016179    99.512     0.014022    99.600    99.690
  40     0.016574    99.487     0.014436    99.550    99.690
  41     0.015860    99.520     0.010755    99.620    99.690
  42     0.015281    99.558     0.012283    99.650    99.690
  43     0.015516    99.537     0.010177    99.710    99.710
  44     0.014348    99.567     0.013704    99.580    99.710
  45     0.014354    99.567     0.015051    99.600    99.710
  46     0.013725    99.607     0.013064    99.600    99.710
  47     0.014049    99.580     0.011416    99.680    99.710
  48     0.012901    99.635     0.010726    99.560    99.710
  49     0.012568    99.643     0.014040    99.570    99.710
  50     0.013759    99.587     0.011688    99.590    99.710
  51     0.012442    99.645     0.014752    99.530    99.710
  52     0.012084    99.628     0.010594    99.640    99.710
  53     0.011344    99.662     0.011370    99.690    99.710
  54     0.010235    99.720     0.010378    99.660    99.710
  55     0.011355    99.690     0.009032    99.700    99.710
  56     0.011506    99.670     0.010702    99.690    99.710
  57     0.011825    99.658     0.009243    99.750    99.750
  58     0.010847    99.692     0.011899    99.640    99.750
  59     0.010429    99.707     0.010425    99.690    99.750
  60     0.009845    99.700     0.011007    99.640    99.750
  61     0.009931    99.733     0.009320    99.750    99.750
  62     0.009040    99.737     0.010938    99.700    99.750
  63     0.008394    99.750     0.011070    99.650    99.750
  64     0.010087    99.708     0.010975    99.710    99.750
  65     0.008499    99.752     0.010279    99.710    99.750
  66     0.008491    99.760     0.011134    99.680    99.750
  67     0.008924    99.738     0.013260    99.630    99.750
  68     0.008168    99.778     0.010303    99.670    99.750
  69     0.008165    99.757     0.010405    99.730    99.750
  70     0.008216    99.743     0.014312    99.600    99.750
  71     0.007975    99.747     0.011390    99.650    99.750
  72     0.007827    99.772     0.013491    99.650    99.750
  73     0.007747    99.787     0.010124    99.690    99.750
  74     0.007863    99.760     0.010808    99.710    99.750
  75     0.005930    99.842     0.011686    99.670    99.750
  76     0.007129    99.787     0.011265    99.650    99.750
  77     0.007161    99.770     0.009358    99.720    99.750
  78     0.007290    99.777     0.009569    99.690    99.750
  79     0.006637    99.807     0.010552    99.700    99.750
  80     0.006423    99.833     0.010591    99.720    99.750
  81     0.006751    99.810     0.010293    99.680    99.750
  82     0.006943    99.798     0.011909    99.690    99.750
  83     0.005759    99.837     0.009573    99.700    99.750
  84     0.006158    99.833     0.009923    99.710    99.750
  85     0.006213    99.822     0.012961    99.610    99.750
  86     0.006810    99.787     0.010949    99.640    99.750
  87     0.005462    99.843     0.013071    99.600    99.750
  88     0.006102    99.803     0.011223    99.630    99.750
  89     0.006166    99.827     0.011707    99.640    99.750
  90     0.006389    99.822     0.011456    99.650    99.750
  91     0.005628    99.863     0.010652    99.700    99.750
  92     0.005424    99.863     0.011043    99.620    99.750
  93     0.005709    99.828     0.010247    99.710    99.750
  94     0.005642    99.850     0.012127    99.620    99.750
  95     0.005092    99.855     0.011717    99.670    99.750
  96     0.006080    99.817     0.010377    99.670    99.750
  97     0.004881    99.845     0.010851    99.660    99.750
  98     0.004425    99.875     0.012351    99.710    99.750
  99     0.004929    99.850     0.011597    99.720    99.750
 100     0.004113    99.888     0.009510    99.770    99.770
 101     0.004994    99.857     0.008570    99.730    99.770
 102     0.004567    99.867     0.010827    99.660    99.770
 103     0.004754    99.857     0.010884    99.740    99.770
 104     0.004258    99.883     0.009154    99.740    99.770
 105     0.005131    99.850     0.011246    99.680    99.770
 106     0.004263    99.885     0.010134    99.720    99.770
 107     0.004434    99.868     0.009796    99.700    99.770
 108     0.003624    99.898     0.009535    99.700    99.770
 109     0.004810    99.852     0.010242    99.690    99.770
 110     0.003743    99.888     0.010199    99.720    99.770
 111     0.004124    99.890     0.010004    99.710    99.770
 112     0.004124    99.875     0.011987    99.640    99.770
 113     0.004545    99.832     0.009757    99.720    99.770
 114     0.004094    99.885     0.011360    99.680    99.770
 115     0.004240    99.887     0.010933    99.620    99.770
 116     0.004006    99.888     0.010806    99.680    99.770
 117     0.003643    99.885     0.011098    99.690    99.770
 118     0.003241    99.903     0.010429    99.720    99.770
 119     0.003155    99.913     0.012104    99.670    99.770
 120     0.002982    99.920     0.011376    99.660    99.770
 121     0.003406    99.907     0.011304    99.670    99.770
 122     0.003216    99.915     0.012070    99.650    99.770
 123     0.002972    99.920     0.011534    99.630    99.770
 124     0.003041    99.912     0.011130    99.660    99.770
 125     0.003385    99.900     0.011469    99.670    99.770
 126     0.003746    99.895     0.011629    99.660    99.770
 127     0.003327    99.913     0.011728    99.680    99.770
 128     0.003338    99.902     0.012077    99.660    99.770
 129     0.003487    99.900     0.011528    99.660    99.770
 130     0.003275    99.898     0.010520    99.670    99.770
 131     0.003090    99.907     0.009978    99.700    99.770
 132     0.003035    99.915     0.009555    99.720    99.770
 133     0.003205    99.920     0.009986    99.730    99.770
 134     0.003030    99.917     0.011116    99.700    99.770
 135     0.002851    99.925     0.010075    99.690    99.770
 136     0.003322    99.897     0.011274    99.690    99.770
 137     0.003018    99.913     0.010915    99.690    99.770
 138     0.002469    99.932     0.010565    99.700    99.770
 139     0.002666    99.937     0.011504    99.660    99.770
 140     0.002542    99.928     0.011479    99.690    99.770
 141     0.003063    99.918     0.011900    99.690    99.770
 142     0.002592    99.927     0.011369    99.680    99.770
 143     0.002323    99.935     0.012074    99.670    99.770
 144     0.003205    99.913     0.011074    99.680    99.770
 145     0.002655    99.933     0.011440    99.690    99.770
 146     0.002255    99.938     0.011087    99.740    99.770
 147     0.002744    99.915     0.011622    99.670    99.770
 148     0.002590    99.933     0.012652    99.640    99.770
 149     0.002675    99.922     0.011845    99.720    99.770
