   0     0.538942    89.690     0.135184    99.030    99.030
   1     0.198415    97.338     0.085516    98.980    99.030
   2     0.135469    97.737     0.062354    99.110    99.110
   3     0.103071    98.128     0.083079    98.670    99.110
   4     0.085975    98.295     0.128419    97.590    99.110
   5     0.074232    98.382     0.058166    99.000    99.110
   6     0.068810    98.392     0.031722    99.490    99.490
   7     0.061859    98.468     0.035064    99.330    99.490
   8     0.056413    98.607     0.027307    99.460    99.490
   9     0.052237    98.717     0.028293    99.270    99.490
  10     0.050268    98.705     0.045454    98.910    99.490
  11     0.050639    98.700     0.025153    99.420    99.490
  12     0.045428    98.780     0.026712    99.340    99.490
  13     0.040665    98.887     0.021676    99.560    99.560
  14     0.041557    98.923     0.017739    99.590    99.590
  15     0.038143    98.972     0.021591    99.520    99.590
  16     0.037710    98.997     0.021107    99.500    99.590
  17     0.036993    98.947     0.018489    99.480    99.590
  18     0.033923    99.003     0.017955    99.580    99.590
  19     0.033355    99.030     0.030629    99.070    99.590
  20     0.031176    99.140     0.031072    99.230    99.590
  21     0.028807    99.168     0.022703    99.380    99.590
  22     0.028809    99.180     0.013880    99.580    99.590
  23     0.025286    99.290     0.014409    99.590    99.590
  24     0.028424    99.202     0.017875    99.510    99.590
  25     0.024904    99.312     0.013589    99.610    99.610
  26     0.026550    99.223     0.020120    99.450    99.610
  27     0.025025    99.288     0.014742    99.540    99.610
  28     0.023925    99.307     0.012923    99.610    99.610
  29     0.022229    99.373     0.013138    99.670    99.670
  30     0.022257    99.373     0.016160    99.490    99.670
  31     0.021102    99.417     0.015617    99.580    99.670
  32     0.020320    99.428     0.013577    99.590    99.670
  33     0.019574    99.435     0.011890    99.670    99.670
  34     0.019960    99.440     0.010837    99.690    99.690
  35     0.019718    99.440     0.009906    99.700    99.700
  36     0.019654    99.433     0.013578    99.590    99.700
  37     0.018779    99.467     0.009878    99.740    99.740
  38     0.018414    99.452     0.011938    99.610    99.740
  39     0.018025    99.482     0.010850    99.630    99.740
  40     0.016623    99.518     0.009809    99.740    99.740
  41     0.016586    99.487     0.014530    99.580    99.740
  42     0.015740    99.550     0.010742    99.690    99.740
  43     0.016391    99.507     0.012146    99.610    99.740
  44     0.014381    99.570     0.016914    99.480    99.740
  45     0.015306    99.547     0.011704    99.710    99.740
  46     0.014911    99.570     0.012011    99.660    99.740
  47     0.013483    99.593     0.010213    99.710    99.740
  48     0.013372    99.602     0.014247    99.600    99.740
  49     0.012913    99.595     0.011566    99.630    99.740
  50     0.012258    99.627     0.010036    99.710    99.740
  51     0.013456    99.595     0.011890    99.710    99.740
  52     0.012446    99.627     0.010041    99.710    99.740
  53     0.013631    99.598     0.009988    99.720    99.740
  54     0.012071    99.660     0.010735    99.640    99.740
  55     0.010883    99.687     0.011464    99.690    99.740
  56     0.011639    99.668     0.011466    99.620    99.740
  57     0.010602    99.683     0.010428    99.700    99.740
  58     0.010458    99.723     0.011592    99.660    99.740
  59     0.009869    99.717     0.010846    99.630    99.740
  60     0.010791    99.697     0.010015    99.740    99.740
  61     0.010900    99.690     0.011823    99.660    99.740
  62     0.010101    99.717     0.010582    99.630    99.740
  63     0.010189    99.697     0.011416    99.650    99.740
  64     0.010400    99.700     0.011175    99.670    99.740
  65     0.009403    99.752     0.011484    99.680    99.740
  66     0.009712    99.715     0.011780    99.660    99.740
  67     0.008866    99.722     0.010686    99.680    99.740
  68     0.007970    99.755     0.011404    99.660    99.740
  69     0.008595    99.745     0.013186    99.630    99.740
  70     0.008627    99.732     0.011499    99.640    99.740
  71     0.007889    99.772     0.016188    99.500    99.740
  72     0.008701    99.757     0.011284    99.660    99.740
  73     0.007630    99.783     0.011725    99.640    99.740
  74     0.007783    99.788     0.013193    99.630    99.740
  75     0.007714    99.762     0.011504    99.690    99.740
  76     0.006793    99.783     0.011041    99.730    99.740
  77     0.007522    99.757     0.013351    99.640    99.740
  78     0.006607    99.828     0.010446    99.710    99.740
  79     0.007871    99.757     0.011429    99.610    99.740
  80     0.007036    99.792     0.011040    99.660    99.740
  81     0.007153    99.795     0.010710    99.720    99.740
  82     0.006900    99.800     0.011604    99.690    99.740
  83     0.006655    99.803     0.010619    99.720    99.740
  84     0.007651    99.777     0.011959    99.650    99.740
  85     0.006128    99.830     0.011429    99.670    99.740
  86     0.006294    99.820     0.011430    99.650    99.740
  87     0.006158    99.808     0.010999    99.660    99.740
  88     0.005284    99.868     0.010389    99.720    99.740
  89     0.006073    99.818     0.010110    99.710    99.740
  90     0.006150    99.825     0.010116    99.710    99.740
  91     0.005715    99.832     0.009679    99.750    99.750
  92     0.005566    99.840     0.009569    99.750    99.750
  93     0.005701    99.835     0.011162    99.690    99.750
  94     0.004829    99.875     0.011610    99.670    99.750
  95     0.005553    99.843     0.011352    99.730    99.750
  96     0.005562    99.840     0.010843    99.760    99.760
  97     0.004829    99.852     0.010738    99.700    99.760
  98     0.005050    99.850     0.011408    99.690    99.760
  99     0.005102    99.857     0.010480    99.740    99.760
 100     0.004520    99.887     0.010994    99.690    99.760
 101     0.005544    99.845     0.012638    99.650    99.760
 102     0.005045    99.848     0.011666    99.650    99.760
 103     0.005016    99.838     0.012113    99.710    99.760
 104     0.004563    99.862     0.011909    99.710    99.760
 105     0.004596    99.865     0.011000    99.690    99.760
 106     0.004810    99.865     0.013074    99.610    99.760
 107     0.004385    99.875     0.011675    99.670    99.760
 108     0.004510    99.878     0.012311    99.630    99.760
 109     0.004486    99.870     0.012770    99.620    99.760
 110     0.004460    99.875     0.012230    99.670    99.760
 111     0.004734    99.857     0.012969    99.610    99.760
 112     0.003852    99.902     0.012271    99.660    99.760
 113     0.004015    99.885     0.011663    99.660    99.760
 114     0.004161    99.882     0.012877    99.640    99.760
 115     0.004001    99.895     0.011917    99.650    99.760
 116     0.004029    99.885     0.012735    99.680    99.760
 117     0.004316    99.882     0.011449    99.690    99.760
 118     0.003645    99.897     0.011167    99.700    99.760
 119     0.003474    99.902     0.011318    99.700    99.760
 120     0.004058    99.897     0.012344    99.680    99.760
 121     0.003771    99.890     0.012005    99.670    99.760
 122     0.004286    99.880     0.011758    99.720    99.760
 123     0.003619    99.892     0.011607    99.670    99.760
 124     0.003620    99.898     0.012183    99.700    99.760
 125     0.003735    99.893     0.011927    99.690    99.760
 126     0.003711    99.903     0.012114    99.710    99.760
 127     0.003825    99.903     0.011499    99.710    99.760
 128     0.003597    99.893     0.011979    99.700    99.760
 129     0.003229    99.915     0.013261    99.640    99.760
 130     0.003486    99.888     0.012589    99.650    99.760
 131     0.003364    99.908     0.013276    99.620    99.760
 132     0.003293    99.900     0.011865    99.700    99.760
 133     0.003263    99.920     0.011929    99.700    99.760
 134     0.003631    99.903     0.011571    99.690    99.760
 135     0.002928    99.922     0.010707    99.710    99.760
 136     0.002932    99.918     0.011500    99.710    99.760
 137     0.003263    99.910     0.011330    99.700    99.760
 138     0.003013    99.920     0.011679    99.670    99.760
 139     0.003123    99.908     0.011809    99.670    99.760
 140     0.003144    99.920     0.011680    99.670    99.760
 141     0.003402    99.892     0.012207    99.670    99.760
 142     0.002928    99.915     0.012884    99.670    99.760
 143     0.002883    99.910     0.012805    99.640    99.760
 144     0.002990    99.910     0.013111    99.670    99.760
 145     0.003089    99.907     0.011339    99.690    99.760
 146     0.002477    99.938     0.011655    99.710    99.760
 147     0.002917    99.922     0.011935    99.700    99.760
 148     0.003117    99.902     0.011615    99.730    99.760
 149     0.002841    99.925     0.011244    99.740    99.760
