   0     0.529760    90.195     0.130060    98.920    98.920
   1     0.201008    97.268     0.074568    99.200    99.200
   2     0.134883    97.812     0.057860    99.080    99.200
   3     0.107996    97.957     0.061484    99.040    99.200
   4     0.090183    98.143     0.042794    99.310    99.310
   5     0.075642    98.392     0.021996    99.480    99.480
   6     0.068028    98.417     0.042880    99.030    99.480
   7     0.063408    98.483     0.029550    99.400    99.480
   8     0.057078    98.580     0.027305    99.540    99.540
   9     0.053284    98.662     0.032316    99.110    99.540
  10     0.050028    98.745     0.026788    99.400    99.540
  11     0.049179    98.718     0.023829    99.490    99.540
  12     0.044553    98.827     0.015688    99.590    99.590
  13     0.042554    98.878     0.017629    99.500    99.590
  14     0.041201    98.902     0.025875    99.340    99.590
  15     0.039243    98.967     0.030714    99.120    99.590
  16     0.038213    98.910     0.017834    99.530    99.590
  17     0.035654    99.003     0.019125    99.550    99.590
  18     0.032419    99.118     0.017363    99.540    99.590
  19     0.031877    99.103     0.016291    99.530    99.590
  20     0.032032    99.077     0.018330    99.530    99.590
  21     0.032286    99.077     0.023691    99.290    99.590
  22     0.029007    99.192     0.013137    99.610    99.610
  23     0.026809    99.238     0.013387    99.630    99.630
  24     0.027866    99.232     0.013681    99.650    99.650
  25     0.025726    99.273     0.015875    99.610    99.650
  26     0.026551    99.238     0.012514    99.660    99.660
  27     0.026335    99.252     0.016469    99.580    99.660
  28     0.022428    99.372     0.011497    99.660    99.660
  29     0.022404    99.337     0.010436    99.720    99.720
  30     0.022216    99.390     0.015834    99.600    99.720
  31     0.021207    99.408     0.012714    99.650    99.720
  32     0.022053    99.377     0.012468    99.680    99.720
  33     0.020162    99.417     0.012595    99.600    99.720
  34     0.021095    99.367     0.009647    99.730    99.730
  35     0.019653    99.462     0.010992    99.720    99.730
  36     0.019204    99.447     0.017166    99.500    99.730
  37     0.018187    99.492     0.009546    99.730    99.730
  38     0.018033    99.508     0.011989    99.680    99.730
  39     0.018276    99.480     0.009448    99.710    99.730
  40     0.016147    99.538     0.012981    99.530    99.730
  41     0.016762    99.478     0.010731    99.650    99.730
  42     0.017245    99.498     0.010428    99.720    99.730
  43     0.015217    99.577     0.012431    99.650    99.730
  44     0.014224    99.597     0.010056    99.720    99.730
  45     0.015627    99.538     0.011957    99.590    99.730
  46     0.014380    99.587     0.010069    99.690    99.730
  47     0.014967    99.575     0.012880    99.630    99.730
  48     0.015021    99.587     0.011113    99.690    99.730
  49     0.012645    99.665     0.010676    99.700    99.730
  50     0.013699    99.597     0.014361    99.580    99.730
  51     0.012124    99.645     0.009683    99.700    99.730
  52     0.012486    99.648     0.012163    99.600    99.730
  53     0.012452    99.648     0.009341    99.720    99.730
  54     0.010990    99.718     0.010978    99.670    99.730
  55     0.011213    99.670     0.010300    99.660    99.730
  56     0.011300    99.665     0.008266    99.720    99.730
  57     0.010796    99.683     0.010948    99.670    99.730
  58     0.010945    99.692     0.011820    99.670    99.730
  59     0.010817    99.692     0.011262    99.630    99.730
  60     0.010908    99.693     0.011499    99.640    99.730
  61     0.011412    99.682     0.010595    99.690    99.730
  62     0.010645    99.692     0.011592    99.640    99.730
  63     0.008295    99.735     0.011653    99.690    99.730
  64     0.009614    99.700     0.011233    99.650    99.730
  65     0.009217    99.732     0.012204    99.620    99.730
  66     0.009070    99.730     0.010559    99.640    99.730
  67     0.009382    99.733     0.010869    99.670    99.730
  68     0.008860    99.722     0.012236    99.650    99.730
  69     0.008353    99.772     0.010195    99.660    99.730
  70     0.008427    99.747     0.008455    99.740    99.740
  71     0.007930    99.777     0.008100    99.740    99.740
  72     0.008821    99.760     0.009380    99.740    99.740
  73     0.008188    99.760     0.010205    99.630    99.740
  74     0.007862    99.770     0.008921    99.650    99.740
  75     0.008061    99.753     0.011148    99.650    99.740
  76     0.008101    99.767     0.009932    99.690    99.740
  77     0.007523    99.773     0.010197    99.720    99.740
  78     0.006395    99.795     0.011601    99.650    99.740
  79     0.006398    99.808     0.011251    99.670    99.740
  80     0.006626    99.805     0.011909    99.690    99.740
  81     0.007431    99.790     0.010879    99.720    99.740
  82     0.007292    99.795     0.011004    99.670    99.740
  83     0.007166    99.802     0.010789    99.700    99.740
  84     0.005995    99.833     0.010143    99.680    99.740
  85     0.005756    99.842     0.011460    99.670    99.740
  86     0.006178    99.843     0.011944    99.640    99.740
  87     0.006395    99.812     0.010491    99.620    99.740
  88     0.005820    99.838     0.010798    99.660    99.740
  89     0.006145    99.823     0.010865    99.680    99.740
  90     0.005435    99.848     0.013000    99.660    99.740
  91     0.006346    99.815     0.010293    99.660    99.740
  92     0.005771    99.850     0.011510    99.680    99.740
  93     0.005431    99.840     0.012028    99.660    99.740
  94     0.005382    99.840     0.010929    99.700    99.740
  95     0.004360    99.878     0.013130    99.630    99.740
  96     0.004597    99.880     0.012724    99.660    99.740
  97     0.005542    99.855     0.010245    99.690    99.740
  98     0.005373    99.830     0.010532    99.660    99.740
  99     0.004774    99.873     0.010935    99.690    99.740
 100     0.004798    99.863     0.011336    99.690    99.740
 101     0.004822    99.862     0.011856    99.690    99.740
 102     0.004863    99.848     0.011075    99.700    99.740
 103     0.005075    99.847     0.011293    99.630    99.740
 104     0.004493    99.872     0.010804    99.680    99.740
 105     0.004431    99.872     0.011642    99.690    99.740
 106     0.004491    99.877     0.012772    99.680    99.740
 107     0.004659    99.873     0.010898    99.740    99.740
 108     0.003981    99.887     0.011100    99.680    99.740
 109     0.003718    99.902     0.012133    99.650    99.740
 110     0.004592    99.872     0.012100    99.700    99.740
 111     0.004641    99.863     0.011815    99.710    99.740
 112     0.004009    99.875     0.011435    99.700    99.740
 113     0.003724    99.892     0.012095    99.670    99.740
 114     0.004609    99.862     0.011500    99.670    99.740
 115     0.003926    99.883     0.011682    99.660    99.740
 116     0.004141    99.888     0.010864    99.650    99.740
 117     0.003844    99.895     0.012050    99.660    99.740
 118     0.004445    99.867     0.010829    99.670    99.740
 119     0.003437    99.905     0.011252    99.690    99.740
 120     0.004084    99.878     0.010665    99.730    99.740
 121     0.003683    99.890     0.011846    99.690    99.740
 122     0.003924    99.885     0.010938    99.670    99.740
 123     0.003083    99.922     0.011152    99.700    99.740
 124     0.003275    99.903     0.012010    99.680    99.740
 125     0.003174    99.903     0.012436    99.640    99.740
 126     0.003396    99.908     0.011968    99.640    99.740
 127     0.003155    99.918     0.011361    99.670    99.740
 128     0.003419    99.898     0.012224    99.650    99.740
 129     0.003459    99.898     0.012077    99.640    99.740
 130     0.003457    99.910     0.011766    99.670    99.740
 131     0.003368    99.912     0.011761    99.660    99.740
 132     0.003676    99.888     0.011415    99.680    99.740
 133     0.003406    99.908     0.012411    99.680    99.740
 134     0.003423    99.910     0.012674    99.710    99.740
 135     0.003223    99.910     0.011792    99.680    99.740
 136     0.002791    99.918     0.012831    99.690    99.740
 137     0.002958    99.920     0.012490    99.660    99.740
 138     0.003271    99.910     0.012323    99.670    99.740
 139     0.002638    99.937     0.012395    99.650    99.740
 140     0.002779    99.925     0.012163    99.690    99.740
 141     0.003238    99.913     0.012804    99.690    99.740
 142     0.002914    99.927     0.011818    99.700    99.740
 143     0.002902    99.922     0.012319    99.700    99.740
 144     0.003233    99.917     0.012282    99.690    99.740
 145     0.003457    99.902     0.011498    99.710    99.740
 146     0.002826    99.927     0.012244    99.680    99.740
 147     0.002855    99.918     0.011775    99.700    99.740
 148     0.003400    99.923     0.011835    99.690    99.740
 149     0.002717    99.928     0.011502    99.690    99.740
