   0     0.523380    90.383     0.130862    98.840    98.840
   1     0.201493    97.240     0.121476    98.450    98.840
   2     0.135012    97.850     0.078458    98.880    98.880
   3     0.101055    98.160     0.070702    98.570    98.880
   4     0.086459    98.262     0.044435    99.230    99.230
   5     0.076591    98.268     0.049543    99.050    99.230
   6     0.067371    98.422     0.026142    99.440    99.440
   7     0.061370    98.535     0.032376    99.490    99.490
   8     0.056500    98.602     0.030907    99.460    99.490
   9     0.053980    98.627     0.059863    98.320    99.490
  10     0.051251    98.655     0.022999    99.370    99.490
  11     0.045460    98.830     0.019993    99.470    99.490
  12     0.045328    98.770     0.019108    99.370    99.490
  13     0.043533    98.818     0.015952    99.590    99.590
  14     0.041052    98.897     0.026246    99.440    99.590
  15     0.036418    99.013     0.028257    99.240    99.590
  16     0.037982    98.953     0.022400    99.490    99.590
  17     0.036194    98.995     0.020252    99.570    99.590
  18     0.033576    99.053     0.016197    99.580    99.590
  19     0.032060    99.130     0.023476    99.400    99.590
  20     0.030732    99.120     0.013617    99.550    99.590
  21     0.029957    99.153     0.017303    99.460    99.590
  22     0.026439    99.253     0.013553    99.590    99.590
  23     0.027231    99.260     0.011949    99.630    99.630
  24     0.027960    99.242     0.011976    99.650    99.650
  25     0.026028    99.248     0.010629    99.660    99.660
  26     0.025309    99.287     0.015097    99.570    99.660
  27     0.023825    99.313     0.012469    99.640    99.660
  28     0.021068    99.382     0.010814    99.630    99.660
  29     0.021641    99.388     0.011928    99.630    99.660
  30     0.022375    99.388     0.014246    99.560    99.660
  31     0.020956    99.407     0.016279    99.510    99.660
  32     0.020932    99.417     0.011209    99.670    99.670
  33     0.020916    99.420     0.013424    99.640    99.670
  34     0.020977    99.375     0.011501    99.670    99.670
  35     0.017975    99.473     0.010615    99.630    99.670
  36     0.016824    99.540     0.011208    99.610    99.670
  37     0.017895    99.455     0.014890    99.610    99.670
  38     0.018195    99.468     0.009227    99.730    99.730
  39     0.017813    99.500     0.010385    99.720    99.730
  40     0.016220    99.507     0.015595    99.570    99.730
  41     0.016043    99.560     0.011301    99.660    99.730
  42     0.015975    99.540     0.012740    99.700    99.730
  43     0.015418    99.568     0.010663    99.650    99.730
  44     0.015783    99.548     0.016509    99.500    99.730
  45     0.014742    99.572     0.012072    99.680    99.730
  46     0.014799    99.558     0.014825    99.550    99.730
  47     0.013708    99.615     0.010401    99.650    99.730
  48     0.013172    99.645     0.011604    99.660    99.730
  49     0.014035    99.575     0.009923    99.660    99.730
  50     0.012881    99.643     0.010847    99.700    99.730
  51     0.013851    99.578     0.009448    99.690    99.730
  52     0.012462    99.650     0.010168    99.720    99.730
  53     0.011047    99.680     0.010290    99.710    99.730
  54     0.012123    99.643     0.011228    99.740    99.740
  55     0.012169    99.653     0.010737    99.680    99.740
  56     0.011591    99.655     0.010545    99.700    99.740
  57     0.010122    99.705     0.010459    99.650    99.740
  58     0.010926    99.690     0.010740    99.690    99.740
  59     0.010168    99.707     0.009373    99.650    99.740
  60     0.010873    99.668     0.011139    99.620    99.740
  61     0.011336    99.652     0.009380    99.730    99.740
  62     0.008730    99.755     0.011254    99.680    99.740
  63     0.010041    99.682     0.010405    99.720    99.740
  64     0.009032    99.740     0.011050    99.680    99.740
  65     0.009542    99.728     0.012585    99.640    99.740
  66     0.008439    99.742     0.012846    99.680    99.740
  67     0.009201    99.758     0.010892    99.630    99.740
  68     0.009115    99.725     0.010886    99.700    99.740
  69     0.008445    99.755     0.011007    99.710    99.740
  70     0.007933    99.775     0.012638    99.660    99.740
  71     0.009202    99.698     0.012312    99.670    99.740
  72     0.008482    99.745     0.011843    99.630    99.740
  73     0.006603    99.785     0.012792    99.620    99.740
  74     0.007143    99.790     0.012660    99.660    99.740
  75     0.007283    99.792     0.014395    99.620    99.740
  76     0.007459    99.758     0.011661    99.710    99.740
  77     0.007880    99.773     0.011790    99.680    99.740
  78     0.006986    99.802     0.010901    99.720    99.740
  79     0.006664    99.813     0.011410    99.710    99.740
  80     0.006705    99.795     0.011729    99.700    99.740
  81     0.006656    99.820     0.011174    99.710    99.740
  82     0.006633    99.812     0.011827    99.670    99.740
  83     0.005891    99.828     0.011988    99.680    99.740
  84     0.006045    99.828     0.011516    99.710    99.740
  85     0.006219    99.842     0.012735    99.650    99.740
  86     0.005778    99.833     0.013122    99.620    99.740
  87     0.005691    99.827     0.014962    99.620    99.740
  88     0.005836    99.833     0.013153    99.560    99.740
  89     0.006109    99.817     0.013800    99.660    99.740
  90     0.005699    99.848     0.014582    99.660    99.740
  91     0.005301    99.838     0.014033    99.640    99.740
  92     0.005807    99.828     0.013597    99.640    99.740
  93     0.005537    99.822     0.014247    99.660    99.740
  94     0.004985    99.865     0.012610    99.680    99.740
  95     0.005451    99.842     0.014442    99.630    99.740
  96     0.004365    99.885     0.013683    99.690    99.740
  97     0.005086    99.852     0.013167    99.730    99.740
  98     0.006147    99.802     0.013044    99.660    99.740
  99     0.004362    99.903     0.013171    99.660    99.740
 100     0.005528    99.838     0.013471    99.690    99.740
 101     0.004971    99.868     0.012443    99.660    99.740
 102     0.004572    99.865     0.012496    99.670    99.740
 103     0.004943    99.858     0.012779    99.670    99.740
 104     0.004352    99.882     0.013092    99.680    99.740
 105     0.004730    99.858     0.012590    99.690    99.740
 106     0.003999    99.897     0.012076    99.700    99.740
 107     0.004289    99.852     0.012747    99.710    99.740
 108     0.004323    99.882     0.012681    99.680    99.740
 109     0.004476    99.868     0.012528    99.700    99.740
 110     0.003789    99.910     0.012998    99.710    99.740
 111     0.004225    99.883     0.012191    99.730    99.740
 112     0.004126    99.883     0.012979    99.700    99.740
 113     0.004168    99.867     0.014195    99.670    99.740
 114     0.003837    99.892     0.014337    99.670    99.740
 115     0.003308    99.900     0.014386    99.690    99.740
 116     0.003913    99.892     0.013240    99.710    99.740
 117     0.003435    99.913     0.013725    99.710    99.740
 118     0.003621    99.900     0.014461    99.700    99.740
 119     0.003956    99.875     0.014213    99.660    99.740
 120     0.003733    99.898     0.014531    99.650    99.740
 121     0.003953    99.872     0.014177    99.630    99.740
 122     0.003295    99.907     0.014676    99.690    99.740
 123     0.003369    99.913     0.015212    99.640    99.740
 124     0.003506    99.897     0.016189    99.640    99.740
 125     0.003224    99.895     0.014553    99.650    99.740
 126     0.004187    99.880     0.014057    99.720    99.740
 127     0.003415    99.908     0.013852    99.710    99.740
 128     0.003598    99.900     0.013459    99.710    99.740
 129     0.003182    99.905     0.014016    99.660    99.740
 130     0.002983    99.920     0.014191    99.650    99.740
 131     0.003664    99.893     0.014909    99.650    99.740
 132     0.002971    99.928     0.014336    99.670    99.740
 133     0.002884    99.920     0.014550    99.650    99.740
 134     0.003353    99.912     0.014334    99.670    99.740
 135     0.002939    99.925     0.012661    99.730    99.740
 136     0.002431    99.937     0.013136    99.710    99.740
 137     0.002865    99.927     0.014112    99.670    99.740
 138     0.003224    99.907     0.014850    99.590    99.740
 139     0.002870    99.913     0.013217    99.670    99.740
 140     0.002871    99.920     0.014309    99.660    99.740
 141     0.003142    99.917     0.014166    99.700    99.740
 142     0.003411    99.915     0.014583    99.650    99.740
 143     0.002702    99.923     0.014497    99.640    99.740
 144     0.003250    99.913     0.013943    99.670    99.740
 145     0.002489    99.937     0.015220    99.700    99.740
 146     0.002744    99.925     0.016112    99.650    99.740
 147     0.003332    99.905     0.014548    99.690    99.740
 148     0.002430    99.927     0.015702    99.660    99.740
 149     0.002645    99.928     0.014275    99.680    99.740
