   0     0.553362    88.843     0.109570    98.790    98.790
   1     0.203798    96.943     0.083297    98.720    98.790
   2     0.140207    97.547     0.062545    98.990    98.990
   3     0.111475    97.767     0.059560    99.030    99.030
   4     0.090650    98.043     0.053001    99.160    99.160
   5     0.082832    98.110     0.057231    98.610    99.160
   6     0.073632    98.273     0.043638    99.150    99.160
   7     0.067096    98.373     0.043348    99.050    99.160
   8     0.062804    98.390     0.028490    99.430    99.430
   9     0.059414    98.452     0.029864    99.360    99.430
  10     0.057262    98.525     0.054601    98.670    99.430
  11     0.051332    98.632     0.036760    99.140    99.430
  12     0.051503    98.683     0.020932    99.480    99.480
  13     0.045402    98.775     0.025983    99.420    99.480
  14     0.046504    98.753     0.042042    98.750    99.480
  15     0.045067    98.820     0.022960    99.280    99.480
  16     0.043674    98.780     0.022990    99.470    99.480
  17     0.040925    98.883     0.020680    99.420    99.480
  18     0.036847    98.948     0.024700    99.350    99.480
  19     0.036351    99.023     0.027260    99.290    99.480
  20     0.035325    99.022     0.020525    99.540    99.540
  21     0.033580    99.098     0.015250    99.490    99.540
  22     0.032506    99.103     0.016608    99.550    99.550
  23     0.028758    99.168     0.013450    99.600    99.600
  24     0.030017    99.142     0.015821    99.570    99.600
  25     0.028829    99.187     0.013044    99.620    99.620
  26     0.029204    99.178     0.014434    99.630    99.630
  27     0.026569    99.237     0.011717    99.680    99.680
  28     0.027483    99.218     0.017666    99.470    99.680
  29     0.026122    99.278     0.012229    99.610    99.680
  30     0.024149    99.303     0.010685    99.700    99.700
  31     0.023611    99.345     0.012255    99.670    99.700
  32     0.023915    99.358     0.012640    99.630    99.700
  33     0.022707    99.325     0.012147    99.630    99.700
  34     0.022972    99.327     0.012194    99.680    99.700
  35     0.021534    99.400     0.013813    99.610    99.700
  36     0.020772    99.417     0.009683    99.710    99.710
  37     0.021263    99.395     0.010397    99.670    99.710
  38     0.019790    99.435     0.012416    99.640    99.710
  39     0.018557    99.457     0.009691    99.700    99.710
  40     0.017324    99.502     0.009886    99.700    99.710
  41     0.016232    99.538     0.011180    99.660    99.710
  42     0.017611    99.495     0.014168    99.600    99.710
  43     0.018283    99.457     0.012169    99.700    99.710
  44     0.017989    99.497     0.011274    99.660    99.710
  45     0.015031    99.545     0.012509    99.650    99.710
  46     0.015803    99.560     0.011357    99.680    99.710
  47     0.015102    99.573     0.012991    99.590    99.710
  48     0.014421    99.605     0.012981    99.650    99.710
  49     0.013474    99.600     0.010984    99.660    99.710
  50     0.014353    99.580     0.010776    99.720    99.720
  51     0.014386    99.602     0.011257    99.670    99.720
  52     0.013136    99.635     0.011226    99.700    99.720
  53     0.013338    99.610     0.011136    99.650    99.720
  54     0.011955    99.627     0.011305    99.710    99.720
  55     0.012572    99.628     0.010767    99.640    99.720
  56     0.012281    99.632     0.009519    99.670    99.720
  57     0.012009    99.655     0.010990    99.670    99.720
  58     0.012930    99.637     0.010779    99.670    99.720
  59     0.010848    99.680     0.011322    99.660    99.720
  60     0.010795    99.662     0.011145    99.620    99.720
  61     0.010370    99.717     0.011506    99.640    99.720
  62     0.011442    99.657     0.010182    99.670    99.720
  63     0.010823    99.690     0.010139    99.680    99.720
  64     0.010305    99.680     0.009745    99.710    99.720
  65     0.009556    99.707     0.011827    99.660    99.720
  66     0.010647    99.703     0.009177    99.730    99.730
  67     0.008606    99.717     0.008914    99.740    99.740
  68     0.009714    99.730     0.008584    99.710    99.740
  69     0.008795    99.742     0.008520    99.750    99.750
  70     0.007936    99.775     0.009434    99.700    99.750
  71     0.008260    99.772     0.009465    99.730    99.750
  72     0.007482    99.778     0.009780    99.720    99.750
  73     0.009186    99.755     0.012090    99.610    99.750
  74     0.008408    99.777     0.009984    99.690    99.750
  75     0.007941    99.775     0.010986    99.660    99.750
  76     0.008062    99.762     0.009980    99.690    99.750
  77     0.007328    99.793     0.010974    99.700    99.750
  78     0.007101    99.790     0.010286    99.680    99.750
  79     0.008074    99.772     0.011964    99.630    99.750
  80     0.007748    99.780     0.009027    99.720    99.750
  81     0.007599    99.783     0.010951    99.710    99.750
  82     0.007069    99.802     0.010576    99.680    99.750
  83     0.007402    99.797     0.009772    99.730    99.750
  84     0.006486    99.808     0.009945    99.700    99.750
  85     0.005838    99.838     0.009836    99.700    99.750
  86     0.006949    99.810     0.009619    99.700    99.750
  87     0.006490    99.808     0.009459    99.720    99.750
  88     0.005847    99.842     0.010057    99.730    99.750
  89     0.006403    99.807     0.010485    99.690    99.750
  90     0.006537    99.820     0.009210    99.670    99.750
  91     0.006246    99.817     0.009484    99.670    99.750
  92     0.005102    99.863     0.010198    99.690    99.750
  93     0.004551    99.877     0.009860    99.690    99.750
  94     0.005528    99.847     0.010400    99.680    99.750
  95     0.005882    99.832     0.010330    99.710    99.750
  96     0.005473    99.837     0.010557    99.680    99.750
  97     0.004919    99.852     0.010460    99.710    99.750
  98     0.005906    99.830     0.010377    99.680    99.750
  99     0.005587    99.822     0.009647    99.720    99.750
 100     0.004709    99.863     0.009716    99.690    99.750
 101     0.004517    99.863     0.010244    99.720    99.750
 102     0.004168    99.882     0.010087    99.730    99.750
 103     0.004005    99.882     0.010182    99.690    99.750
 104     0.003935    99.875     0.011261    99.670    99.750
 105     0.004648    99.870     0.010605    99.690    99.750
 106     0.004657    99.875     0.010461    99.650    99.750
 107     0.004042    99.887     0.010819    99.650    99.750
 108     0.004869    99.855     0.009750    99.720    99.750
 109     0.004072    99.887     0.010145    99.730    99.750
 110     0.004052    99.888     0.009184    99.710    99.750
 111     0.004237    99.888     0.008466    99.710    99.750
 112     0.004323    99.890     0.009029    99.680    99.750
 113     0.003899    99.893     0.008182    99.750    99.750
 114     0.004305    99.875     0.010663    99.660    99.750
 115     0.004197    99.892     0.009162    99.720    99.750
 116     0.004334    99.865     0.009572    99.740    99.750
 117     0.003812    99.882     0.009954    99.740    99.750
 118     0.003682    99.897     0.010561    99.700    99.750
 119     0.003759    99.900     0.010605    99.700    99.750
 120     0.003617    99.897     0.010474    99.710    99.750
 121     0.003364    99.897     0.011024    99.700    99.750
 122     0.003044    99.913     0.010591    99.720    99.750
 123     0.003503    99.902     0.011053    99.680    99.750
 124     0.003044    99.908     0.010795    99.730    99.750
 125     0.003444    99.907     0.010514    99.730    99.750
 126     0.004127    99.897     0.010500    99.690    99.750
 127     0.002887    99.940     0.011101    99.710    99.750
 128     0.003188    99.898     0.011051    99.700    99.750
 129     0.002884    99.940     0.010759    99.700    99.750
 130     0.003806    99.885     0.010928    99.710    99.750
 131     0.003376    99.900     0.010645    99.710    99.750
 132     0.003409    99.898     0.009821    99.740    99.750
 133     0.003002    99.922     0.010888    99.750    99.750
 134     0.002560    99.932     0.011528    99.720    99.750
 135     0.002664    99.927     0.010951    99.750    99.750
 136     0.003221    99.897     0.011506    99.730    99.750
 137     0.002791    99.920     0.010800    99.740    99.750
 138     0.003039    99.908     0.011819    99.700    99.750
 139     0.002604    99.910     0.011822    99.710    99.750
 140     0.002881    99.915     0.011633    99.690    99.750
 141     0.003142    99.913     0.010752    99.700    99.750
 142     0.002256    99.930     0.010508    99.710    99.750
 143     0.003426    99.912     0.011100    99.690    99.750
 144     0.002381    99.943     0.010727    99.700    99.750
 145     0.002427    99.940     0.009697    99.770    99.770
 146     0.002933    99.925     0.010917    99.760    99.770
 147     0.002511    99.927     0.011262    99.740    99.770
 148     0.002985    99.912     0.011886    99.700    99.770
 149     0.002705    99.918     0.012559    99.700    99.770
