   0     0.554485    88.607     0.127782    98.910    98.910
   1     0.205871    96.840     0.076881    99.120    99.120
   2     0.141356    97.492     0.055535    99.050    99.120
   3     0.110081    97.835     0.066906    98.930    99.120
   4     0.092911    98.042     0.039364    99.290    99.290
   5     0.083969    98.070     0.050194    99.140    99.290
   6     0.074977    98.252     0.036189    99.190    99.290
   7     0.066382    98.400     0.026426    99.360    99.360
   8     0.064415    98.365     0.025871    99.310    99.360
   9     0.060017    98.535     0.024693    99.410    99.410
  10     0.056567    98.535     0.037804    99.040    99.410
  11     0.054503    98.572     0.023942    99.420    99.420
  12     0.049535    98.672     0.032144    99.160    99.420
  13     0.047354    98.735     0.029014    99.320    99.420
  14     0.046534    98.735     0.026589    99.390    99.420
  15     0.042613    98.847     0.023444    99.350    99.420
  16     0.040314    98.923     0.023323    99.410    99.420
  17     0.039239    98.915     0.027350    99.310    99.420
  18     0.039698    98.932     0.016696    99.530    99.530
  19     0.035014    99.068     0.021670    99.410    99.530
  20     0.035671    98.997     0.015616    99.540    99.540
  21     0.034964    98.992     0.016135    99.560    99.560
  22     0.033081    99.098     0.024029    99.320    99.560
  23     0.029460    99.202     0.012256    99.640    99.640
  24     0.031765    99.147     0.014913    99.560    99.640
  25     0.027644    99.190     0.012703    99.610    99.640
  26     0.027707    99.228     0.014938    99.550    99.640
  27     0.028785    99.208     0.012789    99.580    99.640
  28     0.028209    99.227     0.011023    99.660    99.660
  29     0.025635    99.313     0.012586    99.590    99.660
  30     0.024596    99.287     0.011689    99.710    99.710
  31     0.024784    99.283     0.013203    99.630    99.710
  32     0.024239    99.320     0.015596    99.530    99.710
  33     0.021062    99.395     0.011387    99.600    99.710
  34     0.021448    99.413     0.009627    99.710    99.710
  35     0.022320    99.315     0.011361    99.630    99.710
  36     0.020831    99.393     0.012010    99.610    99.710
  37     0.019894    99.433     0.009988    99.700    99.710
  38     0.019766    99.433     0.012278    99.610    99.710
  39     0.018804    99.438     0.013261    99.640    99.710
  40     0.020561    99.358     0.011584    99.640    99.710
  41     0.018244    99.475     0.009512    99.710    99.710
  42     0.016843    99.522     0.011143    99.710    99.710
  43     0.016649    99.515     0.011846    99.630    99.710
  44     0.016961    99.515     0.010697    99.660    99.710
  45     0.015278    99.573     0.011049    99.670    99.710
  46     0.015805    99.520     0.012924    99.650    99.710
  47     0.016391    99.523     0.012922    99.590    99.710
  48     0.016363    99.527     0.010638    99.690    99.710
  49     0.015254    99.580     0.011230    99.650    99.710
  50     0.016022    99.570     0.011264    99.650    99.710
  51     0.013337    99.625     0.011216    99.670    99.710
  52     0.013741    99.613     0.010034    99.700    99.710
  53     0.013134    99.637     0.009528    99.710    99.710
  54     0.012039    99.697     0.010182    99.660    99.710
  55     0.012178    99.655     0.011864    99.670    99.710
  56     0.011542    99.658     0.010922    99.660    99.710
  57     0.011824    99.652     0.010970    99.680    99.710
  58     0.012516    99.615     0.010924    99.640    99.710
  59     0.010823    99.707     0.010505    99.630    99.710
  60     0.010463    99.683     0.009841    99.700    99.710
  61     0.011436    99.682     0.010920    99.700    99.710
  62     0.010261    99.715     0.010202    99.710    99.710
  63     0.010067    99.713     0.010343    99.690    99.710
  64     0.011058    99.667     0.010558    99.710    99.710
  65     0.009362    99.733     0.010454    99.700    99.710
  66     0.009616    99.715     0.010882    99.720    99.720
  67     0.010745    99.688     0.010347    99.700    99.720
  68     0.009845    99.695     0.010743    99.650    99.720
  69     0.008760    99.758     0.010924    99.670    99.720
  70     0.007809    99.778     0.009173    99.750    99.750
  71     0.008130    99.768     0.010423    99.660    99.750
  72     0.009767    99.728     0.011359    99.700    99.750
  73     0.008069    99.763     0.011474    99.650    99.750
  74     0.008868    99.738     0.011995    99.630    99.750
  75     0.008645    99.758     0.010096    99.680    99.750
  76     0.007219    99.785     0.009677    99.730    99.750
  77     0.007132    99.792     0.011152    99.630    99.750
  78     0.006550    99.820     0.010593    99.680    99.750
  79     0.006528    99.813     0.010854    99.720    99.750
  80     0.006857    99.813     0.010040    99.710    99.750
  81     0.007593    99.800     0.010477    99.670    99.750
  82     0.006731    99.818     0.010290    99.730    99.750
  83     0.006147    99.833     0.010787    99.720    99.750
  84     0.006170    99.815     0.010179    99.720    99.750
  85     0.006675    99.797     0.011345    99.660    99.750
  86     0.006578    99.792     0.010040    99.700    99.750
  87     0.006798    99.803     0.010341    99.710    99.750
  88     0.006029    99.830     0.010044    99.750    99.750
  89     0.006093    99.815     0.011010    99.660    99.750
  90     0.005234    99.852     0.011664    99.650    99.750
  91     0.004635    99.865     0.011194    99.660    99.750
  92     0.006928    99.807     0.011602    99.660    99.750
  93     0.004998    99.867     0.011627    99.670    99.750
  94     0.005795    99.830     0.013544    99.680    99.750
  95     0.004551    99.878     0.012652    99.690    99.750
  96     0.005407    99.842     0.013120    99.680    99.750
  97     0.005433    99.842     0.012899    99.660    99.750
  98     0.005624    99.837     0.011953    99.690    99.750
  99     0.004977    99.868     0.012788    99.660    99.750
 100     0.004742    99.865     0.013320    99.650    99.750
 101     0.004756    99.863     0.013388    99.640    99.750
 102     0.004063    99.875     0.012399    99.660    99.750
 103     0.004728    99.875     0.010964    99.710    99.750
 104     0.004451    99.857     0.011412    99.690    99.750
 105     0.004519    99.872     0.011579    99.700    99.750
 106     0.004551    99.888     0.011081    99.710    99.750
 107     0.003711    99.893     0.012327    99.710    99.750
 108     0.003751    99.887     0.011329    99.700    99.750
 109     0.004953    99.847     0.011592    99.680    99.750
 110     0.003779    99.895     0.010824    99.720    99.750
 111     0.004084    99.892     0.010374    99.710    99.750
 112     0.004011    99.890     0.011002    99.700    99.750
 113     0.003397    99.902     0.010979    99.700    99.750
 114     0.003812    99.883     0.011000    99.740    99.750
 115     0.003902    99.892     0.011718    99.740    99.750
 116     0.002882    99.928     0.010938    99.710    99.750
 117     0.003966    99.883     0.011001    99.740    99.750
 118     0.003181    99.912     0.011158    99.720    99.750
 119     0.003577    99.895     0.011206    99.710    99.750
 120     0.003738    99.882     0.010209    99.710    99.750
 121     0.003252    99.917     0.010818    99.720    99.750
 122     0.003348    99.907     0.010174    99.720    99.750
 123     0.003484    99.897     0.009908    99.730    99.750
 124     0.003377    99.908     0.010350    99.710    99.750
 125     0.003643    99.880     0.010705    99.750    99.750
 126     0.003103    99.915     0.010521    99.720    99.750
 127     0.003240    99.912     0.010446    99.730    99.750
 128     0.002894    99.910     0.010975    99.710    99.750
 129     0.003493    99.903     0.010813    99.700    99.750
 130     0.003113    99.918     0.010524    99.740    99.750
 131     0.003342    99.893     0.011183    99.710    99.750
 132     0.003086    99.908     0.011996    99.690    99.750
 133     0.002908    99.917     0.011677    99.710    99.750
 134     0.002525    99.925     0.011394    99.710    99.750
 135     0.002566    99.925     0.010676    99.710    99.750
 136     0.002756    99.932     0.010427    99.750    99.750
 137     0.002841    99.912     0.011043    99.710    99.750
 138     0.002784    99.925     0.011015    99.700    99.750
 139     0.002633    99.922     0.010613    99.710    99.750
 140     0.002794    99.927     0.010665    99.670    99.750
 141     0.002444    99.927     0.010878    99.690    99.750
 142     0.002635    99.930     0.011231    99.670    99.750
 143     0.002895    99.928     0.011423    99.710    99.750
 144     0.002587    99.927     0.011023    99.700    99.750
 145     0.002339    99.932     0.010717    99.710    99.750
 146     0.002352    99.918     0.010843    99.740    99.750
 147     0.002616    99.925     0.010983    99.750    99.750
 148     0.002261    99.932     0.011319    99.730    99.750
 149     0.001910    99.950     0.011326    99.680    99.750
