   0     0.528731    89.797     0.179507    98.320    98.320
   1     0.202728    96.942     0.084906    99.000    99.000
   2     0.138261    97.568     0.086341    98.630    99.000
   3     0.112479    97.723     0.048849    99.100    99.100
   4     0.094493    97.960     0.049938    99.110    99.110
   5     0.078992    98.252     0.067087    98.750    99.110
   6     0.075046    98.213     0.058262    98.880    99.110
   7     0.067094    98.370     0.040865    99.130    99.130
   8     0.061782    98.492     0.041386    99.000    99.130
   9     0.060179    98.435     0.032352    99.180    99.180
  10     0.055330    98.553     0.023722    99.450    99.450
  11     0.051777    98.647     0.029657    99.210    99.450
  12     0.051795    98.627     0.028741    99.340    99.450
  13     0.048331    98.708     0.025098    99.360    99.450
  14     0.043933    98.873     0.023749    99.290    99.450
  15     0.044538    98.780     0.039369    99.090    99.450
  16     0.041271    98.887     0.034534    99.230    99.450
  17     0.039449    98.917     0.032878    99.290    99.450
  18     0.036949    98.952     0.020609    99.460    99.460
  19     0.035151    99.027     0.017342    99.460    99.460
  20     0.037736    98.968     0.031657    99.260    99.460
  21     0.032102    99.122     0.016291    99.640    99.640
  22     0.032231    99.115     0.015160    99.610    99.640
  23     0.032311    99.100     0.015106    99.520    99.640
  24     0.030385    99.145     0.015570    99.570    99.640
  25     0.030592    99.138     0.015461    99.620    99.640
  26     0.030108    99.153     0.014611    99.670    99.670
  27     0.028875    99.215     0.017133    99.520    99.670
  28     0.025766    99.268     0.013996    99.630    99.670
  29     0.024275    99.335     0.016453    99.540    99.670
  30     0.025579    99.313     0.016969    99.510    99.670
  31     0.023371    99.330     0.012782    99.640    99.670
  32     0.022541    99.370     0.012083    99.640    99.670
  33     0.022655    99.358     0.013182    99.600    99.670
  34     0.020838    99.418     0.012578    99.630    99.670
  35     0.023009    99.362     0.013838    99.590    99.670
  36     0.019549    99.458     0.013607    99.590    99.670
  37     0.018967    99.467     0.032712    99.160    99.670
  38     0.019140    99.482     0.014237    99.580    99.670
  39     0.016686    99.535     0.011998    99.650    99.670
  40     0.019173    99.438     0.013962    99.650    99.670
  41     0.016872    99.523     0.015322    99.560    99.670
  42     0.016618    99.538     0.011566    99.640    99.670
  43     0.016878    99.547     0.012269    99.690    99.690
  44     0.016844    99.485     0.009447    99.710    99.710
  45     0.015921    99.560     0.010831    99.680    99.710
  46     0.015633    99.540     0.012735    99.580    99.710
  47     0.016378    99.533     0.011529    99.630    99.710
  48     0.014500    99.600     0.012028    99.630    99.710
  49     0.014119    99.598     0.013154    99.650    99.710
  50     0.014526    99.592     0.011066    99.730    99.730
  51     0.014347    99.592     0.010592    99.640    99.730
  52     0.013317    99.587     0.010219    99.710    99.730
  53     0.014217    99.610     0.011684    99.650    99.730
  54     0.011278    99.673     0.011361    99.660    99.730
  55     0.013983    99.585     0.011532    99.710    99.730
  56     0.011639    99.657     0.010508    99.710    99.730
  57     0.011868    99.650     0.010716    99.660    99.730
  58     0.011372    99.677     0.012504    99.650    99.730
  59     0.010325    99.688     0.013474    99.570    99.730
  60     0.011469    99.683     0.012398    99.670    99.730
  61     0.010578    99.680     0.011174    99.680    99.730
  62     0.010386    99.718     0.009128    99.740    99.740
  63     0.010522    99.688     0.010789    99.700    99.740
  64     0.010953    99.695     0.009686    99.750    99.750
  65     0.010325    99.702     0.008767    99.730    99.750
  66     0.009298    99.727     0.009428    99.730    99.750
  67     0.008381    99.745     0.009740    99.720    99.750
  68     0.009478    99.697     0.010009    99.650    99.750
  69     0.009379    99.717     0.010105    99.640    99.750
  70     0.009221    99.728     0.011232    99.680    99.750
  71     0.008898    99.745     0.012487    99.620    99.750
  72     0.008415    99.743     0.011482    99.610    99.750
  73     0.007661    99.755     0.011915    99.660    99.750
  74     0.008935    99.732     0.010294    99.680    99.750
  75     0.007162    99.800     0.010349    99.700    99.750
  76     0.007374    99.800     0.010513    99.710    99.750
  77     0.008079    99.750     0.009161    99.720    99.750
  78     0.007506    99.808     0.009321    99.720    99.750
  79     0.007276    99.772     0.009945    99.730    99.750
  80     0.006707    99.810     0.010433    99.730    99.750
  81     0.006527    99.818     0.011651    99.660    99.750
  82     0.007363    99.790     0.009622    99.730    99.750
  83     0.006871    99.798     0.010240    99.720    99.750
  84     0.006598    99.805     0.011336    99.640    99.750
  85     0.007139    99.812     0.012498    99.630    99.750
  86     0.006411    99.813     0.011558    99.660    99.750
  87     0.005209    99.850     0.011268    99.710    99.750
  88     0.005686    99.825     0.012608    99.660    99.750
  89     0.006129    99.835     0.011332    99.700    99.750
  90     0.006937    99.810     0.010105    99.730    99.750
  91     0.005363    99.855     0.011781    99.700    99.750
  92     0.006184    99.805     0.011186    99.690    99.750
  93     0.005781    99.812     0.010795    99.680    99.750
  94     0.005275    99.830     0.010216    99.710    99.750
  95     0.005648    99.845     0.010617    99.680    99.750
  96     0.005319    99.865     0.010587    99.700    99.750
  97     0.005974    99.828     0.010174    99.660    99.750
  98     0.005129    99.847     0.010909    99.680    99.750
  99     0.004534    99.878     0.010117    99.710    99.750
 100     0.004818    99.843     0.011465    99.710    99.750
 101     0.004708    99.875     0.010717    99.680    99.750
 102     0.004559    99.883     0.011502    99.690    99.750
 103     0.004142    99.877     0.011411    99.700    99.750
 104     0.005219    99.843     0.010830    99.670    99.750
 105     0.004468    99.877     0.010939    99.670    99.750
 106     0.003618    99.893     0.011085    99.700    99.750
 107     0.003982    99.883     0.011047    99.710    99.750
 108     0.004922    99.835     0.011205    99.700    99.750
 109     0.003933    99.873     0.011164    99.720    99.750
 110     0.004181    99.875     0.012100    99.730    99.750
 111     0.003549    99.893     0.011798    99.710    99.750
 112     0.003406    99.903     0.010521    99.740    99.750
 113     0.003707    99.895     0.010023    99.760    99.760
 114     0.004172    99.882     0.012272    99.680    99.760
 115     0.003713    99.882     0.010733    99.730    99.760
 116     0.002915    99.907     0.010495    99.760    99.760
 117     0.003920    99.865     0.010359    99.750    99.760
 118     0.003096    99.915     0.010412    99.770    99.770
 119     0.003222    99.905     0.010934    99.740    99.770
 120     0.003624    99.900     0.010962    99.740    99.770
 121     0.003272    99.902     0.010546    99.740    99.770
 122     0.003516    99.913     0.011152    99.700    99.770
 123     0.004383    99.880     0.011043    99.760    99.770
 124     0.003544    99.898     0.011896    99.690    99.770
 125     0.003524    99.900     0.011682    99.690    99.770
 126     0.002829    99.918     0.012467    99.690    99.770
 127     0.002888    99.913     0.011455    99.720    99.770
 128     0.003419    99.900     0.011367    99.730    99.770
 129     0.003570    99.902     0.011656    99.710    99.770
 130     0.003145    99.898     0.011531    99.730    99.770
 131     0.003309    99.920     0.011235    99.770    99.770
 132     0.002746    99.923     0.011331    99.700    99.770
 133     0.003899    99.887     0.011609    99.720    99.770
 134     0.002932    99.902     0.011563    99.730    99.770
 135     0.002969    99.913     0.011337    99.730    99.770
 136     0.003045    99.908     0.011937    99.750    99.770
 137     0.002643    99.927     0.011508    99.720    99.770
 138     0.002213    99.928     0.011795    99.750    99.770
 139     0.002474    99.928     0.011472    99.760    99.770
 140     0.003178    99.923     0.011341    99.750    99.770
 141     0.002174    99.937     0.011967    99.750    99.770
 142     0.002927    99.907     0.011815    99.730    99.770
 143     0.002889    99.915     0.012118    99.700    99.770
 144     0.002711    99.925     0.012163    99.710    99.770
 145     0.003171    99.920     0.012147    99.700    99.770
 146     0.002584    99.917     0.012204    99.710    99.770
 147     0.002392    99.935     0.012196    99.730    99.770
 148     0.002608    99.920     0.012115    99.750    99.770
 149     0.002101    99.943     0.011719    99.710    99.770
