   0     0.535775    89.528     0.112254    98.810    98.810
   1     0.200425    97.082     0.080234    98.960    98.960
   2     0.139679    97.523     0.071127    99.150    99.150
   3     0.107370    97.863     0.049338    99.180    99.180
   4     0.091392    98.017     0.083862    98.510    99.180
   5     0.080073    98.212     0.036744    99.400    99.400
   6     0.075253    98.203     0.034277    99.280    99.400
   7     0.067531    98.302     0.036287    99.160    99.400
   8     0.060876    98.462     0.031825    99.340    99.400
   9     0.056912    98.567     0.046533    98.920    99.400
  10     0.053022    98.667     0.031768    99.440    99.440
  11     0.052708    98.657     0.035757    99.220    99.440
  12     0.049121    98.695     0.029279    99.270    99.440
  13     0.045097    98.797     0.032737    99.190    99.440
  14     0.043465    98.828     0.027038    99.260    99.440
  15     0.043975    98.803     0.024890    99.340    99.440
  16     0.042183    98.900     0.050127    98.680    99.440
  17     0.037049    99.032     0.025882    99.310    99.440
  18     0.036447    98.998     0.019081    99.480    99.480
  19     0.035472    99.003     0.024732    99.280    99.480
  20     0.034108    99.042     0.014060    99.630    99.630
  21     0.032343    99.137     0.016940    99.510    99.630
  22     0.032824    99.108     0.015533    99.560    99.630
  23     0.029340    99.207     0.014738    99.580    99.630
  24     0.029260    99.213     0.014318    99.610    99.630
  25     0.028359    99.220     0.011871    99.630    99.630
  26     0.028251    99.247     0.015973    99.500    99.630
  27     0.029279    99.177     0.015057    99.560    99.630
  28     0.025596    99.262     0.012191    99.610    99.630
  29     0.025172    99.305     0.014089    99.550    99.630
  30     0.024249    99.272     0.016566    99.540    99.630
  31     0.022823    99.337     0.011376    99.690    99.690
  32     0.023476    99.373     0.015530    99.560    99.690
  33     0.021975    99.385     0.015428    99.500    99.690
  34     0.021343    99.385     0.015900    99.610    99.690
  35     0.020819    99.432     0.012001    99.600    99.690
  36     0.019844    99.452     0.013214    99.570    99.690
  37     0.020577    99.413     0.012623    99.670    99.690
  38     0.020583    99.408     0.010663    99.680    99.690
  39     0.019497    99.470     0.011700    99.670    99.690
  40     0.016728    99.543     0.011680    99.680    99.690
  41     0.019417    99.465     0.012507    99.700    99.700
  42     0.015605    99.550     0.011644    99.680    99.700
  43     0.017411    99.493     0.011623    99.620    99.700
  44     0.017051    99.505     0.010783    99.660    99.700
  45     0.015522    99.572     0.010680    99.680    99.700
  46     0.016357    99.548     0.012755    99.630    99.700
  47     0.015846    99.552     0.011420    99.660    99.700
  48     0.014442    99.580     0.012158    99.660    99.700
  49     0.014358    99.597     0.011768    99.670    99.700
  50     0.015547    99.540     0.016326    99.540    99.700
  51     0.013637    99.625     0.011689    99.710    99.710
  52     0.014118    99.602     0.010146    99.700    99.710
  53     0.012808    99.648     0.011166    99.710    99.710
  54     0.011516    99.668     0.010470    99.710    99.710
  55     0.011641    99.665     0.011510    99.640    99.710
  56     0.013552    99.603     0.011529    99.570    99.710
  57     0.011160    99.673     0.012174    99.620    99.710
  58     0.011971    99.660     0.011984    99.640    99.710
  59     0.011255    99.672     0.011990    99.660    99.710
  60     0.010377    99.740     0.012009    99.720    99.720
  61     0.010780    99.695     0.011889    99.680    99.720
  62     0.010636    99.688     0.014004    99.610    99.720
  63     0.010936    99.693     0.011684    99.690    99.720
  64     0.010042    99.697     0.012369    99.650    99.720
  65     0.009589    99.725     0.010320    99.700    99.720
  66     0.009057    99.742     0.011726    99.690    99.720
  67     0.010023    99.707     0.010625    99.650    99.720
  68     0.009073    99.720     0.010255    99.740    99.740
  69     0.009459    99.728     0.012392    99.640    99.740
  70     0.008523    99.747     0.011922    99.700    99.740
  71     0.009325    99.717     0.012748    99.670    99.740
  72     0.008138    99.763     0.011633    99.690    99.740
  73     0.007722    99.792     0.010396    99.700    99.740
  74     0.008962    99.722     0.011337    99.710    99.740
  75     0.007919    99.777     0.011109    99.710    99.740
  76     0.007224    99.805     0.011957    99.700    99.740
  77     0.007988    99.795     0.010356    99.690    99.740
  78     0.008446    99.763     0.011691    99.640    99.740
  79     0.006660    99.790     0.011556    99.680    99.740
  80     0.006593    99.800     0.010662    99.690    99.740
  81     0.006310    99.830     0.011717    99.630    99.740
  82     0.007124    99.798     0.010783    99.670    99.740
  83     0.006483    99.815     0.010663    99.700    99.740
  84     0.006911    99.792     0.012707    99.680    99.740
  85     0.006331    99.810     0.012482    99.670    99.740
  86     0.006803    99.802     0.011590    99.690    99.740
  87     0.006545    99.805     0.012703    99.670    99.740
  88     0.005748    99.835     0.012608    99.640    99.740
  89     0.005288    99.837     0.013462    99.720    99.740
  90     0.005785    99.835     0.013841    99.600    99.740
  91     0.006284    99.808     0.013759    99.660    99.740
  92     0.004996    99.862     0.012728    99.700    99.740
  93     0.006029    99.837     0.011574    99.710    99.740
  94     0.005439    99.825     0.011888    99.690    99.740
  95     0.005533    99.837     0.010895    99.730    99.740
  96     0.005439    99.853     0.012104    99.680    99.740
  97     0.005189    99.865     0.011428    99.690    99.740
  98     0.005352    99.857     0.012598    99.700    99.740
  99     0.004912    99.862     0.012367    99.650    99.740
 100     0.005020    99.853     0.012180    99.690    99.740
 101     0.004400    99.860     0.013296    99.680    99.740
 102     0.005172    99.843     0.011842    99.690    99.740
 103     0.004952    99.878     0.012179    99.690    99.740
 104     0.004126    99.873     0.013484    99.660    99.740
 105     0.004516    99.865     0.012199    99.680    99.740
 106     0.005023    99.850     0.012540    99.670    99.740
 107     0.004120    99.883     0.013398    99.690    99.740
 108     0.004043    99.890     0.013065    99.650    99.740
 109     0.004163    99.878     0.012599    99.680    99.740
 110     0.004035    99.885     0.012794    99.680    99.740
 111     0.003491    99.905     0.013010    99.660    99.740
 112     0.003899    99.903     0.012726    99.670    99.740
 113     0.004516    99.863     0.012986    99.680    99.740
 114     0.003499    99.898     0.011981    99.670    99.740
 115     0.003886    99.887     0.012902    99.640    99.740
 116     0.003896    99.887     0.013031    99.680    99.740
 117     0.004089    99.887     0.012530    99.690    99.740
 118     0.003557    99.890     0.012680    99.690    99.740
 119     0.004042    99.880     0.012421    99.690    99.740
 120     0.003153    99.923     0.012471    99.660    99.740
 121     0.003587    99.887     0.012478    99.670    99.740
 122     0.003001    99.915     0.011546    99.690    99.740
 123     0.003788    99.880     0.012639    99.670    99.740
 124     0.003199    99.905     0.013134    99.670    99.740
 125     0.002954    99.917     0.012439    99.670    99.740
 126     0.003663    99.912     0.012494    99.660    99.740
 127     0.003207    99.923     0.012351    99.680    99.740
 128     0.002589    99.930     0.013077    99.650    99.740
 129     0.003559    99.903     0.012844    99.670    99.740
 130     0.003044    99.912     0.013421    99.680    99.740
 131     0.003650    99.897     0.013623    99.650    99.740
 132     0.003621    99.900     0.013541    99.680    99.740
 133     0.003011    99.915     0.013497    99.670    99.740
 134     0.003473    99.910     0.014197    99.670    99.740
 135     0.002582    99.942     0.014206    99.700    99.740
 136     0.002696    99.917     0.013479    99.680    99.740
 137     0.003098    99.915     0.014130    99.660    99.740
 138     0.002569    99.917     0.014435    99.680    99.740
 139     0.002595    99.923     0.014195    99.680    99.740
 140     0.002879    99.930     0.013574    99.700    99.740
 141     0.002724    99.930     0.014019    99.680    99.740
 142     0.002636    99.917     0.013735    99.690    99.740
 143     0.002835    99.925     0.013227    99.670    99.740
 144     0.002995    99.907     0.013943    99.710    99.740
 145     0.002445    99.932     0.013360    99.680    99.740
 146     0.002886    99.915     0.014424    99.690    99.740
 147     0.002344    99.925     0.013648    99.670    99.740
 148     0.002063    99.942     0.013405    99.660    99.740
 149     0.002576    99.930     0.013211    99.690    99.740
