   0     0.536216    89.355     0.106342    98.920    98.920
   1     0.201340    96.947     0.084307    99.000    99.000
   2     0.138096    97.558     0.050301    99.210    99.210
   3     0.111259    97.768     0.059355    98.840    99.210
   4     0.092665    98.058     0.049086    99.040    99.210
   5     0.079593    98.212     0.067503    98.710    99.210
   6     0.072010    98.323     0.041048    99.220    99.220
   7     0.069331    98.290     0.038444    99.190    99.220
   8     0.064997    98.395     0.029277    99.230    99.230
   9     0.055124    98.640     0.025474    99.330    99.330
  10     0.055610    98.508     0.037529    99.330    99.330
  11     0.050665    98.703     0.026711    99.370    99.370
  12     0.049474    98.707     0.022140    99.540    99.540
  13     0.045555    98.792     0.030661    99.300    99.540
  14     0.044385    98.818     0.037403    99.080    99.540
  15     0.042313    98.870     0.017491    99.550    99.550
  16     0.038413    98.927     0.022484    99.460    99.550
  17     0.038345    98.917     0.022867    99.340    99.550
  18     0.033523    99.045     0.017994    99.490    99.550
  19     0.036877    98.982     0.027151    99.320    99.550
  20     0.034561    99.038     0.021516    99.340    99.550
  21     0.032919    99.067     0.017189    99.540    99.550
  22     0.032194    99.100     0.021813    99.350    99.550
  23     0.031998    99.092     0.022069    99.430    99.550
  24     0.029531    99.163     0.012405    99.640    99.640
  25     0.027677    99.247     0.018517    99.580    99.640
  26     0.029375    99.188     0.014665    99.560    99.640
  27     0.028894    99.213     0.013861    99.630    99.640
  28     0.023111    99.365     0.013198    99.610    99.640
  29     0.026077    99.213     0.015463    99.520    99.640
  30     0.021898    99.358     0.012693    99.590    99.640
  31     0.024625    99.283     0.011350    99.640    99.640
  32     0.022779    99.375     0.013228    99.590    99.640
  33     0.022355    99.370     0.014244    99.530    99.640
  34     0.021119    99.425     0.011678    99.630    99.640
  35     0.020854    99.460     0.011411    99.620    99.640
  36     0.021408    99.398     0.011663    99.620    99.640
  37     0.019917    99.402     0.013227    99.580    99.640
  38     0.018722    99.465     0.010355    99.690    99.690
  39     0.017051    99.490     0.011995    99.620    99.690
  40     0.018338    99.495     0.010792    99.700    99.700
  41     0.018006    99.473     0.014991    99.610    99.700
  42     0.016635    99.538     0.010321    99.690    99.700
  43     0.015639    99.548     0.010720    99.720    99.720
  44     0.016900    99.535     0.011667    99.710    99.720
  45     0.015042    99.582     0.009802    99.690    99.720
  46     0.015655    99.555     0.013012    99.670    99.720
  47     0.015487    99.545     0.009945    99.700    99.720
  48     0.015029    99.557     0.011034    99.720    99.720
  49     0.014670    99.582     0.012075    99.700    99.720
  50     0.014715    99.590     0.012517    99.650    99.720
  51     0.012271    99.637     0.010493    99.670    99.720
  52     0.012993    99.627     0.011491    99.660    99.720
  53     0.013104    99.633     0.012504    99.660    99.720
  54     0.012379    99.640     0.011631    99.720    99.720
  55     0.012380    99.642     0.010456    99.670    99.720
  56     0.011891    99.663     0.011105    99.680    99.720
  57     0.011720    99.660     0.010462    99.660    99.720
  58     0.011258    99.672     0.013297    99.650    99.720
  59     0.011215    99.667     0.011495    99.670    99.720
  60     0.011795    99.635     0.010910    99.660    99.720
  61     0.009926    99.722     0.011336    99.690    99.720
  62     0.009347    99.733     0.010444    99.690    99.720
  63     0.009858    99.715     0.010309    99.720    99.720
  64     0.009530    99.733     0.010497    99.640    99.720
  65     0.009891    99.708     0.009676    99.650    99.720
  66     0.009885    99.727     0.010238    99.660    99.720
  67     0.010219    99.703     0.012920    99.620    99.720
  68     0.009374    99.742     0.012531    99.670    99.720
  69     0.008849    99.760     0.011945    99.710    99.720
  70     0.009281    99.737     0.011865    99.710    99.720
  71     0.008482    99.753     0.010728    99.710    99.720
  72     0.006894    99.778     0.011238    99.690    99.720
  73     0.007058    99.798     0.011648    99.720    99.720
  74     0.008370    99.758     0.012839    99.690    99.720
  75     0.008750    99.755     0.011241    99.660    99.720
  76     0.008383    99.758     0.010698    99.700    99.720
  77     0.007827    99.770     0.010734    99.670    99.720
  78     0.006989    99.813     0.011091    99.690    99.720
  79     0.006629    99.833     0.009719    99.710    99.720
  80     0.007123    99.797     0.009669    99.690    99.720
  81     0.007381    99.777     0.010416    99.700    99.720
  82     0.006855    99.807     0.010399    99.730    99.730
  83     0.007015    99.785     0.010973    99.660    99.730
  84     0.006496    99.825     0.009593    99.710    99.730
  85     0.006270    99.808     0.010558    99.740    99.740
  86     0.005992    99.815     0.009080    99.730    99.740
  87     0.007050    99.795     0.010444    99.700    99.740
  88     0.007340    99.805     0.010050    99.730    99.740
  89     0.006174    99.815     0.013078    99.680    99.740
  90     0.005543    99.848     0.010221    99.730    99.740
  91     0.006078    99.830     0.009892    99.690    99.740
  92     0.005751    99.842     0.008670    99.730    99.740
  93     0.006459    99.795     0.010225    99.710    99.740
  94     0.005527    99.835     0.011530    99.650    99.740
  95     0.005585    99.842     0.010746    99.700    99.740
  96     0.004556    99.882     0.012155    99.710    99.740
  97     0.004694    99.862     0.012034    99.700    99.740
  98     0.003971    99.875     0.011286    99.700    99.740
  99     0.004682    99.863     0.010246    99.700    99.740
 100     0.004955    99.852     0.010527    99.730    99.740
 101     0.004771    99.883     0.010526    99.740    99.740
 102     0.004078    99.875     0.010684    99.670    99.740
 103     0.005637    99.842     0.010307    99.740    99.740
 104     0.004973    99.858     0.011606    99.680    99.740
 105     0.005024    99.862     0.009373    99.730    99.740
 106     0.003943    99.885     0.011025    99.720    99.740
 107     0.004399    99.883     0.009852    99.720    99.740
 108     0.004401    99.873     0.011333    99.730    99.740
 109     0.005046    99.855     0.009489    99.740    99.740
 110     0.004014    99.883     0.009803    99.720    99.740
 111     0.004506    99.867     0.009387    99.770    99.770
 112     0.004374    99.860     0.009202    99.720    99.770
 113     0.003935    99.888     0.008894    99.710    99.770
 114     0.003828    99.898     0.009865    99.670    99.770
 115     0.003329    99.905     0.009873    99.720    99.770
 116     0.003696    99.910     0.009279    99.720    99.770
 117     0.003860    99.898     0.009962    99.740    99.770
 118     0.003502    99.903     0.009825    99.700    99.770
 119     0.003422    99.907     0.010716    99.720    99.770
 120     0.003859    99.892     0.009751    99.760    99.770
 121     0.003533    99.902     0.010867    99.690    99.770
 122     0.003145    99.915     0.011661    99.700    99.770
 123     0.003073    99.910     0.011577    99.740    99.770
 124     0.003340    99.900     0.010962    99.730    99.770
 125     0.002693    99.927     0.010522    99.710    99.770
 126     0.003461    99.897     0.010509    99.730    99.770
 127     0.003105    99.917     0.010481    99.700    99.770
 128     0.002892    99.913     0.010098    99.730    99.770
 129     0.003227    99.897     0.010522    99.710    99.770
 130     0.003282    99.903     0.010731    99.710    99.770
 131     0.002613    99.930     0.010118    99.730    99.770
 132     0.003150    99.910     0.010463    99.730    99.770
 133     0.003059    99.902     0.010209    99.710    99.770
 134     0.002790    99.930     0.010354    99.710    99.770
 135     0.003282    99.917     0.010283    99.760    99.770
 136     0.002627    99.927     0.009760    99.720    99.770
 137     0.002364    99.927     0.010537    99.730    99.770
 138     0.002672    99.915     0.010603    99.720    99.770
 139     0.002986    99.897     0.010114    99.680    99.770
 140     0.002768    99.915     0.011019    99.730    99.770
 141     0.002560    99.928     0.010489    99.730    99.770
 142     0.002818    99.925     0.010995    99.740    99.770
 143     0.002717    99.932     0.010013    99.730    99.770
 144     0.002848    99.920     0.009882    99.710    99.770
 145     0.002653    99.935     0.010219    99.740    99.770
 146     0.002041    99.945     0.010677    99.720    99.770
 147     0.002095    99.943     0.010022    99.750    99.770
 148     0.002232    99.937     0.010477    99.730    99.770
 149     0.002614    99.913     0.010860    99.730    99.770
