   0     0.561231    88.402     0.121962    98.680    98.680
   1     0.203650    96.958     0.099480    98.610    98.680
   2     0.141833    97.455     0.066760    99.040    99.040
   3     0.109922    97.823     0.055551    99.060    99.060
   4     0.093869    97.995     0.029631    99.330    99.330
   5     0.080540    98.128     0.028158    99.410    99.410
   6     0.072959    98.313     0.030745    99.380    99.410
   7     0.070229    98.285     0.058178    98.760    99.410
   8     0.061863    98.475     0.028237    99.410    99.410
   9     0.056247    98.597     0.034811    99.310    99.410
  10     0.057859    98.515     0.031191    99.370    99.410
  11     0.054827    98.605     0.027735    99.290    99.410
  12     0.049807    98.695     0.035063    99.280    99.410
  13     0.046046    98.757     0.032723    99.290    99.410
  14     0.043838    98.793     0.025012    99.450    99.450
  15     0.041710    98.863     0.024826    99.250    99.450
  16     0.039287    98.913     0.022684    99.570    99.570
  17     0.040876    98.928     0.095666    97.240    99.570
  18     0.039952    98.882     0.022168    99.510    99.570
  19     0.035566    98.983     0.017692    99.440    99.570
  20     0.034543    99.035     0.017800    99.470    99.570
  21     0.031971    99.133     0.012316    99.640    99.640
  22     0.034793    99.010     0.019824    99.460    99.640
  23     0.030299    99.170     0.018359    99.520    99.640
  24     0.028417    99.243     0.015110    99.470    99.640
  25     0.028957    99.198     0.017932    99.540    99.640
  26     0.027897    99.192     0.014598    99.500    99.640
  27     0.027349    99.205     0.014640    99.540    99.640
  28     0.027817    99.242     0.022906    99.350    99.640
  29     0.023861    99.358     0.011499    99.640    99.640
  30     0.025337    99.247     0.011993    99.610    99.640
  31     0.022129    99.358     0.011132    99.640    99.640
  32     0.023475    99.360     0.009643    99.730    99.730
  33     0.022671    99.357     0.015501    99.520    99.730
  34     0.021877    99.378     0.032653    98.900    99.730
  35     0.022186    99.363     0.009944    99.640    99.730
  36     0.019550    99.402     0.009707    99.690    99.730
  37     0.018340    99.507     0.009147    99.690    99.730
  38     0.020654    99.403     0.009916    99.670    99.730
  39     0.018205    99.522     0.015136    99.540    99.730
  40     0.018489    99.453     0.014518    99.500    99.730
  41     0.018389    99.453     0.013760    99.540    99.730
  42     0.016181    99.517     0.010595    99.670    99.730
  43     0.017153    99.533     0.011838    99.610    99.730
  44     0.016866    99.495     0.010540    99.650    99.730
  45     0.016205    99.543     0.011106    99.620    99.730
  46     0.015872    99.565     0.009814    99.650    99.730
  47     0.014706    99.572     0.008768    99.680    99.730
  48     0.014147    99.617     0.008832    99.690    99.730
  49     0.014054    99.597     0.009468    99.690    99.730
  50     0.014865    99.568     0.011452    99.620    99.730
  51     0.014161    99.593     0.009660    99.710    99.730
  52     0.012718    99.637     0.010633    99.640    99.730
  53     0.014701    99.547     0.009281    99.660    99.730
  54     0.012176    99.668     0.008570    99.690    99.730
  55     0.012430    99.657     0.011818    99.630    99.730
  56     0.011509    99.668     0.008767    99.710    99.730
  57     0.011965    99.637     0.009070    99.690    99.730
  58     0.011463    99.685     0.013427    99.610    99.730
  59     0.011595    99.645     0.008988    99.710    99.730
  60     0.012388    99.647     0.008772    99.670    99.730
  61     0.010009    99.710     0.009977    99.650    99.730
  62     0.008712    99.737     0.009050    99.690    99.730
  63     0.010669    99.677     0.008452    99.660    99.730
  64     0.010086    99.728     0.009961    99.710    99.730
  65     0.010486    99.687     0.011200    99.650    99.730
  66     0.009742    99.707     0.009316    99.660    99.730
  67     0.008614    99.753     0.009529    99.690    99.730
  68     0.008976    99.728     0.008969    99.690    99.730
  69     0.009648    99.735     0.008773    99.720    99.730
  70     0.007681    99.783     0.008770    99.730    99.730
  71     0.008910    99.745     0.008317    99.730    99.730
  72     0.008575    99.753     0.011184    99.670    99.730
  73     0.008412    99.758     0.009762    99.690    99.730
  74     0.008304    99.758     0.010587    99.710    99.730
  75     0.008023    99.792     0.010660    99.640    99.730
  76     0.007642    99.750     0.010873    99.680    99.730
  77     0.008275    99.755     0.011264    99.660    99.730
  78     0.007759    99.778     0.010092    99.680    99.730
  79     0.007781    99.788     0.008372    99.740    99.740
  80     0.007562    99.793     0.010192    99.650    99.740
  81     0.007302    99.790     0.009717    99.680    99.740
  82     0.006515    99.810     0.008828    99.670    99.740
  83     0.007157    99.795     0.009178    99.700    99.740
  84     0.006723    99.800     0.010206    99.720    99.740
  85     0.007069    99.763     0.010931    99.640    99.740
  86     0.006026    99.830     0.009165    99.710    99.740
  87     0.006053    99.820     0.010424    99.710    99.740
  88     0.006526    99.818     0.010387    99.680    99.740
  89     0.005671    99.813     0.010281    99.660    99.740
  90     0.005331    99.835     0.009601    99.670    99.740
  91     0.006390    99.807     0.009193    99.700    99.740
  92     0.005505    99.837     0.009716    99.720    99.740
  93     0.005530    99.857     0.009051    99.690    99.740
  94     0.005691    99.845     0.008726    99.730    99.740
  95     0.005361    99.852     0.009055    99.680    99.740
  96     0.004664    99.855     0.008631    99.700    99.740
  97     0.005313    99.842     0.008370    99.730    99.740
  98     0.005444    99.843     0.009402    99.680    99.740
  99     0.004767    99.877     0.010345    99.650    99.740
 100     0.005053    99.865     0.009043    99.690    99.740
 101     0.005162    99.847     0.010201    99.690    99.740
 102     0.004428    99.872     0.010305    99.680    99.740
 103     0.004761    99.847     0.009489    99.670    99.740
 104     0.004493    99.883     0.010459    99.640    99.740
 105     0.004231    99.887     0.010534    99.650    99.740
 106     0.004862    99.855     0.009446    99.710    99.740
 107     0.004874    99.848     0.010188    99.690    99.740
 108     0.003623    99.902     0.010749    99.660    99.740
 109     0.004510    99.848     0.010893    99.680    99.740
 110     0.004841    99.853     0.010782    99.690    99.740
 111     0.003847    99.890     0.010568    99.680    99.740
 112     0.004012    99.887     0.009995    99.670    99.740
 113     0.003580    99.895     0.011093    99.660    99.740
 114     0.003746    99.890     0.011102    99.690    99.740
 115     0.004010    99.888     0.012291    99.650    99.740
 116     0.003518    99.913     0.009965    99.700    99.740
 117     0.004036    99.885     0.009954    99.680    99.740
 118     0.003815    99.897     0.009327    99.740    99.740
 119     0.003935    99.878     0.009556    99.720    99.740
 120     0.004801    99.860     0.009718    99.730    99.740
 121     0.003491    99.900     0.008716    99.740    99.740
 122     0.002932    99.922     0.009504    99.700    99.740
 123     0.003943    99.888     0.009955    99.680    99.740
 124     0.003246    99.918     0.009552    99.690    99.740
 125     0.003220    99.902     0.010106    99.670    99.740
 126     0.002946    99.925     0.010600    99.650    99.740
 127     0.003504    99.903     0.008159    99.720    99.740
 128     0.002693    99.923     0.008082    99.720    99.740
 129     0.002780    99.917     0.008878    99.680    99.740
 130     0.003150    99.902     0.008936    99.710    99.740
 131     0.003061    99.920     0.009811    99.650    99.740
 132     0.002931    99.912     0.009499    99.650    99.740
 133     0.002271    99.945     0.009513    99.650    99.740
 134     0.002719    99.927     0.009927    99.640    99.740
 135     0.002764    99.927     0.010151    99.670    99.740
 136     0.002613    99.930     0.010544    99.670    99.740
 137     0.002660    99.928     0.010118    99.670    99.740
 138     0.002647    99.932     0.009283    99.710    99.740
 139     0.002532    99.920     0.009630    99.660    99.740
 140     0.002720    99.908     0.009354    99.660    99.740
 141     0.002488    99.942     0.009355    99.690    99.740
 142     0.002642    99.923     0.009645    99.660    99.740
 143     0.003033    99.915     0.009609    99.660    99.740
 144     0.002262    99.945     0.009813    99.660    99.740
 145     0.002596    99.925     0.008905    99.690    99.740
 146     0.002513    99.933     0.009696    99.670    99.740
 147     0.002048    99.942     0.009091    99.690    99.740
 148     0.002512    99.930     0.009779    99.690    99.740
 149     0.002777    99.930     0.009260    99.700    99.740
