   0     0.557704    88.797     0.202333    98.470    98.470
   1     0.205675    96.903     0.087219    99.120    99.120
   2     0.141675    97.412     0.047590    99.380    99.380
   3     0.109696    97.808     0.036917    99.430    99.430
   4     0.095180    97.987     0.032598    99.390    99.430
   5     0.080840    98.208     0.056242    98.900    99.430
   6     0.074722    98.220     0.048219    99.020    99.430
   7     0.069495    98.343     0.036305    99.290    99.430
   8     0.062291    98.485     0.028396    99.340    99.430
   9     0.058892    98.495     0.027754    99.360    99.430
  10     0.059079    98.490     0.040596    99.120    99.430
  11     0.050604    98.712     0.031367    99.450    99.450
  12     0.052638    98.595     0.022918    99.470    99.470
  13     0.047269    98.767     0.022968    99.310    99.470
  14     0.045876    98.753     0.037535    99.080    99.470
  15     0.043063    98.838     0.024711    99.340    99.470
  16     0.040022    98.968     0.017993    99.520    99.520
  17     0.038802    98.947     0.019430    99.430    99.520
  18     0.038325    98.948     0.021355    99.440    99.520
  19     0.036795    98.975     0.037442    98.790    99.520
  20     0.035423    99.020     0.019366    99.440    99.520
  21     0.032906    99.082     0.012372    99.620    99.620
  22     0.032462    99.068     0.014068    99.610    99.620
  23     0.030818    99.107     0.017900    99.470    99.620
  24     0.030005    99.158     0.022297    99.370    99.620
  25     0.029776    99.145     0.021169    99.470    99.620
  26     0.027801    99.227     0.013085    99.620    99.620
  27     0.028299    99.172     0.017087    99.570    99.620
  28     0.026205    99.278     0.012303    99.600    99.620
  29     0.024600    99.305     0.021987    99.430    99.620
  30     0.022504    99.370     0.014381    99.620    99.620
  31     0.023331    99.387     0.012019    99.660    99.660
  32     0.024830    99.275     0.013843    99.610    99.660
  33     0.023604    99.292     0.011689    99.630    99.660
  34     0.020523    99.437     0.010997    99.680    99.680
  35     0.020108    99.462     0.012960    99.690    99.690
  36     0.022032    99.358     0.010706    99.680    99.690
  37     0.019679    99.433     0.013010    99.620    99.690
  38     0.020381    99.415     0.010233    99.700    99.700
  39     0.018128    99.465     0.009913    99.750    99.750
  40     0.017082    99.510     0.010832    99.680    99.750
  41     0.018305    99.493     0.010726    99.650    99.750
  42     0.018581    99.480     0.012019    99.680    99.750
  43     0.017658    99.478     0.011616    99.620    99.750
  44     0.015746    99.538     0.009997    99.710    99.750
  45     0.015809    99.548     0.010643    99.680    99.750
  46     0.015908    99.553     0.010625    99.700    99.750
  47     0.015165    99.562     0.008809    99.730    99.750
  48     0.014499    99.570     0.010964    99.670    99.750
  49     0.014313    99.598     0.011415    99.680    99.750
  50     0.014577    99.598     0.009437    99.710    99.750
  51     0.012783    99.652     0.009209    99.690    99.750
  52     0.012371    99.648     0.010255    99.700    99.750
  53     0.015216    99.577     0.010399    99.670    99.750
  54     0.013156    99.625     0.010093    99.740    99.750
  55     0.013087    99.603     0.010903    99.640    99.750
  56     0.011649    99.680     0.010429    99.690    99.750
  57     0.012499    99.658     0.010054    99.710    99.750
  58     0.011659    99.667     0.009364    99.730    99.750
  59     0.012492    99.643     0.010154    99.680    99.750
  60     0.012515    99.657     0.009334    99.750    99.750
  61     0.010830    99.695     0.009033    99.780    99.780
  62     0.010145    99.730     0.009238    99.710    99.780
  63     0.010281    99.728     0.010160    99.640    99.780
  64     0.009502    99.732     0.009928    99.660    99.780
  65     0.009144    99.735     0.009107    99.730    99.780
  66     0.009922    99.703     0.009798    99.710    99.780
  67     0.009888    99.697     0.011338    99.720    99.780
  68     0.009216    99.718     0.010547    99.710    99.780
  69     0.009139    99.735     0.010493    99.740    99.780
  70     0.009314    99.758     0.009935    99.700    99.780
  71     0.008196    99.755     0.010819    99.680    99.780
  72     0.009088    99.740     0.009862    99.750    99.780
  73     0.008862    99.718     0.010971    99.690    99.780
  74     0.008181    99.743     0.009365    99.730    99.780
  75     0.007615    99.787     0.009459    99.730    99.780
  76     0.008457    99.760     0.009680    99.730    99.780
  77     0.006889    99.803     0.008824    99.770    99.780
  78     0.007496    99.793     0.007828    99.800    99.800
  79     0.006608    99.822     0.010021    99.680    99.800
  80     0.008069    99.762     0.009572    99.740    99.800
  81     0.006632    99.813     0.011835    99.730    99.800
  82     0.006464    99.808     0.010443    99.670    99.800
  83     0.006090    99.827     0.010874    99.710    99.800
  84     0.007367    99.745     0.011296    99.740    99.800
  85     0.006326    99.822     0.011425    99.720    99.800
  86     0.006302    99.815     0.010670    99.700    99.800
  87     0.006284    99.807     0.010536    99.680    99.800
  88     0.005954    99.843     0.010323    99.700    99.800
  89     0.005858    99.843     0.010953    99.710    99.800
  90     0.006191    99.807     0.010092    99.730    99.800
  91     0.005661    99.850     0.010366    99.740    99.800
  92     0.006562    99.797     0.011031    99.710    99.800
  93     0.005214    99.862     0.009631    99.740    99.800
  94     0.005628    99.833     0.009705    99.750    99.800
  95     0.005311    99.855     0.009116    99.750    99.800
  96     0.004664    99.872     0.009869    99.770    99.800
  97     0.005872    99.828     0.009377    99.790    99.800
  98     0.005728    99.855     0.009153    99.780    99.800
  99     0.004916    99.850     0.008653    99.810    99.810
 100     0.004423    99.878     0.010667    99.720    99.810
 101     0.004933    99.865     0.009688    99.720    99.810
 102     0.004688    99.870     0.009445    99.760    99.810
 103     0.004287    99.870     0.008899    99.750    99.810
 104     0.004927    99.877     0.009757    99.770    99.810
 105     0.004427    99.882     0.009384    99.700    99.810
 106     0.004325    99.865     0.008942    99.760    99.810
 107     0.004523    99.860     0.010137    99.690    99.810
 108     0.004990    99.873     0.008670    99.730    99.810
 109     0.003927    99.903     0.009669    99.690    99.810
 110     0.004241    99.892     0.008956    99.740    99.810
 111     0.004319    99.868     0.009159    99.740    99.810
 112     0.004069    99.877     0.008404    99.780    99.810
 113     0.004178    99.882     0.008744    99.750    99.810
 114     0.004100    99.877     0.009557    99.770    99.810
 115     0.003542    99.895     0.008837    99.730    99.810
 116     0.004012    99.888     0.009116    99.750    99.810
 117     0.003555    99.910     0.009272    99.740    99.810
 118     0.003709    99.905     0.010161    99.710    99.810
 119     0.003747    99.900     0.009121    99.740    99.810
 120     0.003228    99.898     0.010171    99.730    99.810
 121     0.004015    99.882     0.010060    99.730    99.810
 122     0.003381    99.898     0.011180    99.630    99.810
 123     0.003530    99.890     0.011456    99.650    99.810
 124     0.003537    99.897     0.010138    99.720    99.810
 125     0.003091    99.908     0.010114    99.700    99.810
 126     0.003078    99.918     0.010447    99.710    99.810
 127     0.003589    99.907     0.010234    99.710    99.810
 128     0.003054    99.915     0.009672    99.760    99.810
 129     0.002915    99.913     0.009393    99.770    99.810
 130     0.002945    99.925     0.010113    99.710    99.810
 131     0.003016    99.923     0.010092    99.720    99.810
 132     0.003161    99.910     0.009904    99.730    99.810
 133     0.003300    99.910     0.010042    99.750    99.810
 134     0.002912    99.918     0.009883    99.750    99.810
 135     0.003138    99.903     0.009368    99.750    99.810
 136     0.002794    99.920     0.009646    99.770    99.810
 137     0.003047    99.905     0.009881    99.770    99.810
 138     0.003212    99.897     0.010747    99.720    99.810
 139     0.002472    99.925     0.010336    99.760    99.810
 140     0.002878    99.918     0.010118    99.730    99.810
 141     0.002661    99.923     0.011107    99.730    99.810
 142     0.003393    99.908     0.009801    99.730    99.810
 143     0.002249    99.938     0.010330    99.740    99.810
 144     0.002500    99.932     0.009999    99.740    99.810
 145     0.002495    99.940     0.010019    99.740    99.810
 146     0.002865    99.915     0.009448    99.770    99.810
 147     0.002404    99.945     0.009355    99.790    99.810
 148     0.002431    99.942     0.009237    99.790    99.810
 149     0.002396    99.927     0.009561    99.740    99.810
