   0     0.547811    88.998     0.104253    98.860    98.860
   1     0.201413    96.997     0.086867    99.040    99.040
   2     0.141228    97.502     0.063106    99.080    99.080
   3     0.110445    97.782     0.044762    99.200    99.200
   4     0.092867    97.997     0.041673    99.290    99.290
   5     0.081466    98.197     0.033010    99.370    99.370
   6     0.074049    98.280     0.033549    99.200    99.370
   7     0.066921    98.328     0.046066    98.920    99.370
   8     0.064041    98.408     0.027994    99.460    99.460
   9     0.058747    98.547     0.034173    99.060    99.460
  10     0.053273    98.665     0.031334    99.470    99.470
  11     0.052442    98.622     0.020469    99.480    99.480
  12     0.051607    98.668     0.042138    99.130    99.480
  13     0.047376    98.710     0.033276    99.100    99.480
  14     0.045176    98.757     0.027575    99.260    99.480
  15     0.043242    98.825     0.023536    99.470    99.480
  16     0.038309    98.920     0.023698    99.430    99.480
  17     0.039494    98.930     0.024222    99.400    99.480
  18     0.035929    99.018     0.019234    99.580    99.580
  19     0.036925    98.978     0.020388    99.550    99.580
  20     0.034035    99.050     0.015594    99.490    99.580
  21     0.032671    99.102     0.013928    99.630    99.630
  22     0.032400    99.090     0.016445    99.640    99.640
  23     0.031282    99.152     0.013315    99.630    99.640
  24     0.029419    99.153     0.012940    99.640    99.640
  25     0.027331    99.230     0.011892    99.650    99.650
  26     0.028535    99.198     0.013434    99.620    99.650
  27     0.026906    99.240     0.017252    99.510    99.650
  28     0.027780    99.213     0.015384    99.640    99.650
  29     0.024999    99.317     0.014927    99.640    99.650
  30     0.024733    99.295     0.012942    99.560    99.650
  31     0.023074    99.375     0.011332    99.670    99.670
  32     0.024577    99.317     0.011506    99.690    99.690
  33     0.023333    99.348     0.012794    99.650    99.690
  34     0.021667    99.393     0.013178    99.650    99.690
  35     0.021520    99.407     0.016952    99.550    99.690
  36     0.020355    99.405     0.009679    99.730    99.730
  37     0.020976    99.382     0.011487    99.680    99.730
  38     0.019471    99.418     0.010217    99.690    99.730
  39     0.018756    99.487     0.010233    99.670    99.730
  40     0.017193    99.528     0.011219    99.670    99.730
  41     0.017916    99.483     0.009437    99.730    99.730
  42     0.018216    99.487     0.012555    99.650    99.730
  43     0.016489    99.512     0.010045    99.680    99.730
  44     0.016499    99.535     0.009638    99.720    99.730
  45     0.015960    99.520     0.009551    99.710    99.730
  46     0.016225    99.500     0.009292    99.750    99.750
  47     0.015216    99.553     0.010117    99.710    99.750
  48     0.014583    99.555     0.010262    99.710    99.750
  49     0.014224    99.578     0.010032    99.680    99.750
  50     0.013231    99.613     0.010956    99.670    99.750
  51     0.014926    99.587     0.010075    99.720    99.750
  52     0.014104    99.577     0.011599    99.670    99.750
  53     0.012862    99.622     0.009715    99.700    99.750
  54     0.011966    99.658     0.011443    99.760    99.760
  55     0.012230    99.673     0.010748    99.730    99.760
  56     0.013238    99.608     0.013083    99.660    99.760
  57     0.012959    99.610     0.009515    99.680    99.760
  58     0.011116    99.698     0.009017    99.760    99.760
  59     0.010292    99.697     0.009434    99.670    99.760
  60     0.010574    99.702     0.010972    99.700    99.760
  61     0.011197    99.683     0.008880    99.730    99.760
  62     0.010642    99.707     0.009960    99.700    99.760
  63     0.011280    99.673     0.010007    99.700    99.760
  64     0.009871    99.715     0.011247    99.650    99.760
  65     0.009481    99.703     0.010909    99.660    99.760
  66     0.009465    99.728     0.011777    99.610    99.760
  67     0.008251    99.748     0.011671    99.640    99.760
  68     0.009460    99.712     0.011977    99.700    99.760
  69     0.009174    99.742     0.009785    99.740    99.760
  70     0.009129    99.735     0.009211    99.690    99.760
  71     0.008456    99.763     0.008814    99.700    99.760
  72     0.008422    99.762     0.009137    99.720    99.760
  73     0.007263    99.793     0.007567    99.760    99.760
  74     0.008930    99.743     0.009643    99.660    99.760
  75     0.007366    99.783     0.014465    99.590    99.760
  76     0.008471    99.742     0.009755    99.720    99.760
  77     0.007359    99.767     0.011227    99.700    99.760
  78     0.007957    99.747     0.010537    99.730    99.760
  79     0.007437    99.783     0.009299    99.720    99.760
  80     0.007986    99.773     0.010472    99.730    99.760
  81     0.006122    99.822     0.010180    99.730    99.760
  82     0.006647    99.802     0.009990    99.720    99.760
  83     0.006693    99.810     0.007766    99.780    99.780
  84     0.007158    99.802     0.009632    99.660    99.780
  85     0.007134    99.805     0.008340    99.740    99.780
  86     0.007249    99.793     0.008935    99.750    99.780
  87     0.005896    99.850     0.011253    99.670    99.780
  88     0.005963    99.838     0.011577    99.630    99.780
  89     0.006678    99.780     0.010524    99.710    99.780
  90     0.005857    99.828     0.010733    99.690    99.780
  91     0.005613    99.837     0.010594    99.660    99.780
  92     0.006383    99.820     0.011214    99.660    99.780
  93     0.005213    99.832     0.010531    99.730    99.780
  94     0.004025    99.890     0.010161    99.730    99.780
  95     0.005303    99.850     0.009763    99.710    99.780
  96     0.005172    99.863     0.009166    99.720    99.780
  97     0.005435    99.830     0.008519    99.760    99.780
  98     0.005404    99.850     0.010875    99.710    99.780
  99     0.004940    99.858     0.009930    99.730    99.780
 100     0.004786    99.858     0.008726    99.710    99.780
 101     0.004656    99.868     0.010217    99.720    99.780
 102     0.003950    99.880     0.010096    99.700    99.780
 103     0.004861    99.878     0.009980    99.710    99.780
 104     0.005013    99.852     0.009335    99.760    99.780
 105     0.004658    99.873     0.009532    99.730    99.780
 106     0.004174    99.873     0.010098    99.720    99.780
 107     0.004294    99.867     0.010280    99.710    99.780
 108     0.004036    99.893     0.011021    99.660    99.780
 109     0.004209    99.870     0.010106    99.740    99.780
 110     0.004166    99.883     0.011390    99.670    99.780
 111     0.004414    99.875     0.010464    99.690    99.780
 112     0.003851    99.888     0.011528    99.680    99.780
 113     0.003782    99.892     0.012154    99.690    99.780
 114     0.004174    99.870     0.010607    99.700    99.780
 115     0.003457    99.918     0.010647    99.700    99.780
 116     0.004201    99.875     0.009631    99.710    99.780
 117     0.004183    99.885     0.011345    99.710    99.780
 118     0.004199    99.870     0.009765    99.750    99.780
 119     0.003443    99.890     0.010098    99.740    99.780
 120     0.003922    99.887     0.010303    99.730    99.780
 121     0.003593    99.897     0.011941    99.660    99.780
 122     0.003714    99.885     0.010864    99.730    99.780
 123     0.003839    99.897     0.010070    99.730    99.780
 124     0.003723    99.898     0.011082    99.700    99.780
 125     0.004070    99.880     0.010352    99.740    99.780
 126     0.003043    99.908     0.010258    99.750    99.780
 127     0.003172    99.900     0.010301    99.710    99.780
 128     0.003194    99.898     0.011439    99.680    99.780
 129     0.002601    99.927     0.011232    99.690    99.780
 130     0.002588    99.933     0.011036    99.700    99.780
 131     0.002948    99.913     0.011270    99.660    99.780
 132     0.003253    99.908     0.011709    99.690    99.780
 133     0.002929    99.920     0.010498    99.700    99.780
 134     0.003201    99.915     0.010789    99.690    99.780
 135     0.002702    99.920     0.010406    99.660    99.780
 136     0.002866    99.932     0.010999    99.700    99.780
 137     0.002583    99.930     0.011103    99.700    99.780
 138     0.002928    99.912     0.011677    99.690    99.780
 139     0.002863    99.925     0.011750    99.670    99.780
 140     0.002759    99.928     0.012684    99.700    99.780
 141     0.002424    99.928     0.012549    99.690    99.780
 142     0.002656    99.932     0.012010    99.660    99.780
 143     0.002575    99.927     0.011668    99.690    99.780
 144     0.002454    99.937     0.011626    99.720    99.780
 145     0.002150    99.938     0.011396    99.710    99.780
 146     0.002631    99.932     0.011471    99.690    99.780
 147     0.002551    99.925     0.010601    99.690    99.780
 148     0.002404    99.935     0.011406    99.700    99.780
 149     0.002865    99.917     0.010650    99.700    99.780
