   0     0.545951    88.838     0.112175    98.680    98.680
   1     0.199563    97.008     0.103102    98.620    98.680
   2     0.140212    97.428     0.060352    99.020    99.020
   3     0.112830    97.758     0.041889    99.090    99.090
   4     0.092857    98.050     0.069484    98.530    99.090
   5     0.083050    98.073     0.045876    99.120    99.120
   6     0.074866    98.237     0.029304    99.350    99.350
   7     0.069207    98.337     0.037200    99.150    99.350
   8     0.063749    98.420     0.030953    99.390    99.390
   9     0.060262    98.408     0.027503    99.430    99.430
  10     0.053886    98.632     0.029879    99.240    99.430
  11     0.052881    98.570     0.027513    99.380    99.430
  12     0.049146    98.713     0.022926    99.470    99.470
  13     0.048323    98.678     0.025447    99.460    99.470
  14     0.042521    98.847     0.026980    99.410    99.470
  15     0.041972    98.868     0.020458    99.480    99.480
  16     0.041104    98.918     0.030196    99.310    99.480
  17     0.040744    98.892     0.022926    99.450    99.480
  18     0.036313    98.990     0.022587    99.360    99.480
  19     0.035515    99.017     0.017078    99.510    99.510
  20     0.033488    99.042     0.016247    99.580    99.580
  21     0.034299    99.053     0.019966    99.450    99.580
  22     0.033308    99.088     0.016515    99.480    99.580
  23     0.033072    99.077     0.012345    99.660    99.660
  24     0.027864    99.210     0.017576    99.500    99.660
  25     0.030021    99.160     0.011122    99.610    99.660
  26     0.028483    99.158     0.013730    99.580    99.660
  27     0.026403    99.260     0.014802    99.590    99.660
  28     0.024642    99.328     0.014160    99.540    99.660
  29     0.024601    99.298     0.012005    99.670    99.670
  30     0.024689    99.323     0.014764    99.630    99.670
  31     0.024218    99.297     0.013515    99.660    99.670
  32     0.023465    99.347     0.011422    99.640    99.670
  33     0.021838    99.382     0.013704    99.610    99.670
  34     0.020431    99.415     0.016660    99.560    99.670
  35     0.020421    99.452     0.012630    99.600    99.670
  36     0.020522    99.417     0.010681    99.670    99.670
  37     0.019712    99.448     0.010348    99.630    99.670
  38     0.017942    99.488     0.010542    99.680    99.680
  39     0.019591    99.445     0.009716    99.710    99.710
  40     0.018820    99.463     0.010386    99.680    99.710
  41     0.017119    99.510     0.012319    99.650    99.710
  42     0.016472    99.557     0.011325    99.690    99.710
  43     0.016656    99.518     0.011583    99.630    99.710
  44     0.017186    99.515     0.013274    99.650    99.710
  45     0.015689    99.557     0.012770    99.670    99.710
  46     0.016096    99.552     0.013663    99.580    99.710
  47     0.015625    99.555     0.015078    99.540    99.710
  48     0.015491    99.555     0.010925    99.600    99.710
  49     0.015002    99.575     0.011134    99.610    99.710
  50     0.013651    99.588     0.012038    99.580    99.710
  51     0.013519    99.625     0.010747    99.690    99.710
  52     0.013957    99.578     0.011972    99.670    99.710
  53     0.013088    99.595     0.013148    99.650    99.710
  54     0.012671    99.615     0.009493    99.690    99.710
  55     0.012308    99.650     0.010483    99.650    99.710
  56     0.012657    99.638     0.012611    99.620    99.710
  57     0.010289    99.710     0.009001    99.730    99.730
  58     0.011379    99.652     0.013335    99.670    99.730
  59     0.012423    99.628     0.010783    99.670    99.730
  60     0.011673    99.645     0.010551    99.700    99.730
  61     0.010335    99.705     0.010083    99.710    99.730
  62     0.011135    99.685     0.010472    99.700    99.730
  63     0.009663    99.727     0.011646    99.710    99.730
  64     0.010264    99.715     0.011204    99.700    99.730
  65     0.009877    99.707     0.009965    99.700    99.730
  66     0.009945    99.717     0.010754    99.700    99.730
  67     0.009963    99.697     0.011849    99.590    99.730
  68     0.008864    99.732     0.014154    99.590    99.730
  69     0.010155    99.690     0.013054    99.620    99.730
  70     0.008555    99.747     0.011615    99.670    99.730
  71     0.009103    99.748     0.010727    99.710    99.730
  72     0.007409    99.780     0.010355    99.670    99.730
  73     0.008174    99.778     0.012024    99.680    99.730
  74     0.008647    99.738     0.011969    99.690    99.730
  75     0.007736    99.775     0.011464    99.710    99.730
  76     0.007036    99.797     0.011276    99.640    99.730
  77     0.007823    99.803     0.011640    99.650    99.730
  78     0.006894    99.802     0.012107    99.650    99.730
  79     0.008249    99.762     0.013508    99.590    99.730
  80     0.006523    99.828     0.012189    99.640    99.730
  81     0.007010    99.792     0.012412    99.650    99.730
  82     0.006804    99.800     0.010741    99.670    99.730
  83     0.006517    99.813     0.010488    99.730    99.730
  84     0.006922    99.813     0.010578    99.690    99.730
  85     0.005632    99.838     0.010813    99.700    99.730
  86     0.007010    99.810     0.010455    99.700    99.730
  87     0.006142    99.825     0.010525    99.680    99.730
  88     0.005696    99.833     0.010777    99.680    99.730
  89     0.006791    99.813     0.010762    99.680    99.730
  90     0.005545    99.845     0.011426    99.630    99.730
  91     0.005860    99.832     0.011703    99.640    99.730
  92     0.006170    99.822     0.011205    99.670    99.730
  93     0.005191    99.853     0.011016    99.630    99.730
  94     0.005558    99.833     0.011035    99.660    99.730
  95     0.005362    99.850     0.011043    99.680    99.730
  96     0.005444    99.848     0.012000    99.650    99.730
  97     0.004821    99.862     0.011076    99.730    99.730
  98     0.004964    99.853     0.010845    99.660    99.730
  99     0.004856    99.852     0.012198    99.670    99.730
 100     0.004483    99.868     0.011839    99.670    99.730
 101     0.004841    99.857     0.011179    99.660    99.730
 102     0.005712    99.845     0.011560    99.660    99.730
 103     0.004353    99.872     0.010635    99.660    99.730
 104     0.004513    99.872     0.010993    99.710    99.730
 105     0.004334    99.873     0.010435    99.710    99.730
 106     0.005004    99.862     0.012299    99.660    99.730
 107     0.005234    99.853     0.012870    99.700    99.730
 108     0.003940    99.893     0.012706    99.690    99.730
 109     0.003555    99.912     0.011506    99.650    99.730
 110     0.003555    99.892     0.011900    99.670    99.730
 111     0.003585    99.888     0.011358    99.660    99.730
 112     0.004196    99.865     0.011379    99.700    99.730
 113     0.004564    99.875     0.011634    99.680    99.730
 114     0.003428    99.888     0.011902    99.630    99.730
 115     0.004332    99.880     0.011831    99.690    99.730
 116     0.003709    99.900     0.011840    99.670    99.730
 117     0.003681    99.883     0.012245    99.650    99.730
 118     0.003290    99.928     0.011719    99.690    99.730
 119     0.004189    99.888     0.013997    99.650    99.730
 120     0.003962    99.878     0.012807    99.670    99.730
 121     0.003701    99.897     0.012881    99.640    99.730
 122     0.003609    99.892     0.012271    99.670    99.730
 123     0.003075    99.912     0.011480    99.690    99.730
 124     0.003539    99.903     0.012451    99.690    99.730
 125     0.003082    99.912     0.012069    99.660    99.730
 126     0.003500    99.902     0.012240    99.680    99.730
 127     0.003244    99.897     0.012470    99.650    99.730
 128     0.003060    99.913     0.013122    99.660    99.730
 129     0.002846    99.915     0.012429    99.710    99.730
 130     0.003460    99.897     0.012908    99.660    99.730
 131     0.003427    99.907     0.012980    99.670    99.730
 132     0.002808    99.928     0.011880    99.690    99.730
 133     0.002789    99.900     0.012385    99.680    99.730
 134     0.002678    99.932     0.012546    99.670    99.730
 135     0.003216    99.903     0.013693    99.660    99.730
 136     0.002475    99.938     0.012285    99.650    99.730
 137     0.002480    99.928     0.013306    99.660    99.730
 138     0.002526    99.927     0.012556    99.660    99.730
 139     0.002828    99.918     0.012112    99.680    99.730
 140     0.003104    99.923     0.012817    99.680    99.730
 141     0.002453    99.935     0.013863    99.640    99.730
 142     0.002835    99.925     0.013024    99.660    99.730
 143     0.002496    99.937     0.013335    99.640    99.730
 144     0.002218    99.935     0.013459    99.640    99.730
 145     0.002630    99.927     0.014637    99.680    99.730
 146     0.003083    99.897     0.013658    99.670    99.730
 147     0.002585    99.928     0.014206    99.650    99.730
 148     0.002919    99.923     0.013011    99.650    99.730
 149     0.002427    99.925     0.013204    99.650    99.730
