   0     0.544317    89.145     0.119694    98.730    98.730
   1     0.204460    96.925     0.095007    98.900    98.900
   2     0.140989    97.440     0.043542    99.420    99.420
   3     0.111209    97.802     0.058209    99.030    99.420
   4     0.093835    97.948     0.044545    99.150    99.420
   5     0.082575    98.140     0.030638    99.380    99.420
   6     0.076082    98.228     0.040834    99.250    99.420
   7     0.067662    98.343     0.040751    98.990    99.420
   8     0.063400    98.348     0.023016    99.550    99.550
   9     0.060531    98.462     0.095612    97.320    99.550
  10     0.054987    98.587     0.025400    99.410    99.550
  11     0.053459    98.603     0.035430    99.140    99.550
  12     0.049316    98.615     0.021769    99.480    99.550
  13     0.048745    98.718     0.027624    99.430    99.550
  14     0.046372    98.690     0.032275    99.170    99.550
  15     0.041659    98.865     0.019171    99.450    99.550
  16     0.040584    98.890     0.016772    99.560    99.560
  17     0.039966    98.913     0.022002    99.370    99.560
  18     0.035269    99.033     0.039738    98.860    99.560
  19     0.037021    98.967     0.014728    99.520    99.560
  20     0.035896    99.033     0.019729    99.510    99.560
  21     0.033862    99.078     0.021306    99.490    99.560
  22     0.032649    99.100     0.025146    99.350    99.560
  23     0.029024    99.183     0.015036    99.560    99.560
  24     0.028673    99.215     0.017212    99.470    99.560
  25     0.028895    99.180     0.019386    99.480    99.560
  26     0.029195    99.172     0.015828    99.540    99.560
  27     0.028056    99.210     0.013983    99.640    99.640
  28     0.024584    99.338     0.017438    99.490    99.640
  29     0.025962    99.298     0.013120    99.620    99.640
  30     0.025229    99.270     0.012619    99.640    99.640
  31     0.023843    99.282     0.011653    99.680    99.680
  32     0.022720    99.385     0.010041    99.700    99.700
  33     0.022085    99.377     0.015247    99.540    99.700
  34     0.020462    99.412     0.015858    99.530    99.700
  35     0.022353    99.393     0.013592    99.570    99.700
  36     0.019961    99.457     0.011018    99.680    99.700
  37     0.019205    99.510     0.010797    99.670    99.700
  38     0.020008    99.417     0.009993    99.710    99.710
  39     0.018911    99.477     0.010076    99.660    99.710
  40     0.017995    99.495     0.009367    99.670    99.710
  41     0.018734    99.437     0.012796    99.570    99.710
  42     0.017110    99.513     0.009995    99.650    99.710
  43     0.017855    99.472     0.010373    99.690    99.710
  44     0.017512    99.508     0.011281    99.700    99.710
  45     0.015612    99.585     0.011086    99.670    99.710
  46     0.015438    99.570     0.012497    99.630    99.710
  47     0.014380    99.580     0.011066    99.730    99.730
  48     0.015730    99.547     0.011303    99.640    99.730
  49     0.014282    99.598     0.010706    99.680    99.730
  50     0.014062    99.588     0.010785    99.690    99.730
  51     0.013289    99.618     0.009499    99.660    99.730
  52     0.014075    99.582     0.010443    99.640    99.730
  53     0.012738    99.623     0.010167    99.700    99.730
  54     0.012654    99.662     0.010603    99.640    99.730
  55     0.012225    99.665     0.011844    99.620    99.730
  56     0.011711    99.650     0.009651    99.720    99.730
  57     0.012602    99.642     0.011228    99.660    99.730
  58     0.011869    99.622     0.010033    99.710    99.730
  59     0.011163    99.675     0.009537    99.710    99.730
  60     0.010878    99.675     0.009234    99.700    99.730
  61     0.010871    99.698     0.008914    99.720    99.730
  62     0.011196    99.685     0.008953    99.700    99.730
  63     0.011148    99.687     0.009394    99.730    99.730
  64     0.010290    99.718     0.009288    99.660    99.730
  65     0.010155    99.697     0.009535    99.680    99.730
  66     0.010803    99.688     0.010180    99.680    99.730
  67     0.009571    99.740     0.010822    99.640    99.730
  68     0.008742    99.753     0.009360    99.740    99.740
  69     0.009107    99.727     0.010708    99.690    99.740
  70     0.009437    99.745     0.009632    99.680    99.740
  71     0.007657    99.770     0.010655    99.680    99.740
  72     0.008880    99.738     0.010887    99.660    99.740
  73     0.008227    99.762     0.011126    99.660    99.740
  74     0.008384    99.737     0.009351    99.740    99.740
  75     0.007725    99.800     0.010076    99.700    99.740
  76     0.008337    99.758     0.010173    99.680    99.740
  77     0.007191    99.792     0.009761    99.680    99.740
  78     0.007747    99.767     0.009241    99.680    99.740
  79     0.007365    99.770     0.009557    99.690    99.740
  80     0.006948    99.812     0.011306    99.670    99.740
  81     0.007367    99.775     0.010247    99.710    99.740
  82     0.007315    99.792     0.010360    99.680    99.740
  83     0.006510    99.817     0.011255    99.680    99.740
  84     0.006628    99.813     0.010007    99.690    99.740
  85     0.006211    99.827     0.009605    99.730    99.740
  86     0.006031    99.833     0.010097    99.670    99.740
  87     0.006743    99.807     0.009235    99.680    99.740
  88     0.006245    99.815     0.009549    99.720    99.740
  89     0.006883    99.802     0.009326    99.680    99.740
  90     0.006028    99.820     0.009785    99.700    99.740
  91     0.005533    99.845     0.009069    99.700    99.740
  92     0.005808    99.820     0.008822    99.740    99.740
  93     0.005558    99.840     0.009975    99.710    99.740
  94     0.005265    99.847     0.010822    99.670    99.740
  95     0.005094    99.850     0.010109    99.710    99.740
  96     0.004498    99.880     0.009472    99.710    99.740
  97     0.004916    99.853     0.010652    99.660    99.740
  98     0.004826    99.853     0.009506    99.710    99.740
  99     0.004872    99.857     0.009109    99.750    99.750
 100     0.005154    99.847     0.009523    99.740    99.750
 101     0.004478    99.853     0.010156    99.690    99.750
 102     0.005534    99.842     0.009214    99.750    99.750
 103     0.004474    99.868     0.009786    99.730    99.750
 104     0.003816    99.903     0.009551    99.780    99.780
 105     0.005041    99.863     0.010096    99.710    99.780
 106     0.004180    99.868     0.010675    99.730    99.780
 107     0.003820    99.892     0.010220    99.720    99.780
 108     0.003782    99.897     0.009898    99.730    99.780
 109     0.004432    99.872     0.008927    99.730    99.780
 110     0.004046    99.897     0.009811    99.720    99.780
 111     0.004100    99.887     0.010008    99.740    99.780
 112     0.004057    99.885     0.010423    99.700    99.780
 113     0.003504    99.902     0.010099    99.700    99.780
 114     0.003808    99.902     0.009079    99.710    99.780
 115     0.003578    99.898     0.009531    99.730    99.780
 116     0.003459    99.903     0.010223    99.720    99.780
 117     0.003664    99.897     0.009271    99.740    99.780
 118     0.003675    99.900     0.011062    99.690    99.780
 119     0.003386    99.898     0.010305    99.710    99.780
 120     0.003507    99.895     0.010182    99.700    99.780
 121     0.003020    99.913     0.010004    99.700    99.780
 122     0.003223    99.917     0.010553    99.720    99.780
 123     0.003608    99.897     0.010740    99.700    99.780
 124     0.003490    99.902     0.011217    99.690    99.780
 125     0.003421    99.905     0.010752    99.680    99.780
 126     0.002989    99.922     0.012421    99.680    99.780
 127     0.003081    99.915     0.010585    99.710    99.780
 128     0.003054    99.903     0.010559    99.720    99.780
 129     0.002732    99.917     0.010902    99.750    99.780
 130     0.003640    99.897     0.010614    99.730    99.780
 131     0.003099    99.915     0.010061    99.750    99.780
 132     0.002993    99.928     0.010840    99.760    99.780
 133     0.002907    99.932     0.010557    99.750    99.780
 134     0.003083    99.900     0.010899    99.720    99.780
 135     0.002308    99.940     0.010606    99.740    99.780
 136     0.002664    99.920     0.010261    99.760    99.780
 137     0.002909    99.917     0.009992    99.740    99.780
 138     0.002341    99.943     0.010695    99.700    99.780
 139     0.002476    99.928     0.011107    99.730    99.780
 140     0.002583    99.935     0.010729    99.730    99.780
 141     0.002890    99.917     0.011655    99.700    99.780
 142     0.002376    99.937     0.011046    99.710    99.780
 143     0.002891    99.915     0.010237    99.720    99.780
 144     0.002605    99.927     0.010153    99.760    99.780
 145     0.002243    99.938     0.010739    99.710    99.780
 146     0.002784    99.920     0.010348    99.740    99.780
 147     0.002296    99.937     0.010835    99.730    99.780
 148     0.002628    99.930     0.011344    99.720    99.780
 149     0.002675    99.933     0.011022    99.750    99.780
