   0     0.544351    89.220     0.125804    98.640    98.640
   1     0.205411    96.885     0.077217    99.160    99.160
   2     0.142858    97.495     0.060531    99.000    99.160
   3     0.109866    97.810     0.057351    99.200    99.200
   4     0.092689    97.978     0.036400    99.350    99.350
   5     0.083988    98.038     0.043121    99.180    99.350
   6     0.071734    98.307     0.040375    99.200    99.350
   7     0.066517    98.392     0.036089    99.260    99.350
   8     0.062044    98.470     0.026084    99.490    99.490
   9     0.057450    98.538     0.028367    99.440    99.490
  10     0.055865    98.553     0.034850    99.230    99.490
  11     0.052910    98.638     0.034162    99.190    99.490
  12     0.049662    98.710     0.023447    99.480    99.490
  13     0.047093    98.777     0.038263    98.940    99.490
  14     0.044734    98.768     0.029909    99.240    99.490
  15     0.042970    98.812     0.026074    99.290    99.490
  16     0.041414    98.895     0.030271    99.360    99.490
  17     0.038962    98.960     0.022235    99.480    99.490
  18     0.036987    99.010     0.017951    99.530    99.530
  19     0.036813    99.000     0.021547    99.470    99.530
  20     0.034184    99.043     0.017458    99.480    99.530
  21     0.033305    99.075     0.022866    99.350    99.530
  22     0.033257    99.090     0.014844    99.600    99.600
  23     0.029654    99.137     0.018354    99.460    99.600
  24     0.031077    99.128     0.014116    99.560    99.600
  25     0.029476    99.152     0.013630    99.580    99.600
  26     0.027273    99.230     0.015619    99.540    99.600
  27     0.028795    99.193     0.014824    99.500    99.600
  28     0.025485    99.237     0.012244    99.580    99.600
  29     0.026559    99.255     0.012020    99.660    99.660
  30     0.025793    99.303     0.012975    99.670    99.670
  31     0.023322    99.340     0.013203    99.570    99.670
  32     0.023703    99.323     0.013075    99.680    99.680
  33     0.022643    99.295     0.013145    99.570    99.680
  34     0.021932    99.385     0.017578    99.450    99.680
  35     0.021886    99.390     0.013138    99.610    99.680
  36     0.022048    99.363     0.012102    99.640    99.680
  37     0.020277    99.385     0.013023    99.600    99.680
  38     0.017766    99.503     0.013778    99.600    99.680
  39     0.020437    99.415     0.013095    99.640    99.680
  40     0.018876    99.453     0.009943    99.670    99.680
  41     0.017316    99.510     0.013175    99.620    99.680
  42     0.017033    99.445     0.010927    99.640    99.680
  43     0.017213    99.543     0.011400    99.630    99.680
  44     0.016621    99.545     0.010583    99.660    99.680
  45     0.016807    99.527     0.011487    99.640    99.680
  46     0.014838    99.587     0.010636    99.680    99.680
  47     0.015673    99.560     0.012733    99.520    99.680
  48     0.016222    99.528     0.010563    99.680    99.680
  49     0.014397    99.597     0.010959    99.680    99.680
  50     0.012837    99.623     0.010203    99.700    99.700
  51     0.014207    99.592     0.009885    99.660    99.700
  52     0.015445    99.570     0.010175    99.690    99.700
  53     0.013450    99.623     0.010275    99.660    99.700
  54     0.011629    99.688     0.010370    99.650    99.700
  55     0.012599    99.628     0.011691    99.650    99.700
  56     0.012922    99.610     0.011337    99.660    99.700
  57     0.011498    99.662     0.010545    99.680    99.700
  58     0.012238    99.623     0.010774    99.670    99.700
  59     0.010812    99.678     0.009031    99.730    99.730
  60     0.011200    99.657     0.008262    99.740    99.740
  61     0.010661    99.680     0.009922    99.680    99.740
  62     0.011477    99.683     0.009903    99.710    99.740
  63     0.010107    99.703     0.009867    99.700    99.740
  64     0.009575    99.720     0.010126    99.670    99.740
  65     0.008987    99.725     0.011787    99.650    99.740
  66     0.010313    99.680     0.009856    99.660    99.740
  67     0.009658    99.725     0.012995    99.600    99.740
  68     0.009213    99.725     0.009433    99.670    99.740
  69     0.009620    99.730     0.008896    99.740    99.740
  70     0.009372    99.737     0.010837    99.680    99.740
  71     0.008110    99.748     0.010304    99.670    99.740
  72     0.007804    99.763     0.010901    99.670    99.740
  73     0.008911    99.728     0.008979    99.690    99.740
  74     0.008838    99.748     0.008988    99.690    99.740
  75     0.007807    99.792     0.010001    99.680    99.740
  76     0.006811    99.818     0.011385    99.690    99.740
  77     0.008783    99.748     0.011671    99.650    99.740
  78     0.007735    99.775     0.011463    99.660    99.740
  79     0.006202    99.817     0.011002    99.650    99.740
  80     0.006212    99.828     0.013387    99.650    99.740
  81     0.007108    99.797     0.010701    99.690    99.740
  82     0.008332    99.763     0.010905    99.670    99.740
  83     0.006122    99.812     0.010321    99.720    99.740
  84     0.007126    99.800     0.013154    99.580    99.740
  85     0.006732    99.810     0.012694    99.630    99.740
  86     0.006839    99.805     0.010373    99.640    99.740
  87     0.006367    99.800     0.011345    99.650    99.740
  88     0.007048    99.822     0.011910    99.660    99.740
  89     0.006573    99.817     0.012205    99.660    99.740
  90     0.005949    99.840     0.010586    99.690    99.740
  91     0.005665    99.840     0.013323    99.670    99.740
  92     0.005263    99.853     0.013217    99.660    99.740
  93     0.006037    99.827     0.011054    99.690    99.740
  94     0.005407    99.863     0.011219    99.670    99.740
  95     0.005004    99.863     0.010973    99.690    99.740
  96     0.004699    99.870     0.011005    99.680    99.740
  97     0.005586    99.830     0.010084    99.680    99.740
  98     0.005994    99.822     0.009651    99.700    99.740
  99     0.005157    99.848     0.011011    99.670    99.740
 100     0.005468    99.833     0.011952    99.620    99.740
 101     0.004922    99.858     0.011003    99.640    99.740
 102     0.004804    99.870     0.011480    99.640    99.740
 103     0.004794    99.858     0.012389    99.670    99.740
 104     0.004662    99.853     0.011339    99.630    99.740
 105     0.005340    99.835     0.012045    99.670    99.740
 106     0.004880    99.853     0.011888    99.660    99.740
 107     0.005012    99.860     0.010473    99.690    99.740
 108     0.004337    99.868     0.010132    99.670    99.740
 109     0.004615    99.875     0.010276    99.670    99.740
 110     0.004254    99.878     0.010016    99.700    99.740
 111     0.004201    99.858     0.011408    99.660    99.740
 112     0.003731    99.907     0.011146    99.700    99.740
 113     0.003985    99.872     0.012012    99.710    99.740
 114     0.003755    99.887     0.011941    99.720    99.740
 115     0.003913    99.888     0.011087    99.670    99.740
 116     0.004017    99.897     0.011569    99.660    99.740
 117     0.003246    99.917     0.011424    99.670    99.740
 118     0.004333    99.877     0.011646    99.670    99.740
 119     0.004150    99.885     0.012419    99.700    99.740
 120     0.003278    99.920     0.010773    99.740    99.740
 121     0.003503    99.907     0.012247    99.690    99.740
 122     0.003135    99.918     0.012177    99.670    99.740
 123     0.003809    99.890     0.013608    99.620    99.740
 124     0.002988    99.918     0.012818    99.680    99.740
 125     0.003646    99.897     0.013229    99.620    99.740
 126     0.004014    99.883     0.013253    99.620    99.740
 127     0.003124    99.910     0.013112    99.620    99.740
 128     0.003432    99.907     0.012776    99.630    99.740
 129     0.002975    99.895     0.012327    99.670    99.740
 130     0.002799    99.913     0.012800    99.620    99.740
 131     0.003196    99.893     0.011496    99.680    99.740
 132     0.002817    99.925     0.012203    99.680    99.740
 133     0.002356    99.940     0.012577    99.700    99.740
 134     0.003007    99.910     0.011967    99.700    99.740
 135     0.002722    99.927     0.011410    99.700    99.740
 136     0.002443    99.935     0.012679    99.670    99.740
 137     0.002615    99.923     0.011753    99.670    99.740
 138     0.003192    99.918     0.012244    99.640    99.740
 139     0.002246    99.938     0.012064    99.630    99.740
 140     0.002625    99.910     0.014194    99.640    99.740
 141     0.003513    99.895     0.012969    99.610    99.740
 142     0.002828    99.930     0.011395    99.680    99.740
 143     0.002893    99.913     0.012279    99.670    99.740
 144     0.002954    99.925     0.011910    99.670    99.740
 145     0.002360    99.943     0.012994    99.630    99.740
 146     0.003033    99.917     0.012856    99.670    99.740
 147     0.002604    99.932     0.012549    99.660    99.740
 148     0.002604    99.935     0.012745    99.650    99.740
 149     0.002686    99.917     0.012877    99.650    99.740
