   0     0.535345    89.750     0.091019    99.140    99.140
   1     0.201498    97.007     0.142027    98.030    99.140
   2     0.140260    97.557     0.057409    99.230    99.230
   3     0.108513    97.908     0.048328    99.340    99.340
   4     0.091324    98.048     0.042890    99.080    99.340
   5     0.081984    98.150     0.063218    98.840    99.340
   6     0.072332    98.312     0.059022    98.800    99.340
   7     0.068424    98.393     0.042085    98.990    99.340
   8     0.065718    98.345     0.048630    98.940    99.340
   9     0.058613    98.512     0.028127    99.300    99.340
  10     0.055186    98.595     0.043256    99.010    99.340
  11     0.053328    98.623     0.030857    99.310    99.340
  12     0.052765    98.615     0.035842    99.340    99.340
  13     0.045978    98.812     0.022506    99.490    99.490
  14     0.048179    98.715     0.020921    99.490    99.490
  15     0.043098    98.865     0.026917    99.300    99.490
  16     0.039455    98.890     0.015630    99.600    99.600
  17     0.039852    98.893     0.019369    99.510    99.600
  18     0.038072    98.963     0.025929    99.320    99.600
  19     0.035521    98.997     0.015133    99.570    99.600
  20     0.035122    99.018     0.016320    99.540    99.600
  21     0.032779    99.128     0.016363    99.530    99.600
  22     0.031114    99.170     0.014000    99.530    99.600
  23     0.031973    99.117     0.016156    99.580    99.600
  24     0.029888    99.152     0.015198    99.510    99.600
  25     0.028489    99.260     0.013578    99.570    99.600
  26     0.028731    99.205     0.013893    99.550    99.600
  27     0.026786    99.283     0.013568    99.560    99.600
  28     0.023588    99.348     0.013026    99.610    99.610
  29     0.025484    99.285     0.012649    99.620    99.620
  30     0.024442    99.335     0.012873    99.610    99.620
  31     0.026870    99.260     0.012451    99.610    99.620
  32     0.022196    99.385     0.012658    99.580    99.620
  33     0.022416    99.368     0.011328    99.610    99.620
  34     0.022299    99.387     0.011474    99.630    99.630
  35     0.019863    99.457     0.010122    99.700    99.700
  36     0.020169    99.408     0.009792    99.690    99.700
  37     0.019714    99.427     0.012991    99.630    99.700
  38     0.018856    99.453     0.010457    99.690    99.700
  39     0.017307    99.500     0.012096    99.700    99.700
  40     0.019494    99.435     0.011334    99.590    99.700
  41     0.018285    99.503     0.010670    99.670    99.700
  42     0.017788    99.487     0.010259    99.670    99.700
  43     0.016810    99.490     0.012537    99.630    99.700
  44     0.016859    99.495     0.011616    99.660    99.700
  45     0.015202    99.538     0.011206    99.640    99.700
  46     0.015817    99.560     0.011511    99.630    99.700
  47     0.014944    99.548     0.011513    99.660    99.700
  48     0.014310    99.605     0.011920    99.670    99.700
  49     0.014251    99.575     0.011091    99.660    99.700
  50     0.013811    99.628     0.008909    99.720    99.720
  51     0.014678    99.543     0.009453    99.700    99.720
  52     0.013474    99.627     0.010844    99.670    99.720
  53     0.011953    99.623     0.009417    99.680    99.720
  54     0.012542    99.632     0.011326    99.660    99.720
  55     0.012479    99.632     0.009946    99.670    99.720
  56     0.011128    99.668     0.011084    99.660    99.720
  57     0.011690    99.653     0.011549    99.620    99.720
  58     0.011519    99.680     0.012152    99.650    99.720
  59     0.011535    99.672     0.010954    99.680    99.720
  60     0.011050    99.680     0.011838    99.600    99.720
  61     0.011880    99.650     0.008675    99.760    99.760
  62     0.011264    99.700     0.011042    99.730    99.760
  63     0.010247    99.700     0.010921    99.700    99.760
  64     0.009630    99.718     0.010270    99.700    99.760
  65     0.010686    99.697     0.010036    99.680    99.760
  66     0.009083    99.735     0.010084    99.710    99.760
  67     0.008364    99.785     0.008446    99.730    99.760
  68     0.009686    99.723     0.009870    99.690    99.760
  69     0.009153    99.737     0.009935    99.700    99.760
  70     0.008353    99.783     0.009420    99.690    99.760
  71     0.008577    99.750     0.009068    99.730    99.760
  72     0.008949    99.733     0.010303    99.710    99.760
  73     0.008070    99.760     0.008654    99.740    99.760
  74     0.008109    99.770     0.009771    99.720    99.760
  75     0.008419    99.763     0.009905    99.710    99.760
  76     0.007237    99.788     0.011346    99.700    99.760
  77     0.008133    99.753     0.008474    99.780    99.780
  78     0.006869    99.818     0.009791    99.680    99.780
  79     0.007967    99.767     0.010303    99.680    99.780
  80     0.006965    99.787     0.009664    99.700    99.780
  81     0.006760    99.793     0.008446    99.770    99.780
  82     0.007019    99.800     0.010639    99.690    99.780
  83     0.006646    99.797     0.011054    99.700    99.780
  84     0.007360    99.767     0.010315    99.700    99.780
  85     0.006070    99.835     0.010107    99.720    99.780
  86     0.005937    99.837     0.010225    99.680    99.780
  87     0.005215    99.845     0.011446    99.660    99.780
  88     0.005349    99.847     0.010423    99.700    99.780
  89     0.005729    99.835     0.009033    99.730    99.780
  90     0.006058    99.827     0.009420    99.720    99.780
  91     0.005362    99.828     0.010191    99.710    99.780
  92     0.005656    99.822     0.009428    99.720    99.780
  93     0.005965    99.848     0.009824    99.720    99.780
  94     0.005142    99.850     0.009042    99.700    99.780
  95     0.004942    99.860     0.009075    99.720    99.780
  96     0.004732    99.862     0.008812    99.760    99.780
  97     0.005176    99.847     0.010259    99.680    99.780
  98     0.004464    99.880     0.010239    99.700    99.780
  99     0.004768    99.875     0.009134    99.750    99.780
 100     0.005085    99.865     0.009697    99.720    99.780
 101     0.004589    99.863     0.009864    99.730    99.780
 102     0.005355    99.838     0.009445    99.750    99.780
 103     0.004843    99.862     0.009269    99.740    99.780
 104     0.003557    99.908     0.009797    99.730    99.780
 105     0.005368    99.843     0.009222    99.740    99.780
 106     0.004572    99.868     0.009478    99.730    99.780
 107     0.004471    99.870     0.009871    99.760    99.780
 108     0.003731    99.887     0.009352    99.740    99.780
 109     0.004215    99.865     0.009308    99.750    99.780
 110     0.004055    99.880     0.009530    99.740    99.780
 111     0.004359    99.863     0.009924    99.700    99.780
 112     0.003739    99.900     0.009792    99.720    99.780
 113     0.003811    99.902     0.009965    99.730    99.780
 114     0.003155    99.910     0.010508    99.700    99.780
 115     0.003795    99.897     0.010209    99.720    99.780
 116     0.003731    99.897     0.010213    99.720    99.780
 117     0.003763    99.895     0.009634    99.720    99.780
 118     0.003524    99.893     0.010073    99.690    99.780
 119     0.003963    99.893     0.010368    99.720    99.780
 120     0.003620    99.887     0.010763    99.700    99.780
 121     0.003933    99.873     0.009856    99.730    99.780
 122     0.003517    99.885     0.011529    99.690    99.780
 123     0.003593    99.905     0.010661    99.710    99.780
 124     0.003404    99.908     0.010242    99.760    99.780
 125     0.003402    99.905     0.010616    99.740    99.780
 126     0.003254    99.912     0.010607    99.690    99.780
 127     0.003867    99.892     0.010120    99.730    99.780
 128     0.002672    99.912     0.011430    99.640    99.780
 129     0.003450    99.895     0.011634    99.670    99.780
 130     0.002948    99.913     0.010758    99.690    99.780
 131     0.003673    99.900     0.011265    99.680    99.780
 132     0.003423    99.920     0.011605    99.680    99.780
 133     0.002555    99.932     0.011063    99.730    99.780
 134     0.003187    99.920     0.011361    99.700    99.780
 135     0.002745    99.923     0.010854    99.720    99.780
 136     0.003185    99.910     0.010458    99.700    99.780
 137     0.002537    99.933     0.010800    99.730    99.780
 138     0.002581    99.922     0.011264    99.670    99.780
 139     0.003036    99.922     0.010533    99.690    99.780
 140     0.002820    99.928     0.011432    99.660    99.780
 141     0.002910    99.915     0.011600    99.690    99.780
 142     0.002571    99.928     0.011509    99.690    99.780
 143     0.002508    99.923     0.010241    99.750    99.780
 144     0.002318    99.932     0.010359    99.760    99.780
 145     0.002633    99.925     0.009622    99.740    99.780
 146     0.002514    99.938     0.010641    99.680    99.780
 147     0.002790    99.920     0.010714    99.700    99.780
 148     0.002172    99.945     0.010573    99.720    99.780
 149     0.002480    99.930     0.010798    99.730    99.780
