   0     0.534393    89.335     0.111657    98.780    98.780
   1     0.203087    96.840     0.071409    99.140    99.140
   2     0.140559    97.453     0.072830    98.860    99.140
   3     0.112567    97.750     0.065591    98.710    99.140
   4     0.093139    98.015     0.039774    99.250    99.250
   5     0.081424    98.113     0.058606    98.970    99.250
   6     0.071505    98.385     0.040370    99.150    99.250
   7     0.069722    98.277     0.049578    99.120    99.250
   8     0.063762    98.405     0.037834    99.180    99.250
   9     0.061024    98.445     0.053279    99.030    99.250
  10     0.055164    98.575     0.029912    99.250    99.250
  11     0.053541    98.567     0.029452    99.400    99.400
  12     0.051745    98.655     0.018910    99.560    99.560
  13     0.049499    98.728     0.025738    99.380    99.560
  14     0.047724    98.713     0.024389    99.430    99.560
  15     0.043018    98.825     0.020313    99.510    99.560
  16     0.042308    98.888     0.029125    99.250    99.560
  17     0.040600    98.930     0.020565    99.440    99.560
  18     0.037844    98.973     0.022581    99.440    99.560
  19     0.036470    99.005     0.021204    99.510    99.560
  20     0.035698    99.033     0.030802    99.180    99.560
  21     0.033657    99.095     0.015527    99.500    99.560
  22     0.033056    99.072     0.014104    99.610    99.610
  23     0.031019    99.160     0.016990    99.600    99.610
  24     0.029584    99.198     0.020898    99.400    99.610
  25     0.029395    99.182     0.013287    99.620    99.620
  26     0.028044    99.190     0.016969    99.530    99.620
  27     0.027693    99.220     0.012880    99.630    99.630
  28     0.025962    99.228     0.013503    99.660    99.660
  29     0.025633    99.272     0.012227    99.680    99.680
  30     0.025004    99.313     0.012269    99.670    99.680
  31     0.023063    99.333     0.015216    99.540    99.680
  32     0.024335    99.333     0.011708    99.590    99.680
  33     0.022929    99.363     0.012957    99.590    99.680
  34     0.022725    99.333     0.014557    99.530    99.680
  35     0.021625    99.428     0.013052    99.600    99.680
  36     0.020609    99.417     0.010792    99.640    99.680
  37     0.020457    99.413     0.011928    99.640    99.680
  38     0.020031    99.420     0.011938    99.660    99.680
  39     0.019042    99.432     0.011266    99.660    99.680
  40     0.019325    99.483     0.010399    99.670    99.680
  41     0.018440    99.458     0.010226    99.690    99.690
  42     0.017028    99.485     0.010162    99.700    99.700
  43     0.016360    99.537     0.011406    99.660    99.700
  44     0.016434    99.513     0.011064    99.670    99.700
  45     0.016806    99.533     0.011017    99.700    99.700
  46     0.016433    99.525     0.010512    99.720    99.720
  47     0.016084    99.537     0.010182    99.700    99.720
  48     0.014545    99.545     0.010783    99.710    99.720
  49     0.014195    99.580     0.010535    99.690    99.720
  50     0.014106    99.617     0.008682    99.730    99.730
  51     0.014528    99.600     0.009348    99.700    99.730
  52     0.014356    99.592     0.009826    99.700    99.730
  53     0.013593    99.577     0.012417    99.650    99.730
  54     0.012415    99.655     0.010091    99.720    99.730
  55     0.011874    99.693     0.010894    99.650    99.730
  56     0.013123    99.612     0.010400    99.710    99.730
  57     0.012185    99.647     0.010822    99.700    99.730
  58     0.011938    99.660     0.010678    99.720    99.730
  59     0.011402    99.680     0.011690    99.650    99.730
  60     0.009693    99.700     0.010893    99.710    99.730
  61     0.011375    99.702     0.011030    99.720    99.730
  62     0.010270    99.718     0.010641    99.700    99.730
  63     0.010104    99.717     0.011033    99.640    99.730
  64     0.010514    99.697     0.010940    99.700    99.730
  65     0.010007    99.707     0.011675    99.640    99.730
  66     0.011128    99.682     0.011332    99.680    99.730
  67     0.009040    99.745     0.010657    99.720    99.730
  68     0.009861    99.717     0.010402    99.740    99.740
  69     0.009680    99.697     0.009633    99.730    99.740
  70     0.009139    99.735     0.010239    99.740    99.740
  71     0.008342    99.793     0.009691    99.750    99.750
  72     0.007649    99.772     0.009861    99.710    99.750
  73     0.007720    99.777     0.010966    99.760    99.760
  74     0.008027    99.772     0.012326    99.650    99.760
  75     0.008563    99.743     0.010925    99.700    99.760
  76     0.007572    99.782     0.010136    99.720    99.760
  77     0.007856    99.760     0.011170    99.710    99.760
  78     0.006806    99.808     0.011791    99.690    99.760
  79     0.008368    99.718     0.012342    99.660    99.760
  80     0.006690    99.825     0.010742    99.720    99.760
  81     0.006481    99.808     0.011494    99.650    99.760
  82     0.006758    99.797     0.009803    99.700    99.760
  83     0.006447    99.815     0.011580    99.650    99.760
  84     0.006454    99.832     0.010605    99.680    99.760
  85     0.006394    99.808     0.009699    99.710    99.760
  86     0.007080    99.795     0.011263    99.700    99.760
  87     0.006992    99.803     0.011093    99.700    99.760
  88     0.005695    99.852     0.011127    99.660    99.760
  89     0.005944    99.827     0.011750    99.710    99.760
  90     0.006682    99.822     0.011435    99.740    99.760
  91     0.005872    99.820     0.012104    99.710    99.760
  92     0.005219    99.835     0.011201    99.680    99.760
  93     0.006750    99.790     0.010829    99.730    99.760
  94     0.005624    99.838     0.010084    99.740    99.760
  95     0.005340    99.872     0.009955    99.770    99.770
  96     0.005017    99.855     0.010497    99.730    99.770
  97     0.005099    99.840     0.010139    99.730    99.770
  98     0.005237    99.852     0.010986    99.750    99.770
  99     0.004942    99.855     0.011049    99.710    99.770
 100     0.005238    99.848     0.010773    99.720    99.770
 101     0.005208    99.847     0.009909    99.680    99.770
 102     0.005205    99.845     0.009748    99.760    99.770
 103     0.004630    99.878     0.010837    99.750    99.770
 104     0.005587    99.835     0.011223    99.690    99.770
 105     0.004659    99.857     0.008963    99.720    99.770
 106     0.004626    99.885     0.010145    99.720    99.770
 107     0.004292    99.878     0.009869    99.760    99.770
 108     0.004143    99.875     0.009497    99.770    99.770
 109     0.004003    99.908     0.009863    99.730    99.770
 110     0.004337    99.892     0.011505    99.700    99.770
 111     0.004297    99.863     0.012283    99.720    99.770
 112     0.003663    99.898     0.012409    99.680    99.770
 113     0.003613    99.902     0.011316    99.700    99.770
 114     0.004609    99.857     0.011745    99.660    99.770
 115     0.003696    99.915     0.011333    99.670    99.770
 116     0.003894    99.885     0.011193    99.720    99.770
 117     0.003656    99.898     0.011866    99.720    99.770
 118     0.003884    99.883     0.013119    99.690    99.770
 119     0.003546    99.908     0.010910    99.710    99.770
 120     0.003712    99.892     0.010745    99.730    99.770
 121     0.004018    99.887     0.012729    99.690    99.770
 122     0.003162    99.912     0.011303    99.700    99.770
 123     0.003389    99.903     0.011372    99.720    99.770
 124     0.003479    99.900     0.011744    99.750    99.770
 125     0.003898    99.877     0.011006    99.720    99.770
 126     0.002983    99.922     0.010262    99.730    99.770
 127     0.003371    99.897     0.010170    99.710    99.770
 128     0.003137    99.910     0.010593    99.690    99.770
 129     0.003680    99.885     0.010827    99.660    99.770
 130     0.003411    99.887     0.010739    99.700    99.770
 131     0.003203    99.902     0.010436    99.670    99.770
 132     0.003113    99.913     0.010276    99.680    99.770
 133     0.003092    99.898     0.010926    99.680    99.770
 134     0.003084    99.917     0.010805    99.720    99.770
 135     0.002983    99.913     0.010712    99.720    99.770
 136     0.003199    99.923     0.011026    99.730    99.770
 137     0.003287    99.913     0.010414    99.730    99.770
 138     0.002528    99.938     0.010652    99.680    99.770
 139     0.002960    99.912     0.011248    99.710    99.770
 140     0.002818    99.927     0.010882    99.720    99.770
 141     0.002561    99.932     0.010413    99.730    99.770
 142     0.002855    99.927     0.010808    99.730    99.770
 143     0.002706    99.925     0.010237    99.760    99.770
 144     0.002750    99.923     0.010638    99.740    99.770
 145     0.003001    99.915     0.010673    99.740    99.770
 146     0.003530    99.905     0.011042    99.690    99.770
 147     0.002271    99.943     0.012049    99.680    99.770
 148     0.002400    99.923     0.011845    99.700    99.770
 149     0.002282    99.933     0.011958    99.690    99.770
