   0     0.541360    89.103     0.102869    99.060    99.060
   1     0.203893    96.888     0.060926    99.230    99.230
   2     0.140190    97.545     0.055694    99.050    99.230
   3     0.112456    97.768     0.084591    98.670    99.230
   4     0.094949    97.917     0.051294    99.200    99.230
   5     0.081004    98.120     0.039437    99.170    99.230
   6     0.074259    98.252     0.029202    99.440    99.440
   7     0.068014    98.393     0.023354    99.370    99.440
   8     0.065516    98.332     0.049365    99.230    99.440
   9     0.059627    98.487     0.046173    99.020    99.440
  10     0.057610    98.518     0.044320    99.120    99.440
  11     0.052885    98.637     0.029593    99.370    99.440
  12     0.047792    98.690     0.030529    99.310    99.440
  13     0.047031    98.743     0.032162    99.170    99.440
  14     0.044044    98.822     0.022825    99.500    99.500
  15     0.044755    98.767     0.022992    99.470    99.500
  16     0.038343    98.945     0.017839    99.500    99.500
  17     0.040640    98.902     0.019409    99.520    99.520
  18     0.037575    98.983     0.032130    99.220    99.520
  19     0.037544    98.957     0.014177    99.610    99.610
  20     0.036210    98.992     0.018505    99.510    99.610
  21     0.034133    99.075     0.019938    99.510    99.610
  22     0.033410    99.095     0.018613    99.490    99.610
  23     0.032657    99.050     0.017592    99.480    99.610
  24     0.028260    99.190     0.018418    99.520    99.610
  25     0.029843    99.165     0.015165    99.480    99.610
  26     0.026315    99.285     0.013112    99.590    99.610
  27     0.026347    99.262     0.011917    99.630    99.630
  28     0.024893    99.298     0.013417    99.600    99.630
  29     0.026073    99.280     0.015204    99.580    99.630
  30     0.026297    99.260     0.012911    99.580    99.630
  31     0.024042    99.343     0.010604    99.620    99.630
  32     0.021997    99.362     0.010839    99.600    99.630
  33     0.023717    99.325     0.009974    99.670    99.670
  34     0.022038    99.397     0.012674    99.630    99.670
  35     0.020015    99.450     0.009884    99.680    99.680
  36     0.021629    99.382     0.010730    99.700    99.700
  37     0.018497    99.480     0.010552    99.680    99.700
  38     0.019639    99.437     0.008721    99.730    99.730
  39     0.018915    99.478     0.012137    99.610    99.730
  40     0.017659    99.473     0.011842    99.650    99.730
  41     0.018101    99.455     0.012182    99.600    99.730
  42     0.017142    99.517     0.010285    99.650    99.730
  43     0.018230    99.480     0.016127    99.500    99.730
  44     0.017251    99.515     0.008537    99.710    99.730
  45     0.015710    99.530     0.009902    99.690    99.730
  46     0.015646    99.568     0.011874    99.660    99.730
  47     0.015843    99.540     0.010143    99.650    99.730
  48     0.014858    99.562     0.010907    99.620    99.730
  49     0.013769    99.600     0.011851    99.650    99.730
  50     0.015039    99.593     0.009782    99.670    99.730
  51     0.014148    99.590     0.010308    99.720    99.730
  52     0.013016    99.642     0.011505    99.660    99.730
  53     0.014887    99.583     0.009875    99.690    99.730
  54     0.012834    99.643     0.010912    99.730    99.730
  55     0.011987    99.643     0.009949    99.720    99.730
  56     0.011695    99.663     0.009872    99.720    99.730
  57     0.012702    99.660     0.012290    99.670    99.730
  58     0.012026    99.662     0.010503    99.730    99.730
  59     0.012335    99.638     0.010941    99.690    99.730
  60     0.010402    99.690     0.009627    99.750    99.750
  61     0.011169    99.687     0.009227    99.710    99.750
  62     0.010675    99.712     0.010106    99.710    99.750
  63     0.009725    99.725     0.009768    99.720    99.750
  64     0.011330    99.665     0.011227    99.680    99.750
  65     0.010235    99.715     0.011177    99.680    99.750
  66     0.008579    99.752     0.011705    99.640    99.750
  67     0.009789    99.715     0.009967    99.760    99.760
  68     0.010287    99.703     0.010111    99.700    99.760
  69     0.008754    99.733     0.009942    99.750    99.760
  70     0.009239    99.745     0.010218    99.700    99.760
  71     0.007986    99.797     0.009556    99.710    99.760
  72     0.008459    99.757     0.009435    99.730    99.760
  73     0.009171    99.740     0.009366    99.720    99.760
  74     0.007615    99.775     0.009351    99.720    99.760
  75     0.007867    99.792     0.009388    99.690    99.760
  76     0.007725    99.770     0.008679    99.710    99.760
  77     0.006911    99.798     0.010028    99.700    99.760
  78     0.007928    99.785     0.009852    99.690    99.760
  79     0.008850    99.750     0.010371    99.700    99.760
  80     0.007729    99.753     0.010396    99.700    99.760
  81     0.007483    99.788     0.009258    99.690    99.760
  82     0.006940    99.783     0.010422    99.700    99.760
  83     0.007327    99.808     0.010172    99.730    99.760
  84     0.005999    99.833     0.009801    99.720    99.760
  85     0.006649    99.812     0.010472    99.690    99.760
  86     0.007367    99.772     0.010030    99.710    99.760
  87     0.005684    99.842     0.011101    99.710    99.760
  88     0.006298    99.818     0.011307    99.660    99.760
  89     0.006809    99.823     0.009406    99.780    99.780
  90     0.005887    99.825     0.009294    99.770    99.780
  91     0.005785    99.825     0.010501    99.720    99.780
  92     0.006403    99.813     0.010346    99.760    99.780
  93     0.005932    99.827     0.010423    99.710    99.780
  94     0.005352    99.852     0.009826    99.750    99.780
  95     0.006146    99.825     0.010225    99.740    99.780
  96     0.005818    99.845     0.012008    99.650    99.780
  97     0.006289    99.805     0.010378    99.710    99.780
  98     0.005522    99.833     0.011963    99.670    99.780
  99     0.004327    99.890     0.011485    99.740    99.780
 100     0.005412    99.852     0.011624    99.710    99.780
 101     0.004444    99.888     0.011813    99.700    99.780
 102     0.004769    99.870     0.011420    99.690    99.780
 103     0.004960    99.872     0.010483    99.700    99.780
 104     0.004662    99.873     0.011152    99.720    99.780
 105     0.004843    99.878     0.011196    99.700    99.780
 106     0.004787    99.875     0.010756    99.750    99.780
 107     0.004187    99.887     0.011238    99.670    99.780
 108     0.004509    99.878     0.011770    99.710    99.780
 109     0.004345    99.870     0.011814    99.690    99.780
 110     0.004943    99.837     0.010905    99.700    99.780
 111     0.004265    99.885     0.010192    99.750    99.780
 112     0.004027    99.883     0.010702    99.740    99.780
 113     0.004067    99.878     0.010964    99.670    99.780
 114     0.003973    99.897     0.011418    99.670    99.780
 115     0.004468    99.867     0.011544    99.700    99.780
 116     0.003899    99.883     0.011001    99.710    99.780
 117     0.003477    99.898     0.010639    99.730    99.780
 118     0.003765    99.903     0.010510    99.720    99.780
 119     0.003982    99.888     0.011225    99.670    99.780
 120     0.003491    99.910     0.011632    99.690    99.780
 121     0.003462    99.895     0.010992    99.730    99.780
 122     0.003289    99.915     0.012801    99.700    99.780
 123     0.003813    99.878     0.011304    99.700    99.780
 124     0.002957    99.910     0.011652    99.710    99.780
 125     0.003877    99.885     0.011248    99.720    99.780
 126     0.004228    99.880     0.011120    99.750    99.780
 127     0.003471    99.910     0.011174    99.750    99.780
 128     0.003127    99.920     0.013040    99.700    99.780
 129     0.003453    99.885     0.012017    99.730    99.780
 130     0.003418    99.893     0.012455    99.680    99.780
 131     0.002710    99.933     0.011350    99.730    99.780
 132     0.003597    99.910     0.011901    99.710    99.780
 133     0.002695    99.925     0.011938    99.670    99.780
 134     0.003087    99.917     0.011797    99.670    99.780
 135     0.002835    99.920     0.011371    99.680    99.780
 136     0.002804    99.913     0.011504    99.740    99.780
 137     0.003071    99.908     0.011773    99.710    99.780
 138     0.002971    99.908     0.011136    99.690    99.780
 139     0.003087    99.920     0.011886    99.700    99.780
 140     0.003211    99.907     0.011632    99.680    99.780
 141     0.002731    99.918     0.012057    99.660    99.780
 142     0.002551    99.928     0.012408    99.660    99.780
 143     0.003018    99.923     0.012539    99.670    99.780
 144     0.002799    99.915     0.012340    99.660    99.780
 145     0.002863    99.915     0.011572    99.680    99.780
 146     0.002978    99.920     0.011441    99.720    99.780
 147     0.002814    99.922     0.012935    99.670    99.780
 148     0.002480    99.923     0.012411    99.720    99.780
 149     0.002307    99.938     0.013357    99.670    99.780
