   0     0.528638    89.625     0.119637    98.880    98.880
   1     0.205686    96.887     0.063138    99.190    99.190
   2     0.137553    97.565     0.063370    98.770    99.190
   3     0.112942    97.705     0.054245    99.250    99.250
   4     0.090354    98.040     0.030724    99.360    99.360
   5     0.082534    98.087     0.042822    99.070    99.360
   6     0.070644    98.335     0.026116    99.460    99.460
   7     0.069279    98.287     0.051395    98.980    99.460
   8     0.060400    98.532     0.047818    99.070    99.460
   9     0.056121    98.570     0.044454    98.960    99.460
  10     0.055794    98.528     0.034778    99.040    99.460
  11     0.052722    98.610     0.058817    98.790    99.460
  12     0.049165    98.657     0.024708    99.390    99.460
  13     0.048078    98.697     0.025056    99.400    99.460
  14     0.043417    98.868     0.020966    99.550    99.550
  15     0.043831    98.772     0.031261    99.120    99.550
  16     0.040218    98.903     0.018609    99.430    99.550
  17     0.037523    98.975     0.013770    99.570    99.570
  18     0.039110    98.878     0.018166    99.430    99.570
  19     0.034265    99.077     0.020363    99.450    99.570
  20     0.034004    99.092     0.013539    99.670    99.670
  21     0.035421    99.053     0.097888    96.860    99.670
  22     0.028886    99.155     0.013096    99.630    99.670
  23     0.033380    99.055     0.017589    99.550    99.670
  24     0.029059    99.155     0.013071    99.590    99.670
  25     0.027583    99.218     0.012703    99.640    99.670
  26     0.029048    99.222     0.015658    99.550    99.670
  27     0.026544    99.238     0.019957    99.440    99.670
  28     0.026505    99.243     0.014033    99.600    99.670
  29     0.026269    99.250     0.016385    99.510    99.670
  30     0.024763    99.308     0.013165    99.580    99.670
  31     0.024956    99.268     0.014419    99.560    99.670
  32     0.023925    99.338     0.014712    99.560    99.670
  33     0.021520    99.373     0.014056    99.560    99.670
  34     0.021635    99.382     0.013892    99.570    99.670
  35     0.021676    99.398     0.015451    99.460    99.670
  36     0.019693    99.460     0.011679    99.680    99.680
  37     0.019426    99.448     0.010304    99.710    99.710
  38     0.018902    99.463     0.010581    99.650    99.710
  39     0.018920    99.435     0.013542    99.550    99.710
  40     0.018253    99.472     0.011259    99.640    99.710
  41     0.018520    99.487     0.010548    99.680    99.710
  42     0.016609    99.533     0.014598    99.570    99.710
  43     0.017164    99.492     0.012400    99.640    99.710
  44     0.017438    99.500     0.011450    99.660    99.710
  45     0.015685    99.562     0.012141    99.630    99.710
  46     0.015732    99.548     0.012297    99.630    99.710
  47     0.014398    99.587     0.009037    99.690    99.710
  48     0.015099    99.565     0.009756    99.650    99.710
  49     0.014757    99.567     0.010380    99.670    99.710
  50     0.013373    99.617     0.010294    99.680    99.710
  51     0.014038    99.575     0.010175    99.710    99.710
  52     0.012972    99.617     0.010928    99.680    99.710
  53     0.013492    99.608     0.010987    99.650    99.710
  54     0.012347    99.627     0.011551    99.640    99.710
  55     0.013239    99.602     0.014837    99.530    99.710
  56     0.013560    99.627     0.010809    99.660    99.710
  57     0.011431    99.640     0.010296    99.670    99.710
  58     0.010210    99.715     0.012021    99.660    99.710
  59     0.010970    99.705     0.012864    99.580    99.710
  60     0.009993    99.715     0.010721    99.730    99.730
  61     0.010338    99.685     0.011591    99.640    99.730
  62     0.011449    99.678     0.009971    99.700    99.730
  63     0.009563    99.708     0.011905    99.630    99.730
  64     0.009521    99.718     0.011950    99.670    99.730
  65     0.009889    99.737     0.012755    99.670    99.730
  66     0.010837    99.690     0.010993    99.760    99.760
  67     0.010182    99.707     0.010777    99.620    99.760
  68     0.009610    99.707     0.011568    99.640    99.760
  69     0.009994    99.727     0.010457    99.690    99.760
  70     0.008553    99.730     0.010705    99.630    99.760
  71     0.008291    99.763     0.010210    99.650    99.760
  72     0.008196    99.770     0.012317    99.640    99.760
  73     0.007863    99.798     0.009751    99.640    99.760
  74     0.007678    99.778     0.010431    99.750    99.760
  75     0.008627    99.748     0.009909    99.770    99.770
  76     0.007669    99.785     0.009612    99.760    99.770
  77     0.007534    99.797     0.009823    99.760    99.770
  78     0.007305    99.795     0.011474    99.690    99.770
  79     0.007910    99.762     0.010313    99.690    99.770
  80     0.006099    99.825     0.011595    99.670    99.770
  81     0.007891    99.742     0.011791    99.650    99.770
  82     0.006681    99.818     0.011031    99.650    99.770
  83     0.006511    99.800     0.010470    99.670    99.770
  84     0.007137    99.760     0.011064    99.580    99.770
  85     0.006643    99.832     0.011158    99.610    99.770
  86     0.005879    99.835     0.010360    99.660    99.770
  87     0.006266    99.797     0.011000    99.670    99.770
  88     0.006193    99.817     0.010605    99.680    99.770
  89     0.006184    99.827     0.010270    99.720    99.770
  90     0.006194    99.823     0.010689    99.680    99.770
  91     0.005331    99.833     0.011503    99.680    99.770
  92     0.005262    99.840     0.012787    99.630    99.770
  93     0.006195    99.825     0.010414    99.670    99.770
  94     0.005826    99.822     0.009773    99.690    99.770
  95     0.004996    99.857     0.009797    99.690    99.770
  96     0.005433    99.843     0.009298    99.700    99.770
  97     0.004873    99.865     0.010950    99.670    99.770
  98     0.004917    99.855     0.010909    99.680    99.770
  99     0.004625    99.875     0.010452    99.650    99.770
 100     0.004845    99.843     0.010304    99.630    99.770
 101     0.004931    99.845     0.009971    99.650    99.770
 102     0.004534    99.872     0.010725    99.670    99.770
 103     0.004148    99.887     0.010400    99.650    99.770
 104     0.004537    99.868     0.010040    99.650    99.770
 105     0.003819    99.900     0.010531    99.730    99.770
 106     0.003887    99.913     0.010987    99.720    99.770
 107     0.004615    99.858     0.009479    99.790    99.790
 108     0.004770    99.872     0.011491    99.740    99.790
 109     0.003919    99.883     0.009760    99.710    99.790
 110     0.004304    99.875     0.009622    99.680    99.790
 111     0.005024    99.862     0.010193    99.720    99.790
 112     0.004008    99.893     0.010189    99.690    99.790
 113     0.003900    99.895     0.010275    99.660    99.790
 114     0.004024    99.902     0.010296    99.740    99.790
 115     0.003384    99.907     0.009672    99.750    99.790
 116     0.003688    99.892     0.009749    99.770    99.790
 117     0.003746    99.878     0.009562    99.720    99.790
 118     0.003916    99.898     0.009268    99.750    99.790
 119     0.003669    99.902     0.009821    99.710    99.790
 120     0.003677    99.893     0.010466    99.680    99.790
 121     0.003964    99.882     0.010188    99.770    99.790
 122     0.003731    99.890     0.009909    99.690    99.790
 123     0.003474    99.897     0.010556    99.740    99.790
 124     0.003537    99.900     0.011536    99.690    99.790
 125     0.002967    99.917     0.010972    99.700    99.790
 126     0.003075    99.913     0.010832    99.700    99.790
 127     0.003368    99.910     0.010769    99.740    99.790
 128     0.003490    99.912     0.010504    99.700    99.790
 129     0.002725    99.930     0.011611    99.710    99.790
 130     0.003558    99.903     0.011617    99.700    99.790
 131     0.003253    99.905     0.011461    99.650    99.790
 132     0.002623    99.933     0.010812    99.690    99.790
 133     0.003168    99.900     0.010540    99.710    99.790
 134     0.002969    99.907     0.010350    99.700    99.790
 135     0.002995    99.907     0.010622    99.730    99.790
 136     0.002845    99.922     0.010916    99.690    99.790
 137     0.002069    99.942     0.010837    99.720    99.790
 138     0.002565    99.928     0.012181    99.730    99.790
 139     0.002851    99.915     0.012728    99.660    99.790
 140     0.002873    99.908     0.012001    99.670    99.790
 141     0.002489    99.925     0.011111    99.740    99.790
 142     0.002450    99.942     0.010876    99.660    99.790
 143     0.002733    99.918     0.011318    99.640    99.790
 144     0.002495    99.930     0.011874    99.700    99.790
 145     0.002494    99.928     0.011100    99.660    99.790
 146     0.002563    99.935     0.010594    99.700    99.790
 147     0.002458    99.932     0.011608    99.680    99.790
 148     0.002876    99.918     0.011520    99.680    99.790
 149     0.002977    99.897     0.011389    99.660    99.790
