   0     0.540724    89.193     0.112457    98.970    98.970
   1     0.200452    96.940     0.080744    99.210    99.210
   2     0.135739    97.625     0.059575    99.120    99.210
   3     0.109411    97.787     0.065567    99.020    99.210
   4     0.092656    98.000     0.042646    99.480    99.480
   5     0.083661    98.105     0.040625    99.400    99.480
   6     0.073031    98.317     0.033462    99.320    99.480
   7     0.068491    98.285     0.066722    98.500    99.480
   8     0.061837    98.415     0.042448    99.130    99.480
   9     0.059450    98.500     0.064776    98.630    99.480
  10     0.057758    98.502     0.048969    98.770    99.480
  11     0.050322    98.693     0.031378    99.220    99.480
  12     0.049204    98.720     0.028186    99.420    99.480
  13     0.048422    98.702     0.026946    99.350    99.480
  14     0.043744    98.865     0.022234    99.410    99.480
  15     0.040922    98.898     0.020717    99.450    99.480
  16     0.041102    98.888     0.018618    99.600    99.600
  17     0.040134    98.925     0.019644    99.440    99.600
  18     0.037473    98.970     0.017056    99.570    99.600
  19     0.033473    99.112     0.020794    99.450    99.600
  20     0.035607    99.037     0.016666    99.490    99.600
  21     0.034603    99.030     0.017629    99.520    99.600
  22     0.031234    99.098     0.018387    99.520    99.600
  23     0.029821    99.207     0.019137    99.470    99.600
  24     0.031551    99.145     0.016780    99.520    99.600
  25     0.027779    99.235     0.015951    99.580    99.600
  26     0.027923    99.225     0.014688    99.620    99.620
  27     0.027590    99.212     0.014113    99.630    99.630
  28     0.027280    99.227     0.013744    99.580    99.630
  29     0.025239    99.292     0.010258    99.710    99.710
  30     0.025046    99.293     0.017731    99.510    99.710
  31     0.023839    99.328     0.010769    99.690    99.710
  32     0.024812    99.335     0.013344    99.640    99.710
  33     0.021439    99.400     0.009791    99.710    99.710
  34     0.022581    99.380     0.011511    99.660    99.710
  35     0.020104    99.417     0.011912    99.690    99.710
  36     0.020309    99.408     0.010840    99.620    99.710
  37     0.019155    99.477     0.012368    99.620    99.710
  38     0.021250    99.388     0.011067    99.720    99.720
  39     0.017841    99.510     0.012535    99.560    99.720
  40     0.018850    99.455     0.010173    99.700    99.720
  41     0.018809    99.435     0.010499    99.650    99.720
  42     0.017631    99.482     0.010328    99.670    99.720
  43     0.017620    99.467     0.014727    99.560    99.720
  44     0.016248    99.573     0.011514    99.620    99.720
  45     0.016308    99.513     0.009745    99.670    99.720
  46     0.015222    99.560     0.009787    99.680    99.720
  47     0.013493    99.610     0.010271    99.690    99.720
  48     0.014413    99.592     0.009690    99.660    99.720
  49     0.013994    99.598     0.009825    99.690    99.720
  50     0.014236    99.598     0.010116    99.700    99.720
  51     0.013756    99.625     0.010365    99.660    99.720
  52     0.014058    99.597     0.010592    99.680    99.720
  53     0.012839    99.642     0.008652    99.730    99.730
  54     0.013429    99.615     0.010813    99.680    99.730
  55     0.012614    99.625     0.010799    99.650    99.730
  56     0.012077    99.658     0.009906    99.670    99.730
  57     0.012046    99.650     0.009516    99.690    99.730
  58     0.011782    99.660     0.009428    99.750    99.750
  59     0.011640    99.682     0.009495    99.720    99.750
  60     0.012361    99.672     0.008925    99.730    99.750
  61     0.011807    99.642     0.009019    99.730    99.750
  62     0.010131    99.733     0.010075    99.710    99.750
  63     0.010886    99.693     0.009529    99.680    99.750
  64     0.010371    99.692     0.010871    99.680    99.750
  65     0.010023    99.720     0.009993    99.680    99.750
  66     0.009148    99.762     0.009546    99.710    99.750
  67     0.009552    99.725     0.010009    99.680    99.750
  68     0.009577    99.702     0.009618    99.670    99.750
  69     0.008815    99.737     0.011763    99.660    99.750
  70     0.009057    99.752     0.010757    99.680    99.750
  71     0.007872    99.767     0.011559    99.690    99.750
  72     0.008606    99.753     0.010043    99.720    99.750
  73     0.008498    99.750     0.013023    99.640    99.750
  74     0.007872    99.750     0.010896    99.690    99.750
  75     0.007677    99.765     0.011634    99.670    99.750
  76     0.007273    99.795     0.012069    99.640    99.750
  77     0.007163    99.800     0.011651    99.680    99.750
  78     0.007223    99.787     0.012879    99.660    99.750
  79     0.006784    99.820     0.010457    99.690    99.750
  80     0.007097    99.792     0.011293    99.650    99.750
  81     0.006981    99.785     0.011269    99.660    99.750
  82     0.006342    99.803     0.010736    99.700    99.750
  83     0.005736    99.848     0.010996    99.670    99.750
  84     0.006167    99.812     0.011575    99.680    99.750
  85     0.005739    99.828     0.011076    99.690    99.750
  86     0.006065    99.813     0.011075    99.700    99.750
  87     0.005568    99.848     0.010663    99.680    99.750
  88     0.005930    99.822     0.010918    99.670    99.750
  89     0.005515    99.848     0.009867    99.670    99.750
  90     0.005727    99.828     0.008472    99.740    99.750
  91     0.005019    99.843     0.009080    99.740    99.750
  92     0.005318    99.823     0.010486    99.700    99.750
  93     0.006626    99.810     0.009522    99.720    99.750
  94     0.006319    99.833     0.008269    99.710    99.750
  95     0.005422    99.838     0.008832    99.700    99.750
  96     0.005343    99.855     0.009290    99.710    99.750
  97     0.005150    99.855     0.008849    99.730    99.750
  98     0.004953    99.857     0.009348    99.690    99.750
  99     0.004824    99.850     0.009882    99.690    99.750
 100     0.004924    99.852     0.010357    99.670    99.750
 101     0.005238    99.845     0.010869    99.700    99.750
 102     0.005076    99.862     0.010141    99.670    99.750
 103     0.004356    99.873     0.011296    99.690    99.750
 104     0.004529    99.875     0.010356    99.690    99.750
 105     0.004153    99.870     0.010643    99.760    99.760
 106     0.004255    99.887     0.010479    99.720    99.760
 107     0.004286    99.848     0.010941    99.700    99.760
 108     0.004025    99.878     0.009148    99.720    99.760
 109     0.004138    99.882     0.009701    99.700    99.760
 110     0.003874    99.892     0.009470    99.690    99.760
 111     0.003894    99.877     0.009647    99.680    99.760
 112     0.004087    99.883     0.009826    99.690    99.760
 113     0.004510    99.883     0.009742    99.690    99.760
 114     0.004160    99.878     0.010211    99.700    99.760
 115     0.003419    99.898     0.011007    99.650    99.760
 116     0.003737    99.885     0.011559    99.700    99.760
 117     0.003663    99.895     0.011471    99.690    99.760
 118     0.003815    99.883     0.011564    99.680    99.760
 119     0.004124    99.870     0.012286    99.660    99.760
 120     0.003603    99.912     0.012631    99.620    99.760
 121     0.003024    99.913     0.011744    99.630    99.760
 122     0.003318    99.905     0.011402    99.670    99.760
 123     0.003845    99.883     0.011509    99.660    99.760
 124     0.003528    99.908     0.011355    99.670    99.760
 125     0.003498    99.895     0.009087    99.700    99.760
 126     0.002873    99.918     0.009211    99.720    99.760
 127     0.003135    99.915     0.011546    99.670    99.760
 128     0.003137    99.897     0.010769    99.670    99.760
 129     0.002455    99.945     0.011122    99.700    99.760
 130     0.003254    99.908     0.010808    99.660    99.760
 131     0.002419    99.930     0.010871    99.660    99.760
 132     0.003279    99.900     0.012209    99.660    99.760
 133     0.002661    99.943     0.011965    99.660    99.760
 134     0.003450    99.908     0.011200    99.670    99.760
 135     0.002774    99.917     0.011004    99.690    99.760
 136     0.003025    99.915     0.010780    99.640    99.760
 137     0.002891    99.895     0.011308    99.670    99.760
 138     0.003334    99.915     0.011318    99.680    99.760
 139     0.002440    99.937     0.011718    99.680    99.760
 140     0.003109    99.910     0.011320    99.700    99.760
 141     0.002472    99.935     0.011110    99.710    99.760
 142     0.002689    99.928     0.011718    99.680    99.760
 143     0.002648    99.932     0.010960    99.680    99.760
 144     0.002624    99.945     0.010934    99.690    99.760
 145     0.002563    99.933     0.011489    99.670    99.760
 146     0.003012    99.913     0.012007    99.700    99.760
 147     0.002693    99.918     0.011312    99.700    99.760
 148     0.002720    99.925     0.011166    99.670    99.760
 149     0.002210    99.928     0.011835    99.680    99.760
