   0     0.545556    89.057     0.117130    99.060    99.060
   1     0.199376    97.018     0.072208    98.980    99.060
   2     0.138176    97.538     0.086923    98.750    99.060
   3     0.107550    97.878     0.038042    99.500    99.500
   4     0.094707    97.922     0.046357    99.110    99.500
   5     0.081219    98.195     0.031663    99.400    99.500
   6     0.073589    98.233     0.037246    99.090    99.500
   7     0.064514    98.338     0.037813    99.190    99.500
   8     0.061857    98.500     0.056166    98.920    99.500
   9     0.058267    98.545     0.025573    99.380    99.500
  10     0.055271    98.550     0.042984    98.920    99.500
  11     0.055229    98.498     0.034983    99.360    99.500
  12     0.050132    98.658     0.050972    98.800    99.500
  13     0.046533    98.750     0.027382    99.240    99.500
  14     0.045970    98.747     0.018526    99.480    99.500
  15     0.042363    98.818     0.016806    99.590    99.590
  16     0.040910    98.903     0.021514    99.480    99.590
  17     0.039530    98.900     0.033943    99.070    99.590
  18     0.038698    98.963     0.018151    99.430    99.590
  19     0.034579    99.057     0.014556    99.590    99.590
  20     0.035044    99.060     0.029330    99.250    99.590
  21     0.032558    99.103     0.019015    99.540    99.590
  22     0.030051    99.158     0.014732    99.600    99.600
  23     0.030945    99.150     0.017989    99.530    99.600
  24     0.029076    99.200     0.013464    99.610    99.610
  25     0.029546    99.175     0.016774    99.570    99.610
  26     0.028080    99.212     0.013816    99.590    99.610
  27     0.027236    99.242     0.013038    99.680    99.680
  28     0.028244    99.178     0.016148    99.510    99.680
  29     0.025544    99.267     0.013217    99.660    99.680
  30     0.024520    99.290     0.010936    99.630    99.680
  31     0.023494    99.323     0.014493    99.610    99.680
  32     0.023053    99.363     0.013702    99.610    99.680
  33     0.021601    99.365     0.009747    99.770    99.770
  34     0.020922    99.428     0.008652    99.730    99.770
  35     0.021063    99.427     0.010261    99.690    99.770
  36     0.021371    99.372     0.012264    99.580    99.770
  37     0.019676    99.465     0.013196    99.610    99.770
  38     0.019839    99.405     0.013704    99.620    99.770
  39     0.017132    99.530     0.009350    99.710    99.770
  40     0.019286    99.445     0.013723    99.590    99.770
  41     0.018061    99.472     0.009170    99.720    99.770
  42     0.018595    99.468     0.010676    99.690    99.770
  43     0.016324    99.520     0.009595    99.650    99.770
  44     0.016021    99.545     0.010255    99.640    99.770
  45     0.015749    99.553     0.010208    99.740    99.770
  46     0.014625    99.598     0.011665    99.710    99.770
  47     0.014501    99.598     0.009477    99.730    99.770
  48     0.015098    99.540     0.009247    99.690    99.770
  49     0.014205    99.585     0.011331    99.670    99.770
  50     0.013436    99.612     0.013026    99.620    99.770
  51     0.014761    99.560     0.011671    99.670    99.770
  52     0.013357    99.633     0.010995    99.670    99.770
  53     0.013491    99.610     0.010725    99.680    99.770
  54     0.011855    99.650     0.010026    99.680    99.770
  55     0.012194    99.665     0.010375    99.670    99.770
  56     0.011999    99.648     0.010671    99.670    99.770
  57     0.012390    99.627     0.009447    99.700    99.770
  58     0.012197    99.645     0.009856    99.750    99.770
  59     0.010873    99.715     0.009187    99.690    99.770
  60     0.011464    99.675     0.010863    99.640    99.770
  61     0.010270    99.700     0.008946    99.720    99.770
  62     0.011585    99.678     0.010101    99.680    99.770
  63     0.010571    99.688     0.008712    99.770    99.770
  64     0.009348    99.737     0.011384    99.680    99.770
  65     0.009165    99.708     0.010071    99.690    99.770
  66     0.009348    99.720     0.010316    99.730    99.770
  67     0.008390    99.763     0.011354    99.700    99.770
  68     0.008799    99.745     0.010764    99.710    99.770
  69     0.009142    99.725     0.014109    99.550    99.770
  70     0.009285    99.740     0.010096    99.690    99.770
  71     0.009391    99.715     0.009521    99.700    99.770
  72     0.008085    99.782     0.011758    99.660    99.770
  73     0.008360    99.773     0.009113    99.720    99.770
  74     0.006983    99.800     0.010765    99.670    99.770
  75     0.008655    99.743     0.009534    99.720    99.770
  76     0.007259    99.795     0.009826    99.710    99.770
  77     0.007133    99.787     0.009660    99.710    99.770
  78     0.007899    99.783     0.011431    99.700    99.770
  79     0.008254    99.753     0.009620    99.760    99.770
  80     0.007970    99.760     0.011082    99.670    99.770
  81     0.006636    99.803     0.009573    99.740    99.770
  82     0.006748    99.785     0.011590    99.740    99.770
  83     0.006212    99.823     0.012001    99.700    99.770
  84     0.007100    99.808     0.010883    99.690    99.770
  85     0.006243    99.820     0.009059    99.720    99.770
  86     0.005980    99.835     0.010415    99.720    99.770
  87     0.006394    99.795     0.009398    99.720    99.770
  88     0.005985    99.817     0.010578    99.700    99.770
  89     0.006136    99.837     0.010976    99.740    99.770
  90     0.005534    99.832     0.011077    99.730    99.770
  91     0.005585    99.827     0.009346    99.800    99.800
  92     0.005888    99.833     0.010132    99.720    99.800
  93     0.005509    99.857     0.010176    99.740    99.800
  94     0.005268    99.852     0.011221    99.680    99.800
  95     0.005366    99.837     0.009760    99.730    99.800
  96     0.005554    99.820     0.012041    99.680    99.800
  97     0.005722    99.847     0.009894    99.680    99.800
  98     0.005058    99.862     0.010439    99.680    99.800
  99     0.004919    99.852     0.009429    99.730    99.800
 100     0.004782    99.867     0.009453    99.720    99.800
 101     0.004075    99.898     0.009780    99.690    99.800
 102     0.004106    99.882     0.011385    99.670    99.800
 103     0.004844    99.848     0.010715    99.690    99.800
 104     0.004821    99.855     0.009429    99.740    99.800
 105     0.004998    99.870     0.008810    99.730    99.800
 106     0.004758    99.850     0.009563    99.730    99.800
 107     0.003972    99.890     0.009582    99.710    99.800
 108     0.004287    99.885     0.010790    99.650    99.800
 109     0.003843    99.890     0.010663    99.720    99.800
 110     0.004395    99.890     0.011057    99.690    99.800
 111     0.004037    99.873     0.011919    99.700    99.800
 112     0.004007    99.880     0.010426    99.770    99.800
 113     0.003747    99.883     0.009377    99.710    99.800
 114     0.003935    99.892     0.010356    99.680    99.800
 115     0.003275    99.898     0.011503    99.680    99.800
 116     0.004044    99.873     0.010568    99.740    99.800
 117     0.002868    99.923     0.010741    99.760    99.800
 118     0.003777    99.888     0.010732    99.730    99.800
 119     0.003193    99.912     0.010620    99.730    99.800
 120     0.003176    99.920     0.009951    99.750    99.800
 121     0.003754    99.892     0.010851    99.730    99.800
 122     0.003416    99.898     0.010226    99.710    99.800
 123     0.003410    99.885     0.009749    99.760    99.800
 124     0.003261    99.902     0.009760    99.740    99.800
 125     0.003378    99.903     0.009316    99.750    99.800
 126     0.003483    99.903     0.009761    99.720    99.800
 127     0.003389    99.892     0.009244    99.730    99.800
 128     0.002924    99.928     0.009603    99.740    99.800
 129     0.002905    99.922     0.009682    99.720    99.800
 130     0.003577    99.890     0.009524    99.720    99.800
 131     0.002635    99.925     0.009586    99.720    99.800
 132     0.003740    99.908     0.009767    99.770    99.800
 133     0.003095    99.897     0.009983    99.750    99.800
 134     0.003574    99.895     0.009445    99.730    99.800
 135     0.003166    99.898     0.009876    99.770    99.800
 136     0.002822    99.912     0.008832    99.750    99.800
 137     0.002882    99.928     0.009761    99.730    99.800
 138     0.002995    99.920     0.010716    99.700    99.800
 139     0.002748    99.918     0.010318    99.730    99.800
 140     0.002863    99.923     0.009943    99.700    99.800
 141     0.002688    99.913     0.008596    99.730    99.800
 142     0.002501    99.925     0.009087    99.760    99.800
 143     0.002152    99.938     0.009364    99.760    99.800
 144     0.002635    99.923     0.009930    99.710    99.800
 145     0.002620    99.922     0.008998    99.730    99.800
 146     0.002475    99.942     0.009362    99.750    99.800
 147     0.002352    99.935     0.009590    99.720    99.800
 148     0.002127    99.937     0.009530    99.730    99.800
 149     0.002175    99.947     0.009641    99.750    99.800
