   0     0.539232    89.173     0.106990    98.920    98.920
   1     0.202971    96.945     0.083663    98.780    98.920
   2     0.138604    97.520     0.091215    98.820    98.920
   3     0.111658    97.777     0.053155    98.960    98.960
   4     0.093325    98.033     0.037825    99.320    99.320
   5     0.082697    98.077     0.056083    98.710    99.320
   6     0.074091    98.255     0.048794    99.040    99.320
   7     0.067910    98.360     0.029125    99.370    99.370
   8     0.063799    98.385     0.031574    99.240    99.370
   9     0.060763    98.443     0.031863    99.320    99.370
  10     0.053663    98.562     0.050156    99.040    99.370
  11     0.053665    98.598     0.022236    99.500    99.500
  12     0.049556    98.670     0.023993    99.370    99.500
  13     0.047028    98.743     0.027538    99.310    99.500
  14     0.045329    98.768     0.021203    99.570    99.570
  15     0.043972    98.825     0.028587    99.210    99.570
  16     0.041122    98.937     0.027662    99.230    99.570
  17     0.040031    98.898     0.021615    99.450    99.570
  18     0.039203    98.932     0.029051    99.360    99.570
  19     0.036911    98.972     0.019738    99.450    99.570
  20     0.032920    99.098     0.013699    99.630    99.630
  21     0.035564    99.008     0.018793    99.490    99.630
  22     0.033166    99.062     0.017365    99.490    99.630
  23     0.031671    99.117     0.014878    99.570    99.630
  24     0.029762    99.193     0.015536    99.510    99.630
  25     0.029422    99.157     0.012299    99.600    99.630
  26     0.028001    99.192     0.016550    99.510    99.630
  27     0.027965    99.182     0.013255    99.610    99.630
  28     0.024929    99.337     0.014630    99.590    99.630
  29     0.024930    99.335     0.013071    99.590    99.630
  30     0.024993    99.330     0.011747    99.620    99.630
  31     0.023330    99.347     0.015643    99.530    99.630
  32     0.023833    99.312     0.013739    99.600    99.630
  33     0.022494    99.375     0.010811    99.620    99.630
  34     0.021538    99.400     0.012408    99.650    99.650
  35     0.020473    99.438     0.012355    99.660    99.660
  36     0.019482    99.437     0.011723    99.620    99.660
  37     0.020246    99.417     0.013258    99.610    99.660
  38     0.020734    99.397     0.014610    99.560    99.660
  39     0.019222    99.468     0.011076    99.650    99.660
  40     0.017468    99.513     0.011714    99.620    99.660
  41     0.020179    99.418     0.011329    99.690    99.690
  42     0.017039    99.500     0.011777    99.630    99.690
  43     0.017421    99.530     0.013469    99.680    99.690
  44     0.016116    99.550     0.013143    99.600    99.690
  45     0.015098    99.582     0.013806    99.590    99.690
  46     0.015623    99.545     0.011795    99.590    99.690
  47     0.015543    99.560     0.013873    99.600    99.690
  48     0.015226    99.557     0.011000    99.690    99.690
  49     0.015443    99.565     0.012282    99.640    99.690
  50     0.015226    99.597     0.011127    99.680    99.690
  51     0.013841    99.602     0.012729    99.660    99.690
  52     0.012350    99.658     0.012889    99.660    99.690
  53     0.013650    99.637     0.011297    99.670    99.690
  54     0.012338    99.628     0.012008    99.660    99.690
  55     0.013594    99.585     0.011836    99.700    99.700
  56     0.012154    99.665     0.009641    99.680    99.700
  57     0.012714    99.647     0.011040    99.690    99.700
  58     0.011764    99.643     0.013464    99.660    99.700
  59     0.012106    99.657     0.011001    99.680    99.700
  60     0.010939    99.660     0.010051    99.740    99.740
  61     0.011578    99.667     0.009487    99.750    99.750
  62     0.010923    99.695     0.010804    99.710    99.750
  63     0.010493    99.685     0.011997    99.640    99.750
  64     0.010135    99.700     0.010115    99.700    99.750
  65     0.010362    99.707     0.011231    99.680    99.750
  66     0.010133    99.693     0.010366    99.700    99.750
  67     0.009937    99.698     0.010137    99.730    99.750
  68     0.009456    99.715     0.010752    99.680    99.750
  69     0.009425    99.725     0.009844    99.750    99.750
  70     0.008043    99.758     0.010608    99.670    99.750
  71     0.009286    99.738     0.011556    99.650    99.750
  72     0.009129    99.743     0.010137    99.700    99.750
  73     0.009591    99.740     0.010747    99.650    99.750
  74     0.007449    99.790     0.011061    99.690    99.750
  75     0.007616    99.788     0.010685    99.690    99.750
  76     0.007378    99.807     0.011142    99.640    99.750
  77     0.008364    99.747     0.011795    99.630    99.750
  78     0.007460    99.778     0.013004    99.650    99.750
  79     0.007572    99.788     0.011473    99.620    99.750
  80     0.007268    99.772     0.013771    99.610    99.750
  81     0.006743    99.820     0.011781    99.670    99.750
  82     0.006951    99.793     0.011751    99.630    99.750
  83     0.006284    99.813     0.011436    99.680    99.750
  84     0.007014    99.803     0.011916    99.660    99.750
  85     0.007482    99.778     0.011907    99.650    99.750
  86     0.007044    99.795     0.011836    99.700    99.750
  87     0.005391    99.855     0.012633    99.720    99.750
  88     0.006090    99.835     0.011868    99.680    99.750
  89     0.006252    99.813     0.011675    99.720    99.750
  90     0.006365    99.840     0.011770    99.670    99.750
  91     0.005425    99.842     0.012108    99.720    99.750
  92     0.005307    99.850     0.011299    99.680    99.750
  93     0.006439    99.835     0.011919    99.710    99.750
  94     0.005221    99.863     0.011303    99.700    99.750
  95     0.005307    99.842     0.011793    99.680    99.750
  96     0.005023    99.860     0.012251    99.680    99.750
  97     0.005274    99.852     0.011489    99.610    99.750
  98     0.004810    99.853     0.012156    99.680    99.750
  99     0.004736    99.857     0.013326    99.670    99.750
 100     0.005276    99.837     0.012349    99.630    99.750
 101     0.005534    99.833     0.011418    99.660    99.750
 102     0.005119    99.843     0.011339    99.660    99.750
 103     0.004502    99.872     0.011720    99.620    99.750
 104     0.005258    99.850     0.011636    99.650    99.750
 105     0.004628    99.875     0.011673    99.660    99.750
 106     0.004044    99.870     0.011576    99.690    99.750
 107     0.004412    99.890     0.012285    99.660    99.750
 108     0.004072    99.885     0.011210    99.680    99.750
 109     0.004010    99.892     0.012037    99.660    99.750
 110     0.004365    99.875     0.012412    99.700    99.750
 111     0.003996    99.877     0.012058    99.740    99.750
 112     0.004134    99.890     0.013119    99.650    99.750
 113     0.003974    99.893     0.012009    99.690    99.750
 114     0.003421    99.902     0.011798    99.710    99.750
 115     0.003633    99.893     0.011216    99.730    99.750
 116     0.003883    99.887     0.011500    99.700    99.750
 117     0.003607    99.902     0.011737    99.740    99.750
 118     0.004117    99.878     0.011279    99.730    99.750
 119     0.004331    99.882     0.011109    99.720    99.750
 120     0.003739    99.888     0.011409    99.720    99.750
 121     0.003616    99.897     0.011591    99.730    99.750
 122     0.003584    99.895     0.012428    99.690    99.750
 123     0.003831    99.905     0.011226    99.740    99.750
 124     0.003815    99.900     0.011222    99.740    99.750
 125     0.003781    99.898     0.011624    99.760    99.760
 126     0.003569    99.892     0.012846    99.760    99.760
 127     0.002799    99.922     0.013000    99.720    99.760
 128     0.003976    99.887     0.012022    99.700    99.760
 129     0.003281    99.900     0.012629    99.670    99.760
 130     0.003636    99.907     0.012022    99.700    99.760
 131     0.003082    99.903     0.011876    99.680    99.760
 132     0.002933    99.920     0.013588    99.710    99.760
 133     0.003239    99.912     0.012644    99.650    99.760
 134     0.003384    99.898     0.012358    99.690    99.760
 135     0.003098    99.913     0.011515    99.710    99.760
 136     0.003038    99.918     0.011313    99.680    99.760
 137     0.002753    99.927     0.011868    99.700    99.760
 138     0.002548    99.942     0.011596    99.660    99.760
 139     0.002583    99.932     0.012409    99.700    99.760
 140     0.002863    99.917     0.012651    99.710    99.760
 141     0.002570    99.930     0.013013    99.690    99.760
 142     0.002268    99.933     0.012769    99.650    99.760
 143     0.003180    99.905     0.012142    99.700    99.760
 144     0.002878    99.918     0.012087    99.720    99.760
 145     0.002397    99.925     0.012777    99.730    99.760
 146     0.002395    99.932     0.012833    99.700    99.760
 147     0.002510    99.940     0.012005    99.710    99.760
 148     0.002911    99.920     0.012335    99.700    99.760
 149     0.002667    99.928     0.013189    99.720    99.760
