   0     0.553850    88.860     0.119546    98.720    98.720
   1     0.203386    96.998     0.104374    98.760    98.760
   2     0.141001    97.513     0.064311    99.050    99.050
   3     0.109364    97.863     0.037334    99.330    99.330
   4     0.094000    98.017     0.041636    99.290    99.330
   5     0.083550    98.158     0.048364    99.180    99.330
   6     0.076015    98.167     0.039211    99.170    99.330
   7     0.069032    98.242     0.032825    99.220    99.330
   8     0.062822    98.465     0.032101    99.440    99.440
   9     0.059427    98.462     0.068571    98.910    99.440
  10     0.054831    98.650     0.026628    99.440    99.440
  11     0.050054    98.667     0.030362    99.360    99.440
  12     0.052303    98.610     0.025078    99.480    99.480
  13     0.047174    98.793     0.022577    99.460    99.480
  14     0.043218    98.857     0.021036    99.430    99.480
  15     0.043052    98.817     0.034762    99.300    99.480
  16     0.042185    98.855     0.016228    99.580    99.580
  17     0.037813    98.973     0.023016    99.330    99.580
  18     0.039795    98.900     0.021452    99.440    99.580
  19     0.034755    99.038     0.045954    98.840    99.580
  20     0.033503    99.087     0.014761    99.580    99.580
  21     0.034476    99.032     0.013385    99.650    99.650
  22     0.030795    99.142     0.017843    99.500    99.650
  23     0.032896    99.097     0.026510    99.280    99.650
  24     0.030387    99.147     0.017409    99.540    99.650
  25     0.028911    99.193     0.013159    99.670    99.670
  26     0.027615    99.252     0.013149    99.650    99.670
  27     0.027793    99.207     0.017323    99.520    99.670
  28     0.027799    99.238     0.011040    99.660    99.670
  29     0.024461    99.303     0.015174    99.580    99.670
  30     0.024371    99.297     0.011614    99.670    99.670
  31     0.024835    99.278     0.013720    99.590    99.670
  32     0.023266    99.402     0.013357    99.590    99.670
  33     0.024130    99.332     0.010995    99.650    99.670
  34     0.020873    99.405     0.011377    99.620    99.670
  35     0.021002    99.412     0.019064    99.450    99.670
  36     0.021817    99.408     0.012115    99.650    99.670
  37     0.021580    99.397     0.011827    99.660    99.670
  38     0.019844    99.442     0.013653    99.610    99.670
  39     0.017925    99.492     0.011839    99.690    99.690
  40     0.017500    99.478     0.010957    99.670    99.690
  41     0.017491    99.518     0.012574    99.540    99.690
  42     0.017708    99.522     0.012284    99.600    99.690
  43     0.016415    99.535     0.012880    99.580    99.690
  44     0.016510    99.537     0.015067    99.580    99.690
  45     0.017465    99.508     0.010602    99.670    99.690
  46     0.017088    99.508     0.009902    99.750    99.750
  47     0.014211    99.585     0.010239    99.660    99.750
  48     0.014645    99.588     0.009811    99.740    99.750
  49     0.015669    99.545     0.011950    99.700    99.750
  50     0.015454    99.557     0.011380    99.650    99.750
  51     0.013415    99.602     0.010932    99.670    99.750
  52     0.012660    99.665     0.012817    99.590    99.750
  53     0.012497    99.627     0.010463    99.660    99.750
  54     0.013234    99.607     0.010731    99.750    99.750
  55     0.012708    99.652     0.010296    99.740    99.750
  56     0.012684    99.642     0.012626    99.660    99.750
  57     0.010370    99.702     0.010856    99.650    99.750
  58     0.012603    99.623     0.011608    99.640    99.750
  59     0.011674    99.668     0.009477    99.690    99.750
  60     0.011013    99.658     0.013109    99.580    99.750
  61     0.011840    99.677     0.011041    99.680    99.750
  62     0.010595    99.670     0.009243    99.700    99.750
  63     0.011610    99.670     0.009652    99.710    99.750
  64     0.009771    99.708     0.010852    99.670    99.750
  65     0.010430    99.670     0.009348    99.700    99.750
  66     0.010509    99.693     0.009643    99.680    99.750
  67     0.008500    99.753     0.009023    99.670    99.750
  68     0.008948    99.735     0.010216    99.710    99.750
  69     0.010243    99.707     0.009194    99.690    99.750
  70     0.008771    99.743     0.009937    99.680    99.750
  71     0.008801    99.745     0.010109    99.670    99.750
  72     0.007595    99.767     0.010202    99.620    99.750
  73     0.008180    99.777     0.009750    99.640    99.750
  74     0.007477    99.782     0.008840    99.700    99.750
  75     0.009152    99.722     0.008654    99.670    99.750
  76     0.007508    99.778     0.009816    99.730    99.750
  77     0.007440    99.792     0.010890    99.630    99.750
  78     0.007561    99.783     0.011429    99.650    99.750
  79     0.007354    99.790     0.009495    99.700    99.750
  80     0.006655    99.813     0.010255    99.680    99.750
  81     0.006669    99.820     0.011670    99.680    99.750
  82     0.007269    99.807     0.011378    99.700    99.750
  83     0.006430    99.808     0.012673    99.660    99.750
  84     0.006233    99.817     0.010449    99.660    99.750
  85     0.006502    99.822     0.010887    99.690    99.750
  86     0.006072    99.830     0.011257    99.690    99.750
  87     0.006195    99.832     0.012650    99.660    99.750
  88     0.006611    99.822     0.011079    99.680    99.750
  89     0.006669    99.810     0.012000    99.660    99.750
  90     0.006318    99.837     0.011483    99.680    99.750
  91     0.006444    99.812     0.011982    99.650    99.750
  92     0.004913    99.860     0.010882    99.660    99.750
  93     0.005625    99.845     0.010805    99.680    99.750
  94     0.005393    99.838     0.011427    99.680    99.750
  95     0.005710    99.843     0.011585    99.660    99.750
  96     0.005495    99.842     0.010438    99.640    99.750
  97     0.005807    99.842     0.010409    99.710    99.750
  98     0.004774    99.872     0.011454    99.640    99.750
  99     0.004924    99.855     0.010196    99.710    99.750
 100     0.004621    99.862     0.010562    99.720    99.750
 101     0.004633    99.860     0.011414    99.670    99.750
 102     0.005231    99.848     0.010940    99.670    99.750
 103     0.005794    99.827     0.010106    99.710    99.750
 104     0.004601    99.878     0.011042    99.670    99.750
 105     0.004158    99.878     0.010412    99.710    99.750
 106     0.004656    99.873     0.010577    99.720    99.750
 107     0.004561    99.873     0.010527    99.720    99.750
 108     0.004059    99.883     0.011039    99.650    99.750
 109     0.003845    99.880     0.011172    99.640    99.750
 110     0.004649    99.868     0.011909    99.640    99.750
 111     0.003898    99.890     0.012473    99.600    99.750
 112     0.004077    99.890     0.011935    99.620    99.750
 113     0.004294    99.888     0.012031    99.620    99.750
 114     0.004369    99.857     0.011268    99.620    99.750
 115     0.003729    99.880     0.011157    99.650    99.750
 116     0.004173    99.873     0.011862    99.640    99.750
 117     0.003492    99.893     0.010949    99.660    99.750
 118     0.003407    99.895     0.011904    99.640    99.750
 119     0.003747    99.892     0.012963    99.640    99.750
 120     0.003026    99.908     0.012726    99.710    99.750
 121     0.003717    99.890     0.012619    99.650    99.750
 122     0.003443    99.892     0.010592    99.660    99.750
 123     0.003336    99.890     0.012494    99.630    99.750
 124     0.003125    99.910     0.011854    99.650    99.750
 125     0.003556    99.895     0.011444    99.650    99.750
 126     0.002582    99.927     0.011733    99.650    99.750
 127     0.004057    99.878     0.012203    99.620    99.750
 128     0.003027    99.915     0.012629    99.630    99.750
 129     0.003352    99.915     0.013213    99.640    99.750
 130     0.002791    99.925     0.011890    99.650    99.750
 131     0.003040    99.913     0.011397    99.690    99.750
 132     0.002584    99.927     0.011359    99.650    99.750
 133     0.002618    99.932     0.011554    99.650    99.750
 134     0.003468    99.900     0.011849    99.680    99.750
 135     0.002807    99.922     0.012316    99.710    99.750
 136     0.003140    99.915     0.012871    99.650    99.750
 137     0.002677    99.922     0.012455    99.640    99.750
 138     0.002834    99.923     0.012637    99.680    99.750
 139     0.002705    99.933     0.012464    99.670    99.750
 140     0.002772    99.928     0.013436    99.640    99.750
 141     0.002650    99.913     0.012768    99.630    99.750
 142     0.003388    99.902     0.013072    99.650    99.750
 143     0.002865    99.928     0.012034    99.650    99.750
 144     0.002625    99.917     0.011960    99.660    99.750
 145     0.002602    99.928     0.012017    99.640    99.750
 146     0.002344    99.942     0.012544    99.670    99.750
 147     0.002450    99.937     0.012661    99.660    99.750
 148     0.003208    99.920     0.011336    99.680    99.750
 149     0.002281    99.932     0.012677    99.690    99.750
