   0     0.532482    89.500     0.136370    98.690    98.690
   1     0.203327    96.938     0.080744    99.040    99.040
   2     0.140148    97.497     0.054816    99.110    99.110
   3     0.111353    97.788     0.066744    99.000    99.110
   4     0.093431    98.047     0.045582    99.190    99.190
   5     0.079355    98.210     0.032512    99.440    99.440
   6     0.075207    98.223     0.039989    99.350    99.440
   7     0.067137    98.345     0.025451    99.440    99.440
   8     0.064253    98.412     0.095865    97.490    99.440
   9     0.056014    98.613     0.048016    98.800    99.440
  10     0.055583    98.607     0.021196    99.560    99.560
  11     0.053187    98.587     0.027192    99.330    99.560
  12     0.050096    98.638     0.040714    99.010    99.560
  13     0.047067    98.743     0.021309    99.520    99.560
  14     0.044909    98.797     0.033092    99.190    99.560
  15     0.040434    98.922     0.033535    99.240    99.560
  16     0.039861    98.953     0.022878    99.360    99.560
  17     0.037684    99.003     0.023410    99.380    99.560
  18     0.037519    98.967     0.017425    99.580    99.580
  19     0.037414    98.990     0.021132    99.440    99.580
  20     0.032916    99.097     0.015139    99.540    99.580
  21     0.034535    99.082     0.016100    99.630    99.630
  22     0.032327    99.110     0.014413    99.650    99.650
  23     0.029345    99.192     0.015667    99.560    99.650
  24     0.029455    99.130     0.011744    99.680    99.680
  25     0.028417    99.217     0.011082    99.670    99.680
  26     0.027072    99.205     0.013663    99.660    99.680
  27     0.028070    99.210     0.012591    99.660    99.680
  28     0.027295    99.243     0.013909    99.590    99.680
  29     0.026753    99.272     0.011298    99.670    99.680
  30     0.024578    99.293     0.009949    99.710    99.710
  31     0.023952    99.275     0.010485    99.670    99.710
  32     0.023427    99.347     0.016150    99.500    99.710
  33     0.022615    99.317     0.013224    99.610    99.710
  34     0.021314    99.425     0.012708    99.610    99.710
  35     0.019732    99.430     0.012961    99.620    99.710
  36     0.022181    99.373     0.011487    99.680    99.710
  37     0.020307    99.425     0.012464    99.600    99.710
  38     0.019507    99.422     0.011304    99.630    99.710
  39     0.018696    99.478     0.013470    99.580    99.710
  40     0.019436    99.452     0.012472    99.660    99.710
  41     0.017596    99.502     0.011798    99.630    99.710
  42     0.016954    99.495     0.010235    99.670    99.710
  43     0.018377    99.497     0.011446    99.650    99.710
  44     0.015608    99.562     0.010813    99.650    99.710
  45     0.017280    99.488     0.010275    99.660    99.710
  46     0.015833    99.520     0.010182    99.690    99.710
  47     0.016292    99.548     0.010230    99.690    99.710
  48     0.014502    99.583     0.010126    99.650    99.710
  49     0.015496    99.558     0.010541    99.640    99.710
  50     0.014292    99.603     0.010431    99.660    99.710
  51     0.013683    99.618     0.012335    99.700    99.710
  52     0.013817    99.583     0.009839    99.710    99.710
  53     0.013490    99.623     0.009978    99.750    99.750
  54     0.011686    99.682     0.009762    99.680    99.750
  55     0.013314    99.605     0.011054    99.670    99.750
  56     0.012586    99.638     0.010328    99.660    99.750
  57     0.012795    99.645     0.009459    99.690    99.750
  58     0.011692    99.648     0.009506    99.700    99.750
  59     0.012681    99.632     0.009694    99.680    99.750
  60     0.010504    99.697     0.008830    99.690    99.750
  61     0.011641    99.655     0.010940    99.700    99.750
  62     0.010896    99.685     0.011300    99.680    99.750
  63     0.010951    99.677     0.010404    99.720    99.750
  64     0.010298    99.690     0.009620    99.680    99.750
  65     0.010122    99.712     0.010235    99.660    99.750
  66     0.009183    99.727     0.010120    99.700    99.750
  67     0.009304    99.727     0.010935    99.660    99.750
  68     0.008494    99.755     0.010908    99.620    99.750
  69     0.009023    99.748     0.009107    99.690    99.750
  70     0.008969    99.722     0.009606    99.730    99.750
  71     0.009977    99.725     0.008163    99.760    99.760
  72     0.009624    99.718     0.008301    99.680    99.760
  73     0.008196    99.755     0.007734    99.820    99.820
  74     0.007779    99.777     0.008379    99.750    99.820
  75     0.009184    99.717     0.008353    99.730    99.820
  76     0.007717    99.783     0.009158    99.690    99.820
  77     0.007977    99.758     0.007744    99.770    99.820
  78     0.007823    99.782     0.009010    99.690    99.820
  79     0.008108    99.773     0.009123    99.700    99.820
  80     0.006962    99.797     0.011511    99.690    99.820
  81     0.007480    99.773     0.010070    99.700    99.820
  82     0.007569    99.797     0.010240    99.650    99.820
  83     0.006586    99.818     0.010856    99.670    99.820
  84     0.006204    99.822     0.010231    99.710    99.820
  85     0.006842    99.805     0.011724    99.710    99.820
  86     0.007121    99.797     0.010148    99.770    99.820
  87     0.006298    99.820     0.009830    99.720    99.820
  88     0.005353    99.868     0.009803    99.700    99.820
  89     0.006324    99.818     0.010784    99.730    99.820
  90     0.006523    99.797     0.011386    99.680    99.820
  91     0.005917    99.832     0.010141    99.710    99.820
  92     0.004895    99.852     0.009390    99.730    99.820
  93     0.004857    99.872     0.010005    99.710    99.820
  94     0.005782    99.838     0.009704    99.760    99.820
  95     0.005679    99.845     0.010283    99.700    99.820
  96     0.005280    99.853     0.009810    99.680    99.820
  97     0.005452    99.848     0.011499    99.670    99.820
  98     0.005726    99.825     0.009524    99.700    99.820
  99     0.004623    99.867     0.009178    99.750    99.820
 100     0.004269    99.875     0.009227    99.720    99.820
 101     0.004830    99.865     0.009037    99.780    99.820
 102     0.004588    99.867     0.009771    99.740    99.820
 103     0.004834    99.860     0.010118    99.720    99.820
 104     0.004477    99.863     0.010478    99.680    99.820
 105     0.004780    99.858     0.010681    99.730    99.820
 106     0.004199    99.872     0.010791    99.690    99.820
 107     0.003547    99.905     0.010930    99.700    99.820
 108     0.004109    99.888     0.010370    99.670    99.820
 109     0.003830    99.880     0.010190    99.700    99.820
 110     0.004249    99.887     0.010149    99.680    99.820
 111     0.003959    99.882     0.010111    99.720    99.820
 112     0.004429    99.872     0.009962    99.730    99.820
 113     0.003554    99.892     0.010707    99.730    99.820
 114     0.003590    99.907     0.011104    99.710    99.820
 115     0.003376    99.898     0.010413    99.730    99.820
 116     0.003417    99.895     0.010773    99.750    99.820
 117     0.003805    99.902     0.010601    99.740    99.820
 118     0.003420    99.908     0.010421    99.730    99.820
 119     0.003857    99.885     0.009792    99.720    99.820
 120     0.003652    99.878     0.009721    99.720    99.820
 121     0.004073    99.887     0.009173    99.750    99.820
 122     0.002978    99.917     0.010769    99.700    99.820
 123     0.003550    99.902     0.009664    99.730    99.820
 124     0.003470    99.907     0.009180    99.720    99.820
 125     0.004517    99.887     0.009972    99.710    99.820
 126     0.003121    99.920     0.009005    99.700    99.820
 127     0.002973    99.907     0.008777    99.740    99.820
 128     0.002948    99.917     0.008789    99.760    99.820
 129     0.003359    99.913     0.009306    99.700    99.820
 130     0.002757    99.927     0.008644    99.730    99.820
 131     0.002947    99.915     0.009640    99.710    99.820
 132     0.003522    99.913     0.009085    99.720    99.820
 133     0.002816    99.938     0.009620    99.730    99.820
 134     0.003399    99.897     0.010387    99.700    99.820
 135     0.002978    99.920     0.009719    99.710    99.820
 136     0.002685    99.917     0.009210    99.720    99.820
 137     0.002449    99.933     0.009263    99.720    99.820
 138     0.002614    99.927     0.008758    99.720    99.820
 139     0.003211    99.903     0.009647    99.740    99.820
 140     0.003661    99.898     0.009950    99.770    99.820
 141     0.003401    99.897     0.010041    99.710    99.820
 142     0.002513    99.935     0.010066    99.730    99.820
 143     0.002457    99.925     0.009832    99.760    99.820
 144     0.002811    99.910     0.010492    99.770    99.820
 145     0.002633    99.935     0.010125    99.710    99.820
 146     0.002827    99.925     0.010206    99.750    99.820
 147     0.002335    99.930     0.009092    99.780    99.820
 148     0.002438    99.922     0.009929    99.750    99.820
 149     0.002795    99.915     0.011188    99.750    99.820
