   0     0.554125    88.860     0.121515    98.930    98.930
   1     0.202129    96.970     0.068806    99.010    99.010
   2     0.137315    97.640     0.087071    98.690    99.010
   3     0.112580    97.748     0.056591    99.090    99.090
   4     0.089437    98.090     0.060121    98.870    99.090
   5     0.080884    98.172     0.039419    99.370    99.370
   6     0.074494    98.283     0.033878    99.450    99.450
   7     0.065226    98.435     0.030282    99.400    99.450
   8     0.064943    98.392     0.037222    99.210    99.450
   9     0.056640    98.587     0.031057    99.280    99.450
  10     0.054603    98.560     0.034813    99.340    99.450
  11     0.053988    98.610     0.048186    98.700    99.450
  12     0.051504    98.653     0.030016    99.280    99.450
  13     0.045058    98.780     0.018757    99.570    99.570
  14     0.044894    98.797     0.023416    99.370    99.570
  15     0.041375    98.887     0.027035    99.420    99.570
  16     0.041716    98.860     0.018955    99.520    99.570
  17     0.040030    98.893     0.021202    99.420    99.570
  18     0.038238    98.960     0.018476    99.540    99.570
  19     0.035714    98.998     0.015191    99.610    99.610
  20     0.035412    99.038     0.018067    99.450    99.610
  21     0.033886    99.072     0.019487    99.470    99.610
  22     0.031605    99.128     0.021439    99.420    99.610
  23     0.031039    99.110     0.015897    99.630    99.630
  24     0.030949    99.172     0.017964    99.470    99.630
  25     0.028857    99.187     0.014892    99.550    99.630
  26     0.028304    99.193     0.015524    99.570    99.630
  27     0.027589    99.203     0.012870    99.670    99.670
  28     0.026480    99.233     0.012322    99.640    99.670
  29     0.024310    99.295     0.012905    99.650    99.670
  30     0.025559    99.308     0.013588    99.600    99.670
  31     0.024705    99.320     0.010749    99.640    99.670
  32     0.023132    99.388     0.010840    99.670    99.670
  33     0.021730    99.372     0.012518    99.600    99.670
  34     0.021767    99.355     0.013176    99.560    99.670
  35     0.020823    99.422     0.012328    99.660    99.670
  36     0.021417    99.403     0.010891    99.670    99.670
  37     0.019364    99.443     0.011647    99.690    99.690
  38     0.020896    99.427     0.011644    99.690    99.690
  39     0.018298    99.467     0.011102    99.650    99.690
  40     0.017991    99.500     0.012673    99.600    99.690
  41     0.016792    99.525     0.011607    99.630    99.690
  42     0.017747    99.472     0.012918    99.640    99.690
  43     0.017385    99.520     0.011343    99.600    99.690
  44     0.017802    99.488     0.012958    99.620    99.690
  45     0.016839    99.512     0.010772    99.620    99.690
  46     0.015482    99.545     0.011328    99.650    99.690
  47     0.016744    99.505     0.011540    99.670    99.690
  48     0.014785    99.572     0.011126    99.680    99.690
  49     0.014509    99.562     0.009226    99.660    99.690
  50     0.015008    99.580     0.011256    99.660    99.690
  51     0.014824    99.573     0.010222    99.710    99.710
  52     0.013693    99.590     0.010734    99.730    99.730
  53     0.012109    99.667     0.010557    99.710    99.730
  54     0.012688    99.660     0.011253    99.690    99.730
  55     0.012254    99.663     0.011321    99.680    99.730
  56     0.011883    99.635     0.010053    99.720    99.730
  57     0.012486    99.638     0.010410    99.700    99.730
  58     0.011024    99.678     0.010010    99.690    99.730
  59     0.011423    99.668     0.009520    99.670    99.730
  60     0.010762    99.697     0.009989    99.740    99.740
  61     0.011463    99.682     0.008847    99.740    99.740
  62     0.010486    99.692     0.010403    99.760    99.760
  63     0.011993    99.663     0.010175    99.730    99.760
  64     0.010075    99.682     0.009345    99.720    99.760
  65     0.010496    99.702     0.010549    99.700    99.760
  66     0.009641    99.737     0.010877    99.700    99.760
  67     0.008846    99.745     0.010611    99.740    99.760
  68     0.009560    99.728     0.008939    99.750    99.760
  69     0.007670    99.780     0.010164    99.700    99.760
  70     0.008664    99.757     0.011854    99.670    99.760
  71     0.009101    99.727     0.010248    99.690    99.760
  72     0.008624    99.727     0.011502    99.720    99.760
  73     0.008493    99.755     0.010628    99.700    99.760
  74     0.008036    99.758     0.010328    99.680    99.760
  75     0.007131    99.785     0.012080    99.670    99.760
  76     0.008784    99.752     0.010782    99.700    99.760
  77     0.007405    99.782     0.010281    99.710    99.760
  78     0.007792    99.777     0.011382    99.670    99.760
  79     0.008953    99.733     0.010411    99.690    99.760
  80     0.007027    99.800     0.011191    99.660    99.760
  81     0.007167    99.782     0.010645    99.720    99.760
  82     0.006986    99.830     0.009513    99.710    99.760
  83     0.006505    99.813     0.011518    99.670    99.760
  84     0.005637    99.832     0.010214    99.680    99.760
  85     0.005847    99.842     0.011162    99.680    99.760
  86     0.007097    99.795     0.010345    99.690    99.760
  87     0.006889    99.817     0.010652    99.720    99.760
  88     0.005372    99.840     0.010561    99.680    99.760
  89     0.006128    99.803     0.010834    99.730    99.760
  90     0.006028    99.830     0.010419    99.730    99.760
  91     0.005666    99.835     0.009933    99.670    99.760
  92     0.005387    99.838     0.009720    99.710    99.760
  93     0.005558    99.850     0.010976    99.670    99.760
  94     0.004952    99.847     0.010503    99.720    99.760
  95     0.005689    99.825     0.009781    99.710    99.760
  96     0.004907    99.860     0.010221    99.730    99.760
  97     0.005213    99.838     0.010927    99.700    99.760
  98     0.004481    99.863     0.012076    99.700    99.760
  99     0.004460    99.877     0.010561    99.690    99.760
 100     0.005237    99.850     0.012038    99.670    99.760
 101     0.004960    99.863     0.010685    99.660    99.760
 102     0.005398    99.845     0.011528    99.690    99.760
 103     0.005265    99.850     0.011060    99.680    99.760
 104     0.004948    99.865     0.010454    99.710    99.760
 105     0.004757    99.873     0.011896    99.640    99.760
 106     0.003970    99.885     0.011889    99.660    99.760
 107     0.003862    99.878     0.012077    99.670    99.760
 108     0.004547    99.870     0.013017    99.670    99.760
 109     0.004825    99.868     0.012081    99.640    99.760
 110     0.004056    99.890     0.012737    99.640    99.760
 111     0.004513    99.872     0.013073    99.620    99.760
 112     0.004006    99.883     0.013663    99.610    99.760
 113     0.004105    99.885     0.012595    99.660    99.760
 114     0.003489    99.900     0.013071    99.620    99.760
 115     0.004487    99.892     0.012256    99.640    99.760
 116     0.004264    99.882     0.011675    99.620    99.760
 117     0.003629    99.900     0.011368    99.690    99.760
 118     0.003470    99.885     0.009984    99.700    99.760
 119     0.003585    99.902     0.010957    99.710    99.760
 120     0.003380    99.913     0.011747    99.620    99.760
 121     0.003746    99.880     0.010898    99.640    99.760
 122     0.003938    99.890     0.011004    99.620    99.760
 123     0.003096    99.910     0.010885    99.710    99.760
 124     0.003615    99.885     0.011225    99.690    99.760
 125     0.002909    99.932     0.011816    99.670    99.760
 126     0.003268    99.905     0.011548    99.670    99.760
 127     0.002925    99.922     0.012502    99.650    99.760
 128     0.003005    99.927     0.012650    99.620    99.760
 129     0.003811    99.877     0.011666    99.670    99.760
 130     0.002723    99.932     0.011797    99.640    99.760
 131     0.003338    99.915     0.011543    99.650    99.760
 132     0.002737    99.927     0.012103    99.670    99.760
 133     0.003429    99.898     0.012645    99.640    99.760
 134     0.002714    99.935     0.011610    99.710    99.760
 135     0.002716    99.915     0.011642    99.670    99.760
 136     0.002910    99.927     0.012142    99.660    99.760
 137     0.002548    99.927     0.011875    99.670    99.760
 138     0.003031    99.910     0.011703    99.680    99.760
 139     0.002581    99.935     0.011280    99.680    99.760
 140     0.002757    99.917     0.011999    99.640    99.760
 141     0.003048    99.907     0.012646    99.610    99.760
 142     0.002777    99.935     0.012349    99.640    99.760
 143     0.002819    99.922     0.012176    99.670    99.760
 144     0.002378    99.935     0.012201    99.680    99.760
 145     0.002165    99.945     0.010985    99.710    99.760
 146     0.002381    99.945     0.011294    99.650    99.760
 147     0.002685    99.922     0.012347    99.650    99.760
 148     0.002781    99.920     0.012583    99.640    99.760
 149     0.002300    99.940     0.012401    99.630    99.760
