   0     0.541392    89.148     0.134373    98.870    98.870
   1     0.198291    97.113     0.077818    99.150    99.150
   2     0.138374    97.542     0.046162    99.190    99.190
   3     0.110729    97.783     0.041760    99.270    99.270
   4     0.094373    97.962     0.052442    99.170    99.270
   5     0.081949    98.135     0.053413    99.300    99.300
   6     0.074076    98.260     0.045251    99.080    99.300
   7     0.070310    98.277     0.049278    99.050    99.300
   8     0.059883    98.515     0.027060    99.320    99.320
   9     0.056958    98.557     0.044618    98.910    99.320
  10     0.054946    98.572     0.046733    98.890    99.320
  11     0.051991    98.682     0.028722    99.500    99.500
  12     0.049122    98.668     0.031366    99.150    99.500
  13     0.049291    98.730     0.025064    99.330    99.500
  14     0.044675    98.780     0.032901    99.070    99.500
  15     0.041864    98.887     0.024999    99.290    99.500
  16     0.039744    98.857     0.017371    99.500    99.500
  17     0.037248    99.013     0.026250    99.250    99.500
  18     0.037446    98.982     0.020762    99.400    99.500
  19     0.035923    99.037     0.016964    99.500    99.500
  20     0.034075    99.090     0.016341    99.550    99.550
  21     0.031937    99.108     0.016772    99.540    99.550
  22     0.033354    99.032     0.013991    99.660    99.660
  23     0.032778    99.047     0.013322    99.660    99.660
  24     0.028677    99.193     0.013721    99.570    99.660
  25     0.028959    99.205     0.014291    99.560    99.660
  26     0.027890    99.210     0.024020    99.330    99.660
  27     0.027465    99.213     0.010549    99.680    99.680
  28     0.026082    99.268     0.011855    99.640    99.680
  29     0.024446    99.327     0.010403    99.680    99.680
  30     0.025037    99.293     0.016730    99.480    99.680
  31     0.022446    99.377     0.010730    99.690    99.690
  32     0.023129    99.372     0.010372    99.680    99.690
  33     0.022495    99.373     0.012931    99.590    99.690
  34     0.021420    99.393     0.010058    99.710    99.710
  35     0.020656    99.422     0.012702    99.620    99.710
  36     0.019953    99.448     0.012366    99.610    99.710
  37     0.019218    99.468     0.010734    99.620    99.710
  38     0.020368    99.433     0.011327    99.620    99.710
  39     0.019435    99.468     0.010958    99.610    99.710
  40     0.019067    99.438     0.014249    99.550    99.710
  41     0.018498    99.455     0.011307    99.650    99.710
  42     0.016221    99.567     0.011963    99.600    99.710
  43     0.016258    99.505     0.011310    99.700    99.710
  44     0.016549    99.543     0.009468    99.750    99.750
  45     0.016102    99.552     0.011001    99.640    99.750
  46     0.016250    99.525     0.012336    99.670    99.750
  47     0.014481    99.588     0.010035    99.700    99.750
  48     0.016374    99.537     0.008526    99.710    99.750
  49     0.014058    99.612     0.010593    99.680    99.750
  50     0.013501    99.613     0.009309    99.700    99.750
  51     0.013048    99.643     0.009775    99.710    99.750
  52     0.014106    99.598     0.010028    99.690    99.750
  53     0.013375    99.638     0.009683    99.710    99.750
  54     0.012261    99.660     0.008578    99.760    99.760
  55     0.013014    99.617     0.009457    99.720    99.760
  56     0.012258    99.657     0.010231    99.700    99.760
  57     0.011042    99.675     0.009504    99.710    99.760
  58     0.011945    99.673     0.008642    99.730    99.760
  59     0.010129    99.702     0.009043    99.710    99.760
  60     0.011545    99.688     0.009718    99.740    99.760
  61     0.010531    99.695     0.010198    99.680    99.760
  62     0.011058    99.688     0.008576    99.690    99.760
  63     0.009790    99.702     0.010971    99.690    99.760
  64     0.009651    99.695     0.010244    99.670    99.760
  65     0.010074    99.712     0.008750    99.740    99.760
  66     0.009655    99.718     0.009021    99.710    99.760
  67     0.008849    99.757     0.010052    99.660    99.760
  68     0.008990    99.743     0.009835    99.710    99.760
  69     0.008210    99.773     0.010755    99.690    99.760
  70     0.009211    99.740     0.008401    99.740    99.760
  71     0.007870    99.768     0.010330    99.720    99.760
  72     0.008245    99.740     0.009530    99.720    99.760
  73     0.008311    99.753     0.008982    99.740    99.760
  74     0.007863    99.765     0.009157    99.720    99.760
  75     0.008005    99.757     0.010115    99.720    99.760
  76     0.006700    99.808     0.009312    99.760    99.760
  77     0.008938    99.742     0.009416    99.730    99.760
  78     0.007707    99.767     0.010038    99.730    99.760
  79     0.007884    99.790     0.009206    99.740    99.760
  80     0.006620    99.812     0.009089    99.750    99.760
  81     0.006985    99.812     0.010664    99.640    99.760
  82     0.006964    99.807     0.009691    99.690    99.760
  83     0.006231    99.807     0.009781    99.780    99.780
  84     0.006996    99.798     0.008677    99.780    99.780
  85     0.006795    99.808     0.009505    99.760    99.780
  86     0.005400    99.858     0.008812    99.730    99.780
  87     0.005751    99.838     0.009030    99.730    99.780
  88     0.005602    99.822     0.010716    99.640    99.780
  89     0.005595    99.852     0.011375    99.670    99.780
  90     0.005578    99.828     0.011090    99.700    99.780
  91     0.005927    99.843     0.008819    99.760    99.780
  92     0.005319    99.847     0.010075    99.730    99.780
  93     0.005422    99.840     0.010037    99.740    99.780
  94     0.006131    99.828     0.009655    99.730    99.780
  95     0.004698    99.873     0.009848    99.770    99.780
  96     0.004846    99.857     0.009852    99.700    99.780
  97     0.005476    99.837     0.009704    99.730    99.780
  98     0.004632    99.862     0.009667    99.740    99.780
  99     0.004134    99.883     0.011346    99.670    99.780
 100     0.004126    99.870     0.009994    99.730    99.780
 101     0.004870    99.847     0.011034    99.750    99.780
 102     0.005086    99.850     0.009094    99.760    99.780
 103     0.004916    99.877     0.009736    99.720    99.780
 104     0.004551    99.885     0.010432    99.720    99.780
 105     0.004672    99.873     0.009286    99.770    99.780
 106     0.005053    99.848     0.010322    99.690    99.780
 107     0.004130    99.893     0.009990    99.700    99.780
 108     0.004503    99.873     0.011680    99.680    99.780
 109     0.003938    99.912     0.010290    99.690    99.780
 110     0.004178    99.883     0.010462    99.700    99.780
 111     0.004229    99.878     0.011088    99.710    99.780
 112     0.004054    99.867     0.011245    99.690    99.780
 113     0.003816    99.883     0.011235    99.690    99.780
 114     0.004062    99.900     0.012446    99.670    99.780
 115     0.003753    99.895     0.011805    99.640    99.780
 116     0.003509    99.897     0.011940    99.680    99.780
 117     0.003990    99.892     0.012020    99.690    99.780
 118     0.003798    99.903     0.011644    99.670    99.780
 119     0.003813    99.888     0.010850    99.710    99.780
 120     0.004064    99.900     0.010483    99.720    99.780
 121     0.002957    99.918     0.011808    99.650    99.780
 122     0.003372    99.907     0.010371    99.700    99.780
 123     0.003850    99.895     0.009413    99.750    99.780
 124     0.003098    99.910     0.011126    99.720    99.780
 125     0.003837    99.897     0.011041    99.650    99.780
 126     0.003479    99.897     0.010437    99.700    99.780
 127     0.003236    99.908     0.011438    99.710    99.780
 128     0.003040    99.913     0.011205    99.690    99.780
 129     0.002707    99.930     0.011683    99.690    99.780
 130     0.003014    99.912     0.011070    99.680    99.780
 131     0.003156    99.898     0.011276    99.690    99.780
 132     0.003185    99.915     0.011983    99.700    99.780
 133     0.003705    99.903     0.010226    99.690    99.780
 134     0.002869    99.922     0.011793    99.690    99.780
 135     0.002404    99.932     0.011087    99.690    99.780
 136     0.002901    99.913     0.010638    99.710    99.780
 137     0.002715    99.927     0.011668    99.720    99.780
 138     0.003166    99.902     0.010542    99.720    99.780
 139     0.002891    99.925     0.009752    99.750    99.780
 140     0.002346    99.928     0.010661    99.730    99.780
 141     0.002372    99.927     0.010889    99.710    99.780
 142     0.003128    99.913     0.009954    99.730    99.780
 143     0.002904    99.925     0.011270    99.700    99.780
 144     0.002570    99.935     0.011136    99.710    99.780
 145     0.002471    99.935     0.010993    99.680    99.780
 146     0.002433    99.935     0.010837    99.670    99.780
 147     0.002647    99.925     0.011723    99.680    99.780
 148     0.002658    99.922     0.011197    99.670    99.780
 149     0.002248    99.933     0.011632    99.660    99.780
