   0     0.540982    89.180     0.112172    98.960    98.960
   1     0.201015    97.022     0.077524    99.260    99.260
   2     0.140152    97.522     0.063090    99.320    99.320
   3     0.110431    97.798     0.047292    99.290    99.320
   4     0.089471    98.145     0.042726    99.410    99.410
   5     0.078111    98.217     0.045589    99.150    99.410
   6     0.072089    98.312     0.027687    99.480    99.480
   7     0.068695    98.298     0.028635    99.360    99.480
   8     0.062286    98.433     0.040329    99.170    99.480
   9     0.057167    98.538     0.026488    99.450    99.480
  10     0.055000    98.628     0.023070    99.530    99.530
  11     0.050955    98.678     0.029493    99.300    99.530
  12     0.048828    98.710     0.023409    99.590    99.590
  13     0.046022    98.802     0.019526    99.450    99.590
  14     0.045656    98.767     0.020317    99.520    99.590
  15     0.041651    98.910     0.024580    99.350    99.590
  16     0.040514    98.907     0.021871    99.490    99.590
  17     0.040829    98.870     0.018620    99.510    99.590
  18     0.036590    99.037     0.016917    99.520    99.590
  19     0.034168    99.052     0.020834    99.440    99.590
  20     0.033912    99.073     0.020718    99.590    99.590
  21     0.032987    99.063     0.023812    99.380    99.590
  22     0.031230    99.138     0.015940    99.560    99.590
  23     0.030506    99.147     0.018343    99.540    99.590
  24     0.031123    99.138     0.014647    99.600    99.600
  25     0.029680    99.197     0.013393    99.640    99.640
  26     0.028432    99.242     0.016715    99.510    99.640
  27     0.027109    99.207     0.014406    99.560    99.640
  28     0.026989    99.277     0.012844    99.670    99.670
  29     0.025374    99.282     0.012301    99.650    99.670
  30     0.025131    99.283     0.016002    99.510    99.670
  31     0.023172    99.345     0.015027    99.570    99.670
  32     0.022688    99.342     0.013732    99.600    99.670
  33     0.022361    99.337     0.013561    99.640    99.670
  34     0.020134    99.440     0.010136    99.710    99.710
  35     0.021271    99.373     0.011240    99.700    99.710
  36     0.020896    99.418     0.010056    99.690    99.710
  37     0.019976    99.417     0.012869    99.650    99.710
  38     0.020578    99.420     0.011032    99.670    99.710
  39     0.019283    99.442     0.010963    99.730    99.730
  40     0.019231    99.465     0.010388    99.690    99.730
  41     0.016165    99.527     0.009889    99.710    99.730
  42     0.015342    99.575     0.010877    99.660    99.730
  43     0.016891    99.518     0.011301    99.640    99.730
  44     0.018413    99.470     0.011231    99.630    99.730
  45     0.015994    99.528     0.012106    99.660    99.730
  46     0.014839    99.568     0.011147    99.670    99.730
  47     0.014154    99.593     0.008769    99.710    99.730
  48     0.015770    99.537     0.010044    99.680    99.730
  49     0.015918    99.567     0.009345    99.710    99.730
  50     0.013476    99.603     0.015810    99.560    99.730
  51     0.012414    99.630     0.011115    99.610    99.730
  52     0.013246    99.582     0.010180    99.740    99.740
  53     0.013756    99.607     0.011262    99.630    99.740
  54     0.012753    99.627     0.015149    99.550    99.740
  55     0.011997    99.642     0.010732    99.680    99.740
  56     0.012658    99.645     0.009907    99.680    99.740
  57     0.011731    99.668     0.010134    99.710    99.740
  58     0.011670    99.655     0.008688    99.750    99.750
  59     0.010047    99.712     0.011136    99.700    99.750
  60     0.011710    99.658     0.010407    99.700    99.750
  61     0.010263    99.710     0.009185    99.730    99.750
  62     0.010464    99.680     0.009397    99.730    99.750
  63     0.010587    99.677     0.008823    99.710    99.750
  64     0.010211    99.690     0.014011    99.650    99.750
  65     0.010108    99.710     0.010772    99.660    99.750
  66     0.010434    99.713     0.012392    99.720    99.750
  67     0.008922    99.758     0.011965    99.650    99.750
  68     0.008153    99.772     0.010395    99.700    99.750
  69     0.009086    99.738     0.010411    99.720    99.750
  70     0.008480    99.753     0.009359    99.700    99.750
  71     0.007516    99.782     0.010411    99.680    99.750
  72     0.009328    99.740     0.011724    99.610    99.750
  73     0.008752    99.763     0.010344    99.640    99.750
  74     0.008088    99.758     0.011745    99.670    99.750
  75     0.007210    99.797     0.008762    99.790    99.790
  76     0.007993    99.748     0.008618    99.690    99.790
  77     0.007630    99.778     0.010418    99.670    99.790
  78     0.007252    99.790     0.010964    99.710    99.790
  79     0.007174    99.798     0.009806    99.670    99.790
  80     0.006461    99.802     0.009694    99.700    99.790
  81     0.006883    99.793     0.008637    99.770    99.790
  82     0.007445    99.792     0.010744    99.690    99.790
  83     0.006421    99.808     0.010135    99.730    99.790
  84     0.006852    99.793     0.008848    99.750    99.790
  85     0.006147    99.837     0.009950    99.700    99.790
  86     0.006627    99.810     0.010537    99.710    99.790
  87     0.005858    99.830     0.009859    99.690    99.790
  88     0.006471    99.805     0.009328    99.680    99.790
  89     0.005779    99.843     0.010952    99.690    99.790
  90     0.005224    99.855     0.008557    99.750    99.790
  91     0.006346    99.822     0.009902    99.730    99.790
  92     0.005601    99.848     0.009305    99.710    99.790
  93     0.005761    99.832     0.009203    99.760    99.790
  94     0.005615    99.818     0.009083    99.730    99.790
  95     0.005312    99.858     0.009994    99.730    99.790
  96     0.004669    99.872     0.009572    99.760    99.790
  97     0.005315    99.852     0.009128    99.750    99.790
  98     0.004996    99.838     0.010061    99.700    99.790
  99     0.005600    99.845     0.009737    99.690    99.790
 100     0.004790    99.847     0.008928    99.680    99.790
 101     0.005031    99.838     0.009347    99.710    99.790
 102     0.004661    99.862     0.009889    99.710    99.790
 103     0.003817    99.887     0.010815    99.650    99.790
 104     0.004630    99.847     0.009552    99.670    99.790
 105     0.004082    99.882     0.010739    99.650    99.790
 106     0.005347    99.847     0.010227    99.680    99.790
 107     0.004648    99.868     0.010777    99.670    99.790
 108     0.004513    99.887     0.010084    99.660    99.790
 109     0.003859    99.880     0.009703    99.690    99.790
 110     0.004236    99.882     0.010219    99.710    99.790
 111     0.003816    99.878     0.009847    99.740    99.790
 112     0.003556    99.898     0.010345    99.720    99.790
 113     0.003735    99.897     0.011406    99.690    99.790
 114     0.003584    99.898     0.009595    99.740    99.790
 115     0.003588    99.902     0.010100    99.690    99.790
 116     0.004102    99.880     0.010455    99.690    99.790
 117     0.003487    99.917     0.009441    99.740    99.790
 118     0.003368    99.903     0.010084    99.680    99.790
 119     0.003003    99.907     0.009909    99.700    99.790
 120     0.002882    99.922     0.009161    99.710    99.790
 121     0.003785    99.893     0.010180    99.740    99.790
 122     0.004290    99.878     0.010142    99.720    99.790
 123     0.002929    99.920     0.008322    99.780    99.790
 124     0.003411    99.900     0.009165    99.740    99.790
 125     0.003839    99.880     0.009429    99.730    99.790
 126     0.002695    99.917     0.008506    99.730    99.790
 127     0.003563    99.893     0.009205    99.740    99.790
 128     0.003039    99.913     0.009494    99.750    99.790
 129     0.002864    99.915     0.009549    99.720    99.790
 130     0.003080    99.902     0.009032    99.740    99.790
 131     0.003445    99.907     0.010027    99.760    99.790
 132     0.002540    99.930     0.009723    99.760    99.790
 133     0.002740    99.925     0.010134    99.760    99.790
 134     0.002546    99.932     0.009285    99.750    99.790
 135     0.002755    99.928     0.009891    99.750    99.790
 136     0.003014    99.912     0.009082    99.740    99.790
 137     0.003207    99.903     0.009314    99.760    99.790
 138     0.002963    99.910     0.009512    99.750    99.790
 139     0.002374    99.945     0.009370    99.730    99.790
 140     0.002653    99.922     0.009916    99.720    99.790
 141     0.003450    99.908     0.010373    99.710    99.790
 142     0.001824    99.945     0.010570    99.710    99.790
 143     0.002635    99.928     0.010797    99.700    99.790
 144     0.002185    99.952     0.009830    99.730    99.790
 145     0.002674    99.922     0.011192    99.700    99.790
 146     0.002591    99.922     0.010487    99.660    99.790
 147     0.002930    99.913     0.010152    99.690    99.790
 148     0.002316    99.935     0.010142    99.680    99.790
 149     0.002127    99.932     0.010262    99.690    99.790
