   0     0.547826    89.055     0.145775    98.550    98.550
   1     0.201084    96.938     0.056409    99.140    99.140
   2     0.138731    97.567     0.058126    99.190    99.190
   3     0.111030    97.802     0.041590    99.350    99.350
   4     0.093991    97.972     0.060983    99.070    99.350
   5     0.082245    98.147     0.041500    99.170    99.350
   6     0.072325    98.318     0.051575    98.920    99.350
   7     0.067280    98.397     0.037974    99.120    99.350
   8     0.062251    98.442     0.043229    99.020    99.350
   9     0.056440    98.582     0.032492    99.350    99.350
  10     0.059567    98.430     0.031690    99.280    99.350
  11     0.051023    98.687     0.019669    99.520    99.520
  12     0.048640    98.728     0.021470    99.560    99.560
  13     0.045828    98.787     0.021312    99.440    99.560
  14     0.047147    98.755     0.057151    98.530    99.560
  15     0.044558    98.798     0.019223    99.630    99.630
  16     0.040249    98.915     0.023442    99.320    99.630
  17     0.039209    98.898     0.032498    99.150    99.630
  18     0.038065    98.967     0.021859    99.480    99.630
  19     0.035592    99.038     0.025195    99.360    99.630
  20     0.035364    99.008     0.014198    99.610    99.630
  21     0.033655    99.077     0.017004    99.490    99.630
  22     0.033755    99.037     0.016375    99.570    99.630
  23     0.029814    99.193     0.028859    99.220    99.630
  24     0.028960    99.217     0.015550    99.540    99.630
  25     0.028947    99.220     0.014878    99.550    99.630
  26     0.029140    99.190     0.015937    99.490    99.630
  27     0.027679    99.252     0.013758    99.660    99.660
  28     0.026073    99.260     0.009769    99.750    99.750
  29     0.025729    99.312     0.012224    99.590    99.750
  30     0.023952    99.357     0.012173    99.590    99.750
  31     0.025345    99.330     0.012715    99.620    99.750
  32     0.024413    99.298     0.009629    99.710    99.750
  33     0.023140    99.332     0.009868    99.690    99.750
  34     0.022327    99.350     0.013480    99.620    99.750
  35     0.022352    99.370     0.011427    99.650    99.750
  36     0.019794    99.457     0.010727    99.690    99.750
  37     0.018713    99.445     0.014327    99.540    99.750
  38     0.021067    99.373     0.011942    99.610    99.750
  39     0.017538    99.492     0.010532    99.620    99.750
  40     0.018208    99.453     0.010104    99.720    99.750
  41     0.017990    99.503     0.010048    99.690    99.750
  42     0.014687    99.567     0.008942    99.730    99.750
  43     0.016550    99.517     0.010831    99.670    99.750
  44     0.017644    99.493     0.009867    99.670    99.750
  45     0.015976    99.538     0.009720    99.730    99.750
  46     0.015368    99.558     0.010379    99.700    99.750
  47     0.015566    99.525     0.011954    99.630    99.750
  48     0.014445    99.600     0.011746    99.690    99.750
  49     0.015205    99.525     0.010195    99.660    99.750
  50     0.014354    99.582     0.010608    99.670    99.750
  51     0.014461    99.593     0.011191    99.640    99.750
  52     0.012730    99.632     0.012068    99.650    99.750
  53     0.013338    99.627     0.012190    99.640    99.750
  54     0.012658    99.625     0.014415    99.530    99.750
  55     0.011739    99.672     0.010414    99.680    99.750
  56     0.012665    99.628     0.009364    99.710    99.750
  57     0.011311    99.683     0.013349    99.550    99.750
  58     0.011450    99.667     0.011213    99.690    99.750
  59     0.010208    99.710     0.010865    99.680    99.750
  60     0.011156    99.662     0.011449    99.680    99.750
  61     0.010268    99.678     0.011381    99.690    99.750
  62     0.010172    99.722     0.012228    99.670    99.750
  63     0.010895    99.685     0.010706    99.700    99.750
  64     0.009971    99.697     0.012059    99.600    99.750
  65     0.009147    99.755     0.010922    99.690    99.750
  66     0.009618    99.720     0.009895    99.700    99.750
  67     0.010878    99.688     0.009774    99.730    99.750
  68     0.008902    99.752     0.010069    99.700    99.750
  69     0.009007    99.730     0.008830    99.760    99.760
  70     0.009391    99.732     0.008631    99.710    99.760
  71     0.008434    99.765     0.010066    99.700    99.760
  72     0.009211    99.733     0.007770    99.760    99.760
  73     0.007267    99.800     0.007706    99.770    99.770
  74     0.007919    99.758     0.008895    99.700    99.770
  75     0.007727    99.795     0.009610    99.710    99.770
  76     0.008439    99.758     0.009683    99.660    99.770
  77     0.007507    99.790     0.010241    99.650    99.770
  78     0.006740    99.800     0.012654    99.650    99.770
  79     0.007083    99.800     0.009649    99.670    99.770
  80     0.007667    99.778     0.010142    99.720    99.770
  81     0.007561    99.778     0.010437    99.670    99.770
  82     0.007249    99.792     0.010162    99.680    99.770
  83     0.006056    99.833     0.010322    99.690    99.770
  84     0.007250    99.805     0.009661    99.730    99.770
  85     0.006233    99.827     0.009955    99.660    99.770
  86     0.006620    99.815     0.009955    99.660    99.770
  87     0.007285    99.820     0.010576    99.660    99.770
  88     0.005759    99.853     0.012089    99.690    99.770
  89     0.005837    99.818     0.011742    99.620    99.770
  90     0.006108    99.828     0.011959    99.630    99.770
  91     0.006243    99.827     0.010986    99.640    99.770
  92     0.005315    99.853     0.010477    99.670    99.770
  93     0.005502    99.850     0.011958    99.660    99.770
  94     0.004947    99.867     0.011480    99.730    99.770
  95     0.005224    99.857     0.009821    99.710    99.770
  96     0.005416    99.842     0.009126    99.720    99.770
  97     0.005606    99.835     0.009988    99.670    99.770
  98     0.005020    99.853     0.009420    99.670    99.770
  99     0.005815    99.838     0.008718    99.740    99.770
 100     0.004876    99.878     0.008986    99.720    99.770
 101     0.004665    99.863     0.009480    99.710    99.770
 102     0.003933    99.910     0.009176    99.750    99.770
 103     0.005349    99.853     0.009775    99.720    99.770
 104     0.004430    99.870     0.010184    99.740    99.770
 105     0.003665    99.897     0.010207    99.710    99.770
 106     0.004261    99.877     0.009448    99.730    99.770
 107     0.004823    99.872     0.009553    99.720    99.770
 108     0.004598    99.863     0.008654    99.750    99.770
 109     0.004438    99.860     0.010620    99.720    99.770
 110     0.004219    99.875     0.009908    99.730    99.770
 111     0.004088    99.863     0.010375    99.770    99.770
 112     0.004808    99.877     0.009924    99.700    99.770
 113     0.003470    99.908     0.012123    99.690    99.770
 114     0.003836    99.900     0.010041    99.700    99.770
 115     0.003878    99.890     0.010814    99.660    99.770
 116     0.003885    99.892     0.009330    99.720    99.770
 117     0.003537    99.915     0.009365    99.720    99.770
 118     0.003339    99.903     0.010427    99.690    99.770
 119     0.003068    99.925     0.011472    99.720    99.770
 120     0.003741    99.892     0.011536    99.700    99.770
 121     0.003717    99.905     0.011155    99.690    99.770
 122     0.002855    99.920     0.010994    99.700    99.770
 123     0.003216    99.912     0.008900    99.690    99.770
 124     0.003008    99.908     0.010023    99.690    99.770
 125     0.002951    99.903     0.009677    99.710    99.770
 126     0.002938    99.920     0.011248    99.690    99.770
 127     0.003765    99.882     0.011506    99.700    99.770
 128     0.002733    99.925     0.010689    99.710    99.770
 129     0.003045    99.908     0.010643    99.700    99.770
 130     0.002670    99.922     0.011419    99.700    99.770
 131     0.002732    99.915     0.011786    99.700    99.770
 132     0.002939    99.918     0.011813    99.710    99.770
 133     0.002546    99.927     0.011195    99.720    99.770
 134     0.002698    99.935     0.011563    99.710    99.770
 135     0.002415    99.930     0.010757    99.710    99.770
 136     0.002632    99.915     0.011086    99.740    99.770
 137     0.002651    99.920     0.011113    99.710    99.770
 138     0.002597    99.920     0.011802    99.700    99.770
 139     0.002324    99.940     0.010974    99.710    99.770
 140     0.002993    99.907     0.011043    99.710    99.770
 141     0.002939    99.920     0.010532    99.720    99.770
 142     0.002582    99.932     0.010906    99.720    99.770
 143     0.002962    99.917     0.010069    99.710    99.770
 144     0.002315    99.927     0.011166    99.720    99.770
 145     0.002366    99.933     0.010458    99.740    99.770
 146     0.002596    99.932     0.010953    99.740    99.770
 147     0.002481    99.932     0.011537    99.720    99.770
 148     0.002095    99.940     0.010979    99.720    99.770
 149     0.002603    99.937     0.010308    99.710    99.770
