   0     0.528469    89.598     0.152565    98.500    98.500
   1     0.200909    96.942     0.150397    97.230    98.500
   2     0.139327    97.547     0.063542    99.020    99.020
   3     0.108566    97.847     0.052479    99.180    99.180
   4     0.093411    98.015     0.079741    98.390    99.180
   5     0.081925    98.140     0.036742    99.270    99.270
   6     0.072197    98.265     0.047379    99.200    99.270
   7     0.065625    98.407     0.045537    99.070    99.270
   8     0.063492    98.402     0.030025    99.400    99.400
   9     0.056370    98.607     0.033068    99.200    99.400
  10     0.054358    98.577     0.053882    98.730    99.400
  11     0.053044    98.563     0.044354    98.980    99.400
  12     0.048551    98.725     0.039559    98.980    99.400
  13     0.047623    98.718     0.031490    99.210    99.400
  14     0.043620    98.845     0.031758    99.140    99.400
  15     0.041193    98.877     0.016628    99.550    99.550
  16     0.041224    98.915     0.033442    99.110    99.550
  17     0.038666    98.908     0.022675    99.370    99.550
  18     0.038030    98.990     0.022991    99.430    99.550
  19     0.034287    99.027     0.028188    99.240    99.550
  20     0.033372    99.108     0.022983    99.380    99.550
  21     0.034279    99.060     0.019531    99.470    99.550
  22     0.032673    99.090     0.028780    99.220    99.550
  23     0.031507    99.130     0.015682    99.530    99.550
  24     0.030416    99.123     0.013382    99.600    99.600
  25     0.027579    99.250     0.013278    99.560    99.600
  26     0.029241    99.190     0.019045    99.470    99.600
  27     0.024587    99.310     0.013461    99.610    99.610
  28     0.026215    99.298     0.011445    99.610    99.610
  29     0.026677    99.253     0.013057    99.620    99.620
  30     0.023165    99.340     0.010277    99.670    99.670
  31     0.024017    99.288     0.014034    99.590    99.670
  32     0.020739    99.362     0.017991    99.500    99.670
  33     0.021148    99.417     0.012860    99.640    99.670
  34     0.021896    99.378     0.014420    99.550    99.670
  35     0.020981    99.393     0.010337    99.690    99.690
  36     0.019751    99.440     0.014114    99.550    99.690
  37     0.019358    99.455     0.012696    99.610    99.690
  38     0.017613    99.500     0.011799    99.610    99.690
  39     0.019277    99.453     0.013641    99.610    99.690
  40     0.016192    99.517     0.010276    99.700    99.700
  41     0.017088    99.510     0.009403    99.750    99.750
  42     0.017345    99.493     0.013070    99.580    99.750
  43     0.017498    99.530     0.012710    99.550    99.750
  44     0.016996    99.543     0.011361    99.670    99.750
  45     0.015483    99.585     0.010906    99.680    99.750
  46     0.015305    99.533     0.010686    99.710    99.750
  47     0.016032    99.538     0.010328    99.660    99.750
  48     0.014318    99.597     0.011530    99.650    99.750
  49     0.014769    99.585     0.011419    99.660    99.750
  50     0.013194    99.607     0.010930    99.680    99.750
  51     0.013319    99.600     0.011042    99.620    99.750
  52     0.013636    99.565     0.013113    99.550    99.750
  53     0.013368    99.633     0.009903    99.680    99.750
  54     0.011620    99.647     0.011029    99.680    99.750
  55     0.012287    99.645     0.009763    99.710    99.750
  56     0.011103    99.663     0.010717    99.640    99.750
  57     0.011789    99.653     0.011503    99.660    99.750
  58     0.012086    99.667     0.010190    99.690    99.750
  59     0.010983    99.662     0.009328    99.710    99.750
  60     0.011469    99.650     0.010222    99.680    99.750
  61     0.011574    99.658     0.008996    99.730    99.750
  62     0.010437    99.693     0.010779    99.690    99.750
  63     0.010079    99.722     0.008742    99.740    99.750
  64     0.009349    99.720     0.011515    99.710    99.750
  65     0.010002    99.715     0.010035    99.690    99.750
  66     0.010212    99.722     0.010555    99.720    99.750
  67     0.009261    99.725     0.011700    99.670    99.750
  68     0.008680    99.773     0.012050    99.670    99.750
  69     0.008592    99.745     0.010653    99.700    99.750
  70     0.006817    99.812     0.009809    99.750    99.750
  71     0.008722    99.738     0.011212    99.650    99.750
  72     0.008491    99.747     0.010995    99.710    99.750
  73     0.008519    99.747     0.010041    99.700    99.750
  74     0.008192    99.758     0.009697    99.720    99.750
  75     0.007082    99.798     0.008461    99.770    99.770
  76     0.008992    99.740     0.008416    99.770    99.770
  77     0.006875    99.807     0.010118    99.700    99.770
  78     0.007835    99.798     0.011227    99.640    99.770
  79     0.007280    99.787     0.009943    99.730    99.770
  80     0.007605    99.782     0.011409    99.640    99.770
  81     0.006517    99.820     0.008887    99.780    99.780
  82     0.006758    99.798     0.009600    99.690    99.780
  83     0.005579    99.845     0.009280    99.710    99.780
  84     0.006148    99.837     0.010648    99.660    99.780
  85     0.007592    99.768     0.009811    99.700    99.780
  86     0.006650    99.822     0.010671    99.710    99.780
  87     0.005824    99.827     0.008282    99.780    99.780
  88     0.005633    99.842     0.008695    99.760    99.780
  89     0.005486    99.842     0.008894    99.770    99.780
  90     0.005808    99.848     0.010456    99.750    99.780
  91     0.005736    99.835     0.010936    99.750    99.780
  92     0.005378    99.850     0.010370    99.710    99.780
  93     0.004910    99.860     0.010420    99.770    99.780
  94     0.004859    99.858     0.010813    99.740    99.780
  95     0.005898    99.823     0.011220    99.740    99.780
  96     0.005037    99.853     0.009904    99.750    99.780
  97     0.004886    99.853     0.010031    99.690    99.780
  98     0.004843    99.868     0.009998    99.730    99.780
  99     0.005425    99.840     0.009803    99.690    99.780
 100     0.005253    99.852     0.009857    99.750    99.780
 101     0.004870    99.863     0.009754    99.710    99.780
 102     0.004877    99.862     0.009883    99.760    99.780
 103     0.004710    99.880     0.008642    99.730    99.780
 104     0.004571    99.882     0.008580    99.740    99.780
 105     0.004665    99.873     0.009389    99.690    99.780
 106     0.004486    99.860     0.009577    99.680    99.780
 107     0.003749    99.887     0.010015    99.710    99.780
 108     0.004620    99.863     0.009454    99.700    99.780
 109     0.003848    99.888     0.009849    99.690    99.780
 110     0.003907    99.875     0.009952    99.720    99.780
 111     0.003677    99.897     0.011104    99.660    99.780
 112     0.004183    99.875     0.011390    99.680    99.780
 113     0.003947    99.882     0.010055    99.690    99.780
 114     0.003824    99.887     0.010785    99.660    99.780
 115     0.003526    99.890     0.010726    99.680    99.780
 116     0.004042    99.900     0.011451    99.690    99.780
 117     0.003831    99.908     0.010499    99.680    99.780
 118     0.003332    99.902     0.009457    99.710    99.780
 119     0.002779    99.922     0.010155    99.690    99.780
 120     0.003522    99.907     0.011452    99.690    99.780
 121     0.003295    99.913     0.009567    99.760    99.780
 122     0.003028    99.905     0.009720    99.760    99.780
 123     0.003370    99.900     0.010678    99.680    99.780
 124     0.003197    99.898     0.008937    99.740    99.780
 125     0.003093    99.923     0.010451    99.690    99.780
 126     0.002977    99.937     0.010726    99.690    99.780
 127     0.003097    99.907     0.010762    99.700    99.780
 128     0.002803    99.925     0.009950    99.760    99.780
 129     0.002912    99.918     0.010195    99.740    99.780
 130     0.002837    99.912     0.011112    99.720    99.780
 131     0.003211    99.918     0.010088    99.730    99.780
 132     0.003095    99.905     0.009280    99.740    99.780
 133     0.002503    99.937     0.009246    99.750    99.780
 134     0.002616    99.927     0.009613    99.760    99.780
 135     0.003135    99.917     0.009720    99.740    99.780
 136     0.002910    99.925     0.009182    99.780    99.780
 137     0.003054    99.922     0.010036    99.720    99.780
 138     0.003176    99.918     0.010438    99.730    99.780
 139     0.002601    99.918     0.009358    99.760    99.780
 140     0.002337    99.925     0.010009    99.730    99.780
 141     0.002864    99.918     0.010237    99.730    99.780
 142     0.002466    99.938     0.009774    99.740    99.780
 143     0.003121    99.910     0.009609    99.720    99.780
 144     0.002730    99.907     0.009791    99.720    99.780
 145     0.002233    99.940     0.010694    99.680    99.780
 146     0.002193    99.930     0.010401    99.730    99.780
 147     0.002486    99.927     0.010140    99.760    99.780
 148     0.002674    99.917     0.009794    99.750    99.780
 149     0.002393    99.938     0.010506    99.720    99.780
