   0     0.554559    88.770     0.109320    99.010    99.010
   1     0.203255    96.967     0.075106    98.970    99.010
   2     0.137562    97.628     0.081683    98.720    99.010
   3     0.108831    97.875     0.062043    98.920    99.010
   4     0.097107    97.862     0.033827    99.310    99.310
   5     0.082096    98.148     0.030488    99.420    99.420
   6     0.070555    98.383     0.042226    99.070    99.420
   7     0.067099    98.382     0.054010    98.430    99.420
   8     0.064945    98.358     0.040597    99.070    99.420
   9     0.059129    98.533     0.025093    99.450    99.450
  10     0.054739    98.573     0.028716    99.360    99.450
  11     0.050509    98.642     0.042448    98.800    99.450
  12     0.047524    98.750     0.028511    99.420    99.450
  13     0.047637    98.718     0.039683    99.120    99.450
  14     0.044170    98.830     0.318832    89.330    99.450
  15     0.043737    98.827     0.038021    99.230    99.450
  16     0.040007    98.932     0.020136    99.570    99.570
  17     0.038555    98.923     0.018512    99.520    99.570
  18     0.037068    98.997     0.032196    99.030    99.570
  19     0.035968    98.983     0.030170    99.150    99.570
  20     0.032020    99.113     0.017588    99.540    99.570
  21     0.032789    99.070     0.014233    99.590    99.590
  22     0.033289    99.083     0.017610    99.510    99.590
  23     0.030236    99.135     0.034921    99.030    99.590
  24     0.030296    99.158     0.015176    99.560    99.590
  25     0.029127    99.183     0.015883    99.540    99.590
  26     0.027727    99.240     0.022004    99.270    99.590
  27     0.025635    99.288     0.015135    99.540    99.590
  28     0.027168    99.257     0.021805    99.450    99.590
  29     0.026416    99.237     0.014594    99.540    99.590
  30     0.023084    99.355     0.019506    99.480    99.590
  31     0.022966    99.367     0.013950    99.570    99.590
  32     0.022724    99.372     0.016111    99.520    99.590
  33     0.021926    99.388     0.012785    99.650    99.650
  34     0.021233    99.413     0.015530    99.540    99.650
  35     0.020677    99.397     0.012092    99.630    99.650
  36     0.019910    99.460     0.012284    99.640    99.650
  37     0.019838    99.450     0.012342    99.620    99.650
  38     0.020521    99.433     0.010356    99.650    99.650
  39     0.019011    99.445     0.012843    99.590    99.650
  40     0.018068    99.478     0.012384    99.600    99.650
  41     0.018368    99.490     0.010621    99.650    99.650
  42     0.017787    99.500     0.012354    99.680    99.680
  43     0.015712    99.558     0.010125    99.670    99.680
  44     0.016468    99.512     0.011109    99.670    99.680
  45     0.015874    99.542     0.011295    99.710    99.710
  46     0.015003    99.558     0.011753    99.670    99.710
  47     0.015051    99.585     0.011697    99.630    99.710
  48     0.013143    99.627     0.012326    99.620    99.710
  49     0.014404    99.573     0.010389    99.660    99.710
  50     0.015845    99.542     0.010251    99.690    99.710
  51     0.014767    99.567     0.010471    99.690    99.710
  52     0.014159    99.602     0.013346    99.610    99.710
  53     0.011973    99.663     0.013947    99.570    99.710
  54     0.012662    99.665     0.012253    99.640    99.710
  55     0.012406    99.653     0.011738    99.660    99.710
  56     0.010939    99.677     0.011613    99.640    99.710
  57     0.013775    99.612     0.010656    99.690    99.710
  58     0.011818    99.662     0.010218    99.640    99.710
  59     0.010625    99.687     0.011571    99.630    99.710
  60     0.010106    99.700     0.012639    99.580    99.710
  61     0.010207    99.728     0.010979    99.650    99.710
  62     0.011429    99.678     0.010789    99.690    99.710
  63     0.009554    99.762     0.010556    99.670    99.710
  64     0.009642    99.700     0.010206    99.720    99.720
  65     0.010259    99.702     0.012944    99.650    99.720
  66     0.008372    99.743     0.012628    99.650    99.720
  67     0.009907    99.705     0.012004    99.650    99.720
  68     0.008618    99.768     0.011406    99.670    99.720
  69     0.009802    99.725     0.012457    99.610    99.720
  70     0.009058    99.753     0.009554    99.740    99.740
  71     0.008071    99.775     0.011462    99.700    99.740
  72     0.007481    99.753     0.010659    99.730    99.740
  73     0.008582    99.760     0.010871    99.700    99.740
  74     0.007942    99.787     0.010576    99.680    99.740
  75     0.007488    99.758     0.010925    99.680    99.740
  76     0.007335    99.797     0.010848    99.670    99.740
  77     0.006889    99.800     0.011707    99.690    99.740
  78     0.007571    99.807     0.010418    99.670    99.740
  79     0.007919    99.765     0.011911    99.700    99.740
  80     0.007180    99.773     0.010893    99.700    99.740
  81     0.007144    99.818     0.010892    99.700    99.740
  82     0.006313    99.818     0.009500    99.720    99.740
  83     0.006987    99.780     0.009617    99.740    99.740
  84     0.007471    99.793     0.010839    99.670    99.740
  85     0.005810    99.817     0.010303    99.700    99.740
  86     0.006082    99.815     0.012103    99.700    99.740
  87     0.006731    99.803     0.011938    99.650    99.740
  88     0.006308    99.813     0.012372    99.630    99.740
  89     0.005478    99.835     0.011588    99.720    99.740
  90     0.006463    99.797     0.010901    99.660    99.740
  91     0.005081    99.838     0.010747    99.710    99.740
  92     0.005417    99.843     0.011254    99.680    99.740
  93     0.005192    99.848     0.010317    99.670    99.740
  94     0.005104    99.863     0.010513    99.670    99.740
  95     0.005623    99.857     0.012212    99.690    99.740
  96     0.005714    99.832     0.011064    99.710    99.740
  97     0.005214    99.847     0.011160    99.700    99.740
  98     0.004837    99.862     0.012605    99.700    99.740
  99     0.004176    99.882     0.012711    99.640    99.740
 100     0.005018    99.843     0.011011    99.710    99.740
 101     0.004347    99.873     0.010220    99.730    99.740
 102     0.003910    99.893     0.011030    99.680    99.740
 103     0.004126    99.878     0.011039    99.740    99.740
 104     0.004684    99.872     0.012587    99.670    99.740
 105     0.004579    99.867     0.013525    99.650    99.740
 106     0.005016    99.868     0.012066    99.680    99.740
 107     0.004141    99.890     0.011335    99.660    99.740
 108     0.003928    99.877     0.011944    99.720    99.740
 109     0.004860    99.867     0.011000    99.680    99.740
 110     0.003508    99.897     0.011052    99.700    99.740
 111     0.004045    99.873     0.010815    99.700    99.740
 112     0.004220    99.892     0.012045    99.660    99.740
 113     0.003746    99.900     0.011711    99.670    99.740
 114     0.003947    99.882     0.010921    99.710    99.740
 115     0.004003    99.890     0.011909    99.680    99.740
 116     0.004224    99.885     0.011840    99.720    99.740
 117     0.003537    99.902     0.012170    99.710    99.740
 118     0.003820    99.900     0.011180    99.680    99.740
 119     0.003298    99.910     0.010958    99.700    99.740
 120     0.003441    99.908     0.011236    99.730    99.740
 121     0.003324    99.905     0.011333    99.680    99.740
 122     0.003580    99.900     0.010768    99.680    99.740
 123     0.003139    99.918     0.011277    99.730    99.740
 124     0.003044    99.915     0.011443    99.690    99.740
 125     0.003738    99.880     0.011665    99.690    99.740
 126     0.003447    99.902     0.010562    99.680    99.740
 127     0.003108    99.897     0.011015    99.710    99.740
 128     0.003520    99.908     0.011587    99.720    99.740
 129     0.002964    99.910     0.011955    99.680    99.740
 130     0.003187    99.917     0.011281    99.700    99.740
 131     0.002900    99.903     0.011371    99.710    99.740
 132     0.002640    99.925     0.011288    99.710    99.740
 133     0.002656    99.930     0.010752    99.720    99.740
 134     0.003034    99.920     0.011598    99.710    99.740
 135     0.003207    99.915     0.011451    99.710    99.740
 136     0.002452    99.928     0.011850    99.710    99.740
 137     0.002601    99.925     0.011717    99.730    99.740
 138     0.002520    99.935     0.011308    99.740    99.740
 139     0.002594    99.918     0.012210    99.680    99.740
 140     0.002587    99.918     0.011773    99.710    99.740
 141     0.002479    99.937     0.011504    99.720    99.740
 142     0.003271    99.900     0.012196    99.700    99.740
 143     0.002796    99.930     0.011971    99.680    99.740
 144     0.002730    99.935     0.012110    99.700    99.740
 145     0.003174    99.915     0.011739    99.690    99.740
 146     0.002510    99.933     0.012279    99.670    99.740
 147     0.002244    99.938     0.011665    99.690    99.740
 148     0.002325    99.940     0.011945    99.690    99.740
 149     0.002946    99.915     0.011574    99.670    99.740
