   0     0.549665    88.952     0.133833    98.800    98.800
   1     0.200097    97.007     0.077340    98.800    98.800
   2     0.143074    97.467     0.052509    99.300    99.300
   3     0.105969    97.913     0.044740    99.230    99.300
   4     0.088450    98.102     0.035349    99.330    99.330
   5     0.083465    98.092     0.056646    99.090    99.330
   6     0.071068    98.305     0.033307    99.290    99.330
   7     0.066086    98.402     0.043218    99.010    99.330
   8     0.062820    98.380     0.025045    99.350    99.350
   9     0.056314    98.602     0.153553    95.480    99.350
  10     0.054221    98.622     0.040322    99.190    99.350
  11     0.050546    98.650     0.034529    99.270    99.350
  12     0.051208    98.663     0.032179    99.270    99.350
  13     0.045051    98.783     0.024146    99.360    99.360
  14     0.041460    98.878     0.024817    99.260    99.360
  15     0.042642    98.838     0.037015    98.920    99.360
  16     0.040141    98.895     0.050144    98.620    99.360
  17     0.037405    98.978     0.026364    99.380    99.380
  18     0.038190    98.933     0.041404    98.820    99.380
  19     0.036988    98.968     0.029592    99.250    99.380
  20     0.035111    99.068     0.020350    99.480    99.480
  21     0.034006    99.017     0.017217    99.480    99.480
  22     0.030363    99.162     0.018039    99.450    99.480
  23     0.028165    99.233     0.016040    99.540    99.540
  24     0.029680    99.158     0.016647    99.480    99.540
  25     0.030125    99.172     0.015706    99.610    99.610
  26     0.028028    99.225     0.014647    99.620    99.620
  27     0.026679    99.270     0.013461    99.600    99.620
  28     0.026683    99.238     0.014168    99.610    99.620
  29     0.023778    99.327     0.012466    99.700    99.700
  30     0.024589    99.343     0.015713    99.560    99.700
  31     0.023474    99.365     0.015779    99.570    99.700
  32     0.022904    99.332     0.011953    99.630    99.700
  33     0.023671    99.350     0.021852    99.400    99.700
  34     0.021639    99.380     0.012404    99.670    99.700
  35     0.020317    99.433     0.015508    99.590    99.700
  36     0.019255    99.453     0.011974    99.650    99.700
  37     0.020012    99.455     0.013742    99.590    99.700
  38     0.017557    99.495     0.013170    99.610    99.700
  39     0.018154    99.508     0.011391    99.680    99.700
  40     0.018415    99.488     0.012841    99.640    99.700
  41     0.016909    99.520     0.012244    99.630    99.700
  42     0.017478    99.473     0.010780    99.700    99.700
  43     0.016273    99.537     0.012051    99.690    99.700
  44     0.016522    99.520     0.013249    99.630    99.700
  45     0.015472    99.540     0.010829    99.620    99.700
  46     0.015964    99.523     0.011622    99.660    99.700
  47     0.015371    99.570     0.011103    99.660    99.700
  48     0.014165    99.607     0.010324    99.680    99.700
  49     0.014115    99.588     0.010187    99.710    99.710
  50     0.014373    99.582     0.012197    99.650    99.710
  51     0.012888    99.645     0.011184    99.640    99.710
  52     0.012834    99.632     0.012618    99.580    99.710
  53     0.014192    99.557     0.011504    99.630    99.710
  54     0.014088    99.610     0.011467    99.650    99.710
  55     0.013084    99.632     0.011200    99.650    99.710
  56     0.011398    99.658     0.011049    99.700    99.710
  57     0.011131    99.685     0.012875    99.610    99.710
  58     0.011526    99.673     0.012085    99.630    99.710
  59     0.010777    99.698     0.011123    99.660    99.710
  60     0.011780    99.657     0.012659    99.640    99.710
  61     0.010942    99.693     0.012130    99.640    99.710
  62     0.010830    99.702     0.012328    99.630    99.710
  63     0.011475    99.663     0.011789    99.670    99.710
  64     0.009090    99.730     0.012122    99.670    99.710
  65     0.010176    99.725     0.012600    99.620    99.710
  66     0.009036    99.748     0.012686    99.620    99.710
  67     0.008841    99.768     0.013584    99.670    99.710
  68     0.008865    99.762     0.012418    99.630    99.710
  69     0.009406    99.717     0.011897    99.690    99.710
  70     0.008640    99.745     0.011354    99.680    99.710
  71     0.008134    99.755     0.013163    99.580    99.710
  72     0.008398    99.765     0.012157    99.640    99.710
  73     0.008422    99.763     0.012694    99.630    99.710
  74     0.007990    99.750     0.012259    99.640    99.710
  75     0.008281    99.757     0.010186    99.660    99.710
  76     0.008111    99.765     0.010111    99.680    99.710
  77     0.006834    99.803     0.009969    99.680    99.710
  78     0.006561    99.817     0.010817    99.680    99.710
  79     0.008265    99.748     0.010768    99.680    99.710
  80     0.006962    99.792     0.010103    99.650    99.710
  81     0.007508    99.790     0.010924    99.670    99.710
  82     0.007526    99.793     0.011754    99.640    99.710
  83     0.007401    99.787     0.011584    99.600    99.710
  84     0.007034    99.797     0.012239    99.670    99.710
  85     0.006388    99.822     0.011172    99.640    99.710
  86     0.006680    99.813     0.012438    99.650    99.710
  87     0.006622    99.802     0.011232    99.660    99.710
  88     0.005574    99.848     0.011036    99.700    99.710
  89     0.005981    99.837     0.012521    99.670    99.710
  90     0.006047    99.823     0.012954    99.660    99.710
  91     0.005687    99.825     0.011346    99.700    99.710
  92     0.005288    99.852     0.012563    99.680    99.710
  93     0.005176    99.847     0.011374    99.690    99.710
  94     0.005175    99.867     0.011785    99.660    99.710
  95     0.005335    99.847     0.012078    99.700    99.710
  96     0.006250    99.820     0.011712    99.680    99.710
  97     0.005181    99.845     0.013499    99.610    99.710
  98     0.004771    99.862     0.011764    99.670    99.710
  99     0.005144    99.838     0.012906    99.660    99.710
 100     0.005741    99.837     0.012854    99.660    99.710
 101     0.005163    99.835     0.013553    99.640    99.710
 102     0.004622    99.862     0.011472    99.660    99.710
 103     0.004420    99.885     0.012491    99.690    99.710
 104     0.005949    99.822     0.012942    99.700    99.710
 105     0.005173    99.863     0.012236    99.670    99.710
 106     0.004579    99.880     0.011724    99.680    99.710
 107     0.004414    99.888     0.011186    99.670    99.710
 108     0.004524    99.868     0.010965    99.710    99.710
 109     0.004351    99.872     0.011287    99.690    99.710
 110     0.004342    99.868     0.011848    99.720    99.720
 111     0.003644    99.887     0.012001    99.660    99.720
 112     0.003857    99.890     0.011368    99.690    99.720
 113     0.004682    99.865     0.012118    99.640    99.720
 114     0.004853    99.873     0.013628    99.640    99.720
 115     0.004265    99.887     0.011660    99.690    99.720
 116     0.003898    99.878     0.010636    99.720    99.720
 117     0.004070    99.897     0.010338    99.720    99.720
 118     0.003574    99.902     0.011142    99.700    99.720
 119     0.003725    99.893     0.011382    99.670    99.720
 120     0.003015    99.930     0.011202    99.710    99.720
 121     0.004265    99.872     0.011746    99.680    99.720
 122     0.003010    99.922     0.011267    99.720    99.720
 123     0.002944    99.922     0.011244    99.720    99.720
 124     0.003701    99.897     0.010043    99.690    99.720
 125     0.003046    99.910     0.010167    99.700    99.720
 126     0.003526    99.895     0.011215    99.690    99.720
 127     0.003217    99.907     0.011495    99.680    99.720
 128     0.004071    99.887     0.011513    99.670    99.720
 129     0.003294    99.918     0.011515    99.680    99.720
 130     0.002736    99.922     0.011845    99.690    99.720
 131     0.003103    99.920     0.010690    99.690    99.720
 132     0.002480    99.922     0.012183    99.690    99.720
 133     0.002889    99.903     0.012149    99.700    99.720
 134     0.002579    99.932     0.011465    99.680    99.720
 135     0.003716    99.895     0.012016    99.690    99.720
 136     0.003423    99.903     0.011523    99.690    99.720
 137     0.002992    99.905     0.010807    99.710    99.720
 138     0.003129    99.913     0.010740    99.690    99.720
 139     0.002888    99.927     0.011319    99.680    99.720
 140     0.002574    99.928     0.011282    99.680    99.720
 141     0.003135    99.905     0.010836    99.730    99.730
 142     0.002775    99.918     0.010824    99.710    99.730
 143     0.002707    99.925     0.011511    99.660    99.730
 144     0.002593    99.917     0.011630    99.710    99.730
 145     0.002515    99.908     0.011531    99.720    99.730
 146     0.002410    99.938     0.010959    99.740    99.740
 147     0.002549    99.932     0.011491    99.740    99.740
 148     0.002289    99.930     0.011168    99.730    99.740
 149     0.002749    99.915     0.012147    99.700    99.740
