   0     0.542687    89.158     0.127708    98.850    98.850
   1     0.199509    97.100     0.075179    99.170    99.170
   2     0.138212    97.600     0.045738    99.200    99.200
   3     0.110002    97.815     0.100741    97.860    99.200
   4     0.092518    97.982     0.044596    99.050    99.200
   5     0.081860    98.103     0.036976    99.310    99.310
   6     0.073092    98.290     0.034354    99.370    99.370
   7     0.069047    98.297     0.034549    99.360    99.370
   8     0.063456    98.420     0.025857    99.400    99.400
   9     0.060829    98.438     0.034600    99.360    99.400
  10     0.055133    98.598     0.032864    99.360    99.400
  11     0.052980    98.592     0.020472    99.540    99.540
  12     0.050141    98.688     0.023860    99.470    99.540
  13     0.046800    98.725     0.025952    99.360    99.540
  14     0.043969    98.828     0.024871    99.410    99.540
  15     0.043493    98.865     0.039037    99.280    99.540
  16     0.041906    98.875     0.031042    99.230    99.540
  17     0.038548    98.960     0.015666    99.600    99.600
  18     0.038983    98.917     0.020206    99.560    99.600
  19     0.037054    98.962     0.031837    99.430    99.600
  20     0.033467    99.092     0.017609    99.550    99.600
  21     0.032939    99.127     0.024380    99.410    99.600
  22     0.032834    99.068     0.022631    99.350    99.600
  23     0.030174    99.172     0.015299    99.520    99.600
  24     0.029113    99.228     0.014747    99.590    99.600
  25     0.030147    99.132     0.015350    99.500    99.600
  26     0.029291    99.175     0.013156    99.630    99.630
  27     0.025622    99.242     0.013053    99.580    99.630
  28     0.025833    99.265     0.013688    99.590    99.630
  29     0.024917    99.288     0.019696    99.470    99.630
  30     0.024881    99.332     0.014593    99.630    99.630
  31     0.023615    99.303     0.011827    99.690    99.690
  32     0.022765    99.318     0.011881    99.670    99.690
  33     0.022340    99.392     0.014741    99.590    99.690
  34     0.021350    99.415     0.012308    99.640    99.690
  35     0.019840    99.443     0.013627    99.580    99.690
  36     0.020033    99.420     0.011801    99.690    99.690
  37     0.019374    99.450     0.012524    99.670    99.690
  38     0.020153    99.415     0.011985    99.670    99.690
  39     0.019442    99.453     0.011497    99.640    99.690
  40     0.019267    99.433     0.012947    99.630    99.690
  41     0.017613    99.487     0.011007    99.630    99.690
  42     0.016937    99.545     0.010631    99.630    99.690
  43     0.015548    99.558     0.010381    99.670    99.690
  44     0.016667    99.507     0.012715    99.620    99.690
  45     0.016391    99.537     0.012493    99.610    99.690
  46     0.015787    99.537     0.011311    99.620    99.690
  47     0.014737    99.580     0.010890    99.630    99.690
  48     0.015048    99.545     0.013297    99.610    99.690
  49     0.013419    99.612     0.013523    99.640    99.690
  50     0.013977    99.610     0.011145    99.720    99.720
  51     0.013192    99.615     0.011028    99.670    99.720
  52     0.013605    99.602     0.009609    99.670    99.720
  53     0.012409    99.638     0.009701    99.680    99.720
  54     0.013253    99.625     0.010439    99.670    99.720
  55     0.011623    99.675     0.010574    99.700    99.720
  56     0.012243    99.655     0.010528    99.700    99.720
  57     0.012330    99.660     0.012122    99.660    99.720
  58     0.012712    99.650     0.013393    99.640    99.720
  59     0.012784    99.622     0.010461    99.660    99.720
  60     0.011479    99.670     0.010189    99.680    99.720
  61     0.010312    99.722     0.009815    99.720    99.720
  62     0.009996    99.698     0.010903    99.680    99.720
  63     0.009567    99.720     0.011108    99.700    99.720
  64     0.009659    99.737     0.008771    99.740    99.740
  65     0.008525    99.763     0.011175    99.660    99.740
  66     0.009809    99.713     0.010903    99.680    99.740
  67     0.009637    99.738     0.013613    99.660    99.740
  68     0.008995    99.748     0.012029    99.690    99.740
  69     0.009088    99.738     0.009772    99.730    99.740
  70     0.009054    99.738     0.011389    99.720    99.740
  71     0.008388    99.770     0.009975    99.690    99.740
  72     0.008025    99.758     0.011250    99.700    99.740
  73     0.008250    99.745     0.010268    99.660    99.740
  74     0.008003    99.758     0.011280    99.670    99.740
  75     0.007528    99.792     0.010212    99.690    99.740
  76     0.007061    99.817     0.011623    99.700    99.740
  77     0.007637    99.758     0.010094    99.690    99.740
  78     0.007371    99.792     0.009323    99.720    99.740
  79     0.008165    99.758     0.010632    99.690    99.740
  80     0.007649    99.763     0.010195    99.730    99.740
  81     0.006760    99.800     0.010614    99.720    99.740
  82     0.007582    99.782     0.010719    99.700    99.740
  83     0.007113    99.790     0.010074    99.690    99.740
  84     0.006392    99.822     0.010393    99.700    99.740
  85     0.005872    99.823     0.010321    99.670    99.740
  86     0.006882    99.793     0.010930    99.680    99.740
  87     0.005687    99.830     0.010960    99.690    99.740
  88     0.006820    99.803     0.011120    99.670    99.740
  89     0.005472    99.860     0.011146    99.660    99.740
  90     0.006207    99.812     0.009613    99.730    99.740
  91     0.006014    99.828     0.008922    99.730    99.740
  92     0.006092    99.833     0.008950    99.700    99.740
  93     0.005939    99.822     0.009176    99.730    99.740
  94     0.005757    99.847     0.009685    99.710    99.740
  95     0.005343    99.840     0.010487    99.700    99.740
  96     0.005147    99.855     0.011061    99.680    99.740
  97     0.005556    99.842     0.010956    99.670    99.740
  98     0.005303    99.858     0.009750    99.730    99.740
  99     0.005616    99.833     0.010487    99.720    99.740
 100     0.004765    99.867     0.010420    99.730    99.740
 101     0.005107    99.855     0.010448    99.720    99.740
 102     0.004338    99.862     0.010822    99.690    99.740
 103     0.004272    99.890     0.010549    99.650    99.740
 104     0.004767    99.870     0.011175    99.670    99.740
 105     0.004431    99.852     0.010421    99.710    99.740
 106     0.004574    99.873     0.011289    99.650    99.740
 107     0.003814    99.902     0.012746    99.650    99.740
 108     0.004286    99.880     0.012004    99.630    99.740
 109     0.004415    99.887     0.011436    99.710    99.740
 110     0.004161    99.873     0.012037    99.660    99.740
 111     0.003823    99.887     0.011175    99.700    99.740
 112     0.003864    99.902     0.010359    99.720    99.740
 113     0.004923    99.883     0.010527    99.710    99.740
 114     0.004090    99.888     0.012413    99.690    99.740
 115     0.003748    99.898     0.011642    99.680    99.740
 116     0.004151    99.875     0.012562    99.680    99.740
 117     0.003924    99.875     0.011360    99.710    99.740
 118     0.003591    99.892     0.011865    99.680    99.740
 119     0.003179    99.910     0.011926    99.660    99.740
 120     0.003341    99.895     0.012133    99.680    99.740
 121     0.003565    99.900     0.012675    99.690    99.740
 122     0.003771    99.892     0.013172    99.650    99.740
 123     0.004051    99.898     0.012327    99.660    99.740
 124     0.003463    99.900     0.014307    99.680    99.740
 125     0.003285    99.895     0.013914    99.660    99.740
 126     0.003246    99.913     0.012587    99.690    99.740
 127     0.003293    99.905     0.013800    99.660    99.740
 128     0.003204    99.918     0.013352    99.660    99.740
 129     0.003130    99.897     0.012947    99.690    99.740
 130     0.003420    99.907     0.011768    99.710    99.740
 131     0.003454    99.907     0.012519    99.670    99.740
 132     0.003586    99.902     0.011837    99.690    99.740
 133     0.002746    99.935     0.011441    99.680    99.740
 134     0.002893    99.918     0.012599    99.700    99.740
 135     0.002988    99.920     0.012478    99.680    99.740
 136     0.002578    99.920     0.013152    99.670    99.740
 137     0.003293    99.900     0.012298    99.660    99.740
 138     0.002962    99.910     0.011845    99.680    99.740
 139     0.002780    99.917     0.012544    99.670    99.740
 140     0.003084    99.915     0.012566    99.670    99.740
 141     0.002408    99.923     0.011793    99.720    99.740
 142     0.002335    99.948     0.010979    99.710    99.740
 143     0.002546    99.933     0.011870    99.700    99.740
 144     0.002842    99.922     0.010521    99.730    99.740
 145     0.003191    99.908     0.011161    99.680    99.740
 146     0.002181    99.943     0.011327    99.660    99.740
 147     0.002974    99.915     0.011857    99.690    99.740
 148     0.002439    99.930     0.011054    99.670    99.740
 149     0.002511    99.928     0.011373    99.680    99.740
