   0     0.546985    88.962     0.104333    98.890    98.890
   1     0.200734    97.013     0.079355    98.880    98.890
   2     0.138403    97.580     0.086712    98.530    98.890
   3     0.107950    97.843     0.044954    99.430    99.430
   4     0.093060    97.968     0.037293    99.320    99.430
   5     0.081019    98.190     0.041462    99.140    99.430
   6     0.072732    98.320     0.028937    99.310    99.430
   7     0.067229    98.348     0.038593    99.250    99.430
   8     0.062747    98.373     0.032296    99.340    99.430
   9     0.058485    98.517     0.036237    99.290    99.430
  10     0.054859    98.563     0.022973    99.490    99.490
  11     0.051865    98.637     0.022043    99.440    99.490
  12     0.048086    98.732     0.032762    99.120    99.490
  13     0.047083    98.752     0.016580    99.590    99.590
  14     0.042192    98.838     0.018156    99.520    99.590
  15     0.043870    98.798     0.023711    99.470    99.590
  16     0.043997    98.810     0.029473    99.150    99.590
  17     0.035905    99.000     0.025555    99.360    99.590
  18     0.036893    98.957     0.022307    99.350    99.590
  19     0.035312    99.032     0.016109    99.560    99.590
  20     0.033993    99.098     0.016685    99.560    99.590
  21     0.032915    99.123     0.016319    99.560    99.590
  22     0.031691    99.107     0.012732    99.610    99.610
  23     0.030186    99.137     0.014046    99.560    99.610
  24     0.028946    99.172     0.011738    99.660    99.660
  25     0.028185    99.233     0.018660    99.500    99.660
  26     0.026678    99.222     0.012905    99.570    99.660
  27     0.029449    99.187     0.014762    99.600    99.660
  28     0.025809    99.253     0.011529    99.650    99.660
  29     0.025711    99.258     0.014100    99.560    99.660
  30     0.025407    99.250     0.014884    99.590    99.660
  31     0.022655    99.382     0.012902    99.610    99.660
  32     0.021550    99.377     0.013726    99.610    99.660
  33     0.022084    99.392     0.010758    99.690    99.690
  34     0.023638    99.297     0.013420    99.600    99.690
  35     0.019310    99.447     0.012632    99.640    99.690
  36     0.020382    99.417     0.011821    99.670    99.690
  37     0.019458    99.438     0.009885    99.690    99.690
  38     0.020656    99.408     0.010268    99.740    99.740
  39     0.017436    99.498     0.010943    99.670    99.740
  40     0.018488    99.452     0.009749    99.710    99.740
  41     0.017983    99.457     0.010890    99.720    99.740
  42     0.016580    99.528     0.009180    99.710    99.740
  43     0.014974    99.577     0.009352    99.690    99.740
  44     0.016937    99.505     0.009638    99.720    99.740
  45     0.016728    99.520     0.012654    99.660    99.740
  46     0.015544    99.528     0.011379    99.720    99.740
  47     0.015806    99.535     0.012508    99.590    99.740
  48     0.014526    99.580     0.011001    99.670    99.740
  49     0.014718    99.545     0.010864    99.680    99.740
  50     0.014689    99.587     0.011111    99.700    99.740
  51     0.013656    99.607     0.012004    99.650    99.740
  52     0.012190    99.618     0.011422    99.640    99.740
  53     0.014790    99.560     0.014090    99.530    99.740
  54     0.011144    99.683     0.011824    99.640    99.740
  55     0.012076    99.655     0.010656    99.630    99.740
  56     0.012909    99.615     0.010979    99.690    99.740
  57     0.012013    99.655     0.011727    99.700    99.740
  58     0.011539    99.662     0.010633    99.680    99.740
  59     0.010860    99.697     0.009995    99.690    99.740
  60     0.011222    99.665     0.010100    99.660    99.740
  61     0.010367    99.680     0.012167    99.660    99.740
  62     0.010582    99.682     0.009667    99.680    99.740
  63     0.010475    99.687     0.010582    99.680    99.740
  64     0.009591    99.710     0.009788    99.680    99.740
  65     0.009769    99.732     0.010164    99.690    99.740
  66     0.010207    99.685     0.011327    99.680    99.740
  67     0.009561    99.728     0.011411    99.680    99.740
  68     0.008882    99.747     0.011628    99.660    99.740
  69     0.009658    99.712     0.011238    99.660    99.740
  70     0.008120    99.767     0.011982    99.610    99.740
  71     0.008574    99.760     0.010703    99.660    99.740
  72     0.008026    99.770     0.010400    99.640    99.740
  73     0.008565    99.740     0.011061    99.670    99.740
  74     0.007307    99.798     0.009502    99.720    99.740
  75     0.008381    99.738     0.009920    99.700    99.740
  76     0.008039    99.748     0.011354    99.710    99.740
  77     0.008187    99.760     0.011781    99.730    99.740
  78     0.007767    99.772     0.010082    99.670    99.740
  79     0.006620    99.810     0.011439    99.660    99.740
  80     0.006564    99.817     0.010154    99.730    99.740
  81     0.007067    99.785     0.009820    99.720    99.740
  82     0.007069    99.795     0.009920    99.740    99.740
  83     0.007326    99.797     0.009955    99.700    99.740
  84     0.007005    99.808     0.012210    99.670    99.740
  85     0.006905    99.802     0.011427    99.710    99.740
  86     0.006403    99.830     0.011528    99.710    99.740
  87     0.006939    99.787     0.010939    99.730    99.740
  88     0.007212    99.797     0.010947    99.760    99.760
  89     0.006412    99.818     0.010889    99.720    99.760
  90     0.006538    99.828     0.010724    99.710    99.760
  91     0.006129    99.810     0.012435    99.670    99.760
  92     0.004991    99.858     0.011437    99.680    99.760
  93     0.004645    99.882     0.012314    99.660    99.760
  94     0.005012    99.867     0.012140    99.690    99.760
  95     0.005626    99.847     0.012287    99.640    99.760
  96     0.005135    99.845     0.010291    99.720    99.760
  97     0.004764    99.853     0.011329    99.700    99.760
  98     0.005512    99.850     0.011255    99.670    99.760
  99     0.004527    99.863     0.011941    99.640    99.760
 100     0.005216    99.848     0.010308    99.740    99.760
 101     0.005502    99.830     0.011047    99.680    99.760
 102     0.004464    99.870     0.010693    99.710    99.760
 103     0.004469    99.885     0.009776    99.720    99.760
 104     0.004148    99.877     0.009765    99.730    99.760
 105     0.003818    99.890     0.010352    99.730    99.760
 106     0.005105    99.865     0.011100    99.710    99.760
 107     0.004840    99.857     0.011760    99.730    99.760
 108     0.004665    99.857     0.011890    99.740    99.760
 109     0.004319    99.868     0.011316    99.720    99.760
 110     0.004626    99.887     0.011373    99.750    99.760
 111     0.004591    99.858     0.010952    99.730    99.760
 112     0.004370    99.873     0.010189    99.710    99.760
 113     0.004578    99.872     0.010349    99.700    99.760
 114     0.003707    99.892     0.010784    99.720    99.760
 115     0.003552    99.895     0.011399    99.750    99.760
 116     0.003475    99.892     0.012098    99.720    99.760
 117     0.004357    99.873     0.011551    99.710    99.760
 118     0.003397    99.912     0.011927    99.710    99.760
 119     0.002987    99.908     0.012040    99.720    99.760
 120     0.003484    99.915     0.011675    99.690    99.760
 121     0.003256    99.908     0.011885    99.700    99.760
 122     0.003405    99.905     0.012083    99.730    99.760
 123     0.003649    99.895     0.010418    99.690    99.760
 124     0.003435    99.907     0.010753    99.730    99.760
 125     0.003518    99.885     0.012080    99.660    99.760
 126     0.003790    99.890     0.011497    99.690    99.760
 127     0.003753    99.907     0.012085    99.670    99.760
 128     0.003111    99.902     0.012371    99.680    99.760
 129     0.002827    99.920     0.011419    99.710    99.760
 130     0.002416    99.923     0.011682    99.690    99.760
 131     0.003341    99.908     0.011565    99.700    99.760
 132     0.003083    99.898     0.011090    99.730    99.760
 133     0.003269    99.905     0.011010    99.750    99.760
 134     0.002993    99.903     0.011099    99.700    99.760
 135     0.002763    99.920     0.011429    99.710    99.760
 136     0.002646    99.928     0.011970    99.720    99.760
 137     0.002456    99.932     0.011560    99.710    99.760
 138     0.002522    99.933     0.012647    99.690    99.760
 139     0.002550    99.933     0.012111    99.690    99.760
 140     0.003046    99.922     0.012428    99.690    99.760
 141     0.002438    99.928     0.012755    99.670    99.760
 142     0.002284    99.937     0.012804    99.700    99.760
 143     0.002366    99.938     0.012746    99.720    99.760
 144     0.002745    99.923     0.012891    99.700    99.760
 145     0.002688    99.922     0.012470    99.680    99.760
 146     0.002417    99.942     0.011868    99.700    99.760
 147     0.002433    99.930     0.012109    99.710    99.760
 148     0.002063    99.942     0.012579    99.710    99.760
 149     0.002862    99.917     0.012125    99.730    99.760
