   0     0.550523    88.695     0.118897    98.860    98.860
   1     0.206197    96.875     0.101237    98.800    98.860
   2     0.140825    97.488     0.065862    98.800    98.860
   3     0.109903    97.810     0.039677    99.330    99.330
   4     0.094456    97.970     0.037299    99.270    99.330
   5     0.081586    98.192     0.048406    99.180    99.330
   6     0.072136    98.270     0.041554    99.010    99.330
   7     0.065598    98.357     0.046063    99.200    99.330
   8     0.061273    98.512     0.028484    99.410    99.410
   9     0.056054    98.575     0.029770    99.290    99.410
  10     0.055463    98.547     0.024077    99.350    99.410
  11     0.051021    98.648     0.027655    99.380    99.410
  12     0.049087    98.717     0.038963    99.050    99.410
  13     0.049057    98.648     0.026244    99.450    99.450
  14     0.044112    98.805     0.023160    99.340    99.450
  15     0.042317    98.835     0.030297    99.140    99.450
  16     0.042402    98.820     0.022113    99.390    99.450
  17     0.040117    98.928     0.021868    99.390    99.450
  18     0.036337    99.002     0.017391    99.460    99.460
  19     0.036326    98.987     0.016649    99.500    99.500
  20     0.034655    99.088     0.041705    99.030    99.500
  21     0.032012    99.113     0.025106    99.280    99.500
  22     0.032803    99.092     0.017848    99.520    99.520
  23     0.031798    99.105     0.018747    99.500    99.520
  24     0.028597    99.225     0.014296    99.590    99.590
  25     0.028503    99.215     0.012352    99.620    99.620
  26     0.027687    99.222     0.012204    99.640    99.640
  27     0.026076    99.282     0.014521    99.530    99.640
  28     0.025328    99.285     0.013564    99.590    99.640
  29     0.025500    99.275     0.012289    99.720    99.720
  30     0.024360    99.315     0.018221    99.520    99.720
  31     0.022429    99.383     0.011796    99.650    99.720
  32     0.022698    99.353     0.012738    99.600    99.720
  33     0.023074    99.343     0.012279    99.590    99.720
  34     0.021598    99.385     0.014076    99.670    99.720
  35     0.020321    99.422     0.011637    99.660    99.720
  36     0.021125    99.363     0.011499    99.600    99.720
  37     0.020502    99.448     0.013954    99.590    99.720
  38     0.019432    99.438     0.011167    99.620    99.720
  39     0.018910    99.468     0.013396    99.530    99.720
  40     0.017029    99.517     0.011528    99.650    99.720
  41     0.018982    99.418     0.011495    99.700    99.720
  42     0.016681    99.520     0.009237    99.710    99.720
  43     0.015403    99.565     0.011622    99.660    99.720
  44     0.016899    99.498     0.009757    99.690    99.720
  45     0.015819    99.550     0.011942    99.680    99.720
  46     0.015093    99.537     0.011628    99.670    99.720
  47     0.013878    99.583     0.010526    99.650    99.720
  48     0.014306    99.583     0.010139    99.680    99.720
  49     0.012891    99.648     0.009687    99.690    99.720
  50     0.013802    99.603     0.012327    99.660    99.720
  51     0.014118    99.608     0.011848    99.670    99.720
  52     0.013544    99.608     0.011162    99.630    99.720
  53     0.012165    99.632     0.012185    99.640    99.720
  54     0.012843    99.628     0.012130    99.670    99.720
  55     0.013055    99.627     0.010465    99.670    99.720
  56     0.011516    99.657     0.013285    99.680    99.720
  57     0.011726    99.680     0.012084    99.710    99.720
  58     0.012068    99.660     0.013052    99.630    99.720
  59     0.012586    99.658     0.010234    99.680    99.720
  60     0.010374    99.700     0.012977    99.680    99.720
  61     0.010675    99.688     0.012401    99.670    99.720
  62     0.009153    99.732     0.013178    99.680    99.720
  63     0.010607    99.717     0.011118    99.700    99.720
  64     0.010155    99.703     0.012574    99.660    99.720
  65     0.009544    99.702     0.010162    99.680    99.720
  66     0.008805    99.745     0.010228    99.720    99.720
  67     0.009106    99.745     0.010385    99.740    99.740
  68     0.009342    99.763     0.011106    99.690    99.740
  69     0.008051    99.775     0.010941    99.700    99.740
  70     0.009231    99.735     0.012132    99.670    99.740
  71     0.009393    99.717     0.010351    99.720    99.740
  72     0.008266    99.772     0.011705    99.670    99.740
  73     0.007544    99.795     0.010520    99.670    99.740
  74     0.008052    99.760     0.010830    99.700    99.740
  75     0.007941    99.777     0.010866    99.670    99.740
  76     0.008930    99.757     0.009990    99.670    99.740
  77     0.006707    99.812     0.009913    99.680    99.740
  78     0.006754    99.803     0.012043    99.650    99.740
  79     0.007084    99.785     0.010983    99.670    99.740
  80     0.006796    99.810     0.011075    99.660    99.740
  81     0.006896    99.802     0.009590    99.730    99.740
  82     0.007034    99.798     0.009871    99.700    99.740
  83     0.006887    99.788     0.010942    99.700    99.740
  84     0.006641    99.813     0.009964    99.710    99.740
  85     0.006228    99.807     0.010561    99.720    99.740
  86     0.006378    99.802     0.008768    99.710    99.740
  87     0.006029    99.842     0.009946    99.660    99.740
  88     0.005971    99.827     0.009606    99.700    99.740
  89     0.005295    99.838     0.012072    99.650    99.740
  90     0.005997    99.813     0.009560    99.680    99.740
  91     0.005424    99.837     0.009579    99.660    99.740
  92     0.005595    99.835     0.009684    99.680    99.740
  93     0.005927    99.820     0.009271    99.690    99.740
  94     0.005045    99.858     0.009755    99.720    99.740
  95     0.004374    99.878     0.009793    99.700    99.740
  96     0.004876    99.863     0.010073    99.720    99.740
  97     0.005092    99.865     0.010492    99.720    99.740
  98     0.004632    99.885     0.011083    99.680    99.740
  99     0.004341    99.868     0.010789    99.700    99.740
 100     0.004453    99.878     0.011619    99.650    99.740
 101     0.005357    99.842     0.011130    99.710    99.740
 102     0.004485    99.865     0.011082    99.710    99.740
 103     0.004073    99.873     0.009866    99.700    99.740
 104     0.003960    99.898     0.009713    99.680    99.740
 105     0.004581    99.875     0.008896    99.700    99.740
 106     0.004526    99.868     0.009391    99.670    99.740
 107     0.003959    99.898     0.010711    99.650    99.740
 108     0.003958    99.877     0.010184    99.660    99.740
 109     0.003779    99.900     0.009931    99.680    99.740
 110     0.004080    99.885     0.010755    99.670    99.740
 111     0.003573    99.903     0.010214    99.710    99.740
 112     0.004103    99.878     0.011081    99.710    99.740
 113     0.003855    99.898     0.011937    99.690    99.740
 114     0.003425    99.908     0.010569    99.690    99.740
 115     0.003388    99.910     0.010927    99.690    99.740
 116     0.003150    99.908     0.010961    99.670    99.740
 117     0.003901    99.900     0.010394    99.720    99.740
 118     0.004109    99.893     0.010215    99.680    99.740
 119     0.003674    99.897     0.010403    99.700    99.740
 120     0.002908    99.923     0.010599    99.730    99.740
 121     0.004128    99.900     0.011718    99.650    99.740
 122     0.003000    99.902     0.011233    99.680    99.740
 123     0.003618    99.900     0.011143    99.720    99.740
 124     0.003300    99.913     0.010418    99.720    99.740
 125     0.003920    99.885     0.009978    99.710    99.740
 126     0.003096    99.902     0.009761    99.700    99.740
 127     0.002714    99.920     0.010057    99.740    99.740
 128     0.002551    99.928     0.010584    99.720    99.740
 129     0.003189    99.918     0.011249    99.720    99.740
 130     0.002842    99.913     0.011825    99.700    99.740
 131     0.002666    99.932     0.011631    99.660    99.740
 132     0.002108    99.942     0.011788    99.670    99.740
 133     0.002632    99.923     0.012252    99.700    99.740
 134     0.002620    99.935     0.011531    99.710    99.740
 135     0.002638    99.932     0.011415    99.680    99.740
 136     0.002852    99.920     0.011293    99.690    99.740
 137     0.002956    99.918     0.010478    99.730    99.740
 138     0.002428    99.935     0.010168    99.750    99.750
 139     0.003198    99.898     0.010090    99.720    99.750
 140     0.002452    99.938     0.010005    99.720    99.750
 141     0.002860    99.925     0.010393    99.730    99.750
 142     0.002816    99.925     0.010109    99.720    99.750
 143     0.002524    99.933     0.010780    99.740    99.750
 144     0.002509    99.933     0.011322    99.710    99.750
 145     0.003227    99.902     0.010298    99.740    99.750
 146     0.002901    99.915     0.010905    99.720    99.750
 147     0.002811    99.932     0.011365    99.720    99.750
 148     0.002366    99.937     0.010742    99.730    99.750
 149     0.002648    99.917     0.011009    99.730    99.750
