   0     0.527203    90.330     0.132664    99.040    99.040
   1     0.204428    97.112     0.073373    99.020    99.040
   2     0.138160    97.697     0.053283    99.170    99.170
   3     0.103675    98.135     0.044682    99.330    99.330
   4     0.091858    98.108     0.047786    99.310    99.330
   5     0.074351    98.348     0.025948    99.510    99.510
   6     0.069320    98.397     0.045831    99.130    99.510
   7     0.062664    98.488     0.031298    99.340    99.510
   8     0.056152    98.623     0.030095    99.390    99.510
   9     0.052104    98.687     0.023272    99.450    99.510
  10     0.051203    98.685     0.034620    99.240    99.510
  11     0.047114    98.747     0.025842    99.280    99.510
  12     0.045619    98.788     0.019169    99.660    99.660
  13     0.040502    98.945     0.034367    99.050    99.660
  14     0.039736    98.917     0.020439    99.390    99.660
  15     0.038598    98.910     0.020926    99.480    99.660
  16     0.037190    99.028     0.016941    99.560    99.660
  17     0.035955    99.027     0.022454    99.370    99.660
  18     0.033006    99.103     0.025786    99.330    99.660
  19     0.031646    99.107     0.016776    99.610    99.660
  20     0.031146    99.122     0.016770    99.620    99.660
  21     0.029429    99.175     0.022835    99.360    99.660
  22     0.027946    99.208     0.012842    99.630    99.660
  23     0.028089    99.153     0.015276    99.630    99.660
  24     0.028175    99.187     0.013314    99.620    99.660
  25     0.025679    99.245     0.014895    99.590    99.660
  26     0.025065    99.278     0.009945    99.710    99.710
  27     0.024032    99.318     0.011648    99.670    99.710
  28     0.022462    99.372     0.011549    99.740    99.740
  29     0.021697    99.357     0.012037    99.680    99.740
  30     0.022146    99.348     0.015808    99.570    99.740
  31     0.022681    99.342     0.011926    99.700    99.740
  32     0.020764    99.402     0.010822    99.720    99.740
  33     0.019749    99.432     0.011914    99.680    99.740
  34     0.020096    99.417     0.009119    99.700    99.740
  35     0.019521    99.430     0.009289    99.730    99.740
  36     0.020209    99.405     0.010075    99.700    99.740
  37     0.017603    99.473     0.012190    99.630    99.740
  38     0.018397    99.472     0.008972    99.780    99.780
  39     0.017435    99.457     0.015439    99.520    99.780
  40     0.016620    99.522     0.009656    99.690    99.780
  41     0.015746    99.510     0.009822    99.740    99.780
  42     0.016455    99.508     0.008798    99.760    99.780
  43     0.014955    99.587     0.008778    99.750    99.780
  44     0.014496    99.580     0.010146    99.720    99.780
  45     0.014129    99.553     0.010555    99.700    99.780
  46     0.013650    99.607     0.008695    99.740    99.780
  47     0.012763    99.633     0.011331    99.700    99.780
  48     0.014805    99.557     0.011462    99.680    99.780
  49     0.013558    99.600     0.010417    99.740    99.780
  50     0.012841    99.612     0.013736    99.530    99.780
  51     0.012876    99.638     0.012284    99.700    99.780
  52     0.012208    99.628     0.010005    99.730    99.780
  53     0.012171    99.645     0.010647    99.690    99.780
  54     0.011647    99.657     0.010739    99.710    99.780
  55     0.011771    99.623     0.009921    99.730    99.780
  56     0.011027    99.672     0.008984    99.750    99.780
  57     0.009820    99.708     0.012222    99.700    99.780
  58     0.010525    99.680     0.012084    99.660    99.780
  59     0.010128    99.703     0.012693    99.650    99.780
  60     0.009664    99.720     0.010537    99.680    99.780
  61     0.010277    99.683     0.012125    99.720    99.780
  62     0.009588    99.710     0.009847    99.710    99.780
  63     0.009731    99.725     0.010439    99.720    99.780
  64     0.009584    99.727     0.010900    99.720    99.780
  65     0.009471    99.720     0.012018    99.660    99.780
  66     0.008717    99.743     0.009516    99.740    99.780
  67     0.008397    99.750     0.010199    99.710    99.780
  68     0.008835    99.728     0.009009    99.740    99.780
  69     0.008005    99.755     0.009441    99.710    99.780
  70     0.008600    99.745     0.009660    99.770    99.780
  71     0.008017    99.762     0.009369    99.760    99.780
  72     0.007675    99.773     0.008931    99.710    99.780
  73     0.008314    99.757     0.011593    99.660    99.780
  74     0.007583    99.785     0.011241    99.690    99.780
  75     0.008480    99.738     0.009081    99.750    99.780
  76     0.007207    99.800     0.009689    99.790    99.790
  77     0.006962    99.807     0.008483    99.780    99.790
  78     0.006990    99.793     0.009958    99.720    99.790
  79     0.007208    99.803     0.009682    99.750    99.790
  80     0.006563    99.798     0.011228    99.730    99.790
  81     0.006777    99.788     0.009322    99.760    99.790
  82     0.005978    99.828     0.010313    99.670    99.790
  83     0.006174    99.822     0.008897    99.750    99.790
  84     0.006339    99.812     0.009960    99.760    99.790
  85     0.006033    99.810     0.009998    99.720    99.790
  86     0.006242    99.823     0.010938    99.700    99.790
  87     0.005938    99.835     0.009276    99.710    99.790
  88     0.006352    99.808     0.010852    99.690    99.790
  89     0.006024    99.815     0.008985    99.750    99.790
  90     0.005639    99.848     0.012615    99.700    99.790
  91     0.005451    99.842     0.011456    99.720    99.790
  92     0.005451    99.833     0.009167    99.770    99.790
  93     0.005175    99.832     0.008855    99.790    99.790
  94     0.005500    99.852     0.008969    99.790    99.790
  95     0.005742    99.847     0.009633    99.750    99.790
  96     0.005882    99.832     0.009114    99.720    99.790
  97     0.005390    99.855     0.009601    99.780    99.790
  98     0.005690    99.825     0.010092    99.760    99.790
  99     0.005111    99.865     0.010803    99.760    99.790
 100     0.005244    99.843     0.009583    99.730    99.790
 101     0.004891    99.862     0.009252    99.770    99.790
 102     0.004169    99.870     0.009807    99.790    99.790
 103     0.004753    99.860     0.009897    99.740    99.790
 104     0.005956    99.813     0.008877    99.740    99.790
 105     0.004299    99.880     0.009603    99.740    99.790
 106     0.004260    99.877     0.010199    99.720    99.790
 107     0.004718    99.868     0.010714    99.740    99.790
 108     0.003940    99.888     0.012167    99.660    99.790
 109     0.004170    99.890     0.010643    99.750    99.790
 110     0.004488    99.880     0.010618    99.730    99.790
 111     0.004019    99.890     0.011090    99.710    99.790
 112     0.004218    99.882     0.010525    99.740    99.790
 113     0.004114    99.887     0.010374    99.750    99.790
 114     0.003896    99.873     0.010170    99.750    99.790
 115     0.003943    99.902     0.009781    99.750    99.790
 116     0.004248    99.877     0.010132    99.790    99.790
 117     0.004481    99.868     0.009880    99.770    99.790
 118     0.004258    99.860     0.010991    99.740    99.790
 119     0.003977    99.890     0.009721    99.790    99.790
 120     0.004030    99.863     0.010601    99.740    99.790
 121     0.003580    99.915     0.013153    99.650    99.790
 122     0.003502    99.893     0.011228    99.710    99.790
 123     0.003863    99.905     0.010794    99.700    99.790
 124     0.003824    99.887     0.011852    99.640    99.790
 125     0.003001    99.918     0.011208    99.690    99.790
 126     0.003191    99.905     0.011187    99.670    99.790
 127     0.003385    99.898     0.010569    99.720    99.790
 128     0.003445    99.905     0.010653    99.660    99.790
 129     0.003511    99.905     0.010601    99.730    99.790
 130     0.002989    99.915     0.011656    99.700    99.790
 131     0.003209    99.907     0.010052    99.720    99.790
 132     0.002954    99.912     0.010448    99.710    99.790
 133     0.003047    99.927     0.011136    99.700    99.790
 134     0.003179    99.913     0.010501    99.700    99.790
 135     0.003581    99.902     0.010330    99.730    99.790
 136     0.003078    99.910     0.010301    99.720    99.790
 137     0.002903    99.927     0.010475    99.760    99.790
 138     0.003489    99.908     0.011665    99.740    99.790
 139     0.003428    99.915     0.011113    99.700    99.790
 140     0.002933    99.908     0.011539    99.700    99.790
 141     0.003311    99.905     0.011584    99.700    99.790
 142     0.002932    99.928     0.010982    99.750    99.790
 143     0.002994    99.905     0.010713    99.720    99.790
 144     0.002950    99.922     0.010389    99.770    99.790
 145     0.002674    99.933     0.011221    99.750    99.790
 146     0.003057    99.897     0.010199    99.750    99.790
 147     0.002820    99.933     0.010042    99.740    99.790
 148     0.002953    99.908     0.010146    99.730    99.790
 149     0.002747    99.932     0.010917    99.710    99.790
