   0     0.647335    88.555     0.251432    97.830    97.830
   1     0.284228    96.145     0.172319    98.530    98.530
   2     0.194009    97.048     0.132306    98.630    98.630
   3     0.153455    97.283     0.203063    95.850    98.630
   4     0.125550    97.562     0.107891    98.590    98.630
   5     0.110044    97.808     0.069352    98.920    98.920
   6     0.097223    97.875     0.076319    98.530    98.920
   7     0.088141    98.040     0.088471    98.500    98.920
   8     0.083034    98.030     0.049063    99.260    99.260
   9     0.074367    98.230     0.094255    97.720    99.260
  10     0.069121    98.333     0.048804    98.980    99.260
  11     0.064695    98.422     0.043468    99.120    99.260
  12     0.061823    98.388     0.079922    97.920    99.260
  13     0.058733    98.458     0.094899    97.120    99.260
  14     0.058400    98.435     0.035797    99.170    99.260
  15     0.053985    98.515     0.103488    97.540    99.260
  16     0.052682    98.590     0.050389    98.760    99.260
  17     0.050014    98.623     0.130428    96.110    99.260
  18     0.048788    98.655     0.035911    99.120    99.260
  19     0.046297    98.703     0.113869    96.830    99.260
  20     0.045942    98.652     0.028368    99.230    99.260
  21     0.042109    98.800     0.031607    99.080    99.260
  22     0.042353    98.808     0.033780    99.020    99.260
  23     0.041867    98.863     0.058251    98.120    99.260
  24     0.042564    98.760     0.042714    99.130    99.260
  25     0.040846    98.798     0.028348    99.170    99.260
  26     0.038535    98.870     0.017211    99.540    99.540
  27     0.037576    98.913     0.028755    99.240    99.540
  28     0.036764    98.907     0.034225    98.890    99.540
  29     0.035216    99.038     0.025091    99.280    99.540
  30     0.034686    99.033     0.029597    99.100    99.540
  31     0.034854    99.002     0.018121    99.430    99.540
  32     0.033631    99.017     0.030211    99.160    99.540
  33     0.033679    99.015     0.037942    98.980    99.540
  34     0.032544    99.050     0.017854    99.500    99.540
  35     0.030980    99.095     0.024363    99.270    99.540
  36     0.031576    99.068     0.022800    99.320    99.540
  37     0.031500    99.067     0.020995    99.310    99.540
  38     0.029649    99.158     0.023744    99.270    99.540
  39     0.029762    99.088     0.018343    99.410    99.540
  40     0.029072    99.152     0.019937    99.370    99.540
  41     0.028064    99.162     0.019621    99.430    99.540
  42     0.028197    99.177     0.027825    99.170    99.540
  43     0.028948    99.148     0.019881    99.380    99.540
  44     0.026713    99.198     0.027535    99.130    99.540
  45     0.027163    99.245     0.017748    99.510    99.540
  46     0.027744    99.198     0.031866    99.170    99.540
  47     0.025564    99.250     0.022700    99.270    99.540
  48     0.025545    99.267     0.027924    99.270    99.540
  49     0.024757    99.292     0.060702    98.360    99.540
  50     0.025440    99.257     0.019213    99.390    99.540
  51     0.023645    99.297     0.015013    99.460    99.540
  52     0.024170    99.303     0.036518    98.810    99.540
  53     0.024067    99.295     0.015379    99.540    99.540
  54     0.024255    99.310     0.015054    99.540    99.540
  55     0.023374    99.322     0.015055    99.500    99.540
  56     0.023804    99.312     0.018834    99.430    99.540
  57     0.021720    99.383     0.027546    99.030    99.540
  58     0.021820    99.350     0.021573    99.370    99.540
  59     0.021876    99.373     0.014929    99.470    99.540
  60     0.021132    99.392     0.021643    99.460    99.540
  61     0.021394    99.400     0.020754    99.430    99.540
  62     0.020752    99.383     0.018516    99.510    99.540
  63     0.020718    99.413     0.019174    99.400    99.540
  64     0.022508    99.290     0.022375    99.340    99.540
  65     0.021361    99.338     0.017831    99.410    99.540
  66     0.020448    99.408     0.022779    99.290    99.540
  67     0.020326    99.448     0.019588    99.420    99.540
  68     0.019599    99.407     0.016747    99.450    99.540
  69     0.019721    99.437     0.017912    99.430    99.540
  70     0.020092    99.383     0.017025    99.400    99.540
  71     0.019088    99.455     0.015934    99.520    99.540
  72     0.018349    99.493     0.017615    99.400    99.540
  73     0.018863    99.442     0.018217    99.350    99.540
  74     0.018636    99.465     0.020395    99.370    99.540
  75     0.018496    99.458     0.016250    99.410    99.540
  76     0.018784    99.422     0.017056    99.440    99.540
  77     0.018376    99.452     0.018753    99.460    99.540
  78     0.017561    99.513     0.014533    99.450    99.540
  79     0.016671    99.528     0.015161    99.440    99.540
  80     0.016990    99.505     0.017481    99.420    99.540
  81     0.017662    99.487     0.018512    99.430    99.540
  82     0.017439    99.488     0.015631    99.470    99.540
  83     0.016896    99.472     0.014969    99.470    99.540
  84     0.016423    99.518     0.015685    99.460    99.540
  85     0.015941    99.522     0.017565    99.470    99.540
  86     0.016829    99.538     0.016995    99.480    99.540
  87     0.017057    99.480     0.016451    99.410    99.540
  88     0.016662    99.513     0.015691    99.480    99.540
  89     0.017188    99.537     0.014318    99.540    99.540
  90     0.015793    99.542     0.017854    99.540    99.540
  91     0.015761    99.565     0.015345    99.530    99.540
  92     0.016444    99.558     0.014013    99.510    99.540
  93     0.014990    99.583     0.015033    99.500    99.540
  94     0.015345    99.573     0.014211    99.530    99.540
  95     0.014763    99.543     0.014327    99.560    99.560
  96     0.015586    99.552     0.014307    99.540    99.560
  97     0.015912    99.550     0.015560    99.460    99.560
  98     0.014857    99.557     0.015115    99.500    99.560
  99     0.015264    99.540     0.014904    99.460    99.560
 100     0.015086    99.557     0.016426    99.440    99.560
 101     0.015058    99.565     0.015400    99.480    99.560
 102     0.014148    99.610     0.018242    99.410    99.560
 103     0.014797    99.577     0.016509    99.470    99.560
 104     0.014763    99.565     0.014873    99.540    99.560
 105     0.013388    99.635     0.014011    99.560    99.560
 106     0.014494    99.577     0.015077    99.540    99.560
 107     0.014291    99.563     0.014354    99.480    99.560
 108     0.014022    99.605     0.016357    99.480    99.560
 109     0.014220    99.602     0.013746    99.570    99.570
 110     0.013834    99.613     0.014875    99.490    99.570
 111     0.013561    99.615     0.014233    99.550    99.570
 112     0.013154    99.647     0.013715    99.600    99.600
 113     0.013655    99.613     0.014629    99.530    99.600
 114     0.012798    99.648     0.013614    99.580    99.600
 115     0.013874    99.612     0.014980    99.500    99.600
 116     0.013697    99.627     0.016211    99.490    99.600
 117     0.013604    99.612     0.014688    99.530    99.600
 118     0.013565    99.623     0.013463    99.580    99.600
 119     0.012975    99.608     0.013655    99.590    99.600
 120     0.013100    99.648     0.014337    99.530    99.600
 121     0.013440    99.630     0.015476    99.500    99.600
 122     0.013268    99.615     0.016228    99.530    99.600
 123     0.013331    99.622     0.014897    99.550    99.600
 124     0.012861    99.638     0.014268    99.550    99.600
 125     0.012602    99.643     0.014849    99.490    99.600
 126     0.011490    99.657     0.016176    99.520    99.600
 127     0.013108    99.603     0.015526    99.500    99.600
 128     0.012527    99.647     0.017262    99.460    99.600
 129     0.012348    99.650     0.013609    99.550    99.600
 130     0.012536    99.637     0.016005    99.400    99.600
 131     0.012862    99.633     0.015140    99.520    99.600
 132     0.012466    99.680     0.014336    99.570    99.600
 133     0.012703    99.645     0.014913    99.530    99.600
 134     0.011970    99.647     0.014484    99.550    99.600
 135     0.011664    99.680     0.014776    99.550    99.600
 136     0.012604    99.652     0.014893    99.490    99.600
 137     0.012349    99.637     0.015249    99.460    99.600
 138     0.012388    99.623     0.015544    99.520    99.600
 139     0.011852    99.695     0.014421    99.490    99.600
 140     0.011691    99.650     0.014232    99.540    99.600
 141     0.011856    99.662     0.014870    99.490    99.600
 142     0.012205    99.667     0.014405    99.520    99.600
 143     0.012270    99.655     0.015198    99.500    99.600
 144     0.011657    99.705     0.016062    99.460    99.600
 145     0.011886    99.675     0.015332    99.520    99.600
 146     0.011111    99.712     0.014902    99.490    99.600
 147     0.011394    99.668     0.013880    99.540    99.600
 148     0.011702    99.672     0.013697    99.530    99.600
 149     0.011170    99.718     0.014031    99.530    99.600
