   0     0.641979    88.673     0.254866    97.760    97.760
   1     0.281977    96.248     0.275097    96.370    97.760
   2     0.193172    97.118     0.155546    97.990    97.990
   3     0.150072    97.387     0.099714    98.670    98.670
   4     0.124161    97.683     0.135547    98.080    98.670
   5     0.107426    97.818     0.090928    98.110    98.670
   6     0.096105    97.952     0.179419    94.820    98.670
   7     0.087784    97.950     0.063559    98.750    98.750
   8     0.077049    98.167     0.074394    98.510    98.750
   9     0.072548    98.295     0.381428    83.260    98.750
  10     0.069128    98.260     0.047637    99.000    99.000
  11     0.064485    98.342     0.031446    99.300    99.300
  12     0.060726    98.420     0.038566    99.190    99.300
  13     0.058675    98.450     0.047244    98.930    99.300
  14     0.055256    98.520     0.037590    99.050    99.300
  15     0.053482    98.568     0.139751    96.130    99.300
  16     0.050126    98.660     0.032282    99.150    99.300
  17     0.050796    98.618     0.051117    98.930    99.300
  18     0.050072    98.630     0.164838    95.310    99.300
  19     0.047190    98.645     0.086494    97.380    99.300
  20     0.045183    98.735     0.039806    99.010    99.300
  21     0.044240    98.730     0.037194    99.180    99.300
  22     0.043037    98.777     0.031348    99.130    99.300
  23     0.040520    98.863     0.025680    99.280    99.300
  24     0.040401    98.895     0.028899    99.240    99.300
  25     0.041069    98.755     0.032878    99.200    99.300
  26     0.038154    98.932     0.022784    99.390    99.390
  27     0.037455    98.895     0.022873    99.300    99.390
  28     0.037578    98.908     0.037555    98.960    99.390
  29     0.034372    99.002     0.032569    99.070    99.390
  30     0.035486    98.965     0.033612    98.950    99.390
  31     0.034942    98.993     0.019763    99.410    99.410
  32     0.032656    99.043     0.036827    98.990    99.410
  33     0.034150    99.047     0.028952    99.160    99.410
  34     0.032166    99.032     0.018992    99.430    99.430
  35     0.032599    99.063     0.017406    99.350    99.430
  36     0.031414    99.090     0.026358    99.240    99.430
  37     0.030003    99.103     0.087415    97.480    99.430
  38     0.029724    99.122     0.025496    99.260    99.430
  39     0.029294    99.157     0.035020    99.110    99.430
  40     0.028814    99.167     0.041168    98.970    99.430
  41     0.027506    99.163     0.015164    99.560    99.560
  42     0.027817    99.203     0.025365    99.280    99.560
  43     0.026964    99.238     0.054037    98.710    99.560
  44     0.026114    99.262     0.023005    99.360    99.560
  45     0.026373    99.212     0.023691    99.230    99.560
  46     0.026578    99.265     0.019934    99.360    99.560
  47     0.025287    99.275     0.016102    99.520    99.560
  48     0.026500    99.212     0.016342    99.560    99.560
  49     0.024843    99.328     0.021269    99.320    99.560
  50     0.024141    99.280     0.027799    99.230    99.560
  51     0.025501    99.250     0.016672    99.500    99.560
  52     0.023323    99.280     0.021315    99.400    99.560
  53     0.024149    99.285     0.016094    99.460    99.560
  54     0.023273    99.302     0.016687    99.450    99.560
  55     0.021570    99.388     0.015726    99.550    99.560
  56     0.022371    99.345     0.021596    99.370    99.560
  57     0.022352    99.365     0.028296    99.300    99.560
  58     0.021489    99.378     0.016997    99.490    99.560
  59     0.020981    99.407     0.019715    99.350    99.560
  60     0.021293    99.390     0.016347    99.450    99.560
  61     0.021406    99.362     0.020748    99.410    99.560
  62     0.021460    99.388     0.016362    99.480    99.560
  63     0.021025    99.408     0.016761    99.450    99.560
  64     0.019765    99.433     0.018623    99.460    99.560
  65     0.020026    99.418     0.016261    99.470    99.560
  66     0.019007    99.450     0.018274    99.460    99.560
  67     0.019738    99.452     0.017225    99.460    99.560
  68     0.020471    99.405     0.015353    99.550    99.560
  69     0.019768    99.407     0.017204    99.400    99.560
  70     0.018651    99.495     0.014387    99.540    99.560
  71     0.019442    99.415     0.016954    99.420    99.560
  72     0.018500    99.473     0.026887    99.150    99.560
  73     0.018083    99.467     0.017415    99.480    99.560
  74     0.018651    99.455     0.016255    99.530    99.560
  75     0.018130    99.462     0.016985    99.550    99.560
  76     0.017340    99.517     0.014520    99.530    99.560
  77     0.017345    99.492     0.015552    99.550    99.560
  78     0.018006    99.463     0.013753    99.580    99.580
  79     0.017863    99.462     0.013671    99.560    99.580
  80     0.017211    99.477     0.015806    99.550    99.580
  81     0.017120    99.490     0.015913    99.500    99.580
  82     0.017360    99.527     0.014307    99.570    99.580
  83     0.015863    99.568     0.014827    99.580    99.580
  84     0.016274    99.542     0.013773    99.590    99.590
  85     0.017265    99.508     0.016918    99.490    99.590
  86     0.016462    99.545     0.012320    99.640    99.640
  87     0.016624    99.502     0.014295    99.610    99.640
  88     0.015321    99.548     0.013010    99.540    99.640
  89     0.014868    99.567     0.018296    99.430    99.640
  90     0.015672    99.512     0.014831    99.580    99.640
  91     0.016051    99.533     0.012812    99.550    99.640
  92     0.014577    99.557     0.013661    99.610    99.640
  93     0.015408    99.567     0.013670    99.590    99.640
  94     0.015184    99.602     0.013686    99.590    99.640
  95     0.014908    99.558     0.016231    99.510    99.640
  96     0.015015    99.570     0.018993    99.460    99.640
  97     0.015880    99.533     0.016982    99.470    99.640
  98     0.015555    99.555     0.012859    99.600    99.640
  99     0.015295    99.547     0.014392    99.480    99.640
 100     0.013641    99.610     0.014339    99.550    99.640
 101     0.014896    99.587     0.014143    99.540    99.640
 102     0.013642    99.592     0.014077    99.570    99.640
 103     0.014599    99.588     0.012689    99.610    99.640
 104     0.013816    99.615     0.014551    99.580    99.640
 105     0.013834    99.625     0.014336    99.580    99.640
 106     0.013529    99.602     0.013971    99.600    99.640
 107     0.014491    99.573     0.015174    99.520    99.640
 108     0.014437    99.573     0.016247    99.510    99.640
 109     0.013460    99.602     0.013902    99.620    99.640
 110     0.014801    99.588     0.013592    99.600    99.640
 111     0.013106    99.633     0.013546    99.580    99.640
 112     0.013539    99.608     0.014029    99.550    99.640
 113     0.012665    99.658     0.013401    99.610    99.640
 114     0.014548    99.572     0.013407    99.570    99.640
 115     0.012828    99.627     0.013538    99.600    99.640
 116     0.012883    99.627     0.013271    99.610    99.640
 117     0.013062    99.617     0.013470    99.590    99.640
 118     0.013080    99.648     0.014998    99.500    99.640
 119     0.012910    99.650     0.014150    99.620    99.640
 120     0.012241    99.668     0.014814    99.570    99.640
 121     0.012595    99.618     0.015544    99.540    99.640
 122     0.011679    99.662     0.016518    99.510    99.640
 123     0.012081    99.668     0.014535    99.580    99.640
 124     0.012378    99.662     0.014941    99.620    99.640
 125     0.012203    99.637     0.013516    99.610    99.640
 126     0.011565    99.667     0.013783    99.610    99.640
 127     0.012992    99.652     0.015647    99.510    99.640
 128     0.013133    99.612     0.015529    99.590    99.640
 129     0.011377    99.680     0.013028    99.570    99.640
 130     0.011693    99.647     0.014015    99.560    99.640
 131     0.012199    99.700     0.013877    99.600    99.640
 132     0.012297    99.640     0.015426    99.540    99.640
 133     0.012431    99.650     0.013103    99.570    99.640
 134     0.011898    99.663     0.013743    99.590    99.640
 135     0.012482    99.667     0.013085    99.580    99.640
 136     0.011722    99.688     0.014560    99.550    99.640
 137     0.011193    99.677     0.013363    99.610    99.640
 138     0.012258    99.678     0.013094    99.580    99.640
 139     0.011620    99.667     0.014218    99.480    99.640
 140     0.012042    99.670     0.013426    99.600    99.640
 141     0.011439    99.672     0.014205    99.590    99.640
 142     0.010995    99.697     0.013548    99.650    99.650
 143     0.011751    99.645     0.013852    99.590    99.650
 144     0.011169    99.683     0.014356    99.530    99.650
 145     0.011064    99.695     0.013374    99.570    99.650
 146     0.011416    99.645     0.014763    99.560    99.650
 147     0.011734    99.675     0.014289    99.630    99.650
 148     0.011197    99.673     0.013609    99.640    99.650
 149     0.010899    99.720     0.014454    99.550    99.650
