   0     0.646228    88.508     0.245673    98.180    98.180
   1     0.281633    96.167     0.236609    97.110    98.180
   2     0.193887    97.012     0.181592    97.450    98.180
   3     0.152503    97.317     0.098574    98.920    98.920
   4     0.125585    97.663     0.115005    98.650    98.920
   5     0.107991    97.845     0.113346    97.130    98.920
   6     0.095842    97.970     0.063383    98.980    98.980
   7     0.085194    98.095     0.157881    96.050    98.980
   8     0.079930    98.063     0.088936    98.190    98.980
   9     0.073254    98.180     0.113775    97.500    98.980
  10     0.068074    98.308     0.051979    98.810    98.980
  11     0.066285    98.280     0.064833    98.440    98.980
  12     0.062028    98.460     0.049118    98.720    98.980
  13     0.059664    98.403     0.090113    97.570    98.980
  14     0.056510    98.522     0.311373    88.340    98.980
  15     0.053628    98.560     0.127136    96.780    98.980
  16     0.052105    98.632     0.079162    97.860    98.980
  17     0.051462    98.612     0.030284    99.180    99.180
  18     0.049458    98.600     0.143800    95.560    99.180
  19     0.049008    98.593     0.035106    99.120    99.180
  20     0.046004    98.690     0.065771    98.430    99.180
  21     0.044077    98.737     0.028412    99.210    99.210
  22     0.042488    98.807     0.042319    98.880    99.210
  23     0.041758    98.822     0.174314    94.270    99.210
  24     0.040752    98.782     0.049874    98.790    99.210
  25     0.039351    98.870     0.023617    99.330    99.330
  26     0.038301    98.908     0.087930    97.630    99.330
  27     0.036809    98.968     0.023362    99.390    99.390
  28     0.036450    98.943     0.019783    99.400    99.400
  29     0.035603    98.977     0.020371    99.450    99.450
  30     0.037092    98.902     0.034507    99.060    99.450
  31     0.035203    98.975     0.016825    99.540    99.540
  32     0.034692    99.013     0.042517    98.960    99.540
  33     0.031119    99.128     0.024337    99.400    99.540
  34     0.033177    99.030     0.021528    99.440    99.540
  35     0.031623    99.090     0.076634    97.690    99.540
  36     0.031118    99.060     0.025431    99.350    99.540
  37     0.030975    99.112     0.024903    99.250    99.540
  38     0.028607    99.203     0.022020    99.400    99.540
  39     0.029349    99.158     0.025031    99.290    99.540
  40     0.028577    99.188     0.020012    99.440    99.540
  41     0.028246    99.190     0.018430    99.560    99.560
  42     0.028465    99.167     0.016126    99.580    99.580
  43     0.027652    99.218     0.013900    99.610    99.610
  44     0.027304    99.190     0.019831    99.460    99.610
  45     0.026938    99.240     0.019400    99.400    99.610
  46     0.027950    99.177     0.022870    99.310    99.610
  47     0.025723    99.242     0.017699    99.490    99.610
  48     0.026252    99.225     0.046495    98.640    99.610
  49     0.026361    99.195     0.015684    99.590    99.610
  50     0.024471    99.290     0.018638    99.500    99.610
  51     0.025427    99.297     0.019213    99.400    99.610
  52     0.024677    99.293     0.018323    99.430    99.610
  53     0.023339    99.338     0.016246    99.470    99.610
  54     0.024147    99.307     0.025279    99.250    99.610
  55     0.022942    99.307     0.015216    99.520    99.610
  56     0.023133    99.322     0.021969    99.310    99.610
  57     0.022995    99.323     0.020538    99.350    99.610
  58     0.022477    99.347     0.019549    99.370    99.610
  59     0.022415    99.323     0.017894    99.500    99.610
  60     0.021772    99.345     0.016046    99.510    99.610
  61     0.022699    99.332     0.020466    99.370    99.610
  62     0.020583    99.427     0.017288    99.480    99.610
  63     0.020756    99.407     0.022750    99.360    99.610
  64     0.021297    99.365     0.015260    99.530    99.610
  65     0.019595    99.443     0.015575    99.570    99.610
  66     0.020719    99.383     0.017295    99.390    99.610
  67     0.020405    99.378     0.015161    99.560    99.610
  68     0.019507    99.437     0.014441    99.470    99.610
  69     0.020303    99.437     0.017122    99.500    99.610
  70     0.020131    99.403     0.016149    99.550    99.610
  71     0.018863    99.472     0.016430    99.500    99.610
  72     0.020122    99.437     0.014236    99.580    99.610
  73     0.019823    99.442     0.015032    99.550    99.610
  74     0.019613    99.423     0.015667    99.460    99.610
  75     0.019524    99.452     0.015700    99.500    99.610
  76     0.018587    99.438     0.020403    99.450    99.610
  77     0.018948    99.430     0.018021    99.440    99.610
  78     0.016996    99.505     0.022826    99.330    99.610
  79     0.018652    99.427     0.014888    99.510    99.610
  80     0.017182    99.518     0.015377    99.480    99.610
  81     0.015963    99.558     0.016962    99.490    99.610
  82     0.017516    99.477     0.016091    99.470    99.610
  83     0.017564    99.512     0.015101    99.560    99.610
  84     0.016707    99.478     0.020578    99.350    99.610
  85     0.016449    99.557     0.020057    99.300    99.610
  86     0.017448    99.478     0.014883    99.570    99.610
  87     0.016407    99.528     0.014850    99.570    99.610
  88     0.017001    99.498     0.018830    99.420    99.610
  89     0.016414    99.528     0.013985    99.580    99.610
  90     0.016313    99.520     0.015101    99.550    99.610
  91     0.016619    99.517     0.015793    99.520    99.610
  92     0.016041    99.533     0.015075    99.570    99.610
  93     0.016375    99.508     0.016591    99.450    99.610
  94     0.015389    99.523     0.018020    99.450    99.610
  95     0.016024    99.535     0.014446    99.530    99.610
  96     0.016073    99.523     0.017467    99.430    99.610
  97     0.015370    99.565     0.017176    99.500    99.610
  98     0.014807    99.573     0.015389    99.560    99.610
  99     0.014521    99.570     0.015667    99.490    99.610
 100     0.015858    99.545     0.015479    99.530    99.610
 101     0.015079    99.555     0.014941    99.550    99.610
 102     0.014887    99.567     0.017558    99.470    99.610
 103     0.015370    99.540     0.017638    99.480    99.610
 104     0.014342    99.568     0.015465    99.540    99.610
 105     0.014964    99.568     0.015481    99.600    99.610
 106     0.014299    99.570     0.016476    99.500    99.610
 107     0.015229    99.575     0.014628    99.590    99.610
 108     0.014858    99.567     0.017954    99.430    99.610
 109     0.014466    99.588     0.014904    99.500    99.610
 110     0.013529    99.622     0.014667    99.550    99.610
 111     0.014398    99.573     0.014646    99.590    99.610
 112     0.013661    99.608     0.015969    99.510    99.610
 113     0.013475    99.597     0.014743    99.540    99.610
 114     0.014274    99.587     0.013725    99.600    99.610
 115     0.014393    99.585     0.014992    99.600    99.610
 116     0.014937    99.572     0.015720    99.530    99.610
 117     0.013686    99.607     0.015118    99.550    99.610
 118     0.013178    99.632     0.014596    99.490    99.610
 119     0.014268    99.600     0.016427    99.470    99.610
 120     0.013479    99.612     0.014789    99.510    99.610
 121     0.012865    99.663     0.014212    99.550    99.610
 122     0.013049    99.633     0.013829    99.530    99.610
 123     0.012446    99.663     0.014640    99.540    99.610
 124     0.012013    99.650     0.014795    99.570    99.610
 125     0.013521    99.583     0.018478    99.480    99.610
 126     0.013068    99.650     0.018374    99.440    99.610
 127     0.012891    99.635     0.015317    99.510    99.610
 128     0.012965    99.637     0.015788    99.470    99.610
 129     0.012867    99.655     0.014113    99.540    99.610
 130     0.012785    99.597     0.015114    99.530    99.610
 131     0.012658    99.627     0.015524    99.480    99.610
 132     0.013376    99.627     0.014577    99.530    99.610
 133     0.013213    99.600     0.014193    99.580    99.610
 134     0.012706    99.663     0.013955    99.630    99.630
 135     0.012768    99.607     0.013161    99.620    99.630
 136     0.012286    99.655     0.014097    99.570    99.630
 137     0.012529    99.620     0.014616    99.480    99.630
 138     0.011967    99.693     0.013959    99.550    99.630
 139     0.011893    99.635     0.013411    99.630    99.630
 140     0.012281    99.618     0.014856    99.540    99.630
 141     0.012411    99.648     0.015111    99.560    99.630
 142     0.013004    99.617     0.014725    99.560    99.630
 143     0.011485    99.687     0.014340    99.570    99.630
 144     0.012997    99.622     0.013973    99.600    99.630
 145     0.011624    99.660     0.014156    99.560    99.630
 146     0.011808    99.677     0.014519    99.550    99.630
 147     0.011693    99.677     0.014650    99.530    99.630
 148     0.011317    99.685     0.014620    99.560    99.630
 149     0.012420    99.657     0.015075    99.540    99.630
