   0     0.660187    87.983     0.243784    98.000    98.000
   1     0.287264    96.073     0.167191    98.680    98.680
   2     0.198562    96.848     0.176277    98.060    98.680
   3     0.152985    97.393     0.142033    98.060    98.680
   4     0.127987    97.555     0.084813    98.820    98.820
   5     0.108284    97.847     0.106471    98.590    98.820
   6     0.097227    97.853     0.052780    99.160    99.160
   7     0.087957    97.993     0.102649    97.660    99.160
   8     0.081994    98.067     0.055980    99.010    99.160
   9     0.076333    98.113     0.041605    99.230    99.230
  10     0.068157    98.308     0.062624    98.660    99.230
  11     0.064808    98.373     0.059397    98.830    99.230
  12     0.062463    98.428     0.039567    99.210    99.230
  13     0.060939    98.407     0.037784    99.110    99.230
  14     0.056219    98.538     0.266780    91.110    99.230
  15     0.054958    98.513     0.066674    98.180    99.230
  16     0.052243    98.570     0.040222    99.090    99.230
  17     0.050309    98.612     0.109341    97.250    99.230
  18     0.049369    98.655     0.149183    96.080    99.230
  19     0.048102    98.657     0.031337    99.250    99.250
  20     0.045797    98.703     0.021150    99.470    99.470
  21     0.043821    98.765     0.031928    99.220    99.470
  22     0.043573    98.750     0.034720    99.110    99.470
  23     0.040478    98.877     0.022777    99.400    99.470
  24     0.039089    98.883     0.036540    98.880    99.470
  25     0.039693    98.913     0.020193    99.450    99.470
  26     0.039170    98.898     0.036432    99.170    99.470
  27     0.037332    98.957     0.023416    99.310    99.470
  28     0.036765    98.927     0.097379    97.980    99.470
  29     0.035322    98.992     0.019955    99.360    99.470
  30     0.036186    98.938     0.025750    99.290    99.470
  31     0.033399    99.042     0.026099    99.320    99.470
  32     0.033915    99.042     0.023798    99.360    99.470
  33     0.034032    99.012     0.019847    99.340    99.470
  34     0.033209    99.012     0.026254    99.220    99.470
  35     0.032342    99.042     0.020650    99.410    99.470
  36     0.032612    99.043     0.026052    99.090    99.470
  37     0.031623    99.042     0.018787    99.500    99.500
  38     0.031296    99.080     0.066171    98.240    99.500
  39     0.029318    99.127     0.016314    99.570    99.570
  40     0.029887    99.123     0.025173    99.300    99.570
  41     0.029372    99.143     0.021780    99.330    99.570
  42     0.028483    99.160     0.018214    99.470    99.570
  43     0.027779    99.178     0.016746    99.530    99.570
  44     0.028377    99.168     0.018258    99.450    99.570
  45     0.026340    99.223     0.015502    99.570    99.570
  46     0.025888    99.230     0.016098    99.520    99.570
  47     0.026986    99.222     0.019247    99.480    99.570
  48     0.026098    99.293     0.016945    99.470    99.570
  49     0.025158    99.288     0.015387    99.550    99.570
  50     0.025633    99.263     0.022682    99.340    99.570
  51     0.025317    99.285     0.018441    99.480    99.570
  52     0.024153    99.307     0.021424    99.390    99.570
  53     0.024355    99.245     0.026502    99.350    99.570
  54     0.023751    99.318     0.028297    99.240    99.570
  55     0.023931    99.275     0.016975    99.440    99.570
  56     0.022813    99.345     0.024237    99.180    99.570
  57     0.022854    99.342     0.015745    99.530    99.570
  58     0.023650    99.267     0.023315    99.270    99.570
  59     0.021745    99.383     0.016859    99.480    99.570
  60     0.021993    99.345     0.015644    99.550    99.570
  61     0.022894    99.322     0.021061    99.360    99.570
  62     0.021074    99.410     0.018947    99.460    99.570
  63     0.021275    99.392     0.017800    99.520    99.570
  64     0.020764    99.387     0.014939    99.530    99.570
  65     0.021338    99.372     0.016145    99.490    99.570
  66     0.021591    99.363     0.018945    99.500    99.570
  67     0.020722    99.407     0.014595    99.540    99.570
  68     0.019941    99.415     0.014375    99.540    99.570
  69     0.019399    99.438     0.018486    99.430    99.570
  70     0.019445    99.417     0.019413    99.430    99.570
  71     0.019224    99.452     0.014538    99.580    99.580
  72     0.018007    99.492     0.027957    99.410    99.580
  73     0.018946    99.483     0.014692    99.600    99.600
  74     0.018471    99.460     0.014999    99.600    99.600
  75     0.019489    99.478     0.015652    99.560    99.600
  76     0.018365    99.463     0.014172    99.580    99.600
  77     0.017802    99.478     0.014829    99.590    99.600
  78     0.017001    99.493     0.014254    99.560    99.600
  79     0.018058    99.488     0.015866    99.490    99.600
  80     0.017969    99.473     0.016558    99.460    99.600
  81     0.017669    99.488     0.018550    99.480    99.600
  82     0.017340    99.493     0.016099    99.520    99.600
  83     0.017707    99.467     0.017040    99.490    99.600
  84     0.017604    99.510     0.014655    99.550    99.600
  85     0.015853    99.525     0.013615    99.580    99.600
  86     0.016258    99.523     0.015248    99.490    99.600
  87     0.016644    99.530     0.014273    99.570    99.600
  88     0.016140    99.522     0.015736    99.560    99.600
  89     0.016961    99.510     0.016791    99.540    99.600
  90     0.016449    99.523     0.013372    99.610    99.610
  91     0.016770    99.515     0.014275    99.580    99.610
  92     0.016380    99.512     0.013949    99.570    99.610
  93     0.016728    99.488     0.013985    99.520    99.610
  94     0.015451    99.550     0.014039    99.580    99.610
  95     0.015048    99.575     0.014272    99.540    99.610
  96     0.014757    99.570     0.013775    99.610    99.610
  97     0.015036    99.563     0.016280    99.530    99.610
  98     0.016356    99.503     0.016866    99.500    99.610
  99     0.015892    99.545     0.015981    99.560    99.610
 100     0.015385    99.542     0.014028    99.590    99.610
 101     0.014266    99.615     0.015328    99.620    99.620
 102     0.015116    99.580     0.015094    99.540    99.620
 103     0.014449    99.582     0.014652    99.570    99.620
 104     0.015411    99.522     0.014962    99.530    99.620
 105     0.014320    99.593     0.015488    99.520    99.620
 106     0.014097    99.605     0.015041    99.560    99.620
 107     0.013663    99.605     0.015041    99.580    99.620
 108     0.014207    99.573     0.018023    99.470    99.620
 109     0.014303    99.567     0.015065    99.540    99.620
 110     0.014230    99.585     0.014084    99.550    99.620
 111     0.013450    99.612     0.014296    99.550    99.620
 112     0.014162    99.580     0.014095    99.580    99.620
 113     0.014005    99.595     0.015136    99.610    99.620
 114     0.013434    99.617     0.016080    99.590    99.620
 115     0.013733    99.600     0.013917    99.630    99.630
 116     0.013293    99.625     0.014381    99.530    99.630
 117     0.014084    99.587     0.013341    99.570    99.630
 118     0.013292    99.608     0.013928    99.570    99.630
 119     0.013706    99.608     0.013514    99.560    99.630
 120     0.013264    99.612     0.013728    99.610    99.630
 121     0.013745    99.603     0.015983    99.530    99.630
 122     0.012700    99.613     0.013839    99.550    99.630
 123     0.013936    99.615     0.013635    99.580    99.630
 124     0.012353    99.660     0.014460    99.560    99.630
 125     0.012671    99.650     0.014286    99.590    99.630
 126     0.013329    99.603     0.014848    99.530    99.630
 127     0.012956    99.628     0.013676    99.590    99.630
 128     0.011700    99.683     0.013778    99.540    99.630
 129     0.012893    99.640     0.014524    99.550    99.630
 130     0.013287    99.625     0.013590    99.600    99.630
 131     0.012751    99.618     0.014290    99.600    99.630
 132     0.012993    99.595     0.013423    99.570    99.630
 133     0.011586    99.683     0.013810    99.590    99.630
 134     0.012402    99.642     0.013809    99.580    99.630
 135     0.013024    99.630     0.014088    99.580    99.630
 136     0.011709    99.665     0.014237    99.590    99.630
 137     0.012273    99.660     0.013109    99.580    99.630
 138     0.012392    99.637     0.013452    99.600    99.630
 139     0.012967    99.635     0.013519    99.600    99.630
 140     0.012069    99.678     0.013427    99.590    99.630
 141     0.012196    99.673     0.013647    99.550    99.630
 142     0.011732    99.665     0.013937    99.510    99.630
 143     0.011270    99.715     0.015058    99.530    99.630
 144     0.012404    99.645     0.013127    99.570    99.630
 145     0.012147    99.642     0.013699    99.570    99.630
 146     0.011390    99.683     0.013009    99.590    99.630
 147     0.012111    99.628     0.013197    99.560    99.630
 148     0.011624    99.678     0.013592    99.540    99.630
 149     0.011115    99.698     0.013285    99.560    99.630
