   0     0.645204    88.545     0.257996    98.290    98.290
   1     0.279903    96.250     0.206295    97.730    98.290
   2     0.196854    96.953     0.130775    98.810    98.810
   3     0.149341    97.412     0.107065    98.990    98.990
   4     0.125682    97.658     0.116397    98.660    98.990
   5     0.105843    97.913     0.124927    97.990    98.990
   6     0.096462    97.937     0.125387    97.960    98.990
   7     0.086943    98.037     0.719485    70.320    98.990
   8     0.080871    98.093     0.328963    86.510    98.990
   9     0.072549    98.273     0.044439    99.100    99.100
  10     0.069191    98.247     0.078611    98.000    99.100
  11     0.067777    98.210     0.047867    98.850    99.100
  12     0.063963    98.343     0.080229    98.150    99.100
  13     0.059476    98.425     0.047473    98.820    99.100
  14     0.054581    98.550     0.238510    92.190    99.100
  15     0.052733    98.537     0.031072    99.350    99.350
  16     0.051815    98.605     0.045604    99.110    99.350
  17     0.049993    98.627     0.114513    97.230    99.350
  18     0.047548    98.673     0.040591    99.030    99.350
  19     0.048519    98.648     0.057472    98.720    99.350
  20     0.046677    98.665     0.228819    91.170    99.350
  21     0.043466    98.792     0.032035    99.150    99.350
  22     0.043073    98.792     0.034246    99.090    99.350
  23     0.043194    98.775     0.043694    98.870    99.350
  24     0.040476    98.823     0.037098    98.990    99.350
  25     0.039863    98.870     0.105305    97.160    99.350
  26     0.038315    98.915     0.057114    98.600    99.350
  27     0.037598    98.930     0.032613    99.050    99.350
  28     0.037203    98.943     0.033602    99.020    99.350
  29     0.037468    98.893     0.042677    98.890    99.350
  30     0.033864    99.043     0.054371    98.640    99.350
  31     0.033553    99.040     0.041974    99.040    99.350
  32     0.036027    98.975     0.019967    99.390    99.390
  33     0.033529    99.058     0.022977    99.320    99.390
  34     0.033637    99.018     0.042873    99.010    99.390
  35     0.031716    99.110     0.020159    99.330    99.390
  36     0.031109    99.105     0.100256    96.910    99.390
  37     0.031218    99.073     0.042609    98.790    99.390
  38     0.030072    99.145     0.020902    99.360    99.390
  39     0.030472    99.093     0.019711    99.410    99.410
  40     0.029559    99.115     0.025943    99.190    99.410
  41     0.028528    99.185     0.020734    99.320    99.410
  42     0.029211    99.098     0.020235    99.380    99.410
  43     0.028389    99.177     0.018086    99.420    99.420
  44     0.028092    99.208     0.016136    99.470    99.470
  45     0.026314    99.223     0.018049    99.440    99.470
  46     0.026670    99.237     0.022924    99.280    99.470
  47     0.025587    99.238     0.019939    99.470    99.470
  48     0.025020    99.265     0.020975    99.320    99.470
  49     0.026034    99.257     0.016950    99.540    99.540
  50     0.024302    99.267     0.017191    99.380    99.540
  51     0.024582    99.265     0.016326    99.500    99.540
  52     0.024908    99.288     0.020642    99.300    99.540
  53     0.024155    99.262     0.020958    99.260    99.540
  54     0.023669    99.308     0.023884    99.250    99.540
  55     0.023249    99.308     0.025706    99.240    99.540
  56     0.022741    99.343     0.017592    99.440    99.540
  57     0.021827    99.370     0.018426    99.370    99.540
  58     0.022115    99.367     0.021139    99.420    99.540
  59     0.021202    99.388     0.016609    99.480    99.540
  60     0.021653    99.362     0.019057    99.380    99.540
  61     0.021040    99.390     0.016696    99.490    99.540
  62     0.020667    99.407     0.016675    99.420    99.540
  63     0.020412    99.412     0.015447    99.520    99.540
  64     0.021256    99.385     0.018265    99.510    99.540
  65     0.021298    99.378     0.014816    99.530    99.540
  66     0.020610    99.412     0.016761    99.480    99.540
  67     0.021092    99.395     0.016030    99.470    99.540
  68     0.020314    99.410     0.014096    99.520    99.540
  69     0.020380    99.423     0.016791    99.510    99.540
  70     0.019321    99.425     0.019983    99.420    99.540
  71     0.019397    99.438     0.015636    99.480    99.540
  72     0.018572    99.462     0.015848    99.410    99.540
  73     0.018616    99.433     0.014994    99.470    99.540
  74     0.018311    99.462     0.013767    99.480    99.540
  75     0.019401    99.428     0.016394    99.440    99.540
  76     0.018480    99.442     0.017295    99.460    99.540
  77     0.019296    99.453     0.014763    99.490    99.540
  78     0.017711    99.467     0.015575    99.490    99.540
  79     0.018736    99.468     0.014704    99.480    99.540
  80     0.017269    99.502     0.015952    99.460    99.540
  81     0.017953    99.480     0.014741    99.580    99.580
  82     0.017607    99.492     0.013190    99.510    99.580
  83     0.016546    99.508     0.018228    99.400    99.580
  84     0.018362    99.487     0.016035    99.440    99.580
  85     0.017324    99.490     0.015533    99.480    99.580
  86     0.016795    99.507     0.014537    99.480    99.580
  87     0.016399    99.532     0.015422    99.400    99.580
  88     0.016400    99.510     0.018150    99.370    99.580
  89     0.017479    99.433     0.014321    99.510    99.580
  90     0.015838    99.555     0.016485    99.480    99.580
  91     0.015207    99.570     0.019978    99.310    99.580
  92     0.015915    99.535     0.014781    99.470    99.580
  93     0.016128    99.538     0.015965    99.470    99.580
  94     0.016176    99.533     0.014418    99.490    99.580
  95     0.015162    99.572     0.014552    99.440    99.580
  96     0.015554    99.527     0.016621    99.440    99.580
  97     0.014940    99.567     0.016189    99.470    99.580
  98     0.015532    99.538     0.014582    99.540    99.580
  99     0.015337    99.562     0.016268    99.450    99.580
 100     0.015084    99.575     0.015227    99.520    99.580
 101     0.015191    99.570     0.014370    99.560    99.580
 102     0.015074    99.550     0.014603    99.500    99.580
 103     0.013680    99.598     0.014594    99.500    99.580
 104     0.014925    99.598     0.015165    99.520    99.580
 105     0.014469    99.567     0.015543    99.530    99.580
 106     0.014958    99.563     0.015230    99.520    99.580
 107     0.014244    99.577     0.016034    99.540    99.580
 108     0.015026    99.542     0.018570    99.400    99.580
 109     0.014392    99.573     0.016097    99.490    99.580
 110     0.014533    99.577     0.016329    99.500    99.580
 111     0.013183    99.642     0.016212    99.500    99.580
 112     0.014852    99.563     0.014510    99.500    99.580
 113     0.014007    99.597     0.015244    99.510    99.580
 114     0.013322    99.638     0.014553    99.490    99.580
 115     0.013893    99.627     0.014497    99.480    99.580
 116     0.014302    99.607     0.014604    99.460    99.580
 117     0.013665    99.590     0.014072    99.520    99.580
 118     0.013741    99.597     0.015359    99.560    99.580
 119     0.013978    99.590     0.014642    99.540    99.580
 120     0.013713    99.613     0.014285    99.550    99.580
 121     0.012463    99.642     0.013842    99.550    99.580
 122     0.013717    99.632     0.014269    99.510    99.580
 123     0.013189    99.607     0.015344    99.510    99.580
 124     0.013199    99.647     0.013649    99.530    99.580
 125     0.013024    99.638     0.013382    99.560    99.580
 126     0.012129    99.672     0.013630    99.570    99.580
 127     0.012800    99.635     0.013568    99.550    99.580
 128     0.012591    99.663     0.014526    99.530    99.580
 129     0.012587    99.647     0.014261    99.520    99.580
 130     0.013646    99.623     0.013630    99.510    99.580
 131     0.012295    99.645     0.013459    99.520    99.580
 132     0.011874    99.648     0.013865    99.520    99.580
 133     0.012376    99.650     0.014435    99.530    99.580
 134     0.012865    99.623     0.013759    99.510    99.580
 135     0.013811    99.638     0.014693    99.520    99.580
 136     0.011392    99.693     0.014318    99.530    99.580
 137     0.012248    99.635     0.014332    99.550    99.580
 138     0.012123    99.697     0.015478    99.510    99.580
 139     0.012951    99.615     0.014745    99.470    99.580
 140     0.012314    99.660     0.014076    99.540    99.580
 141     0.011797    99.680     0.014235    99.490    99.580
 142     0.011848    99.685     0.014441    99.540    99.580
 143     0.012493    99.670     0.015174    99.450    99.580
 144     0.011937    99.657     0.014770    99.460    99.580
 145     0.012948    99.612     0.014256    99.470    99.580
 146     0.012886    99.600     0.014159    99.530    99.580
 147     0.011642    99.668     0.013592    99.490    99.580
 148     0.011533    99.685     0.013989    99.520    99.580
 149     0.012237    99.627     0.013565    99.490    99.580
