   0     0.633817    88.820     0.261623    97.920    97.920
   1     0.282320    96.118     0.237715    98.160    98.160
   2     0.193813    97.017     0.144922    98.500    98.500
   3     0.151870    97.288     0.298026    91.380    98.500
   4     0.126379    97.547     0.082184    98.840    98.840
   5     0.107066    97.887     0.073318    98.960    98.960
   6     0.096025    97.963     0.320923    88.350    98.960
   7     0.087897    98.008     0.094140    98.600    98.960
   8     0.080083    98.080     0.146914    96.950    98.960
   9     0.072168    98.245     0.066671    98.710    98.960
  10     0.070650    98.223     0.137284    96.540    98.960
  11     0.065376    98.327     0.080561    98.150    98.960
  12     0.060861    98.433     0.065933    98.210    98.960
  13     0.057937    98.483     0.034359    99.160    99.160
  14     0.056047    98.513     0.046478    99.080    99.160
  15     0.054075    98.483     0.036661    99.140    99.160
  16     0.052451    98.548     0.033510    99.280    99.280
  17     0.050171    98.632     0.151998    95.530    99.280
  18     0.047833    98.688     0.035675    99.100    99.280
  19     0.046449    98.673     0.020187    99.380    99.380
  20     0.044320    98.702     0.028715    99.260    99.380
  21     0.042481    98.865     0.377210    89.380    99.380
  22     0.043370    98.747     0.033715    99.120    99.380
  23     0.041543    98.860     0.024668    99.420    99.420
  24     0.039753    98.840     0.038046    99.060    99.420
  25     0.038221    98.932     0.076767    97.740    99.420
  26     0.039567    98.832     0.027252    99.280    99.420
  27     0.038443    98.882     0.046068    98.690    99.420
  28     0.036733    98.925     0.015918    99.590    99.590
  29     0.035482    98.987     0.023680    99.430    99.590
  30     0.037772    98.898     0.036633    99.020    99.590
  31     0.034363    99.022     0.150316    94.710    99.590
  32     0.033345    99.032     0.049844    98.480    99.590
  33     0.032446    99.067     0.024598    99.320    99.590
  34     0.032241    99.073     0.040464    98.880    99.590
  35     0.032025    99.077     0.019746    99.460    99.590
  36     0.031429    99.103     0.026573    99.350    99.590
  37     0.029962    99.130     0.018411    99.480    99.590
  38     0.029922    99.102     0.020323    99.330    99.590
  39     0.029188    99.123     0.038521    99.040    99.590
  40     0.029491    99.165     0.023557    99.400    99.590
  41     0.028695    99.150     0.014888    99.560    99.590
  42     0.028158    99.173     0.022994    99.280    99.590
  43     0.028555    99.178     0.018886    99.440    99.590
  44     0.027323    99.187     0.024807    99.270    99.590
  45     0.027377    99.212     0.023781    99.260    99.590
  46     0.026087    99.242     0.014792    99.530    99.590
  47     0.025787    99.213     0.013442    99.590    99.590
  48     0.024941    99.285     0.018334    99.470    99.590
  49     0.025968    99.257     0.021684    99.360    99.590
  50     0.025103    99.252     0.014190    99.580    99.590
  51     0.024534    99.268     0.016542    99.490    99.590
  52     0.023834    99.297     0.012949    99.620    99.620
  53     0.023376    99.327     0.019447    99.420    99.620
  54     0.024253    99.317     0.058668    98.650    99.620
  55     0.022776    99.320     0.016203    99.490    99.620
  56     0.022484    99.332     0.013457    99.610    99.620
  57     0.023196    99.318     0.013936    99.570    99.620
  58     0.023055    99.317     0.013296    99.530    99.620
  59     0.024523    99.250     0.016221    99.570    99.620
  60     0.022254    99.363     0.026596    99.310    99.620
  61     0.022143    99.373     0.014956    99.450    99.620
  62     0.021116    99.365     0.018143    99.430    99.620
  63     0.021593    99.330     0.015111    99.530    99.620
  64     0.020162    99.427     0.012751    99.620    99.620
  65     0.019092    99.455     0.015107    99.510    99.620
  66     0.020026    99.398     0.018466    99.440    99.620
  67     0.021529    99.363     0.020132    99.410    99.620
  68     0.020344    99.422     0.013764    99.510    99.620
  69     0.019206    99.422     0.014107    99.510    99.620
  70     0.020672    99.352     0.013109    99.590    99.620
  71     0.019069    99.412     0.014636    99.530    99.620
  72     0.017652    99.485     0.013541    99.500    99.620
  73     0.017312    99.488     0.011594    99.670    99.670
  74     0.018712    99.442     0.019129    99.410    99.670
  75     0.019534    99.430     0.013092    99.640    99.670
  76     0.018406    99.460     0.016151    99.530    99.670
  77     0.018392    99.433     0.022498    99.230    99.670
  78     0.019110    99.422     0.034926    98.890    99.670
  79     0.018237    99.472     0.014353    99.540    99.670
  80     0.017224    99.493     0.018371    99.440    99.670
  81     0.017682    99.475     0.013828    99.510    99.670
  82     0.016574    99.530     0.014640    99.580    99.670
  83     0.016962    99.483     0.015307    99.520    99.670
  84     0.016603    99.505     0.014470    99.580    99.670
  85     0.016849    99.517     0.014858    99.590    99.670
  86     0.016038    99.542     0.014168    99.560    99.670
  87     0.016185    99.523     0.016878    99.480    99.670
  88     0.017275    99.495     0.017836    99.510    99.670
  89     0.017006    99.507     0.014690    99.570    99.670
  90     0.017159    99.508     0.013509    99.540    99.670
  91     0.016562    99.542     0.014964    99.560    99.670
  92     0.017024    99.483     0.014866    99.560    99.670
  93     0.015529    99.543     0.013640    99.610    99.670
  94     0.015965    99.538     0.015551    99.520    99.670
  95     0.016538    99.518     0.014445    99.550    99.670
  96     0.015698    99.560     0.012713    99.580    99.670
  97     0.015661    99.552     0.014114    99.500    99.670
  98     0.015663    99.527     0.012771    99.620    99.670
  99     0.014428    99.567     0.013580    99.580    99.670
 100     0.014426    99.590     0.013144    99.570    99.670
 101     0.015417    99.552     0.013903    99.600    99.670
 102     0.015002    99.550     0.015003    99.480    99.670
 103     0.015206    99.573     0.013517    99.650    99.670
 104     0.014272    99.605     0.013535    99.590    99.670
 105     0.014678    99.567     0.014135    99.590    99.670
 106     0.014178    99.613     0.012763    99.620    99.670
 107     0.014799    99.585     0.012206    99.610    99.670
 108     0.013655    99.600     0.012307    99.570    99.670
 109     0.014773    99.553     0.012182    99.600    99.670
 110     0.014150    99.603     0.012745    99.530    99.670
 111     0.013572    99.597     0.012579    99.580    99.670
 112     0.014302    99.595     0.013273    99.590    99.670
 113     0.013779    99.605     0.012553    99.630    99.670
 114     0.012981    99.632     0.012849    99.630    99.670
 115     0.014315    99.587     0.012985    99.610    99.670
 116     0.014615    99.557     0.012203    99.630    99.670
 117     0.013680    99.628     0.013272    99.570    99.670
 118     0.013677    99.613     0.014036    99.550    99.670
 119     0.012889    99.632     0.012420    99.630    99.670
 120     0.013110    99.643     0.012321    99.650    99.670
 121     0.013480    99.607     0.014472    99.520    99.670
 122     0.012504    99.643     0.012248    99.620    99.670
 123     0.012558    99.592     0.012774    99.590    99.670
 124     0.013736    99.602     0.012115    99.630    99.670
 125     0.013015    99.617     0.013298    99.560    99.670
 126     0.013200    99.632     0.012574    99.610    99.670
 127     0.013719    99.578     0.012091    99.590    99.670
 128     0.012586    99.638     0.012859    99.580    99.670
 129     0.013556    99.635     0.011884    99.620    99.670
 130     0.012808    99.633     0.013028    99.620    99.670
 131     0.012446    99.640     0.012380    99.610    99.670
 132     0.012697    99.623     0.013018    99.600    99.670
 133     0.012231    99.658     0.012672    99.590    99.670
 134     0.012848    99.647     0.013065    99.630    99.670
 135     0.013128    99.607     0.013479    99.580    99.670
 136     0.012848    99.645     0.013534    99.610    99.670
 137     0.012120    99.655     0.014390    99.490    99.670
 138     0.012864    99.632     0.013158    99.620    99.670
 139     0.011942    99.657     0.012979    99.640    99.670
 140     0.011960    99.668     0.012353    99.630    99.670
 141     0.011801    99.688     0.013953    99.590    99.670
 142     0.012070    99.665     0.012703    99.600    99.670
 143     0.011890    99.642     0.012970    99.630    99.670
 144     0.012590    99.618     0.012930    99.600    99.670
 145     0.012628    99.628     0.012777    99.600    99.670
 146     0.012627    99.612     0.012498    99.580    99.670
 147     0.011589    99.678     0.012552    99.590    99.670
 148     0.011603    99.690     0.012782    99.610    99.670
 149     0.011358    99.682     0.013418    99.550    99.670
