   0     0.635796    88.993     0.260099    98.140    98.140
   1     0.282235    96.190     0.206588    97.850    98.140
   2     0.194219    96.947     0.173260    97.660    98.140
   3     0.151506    97.417     0.149023    98.250    98.250
   4     0.125655    97.667     0.093272    98.800    98.800
   5     0.108815    97.802     0.078226    98.980    98.980
   6     0.094875    98.022     0.092819    98.380    98.980
   7     0.085442    98.027     0.136234    97.630    98.980
   8     0.080567    98.122     0.106576    98.160    98.980
   9     0.071361    98.263     0.099975    97.930    98.980
  10     0.068475    98.355     0.073639    98.440    98.980
  11     0.063823    98.412     0.071747    98.200    98.980
  12     0.062447    98.338     0.202640    94.000    98.980
  13     0.058512    98.433     0.035726    99.080    99.080
  14     0.055181    98.533     0.036272    99.230    99.230
  15     0.054149    98.523     0.047210    98.730    99.230
  16     0.054009    98.480     0.353652    86.800    99.230
  17     0.050349    98.587     0.026614    99.320    99.320
  18     0.048874    98.625     0.442853    85.830    99.320
  19     0.047362    98.707     0.047361    98.810    99.320
  20     0.045043    98.747     0.041653    99.050    99.320
  21     0.044049    98.777     0.072093    97.950    99.320
  22     0.043228    98.797     0.039637    99.020    99.320
  23     0.041390    98.795     0.033624    99.110    99.320
  24     0.039449    98.913     0.031538    99.170    99.320
  25     0.038456    98.932     0.026988    99.200    99.320
  26     0.039087    98.868     0.033601    99.150    99.320
  27     0.038774    98.888     0.217585    93.320    99.320
  28     0.037927    98.885     0.053952    98.510    99.320
  29     0.035427    98.998     0.021662    99.440    99.440
  30     0.035038    98.998     0.023593    99.400    99.440
  31     0.034808    99.023     0.029641    99.100    99.440
  32     0.034206    99.013     0.021717    99.370    99.440
  33     0.032793    99.040     0.021396    99.490    99.490
  34     0.033105    99.057     0.018613    99.540    99.540
  35     0.031659    99.102     0.020173    99.380    99.540
  36     0.031511    99.070     0.067101    97.980    99.540
  37     0.031292    99.070     0.025650    99.230    99.540
  38     0.029570    99.148     0.021617    99.360    99.540
  39     0.031544    99.063     0.015131    99.500    99.540
  40     0.027951    99.210     0.069564    98.480    99.540
  41     0.028053    99.183     0.014864    99.530    99.540
  42     0.028198    99.192     0.016172    99.560    99.560
  43     0.027760    99.135     0.017941    99.540    99.560
  44     0.029050    99.122     0.017931    99.480    99.560
  45     0.027642    99.210     0.016387    99.480    99.560
  46     0.026853    99.225     0.016643    99.510    99.560
  47     0.025848    99.247     0.017364    99.470    99.560
  48     0.025549    99.273     0.022905    99.330    99.560
  49     0.026711    99.223     0.017710    99.390    99.560
  50     0.025599    99.248     0.020844    99.340    99.560
  51     0.024371    99.260     0.026096    99.250    99.560
  52     0.023779    99.297     0.018225    99.450    99.560
  53     0.023226    99.278     0.014888    99.520    99.560
  54     0.023525    99.287     0.015765    99.450    99.560
  55     0.023161    99.307     0.012601    99.600    99.600
  56     0.024521    99.285     0.013446    99.580    99.600
  57     0.023491    99.337     0.013635    99.510    99.600
  58     0.022532    99.342     0.014154    99.550    99.600
  59     0.021698    99.382     0.014276    99.510    99.600
  60     0.022297    99.357     0.015545    99.550    99.600
  61     0.021675    99.355     0.017576    99.460    99.600
  62     0.021921    99.387     0.024552    99.210    99.600
  63     0.022404    99.312     0.016445    99.450    99.600
  64     0.019948    99.418     0.015259    99.510    99.600
  65     0.020672    99.392     0.014864    99.510    99.600
  66     0.021040    99.395     0.017842    99.440    99.600
  67     0.021106    99.375     0.015905    99.420    99.600
  68     0.020775    99.395     0.014431    99.490    99.600
  69     0.020291    99.412     0.013826    99.620    99.620
  70     0.019968    99.400     0.010911    99.620    99.620
  71     0.019362    99.462     0.018273    99.430    99.620
  72     0.019335    99.423     0.015822    99.490    99.620
  73     0.019563    99.435     0.012166    99.580    99.620
  74     0.018440    99.473     0.023421    99.310    99.620
  75     0.019187    99.455     0.013464    99.570    99.620
  76     0.018403    99.442     0.013701    99.570    99.620
  77     0.018518    99.443     0.012681    99.620    99.620
  78     0.018633    99.467     0.014173    99.490    99.620
  79     0.017665    99.492     0.013139    99.530    99.620
  80     0.020822    99.372     0.013721    99.560    99.620
  81     0.017847    99.485     0.014923    99.570    99.620
  82     0.018005    99.480     0.012055    99.630    99.630
  83     0.017806    99.470     0.013039    99.590    99.630
  84     0.017465    99.450     0.012534    99.590    99.630
  85     0.017590    99.462     0.013636    99.550    99.630
  86     0.016369    99.523     0.010807    99.630    99.630
  87     0.017918    99.448     0.012496    99.550    99.630
  88     0.016059    99.522     0.011538    99.640    99.640
  89     0.015832    99.528     0.012120    99.570    99.640
  90     0.016443    99.527     0.011620    99.610    99.640
  91     0.016974    99.485     0.012289    99.640    99.640
  92     0.017438    99.510     0.013075    99.600    99.640
  93     0.016327    99.538     0.015154    99.580    99.640
  94     0.016191    99.505     0.011289    99.670    99.670
  95     0.015439    99.540     0.013579    99.580    99.670
  96     0.015666    99.542     0.012307    99.640    99.670
  97     0.015457    99.528     0.012766    99.530    99.670
  98     0.015416    99.548     0.011457    99.650    99.670
  99     0.015197    99.572     0.012394    99.590    99.670
 100     0.016465    99.528     0.011611    99.640    99.670
 101     0.014619    99.582     0.014362    99.490    99.670
 102     0.014350    99.582     0.011690    99.610    99.670
 103     0.015042    99.565     0.011795    99.620    99.670
 104     0.015625    99.543     0.012227    99.630    99.670
 105     0.015292    99.560     0.011453    99.620    99.670
 106     0.014220    99.563     0.012399    99.570    99.670
 107     0.015035    99.542     0.013920    99.600    99.670
 108     0.014503    99.593     0.011995    99.570    99.670
 109     0.014628    99.563     0.012391    99.620    99.670
 110     0.014935    99.565     0.011930    99.580    99.670
 111     0.013508    99.623     0.013055    99.560    99.670
 112     0.014461    99.607     0.011373    99.610    99.670
 113     0.013169    99.635     0.010927    99.650    99.670
 114     0.013844    99.605     0.011746    99.590    99.670
 115     0.014454    99.580     0.011789    99.600    99.670
 116     0.013702    99.620     0.011976    99.600    99.670
 117     0.014623    99.587     0.012050    99.580    99.670
 118     0.013965    99.575     0.011458    99.590    99.670
 119     0.013702    99.608     0.011254    99.670    99.670
 120     0.012746    99.658     0.010916    99.660    99.670
 121     0.013515    99.605     0.010606    99.610    99.670
 122     0.013197    99.638     0.011146    99.640    99.670
 123     0.014049    99.632     0.011095    99.640    99.670
 124     0.013223    99.630     0.010594    99.670    99.670
 125     0.012325    99.653     0.011864    99.620    99.670
 126     0.012482    99.612     0.011018    99.620    99.670
 127     0.012879    99.643     0.012209    99.620    99.670
 128     0.013738    99.605     0.010669    99.670    99.670
 129     0.013600    99.633     0.011364    99.630    99.670
 130     0.013127    99.637     0.012019    99.630    99.670
 131     0.013681    99.602     0.011594    99.640    99.670
 132     0.012842    99.635     0.011468    99.620    99.670
 133     0.012541    99.637     0.012588    99.590    99.670
 134     0.012240    99.637     0.012484    99.610    99.670
 135     0.011929    99.672     0.012409    99.600    99.670
 136     0.012208    99.658     0.011420    99.660    99.670
 137     0.012800    99.617     0.012109    99.610    99.670
 138     0.013157    99.630     0.012656    99.620    99.670
 139     0.013092    99.623     0.011266    99.650    99.670
 140     0.012804    99.618     0.011973    99.620    99.670
 141     0.012648    99.635     0.011776    99.650    99.670
 142     0.012078    99.655     0.012100    99.600    99.670
 143     0.012539    99.658     0.012354    99.620    99.670
 144     0.012148    99.645     0.012371    99.570    99.670
 145     0.011860    99.662     0.012160    99.590    99.670
 146     0.011780    99.663     0.012407    99.590    99.670
 147     0.012637    99.652     0.012033    99.590    99.670
 148     0.011899    99.655     0.012697    99.600    99.670
 149     0.011609    99.673     0.011653    99.650    99.670
