   0     0.650022    88.475     0.276715    97.510    97.510
   1     0.282633    96.227     0.172368    98.320    98.320
   2     0.196406    96.995     0.149451    98.150    98.320
   3     0.152149    97.328     0.116514    98.720    98.720
   4     0.126883    97.633     0.100737    98.420    98.720
   5     0.109482    97.748     0.087157    98.810    98.810
   6     0.096674    97.950     0.460651    81.120    98.810
   7     0.086758    98.085     0.073146    98.940    98.940
   8     0.082775    98.093     0.130642    97.320    98.940
   9     0.073843    98.207     0.059566    99.250    99.250
  10     0.068557    98.362     0.043751    99.280    99.280
  11     0.065808    98.292     0.108782    97.470    99.280
  12     0.059855    98.432     0.071448    98.340    99.280
  13     0.059414    98.440     0.086427    97.590    99.280
  14     0.055644    98.525     0.219403    92.120    99.280
  15     0.054379    98.533     0.053177    98.840    99.280
  16     0.052454    98.583     0.196858    93.530    99.280
  17     0.051425    98.623     0.062498    98.370    99.280
  18     0.048530    98.670     0.041531    98.830    99.280
  19     0.047437    98.705     0.031041    99.150    99.280
  20     0.046615    98.672     0.029030    99.150    99.280
  21     0.044155    98.742     0.029596    99.250    99.280
  22     0.044283    98.745     0.082889    97.800    99.280
  23     0.040888    98.850     0.038624    98.960    99.280
  24     0.040741    98.845     0.082954    98.040    99.280
  25     0.041010    98.793     0.019539    99.420    99.420
  26     0.037825    98.928     0.030922    99.280    99.420
  27     0.036719    98.943     0.022344    99.340    99.420
  28     0.037909    98.885     0.037110    98.780    99.420
  29     0.035340    99.017     0.038764    98.910    99.420
  30     0.036245    98.955     0.023176    99.440    99.440
  31     0.034070    99.003     0.017860    99.540    99.540
  32     0.033470    99.033     0.031841    98.970    99.540
  33     0.033917    99.015     0.021833    99.410    99.540
  34     0.032654    99.052     0.018117    99.440    99.540
  35     0.031881    99.083     0.052522    98.620    99.540
  36     0.032143    99.065     0.025440    99.430    99.540
  37     0.030989    99.088     0.017840    99.450    99.540
  38     0.031756    99.048     0.023300    99.330    99.540
  39     0.030217    99.165     0.021674    99.340    99.540
  40     0.029546    99.102     0.025467    99.200    99.540
  41     0.028858    99.128     0.027399    99.230    99.540
  42     0.027396    99.210     0.022042    99.400    99.540
  43     0.028504    99.158     0.018405    99.510    99.540
  44     0.027420    99.222     0.069234    97.640    99.540
  45     0.027515    99.112     0.026574    99.230    99.540
  46     0.025669    99.243     0.020378    99.370    99.540
  47     0.025928    99.280     0.016919    99.500    99.540
  48     0.026606    99.222     0.017804    99.540    99.540
  49     0.026565    99.213     0.020909    99.460    99.540
  50     0.024782    99.267     0.019788    99.440    99.540
  51     0.024070    99.283     0.017521    99.520    99.540
  52     0.024270    99.303     0.017699    99.470    99.540
  53     0.023575    99.302     0.021146    99.390    99.540
  54     0.024102    99.317     0.019417    99.370    99.540
  55     0.023997    99.280     0.015898    99.520    99.540
  56     0.024081    99.262     0.019768    99.430    99.540
  57     0.023304    99.323     0.017659    99.450    99.540
  58     0.023755    99.287     0.028510    99.330    99.540
  59     0.022422    99.358     0.017912    99.460    99.540
  60     0.022147    99.328     0.022791    99.300    99.540
  61     0.020784    99.378     0.018294    99.430    99.540
  62     0.021405    99.365     0.024944    99.300    99.540
  63     0.021994    99.377     0.020231    99.440    99.540
  64     0.021184    99.357     0.020782    99.370    99.540
  65     0.021054    99.422     0.014051    99.580    99.580
  66     0.020532    99.402     0.014512    99.540    99.580
  67     0.021694    99.348     0.017081    99.460    99.580
  68     0.019257    99.432     0.016206    99.610    99.610
  69     0.020035    99.397     0.019233    99.420    99.610
  70     0.019669    99.443     0.020333    99.410    99.610
  71     0.019008    99.452     0.015681    99.490    99.610
  72     0.019868    99.413     0.016717    99.490    99.610
  73     0.020321    99.375     0.017054    99.470    99.610
  74     0.019447    99.458     0.016279    99.510    99.610
  75     0.019201    99.430     0.014348    99.600    99.610
  76     0.018286    99.488     0.015219    99.610    99.610
  77     0.017972    99.455     0.018306    99.490    99.610
  78     0.017773    99.518     0.019439    99.450    99.610
  79     0.017540    99.490     0.013262    99.590    99.610
  80     0.017641    99.492     0.015563    99.550    99.610
  81     0.017346    99.488     0.014127    99.520    99.610
  82     0.016895    99.520     0.015667    99.560    99.610
  83     0.017281    99.513     0.015654    99.550    99.610
  84     0.016859    99.485     0.013671    99.620    99.620
  85     0.016599    99.510     0.013661    99.590    99.620
  86     0.016858    99.522     0.013988    99.620    99.620
  87     0.016290    99.543     0.015802    99.530    99.620
  88     0.016210    99.542     0.017009    99.500    99.620
  89     0.015918    99.570     0.019050    99.490    99.620
  90     0.015966    99.520     0.015148    99.520    99.620
  91     0.014961    99.577     0.014536    99.570    99.620
  92     0.015817    99.537     0.013319    99.590    99.620
  93     0.016701    99.473     0.014100    99.520    99.620
  94     0.015219    99.565     0.014910    99.570    99.620
  95     0.015879    99.525     0.014294    99.570    99.620
  96     0.016267    99.578     0.015017    99.550    99.620
  97     0.015063    99.568     0.013560    99.620    99.620
  98     0.015426    99.575     0.014570    99.580    99.620
  99     0.015153    99.592     0.015240    99.540    99.620
 100     0.014936    99.580     0.014684    99.560    99.620
 101     0.014954    99.542     0.014643    99.540    99.620
 102     0.015591    99.540     0.014097    99.570    99.620
 103     0.014416    99.582     0.014664    99.540    99.620
 104     0.014565    99.588     0.016209    99.540    99.620
 105     0.013765    99.580     0.016541    99.470    99.620
 106     0.015433    99.528     0.014558    99.570    99.620
 107     0.014156    99.602     0.014562    99.600    99.620
 108     0.013640    99.603     0.014812    99.510    99.620
 109     0.013851    99.618     0.013205    99.600    99.620
 110     0.014257    99.602     0.013770    99.620    99.620
 111     0.014013    99.613     0.013639    99.620    99.620
 112     0.014152    99.602     0.014944    99.520    99.620
 113     0.013378    99.638     0.013355    99.580    99.620
 114     0.014367    99.610     0.014259    99.590    99.620
 115     0.013180    99.632     0.015323    99.530    99.620
 116     0.013601    99.620     0.014097    99.590    99.620
 117     0.013533    99.623     0.015344    99.550    99.620
 118     0.013233    99.633     0.014120    99.600    99.620
 119     0.013294    99.602     0.013908    99.560    99.620
 120     0.012537    99.662     0.015518    99.580    99.620
 121     0.013697    99.618     0.014822    99.570    99.620
 122     0.012568    99.660     0.014763    99.510    99.620
 123     0.012986    99.637     0.014950    99.600    99.620
 124     0.012562    99.650     0.014507    99.560    99.620
 125     0.012993    99.632     0.015322    99.560    99.620
 126     0.013251    99.645     0.014150    99.590    99.620
 127     0.012326    99.638     0.014961    99.540    99.620
 128     0.013261    99.618     0.014511    99.520    99.620
 129     0.013282    99.612     0.015750    99.540    99.620
 130     0.012360    99.667     0.015969    99.520    99.620
 131     0.012646    99.657     0.013920    99.590    99.620
 132     0.012610    99.655     0.014091    99.590    99.620
 133     0.012921    99.600     0.014535    99.560    99.620
 134     0.013229    99.617     0.014736    99.560    99.620
 135     0.012917    99.625     0.014011    99.570    99.620
 136     0.012620    99.625     0.013969    99.600    99.620
 137     0.011932    99.663     0.014866    99.500    99.620
 138     0.012033    99.687     0.015040    99.530    99.620
 139     0.012061    99.648     0.014801    99.580    99.620
 140     0.012528    99.663     0.016332    99.510    99.620
 141     0.011900    99.663     0.014772    99.530    99.620
 142     0.012151    99.643     0.014768    99.590    99.620
 143     0.012204    99.647     0.014552    99.600    99.620
 144     0.010944    99.695     0.014720    99.570    99.620
 145     0.011328    99.690     0.014250    99.570    99.620
 146     0.011593    99.690     0.015579    99.580    99.620
 147     0.012341    99.638     0.015067    99.550    99.620
 148     0.012188    99.625     0.014076    99.580    99.620
 149     0.012086    99.635     0.013940    99.580    99.620
