   0     0.630741    89.057     0.270038    98.260    98.260
   1     0.277276    96.292     0.268838    96.120    98.260
   2     0.192100    97.042     0.107241    98.960    98.960
   3     0.149251    97.537     0.225934    95.630    98.960
   4     0.124706    97.605     0.131709    97.870    98.960
   5     0.105106    97.903     0.130652    97.520    98.960
   6     0.094594    98.000     0.131663    97.410    98.960
   7     0.087459    98.032     0.128669    98.010    98.960
   8     0.079208    98.125     0.364533    87.020    98.960
   9     0.074302    98.185     0.122827    97.920    98.960
  10     0.066906    98.348     0.049819    98.780    98.960
  11     0.063438    98.400     0.070169    98.490    98.960
  12     0.061593    98.405     0.087141    97.930    98.960
  13     0.058262    98.438     0.077582    98.300    98.960
  14     0.054293    98.565     0.043952    99.120    99.120
  15     0.053772    98.557     0.098920    97.970    99.120
  16     0.051506    98.658     0.051984    98.700    99.120
  17     0.050576    98.598     0.039107    98.850    99.120
  18     0.047758    98.700     0.054138    98.540    99.120
  19     0.045969    98.700     0.033326    99.240    99.240
  20     0.045817    98.712     0.038553    99.030    99.240
  21     0.044608    98.755     0.063681    98.470    99.240
  22     0.043811    98.768     0.021942    99.530    99.530
  23     0.040918    98.818     0.055851    98.570    99.530
  24     0.041381    98.863     0.025045    99.340    99.530
  25     0.038494    98.935     0.038491    99.050    99.530
  26     0.038128    98.957     0.022886    99.390    99.530
  27     0.038277    98.943     0.029723    99.250    99.530
  28     0.038226    98.920     0.587699    83.530    99.530
  29     0.034774    99.048     0.021007    99.430    99.530
  30     0.035682    99.007     0.032139    99.020    99.530
  31     0.033999    99.012     0.031284    99.150    99.530
  32     0.033184    99.022     0.039753    98.730    99.530
  33     0.033429    99.045     0.100620    96.680    99.530
  34     0.032173    99.063     0.059037    98.440    99.530
  35     0.032606    99.083     0.031688    99.210    99.530
  36     0.030983    99.122     0.025123    99.320    99.530
  37     0.031927    99.042     0.029334    99.220    99.530
  38     0.029458    99.133     0.030145    99.140    99.530
  39     0.029852    99.088     0.045403    99.000    99.530
  40     0.029009    99.167     0.025339    99.280    99.530
  41     0.030008    99.157     0.022409    99.360    99.530
  42     0.027846    99.187     0.016996    99.370    99.530
  43     0.028403    99.190     0.018291    99.380    99.530
  44     0.028120    99.203     0.022668    99.320    99.530
  45     0.026409    99.208     0.027316    99.210    99.530
  46     0.025393    99.267     0.022935    99.360    99.530
  47     0.026804    99.253     0.018463    99.350    99.530
  48     0.026871    99.247     0.016767    99.560    99.560
  49     0.025943    99.243     0.031388    99.020    99.560
  50     0.025418    99.222     0.016753    99.500    99.560
  51     0.024399    99.337     0.020417    99.550    99.560
  52     0.023800    99.332     0.021041    99.420    99.560
  53     0.023946    99.312     0.021291    99.280    99.560
  54     0.023451    99.312     0.020897    99.400    99.560
  55     0.023759    99.293     0.022962    99.390    99.560
  56     0.024479    99.273     0.020719    99.340    99.560
  57     0.022808    99.368     0.014663    99.490    99.560
  58     0.022772    99.313     0.015929    99.490    99.560
  59     0.022094    99.355     0.022480    99.310    99.560
  60     0.022864    99.292     0.024391    99.200    99.560
  61     0.021340    99.387     0.015259    99.570    99.570
  62     0.022468    99.385     0.019317    99.410    99.570
  63     0.020660    99.392     0.019945    99.470    99.570
  64     0.020942    99.400     0.018744    99.490    99.570
  65     0.020192    99.372     0.015881    99.540    99.570
  66     0.020548    99.393     0.015912    99.510    99.570
  67     0.019920    99.428     0.021251    99.430    99.570
  68     0.020718    99.397     0.017205    99.420    99.570
  69     0.018734    99.502     0.021002    99.400    99.570
  70     0.019546    99.435     0.016821    99.430    99.570
  71     0.020334    99.380     0.022544    99.280    99.570
  72     0.018939    99.450     0.016803    99.460    99.570
  73     0.017180    99.547     0.020632    99.340    99.570
  74     0.018531    99.467     0.014652    99.550    99.570
  75     0.019024    99.448     0.013469    99.520    99.570
  76     0.018975    99.437     0.013627    99.460    99.570
  77     0.017903    99.458     0.014338    99.550    99.570
  78     0.018468    99.448     0.014494    99.560    99.570
  79     0.018481    99.458     0.021864    99.410    99.570
  80     0.017944    99.480     0.016199    99.490    99.570
  81     0.017785    99.505     0.015519    99.530    99.570
  82     0.017993    99.453     0.017244    99.510    99.570
  83     0.017654    99.477     0.016118    99.510    99.570
  84     0.016630    99.493     0.015885    99.450    99.570
  85     0.017281    99.485     0.014667    99.550    99.570
  86     0.016206    99.520     0.015511    99.510    99.570
  87     0.017061    99.520     0.016181    99.520    99.570
  88     0.016937    99.493     0.015235    99.500    99.570
  89     0.015325    99.550     0.015341    99.570    99.570
  90     0.016117    99.493     0.014361    99.540    99.570
  91     0.015141    99.578     0.016758    99.470    99.570
  92     0.015932    99.528     0.014248    99.540    99.570
  93     0.016702    99.503     0.014731    99.560    99.570
  94     0.016707    99.498     0.013313    99.550    99.570
  95     0.015231    99.543     0.015234    99.450    99.570
  96     0.014203    99.593     0.014672    99.490    99.570
  97     0.016052    99.522     0.014990    99.460    99.570
  98     0.015596    99.522     0.013431    99.590    99.590
  99     0.015193    99.555     0.014245    99.570    99.590
 100     0.013966    99.597     0.015080    99.540    99.590
 101     0.015255    99.575     0.015469    99.530    99.590
 102     0.015903    99.542     0.016088    99.530    99.590
 103     0.015181    99.558     0.013423    99.550    99.590
 104     0.014455    99.578     0.015918    99.500    99.590
 105     0.014484    99.577     0.013344    99.570    99.590
 106     0.015438    99.573     0.013650    99.570    99.590
 107     0.014325    99.570     0.013081    99.490    99.590
 108     0.014712    99.572     0.013440    99.550    99.590
 109     0.015047    99.567     0.015537    99.490    99.590
 110     0.013785    99.625     0.014130    99.520    99.590
 111     0.014040    99.615     0.013609    99.590    99.590
 112     0.013862    99.618     0.014005    99.550    99.590
 113     0.013799    99.615     0.013808    99.520    99.590
 114     0.013643    99.587     0.014430    99.500    99.590
 115     0.013476    99.585     0.012896    99.520    99.590
 116     0.013960    99.627     0.013701    99.490    99.590
 117     0.013709    99.597     0.013887    99.500    99.590
 118     0.014389    99.573     0.012808    99.530    99.590
 119     0.013290    99.643     0.014142    99.570    99.590
 120     0.013514    99.632     0.013056    99.580    99.590
 121     0.013024    99.622     0.013822    99.490    99.590
 122     0.013897    99.595     0.013922    99.510    99.590
 123     0.012753    99.632     0.013215    99.570    99.590
 124     0.014122    99.630     0.014691    99.540    99.590
 125     0.012951    99.623     0.014256    99.580    99.590
 126     0.013141    99.617     0.013647    99.580    99.590
 127     0.013508    99.630     0.013965    99.530    99.590
 128     0.013140    99.625     0.015507    99.550    99.590
 129     0.012197    99.670     0.012839    99.540    99.590
 130     0.012027    99.678     0.012794    99.530    99.590
 131     0.012604    99.643     0.012845    99.540    99.590
 132     0.011689    99.688     0.012725    99.570    99.590
 133     0.013281    99.607     0.015104    99.540    99.590
 134     0.013568    99.632     0.012981    99.590    99.590
 135     0.012090    99.667     0.012795    99.580    99.590
 136     0.012770    99.600     0.013098    99.590    99.590
 137     0.011835    99.662     0.012962    99.570    99.590
 138     0.011744    99.655     0.013614    99.540    99.590
 139     0.011903    99.672     0.014983    99.560    99.590
 140     0.014257    99.587     0.013784    99.550    99.590
 141     0.011927    99.653     0.013243    99.540    99.590
 142     0.011654    99.657     0.014014    99.590    99.590
 143     0.011999    99.663     0.013855    99.530    99.590
 144     0.011857    99.672     0.013312    99.570    99.590
 145     0.012585    99.637     0.013404    99.530    99.590
 146     0.012783    99.627     0.013340    99.540    99.590
 147     0.012147    99.685     0.013364    99.550    99.590
 148     0.011945    99.672     0.014067    99.470    99.590
 149     0.011923    99.663     0.013670    99.550    99.590
