   0     0.644384    88.610     0.281700    97.940    97.940
   1     0.283269    96.188     0.203563    98.750    98.750
   2     0.194383    97.017     0.150250    98.110    98.750
   3     0.150018    97.405     0.164674    96.900    98.750
   4     0.125505    97.675     0.129238    97.360    98.750
   5     0.107329    97.860     0.113573    98.630    98.750
   6     0.098697    97.915     0.106821    98.070    98.750
   7     0.086950    98.068     0.078171    98.380    98.750
   8     0.080355    98.100     0.048435    99.200    99.200
   9     0.073921    98.190     0.055028    98.760    99.200
  10     0.068681    98.252     0.056196    98.600    99.200
  11     0.064893    98.342     0.074850    98.460    99.200
  12     0.062583    98.375     0.069715    98.260    99.200
  13     0.059813    98.422     0.034863    99.160    99.200
  14     0.057406    98.505     0.040145    99.230    99.230
  15     0.054464    98.518     0.052339    98.970    99.230
  16     0.051859    98.555     0.038341    98.950    99.230
  17     0.049851    98.645     0.089082    97.870    99.230
  18     0.047713    98.668     0.189602    94.040    99.230
  19     0.047860    98.648     0.031871    99.180    99.230
  20     0.044095    98.782     0.157284    93.960    99.230
  21     0.044606    98.812     0.034246    99.050    99.230
  22     0.043066    98.837     0.055332    98.530    99.230
  23     0.043138    98.803     0.045502    99.010    99.230
  24     0.039675    98.887     0.051305    98.600    99.230
  25     0.039788    98.832     0.043747    98.630    99.230
  26     0.039589    98.898     0.021920    99.390    99.390
  27     0.036125    98.982     0.049323    98.690    99.390
  28     0.039374    98.823     0.033276    99.010    99.390
  29     0.036245    98.908     0.021953    99.270    99.390
  30     0.034751    99.025     0.104419    96.770    99.390
  31     0.036616    98.923     0.037637    98.940    99.390
  32     0.033285    99.060     0.021260    99.400    99.400
  33     0.033964    99.047     0.021733    99.410    99.410
  34     0.034014    99.058     0.018212    99.490    99.490
  35     0.031937    99.068     0.019135    99.400    99.490
  36     0.030896    99.090     0.020384    99.410    99.490
  37     0.031222    99.095     0.029326    99.090    99.490
  38     0.032249    99.050     0.020040    99.360    99.490
  39     0.029745    99.115     0.059621    98.160    99.490
  40     0.029445    99.123     0.022607    99.300    99.490
  41     0.027591    99.218     0.021119    99.320    99.490
  42     0.028348    99.178     0.017444    99.480    99.490
  43     0.027291    99.193     0.026514    99.170    99.490
  44     0.027320    99.237     0.021094    99.410    99.490
  45     0.026382    99.203     0.022117    99.330    99.490
  46     0.026484    99.208     0.029198    99.160    99.490
  47     0.026741    99.213     0.016343    99.490    99.490
  48     0.026373    99.213     0.015139    99.580    99.580
  49     0.026152    99.240     0.018604    99.400    99.580
  50     0.024557    99.265     0.024997    99.410    99.580
  51     0.024855    99.242     0.018829    99.440    99.580
  52     0.024474    99.277     0.017789    99.470    99.580
  53     0.024053    99.308     0.019427    99.370    99.580
  54     0.022791    99.382     0.017486    99.420    99.580
  55     0.023740    99.322     0.015168    99.550    99.580
  56     0.023498    99.327     0.015868    99.500    99.580
  57     0.022657    99.330     0.022746    99.290    99.580
  58     0.023149    99.297     0.018857    99.410    99.580
  59     0.023686    99.280     0.017808    99.380    99.580
  60     0.022119    99.342     0.019830    99.420    99.580
  61     0.022655    99.333     0.013212    99.610    99.610
  62     0.021055    99.392     0.015343    99.520    99.610
  63     0.021919    99.355     0.016364    99.460    99.610
  64     0.021223    99.408     0.015354    99.580    99.610
  65     0.021532    99.330     0.014563    99.540    99.610
  66     0.021022    99.377     0.016246    99.490    99.610
  67     0.020232    99.427     0.015776    99.550    99.610
  68     0.019383    99.440     0.019847    99.450    99.610
  69     0.019622    99.432     0.017534    99.440    99.610
  70     0.019721    99.437     0.014177    99.560    99.610
  71     0.018701    99.455     0.014362    99.600    99.610
  72     0.019948    99.407     0.015665    99.520    99.610
  73     0.020097    99.433     0.017036    99.500    99.610
  74     0.018135    99.483     0.016866    99.510    99.610
  75     0.018131    99.475     0.019365    99.390    99.610
  76     0.018582    99.457     0.016484    99.420    99.610
  77     0.018646    99.453     0.016176    99.440    99.610
  78     0.017843    99.485     0.014643    99.580    99.610
  79     0.018839    99.433     0.016362    99.490    99.610
  80     0.017835    99.478     0.014729    99.470    99.610
  81     0.018186    99.485     0.015298    99.520    99.610
  82     0.017574    99.487     0.014547    99.470    99.610
  83     0.017696    99.475     0.016904    99.400    99.610
  84     0.016366    99.518     0.017999    99.390    99.610
  85     0.016526    99.543     0.017941    99.450    99.610
  86     0.017231    99.500     0.014092    99.540    99.610
  87     0.016366    99.512     0.014671    99.510    99.610
  88     0.017066    99.488     0.013818    99.590    99.610
  89     0.016725    99.518     0.015436    99.520    99.610
  90     0.016224    99.515     0.015082    99.550    99.610
  91     0.016720    99.517     0.015044    99.540    99.610
  92     0.016719    99.530     0.014186    99.560    99.610
  93     0.016781    99.523     0.016894    99.520    99.610
  94     0.016129    99.535     0.017510    99.430    99.610
  95     0.015639    99.520     0.014823    99.560    99.610
  96     0.014973    99.593     0.016939    99.490    99.610
  97     0.016249    99.535     0.015329    99.550    99.610
  98     0.015841    99.550     0.015704    99.440    99.610
  99     0.014967    99.608     0.013812    99.550    99.610
 100     0.015554    99.557     0.015232    99.530    99.610
 101     0.015439    99.560     0.014117    99.520    99.610
 102     0.015509    99.573     0.016688    99.420    99.610
 103     0.014325    99.587     0.015162    99.500    99.610
 104     0.015324    99.538     0.015795    99.530    99.610
 105     0.013773    99.630     0.014607    99.560    99.610
 106     0.014573    99.575     0.014989    99.490    99.610
 107     0.014810    99.560     0.016020    99.470    99.610
 108     0.014487    99.588     0.014482    99.560    99.610
 109     0.013065    99.628     0.014971    99.520    99.610
 110     0.013682    99.597     0.015168    99.550    99.610
 111     0.015215    99.547     0.013269    99.600    99.610
 112     0.014259    99.592     0.013610    99.530    99.610
 113     0.013263    99.628     0.014807    99.550    99.610
 114     0.014153    99.637     0.014310    99.550    99.610
 115     0.013859    99.585     0.016232    99.430    99.610
 116     0.013626    99.600     0.014858    99.540    99.610
 117     0.014442    99.582     0.014592    99.550    99.610
 118     0.013601    99.653     0.013743    99.600    99.610
 119     0.013387    99.605     0.015002    99.530    99.610
 120     0.014119    99.595     0.015208    99.520    99.610
 121     0.012991    99.660     0.014233    99.550    99.610
 122     0.013081    99.598     0.014504    99.560    99.610
 123     0.013330    99.607     0.013433    99.590    99.610
 124     0.013311    99.622     0.014065    99.580    99.610
 125     0.012692    99.645     0.013632    99.580    99.610
 126     0.012616    99.647     0.013148    99.570    99.610
 127     0.012447    99.642     0.013898    99.560    99.610
 128     0.013532    99.605     0.013441    99.540    99.610
 129     0.013577    99.583     0.013527    99.560    99.610
 130     0.012570    99.630     0.013209    99.580    99.610
 131     0.013175    99.623     0.013304    99.550    99.610
 132     0.012690    99.637     0.014571    99.550    99.610
 133     0.012102    99.663     0.013617    99.570    99.610
 134     0.012243    99.640     0.013867    99.560    99.610
 135     0.011758    99.678     0.014078    99.540    99.610
 136     0.012797    99.627     0.013938    99.560    99.610
 137     0.012320    99.667     0.013671    99.580    99.610
 138     0.012496    99.648     0.013831    99.530    99.610
 139     0.012032    99.640     0.013482    99.590    99.610
 140     0.011335    99.687     0.013327    99.560    99.610
 141     0.012246    99.662     0.014498    99.540    99.610
 142     0.011836    99.670     0.013345    99.590    99.610
 143     0.011858    99.708     0.014211    99.590    99.610
 144     0.012191    99.680     0.013890    99.550    99.610
 145     0.011775    99.685     0.014902    99.490    99.610
 146     0.012708    99.627     0.014430    99.470    99.610
 147     0.012054    99.668     0.013631    99.540    99.610
 148     0.012609    99.643     0.013961    99.540    99.610
 149     0.012380    99.633     0.014547    99.550    99.610
