   0     0.642846    88.578     0.250635    97.960    97.960
   1     0.281594    96.265     0.156819    98.450    98.450
   2     0.194211    97.027     0.155187    98.280    98.450
   3     0.151534    97.388     0.130777    98.580    98.580
   4     0.125727    97.532     0.121846    97.770    98.580
   5     0.108185    97.788     0.212988    94.750    98.580
   6     0.095364    97.990     0.068614    98.710    98.710
   7     0.086336    98.065     0.061669    99.020    99.020
   8     0.079784    98.127     0.082612    98.660    99.020
   9     0.071804    98.333     0.066767    98.810    99.020
  10     0.070088    98.178     0.077812    98.660    99.020
  11     0.063599    98.422     0.224384    92.990    99.020
  12     0.061410    98.383     0.167648    94.370    99.020
  13     0.058524    98.440     0.054788    98.700    99.020
  14     0.054715    98.528     0.049804    98.830    99.020
  15     0.053376    98.513     0.105019    97.660    99.020
  16     0.050996    98.573     0.053404    98.800    99.020
  17     0.050327    98.607     0.387537    85.910    99.020
  18     0.048638    98.760     0.122560    96.740    99.020
  19     0.046389    98.690     0.090103    97.150    99.020
  20     0.044020    98.728     0.033071    99.160    99.160
  21     0.043555    98.775     0.123787    95.950    99.160
  22     0.041188    98.888     0.056502    98.480    99.160
  23     0.041705    98.808     0.034058    99.170    99.170
  24     0.039588    98.910     0.020890    99.480    99.480
  25     0.040135    98.912     0.024143    99.350    99.480
  26     0.038069    98.947     0.031921    99.130    99.480
  27     0.036746    98.985     0.035685    99.180    99.480
  28     0.035880    98.957     0.032835    99.200    99.480
  29     0.035025    98.965     0.032521    98.990    99.480
  30     0.034377    99.020     0.021575    99.310    99.480
  31     0.035146    99.012     0.021982    99.340    99.480
  32     0.034349    98.993     0.027010    99.190    99.480
  33     0.033960    98.983     0.026038    99.220    99.480
  34     0.032575    99.037     0.024199    99.480    99.480
  35     0.031362    99.082     0.019516    99.430    99.480
  36     0.032617    99.098     0.034345    99.040    99.480
  37     0.030076    99.135     0.018029    99.640    99.640
  38     0.029253    99.135     0.017438    99.510    99.640
  39     0.028978    99.123     0.021044    99.410    99.640
  40     0.030418    99.120     0.019787    99.390    99.640
  41     0.028402    99.143     0.020092    99.460    99.640
  42     0.026848    99.215     0.017003    99.510    99.640
  43     0.025486    99.232     0.017267    99.520    99.640
  44     0.026457    99.240     0.016484    99.520    99.640
  45     0.025257    99.283     0.015611    99.560    99.640
  46     0.025657    99.210     0.018982    99.500    99.640
  47     0.027245    99.222     0.019802    99.370    99.640
  48     0.025231    99.273     0.018496    99.490    99.640
  49     0.024178    99.288     0.019669    99.440    99.640
  50     0.024727    99.258     0.023753    99.310    99.640
  51     0.024823    99.287     0.023032    99.400    99.640
  52     0.023872    99.320     0.019549    99.430    99.640
  53     0.022791    99.343     0.023214    99.360    99.640
  54     0.022933    99.327     0.017486    99.550    99.640
  55     0.024199    99.312     0.016494    99.550    99.640
  56     0.022652    99.347     0.016847    99.540    99.640
  57     0.022232    99.348     0.013841    99.590    99.640
  58     0.022922    99.335     0.016345    99.520    99.640
  59     0.022427    99.345     0.017305    99.430    99.640
  60     0.021950    99.353     0.015743    99.480    99.640
  61     0.022108    99.343     0.015944    99.470    99.640
  62     0.021883    99.360     0.019140    99.410    99.640
  63     0.021604    99.393     0.015382    99.550    99.640
  64     0.020471    99.397     0.016203    99.580    99.640
  65     0.020764    99.418     0.014734    99.660    99.660
  66     0.020473    99.400     0.014326    99.590    99.660
  67     0.019369    99.440     0.015483    99.570    99.660
  68     0.018543    99.475     0.020725    99.400    99.660
  69     0.019100    99.457     0.014169    99.550    99.660
  70     0.018650    99.457     0.016423    99.570    99.660
  71     0.019457    99.443     0.015331    99.570    99.660
  72     0.018563    99.475     0.015258    99.610    99.660
  73     0.019219    99.443     0.016815    99.430    99.660
  74     0.017627    99.485     0.014768    99.550    99.660
  75     0.017537    99.480     0.015050    99.560    99.660
  76     0.018651    99.460     0.017514    99.460    99.660
  77     0.017429    99.485     0.016752    99.540    99.660
  78     0.017783    99.475     0.017643    99.470    99.660
  79     0.017773    99.477     0.013733    99.530    99.660
  80     0.018475    99.453     0.013613    99.590    99.660
  81     0.016967    99.512     0.015257    99.490    99.660
  82     0.018348    99.468     0.015407    99.540    99.660
  83     0.016432    99.487     0.021273    99.400    99.660
  84     0.017048    99.508     0.012817    99.620    99.660
  85     0.016354    99.543     0.015168    99.620    99.660
  86     0.016189    99.525     0.017248    99.580    99.660
  87     0.016121    99.517     0.014671    99.550    99.660
  88     0.016384    99.513     0.014368    99.610    99.660
  89     0.016625    99.513     0.014030    99.560    99.660
  90     0.016189    99.528     0.012906    99.630    99.660
  91     0.016452    99.543     0.013427    99.610    99.660
  92     0.015950    99.540     0.012594    99.630    99.660
  93     0.016033    99.537     0.015319    99.570    99.660
  94     0.015157    99.542     0.012748    99.640    99.660
  95     0.013784    99.597     0.014653    99.510    99.660
  96     0.014908    99.565     0.014949    99.540    99.660
  97     0.014017    99.612     0.016675    99.480    99.660
  98     0.015678    99.560     0.014288    99.560    99.660
  99     0.013600    99.615     0.015103    99.550    99.660
 100     0.014901    99.567     0.013656    99.600    99.660
 101     0.014573    99.600     0.013636    99.610    99.660
 102     0.015039    99.540     0.014317    99.540    99.660
 103     0.015099    99.573     0.013370    99.600    99.660
 104     0.014656    99.582     0.013639    99.580    99.660
 105     0.013618    99.620     0.014287    99.540    99.660
 106     0.014217    99.582     0.013172    99.610    99.660
 107     0.014287    99.577     0.013678    99.590    99.660
 108     0.014079    99.627     0.013213    99.590    99.660
 109     0.014555    99.577     0.013372    99.620    99.660
 110     0.014402    99.605     0.013463    99.600    99.660
 111     0.013887    99.593     0.012642    99.600    99.660
 112     0.014154    99.595     0.013905    99.570    99.660
 113     0.012736    99.635     0.015326    99.560    99.660
 114     0.013975    99.590     0.014942    99.540    99.660
 115     0.013497    99.618     0.013892    99.570    99.660
 116     0.014245    99.558     0.014879    99.570    99.660
 117     0.013303    99.622     0.012912    99.580    99.660
 118     0.013017    99.617     0.013539    99.560    99.660
 119     0.013030    99.638     0.014862    99.560    99.660
 120     0.013220    99.598     0.013833    99.540    99.660
 121     0.012928    99.628     0.013624    99.580    99.660
 122     0.013631    99.612     0.013882    99.580    99.660
 123     0.012193    99.668     0.012944    99.570    99.660
 124     0.011747    99.667     0.013724    99.560    99.660
 125     0.012949    99.652     0.014025    99.600    99.660
 126     0.012528    99.657     0.014525    99.570    99.660
 127     0.012369    99.662     0.014166    99.560    99.660
 128     0.014090    99.605     0.013663    99.560    99.660
 129     0.012754    99.640     0.014496    99.510    99.660
 130     0.012580    99.643     0.013221    99.570    99.660
 131     0.012769    99.637     0.014612    99.570    99.660
 132     0.011861    99.677     0.014136    99.520    99.660
 133     0.012410    99.657     0.013676    99.610    99.660
 134     0.012998    99.627     0.014146    99.570    99.660
 135     0.012210    99.647     0.013602    99.600    99.660
 136     0.012329    99.643     0.013645    99.570    99.660
 137     0.013158    99.618     0.013895    99.530    99.660
 138     0.012374    99.648     0.014090    99.560    99.660
 139     0.012047    99.682     0.014282    99.570    99.660
 140     0.011608    99.677     0.014839    99.590    99.660
 141     0.012248    99.658     0.014083    99.540    99.660
 142     0.011804    99.660     0.014164    99.560    99.660
 143     0.012299    99.653     0.013383    99.590    99.660
 144     0.011656    99.683     0.013517    99.560    99.660
 145     0.011213    99.703     0.013983    99.580    99.660
 146     0.011328    99.692     0.014082    99.540    99.660
 147     0.011277    99.677     0.014143    99.530    99.660
 148     0.012561    99.645     0.014492    99.510    99.660
 149     0.012094    99.663     0.014432    99.550    99.660
