   0     0.646204    88.697     0.250915    98.030    98.030
   1     0.287659    96.045     0.180244    98.170    98.170
   2     0.196367    97.013     0.244587    95.700    98.170
   3     0.152875    97.382     0.131915    97.970    98.170
   4     0.127243    97.628     0.064612    99.130    99.130
   5     0.110099    97.733     0.125244    97.900    99.130
   6     0.098060    97.823     0.083925    99.120    99.130
   7     0.088424    98.008     0.050077    99.250    99.250
   8     0.080980    98.095     0.103303    98.520    99.250
   9     0.074273    98.207     0.063817    98.430    99.250
  10     0.068300    98.378     0.078278    98.650    99.250
  11     0.065300    98.353     0.069924    98.660    99.250
  12     0.062513    98.425     0.083347    97.850    99.250
  13     0.059287    98.427     0.076495    98.330    99.250
  14     0.056401    98.505     0.038374    99.020    99.250
  15     0.056273    98.470     0.159078    94.830    99.250
  16     0.053862    98.497     0.101757    97.300    99.250
  17     0.050391    98.642     0.052835    98.850    99.250
  18     0.047949    98.673     0.075160    98.350    99.250
  19     0.048431    98.597     0.070764    98.320    99.250
  20     0.045709    98.748     0.018764    99.560    99.560
  21     0.044463    98.777     0.109978    96.400    99.560
  22     0.042295    98.862     0.065873    98.540    99.560
  23     0.043266    98.780     0.033308    99.270    99.560
  24     0.040069    98.850     0.034200    99.160    99.560
  25     0.039889    98.840     0.155424    94.260    99.560
  26     0.038086    98.908     0.023409    99.440    99.560
  27     0.037939    98.890     0.023429    99.320    99.560
  28     0.037845    98.908     0.016234    99.590    99.590
  29     0.036512    98.932     0.030807    99.220    99.590
  30     0.034427    98.992     0.023698    99.360    99.590
  31     0.034321    99.013     0.031178    99.190    99.590
  32     0.034195    99.060     0.081630    97.800    99.590
  33     0.034614    98.980     0.086805    97.370    99.590
  34     0.033648    99.013     0.016623    99.580    99.590
  35     0.032815    99.018     0.016699    99.510    99.590
  36     0.031905    99.063     0.022634    99.420    99.590
  37     0.032924    99.047     0.016860    99.540    99.590
  38     0.031321    99.093     0.021085    99.480    99.590
  39     0.030210    99.122     0.021268    99.440    99.590
  40     0.029101    99.168     0.022695    99.400    99.590
  41     0.029601    99.115     0.019793    99.440    99.590
  42     0.027401    99.198     0.026050    99.290    99.590
  43     0.027932    99.203     0.015891    99.500    99.590
  44     0.029621    99.147     0.020814    99.400    99.590
  45     0.026704    99.217     0.016777    99.540    99.590
  46     0.026711    99.243     0.017551    99.490    99.590
  47     0.028286    99.150     0.016557    99.520    99.590
  48     0.025962    99.243     0.018581    99.460    99.590
  49     0.025846    99.293     0.017405    99.550    99.590
  50     0.024216    99.290     0.024941    99.260    99.590
  51     0.026073    99.233     0.019457    99.460    99.590
  52     0.025394    99.213     0.019969    99.400    99.590
  53     0.025721    99.245     0.019545    99.380    99.590
  54     0.024737    99.240     0.017093    99.490    99.590
  55     0.022679    99.330     0.017766    99.520    99.590
  56     0.022653    99.335     0.025241    99.240    99.590
  57     0.024508    99.285     0.016849    99.490    99.590
  58     0.024435    99.252     0.017841    99.500    99.590
  59     0.022257    99.330     0.020301    99.400    99.590
  60     0.021876    99.387     0.016192    99.590    99.590
  61     0.022258    99.342     0.015131    99.520    99.590
  62     0.021467    99.387     0.016065    99.520    99.590
  63     0.021465    99.370     0.015874    99.530    99.590
  64     0.020613    99.372     0.029035    99.160    99.590
  65     0.022339    99.357     0.015936    99.540    99.590
  66     0.020185    99.427     0.018022    99.460    99.590
  67     0.020849    99.453     0.020332    99.360    99.590
  68     0.019744    99.450     0.016775    99.540    99.590
  69     0.020553    99.407     0.018764    99.500    99.590
  70     0.020269    99.372     0.014618    99.550    99.590
  71     0.019883    99.425     0.017387    99.460    99.590
  72     0.019828    99.413     0.016744    99.410    99.590
  73     0.018858    99.447     0.016313    99.510    99.590
  74     0.019482    99.455     0.023721    99.370    99.590
  75     0.019376    99.438     0.015354    99.530    99.590
  76     0.018512    99.468     0.017240    99.500    99.590
  77     0.018297    99.465     0.012864    99.630    99.630
  78     0.019490    99.395     0.013692    99.610    99.630
  79     0.018704    99.470     0.016929    99.510    99.630
  80     0.018312    99.460     0.018337    99.430    99.630
  81     0.018118    99.478     0.015992    99.570    99.630
  82     0.018101    99.475     0.017911    99.540    99.630
  83     0.017426    99.507     0.014430    99.590    99.630
  84     0.016782    99.543     0.016725    99.500    99.630
  85     0.016151    99.518     0.014470    99.540    99.630
  86     0.016710    99.515     0.021103    99.340    99.630
  87     0.016882    99.528     0.014345    99.580    99.630
  88     0.016000    99.548     0.014973    99.600    99.630
  89     0.016473    99.538     0.013630    99.620    99.630
  90     0.015208    99.585     0.012746    99.600    99.630
  91     0.016289    99.520     0.014952    99.550    99.630
  92     0.017377    99.507     0.012966    99.580    99.630
  93     0.015079    99.572     0.013085    99.620    99.630
  94     0.015265    99.547     0.013948    99.590    99.630
  95     0.015610    99.557     0.015661    99.580    99.630
  96     0.016235    99.535     0.014723    99.590    99.630
  97     0.016055    99.523     0.015466    99.610    99.630
  98     0.015931    99.548     0.012655    99.610    99.630
  99     0.015429    99.533     0.012741    99.610    99.630
 100     0.015399    99.555     0.013665    99.610    99.630
 101     0.015023    99.565     0.015535    99.490    99.630
 102     0.015975    99.537     0.014449    99.540    99.630
 103     0.016334    99.515     0.013105    99.670    99.670
 104     0.015204    99.555     0.013537    99.590    99.670
 105     0.015323    99.542     0.012935    99.640    99.670
 106     0.015895    99.533     0.012665    99.630    99.670
 107     0.014195    99.612     0.013867    99.600    99.670
 108     0.014285    99.572     0.013290    99.620    99.670
 109     0.013699    99.590     0.013489    99.580    99.670
 110     0.014704    99.582     0.013196    99.570    99.670
 111     0.013657    99.605     0.013959    99.570    99.670
 112     0.014190    99.598     0.012421    99.660    99.670
 113     0.013789    99.600     0.012570    99.640    99.670
 114     0.013899    99.617     0.013784    99.540    99.670
 115     0.013448    99.633     0.012295    99.620    99.670
 116     0.013318    99.615     0.012850    99.630    99.670
 117     0.013888    99.575     0.013288    99.530    99.670
 118     0.013134    99.628     0.013927    99.580    99.670
 119     0.013865    99.607     0.013297    99.650    99.670
 120     0.013916    99.617     0.013004    99.620    99.670
 121     0.013645    99.585     0.014991    99.500    99.670
 122     0.013587    99.622     0.013723    99.540    99.670
 123     0.013808    99.602     0.013234    99.550    99.670
 124     0.013049    99.642     0.012155    99.650    99.670
 125     0.013393    99.628     0.012609    99.600    99.670
 126     0.012798    99.647     0.012844    99.620    99.670
 127     0.012738    99.630     0.014124    99.590    99.670
 128     0.012595    99.640     0.012062    99.600    99.670
 129     0.012650    99.643     0.012941    99.590    99.670
 130     0.013596    99.620     0.014271    99.560    99.670
 131     0.011506    99.670     0.012097    99.630    99.670
 132     0.012854    99.647     0.012503    99.590    99.670
 133     0.012494    99.630     0.011877    99.660    99.670
 134     0.012598    99.637     0.012682    99.620    99.670
 135     0.012805    99.623     0.012385    99.650    99.670
 136     0.011764    99.665     0.012340    99.690    99.690
 137     0.012590    99.628     0.011920    99.650    99.690
 138     0.012415    99.627     0.012047    99.620    99.690
 139     0.011625    99.665     0.012368    99.580    99.690
 140     0.012772    99.638     0.011976    99.610    99.690
 141     0.012091    99.672     0.011879    99.610    99.690
 142     0.011914    99.653     0.012814    99.600    99.690
 143     0.012725    99.638     0.011920    99.670    99.690
 144     0.012183    99.648     0.012752    99.620    99.690
 145     0.011768    99.648     0.012336    99.590    99.690
 146     0.013001    99.628     0.011909    99.620    99.690
 147     0.012448    99.635     0.012182    99.620    99.690
 148     0.012057    99.662     0.011704    99.610    99.690
 149     0.011818    99.640     0.011960    99.630    99.690
