   0     0.637439    88.857     0.289415    97.480    97.480
   1     0.281578    96.182     0.262322    95.900    97.480
   2     0.192488    97.007     0.118462    98.870    98.870
   3     0.150849    97.362     0.088106    99.010    99.010
   4     0.124618    97.733     0.089360    98.540    99.010
   5     0.106900    97.835     0.120221    98.510    99.010
   6     0.094290    97.970     0.064346    98.760    99.010
   7     0.086833    98.047     0.108337    97.610    99.010
   8     0.080110    98.088     0.051430    98.990    99.010
   9     0.074610    98.175     0.060820    98.680    99.010
  10     0.071147    98.195     0.056631    98.770    99.010
  11     0.067051    98.252     0.085444    98.320    99.010
  12     0.061332    98.438     0.138934    96.570    99.010
  13     0.060045    98.432     0.059987    98.620    99.010
  14     0.056423    98.505     0.038838    99.130    99.130
  15     0.055398    98.470     0.043373    98.970    99.130
  16     0.053057    98.537     0.098601    97.880    99.130
  17     0.051635    98.565     0.034349    99.250    99.250
  18     0.047222    98.715     0.065613    98.480    99.250
  19     0.047252    98.663     0.025901    99.280    99.280
  20     0.044175    98.727     0.025884    99.300    99.300
  21     0.043981    98.740     0.029580    99.210    99.300
  22     0.042705    98.835     0.021860    99.380    99.380
  23     0.042773    98.778     0.039008    98.910    99.380
  24     0.040475    98.797     0.038881    98.810    99.380
  25     0.039966    98.835     0.031681    99.130    99.380
  26     0.038829    98.883     0.018427    99.470    99.470
  27     0.039895    98.825     0.042843    98.800    99.470
  28     0.037663    98.938     0.028866    99.220    99.470
  29     0.035332    98.985     0.098072    97.070    99.470
  30     0.035331    98.943     0.037293    99.170    99.470
  31     0.033701    99.005     0.030125    99.120    99.470
  32     0.034307    98.992     0.022010    99.330    99.470
  33     0.031883    99.098     0.070898    98.080    99.470
  34     0.032353    99.052     0.038841    98.870    99.470
  35     0.032733    99.027     0.022752    99.390    99.470
  36     0.031827    99.103     0.039100    98.820    99.470
  37     0.030604    99.090     0.021661    99.260    99.470
  38     0.029407    99.120     0.020072    99.340    99.470
  39     0.029763    99.153     0.018469    99.440    99.470
  40     0.029745    99.127     0.031845    99.070    99.470
  41     0.027833    99.203     0.018885    99.390    99.470
  42     0.028735    99.155     0.023123    99.380    99.470
  43     0.027926    99.188     0.017384    99.520    99.520
  44     0.028188    99.200     0.016758    99.480    99.520
  45     0.026352    99.248     0.021143    99.390    99.520
  46     0.025852    99.243     0.017756    99.420    99.520
  47     0.027003    99.203     0.022553    99.410    99.520
  48     0.027014    99.217     0.019843    99.370    99.520
  49     0.025456    99.225     0.016214    99.460    99.520
  50     0.024305    99.312     0.022638    99.350    99.520
  51     0.024155    99.267     0.019365    99.490    99.520
  52     0.023770    99.345     0.018350    99.430    99.520
  53     0.023918    99.285     0.013405    99.620    99.620
  54     0.024065    99.298     0.019526    99.430    99.620
  55     0.023986    99.310     0.015195    99.510    99.620
  56     0.023171    99.272     0.024067    99.240    99.620
  57     0.022933    99.305     0.018634    99.440    99.620
  58     0.023065    99.277     0.025264    99.260    99.620
  59     0.022305    99.350     0.016395    99.540    99.620
  60     0.022206    99.322     0.015726    99.480    99.620
  61     0.023374    99.338     0.051132    98.730    99.620
  62     0.021491    99.377     0.016338    99.460    99.620
  63     0.021790    99.375     0.015548    99.520    99.620
  64     0.021595    99.368     0.018166    99.470    99.620
  65     0.021146    99.395     0.017773    99.470    99.620
  66     0.020486    99.415     0.018884    99.480    99.620
  67     0.019564    99.462     0.016439    99.480    99.620
  68     0.021269    99.353     0.017256    99.500    99.620
  69     0.020286    99.383     0.015439    99.520    99.620
  70     0.019782    99.422     0.016929    99.540    99.620
  71     0.019081    99.445     0.015422    99.480    99.620
  72     0.019964    99.398     0.016954    99.480    99.620
  73     0.020099    99.423     0.013986    99.540    99.620
  74     0.018458    99.478     0.015070    99.530    99.620
  75     0.018387    99.497     0.015311    99.500    99.620
  76     0.017850    99.432     0.015097    99.510    99.620
  77     0.018803    99.452     0.016637    99.520    99.620
  78     0.019334    99.428     0.018345    99.360    99.620
  79     0.017908    99.490     0.014095    99.560    99.620
  80     0.017855    99.488     0.017264    99.440    99.620
  81     0.017808    99.473     0.018004    99.470    99.620
  82     0.017414    99.493     0.017637    99.390    99.620
  83     0.017585    99.470     0.015999    99.510    99.620
  84     0.017137    99.513     0.015203    99.550    99.620
  85     0.017196    99.508     0.016784    99.530    99.620
  86     0.016716    99.510     0.016005    99.500    99.620
  87     0.016789    99.522     0.018165    99.450    99.620
  88     0.016796    99.505     0.016452    99.510    99.620
  89     0.016692    99.515     0.016275    99.470    99.620
  90     0.016654    99.512     0.017028    99.500    99.620
  91     0.015392    99.567     0.014663    99.540    99.620
  92     0.015829    99.548     0.016147    99.500    99.620
  93     0.015510    99.532     0.015577    99.510    99.620
  94     0.016061    99.520     0.017089    99.480    99.620
  95     0.016731    99.517     0.019615    99.440    99.620
  96     0.015954    99.533     0.015870    99.540    99.620
  97     0.015150    99.573     0.016653    99.510    99.620
  98     0.014955    99.587     0.017530    99.510    99.620
  99     0.015020    99.560     0.016832    99.520    99.620
 100     0.015740    99.552     0.017813    99.430    99.620
 101     0.015475    99.565     0.016733    99.490    99.620
 102     0.015196    99.565     0.016753    99.510    99.620
 103     0.015302    99.538     0.016929    99.510    99.620
 104     0.014476    99.613     0.015880    99.520    99.620
 105     0.013922    99.625     0.015447    99.520    99.620
 106     0.014058    99.612     0.015833    99.510    99.620
 107     0.013622    99.593     0.016473    99.480    99.620
 108     0.014548    99.578     0.015725    99.470    99.620
 109     0.014741    99.575     0.017748    99.450    99.620
 110     0.013930    99.618     0.015068    99.520    99.620
 111     0.013993    99.612     0.015590    99.510    99.620
 112     0.013860    99.598     0.015684    99.560    99.620
 113     0.014485    99.565     0.015631    99.530    99.620
 114     0.014197    99.648     0.015222    99.550    99.620
 115     0.014355    99.570     0.016225    99.510    99.620
 116     0.013915    99.595     0.016022    99.500    99.620
 117     0.013563    99.628     0.015463    99.550    99.620
 118     0.013484    99.628     0.015988    99.560    99.620
 119     0.013141    99.637     0.015496    99.520    99.620
 120     0.012491    99.660     0.015773    99.420    99.620
 121     0.013603    99.598     0.014697    99.540    99.620
 122     0.014656    99.570     0.014588    99.570    99.620
 123     0.013225    99.652     0.015360    99.560    99.620
 124     0.012321    99.647     0.015001    99.530    99.620
 125     0.013252    99.613     0.015355    99.490    99.620
 126     0.012913    99.657     0.015142    99.500    99.620
 127     0.013555    99.617     0.015391    99.540    99.620
 128     0.013920    99.572     0.015228    99.550    99.620
 129     0.012699    99.662     0.014716    99.570    99.620
 130     0.013244    99.628     0.014896    99.520    99.620
 131     0.012282    99.628     0.014359    99.560    99.620
 132     0.012564    99.678     0.013695    99.600    99.620
 133     0.012379    99.675     0.014030    99.560    99.620
 134     0.013222    99.638     0.014559    99.560    99.620
 135     0.013121    99.632     0.015518    99.490    99.620
 136     0.012564    99.660     0.014947    99.570    99.620
 137     0.012382    99.662     0.015277    99.580    99.620
 138     0.013464    99.618     0.014784    99.570    99.620
 139     0.011718    99.643     0.014173    99.550    99.620
 140     0.012648    99.648     0.014215    99.560    99.620
 141     0.012084    99.645     0.014730    99.540    99.620
 142     0.012689    99.633     0.014118    99.560    99.620
 143     0.012311    99.645     0.014045    99.570    99.620
 144     0.011648    99.683     0.014295    99.590    99.620
 145     0.012208    99.645     0.015759    99.520    99.620
 146     0.012458    99.655     0.014904    99.520    99.620
 147     0.012071    99.682     0.015466    99.560    99.620
 148     0.011933    99.647     0.016089    99.520    99.620
 149     0.012024    99.648     0.015353    99.530    99.620
