   0     0.652466    88.332     0.251018    98.310    98.310
   1     0.289323    95.988     0.208749    97.620    98.310
   2     0.194674    97.030     0.169910    98.130    98.310
   3     0.151008    97.415     0.149832    97.000    98.310
   4     0.128340    97.525     0.114979    98.260    98.310
   5     0.108665    97.833     0.099618    98.600    98.600
   6     0.096286    97.927     0.059590    99.120    99.120
   7     0.086590    98.095     0.149335    96.570    99.120
   8     0.079796    98.122     0.060412    98.480    99.120
   9     0.074046    98.170     0.086726    98.060    99.120
  10     0.069921    98.248     0.086929    97.870    99.120
  11     0.065206    98.393     0.132268    97.090    99.120
  12     0.061351    98.423     0.419854    84.200    99.120
  13     0.059574    98.418     0.044267    98.970    99.120
  14     0.056569    98.482     0.056667    98.630    99.120
  15     0.052861    98.600     0.043924    98.980    99.120
  16     0.051123    98.592     0.091121    97.520    99.120
  17     0.049460    98.667     0.061782    98.360    99.120
  18     0.046119    98.738     0.027927    99.230    99.230
  19     0.047185    98.722     0.022055    99.390    99.390
  20     0.045995    98.712     0.039008    99.070    99.390
  21     0.044270    98.775     0.028247    99.240    99.390
  22     0.041626    98.797     0.019671    99.420    99.420
  23     0.041307    98.802     0.044336    98.800    99.420
  24     0.040168    98.888     0.036167    98.950    99.420
  25     0.040262    98.830     0.154322    94.960    99.420
  26     0.037759    98.948     0.025649    99.330    99.420
  27     0.037026    99.007     0.162552    95.630    99.420
  28     0.037929    98.922     0.049326    98.660    99.420
  29     0.034756    99.013     0.022438    99.380    99.420
  30     0.035407    98.965     0.019756    99.400    99.420
  31     0.033458    99.048     0.034419    99.190    99.420
  32     0.032954    99.017     0.118585    95.860    99.420
  33     0.032669    99.043     0.023287    99.350    99.420
  34     0.032181    99.090     0.035093    99.270    99.420
  35     0.030625    99.095     0.019035    99.380    99.420
  36     0.033288    99.048     0.037165    98.880    99.420
  37     0.031258    99.082     0.016699    99.460    99.460
  38     0.029721    99.148     0.023557    99.330    99.460
  39     0.030532    99.130     0.014282    99.580    99.580
  40     0.028188    99.150     0.018826    99.470    99.580
  41     0.029101    99.143     0.016239    99.470    99.580
  42     0.026632    99.263     0.021202    99.380    99.580
  43     0.027226    99.230     0.013215    99.590    99.590
  44     0.026932    99.188     0.024269    99.250    99.590
  45     0.027590    99.173     0.018823    99.460    99.590
  46     0.026062    99.218     0.016101    99.480    99.590
  47     0.024822    99.252     0.013356    99.560    99.590
  48     0.025869    99.240     0.023359    99.290    99.590
  49     0.024045    99.320     0.015987    99.580    99.590
  50     0.023843    99.322     0.014546    99.540    99.590
  51     0.024590    99.273     0.018884    99.450    99.590
  52     0.025017    99.283     0.015227    99.540    99.590
  53     0.024403    99.280     0.013509    99.620    99.620
  54     0.023192    99.348     0.014766    99.570    99.620
  55     0.023079    99.340     0.015907    99.540    99.620
  56     0.023680    99.298     0.013318    99.560    99.620
  57     0.021233    99.405     0.019074    99.420    99.620
  58     0.022123    99.368     0.015087    99.540    99.620
  59     0.022027    99.367     0.018778    99.460    99.620
  60     0.021632    99.397     0.014117    99.540    99.620
  61     0.021141    99.373     0.013459    99.550    99.620
  62     0.020806    99.373     0.013992    99.600    99.620
  63     0.021390    99.400     0.022072    99.410    99.620
  64     0.019760    99.423     0.013691    99.530    99.620
  65     0.019643    99.427     0.016463    99.490    99.620
  66     0.019212    99.443     0.022004    99.320    99.620
  67     0.019013    99.450     0.018832    99.440    99.620
  68     0.019827    99.440     0.014277    99.580    99.620
  69     0.020672    99.373     0.013661    99.580    99.620
  70     0.019005    99.415     0.014211    99.590    99.620
  71     0.019193    99.430     0.013542    99.620    99.620
  72     0.019078    99.398     0.015080    99.570    99.620
  73     0.018281    99.457     0.011700    99.630    99.630
  74     0.018583    99.440     0.014146    99.540    99.630
  75     0.018699    99.462     0.014982    99.470    99.630
  76     0.016924    99.515     0.011888    99.630    99.630
  77     0.017989    99.468     0.014892    99.540    99.630
  78     0.017618    99.497     0.012744    99.590    99.630
  79     0.017298    99.508     0.013048    99.650    99.650
  80     0.017969    99.508     0.014099    99.560    99.650
  81     0.016375    99.523     0.022627    99.310    99.650
  82     0.016931    99.498     0.012833    99.610    99.650
  83     0.016384    99.552     0.012859    99.550    99.650
  84     0.016383    99.490     0.012459    99.620    99.650
  85     0.015832    99.528     0.013390    99.630    99.650
  86     0.016224    99.532     0.013448    99.570    99.650
  87     0.016409    99.518     0.012923    99.600    99.650
  88     0.016659    99.542     0.013179    99.600    99.650
  89     0.016060    99.508     0.012298    99.600    99.650
  90     0.016012    99.535     0.012133    99.590    99.650
  91     0.016395    99.528     0.011661    99.660    99.660
  92     0.016075    99.522     0.013339    99.580    99.660
  93     0.015279    99.610     0.011296    99.660    99.660
  94     0.015595    99.553     0.011504    99.620    99.660
  95     0.015206    99.575     0.011078    99.630    99.660
  96     0.015667    99.522     0.014844    99.490    99.660
  97     0.014997    99.543     0.012765    99.630    99.660
  98     0.014845    99.568     0.012749    99.620    99.660
  99     0.015320    99.563     0.012119    99.570    99.660
 100     0.014102    99.600     0.011863    99.700    99.700
 101     0.014751    99.585     0.012178    99.620    99.700
 102     0.015403    99.567     0.012520    99.620    99.700
 103     0.013644    99.607     0.012406    99.600    99.700
 104     0.013953    99.622     0.013231    99.600    99.700
 105     0.014322    99.588     0.011872    99.600    99.700
 106     0.014714    99.600     0.012189    99.580    99.700
 107     0.012717    99.670     0.012034    99.570    99.700
 108     0.014892    99.537     0.013744    99.640    99.700
 109     0.013526    99.618     0.012819    99.560    99.700
 110     0.013816    99.620     0.011434    99.660    99.700
 111     0.013923    99.602     0.012938    99.580    99.700
 112     0.012823    99.625     0.012986    99.570    99.700
 113     0.014121    99.568     0.011752    99.630    99.700
 114     0.012872    99.645     0.013161    99.590    99.700
 115     0.012929    99.633     0.012798    99.550    99.700
 116     0.013411    99.618     0.011881    99.580    99.700
 117     0.013771    99.602     0.012857    99.600    99.700
 118     0.013938    99.595     0.014510    99.580    99.700
 119     0.013029    99.635     0.013609    99.600    99.700
 120     0.012107    99.658     0.012394    99.590    99.700
 121     0.012222    99.648     0.011930    99.600    99.700
 122     0.013970    99.583     0.011586    99.620    99.700
 123     0.012492    99.668     0.012805    99.570    99.700
 124     0.012684    99.657     0.012478    99.620    99.700
 125     0.012865    99.633     0.011757    99.620    99.700
 126     0.012327    99.645     0.013321    99.600    99.700
 127     0.013362    99.652     0.011311    99.600    99.700
 128     0.012463    99.658     0.011626    99.640    99.700
 129     0.011180    99.707     0.011961    99.600    99.700
 130     0.011999    99.665     0.011889    99.580    99.700
 131     0.012675    99.633     0.012709    99.560    99.700
 132     0.012078    99.635     0.011359    99.640    99.700
 133     0.012113    99.668     0.011633    99.600    99.700
 134     0.012918    99.627     0.011589    99.610    99.700
 135     0.011983    99.672     0.012278    99.610    99.700
 136     0.012372    99.660     0.011396    99.600    99.700
 137     0.012897    99.662     0.011990    99.590    99.700
 138     0.012385    99.643     0.012253    99.610    99.700
 139     0.011758    99.675     0.012301    99.590    99.700
 140     0.012168    99.632     0.012425    99.570    99.700
 141     0.011981    99.648     0.012025    99.620    99.700
 142     0.011811    99.658     0.013119    99.550    99.700
 143     0.011650    99.658     0.011947    99.590    99.700
 144     0.010357    99.720     0.012279    99.540    99.700
 145     0.010561    99.707     0.011903    99.560    99.700
 146     0.011896    99.667     0.011926    99.600    99.700
 147     0.011951    99.640     0.011308    99.650    99.700
 148     0.010990    99.692     0.012186    99.580    99.700
 149     0.011719    99.675     0.012190    99.560    99.700
