   0     0.638427    88.823     0.265522    97.590    97.590
   1     0.286567    96.135     0.182282    98.350    98.350
   2     0.193230    97.037     0.155974    97.990    98.350
   3     0.152097    97.388     0.121569    98.460    98.460
   4     0.125624    97.600     0.902920    57.130    98.460
   5     0.107757    97.835     0.147966    97.260    98.460
   6     0.097029    97.898     0.081068    98.770    98.770
   7     0.086363    98.097     0.090212    98.880    98.880
   8     0.078818    98.168     0.537614    79.530    98.880
   9     0.076278    98.163     0.076464    98.790    98.880
  10     0.071317    98.173     0.058290    98.560    98.880
  11     0.065980    98.292     0.045259    99.080    99.080
  12     0.063453    98.345     0.038525    99.150    99.150
  13     0.057719    98.522     0.036338    99.150    99.150
  14     0.057860    98.433     0.055447    98.810    99.150
  15     0.053928    98.587     0.107659    97.400    99.150
  16     0.053506    98.525     0.066246    98.550    99.150
  17     0.050106    98.678     0.395789    87.240    99.150
  18     0.048554    98.690     0.041535    98.790    99.150
  19     0.049122    98.600     0.043227    98.960    99.150
  20     0.044638    98.747     0.998492    74.290    99.150
  21     0.045589    98.723     0.051484    98.580    99.150
  22     0.042657    98.797     0.051833    98.750    99.150
  23     0.041725    98.815     0.027707    99.120    99.150
  24     0.041657    98.820     0.020135    99.450    99.450
  25     0.041022    98.853     0.029798    99.240    99.450
  26     0.038655    98.858     0.027130    99.430    99.450
  27     0.037106    98.978     0.024475    99.290    99.450
  28     0.035519    98.988     0.019547    99.430    99.450
  29     0.037576    98.888     0.021503    99.390    99.450
  30     0.035491    99.013     0.032588    98.930    99.450
  31     0.035654    98.962     0.080264    97.920    99.450
  32     0.034536    98.987     0.025041    99.130    99.450
  33     0.035423    98.958     0.026578    99.280    99.450
  34     0.033762    99.020     0.021910    99.350    99.450
  35     0.032278    99.075     0.021024    99.450    99.450
  36     0.031512    99.100     0.018410    99.540    99.540
  37     0.030380    99.115     0.020822    99.370    99.540
  38     0.030641    99.115     0.024904    99.280    99.540
  39     0.030735    99.085     0.019681    99.500    99.540
  40     0.030714    99.123     0.018313    99.340    99.540
  41     0.029374    99.170     0.042250    98.870    99.540
  42     0.026972    99.257     0.019852    99.330    99.540
  43     0.028240    99.180     0.015020    99.520    99.540
  44     0.028364    99.160     0.015433    99.500    99.540
  45     0.028028    99.192     0.023789    99.230    99.540
  46     0.026152    99.232     0.023722    99.270    99.540
  47     0.026157    99.203     0.091688    97.330    99.540
  48     0.026399    99.243     0.018635    99.490    99.540
  49     0.025217    99.273     0.017732    99.560    99.560
  50     0.024709    99.268     0.120470    95.620    99.560
  51     0.025696    99.205     0.019097    99.350    99.560
  52     0.024172    99.295     0.014311    99.510    99.560
  53     0.023951    99.287     0.018406    99.430    99.560
  54     0.024764    99.258     0.015106    99.570    99.570
  55     0.024511    99.323     0.017080    99.480    99.570
  56     0.023128    99.340     0.014887    99.550    99.570
  57     0.023506    99.325     0.014468    99.540    99.570
  58     0.021382    99.363     0.046180    98.770    99.570
  59     0.021479    99.357     0.016836    99.480    99.570
  60     0.021806    99.338     0.018239    99.380    99.570
  61     0.020228    99.403     0.017414    99.430    99.570
  62     0.022084    99.343     0.021693    99.390    99.570
  63     0.021383    99.370     0.015590    99.490    99.570
  64     0.021823    99.333     0.012750    99.600    99.600
  65     0.021458    99.372     0.024323    99.260    99.600
  66     0.020768    99.400     0.025488    99.270    99.600
  67     0.021000    99.408     0.016448    99.470    99.600
  68     0.019815    99.445     0.015704    99.480    99.600
  69     0.019181    99.428     0.016579    99.460    99.600
  70     0.019272    99.455     0.017222    99.440    99.600
  71     0.019798    99.428     0.016899    99.410    99.600
  72     0.018054    99.487     0.013642    99.540    99.600
  73     0.018949    99.405     0.024316    99.250    99.600
  74     0.018874    99.430     0.016709    99.410    99.600
  75     0.018615    99.438     0.015856    99.440    99.600
  76     0.018463    99.438     0.015349    99.490    99.600
  77     0.018483    99.428     0.013660    99.500    99.600
  78     0.018539    99.457     0.017579    99.430    99.600
  79     0.017839    99.477     0.016987    99.480    99.600
  80     0.018079    99.487     0.015034    99.530    99.600
  81     0.018247    99.473     0.012063    99.580    99.600
  82     0.017938    99.497     0.015205    99.450    99.600
  83     0.017829    99.445     0.014082    99.570    99.600
  84     0.016697    99.542     0.016049    99.510    99.600
  85     0.016527    99.502     0.016434    99.560    99.600
  86     0.018155    99.472     0.014047    99.550    99.600
  87     0.016191    99.518     0.012719    99.580    99.600
  88     0.016322    99.542     0.012990    99.660    99.660
  89     0.017065    99.487     0.012338    99.620    99.660
  90     0.016822    99.515     0.012351    99.600    99.660
  91     0.015920    99.535     0.013485    99.600    99.660
  92     0.016531    99.515     0.013286    99.570    99.660
  93     0.016303    99.490     0.015479    99.480    99.660
  94     0.015796    99.538     0.013855    99.570    99.660
  95     0.016049    99.515     0.016024    99.500    99.660
  96     0.014918    99.553     0.015249    99.560    99.660
  97     0.015337    99.547     0.013728    99.550    99.660
  98     0.015438    99.533     0.014250    99.560    99.660
  99     0.015070    99.557     0.013727    99.620    99.660
 100     0.014313    99.578     0.013820    99.600    99.660
 101     0.015286    99.552     0.013111    99.560    99.660
 102     0.015286    99.558     0.013531    99.580    99.660
 103     0.015860    99.550     0.014785    99.580    99.660
 104     0.013558    99.628     0.012654    99.600    99.660
 105     0.013784    99.615     0.014861    99.560    99.660
 106     0.014140    99.587     0.013993    99.580    99.660
 107     0.014335    99.568     0.011739    99.630    99.660
 108     0.014467    99.592     0.012294    99.590    99.660
 109     0.013899    99.573     0.013038    99.640    99.660
 110     0.014573    99.550     0.012459    99.680    99.680
 111     0.013432    99.620     0.012049    99.630    99.680
 112     0.013515    99.627     0.012546    99.630    99.680
 113     0.012718    99.637     0.012697    99.600    99.680
 114     0.013882    99.602     0.012122    99.630    99.680
 115     0.013408    99.637     0.013343    99.610    99.680
 116     0.013354    99.622     0.012918    99.550    99.680
 117     0.013475    99.625     0.012350    99.580    99.680
 118     0.014532    99.627     0.012334    99.630    99.680
 119     0.012787    99.638     0.011764    99.620    99.680
 120     0.013103    99.623     0.011821    99.630    99.680
 121     0.013845    99.607     0.013905    99.580    99.680
 122     0.013806    99.595     0.013730    99.590    99.680
 123     0.013092    99.635     0.012799    99.600    99.680
 124     0.012973    99.618     0.013092    99.550    99.680
 125     0.013635    99.598     0.014067    99.550    99.680
 126     0.013558    99.612     0.016184    99.500    99.680
 127     0.013568    99.612     0.013362    99.570    99.680
 128     0.012339    99.653     0.012727    99.580    99.680
 129     0.013007    99.623     0.011976    99.620    99.680
 130     0.011980    99.683     0.012371    99.570    99.680
 131     0.012210    99.643     0.013823    99.580    99.680
 132     0.012266    99.657     0.013215    99.620    99.680
 133     0.012564    99.625     0.013514    99.600    99.680
 134     0.012652    99.643     0.013608    99.570    99.680
 135     0.012924    99.630     0.012643    99.600    99.680
 136     0.012741    99.640     0.013212    99.610    99.680
 137     0.012364    99.653     0.013580    99.540    99.680
 138     0.012196    99.657     0.013460    99.600    99.680
 139     0.011160    99.680     0.014519    99.580    99.680
 140     0.012260    99.663     0.012318    99.600    99.680
 141     0.011431    99.662     0.012314    99.560    99.680
 142     0.013263    99.613     0.012147    99.590    99.680
 143     0.012154    99.640     0.012173    99.610    99.680
 144     0.012563    99.612     0.012663    99.590    99.680
 145     0.011125    99.698     0.011876    99.630    99.680
 146     0.012231    99.657     0.012096    99.660    99.680
 147     0.011907    99.645     0.012580    99.630    99.680
 148     0.012438    99.638     0.012422    99.580    99.680
 149     0.012351    99.645     0.012604    99.580    99.680
