   0     0.637210    88.820     0.239789    98.390    98.390
   1     0.283370    96.130     0.199769    98.150    98.390
   2     0.192497    97.088     0.118066    99.100    99.100
   3     0.151747    97.342     0.080861    98.930    99.100
   4     0.124242    97.728     0.154478    96.400    99.100
   5     0.108865    97.753     0.411357    84.870    99.100
   6     0.095032    98.043     0.162455    97.110    99.100
   7     0.089112    97.987     0.084970    98.460    99.100
   8     0.078425    98.182     0.065650    98.890    99.100
   9     0.074622    98.153     0.085190    98.070    99.100
  10     0.067952    98.305     0.056493    98.670    99.100
  11     0.064371    98.390     0.039830    99.220    99.220
  12     0.062279    98.375     0.058086    98.790    99.220
  13     0.057847    98.458     0.056861    98.720    99.220
  14     0.057335    98.463     0.031750    99.310    99.310
  15     0.053963    98.540     0.057816    98.640    99.310
  16     0.052680    98.578     0.066296    98.470    99.310
  17     0.049743    98.635     0.112780    97.040    99.310
  18     0.048096    98.662     0.029722    99.280    99.310
  19     0.047420    98.677     0.033367    99.060    99.310
  20     0.044464    98.748     0.042162    98.840    99.310
  21     0.045885    98.743     0.023567    99.370    99.370
  22     0.042508    98.817     0.157789    95.210    99.370
  23     0.041668    98.800     0.051148    98.660    99.370
  24     0.039665    98.917     0.040722    99.120    99.370
  25     0.039909    98.833     0.046206    98.750    99.370
  26     0.039019    98.893     0.019951    99.480    99.480
  27     0.038400    98.937     0.050691    98.380    99.480
  28     0.036965    98.927     0.075003    97.930    99.480
  29     0.036470    98.918     0.098069    96.940    99.480
  30     0.035119    98.988     0.035182    98.950    99.480
  31     0.035527    98.968     0.028688    99.290    99.480
  32     0.035034    99.010     0.059486    98.220    99.480
  33     0.033530    99.017     0.037684    99.020    99.480
  34     0.032528    99.095     0.018838    99.480    99.480
  35     0.032516    99.097     0.033191    99.080    99.480
  36     0.031821    99.128     0.016468    99.440    99.480
  37     0.030474    99.152     0.082043    97.650    99.480
  38     0.030267    99.137     0.022809    99.270    99.480
  39     0.029818    99.127     0.018337    99.480    99.480
  40     0.028338    99.197     0.015169    99.500    99.500
  41     0.029432    99.153     0.019441    99.490    99.500
  42     0.029560    99.125     0.036793    98.940    99.500
  43     0.027029    99.195     0.018859    99.410    99.500
  44     0.030079    99.112     0.018164    99.420    99.500
  45     0.028293    99.153     0.023084    99.300    99.500
  46     0.026592    99.258     0.017650    99.440    99.500
  47     0.027444    99.182     0.019479    99.410    99.500
  48     0.026717    99.182     0.018231    99.460    99.500
  49     0.025604    99.222     0.018675    99.430    99.500
  50     0.025390    99.267     0.020275    99.260    99.500
  51     0.024694    99.283     0.017626    99.380    99.500
  52     0.025551    99.250     0.014111    99.550    99.550
  53     0.022460    99.348     0.021530    99.340    99.550
  54     0.023680    99.302     0.015224    99.520    99.550
  55     0.022794    99.325     0.014072    99.510    99.550
  56     0.023272    99.342     0.016186    99.510    99.550
  57     0.023782    99.313     0.017569    99.500    99.550
  58     0.022208    99.353     0.020077    99.310    99.550
  59     0.022016    99.340     0.015976    99.470    99.550
  60     0.021590    99.380     0.022924    99.320    99.550
  61     0.022330    99.362     0.013884    99.600    99.600
  62     0.021010    99.372     0.017075    99.480    99.600
  63     0.021016    99.367     0.018448    99.450    99.600
  64     0.023018    99.288     0.013287    99.530    99.600
  65     0.021017    99.402     0.017285    99.480    99.600
  66     0.020501    99.393     0.016815    99.510    99.600
  67     0.019813    99.400     0.016712    99.430    99.600
  68     0.019941    99.427     0.016459    99.470    99.600
  69     0.020542    99.392     0.016903    99.470    99.600
  70     0.019009    99.463     0.021681    99.250    99.600
  71     0.020629    99.390     0.015528    99.480    99.600
  72     0.019119    99.455     0.022308    99.340    99.600
  73     0.018891    99.455     0.013930    99.550    99.600
  74     0.018369    99.438     0.013836    99.570    99.600
  75     0.018570    99.475     0.016748    99.480    99.600
  76     0.017323    99.502     0.014463    99.580    99.600
  77     0.018170    99.478     0.013544    99.560    99.600
  78     0.018079    99.480     0.014500    99.530    99.600
  79     0.018086    99.488     0.015558    99.500    99.600
  80     0.018440    99.443     0.014543    99.500    99.600
  81     0.016839    99.502     0.015023    99.520    99.600
  82     0.017247    99.507     0.017059    99.460    99.600
  83     0.017673    99.497     0.012943    99.580    99.600
  84     0.017448    99.508     0.012504    99.550    99.600
  85     0.016372    99.538     0.012441    99.560    99.600
  86     0.016883    99.517     0.014159    99.540    99.600
  87     0.016764    99.543     0.012986    99.590    99.600
  88     0.017167    99.502     0.012279    99.580    99.600
  89     0.016860    99.522     0.013171    99.530    99.600
  90     0.017680    99.495     0.014793    99.520    99.600
  91     0.016458    99.522     0.014255    99.570    99.600
  92     0.016358    99.498     0.018047    99.440    99.600
  93     0.015939    99.532     0.013058    99.520    99.600
  94     0.016174    99.548     0.015101    99.530    99.600
  95     0.015242    99.553     0.013631    99.540    99.600
  96     0.016252    99.537     0.012352    99.600    99.600
  97     0.015278    99.580     0.013207    99.560    99.600
  98     0.015320    99.530     0.012202    99.590    99.600
  99     0.016520    99.505     0.013949    99.540    99.600
 100     0.014757    99.595     0.012667    99.580    99.600
 101     0.015421    99.538     0.013845    99.590    99.600
 102     0.014006    99.623     0.013196    99.640    99.640
 103     0.015092    99.588     0.012253    99.620    99.640
 104     0.014509    99.572     0.013333    99.570    99.640
 105     0.014609    99.567     0.013973    99.550    99.640
 106     0.014826    99.528     0.012921    99.580    99.640
 107     0.014673    99.602     0.013942    99.580    99.640
 108     0.013861    99.597     0.012674    99.620    99.640
 109     0.013724    99.605     0.014058    99.560    99.640
 110     0.014420    99.575     0.012957    99.610    99.640
 111     0.013330    99.633     0.013672    99.520    99.640
 112     0.013817    99.600     0.013720    99.540    99.640
 113     0.013882    99.593     0.013133    99.560    99.640
 114     0.013950    99.580     0.012508    99.620    99.640
 115     0.013837    99.585     0.012208    99.590    99.640
 116     0.014625    99.565     0.014542    99.520    99.640
 117     0.013416    99.615     0.012782    99.510    99.640
 118     0.014031    99.587     0.012665    99.510    99.640
 119     0.013531    99.607     0.013127    99.580    99.640
 120     0.012435    99.667     0.012731    99.560    99.640
 121     0.013897    99.588     0.013872    99.560    99.640
 122     0.012709    99.613     0.013347    99.560    99.640
 123     0.013336    99.612     0.012491    99.590    99.640
 124     0.012672    99.665     0.013703    99.570    99.640
 125     0.012517    99.618     0.013775    99.550    99.640
 126     0.012582    99.665     0.014904    99.540    99.640
 127     0.013270    99.617     0.012885    99.610    99.640
 128     0.013183    99.598     0.012905    99.550    99.640
 129     0.012664    99.650     0.013211    99.580    99.640
 130     0.012412    99.692     0.012488    99.530    99.640
 131     0.013510    99.620     0.012121    99.580    99.640
 132     0.011767    99.657     0.013264    99.540    99.640
 133     0.013160    99.620     0.012391    99.600    99.640
 134     0.012580    99.642     0.013021    99.550    99.640
 135     0.012917    99.632     0.012251    99.580    99.640
 136     0.012312    99.622     0.012587    99.580    99.640
 137     0.012307    99.638     0.013474    99.560    99.640
 138     0.012247    99.648     0.012568    99.600    99.640
 139     0.012569    99.625     0.013404    99.580    99.640
 140     0.011806    99.652     0.012637    99.560    99.640
 141     0.012145    99.655     0.012599    99.560    99.640
 142     0.012642    99.652     0.012854    99.570    99.640
 143     0.011779    99.652     0.012284    99.570    99.640
 144     0.012255    99.635     0.012899    99.570    99.640
 145     0.011712    99.655     0.012774    99.600    99.640
 146     0.012565    99.667     0.012501    99.600    99.640
 147     0.012730    99.640     0.013025    99.530    99.640
 148     0.011750    99.662     0.012427    99.590    99.640
 149     0.012659    99.632     0.012887    99.590    99.640
