   0     0.645754    88.545     0.324601    96.400    96.400
   1     0.285317    96.100     0.155963    98.470    98.470
   2     0.195064    96.948     0.213955    97.620    98.470
   3     0.151156    97.385     0.136252    97.760    98.470
   4     0.123798    97.668     0.109866    98.540    98.540
   5     0.109777    97.778     0.101480    98.520    98.540
   6     0.097806    97.802     0.074759    98.500    98.540
   7     0.086970    98.038     0.091892    98.270    98.540
   8     0.080475    98.157     0.060596    98.850    98.850
   9     0.075548    98.158     0.053846    98.780    98.850
  10     0.069285    98.253     0.041795    99.340    99.340
  11     0.066378    98.292     0.032793    99.410    99.410
  12     0.064428    98.382     0.041447    99.150    99.410
  13     0.058614    98.475     0.075956    98.000    99.410
  14     0.057003    98.453     0.038326    98.960    99.410
  15     0.055000    98.522     0.051526    98.780    99.410
  16     0.051431    98.593     0.073401    98.440    99.410
  17     0.049189    98.702     0.059541    98.340    99.410
  18     0.048062    98.702     0.053642    98.710    99.410
  19     0.047023    98.705     0.066605    98.550    99.410
  20     0.045543    98.768     0.102850    97.840    99.410
  21     0.044483    98.775     0.043661    99.110    99.410
  22     0.044356    98.752     0.023773    99.390    99.410
  23     0.041795    98.793     0.042928    98.770    99.410
  24     0.041793    98.813     0.052234    98.730    99.410
  25     0.039356    98.878     0.020953    99.490    99.490
  26     0.039270    98.845     0.025299    99.330    99.490
  27     0.037089    98.947     0.043402    98.750    99.490
  28     0.038156    98.910     0.073305    98.190    99.490
  29     0.036861    98.902     0.016149    99.500    99.500
  30     0.035243    98.963     0.023594    99.350    99.500
  31     0.034279    99.040     0.035524    98.820    99.500
  32     0.032886    99.043     0.021907    99.310    99.500
  33     0.033446    99.007     0.018103    99.420    99.500
  34     0.032442    99.057     0.021702    99.300    99.500
  35     0.033765    99.000     0.027477    99.160    99.500
  36     0.031982    99.060     0.026509    99.200    99.500
  37     0.031825    99.053     0.021645    99.400    99.500
  38     0.031519    99.053     0.017344    99.510    99.510
  39     0.028963    99.172     0.025058    99.250    99.510
  40     0.029378    99.137     0.029766    99.310    99.510
  41     0.030135    99.125     0.022109    99.310    99.510
  42     0.028239    99.170     0.021003    99.410    99.510
  43     0.027692    99.192     0.015756    99.530    99.530
  44     0.028189    99.163     0.019547    99.430    99.530
  45     0.028191    99.212     0.016160    99.540    99.540
  46     0.025883    99.220     0.015695    99.560    99.560
  47     0.026089    99.245     0.016796    99.450    99.560
  48     0.025551    99.262     0.022030    99.350    99.560
  49     0.025021    99.233     0.016842    99.510    99.560
  50     0.024699    99.292     0.030004    99.200    99.560
  51     0.023678    99.260     0.016771    99.490    99.560
  52     0.024194    99.310     0.019623    99.400    99.560
  53     0.023348    99.378     0.018216    99.440    99.560
  54     0.024351    99.295     0.044332    98.930    99.560
  55     0.023030    99.318     0.022908    99.310    99.560
  56     0.022545    99.350     0.022570    99.350    99.560
  57     0.022953    99.312     0.014589    99.550    99.560
  58     0.022082    99.348     0.018842    99.380    99.560
  59     0.023847    99.325     0.018894    99.400    99.560
  60     0.021950    99.363     0.015051    99.440    99.560
  61     0.021604    99.345     0.017599    99.470    99.560
  62     0.021939    99.342     0.016690    99.470    99.560
  63     0.020934    99.415     0.027357    99.150    99.560
  64     0.020166    99.415     0.032013    99.010    99.560
  65     0.020040    99.392     0.014047    99.550    99.560
  66     0.020294    99.417     0.016411    99.400    99.560
  67     0.020113    99.445     0.019876    99.350    99.560
  68     0.019562    99.420     0.017015    99.470    99.560
  69     0.019796    99.403     0.016392    99.470    99.560
  70     0.019789    99.408     0.018298    99.430    99.560
  71     0.019436    99.423     0.015391    99.510    99.560
  72     0.018783    99.473     0.018758    99.460    99.560
  73     0.018223    99.465     0.014376    99.510    99.560
  74     0.017802    99.465     0.016459    99.440    99.560
  75     0.018151    99.485     0.014596    99.500    99.560
  76     0.018681    99.445     0.015242    99.500    99.560
  77     0.018920    99.440     0.014168    99.570    99.570
  78     0.018237    99.480     0.012548    99.610    99.610
  79     0.018453    99.467     0.013191    99.670    99.670
  80     0.017910    99.485     0.014538    99.550    99.670
  81     0.016596    99.495     0.012404    99.620    99.670
  82     0.017800    99.483     0.015369    99.560    99.670
  83     0.016513    99.520     0.015003    99.600    99.670
  84     0.017063    99.487     0.014202    99.550    99.670
  85     0.017088    99.477     0.015970    99.550    99.670
  86     0.016828    99.503     0.016423    99.560    99.670
  87     0.017104    99.502     0.014067    99.590    99.670
  88     0.016958    99.518     0.013565    99.580    99.670
  89     0.016841    99.520     0.012036    99.590    99.670
  90     0.015460    99.547     0.013064    99.540    99.670
  91     0.017114    99.502     0.012958    99.530    99.670
  92     0.015250    99.570     0.013847    99.600    99.670
  93     0.015894    99.553     0.014253    99.550    99.670
  94     0.016980    99.495     0.013647    99.570    99.670
  95     0.015600    99.547     0.012161    99.600    99.670
  96     0.014643    99.575     0.018152    99.440    99.670
  97     0.015389    99.545     0.013285    99.530    99.670
  98     0.015152    99.570     0.014027    99.520    99.670
  99     0.015266    99.573     0.014149    99.600    99.670
 100     0.014931    99.570     0.014597    99.480    99.670
 101     0.015157    99.547     0.014540    99.500    99.670
 102     0.015654    99.537     0.014274    99.570    99.670
 103     0.014014    99.588     0.013894    99.480    99.670
 104     0.015261    99.552     0.015197    99.500    99.670
 105     0.013718    99.608     0.014199    99.560    99.670
 106     0.013685    99.610     0.013598    99.520    99.670
 107     0.014046    99.595     0.015377    99.530    99.670
 108     0.014131    99.595     0.015719    99.450    99.670
 109     0.013523    99.622     0.014732    99.560    99.670
 110     0.014415    99.585     0.013024    99.540    99.670
 111     0.014962    99.583     0.012998    99.600    99.670
 112     0.014613    99.608     0.011778    99.620    99.670
 113     0.013336    99.598     0.012396    99.590    99.670
 114     0.013702    99.608     0.011548    99.630    99.670
 115     0.013411    99.625     0.015049    99.530    99.670
 116     0.013606    99.600     0.012858    99.570    99.670
 117     0.012953    99.635     0.011955    99.610    99.670
 118     0.013078    99.623     0.016705    99.520    99.670
 119     0.013676    99.622     0.013371    99.560    99.670
 120     0.012527    99.647     0.014164    99.510    99.670
 121     0.014527    99.587     0.013435    99.510    99.670
 122     0.013858    99.607     0.013008    99.570    99.670
 123     0.012620    99.618     0.013714    99.540    99.670
 124     0.013103    99.648     0.014516    99.570    99.670
 125     0.012862    99.605     0.013648    99.530    99.670
 126     0.012797    99.643     0.012431    99.560    99.670
 127     0.013502    99.618     0.013213    99.590    99.670
 128     0.013002    99.643     0.013570    99.520    99.670
 129     0.011730    99.672     0.013495    99.540    99.670
 130     0.013234    99.605     0.013784    99.520    99.670
 131     0.013238    99.585     0.015664    99.500    99.670
 132     0.012246    99.630     0.013919    99.510    99.670
 133     0.012427    99.642     0.013248    99.590    99.670
 134     0.010940    99.697     0.013512    99.540    99.670
 135     0.012252    99.635     0.013361    99.540    99.670
 136     0.013335    99.592     0.015360    99.510    99.670
 137     0.012527    99.640     0.013351    99.500    99.670
 138     0.012023    99.648     0.013589    99.520    99.670
 139     0.012464    99.647     0.014258    99.520    99.670
 140     0.011794    99.682     0.012670    99.570    99.670
 141     0.011990    99.658     0.013331    99.540    99.670
 142     0.012125    99.625     0.013847    99.520    99.670
 143     0.011680    99.672     0.012998    99.530    99.670
 144     0.011791    99.648     0.013071    99.590    99.670
 145     0.012017    99.665     0.012449    99.580    99.670
 146     0.012841    99.610     0.013023    99.540    99.670
 147     0.011903    99.662     0.013474    99.570    99.670
 148     0.011567    99.658     0.013649    99.550    99.670
 149     0.011379    99.680     0.013012    99.580    99.670
