   0     0.638639    88.895     0.243607    98.410    98.410
   1     0.282955    96.110     0.164098    98.770    98.770
   2     0.193984    96.980     0.210293    97.410    98.770
   3     0.149119    97.465     0.155619    97.070    98.770
   4     0.125431    97.593     0.103486    98.460    98.770
   5     0.107031    97.873     0.089964    98.740    98.770
   6     0.097599    97.857     0.115537    98.270    98.770
   7     0.088505    98.010     0.042369    99.310    99.310
   8     0.079024    98.188     0.048723    99.220    99.310
   9     0.073197    98.175     0.073343    98.480    99.310
  10     0.070341    98.280     0.052241    98.740    99.310
  11     0.065735    98.345     0.053602    99.220    99.310
  12     0.061218    98.410     0.043459    99.010    99.310
  13     0.056954    98.557     0.059599    98.430    99.310
  14     0.056502    98.487     0.042036    98.870    99.310
  15     0.053195    98.545     0.037381    99.090    99.310
  16     0.051855    98.578     0.057893    98.470    99.310
  17     0.051016    98.608     0.123935    96.880    99.310
  18     0.048834    98.625     0.037286    98.930    99.310
  19     0.045966    98.720     0.057317    98.650    99.310
  20     0.046232    98.732     0.032537    99.390    99.390
  21     0.044314    98.740     0.038879    98.920    99.390
  22     0.042431    98.825     0.039572    98.950    99.390
  23     0.041188    98.855     0.029838    99.190    99.390
  24     0.040486    98.850     0.033614    98.990    99.390
  25     0.040386    98.825     0.031093    99.250    99.390
  26     0.037883    98.915     0.025301    99.280    99.390
  27     0.037658    98.955     0.050319    98.550    99.390
  28     0.037148    98.927     0.027659    99.170    99.390
  29     0.035134    99.015     0.024916    99.340    99.390
  30     0.034565    98.977     0.023680    99.370    99.390
  31     0.032762    99.062     0.022897    99.310    99.390
  32     0.035003    98.960     0.023130    99.290    99.390
  33     0.034485    98.955     0.027768    99.120    99.390
  34     0.031159    99.117     0.017157    99.420    99.420
  35     0.032064    99.095     0.023698    99.320    99.420
  36     0.031450    99.097     0.019170    99.440    99.440
  37     0.031901    99.042     0.023713    99.260    99.440
  38     0.029965    99.127     0.019050    99.310    99.440
  39     0.028625    99.165     0.027653    99.300    99.440
  40     0.030394    99.137     0.019187    99.360    99.440
  41     0.028027    99.192     0.022820    99.440    99.440
  42     0.028717    99.178     0.042933    98.870    99.440
  43     0.026844    99.248     0.015911    99.540    99.540
  44     0.026776    99.215     0.018619    99.350    99.540
  45     0.027287    99.197     0.025277    99.280    99.540
  46     0.027678    99.170     0.021783    99.330    99.540
  47     0.027143    99.195     0.022188    99.380    99.540
  48     0.026180    99.208     0.025897    99.170    99.540
  49     0.026003    99.222     0.022694    99.330    99.540
  50     0.025309    99.250     0.020742    99.400    99.540
  51     0.025367    99.263     0.020900    99.380    99.540
  52     0.024218    99.317     0.015678    99.500    99.540
  53     0.024874    99.275     0.021314    99.320    99.540
  54     0.022352    99.330     0.017707    99.420    99.540
  55     0.023240    99.318     0.018735    99.430    99.540
  56     0.022975    99.347     0.018951    99.460    99.540
  57     0.023493    99.290     0.015573    99.530    99.540
  58     0.022443    99.313     0.015259    99.530    99.540
  59     0.022540    99.358     0.014382    99.470    99.540
  60     0.022867    99.333     0.018886    99.370    99.540
  61     0.020162    99.415     0.017537    99.400    99.540
  62     0.021347    99.393     0.019548    99.460    99.540
  63     0.020218    99.405     0.018291    99.410    99.540
  64     0.021463    99.383     0.014708    99.500    99.540
  65     0.019941    99.407     0.016508    99.460    99.540
  66     0.019291    99.457     0.019435    99.380    99.540
  67     0.019797    99.452     0.015030    99.490    99.540
  68     0.019957    99.425     0.016028    99.540    99.540
  69     0.019596    99.423     0.014604    99.560    99.560
  70     0.019387    99.415     0.017632    99.380    99.560
  71     0.019345    99.428     0.015205    99.540    99.560
  72     0.018880    99.477     0.014939    99.490    99.560
  73     0.019253    99.418     0.014073    99.560    99.560
  74     0.019034    99.462     0.016704    99.490    99.560
  75     0.018840    99.463     0.015185    99.560    99.560
  76     0.019083    99.432     0.015103    99.540    99.560
  77     0.018859    99.440     0.016577    99.480    99.560
  78     0.017674    99.492     0.014769    99.520    99.560
  79     0.017601    99.465     0.015054    99.540    99.560
  80     0.018249    99.472     0.014224    99.540    99.560
  81     0.016904    99.518     0.015012    99.510    99.560
  82     0.016914    99.523     0.014117    99.550    99.560
  83     0.016243    99.557     0.016842    99.460    99.560
  84     0.016946    99.512     0.014463    99.540    99.560
  85     0.015675    99.562     0.015145    99.490    99.560
  86     0.017457    99.518     0.013356    99.530    99.560
  87     0.016852    99.508     0.016650    99.560    99.560
  88     0.017213    99.487     0.017351    99.480    99.560
  89     0.016460    99.478     0.017064    99.430    99.560
  90     0.015703    99.538     0.017803    99.350    99.560
  91     0.016000    99.558     0.014713    99.560    99.560
  92     0.015904    99.540     0.016974    99.460    99.560
  93     0.015759    99.525     0.014952    99.470    99.560
  94     0.016384    99.508     0.016430    99.480    99.560
  95     0.015736    99.557     0.016034    99.520    99.560
  96     0.015204    99.560     0.013749    99.530    99.560
  97     0.015202    99.563     0.015062    99.510    99.560
  98     0.015379    99.527     0.015826    99.470    99.560
  99     0.015751    99.543     0.013871    99.550    99.560
 100     0.014813    99.575     0.014283    99.530    99.560
 101     0.014453    99.603     0.014175    99.510    99.560
 102     0.014254    99.590     0.014348    99.530    99.560
 103     0.015323    99.540     0.014487    99.550    99.560
 104     0.014941    99.550     0.013740    99.560    99.560
 105     0.014949    99.587     0.014719    99.520    99.560
 106     0.013753    99.608     0.015304    99.500    99.560
 107     0.014341    99.583     0.014748    99.470    99.560
 108     0.014426    99.567     0.014637    99.530    99.560
 109     0.013619    99.605     0.013306    99.550    99.560
 110     0.014726    99.570     0.013892    99.560    99.560
 111     0.013120    99.638     0.014463    99.560    99.560
 112     0.013567    99.615     0.014090    99.520    99.560
 113     0.014185    99.600     0.014750    99.520    99.560
 114     0.012801    99.612     0.013395    99.620    99.620
 115     0.013840    99.618     0.013320    99.550    99.620
 116     0.013164    99.598     0.015937    99.520    99.620
 117     0.012524    99.620     0.014527    99.550    99.620
 118     0.013246    99.610     0.014562    99.500    99.620
 119     0.013748    99.592     0.013905    99.510    99.620
 120     0.013010    99.647     0.014881    99.500    99.620
 121     0.013090    99.628     0.014283    99.600    99.620
 122     0.012810    99.638     0.014753    99.560    99.620
 123     0.012392    99.648     0.015683    99.470    99.620
 124     0.012800    99.627     0.013868    99.510    99.620
 125     0.012620    99.630     0.017224    99.420    99.620
 126     0.013252    99.588     0.013873    99.510    99.620
 127     0.012955    99.602     0.013539    99.570    99.620
 128     0.013403    99.635     0.015032    99.550    99.620
 129     0.012718    99.658     0.015085    99.530    99.620
 130     0.012198    99.672     0.014365    99.530    99.620
 131     0.012469    99.682     0.013415    99.580    99.620
 132     0.012250    99.668     0.013946    99.550    99.620
 133     0.013013    99.618     0.013685    99.530    99.620
 134     0.012765    99.628     0.015098    99.500    99.620
 135     0.013439    99.627     0.013720    99.580    99.620
 136     0.012482    99.672     0.013764    99.490    99.620
 137     0.013137    99.625     0.014376    99.490    99.620
 138     0.011956    99.693     0.013053    99.580    99.620
 139     0.011732    99.675     0.013857    99.520    99.620
 140     0.012656    99.642     0.013607    99.510    99.620
 141     0.013359    99.643     0.014073    99.540    99.620
 142     0.012461    99.652     0.013598    99.560    99.620
 143     0.013176    99.617     0.013270    99.560    99.620
 144     0.011478    99.680     0.014006    99.540    99.620
 145     0.012518    99.657     0.013299    99.580    99.620
 146     0.011346    99.698     0.013386    99.540    99.620
 147     0.011544    99.643     0.014059    99.510    99.620
 148     0.011650    99.682     0.013322    99.540    99.620
 149     0.011609    99.677     0.012774    99.590    99.620
