   0     0.637465    88.808     0.291884    97.240    97.240
   1     0.283525    96.187     0.161057    98.350    98.350
   2     0.195502    97.023     0.137847    98.190    98.350
   3     0.150298    97.442     0.095134    98.920    98.920
   4     0.125985    97.572     0.084853    98.680    98.920
   5     0.108163    97.817     0.158775    96.060    98.920
   6     0.095478    97.947     0.076971    98.540    98.920
   7     0.088493    98.057     0.083142    98.480    98.920
   8     0.079760    98.148     0.065761    99.010    99.010
   9     0.074947    98.185     0.158593    96.310    99.010
  10     0.070842    98.263     0.055989    98.700    99.010
  11     0.065693    98.260     0.053899    99.280    99.280
  12     0.062433    98.348     0.445577    82.990    99.280
  13     0.058930    98.473     0.061743    98.590    99.280
  14     0.057814    98.485     0.030294    99.270    99.280
  15     0.055471    98.488     0.043348    98.890    99.280
  16     0.052668    98.522     0.037088    99.050    99.280
  17     0.051132    98.605     0.025634    99.380    99.380
  18     0.047517    98.682     0.028858    99.250    99.380
  19     0.048397    98.588     0.028784    99.280    99.380
  20     0.046339    98.685     0.040390    99.020    99.380
  21     0.045963    98.690     0.051324    98.500    99.380
  22     0.043941    98.778     0.032144    99.120    99.380
  23     0.041745    98.810     0.032294    99.080    99.380
  24     0.041756    98.825     0.031782    99.110    99.380
  25     0.040907    98.822     0.030392    99.110    99.380
  26     0.039094    98.912     0.020346    99.470    99.470
  27     0.037308    98.943     0.089807    97.650    99.470
  28     0.036159    98.960     0.028532    99.250    99.470
  29     0.036855    98.882     0.028512    99.160    99.470
  30     0.034193    99.038     0.028530    99.240    99.470
  31     0.036169    98.915     0.019974    99.410    99.470
  32     0.034023    99.033     0.018321    99.410    99.470
  33     0.035579    98.968     0.020542    99.440    99.470
  34     0.033739    99.038     0.070364    97.990    99.470
  35     0.033037    99.033     0.023587    99.430    99.470
  36     0.032008    99.118     0.023644    99.380    99.470
  37     0.030610    99.137     0.056458    98.210    99.470
  38     0.031174    99.088     0.022115    99.380    99.470
  39     0.029219    99.157     0.023561    99.440    99.470
  40     0.029309    99.123     0.024958    99.210    99.470
  41     0.029676    99.137     0.019759    99.410    99.470
  42     0.029097    99.148     0.018781    99.420    99.470
  43     0.028646    99.155     0.024971    99.170    99.470
  44     0.027298    99.223     0.018841    99.450    99.470
  45     0.025751    99.238     0.022622    99.340    99.470
  46     0.026304    99.190     0.019922    99.470    99.470
  47     0.026556    99.197     0.017688    99.420    99.470
  48     0.025803    99.250     0.021558    99.360    99.470
  49     0.026262    99.240     0.017814    99.490    99.490
  50     0.025775    99.202     0.015773    99.520    99.520
  51     0.025935    99.232     0.023308    99.340    99.520
  52     0.026802    99.165     0.023346    99.350    99.520
  53     0.024269    99.297     0.017046    99.470    99.520
  54     0.023016    99.307     0.022843    99.380    99.520
  55     0.023587    99.290     0.027416    99.200    99.520
  56     0.022922    99.335     0.016217    99.520    99.520
  57     0.024063    99.292     0.017042    99.470    99.520
  58     0.022093    99.377     0.017013    99.400    99.520
  59     0.022817    99.345     0.018599    99.430    99.520
  60     0.023288    99.287     0.015458    99.510    99.520
  61     0.023017    99.307     0.013842    99.610    99.610
  62     0.022162    99.345     0.016293    99.500    99.610
  63     0.020680    99.378     0.014792    99.490    99.610
  64     0.020035    99.427     0.024207    99.410    99.610
  65     0.021150    99.378     0.017908    99.480    99.610
  66     0.020641    99.372     0.017954    99.360    99.610
  67     0.021006    99.410     0.014543    99.470    99.610
  68     0.021063    99.385     0.016758    99.450    99.610
  69     0.021284    99.365     0.014692    99.620    99.620
  70     0.020784    99.378     0.013758    99.560    99.620
  71     0.019467    99.440     0.019865    99.420    99.620
  72     0.018583    99.438     0.015279    99.460    99.620
  73     0.018377    99.433     0.014294    99.530    99.620
  74     0.019614    99.457     0.015537    99.550    99.620
  75     0.019710    99.397     0.018149    99.500    99.620
  76     0.018505    99.472     0.014899    99.580    99.620
  77     0.019153    99.423     0.019386    99.380    99.620
  78     0.019075    99.442     0.014530    99.510    99.620
  79     0.018726    99.433     0.023246    99.370    99.620
  80     0.018565    99.447     0.014933    99.480    99.620
  81     0.018151    99.472     0.014084    99.510    99.620
  82     0.017733    99.500     0.014136    99.510    99.620
  83     0.017787    99.473     0.018097    99.450    99.620
  84     0.017171    99.512     0.015428    99.530    99.620
  85     0.018288    99.450     0.015489    99.480    99.620
  86     0.017433    99.465     0.014393    99.540    99.620
  87     0.017089    99.498     0.017059    99.480    99.620
  88     0.017030    99.513     0.016004    99.480    99.620
  89     0.016672    99.508     0.012736    99.570    99.620
  90     0.017486    99.495     0.013150    99.590    99.620
  91     0.016716    99.510     0.014268    99.570    99.620
  92     0.016246    99.528     0.017119    99.420    99.620
  93     0.016333    99.518     0.016136    99.430    99.620
  94     0.015614    99.572     0.016001    99.510    99.620
  95     0.015361    99.553     0.016817    99.430    99.620
  96     0.015794    99.545     0.015277    99.510    99.620
  97     0.016761    99.533     0.013946    99.490    99.620
  98     0.014970    99.590     0.014767    99.550    99.620
  99     0.015135    99.572     0.014761    99.570    99.620
 100     0.014434    99.587     0.015119    99.480    99.620
 101     0.015336    99.557     0.013738    99.560    99.620
 102     0.015210    99.560     0.014697    99.470    99.620
 103     0.015020    99.557     0.013989    99.550    99.620
 104     0.015584    99.557     0.013111    99.550    99.620
 105     0.014434    99.600     0.014966    99.520    99.620
 106     0.014358    99.583     0.014076    99.540    99.620
 107     0.014756    99.593     0.013671    99.500    99.620
 108     0.015371    99.530     0.012389    99.580    99.620
 109     0.014835    99.563     0.012750    99.550    99.620
 110     0.014140    99.613     0.014088    99.570    99.620
 111     0.013129    99.648     0.018480    99.420    99.620
 112     0.014964    99.585     0.014387    99.530    99.620
 113     0.013510    99.607     0.013250    99.510    99.620
 114     0.014700    99.562     0.013920    99.540    99.620
 115     0.014663    99.562     0.012853    99.600    99.620
 116     0.013466    99.608     0.012530    99.530    99.620
 117     0.013273    99.615     0.012580    99.580    99.620
 118     0.013640    99.620     0.013632    99.560    99.620
 119     0.013386    99.605     0.013586    99.550    99.620
 120     0.013989    99.640     0.013280    99.580    99.620
 121     0.013303    99.627     0.014644    99.470    99.620
 122     0.012768    99.667     0.014609    99.530    99.620
 123     0.012688    99.650     0.013664    99.560    99.620
 124     0.013163    99.627     0.013375    99.540    99.620
 125     0.012589    99.652     0.013375    99.560    99.620
 126     0.013781    99.580     0.013024    99.500    99.620
 127     0.013170    99.583     0.012453    99.520    99.620
 128     0.013552    99.623     0.012914    99.540    99.620
 129     0.012897    99.647     0.013217    99.490    99.620
 130     0.013163    99.623     0.011814    99.570    99.620
 131     0.013077    99.633     0.013213    99.550    99.620
 132     0.013461    99.612     0.013436    99.550    99.620
 133     0.012795    99.623     0.013906    99.550    99.620
 134     0.013493    99.607     0.013686    99.520    99.620
 135     0.012863    99.622     0.013262    99.530    99.620
 136     0.012811    99.648     0.014000    99.540    99.620
 137     0.012735    99.642     0.014806    99.430    99.620
 138     0.013373    99.605     0.013901    99.540    99.620
 139     0.012615    99.637     0.012513    99.540    99.620
 140     0.012626    99.640     0.013479    99.560    99.620
 141     0.012953    99.648     0.013153    99.550    99.620
 142     0.012150    99.647     0.012693    99.520    99.620
 143     0.012153    99.663     0.012710    99.550    99.620
 144     0.012082    99.675     0.012746    99.550    99.620
 145     0.011455    99.685     0.013178    99.550    99.620
 146     0.011830    99.680     0.013322    99.580    99.620
 147     0.011688    99.687     0.012729    99.510    99.620
 148     0.013318    99.613     0.013638    99.540    99.620
 149     0.012742    99.642     0.013092    99.580    99.620
