   0     0.652211    88.370     0.271187    97.750    97.750
   1     0.284485    96.128     0.179424    98.660    98.660
   2     0.197243    96.893     0.193156    97.910    98.660
   3     0.153040    97.338     0.113836    98.470    98.660
   4     0.125106    97.642     0.169577    96.770    98.660
   5     0.109073    97.745     0.162747    97.260    98.660
   6     0.095502    97.958     0.168325    96.190    98.660
   7     0.087236    98.033     0.086805    98.410    98.660
   8     0.081151    98.118     0.068589    98.900    98.900
   9     0.074847    98.195     0.037214    99.210    99.210
  10     0.072038    98.207     0.046348    98.970    99.210
  11     0.066876    98.295     0.055639    98.790    99.210
  12     0.061568    98.415     0.033412    99.240    99.240
  13     0.057488    98.472     0.030933    99.360    99.360
  14     0.055152    98.518     0.053152    98.690    99.360
  15     0.055032    98.475     0.082488    98.220    99.360
  16     0.054443    98.387     0.042585    98.800    99.360
  17     0.050857    98.613     0.049355    98.870    99.360
  18     0.048196    98.718     0.037982    99.090    99.360
  19     0.048969    98.642     0.024518    99.350    99.360
  20     0.047851    98.692     0.099562    97.180    99.360
  21     0.044156    98.743     0.031794    99.250    99.360
  22     0.042487    98.808     0.148089    95.070    99.360
  23     0.042873    98.767     0.039334    98.860    99.360
  24     0.040350    98.897     0.032876    98.960    99.360
  25     0.039701    98.850     0.022627    99.420    99.420
  26     0.040158    98.902     0.099501    97.100    99.420
  27     0.037161    98.943     0.025146    99.290    99.420
  28     0.037262    98.912     0.025605    99.220    99.420
  29     0.038499    98.872     0.022144    99.270    99.420
  30     0.034885    99.035     0.022757    99.320    99.420
  31     0.034661    99.027     0.036496    99.040    99.420
  32     0.033637    99.022     0.034013    99.160    99.420
  33     0.033339    99.035     0.029362    99.230    99.420
  34     0.033633    98.997     0.015587    99.550    99.550
  35     0.032368    99.052     0.024879    99.180    99.550
  36     0.032171    99.037     0.042103    98.830    99.550
  37     0.031794    99.065     0.017190    99.470    99.550
  38     0.030596    99.070     0.038299    99.000    99.550
  39     0.030210    99.115     0.022131    99.390    99.550
  40     0.029485    99.152     0.019558    99.460    99.550
  41     0.029623    99.153     0.017979    99.490    99.550
  42     0.028713    99.165     0.021469    99.390    99.550
  43     0.027945    99.197     0.078706    97.760    99.550
  44     0.028430    99.143     0.018778    99.370    99.550
  45     0.027424    99.212     0.017614    99.450    99.550
  46     0.027094    99.173     0.016259    99.530    99.550
  47     0.025664    99.247     0.016618    99.550    99.550
  48     0.026077    99.253     0.014526    99.570    99.570
  49     0.025599    99.222     0.017801    99.470    99.570
  50     0.024709    99.275     0.023288    99.400    99.570
  51     0.023464    99.322     0.031728    99.200    99.570
  52     0.024181    99.278     0.019896    99.460    99.570
  53     0.023422    99.327     0.013659    99.550    99.570
  54     0.022523    99.345     0.015382    99.510    99.570
  55     0.024063    99.292     0.013938    99.580    99.580
  56     0.025671    99.230     0.015719    99.600    99.600
  57     0.023119    99.322     0.014718    99.590    99.600
  58     0.022311    99.330     0.015328    99.520    99.600
  59     0.021057    99.388     0.015783    99.580    99.600
  60     0.022216    99.348     0.023041    99.320    99.600
  61     0.021680    99.352     0.015699    99.550    99.600
  62     0.023512    99.295     0.014702    99.570    99.600
  63     0.020945    99.388     0.017835    99.490    99.600
  64     0.019876    99.455     0.012884    99.600    99.600
  65     0.020599    99.392     0.014762    99.510    99.600
  66     0.020996    99.388     0.015606    99.530    99.600
  67     0.020118    99.423     0.015166    99.560    99.600
  68     0.020633    99.422     0.016931    99.410    99.600
  69     0.020349    99.422     0.015475    99.570    99.600
  70     0.019830    99.407     0.017064    99.480    99.600
  71     0.018849    99.460     0.016885    99.510    99.600
  72     0.019293    99.437     0.013870    99.540    99.600
  73     0.019556    99.415     0.014663    99.550    99.600
  74     0.018486    99.472     0.015359    99.520    99.600
  75     0.019020    99.423     0.017096    99.420    99.600
  76     0.017551    99.483     0.016453    99.480    99.600
  77     0.017590    99.465     0.013579    99.590    99.600
  78     0.018133    99.482     0.014351    99.570    99.600
  79     0.018430    99.452     0.015123    99.520    99.600
  80     0.018814    99.473     0.017766    99.480    99.600
  81     0.017763    99.490     0.016318    99.520    99.600
  82     0.017545    99.512     0.014198    99.570    99.600
  83     0.017619    99.490     0.015537    99.540    99.600
  84     0.016119    99.582     0.017077    99.530    99.600
  85     0.017027    99.497     0.014957    99.600    99.600
  86     0.016775    99.478     0.016882    99.510    99.600
  87     0.017187    99.500     0.016352    99.460    99.600
  88     0.016886    99.498     0.013940    99.570    99.600
  89     0.015513    99.537     0.014876    99.560    99.600
  90     0.016185    99.512     0.015552    99.520    99.600
  91     0.016101    99.553     0.013802    99.580    99.600
  92     0.016198    99.553     0.013908    99.590    99.600
  93     0.016176    99.518     0.015097    99.510    99.600
  94     0.015420    99.547     0.014558    99.550    99.600
  95     0.016300    99.558     0.014424    99.550    99.600
  96     0.015769    99.533     0.015310    99.510    99.600
  97     0.015794    99.512     0.013710    99.580    99.600
  98     0.015591    99.537     0.013887    99.570    99.600
  99     0.015998    99.512     0.016734    99.540    99.600
 100     0.014782    99.577     0.015138    99.560    99.600
 101     0.014894    99.587     0.014736    99.560    99.600
 102     0.014823    99.580     0.015523    99.540    99.600
 103     0.014779    99.562     0.014435    99.550    99.600
 104     0.014642    99.562     0.014684    99.580    99.600
 105     0.013739    99.625     0.015161    99.530    99.600
 106     0.014355    99.568     0.014972    99.550    99.600
 107     0.014238    99.602     0.014351    99.530    99.600
 108     0.014045    99.615     0.014726    99.530    99.600
 109     0.014116    99.597     0.014173    99.580    99.600
 110     0.013898    99.610     0.014959    99.510    99.600
 111     0.014014    99.572     0.014075    99.580    99.600
 112     0.014439    99.563     0.014287    99.540    99.600
 113     0.012876    99.633     0.013815    99.600    99.600
 114     0.013533    99.625     0.014638    99.560    99.600
 115     0.014242    99.550     0.016348    99.470    99.600
 116     0.013892    99.595     0.014045    99.540    99.600
 117     0.014567    99.563     0.014304    99.550    99.600
 118     0.013838    99.605     0.014242    99.560    99.600
 119     0.013430    99.603     0.013687    99.590    99.600
 120     0.013005    99.648     0.013296    99.630    99.630
 121     0.013047    99.628     0.014169    99.590    99.630
 122     0.012981    99.640     0.013844    99.550    99.630
 123     0.014304    99.572     0.015116    99.520    99.630
 124     0.012982    99.657     0.014531    99.550    99.630
 125     0.012849    99.658     0.014226    99.550    99.630
 126     0.013257    99.630     0.013235    99.560    99.630
 127     0.012815    99.638     0.013926    99.590    99.630
 128     0.012274    99.642     0.014194    99.520    99.630
 129     0.012091    99.648     0.013604    99.640    99.640
 130     0.012390    99.617     0.014410    99.560    99.640
 131     0.012591    99.637     0.013852    99.580    99.640
 132     0.011713    99.662     0.014554    99.610    99.640
 133     0.012556    99.655     0.014370    99.580    99.640
 134     0.012518    99.627     0.014295    99.580    99.640
 135     0.012180    99.662     0.014142    99.560    99.640
 136     0.012786    99.637     0.013810    99.580    99.640
 137     0.011881    99.668     0.014055    99.570    99.640
 138     0.012956    99.623     0.014009    99.600    99.640
 139     0.012966    99.617     0.013694    99.570    99.640
 140     0.012822    99.628     0.014083    99.570    99.640
 141     0.012745    99.650     0.013963    99.580    99.640
 142     0.011984    99.650     0.013654    99.600    99.640
 143     0.011899    99.668     0.014180    99.540    99.640
 144     0.012830    99.632     0.014347    99.510    99.640
 145     0.012067    99.668     0.014508    99.530    99.640
 146     0.011208    99.692     0.014499    99.540    99.640
 147     0.011515    99.668     0.013307    99.590    99.640
 148     0.012375    99.648     0.013249    99.580    99.640
 149     0.012982    99.620     0.013390    99.630    99.640
