   0     0.651967    88.355     0.304741    97.500    97.500
   1     0.283270    96.205     0.227745    97.340    97.500
   2     0.196409    96.945     0.182937    98.030    98.030
   3     0.150451    97.395     0.119619    98.510    98.510
   4     0.125827    97.670     0.080603    98.870    98.870
   5     0.109387    97.820     0.124230    98.180    98.870
   6     0.098601    97.865     0.077550    98.590    98.870
   7     0.086233    98.098     0.067134    98.980    98.980
   8     0.079063    98.090     0.158753    96.280    98.980
   9     0.074795    98.140     0.385009    86.650    98.980
  10     0.069894    98.197     0.064653    98.830    98.980
  11     0.063889    98.397     0.062006    98.770    98.980
  12     0.059767    98.498     0.065636    98.250    98.980
  13     0.058376    98.453     0.054233    98.650    98.980
  14     0.055671    98.545     0.035320    99.030    99.030
  15     0.052801    98.577     0.040228    99.070    99.070
  16     0.051252    98.632     0.050002    98.860    99.070
  17     0.050482    98.593     0.030257    99.330    99.330
  18     0.047117    98.682     0.070152    98.220    99.330
  19     0.045554    98.763     0.105282    97.560    99.330
  20     0.046978    98.670     0.032534    99.190    99.330
  21     0.043510    98.828     0.369634    85.910    99.330
  22     0.040966    98.812     0.024277    99.390    99.390
  23     0.041329    98.838     0.041841    98.870    99.390
  24     0.040217    98.888     0.038513    99.140    99.390
  25     0.038552    98.943     0.022446    99.300    99.390
  26     0.037391    98.922     0.080607    97.880    99.390
  27     0.036783    98.937     0.036284    98.900    99.390
  28     0.037187    98.935     0.032432    99.120    99.390
  29     0.036155    98.978     0.116275    96.530    99.390
  30     0.035330    98.993     0.018344    99.450    99.450
  31     0.034657    99.008     0.019452    99.450    99.450
  32     0.033644    99.053     0.017566    99.470    99.470
  33     0.034308    99.027     0.030081    99.140    99.470
  34     0.032077    99.032     0.026802    99.230    99.470
  35     0.031317    99.132     0.018789    99.500    99.500
  36     0.030832    99.075     0.027639    99.170    99.500
  37     0.031117    99.110     0.017463    99.580    99.580
  38     0.030399    99.113     0.014453    99.650    99.650
  39     0.030198    99.157     0.039844    98.870    99.650
  40     0.028191    99.215     0.022047    99.380    99.650
  41     0.028435    99.180     0.015018    99.600    99.650
  42     0.027921    99.150     0.029181    99.250    99.650
  43     0.028116    99.165     0.014926    99.550    99.650
  44     0.026636    99.190     0.018404    99.430    99.650
  45     0.027272    99.203     0.018292    99.480    99.650
  46     0.025208    99.277     0.012906    99.670    99.670
  47     0.026535    99.168     0.019712    99.380    99.670
  48     0.025398    99.228     0.019504    99.390    99.670
  49     0.026185    99.235     0.024932    99.200    99.670
  50     0.024968    99.282     0.016106    99.520    99.670
  51     0.024610    99.295     0.013518    99.550    99.670
  52     0.023430    99.317     0.015820    99.520    99.670
  53     0.024578    99.282     0.019292    99.440    99.670
  54     0.023758    99.327     0.013773    99.560    99.670
  55     0.022977    99.345     0.019856    99.490    99.670
  56     0.022907    99.315     0.022717    99.220    99.670
  57     0.022347    99.393     0.013141    99.610    99.670
  58     0.022278    99.357     0.017768    99.470    99.670
  59     0.023125    99.313     0.018304    99.390    99.670
  60     0.021666    99.382     0.016228    99.500    99.670
  61     0.022705    99.320     0.016098    99.520    99.670
  62     0.022698    99.328     0.016503    99.540    99.670
  63     0.020802    99.378     0.015217    99.540    99.670
  64     0.020109    99.422     0.016272    99.510    99.670
  65     0.020207    99.423     0.018850    99.470    99.670
  66     0.020730    99.387     0.015781    99.570    99.670
  67     0.019593    99.445     0.018828    99.370    99.670
  68     0.019112    99.420     0.017168    99.410    99.670
  69     0.020140    99.445     0.015736    99.530    99.670
  70     0.019853    99.410     0.015367    99.500    99.670
  71     0.020127    99.418     0.017288    99.360    99.670
  72     0.019118    99.482     0.018475    99.460    99.670
  73     0.019057    99.430     0.013141    99.580    99.670
  74     0.019193    99.412     0.016632    99.480    99.670
  75     0.017785    99.495     0.012841    99.600    99.670
  76     0.017847    99.468     0.014626    99.510    99.670
  77     0.018524    99.457     0.013588    99.580    99.670
  78     0.017637    99.483     0.015061    99.480    99.670
  79     0.017630    99.495     0.014445    99.530    99.670
  80     0.016853    99.535     0.014902    99.550    99.670
  81     0.016826    99.532     0.012721    99.650    99.670
  82     0.016520    99.540     0.014942    99.520    99.670
  83     0.017960    99.480     0.012022    99.630    99.670
  84     0.017781    99.483     0.012610    99.620    99.670
  85     0.017273    99.503     0.014302    99.570    99.670
  86     0.017051    99.507     0.013633    99.590    99.670
  87     0.017244    99.497     0.012855    99.620    99.670
  88     0.016533    99.525     0.014031    99.540    99.670
  89     0.016160    99.517     0.011936    99.630    99.670
  90     0.016243    99.538     0.012868    99.610    99.670
  91     0.016355    99.522     0.017579    99.450    99.670
  92     0.015664    99.537     0.013721    99.550    99.670
  93     0.015380    99.565     0.013388    99.570    99.670
  94     0.015416    99.558     0.014723    99.570    99.670
  95     0.016234    99.507     0.011763    99.680    99.680
  96     0.015834    99.553     0.011257    99.650    99.680
  97     0.014809    99.600     0.011349    99.650    99.680
  98     0.015101    99.555     0.013646    99.600    99.680
  99     0.015522    99.560     0.012668    99.580    99.680
 100     0.015249    99.562     0.014324    99.510    99.680
 101     0.015117    99.528     0.014284    99.540    99.680
 102     0.013997    99.588     0.012567    99.650    99.680
 103     0.014301    99.590     0.015882    99.470    99.680
 104     0.013899    99.592     0.014283    99.570    99.680
 105     0.014180    99.600     0.012283    99.630    99.680
 106     0.014449    99.575     0.012493    99.610    99.680
 107     0.014293    99.597     0.012912    99.610    99.680
 108     0.013792    99.608     0.011677    99.670    99.680
 109     0.013848    99.588     0.013502    99.630    99.680
 110     0.014139    99.595     0.013170    99.570    99.680
 111     0.014271    99.612     0.014344    99.500    99.680
 112     0.013611    99.602     0.011319    99.680    99.680
 113     0.014201    99.592     0.012962    99.550    99.680
 114     0.013719    99.618     0.011558    99.630    99.680
 115     0.013866    99.625     0.012641    99.620    99.680
 116     0.014709    99.600     0.012373    99.600    99.680
 117     0.013905    99.615     0.011985    99.610    99.680
 118     0.013146    99.623     0.011253    99.700    99.700
 119     0.013221    99.603     0.011933    99.630    99.700
 120     0.013124    99.635     0.012549    99.570    99.700
 121     0.013247    99.625     0.012561    99.570    99.700
 122     0.013364    99.633     0.013088    99.550    99.700
 123     0.013410    99.630     0.011935    99.650    99.700
 124     0.013061    99.648     0.012708    99.590    99.700
 125     0.012460    99.642     0.011823    99.620    99.700
 126     0.012631    99.662     0.011080    99.670    99.700
 127     0.012199    99.643     0.012314    99.600    99.700
 128     0.013551    99.607     0.011867    99.650    99.700
 129     0.012514    99.648     0.012326    99.570    99.700
 130     0.012244    99.640     0.011582    99.630    99.700
 131     0.011864    99.638     0.011533    99.610    99.700
 132     0.012069    99.670     0.012085    99.620    99.700
 133     0.012647    99.638     0.012568    99.610    99.700
 134     0.012486    99.633     0.011586    99.690    99.700
 135     0.012008    99.703     0.011746    99.660    99.700
 136     0.012730    99.623     0.011658    99.650    99.700
 137     0.011812    99.685     0.011579    99.630    99.700
 138     0.012440    99.657     0.013211    99.580    99.700
 139     0.013042    99.632     0.012565    99.580    99.700
 140     0.012484    99.643     0.011605    99.660    99.700
 141     0.012269    99.652     0.011474    99.680    99.700
 142     0.011592    99.668     0.011696    99.610    99.700
 143     0.012085    99.633     0.013103    99.540    99.700
 144     0.012498    99.660     0.011841    99.610    99.700
 145     0.012376    99.690     0.012513    99.610    99.700
 146     0.011320    99.693     0.011973    99.680    99.700
 147     0.011186    99.707     0.013827    99.560    99.700
 148     0.011257    99.678     0.013385    99.560    99.700
 149     0.011657    99.670     0.012035    99.640    99.700
