   0     0.650679    88.445     0.265130    97.350    97.350
   1     0.286715    96.000     0.240040    97.260    97.350
   2     0.198163    96.913     0.125091    98.710    98.710
   3     0.153651    97.283     0.096776    98.670    98.710
   4     0.129715    97.528     0.199336    94.930    98.710
   5     0.109015    97.770     0.198483    96.370    98.710
   6     0.096900    97.852     0.082553    98.600    98.710
   7     0.088493    98.040     0.057141    99.010    99.010
   8     0.080572    98.115     0.149333    96.570    99.010
   9     0.075965    98.098     0.073788    98.490    99.010
  10     0.071340    98.203     0.043779    99.250    99.250
  11     0.066483    98.240     0.249257    92.270    99.250
  12     0.061528    98.455     0.032597    99.370    99.370
  13     0.060168    98.400     0.038477    99.050    99.370
  14     0.058193    98.457     0.179686    94.220    99.370
  15     0.055584    98.437     0.050412    98.500    99.370
  16     0.052590    98.540     0.042581    98.970    99.370
  17     0.051764    98.603     0.386979    84.360    99.370
  18     0.047827    98.700     0.038262    99.100    99.370
  19     0.047252    98.633     0.044319    98.920    99.370
  20     0.046090    98.727     0.355158    85.460    99.370
  21     0.044697    98.757     0.225201    91.410    99.370
  22     0.042104    98.792     0.023126    99.330    99.370
  23     0.040952    98.842     0.039028    99.090    99.370
  24     0.042215    98.820     0.031298    99.180    99.370
  25     0.041039    98.780     0.025887    99.370    99.370
  26     0.040419    98.860     0.035043    99.000    99.370
  27     0.037655    98.918     0.019113    99.460    99.460
  28     0.035931    98.970     0.038754    98.880    99.460
  29     0.035948    98.993     0.034576    98.960    99.460
  30     0.035962    98.950     0.027471    99.310    99.460
  31     0.033943    99.012     0.026116    99.280    99.460
  32     0.035394    98.960     0.031057    99.110    99.460
  33     0.034480    98.993     0.022748    99.410    99.460
  34     0.033669    99.035     0.031592    99.060    99.460
  35     0.034491    98.982     0.018053    99.460    99.460
  36     0.031720    99.077     0.020080    99.360    99.460
  37     0.030545    99.110     0.017098    99.470    99.470
  38     0.029904    99.085     0.019962    99.350    99.470
  39     0.030765    99.085     0.024259    99.200    99.470
  40     0.029951    99.122     0.018751    99.440    99.470
  41     0.030074    99.142     0.020671    99.440    99.470
  42     0.027990    99.177     0.030025    99.060    99.470
  43     0.028648    99.153     0.015207    99.530    99.530
  44     0.027088    99.250     0.015712    99.490    99.530
  45     0.026998    99.163     0.015649    99.560    99.560
  46     0.026080    99.223     0.016846    99.550    99.560
  47     0.026629    99.227     0.023716    99.280    99.560
  48     0.024833    99.278     0.019027    99.430    99.560
  49     0.026555    99.192     0.016397    99.450    99.560
  50     0.026743    99.245     0.026603    99.280    99.560
  51     0.025115    99.263     0.025723    99.180    99.560
  52     0.025554    99.262     0.014251    99.510    99.560
  53     0.025177    99.272     0.016084    99.510    99.560
  54     0.023000    99.365     0.015556    99.490    99.560
  55     0.024180    99.303     0.031831    99.090    99.560
  56     0.023092    99.310     0.021822    99.390    99.560
  57     0.023596    99.320     0.019496    99.410    99.560
  58     0.023998    99.287     0.015862    99.440    99.560
  59     0.022650    99.322     0.014048    99.540    99.560
  60     0.021353    99.377     0.016024    99.370    99.560
  61     0.021543    99.378     0.013657    99.500    99.560
  62     0.022161    99.345     0.013581    99.520    99.560
  63     0.020600    99.400     0.013521    99.570    99.570
  64     0.021673    99.363     0.015521    99.530    99.570
  65     0.021198    99.382     0.020712    99.440    99.570
  66     0.021232    99.350     0.013816    99.560    99.570
  67     0.021035    99.368     0.015711    99.480    99.570
  68     0.020868    99.383     0.014185    99.460    99.570
  69     0.019518    99.430     0.013461    99.560    99.570
  70     0.018416    99.472     0.015168    99.500    99.570
  71     0.020136    99.400     0.014795    99.560    99.570
  72     0.019618    99.462     0.015570    99.550    99.570
  73     0.018962    99.440     0.017694    99.500    99.570
  74     0.018913    99.457     0.013352    99.580    99.580
  75     0.018655    99.467     0.015006    99.560    99.580
  76     0.018478    99.473     0.012629    99.600    99.600
  77     0.017910    99.440     0.014797    99.540    99.600
  78     0.019549    99.403     0.014425    99.570    99.600
  79     0.017981    99.467     0.013832    99.530    99.600
  80     0.018381    99.432     0.014127    99.550    99.600
  81     0.017703    99.497     0.013101    99.650    99.650
  82     0.018496    99.443     0.015316    99.500    99.650
  83     0.017967    99.488     0.017743    99.360    99.650
  84     0.017120    99.495     0.015061    99.480    99.650
  85     0.017524    99.548     0.014856    99.550    99.650
  86     0.016875    99.482     0.012770    99.590    99.650
  87     0.016608    99.530     0.015057    99.530    99.650
  88     0.016463    99.497     0.013968    99.600    99.650
  89     0.016900    99.520     0.014022    99.530    99.650
  90     0.016328    99.505     0.014566    99.500    99.650
  91     0.015342    99.558     0.013749    99.550    99.650
  92     0.016688    99.518     0.013575    99.560    99.650
  93     0.017044    99.520     0.014837    99.490    99.650
  94     0.016301    99.537     0.012277    99.580    99.650
  95     0.016435    99.518     0.015267    99.460    99.650
  96     0.016046    99.530     0.015654    99.520    99.650
  97     0.015730    99.542     0.014886    99.520    99.650
  98     0.015417    99.578     0.013384    99.620    99.650
  99     0.015258    99.588     0.015263    99.550    99.650
 100     0.015466    99.540     0.014244    99.600    99.650
 101     0.014788    99.580     0.014008    99.560    99.650
 102     0.013670    99.633     0.014080    99.590    99.650
 103     0.015086    99.570     0.014767    99.480    99.650
 104     0.016275    99.513     0.012848    99.570    99.650
 105     0.014810    99.538     0.012953    99.560    99.650
 106     0.014329    99.582     0.013688    99.540    99.650
 107     0.014197    99.590     0.014071    99.550    99.650
 108     0.013353    99.623     0.013777    99.560    99.650
 109     0.013756    99.612     0.016274    99.490    99.650
 110     0.014301    99.572     0.014006    99.590    99.650
 111     0.013994    99.572     0.013553    99.590    99.650
 112     0.014235    99.590     0.013860    99.540    99.650
 113     0.013711    99.622     0.013869    99.570    99.650
 114     0.014167    99.593     0.012748    99.600    99.650
 115     0.013565    99.613     0.013889    99.530    99.650
 116     0.013068    99.622     0.012752    99.570    99.650
 117     0.012872    99.630     0.013179    99.600    99.650
 118     0.013723    99.612     0.014126    99.500    99.650
 119     0.013700    99.633     0.014593    99.520    99.650
 120     0.014138    99.588     0.013559    99.590    99.650
 121     0.012781    99.653     0.013778    99.500    99.650
 122     0.013038    99.600     0.013669    99.510    99.650
 123     0.012981    99.632     0.014726    99.480    99.650
 124     0.014021    99.583     0.013380    99.550    99.650
 125     0.012001    99.673     0.013481    99.540    99.650
 126     0.012143    99.683     0.015106    99.530    99.650
 127     0.012559    99.650     0.014125    99.570    99.650
 128     0.013329    99.637     0.013145    99.610    99.650
 129     0.013461    99.608     0.013357    99.550    99.650
 130     0.012429    99.642     0.014264    99.560    99.650
 131     0.012527    99.640     0.013997    99.550    99.650
 132     0.012438    99.670     0.013121    99.580    99.650
 133     0.013543    99.613     0.014281    99.580    99.650
 134     0.013421    99.635     0.012772    99.580    99.650
 135     0.012380    99.663     0.013542    99.570    99.650
 136     0.012396    99.667     0.014120    99.520    99.650
 137     0.012132    99.652     0.013375    99.580    99.650
 138     0.012468    99.672     0.013801    99.520    99.650
 139     0.013049    99.647     0.013756    99.510    99.650
 140     0.011793    99.658     0.014272    99.520    99.650
 141     0.012569    99.642     0.013273    99.530    99.650
 142     0.012055    99.655     0.013257    99.500    99.650
 143     0.012275    99.643     0.012633    99.560    99.650
 144     0.012509    99.652     0.012391    99.600    99.650
 145     0.012275    99.623     0.012199    99.590    99.650
 146     0.012959    99.622     0.012614    99.620    99.650
 147     0.011906    99.660     0.012622    99.590    99.650
 148     0.012682    99.610     0.012757    99.630    99.650
 149     0.012708    99.660     0.013332    99.630    99.650
