   0     0.646360    88.367     0.315585    96.450    96.450
   1     0.286790    96.005     0.155184    98.480    98.480
   2     0.196300    96.948     0.205377    97.590    98.480
   3     0.151114    97.388     0.135248    98.100    98.480
   4     0.127004    97.602     0.132429    97.540    98.480
   5     0.110141    97.732     0.083195    98.560    98.560
   6     0.097322    97.945     0.140800    98.050    98.560
   7     0.086753    98.087     0.061772    98.740    98.740
   8     0.080832    98.065     0.123254    97.180    98.740
   9     0.073472    98.232     0.072484    98.690    98.740
  10     0.070640    98.235     0.128214    96.690    98.740
  11     0.066640    98.308     0.101718    97.980    98.740
  12     0.062349    98.382     0.079049    98.180    98.740
  13     0.060412    98.377     0.030896    99.360    99.360
  14     0.055662    98.528     0.139754    96.290    99.360
  15     0.053199    98.583     0.084240    97.910    99.360
  16     0.051815    98.560     0.048009    98.890    99.360
  17     0.051694    98.540     0.048484    98.680    99.360
  18     0.049888    98.678     0.034753    99.010    99.360
  19     0.049139    98.657     0.146677    95.780    99.360
  20     0.046958    98.652     0.027703    99.260    99.360
  21     0.044591    98.758     0.023468    99.310    99.360
  22     0.044098    98.723     0.173050    94.910    99.360
  23     0.041680    98.830     0.066057    98.230    99.360
  24     0.041506    98.822     0.056941    98.570    99.360
  25     0.041081    98.810     0.026253    99.350    99.360
  26     0.040083    98.860     0.070463    98.210    99.360
  27     0.039119    98.842     0.051012    98.460    99.360
  28     0.036325    99.015     0.045022    98.810    99.360
  29     0.037409    98.945     0.024507    99.280    99.360
  30     0.035172    99.012     0.034780    99.080    99.360
  31     0.036122    98.917     0.021589    99.390    99.390
  32     0.034619    98.962     0.021945    99.380    99.390
  33     0.034944    98.960     0.026468    99.210    99.390
  34     0.034369    98.997     0.017827    99.470    99.470
  35     0.033693    98.955     0.025691    99.310    99.470
  36     0.032791    99.032     0.023807    99.260    99.470
  37     0.030750    99.130     0.040926    99.040    99.470
  38     0.031390    99.092     0.079185    97.770    99.470
  39     0.029358    99.137     0.047598    98.670    99.470
  40     0.030832    99.078     0.022363    99.280    99.470
  41     0.029513    99.145     0.024522    99.290    99.470
  42     0.028226    99.190     0.019351    99.440    99.470
  43     0.029324    99.172     0.017841    99.450    99.470
  44     0.029149    99.128     0.017538    99.460    99.470
  45     0.027198    99.243     0.018770    99.430    99.470
  46     0.027612    99.185     0.026815    99.210    99.470
  47     0.027101    99.202     0.022367    99.410    99.470
  48     0.025997    99.242     0.020706    99.360    99.470
  49     0.026066    99.253     0.019908    99.450    99.470
  50     0.025732    99.210     0.016785    99.440    99.470
  51     0.025068    99.272     0.017700    99.440    99.470
  52     0.023806    99.325     0.017821    99.460    99.470
  53     0.024221    99.287     0.015784    99.550    99.550
  54     0.022708    99.330     0.015039    99.500    99.550
  55     0.023688    99.327     0.020564    99.460    99.550
  56     0.023486    99.317     0.021334    99.310    99.550
  57     0.022809    99.317     0.014098    99.520    99.550
  58     0.023055    99.318     0.019496    99.410    99.550
  59     0.022158    99.342     0.016040    99.460    99.550
  60     0.022216    99.352     0.013140    99.540    99.550
  61     0.021913    99.377     0.019202    99.460    99.550
  62     0.021078    99.413     0.018327    99.410    99.550
  63     0.022307    99.357     0.014491    99.510    99.550
  64     0.021418    99.378     0.017995    99.420    99.550
  65     0.020693    99.418     0.020430    99.330    99.550
  66     0.021054    99.393     0.015036    99.490    99.550
  67     0.021261    99.377     0.012840    99.590    99.590
  68     0.020603    99.370     0.013652    99.590    99.590
  69     0.020702    99.417     0.012892    99.580    99.590
  70     0.019350    99.430     0.013752    99.590    99.590
  71     0.020154    99.390     0.014791    99.650    99.650
  72     0.019086    99.445     0.013011    99.550    99.650
  73     0.019570    99.420     0.012779    99.580    99.650
  74     0.018659    99.473     0.014180    99.540    99.650
  75     0.017803    99.483     0.016165    99.470    99.650
  76     0.018174    99.488     0.013848    99.600    99.650
  77     0.018835    99.483     0.013448    99.570    99.650
  78     0.018186    99.477     0.011897    99.580    99.650
  79     0.018479    99.450     0.012855    99.590    99.650
  80     0.017810    99.487     0.013406    99.580    99.650
  81     0.016905    99.492     0.012714    99.610    99.650
  82     0.017515    99.520     0.016402    99.490    99.650
  83     0.017024    99.495     0.015954    99.530    99.650
  84     0.015712    99.545     0.014386    99.560    99.650
  85     0.016433    99.520     0.015375    99.510    99.650
  86     0.016904    99.488     0.014423    99.530    99.650
  87     0.017433    99.488     0.017073    99.470    99.650
  88     0.017249    99.478     0.014120    99.580    99.650
  89     0.016594    99.532     0.014695    99.500    99.650
  90     0.016251    99.508     0.012969    99.500    99.650
  91     0.017113    99.513     0.015062    99.460    99.650
  92     0.016557    99.538     0.013009    99.550    99.650
  93     0.016553    99.512     0.015207    99.550    99.650
  94     0.016245    99.520     0.012241    99.640    99.650
  95     0.015559    99.538     0.012755    99.590    99.650
  96     0.015374    99.542     0.013606    99.590    99.650
  97     0.014871    99.567     0.012743    99.560    99.650
  98     0.014959    99.572     0.013040    99.580    99.650
  99     0.015001    99.580     0.012915    99.600    99.650
 100     0.015638    99.555     0.013528    99.570    99.650
 101     0.014185    99.590     0.013032    99.600    99.650
 102     0.014969    99.563     0.012138    99.600    99.650
 103     0.015752    99.550     0.013436    99.610    99.650
 104     0.014495    99.573     0.013274    99.580    99.650
 105     0.014711    99.542     0.011675    99.610    99.650
 106     0.014355    99.577     0.013063    99.620    99.650
 107     0.014393    99.568     0.013540    99.530    99.650
 108     0.014721    99.592     0.014279    99.530    99.650
 109     0.014392    99.597     0.013369    99.560    99.650
 110     0.014061    99.615     0.017846    99.380    99.650
 111     0.013489    99.615     0.014565    99.510    99.650
 112     0.014336    99.602     0.013563    99.570    99.650
 113     0.013762    99.605     0.014038    99.580    99.650
 114     0.013599    99.623     0.012051    99.630    99.650
 115     0.013759    99.615     0.012682    99.570    99.650
 116     0.012882    99.607     0.011778    99.600    99.650
 117     0.013215    99.607     0.012853    99.530    99.650
 118     0.014464    99.602     0.012295    99.590    99.650
 119     0.013437    99.620     0.013002    99.560    99.650
 120     0.013845    99.588     0.013892    99.550    99.650
 121     0.014099    99.595     0.012954    99.560    99.650
 122     0.013120    99.617     0.012257    99.580    99.650
 123     0.013346    99.628     0.012500    99.590    99.650
 124     0.014023    99.583     0.012802    99.530    99.650
 125     0.012316    99.632     0.012235    99.600    99.650
 126     0.013450    99.598     0.012126    99.590    99.650
 127     0.013189    99.612     0.012483    99.580    99.650
 128     0.012913    99.663     0.012238    99.610    99.650
 129     0.012103    99.672     0.013130    99.580    99.650
 130     0.012544    99.670     0.013650    99.580    99.650
 131     0.012746    99.665     0.012661    99.550    99.650
 132     0.012906    99.612     0.012818    99.560    99.650
 133     0.013734    99.608     0.012398    99.610    99.650
 134     0.012883    99.643     0.013044    99.660    99.660
 135     0.012476    99.652     0.012763    99.590    99.660
 136     0.012564    99.640     0.013979    99.540    99.660
 137     0.013086    99.642     0.012495    99.610    99.660
 138     0.012679    99.637     0.012806    99.580    99.660
 139     0.012509    99.683     0.012663    99.630    99.660
 140     0.012348    99.657     0.015134    99.530    99.660
 141     0.012360    99.627     0.012499    99.630    99.660
 142     0.011987    99.650     0.012774    99.630    99.660
 143     0.012567    99.632     0.012197    99.650    99.660
 144     0.012064    99.662     0.012958    99.560    99.660
 145     0.012048    99.635     0.012290    99.620    99.660
 146     0.012530    99.628     0.012042    99.640    99.660
 147     0.011592    99.690     0.011795    99.630    99.660
 148     0.011339    99.702     0.012107    99.600    99.660
 149     0.011401    99.668     0.012296    99.610    99.660
