   0     0.628534    89.132     0.272881    97.940    97.940
   1     0.281821    96.218     0.243301    97.300    97.940
   2     0.196495    96.985     0.162921    98.280    98.280
   3     0.152296    97.453     0.089946    98.850    98.850
   4     0.126669    97.640     0.200025    96.650    98.850
   5     0.109875    97.757     0.103796    98.480    98.850
   6     0.097553    97.883     0.087032    98.870    98.870
   7     0.088979    98.030     0.151169    96.250    98.870
   8     0.079583    98.158     0.116466    97.230    98.870
   9     0.075159    98.227     0.113701    97.960    98.870
  10     0.070025    98.250     0.147692    95.680    98.870
  11     0.066758    98.258     0.058624    98.820    98.870
  12     0.062891    98.365     0.038563    99.040    99.040
  13     0.060008    98.425     0.049489    98.870    99.040
  14     0.058520    98.453     0.144317    96.660    99.040
  15     0.055344    98.532     0.071481    98.530    99.040
  16     0.054308    98.520     0.030615    99.260    99.260
  17     0.051745    98.590     0.074066    97.920    99.260
  18     0.048425    98.683     0.033484    99.150    99.260
  19     0.048629    98.673     0.032498    99.240    99.260
  20     0.046391    98.698     0.060309    98.480    99.260
  21     0.044015    98.753     0.046334    98.820    99.260
  22     0.042965    98.760     0.032281    99.270    99.270
  23     0.042177    98.808     0.033468    99.130    99.270
  24     0.042830    98.757     0.038570    98.880    99.270
  25     0.040925    98.805     0.028776    99.260    99.270
  26     0.040534    98.855     0.022585    99.320    99.320
  27     0.038734    98.917     0.019675    99.440    99.440
  28     0.038970    98.855     0.027951    99.170    99.440
  29     0.036397    98.965     0.019030    99.550    99.550
  30     0.035791    98.950     0.031872    99.030    99.550
  31     0.036705    98.952     0.016751    99.560    99.560
  32     0.033866    99.028     0.025429    99.270    99.560
  33     0.033974    99.027     0.074274    97.620    99.560
  34     0.033620    98.973     0.042032    98.830    99.560
  35     0.032057    99.055     0.029601    99.200    99.560
  36     0.031828    99.058     0.035844    99.020    99.560
  37     0.031486    99.077     0.021729    99.360    99.560
  38     0.031536    99.075     0.031113    99.070    99.560
  39     0.029366    99.143     0.017304    99.470    99.560
  40     0.030518    99.152     0.021891    99.320    99.560
  41     0.029215    99.142     0.017575    99.530    99.560
  42     0.030076    99.113     0.016220    99.490    99.560
  43     0.029624    99.178     0.015778    99.470    99.560
  44     0.027247    99.173     0.031700    99.070    99.560
  45     0.027204    99.223     0.035310    98.990    99.560
  46     0.027193    99.188     0.016121    99.530    99.560
  47     0.026863    99.198     0.022419    99.360    99.560
  48     0.026754    99.220     0.018953    99.350    99.560
  49     0.025831    99.255     0.016823    99.430    99.560
  50     0.025831    99.253     0.018422    99.450    99.560
  51     0.024849    99.318     0.018519    99.430    99.560
  52     0.024761    99.308     0.016335    99.460    99.560
  53     0.024227    99.267     0.019250    99.380    99.560
  54     0.024125    99.287     0.016378    99.420    99.560
  55     0.023650    99.302     0.015553    99.470    99.560
  56     0.024708    99.275     0.018404    99.440    99.560
  57     0.024153    99.293     0.017741    99.490    99.560
  58     0.021898    99.347     0.017376    99.440    99.560
  59     0.025026    99.270     0.016027    99.430    99.560
  60     0.021188    99.422     0.019159    99.360    99.560
  61     0.022714    99.313     0.014472    99.480    99.560
  62     0.021280    99.415     0.018422    99.430    99.560
  63     0.020867    99.395     0.019683    99.380    99.560
  64     0.020584    99.390     0.022030    99.280    99.560
  65     0.021711    99.355     0.017890    99.380    99.560
  66     0.020412    99.353     0.013418    99.570    99.570
  67     0.020002    99.395     0.014387    99.550    99.570
  68     0.019348    99.447     0.014887    99.520    99.570
  69     0.019994    99.438     0.016231    99.510    99.570
  70     0.019360    99.392     0.015403    99.560    99.570
  71     0.018199    99.430     0.014330    99.530    99.570
  72     0.019835    99.418     0.015662    99.480    99.570
  73     0.019675    99.395     0.016443    99.490    99.570
  74     0.018686    99.457     0.015301    99.540    99.570
  75     0.019408    99.442     0.015462    99.540    99.570
  76     0.018842    99.428     0.015980    99.530    99.570
  77     0.017996    99.462     0.014042    99.570    99.570
  78     0.018263    99.475     0.013893    99.510    99.570
  79     0.017936    99.462     0.018377    99.450    99.570
  80     0.018257    99.457     0.017050    99.450    99.570
  81     0.018744    99.450     0.014795    99.550    99.570
  82     0.016915    99.522     0.017539    99.500    99.570
  83     0.017695    99.488     0.017797    99.440    99.570
  84     0.017603    99.487     0.013313    99.570    99.570
  85     0.017283    99.483     0.014345    99.510    99.570
  86     0.017391    99.430     0.014855    99.520    99.570
  87     0.017397    99.478     0.015016    99.520    99.570
  88     0.016253    99.535     0.014489    99.510    99.570
  89     0.016046    99.548     0.024179    99.250    99.570
  90     0.016816    99.512     0.013397    99.600    99.600
  91     0.017159    99.492     0.013757    99.500    99.600
  92     0.016131    99.562     0.013641    99.510    99.600
  93     0.015601    99.523     0.014464    99.510    99.600
  94     0.016219    99.535     0.014474    99.520    99.600
  95     0.015504    99.535     0.018373    99.370    99.600
  96     0.016638    99.503     0.013651    99.530    99.600
  97     0.016136    99.518     0.013876    99.530    99.600
  98     0.015531    99.570     0.015284    99.530    99.600
  99     0.014356    99.593     0.014004    99.520    99.600
 100     0.014733    99.567     0.013170    99.550    99.600
 101     0.015028    99.572     0.013998    99.520    99.600
 102     0.014366    99.588     0.013591    99.530    99.600
 103     0.015103    99.583     0.014405    99.500    99.600
 104     0.014718    99.578     0.012848    99.570    99.600
 105     0.014166    99.587     0.013453    99.550    99.600
 106     0.014387    99.598     0.013415    99.540    99.600
 107     0.013196    99.627     0.013790    99.530    99.600
 108     0.014761    99.565     0.014182    99.550    99.600
 109     0.014433    99.580     0.013568    99.550    99.600
 110     0.014438    99.585     0.013278    99.530    99.600
 111     0.014874    99.562     0.014149    99.540    99.600
 112     0.014509    99.578     0.013835    99.580    99.600
 113     0.013594    99.612     0.013127    99.530    99.600
 114     0.013969    99.602     0.013663    99.530    99.600
 115     0.013990    99.593     0.013567    99.530    99.600
 116     0.013187    99.607     0.013179    99.540    99.600
 117     0.014046    99.638     0.015801    99.470    99.600
 118     0.013280    99.615     0.013679    99.510    99.600
 119     0.013711    99.627     0.013973    99.510    99.600
 120     0.013408    99.642     0.013342    99.520    99.600
 121     0.014815    99.540     0.015882    99.510    99.600
 122     0.012872    99.660     0.013389    99.560    99.600
 123     0.013465    99.617     0.013695    99.500    99.600
 124     0.013181    99.612     0.015653    99.520    99.600
 125     0.012814    99.642     0.013451    99.550    99.600
 126     0.012142    99.665     0.013516    99.560    99.600
 127     0.013475    99.612     0.013472    99.520    99.600
 128     0.013414    99.628     0.013104    99.560    99.600
 129     0.012833    99.638     0.013282    99.520    99.600
 130     0.013270    99.630     0.012817    99.610    99.610
 131     0.012018    99.650     0.013441    99.560    99.610
 132     0.011658    99.697     0.013097    99.530    99.610
 133     0.012734    99.642     0.012884    99.580    99.610
 134     0.012164    99.652     0.013626    99.570    99.610
 135     0.012171    99.648     0.014338    99.560    99.610
 136     0.012939    99.640     0.013928    99.560    99.610
 137     0.012124    99.643     0.014951    99.530    99.610
 138     0.011910    99.667     0.013544    99.540    99.610
 139     0.012123    99.672     0.013324    99.560    99.610
 140     0.012912    99.623     0.012840    99.590    99.610
 141     0.012700    99.653     0.013217    99.620    99.620
 142     0.012180    99.653     0.012684    99.610    99.620
 143     0.011420    99.685     0.012924    99.570    99.620
 144     0.012716    99.625     0.012284    99.580    99.620
 145     0.012023    99.672     0.013708    99.560    99.620
 146     0.012788    99.665     0.012796    99.600    99.620
 147     0.012716    99.635     0.013492    99.560    99.620
 148     0.011521    99.697     0.012567    99.590    99.620
 149     0.012218    99.660     0.012906    99.520    99.620
