   0     0.636110    88.923     0.242979    98.340    98.340
   1     0.280379    96.270     0.261755    97.300    98.340
   2     0.196571    96.907     0.144129    98.320    98.340
   3     0.149864    97.408     0.109581    98.710    98.710
   4     0.125900    97.647     0.136471    97.930    98.710
   5     0.109887    97.753     0.081121    98.790    98.790
   6     0.095536    97.912     0.086157    98.850    98.850
   7     0.089106    97.965     0.144215    96.680    98.850
   8     0.079994    98.108     0.069327    98.910    98.910
   9     0.073678    98.250     0.068384    98.900    98.910
  10     0.072606    98.187     0.074004    98.830    98.910
  11     0.065283    98.342     0.053989    98.800    98.910
  12     0.060593    98.413     0.070371    98.550    98.910
  13     0.060040    98.437     0.064135    98.440    98.910
  14     0.056607    98.488     0.040301    98.990    98.990
  15     0.055098    98.497     0.024791    99.400    99.400
  16     0.051621    98.580     0.032635    99.190    99.400
  17     0.048679    98.630     0.089033    97.900    99.400
  18     0.049094    98.638     0.253195    91.450    99.400
  19     0.047543    98.645     0.032876    99.160    99.400
  20     0.045445    98.712     0.030565    99.280    99.400
  21     0.042157    98.855     0.037432    98.870    99.400
  22     0.043367    98.733     0.025950    99.310    99.400
  23     0.041897    98.790     0.025760    99.280    99.400
  24     0.041580    98.813     0.031637    99.050    99.400
  25     0.039779    98.867     0.031124    99.180    99.400
  26     0.038202    98.887     0.023825    99.410    99.410
  27     0.036842    98.953     0.035981    98.980    99.410
  28     0.038987    98.843     0.035388    98.900    99.410
  29     0.036091    98.968     0.024547    99.430    99.430
  30     0.035043    98.972     0.052882    98.640    99.430
  31     0.033649    99.032     0.033481    99.080    99.430
  32     0.034393    99.035     0.016802    99.500    99.500
  33     0.032717    98.998     0.020603    99.430    99.500
  34     0.032730    99.092     0.018021    99.550    99.550
  35     0.032810    99.033     0.026057    99.260    99.550
  36     0.031490    99.108     0.029446    99.060    99.550
  37     0.031476    99.077     0.023346    99.290    99.550
  38     0.029907    99.087     0.043398    98.760    99.550
  39     0.029354    99.160     0.017073    99.490    99.550
  40     0.029732    99.173     0.026710    99.210    99.550
  41     0.028422    99.150     0.020081    99.410    99.550
  42     0.028665    99.125     0.018462    99.490    99.550
  43     0.028536    99.198     0.019158    99.430    99.550
  44     0.028166    99.210     0.018206    99.570    99.570
  45     0.027150    99.213     0.015526    99.540    99.570
  46     0.027188    99.203     0.016081    99.520    99.570
  47     0.026504    99.248     0.029995    99.330    99.570
  48     0.025752    99.205     0.021633    99.310    99.570
  49     0.024526    99.293     0.016555    99.540    99.570
  50     0.024200    99.302     0.017109    99.500    99.570
  51     0.024340    99.273     0.014965    99.560    99.570
  52     0.024882    99.295     0.019621    99.420    99.570
  53     0.023510    99.302     0.015580    99.460    99.570
  54     0.024645    99.257     0.019578    99.540    99.570
  55     0.025027    99.243     0.016017    99.530    99.570
  56     0.021931    99.370     0.016411    99.500    99.570
  57     0.023688    99.347     0.016970    99.430    99.570
  58     0.022116    99.317     0.020438    99.460    99.570
  59     0.022387    99.302     0.025126    99.390    99.570
  60     0.022450    99.362     0.014087    99.600    99.600
  61     0.021487    99.363     0.019452    99.370    99.600
  62     0.020933    99.392     0.017617    99.510    99.600
  63     0.021551    99.367     0.014378    99.590    99.600
  64     0.021768    99.335     0.014791    99.570    99.600
  65     0.021003    99.350     0.019254    99.400    99.600
  66     0.021889    99.357     0.016731    99.510    99.600
  67     0.019803    99.447     0.018843    99.380    99.600
  68     0.019041    99.443     0.015031    99.530    99.600
  69     0.019989    99.412     0.014821    99.560    99.600
  70     0.019227    99.418     0.016610    99.510    99.600
  71     0.018724    99.443     0.014070    99.550    99.600
  72     0.019216    99.455     0.013662    99.620    99.620
  73     0.019048    99.457     0.015722    99.580    99.620
  74     0.018190    99.480     0.014441    99.640    99.640
  75     0.018537    99.485     0.014208    99.510    99.640
  76     0.018707    99.467     0.013362    99.600    99.640
  77     0.018024    99.473     0.015229    99.530    99.640
  78     0.017827    99.478     0.013088    99.600    99.640
  79     0.017678    99.490     0.013433    99.580    99.640
  80     0.016884    99.478     0.013019    99.600    99.640
  81     0.017612    99.503     0.016494    99.520    99.640
  82     0.016732    99.527     0.017777    99.520    99.640
  83     0.016990    99.503     0.016131    99.490    99.640
  84     0.017472    99.483     0.015967    99.530    99.640
  85     0.016544    99.532     0.015901    99.540    99.640
  86     0.016856    99.528     0.014274    99.560    99.640
  87     0.017611    99.483     0.017108    99.520    99.640
  88     0.016087    99.542     0.014352    99.590    99.640
  89     0.016452    99.532     0.015074    99.510    99.640
  90     0.016397    99.522     0.016228    99.490    99.640
  91     0.016506    99.505     0.017694    99.490    99.640
  92     0.017472    99.490     0.014115    99.570    99.640
  93     0.015547    99.552     0.014413    99.560    99.640
  94     0.015815    99.535     0.014631    99.540    99.640
  95     0.014415    99.590     0.013902    99.580    99.640
  96     0.014871    99.587     0.016667    99.520    99.640
  97     0.016003    99.520     0.014475    99.570    99.640
  98     0.015430    99.562     0.014507    99.590    99.640
  99     0.015109    99.577     0.014022    99.610    99.640
 100     0.015755    99.518     0.014773    99.490    99.640
 101     0.013978    99.590     0.015844    99.460    99.640
 102     0.014687    99.562     0.017053    99.500    99.640
 103     0.016246    99.502     0.013289    99.610    99.640
 104     0.014382    99.573     0.013131    99.610    99.640
 105     0.014579    99.565     0.014010    99.600    99.640
 106     0.014232    99.592     0.013796    99.600    99.640
 107     0.013891    99.617     0.013928    99.620    99.640
 108     0.013758    99.605     0.013419    99.590    99.640
 109     0.013279    99.643     0.013809    99.600    99.640
 110     0.014580    99.570     0.013407    99.560    99.640
 111     0.014457    99.597     0.014450    99.560    99.640
 112     0.013023    99.642     0.013844    99.640    99.640
 113     0.013557    99.652     0.015356    99.510    99.640
 114     0.012852    99.652     0.013720    99.570    99.640
 115     0.013130    99.620     0.014529    99.500    99.640
 116     0.013362    99.640     0.013021    99.550    99.640
 117     0.013272    99.622     0.012768    99.590    99.640
 118     0.014477    99.570     0.013119    99.630    99.640
 119     0.013527    99.623     0.014797    99.510    99.640
 120     0.013978    99.637     0.015652    99.440    99.640
 121     0.013725    99.607     0.014059    99.570    99.640
 122     0.013083    99.618     0.013418    99.560    99.640
 123     0.012907    99.638     0.012890    99.570    99.640
 124     0.014322    99.578     0.013335    99.600    99.640
 125     0.012713    99.645     0.013245    99.620    99.640
 126     0.013242    99.628     0.012489    99.560    99.640
 127     0.012486    99.623     0.013424    99.590    99.640
 128     0.012462    99.662     0.013564    99.510    99.640
 129     0.012624    99.648     0.013288    99.580    99.640
 130     0.012372    99.648     0.013748    99.500    99.640
 131     0.012487    99.638     0.013492    99.540    99.640
 132     0.013114    99.600     0.014532    99.510    99.640
 133     0.012033    99.648     0.013277    99.610    99.640
 134     0.011784    99.648     0.012960    99.610    99.640
 135     0.013738    99.612     0.012598    99.600    99.640
 136     0.013062    99.613     0.012258    99.640    99.640
 137     0.012709    99.623     0.012316    99.630    99.640
 138     0.011978    99.677     0.012224    99.610    99.640
 139     0.010792    99.712     0.012738    99.610    99.640
 140     0.012559    99.648     0.013784    99.590    99.640
 141     0.013234    99.622     0.012738    99.570    99.640
 142     0.012112    99.650     0.012811    99.560    99.640
 143     0.011559    99.678     0.013166    99.540    99.640
 144     0.011617    99.670     0.012539    99.580    99.640
 145     0.012100    99.655     0.013654    99.580    99.640
 146     0.012484    99.633     0.013330    99.610    99.640
 147     0.011323    99.653     0.013628    99.560    99.640
 148     0.012858    99.622     0.013048    99.570    99.640
 149     0.011740    99.672     0.012489    99.620    99.640
