   0     0.649488    88.458     0.303497    97.580    97.580
   1     0.284412    96.167     0.198852    97.940    97.940
   2     0.196569    96.810     0.234331    97.050    97.940
   3     0.153337    97.313     0.130187    98.160    98.160
   4     0.126160    97.672     0.064144    99.220    99.220
   5     0.110535    97.752     0.187607    95.970    99.220
   6     0.094634    98.023     0.081490    98.680    99.220
   7     0.085561    98.102     0.052944    99.110    99.220
   8     0.079046    98.108     0.098849    97.590    99.220
   9     0.074981    98.210     0.067273    98.490    99.220
  10     0.067379    98.363     0.050222    99.310    99.310
  11     0.065443    98.372     0.050979    98.680    99.310
  12     0.063210    98.298     0.056667    98.780    99.310
  13     0.058882    98.455     0.050415    98.900    99.310
  14     0.056121    98.513     0.043234    98.920    99.310
  15     0.054427    98.545     0.172687    94.420    99.310
  16     0.052289    98.588     0.040144    98.980    99.310
  17     0.051105    98.608     0.114950    96.600    99.310
  18     0.052032    98.532     0.048237    98.800    99.310
  19     0.046265    98.777     0.035131    99.190    99.310
  20     0.044785    98.732     0.039656    98.830    99.310
  21     0.045828    98.685     0.039273    98.960    99.310
  22     0.042487    98.782     0.023714    99.380    99.380
  23     0.040909    98.825     0.030939    99.180    99.380
  24     0.041707    98.800     0.028304    99.250    99.380
  25     0.039576    98.883     0.045205    98.650    99.380
  26     0.038755    98.898     0.019238    99.330    99.380
  27     0.038720    98.933     0.058297    98.480    99.380
  28     0.037594    98.910     0.093797    97.250    99.380
  29     0.036008    98.937     0.050980    98.580    99.380
  30     0.035560    98.995     0.027046    99.170    99.380
  31     0.034100    99.007     0.029810    99.140    99.380
  32     0.034385    99.017     0.023028    99.360    99.380
  33     0.033450    99.012     0.018559    99.350    99.380
  34     0.031541    99.063     0.023527    99.360    99.380
  35     0.032735    99.068     0.023668    99.250    99.380
  36     0.031965    99.092     0.019492    99.520    99.520
  37     0.030620    99.153     0.096834    96.780    99.520
  38     0.031284    99.070     0.027240    99.180    99.520
  39     0.029100    99.147     0.018613    99.430    99.520
  40     0.029064    99.200     0.018337    99.370    99.520
  41     0.027781    99.192     0.016391    99.420    99.520
  42     0.028810    99.165     0.023997    99.290    99.520
  43     0.028573    99.173     0.016681    99.520    99.520
  44     0.027487    99.207     0.018536    99.440    99.520
  45     0.027294    99.223     0.021179    99.340    99.520
  46     0.027627    99.213     0.031932    99.200    99.520
  47     0.025195    99.273     0.018328    99.500    99.520
  48     0.026058    99.222     0.020988    99.390    99.520
  49     0.026272    99.227     0.021351    99.360    99.520
  50     0.025792    99.267     0.016888    99.460    99.520
  51     0.024625    99.280     0.017248    99.430    99.520
  52     0.023420    99.300     0.015270    99.520    99.520
  53     0.024488    99.260     0.018449    99.430    99.520
  54     0.022445    99.367     0.020566    99.430    99.520
  55     0.023794    99.283     0.015228    99.540    99.540
  56     0.023576    99.307     0.028227    99.240    99.540
  57     0.022983    99.288     0.013643    99.590    99.590
  58     0.022815    99.365     0.018755    99.440    99.590
  59     0.022039    99.390     0.016020    99.610    99.610
  60     0.022426    99.347     0.023439    99.200    99.610
  61     0.021612    99.358     0.019330    99.350    99.610
  62     0.022752    99.333     0.019257    99.440    99.610
  63     0.020501    99.427     0.017927    99.450    99.610
  64     0.021071    99.358     0.015084    99.570    99.610
  65     0.019904    99.420     0.015067    99.580    99.610
  66     0.020175    99.413     0.013100    99.600    99.610
  67     0.021505    99.402     0.019249    99.400    99.610
  68     0.020790    99.402     0.013299    99.610    99.610
  69     0.020166    99.402     0.017254    99.480    99.610
  70     0.019391    99.457     0.025294    99.270    99.610
  71     0.019315    99.422     0.017764    99.450    99.610
  72     0.018867    99.443     0.024112    99.380    99.610
  73     0.019092    99.443     0.016157    99.580    99.610
  74     0.019563    99.390     0.017138    99.440    99.610
  75     0.018485    99.455     0.019279    99.500    99.610
  76     0.018288    99.447     0.014362    99.550    99.610
  77     0.018350    99.483     0.013620    99.580    99.610
  78     0.018876    99.447     0.016719    99.460    99.610
  79     0.017861    99.490     0.017017    99.420    99.610
  80     0.017718    99.433     0.018896    99.390    99.610
  81     0.018171    99.478     0.015120    99.450    99.610
  82     0.016945    99.512     0.013398    99.630    99.630
  83     0.017034    99.507     0.015334    99.460    99.630
  84     0.017228    99.497     0.015722    99.550    99.630
  85     0.016887    99.507     0.013968    99.510    99.630
  86     0.016979    99.495     0.013993    99.610    99.630
  87     0.016529    99.507     0.012176    99.660    99.660
  88     0.016644    99.528     0.014785    99.550    99.660
  89     0.017345    99.463     0.015045    99.570    99.660
  90     0.015828    99.562     0.016776    99.490    99.660
  91     0.017109    99.482     0.012960    99.580    99.660
  92     0.015813    99.550     0.014477    99.530    99.660
  93     0.015877    99.547     0.013893    99.560    99.660
  94     0.016004    99.533     0.012009    99.600    99.660
  95     0.015755    99.548     0.017076    99.410    99.660
  96     0.015416    99.567     0.014333    99.580    99.660
  97     0.016528    99.528     0.018753    99.430    99.660
  98     0.015727    99.575     0.012531    99.670    99.670
  99     0.015040    99.572     0.014077    99.550    99.670
 100     0.015338    99.547     0.013446    99.630    99.670
 101     0.014973    99.557     0.014914    99.510    99.670
 102     0.014587    99.563     0.014690    99.530    99.670
 103     0.015002    99.538     0.013837    99.560    99.670
 104     0.014575    99.568     0.013880    99.550    99.670
 105     0.013690    99.630     0.013188    99.570    99.670
 106     0.013141    99.650     0.015524    99.470    99.670
 107     0.014289    99.600     0.013796    99.580    99.670
 108     0.014552    99.595     0.013903    99.600    99.670
 109     0.014763    99.600     0.013955    99.580    99.670
 110     0.014192    99.627     0.012672    99.630    99.670
 111     0.014118    99.605     0.014733    99.570    99.670
 112     0.013843    99.592     0.012368    99.580    99.670
 113     0.014354    99.572     0.013367    99.640    99.670
 114     0.013543    99.608     0.013382    99.540    99.670
 115     0.012956    99.627     0.014094    99.560    99.670
 116     0.013979    99.610     0.014060    99.510    99.670
 117     0.013397    99.617     0.013031    99.590    99.670
 118     0.013276    99.628     0.013591    99.590    99.670
 119     0.013057    99.615     0.012323    99.620    99.670
 120     0.013432    99.615     0.013649    99.520    99.670
 121     0.013256    99.615     0.014934    99.590    99.670
 122     0.012522    99.653     0.013927    99.570    99.670
 123     0.012537    99.658     0.012472    99.570    99.670
 124     0.012250    99.658     0.013120    99.610    99.670
 125     0.012433    99.673     0.013076    99.610    99.670
 126     0.012846    99.642     0.014983    99.470    99.670
 127     0.013385    99.610     0.013976    99.580    99.670
 128     0.013225    99.620     0.014523    99.550    99.670
 129     0.012497    99.642     0.014653    99.500    99.670
 130     0.012760    99.613     0.011748    99.630    99.670
 131     0.012010    99.655     0.012707    99.530    99.670
 132     0.012865    99.613     0.012375    99.640    99.670
 133     0.012253    99.650     0.012756    99.610    99.670
 134     0.011922    99.635     0.012500    99.600    99.670
 135     0.012465    99.653     0.013061    99.630    99.670
 136     0.012722    99.603     0.013390    99.600    99.670
 137     0.012885    99.643     0.013059    99.510    99.670
 138     0.012796    99.637     0.011815    99.610    99.670
 139     0.012672    99.630     0.012283    99.600    99.670
 140     0.012023    99.668     0.013166    99.570    99.670
 141     0.011700    99.663     0.013745    99.480    99.670
 142     0.012175    99.638     0.013138    99.590    99.670
 143     0.011557    99.655     0.013889    99.570    99.670
 144     0.012085    99.660     0.012882    99.560    99.670
 145     0.011564    99.687     0.012144    99.610    99.670
 146     0.012382    99.642     0.013090    99.570    99.670
 147     0.011879    99.650     0.012877    99.560    99.670
 148     0.011723    99.665     0.012946    99.620    99.670
 149     0.011854    99.670     0.012790    99.610    99.670
