   0     0.648339    88.515     0.235111    98.440    98.440
   1     0.287499    96.038     0.224082    97.500    98.440
   2     0.197888    96.958     0.159992    98.010    98.440
   3     0.153752    97.337     0.292914    92.040    98.440
   4     0.127854    97.573     0.125982    97.790    98.440
   5     0.107939    97.810     0.133977    98.010    98.440
   6     0.096964    97.918     0.104473    98.010    98.440
   7     0.086935    98.013     0.155347    96.960    98.440
   8     0.080105    98.088     0.077737    98.510    98.510
   9     0.075355    98.182     0.051301    98.800    98.800
  10     0.070682    98.252     0.076574    98.450    98.800
  11     0.066927    98.323     0.044602    99.010    99.010
  12     0.062916    98.357     0.043914    98.820    99.010
  13     0.060869    98.277     0.050818    98.700    99.010
  14     0.056121    98.488     0.134870    97.130    99.010
  15     0.057229    98.418     0.144729    95.880    99.010
  16     0.053529    98.545     0.028152    99.200    99.200
  17     0.050309    98.583     0.069680    98.140    99.200
  18     0.048131    98.687     0.137207    96.430    99.200
  19     0.046311    98.688     0.019800    99.520    99.520
  20     0.045869    98.678     0.033033    99.070    99.520
  21     0.046731    98.662     0.067992    98.100    99.520
  22     0.045953    98.707     0.036558    98.960    99.520
  23     0.042079    98.765     0.070936    97.750    99.520
  24     0.039950    98.875     0.023956    99.290    99.520
  25     0.040124    98.793     0.059274    98.400    99.520
  26     0.038000    98.857     0.017767    99.530    99.530
  27     0.036740    98.940     0.029303    99.140    99.530
  28     0.038544    98.872     0.018424    99.370    99.530
  29     0.035482    98.985     0.089711    97.430    99.530
  30     0.036931    98.907     0.041314    98.830    99.530
  31     0.034557    98.993     0.026423    99.270    99.530
  32     0.033283    99.062     0.019489    99.290    99.530
  33     0.033473    99.068     0.020038    99.320    99.530
  34     0.033695    99.007     0.024305    99.240    99.530
  35     0.033366    99.042     0.017866    99.440    99.530
  36     0.032880    99.013     0.018716    99.470    99.530
  37     0.032435    99.050     0.098353    97.190    99.530
  38     0.030694    99.100     0.022306    99.480    99.530
  39     0.030162    99.120     0.031810    99.130    99.530
  40     0.029700    99.143     0.028293    99.230    99.530
  41     0.028458    99.157     0.033223    98.990    99.530
  42     0.030442    99.127     0.018713    99.500    99.530
  43     0.028851    99.170     0.022351    99.430    99.530
  44     0.028027    99.205     0.020454    99.350    99.530
  45     0.027392    99.185     0.016839    99.490    99.530
  46     0.028515    99.160     0.017268    99.510    99.530
  47     0.026694    99.215     0.020769    99.390    99.530
  48     0.025197    99.270     0.014799    99.650    99.650
  49     0.025444    99.275     0.018456    99.500    99.650
  50     0.026257    99.243     0.017705    99.510    99.650
  51     0.024980    99.283     0.021901    99.330    99.650
  52     0.024360    99.305     0.016729    99.510    99.650
  53     0.024388    99.280     0.021667    99.410    99.650
  54     0.023629    99.315     0.015045    99.570    99.650
  55     0.022471    99.328     0.015358    99.520    99.650
  56     0.023981    99.302     0.022320    99.360    99.650
  57     0.023651    99.275     0.012483    99.620    99.650
  58     0.022720    99.325     0.018473    99.410    99.650
  59     0.022481    99.338     0.017644    99.490    99.650
  60     0.021998    99.352     0.016517    99.520    99.650
  61     0.022787    99.327     0.014313    99.510    99.650
  62     0.021611    99.372     0.016203    99.470    99.650
  63     0.021441    99.373     0.018850    99.350    99.650
  64     0.021713    99.375     0.019141    99.360    99.650
  65     0.020777    99.413     0.015367    99.510    99.650
  66     0.020198    99.407     0.017714    99.450    99.650
  67     0.019880    99.392     0.018140    99.430    99.650
  68     0.021407    99.342     0.014485    99.590    99.650
  69     0.019992    99.425     0.018982    99.470    99.650
  70     0.020296    99.403     0.015585    99.520    99.650
  71     0.020443    99.380     0.019083    99.430    99.650
  72     0.019975    99.403     0.015786    99.520    99.650
  73     0.018742    99.418     0.014988    99.560    99.650
  74     0.017854    99.492     0.019999    99.430    99.650
  75     0.019386    99.418     0.019834    99.430    99.650
  76     0.018584    99.473     0.014610    99.520    99.650
  77     0.018498    99.445     0.017508    99.500    99.650
  78     0.019762    99.400     0.016537    99.470    99.650
  79     0.017541    99.465     0.013809    99.510    99.650
  80     0.017910    99.473     0.012354    99.600    99.650
  81     0.018140    99.467     0.014629    99.520    99.650
  82     0.017503    99.507     0.014257    99.530    99.650
  83     0.017011    99.480     0.013397    99.560    99.650
  84     0.017226    99.518     0.013936    99.520    99.650
  85     0.018496    99.443     0.016666    99.520    99.650
  86     0.016953    99.510     0.013315    99.610    99.650
  87     0.016743    99.528     0.014159    99.580    99.650
  88     0.017605    99.473     0.017177    99.470    99.650
  89     0.017325    99.522     0.015391    99.410    99.650
  90     0.016386    99.538     0.013527    99.540    99.650
  91     0.017177    99.520     0.017181    99.450    99.650
  92     0.015282    99.552     0.015661    99.500    99.650
  93     0.017602    99.488     0.014743    99.540    99.650
  94     0.015291    99.580     0.015203    99.530    99.650
  95     0.016425    99.505     0.014777    99.520    99.650
  96     0.015402    99.547     0.012550    99.640    99.650
  97     0.014966    99.565     0.014926    99.530    99.650
  98     0.015644    99.547     0.016731    99.520    99.650
  99     0.015781    99.547     0.014034    99.550    99.650
 100     0.015528    99.540     0.020429    99.430    99.650
 101     0.014702    99.573     0.014352    99.580    99.650
 102     0.015587    99.557     0.014185    99.550    99.650
 103     0.015664    99.547     0.019311    99.360    99.650
 104     0.015187    99.552     0.014696    99.570    99.650
 105     0.014740    99.580     0.014269    99.570    99.650
 106     0.014619    99.553     0.013845    99.490    99.650
 107     0.014230    99.585     0.013084    99.540    99.650
 108     0.013910    99.608     0.013893    99.500    99.650
 109     0.014716    99.607     0.012915    99.570    99.650
 110     0.014189    99.597     0.016393    99.460    99.650
 111     0.014584    99.587     0.018063    99.450    99.650
 112     0.014261    99.565     0.015004    99.530    99.650
 113     0.014578    99.598     0.012708    99.520    99.650
 114     0.014498    99.583     0.013138    99.550    99.650
 115     0.014344    99.560     0.013271    99.560    99.650
 116     0.013877    99.617     0.012734    99.550    99.650
 117     0.013995    99.570     0.014063    99.510    99.650
 118     0.013442    99.598     0.012783    99.590    99.650
 119     0.013307    99.617     0.013184    99.570    99.650
 120     0.012572    99.645     0.013034    99.550    99.650
 121     0.013650    99.615     0.012413    99.560    99.650
 122     0.013551    99.608     0.013283    99.580    99.650
 123     0.013074    99.628     0.013141    99.580    99.650
 124     0.013454    99.628     0.013906    99.520    99.650
 125     0.012613    99.620     0.013943    99.530    99.650
 126     0.012633    99.642     0.013360    99.540    99.650
 127     0.012581    99.642     0.013494    99.530    99.650
 128     0.012991    99.620     0.018273    99.460    99.650
 129     0.012804    99.633     0.014114    99.570    99.650
 130     0.012766    99.635     0.012535    99.560    99.650
 131     0.013165    99.623     0.013212    99.540    99.650
 132     0.013175    99.638     0.012993    99.550    99.650
 133     0.012615    99.643     0.012850    99.560    99.650
 134     0.012402    99.632     0.012876    99.590    99.650
 135     0.012278    99.673     0.012719    99.520    99.650
 136     0.012492    99.653     0.013045    99.610    99.650
 137     0.013499    99.605     0.012483    99.550    99.650
 138     0.012773    99.630     0.013610    99.560    99.650
 139     0.012587    99.627     0.013143    99.540    99.650
 140     0.011891    99.673     0.012792    99.580    99.650
 141     0.013098    99.600     0.012661    99.580    99.650
 142     0.012511    99.637     0.012397    99.580    99.650
 143     0.011806    99.645     0.012279    99.600    99.650
 144     0.012020    99.685     0.012360    99.580    99.650
 145     0.012198    99.668     0.012205    99.600    99.650
 146     0.011971    99.670     0.013459    99.560    99.650
 147     0.011677    99.645     0.013340    99.530    99.650
 148     0.012710    99.650     0.014499    99.490    99.650
 149     0.012359    99.655     0.012968    99.560    99.650
