   0     0.644782    88.592     0.245315    98.110    98.110
   1     0.286096    96.148     0.159502    98.410    98.410
   2     0.194393    97.007     0.105127    98.870    98.870
   3     0.152926    97.367     0.086178    98.760    98.870
   4     0.126226    97.625     0.104606    98.650    98.870
   5     0.109681    97.817     0.098820    97.990    98.870
   6     0.098798    97.878     0.088703    98.180    98.870
   7     0.087430    97.983     0.064529    98.850    98.870
   8     0.079940    98.137     0.081961    98.190    98.870
   9     0.074616    98.173     0.205282    94.260    98.870
  10     0.069929    98.217     0.051851    98.680    98.870
  11     0.064376    98.357     0.050825    98.770    98.870
  12     0.062722    98.320     0.098692    97.950    98.870
  13     0.059662    98.417     0.045387    98.820    98.870
  14     0.058060    98.417     0.080548    98.210    98.870
  15     0.055580    98.453     0.034730    99.100    99.100
  16     0.052507    98.570     0.041930    99.030    99.100
  17     0.050346    98.645     0.033434    99.080    99.100
  18     0.048539    98.673     0.091785    97.240    99.100
  19     0.048446    98.575     0.032059    99.260    99.260
  20     0.043855    98.733     0.022303    99.370    99.370
  21     0.045335    98.698     0.035114    99.040    99.370
  22     0.042804    98.787     0.053522    98.430    99.370
  23     0.042993    98.753     0.024929    99.260    99.370
  24     0.040752    98.840     0.028346    99.200    99.370
  25     0.041309    98.797     0.022691    99.320    99.370
  26     0.039799    98.888     0.030421    99.160    99.370
  27     0.038878    98.908     0.026287    99.240    99.370
  28     0.038264    98.887     0.050153    98.700    99.370
  29     0.035728    99.023     0.024013    99.300    99.370
  30     0.034553    98.942     0.021334    99.410    99.410
  31     0.033557    99.038     0.019008    99.470    99.470
  32     0.035379    98.983     0.025269    99.330    99.470
  33     0.032563    99.095     0.021605    99.370    99.470
  34     0.032327    99.100     0.021767    99.340    99.470
  35     0.033218    99.037     0.028437    99.100    99.470
  36     0.031245    99.102     0.022452    99.410    99.470
  37     0.032092    99.053     0.028704    99.030    99.470
  38     0.030317    99.093     0.026725    99.110    99.470
  39     0.031741    99.090     0.017720    99.460    99.470
  40     0.029805    99.118     0.018013    99.440    99.470
  41     0.029320    99.125     0.016406    99.540    99.540
  42     0.028271    99.203     0.023684    99.320    99.540
  43     0.027629    99.200     0.021809    99.380    99.540
  44     0.026281    99.235     0.017239    99.510    99.540
  45     0.027698    99.208     0.022784    99.290    99.540
  46     0.026762    99.213     0.016262    99.500    99.540
  47     0.025611    99.235     0.023802    99.320    99.540
  48     0.026814    99.173     0.017407    99.470    99.540
  49     0.027158    99.193     0.015208    99.600    99.600
  50     0.024857    99.262     0.015896    99.490    99.600
  51     0.024951    99.237     0.015245    99.530    99.600
  52     0.025002    99.258     0.018211    99.470    99.600
  53     0.025319    99.280     0.015787    99.510    99.600
  54     0.025219    99.240     0.013901    99.570    99.600
  55     0.023199    99.327     0.016006    99.480    99.600
  56     0.024157    99.242     0.017112    99.500    99.600
  57     0.023808    99.318     0.026018    99.280    99.600
  58     0.023380    99.340     0.018049    99.500    99.600
  59     0.022056    99.342     0.015934    99.530    99.600
  60     0.021248    99.380     0.015176    99.470    99.600
  61     0.021975    99.357     0.013843    99.500    99.600
  62     0.022784    99.355     0.031525    99.040    99.600
  63     0.021600    99.325     0.017564    99.440    99.600
  64     0.021467    99.382     0.016069    99.530    99.600
  65     0.020197    99.405     0.018474    99.410    99.600
  66     0.021498    99.360     0.015961    99.550    99.600
  67     0.020977    99.380     0.014442    99.570    99.600
  68     0.021904    99.372     0.014669    99.550    99.600
  69     0.020980    99.423     0.013840    99.610    99.610
  70     0.018773    99.482     0.014624    99.570    99.610
  71     0.020355    99.395     0.015857    99.510    99.610
  72     0.019131    99.465     0.012145    99.620    99.620
  73     0.019408    99.465     0.012715    99.560    99.620
  74     0.019078    99.428     0.012804    99.620    99.620
  75     0.019417    99.418     0.014933    99.560    99.620
  76     0.018793    99.403     0.013562    99.610    99.620
  77     0.018496    99.467     0.018043    99.410    99.620
  78     0.018428    99.463     0.013645    99.610    99.620
  79     0.017514    99.492     0.015739    99.580    99.620
  80     0.017234    99.517     0.012642    99.630    99.630
  81     0.017277    99.488     0.013823    99.600    99.630
  82     0.017515    99.485     0.013597    99.630    99.630
  83     0.017679    99.452     0.013679    99.600    99.630
  84     0.017705    99.512     0.014458    99.560    99.630
  85     0.017253    99.493     0.014524    99.560    99.630
  86     0.015932    99.525     0.012873    99.630    99.630
  87     0.017292    99.490     0.013853    99.540    99.630
  88     0.015837    99.572     0.015674    99.490    99.630
  89     0.016290    99.528     0.014715    99.580    99.630
  90     0.016676    99.518     0.015404    99.560    99.630
  91     0.015834    99.548     0.015725    99.550    99.630
  92     0.015167    99.575     0.014837    99.540    99.630
  93     0.015227    99.552     0.014589    99.630    99.630
  94     0.015261    99.557     0.015112    99.510    99.630
  95     0.016453    99.537     0.014573    99.520    99.630
  96     0.015873    99.532     0.013293    99.530    99.630
  97     0.014646    99.590     0.013301    99.620    99.630
  98     0.014831    99.538     0.012491    99.630    99.630
  99     0.015501    99.537     0.014354    99.490    99.630
 100     0.014848    99.613     0.014168    99.500    99.630
 101     0.015512    99.562     0.013156    99.610    99.630
 102     0.014070    99.598     0.014955    99.530    99.630
 103     0.015279    99.575     0.013819    99.600    99.630
 104     0.014730    99.600     0.012935    99.590    99.630
 105     0.014746    99.575     0.014208    99.510    99.630
 106     0.014279    99.565     0.014505    99.530    99.630
 107     0.013543    99.625     0.013545    99.590    99.630
 108     0.014982    99.605     0.013135    99.600    99.630
 109     0.014802    99.572     0.013231    99.560    99.630
 110     0.014183    99.620     0.012583    99.630    99.630
 111     0.014218    99.612     0.012412    99.640    99.640
 112     0.013478    99.642     0.012647    99.640    99.640
 113     0.014719    99.592     0.012816    99.630    99.640
 114     0.013679    99.598     0.012914    99.590    99.640
 115     0.014102    99.580     0.012699    99.620    99.640
 116     0.012870    99.640     0.012542    99.690    99.690
 117     0.013963    99.593     0.014558    99.560    99.690
 118     0.013147    99.593     0.013355    99.580    99.690
 119     0.014283    99.608     0.012594    99.630    99.690
 120     0.013999    99.595     0.013416    99.600    99.690
 121     0.014178    99.572     0.012826    99.640    99.690
 122     0.013384    99.583     0.012838    99.620    99.690
 123     0.013628    99.623     0.012563    99.610    99.690
 124     0.012659    99.638     0.012577    99.640    99.690
 125     0.013027    99.627     0.013383    99.600    99.690
 126     0.012848    99.640     0.014359    99.600    99.690
 127     0.014359    99.562     0.012646    99.570    99.690
 128     0.013023    99.618     0.012504    99.600    99.690
 129     0.012856    99.635     0.012796    99.580    99.690
 130     0.012842    99.647     0.013013    99.630    99.690
 131     0.012410    99.647     0.012961    99.620    99.690
 132     0.012992    99.635     0.012752    99.630    99.690
 133     0.011858    99.668     0.014291    99.540    99.690
 134     0.012802    99.630     0.012871    99.610    99.690
 135     0.012459    99.637     0.012773    99.610    99.690
 136     0.012309    99.647     0.013450    99.660    99.690
 137     0.011940    99.650     0.013264    99.580    99.690
 138     0.013495    99.588     0.012857    99.630    99.690
 139     0.012696    99.648     0.013114    99.640    99.690
 140     0.011605    99.670     0.012135    99.640    99.690
 141     0.012769    99.637     0.013601    99.590    99.690
 142     0.012654    99.647     0.012527    99.620    99.690
 143     0.012000    99.670     0.012002    99.650    99.690
 144     0.011946    99.660     0.012026    99.680    99.690
 145     0.011572    99.682     0.011546    99.700    99.700
 146     0.012135    99.640     0.011800    99.660    99.700
 147     0.012310    99.640     0.012219    99.680    99.700
 148     0.011706    99.665     0.012170    99.640    99.700
 149     0.012501    99.627     0.012368    99.650    99.700
