   0     0.635223    88.852     0.280346    97.510    97.510
   1     0.282778    96.023     0.175605    98.550    98.550
   2     0.193488    96.998     0.167340    98.120    98.550
   3     0.151233    97.420     0.085631    98.930    98.930
   4     0.126234    97.570     0.080103    99.080    99.080
   5     0.107510    97.843     0.103082    98.440    99.080
   6     0.095005    97.957     0.073108    98.910    99.080
   7     0.086997    98.045     0.117019    97.710    99.080
   8     0.080904    98.095     0.061027    98.570    99.080
   9     0.073055    98.192     0.043327    99.200    99.200
  10     0.069534    98.318     0.068772    98.710    99.200
  11     0.066094    98.285     0.190346    94.510    99.200
  12     0.063876    98.355     0.093482    97.960    99.200
  13     0.057581    98.500     0.047252    98.920    99.200
  14     0.054794    98.573     0.028738    99.420    99.420
  15     0.053986    98.552     0.087815    97.610    99.420
  16     0.053001    98.558     0.120395    96.450    99.420
  17     0.051859    98.552     0.056064    98.630    99.420
  18     0.048307    98.677     0.024221    99.390    99.420
  19     0.048300    98.647     0.083801    98.140    99.420
  20     0.045824    98.713     0.024754    99.440    99.440
  21     0.047095    98.650     0.043557    98.830    99.440
  22     0.043727    98.753     0.045618    99.050    99.440
  23     0.040437    98.895     0.020139    99.430    99.440
  24     0.042016    98.782     0.023555    99.280    99.440
  25     0.040947    98.857     0.024456    99.350    99.440
  26     0.038931    98.888     0.019878    99.370    99.440
  27     0.036730    98.945     0.027418    99.120    99.440
  28     0.036211    98.958     0.084335    97.680    99.440
  29     0.036185    98.955     0.023142    99.420    99.440
  30     0.034492    98.998     0.030374    99.150    99.440
  31     0.036283    98.973     0.022112    99.350    99.440
  32     0.035398    98.970     0.029884    99.130    99.440
  33     0.033841    98.938     0.034348    99.170    99.440
  34     0.032934    99.027     0.040218    98.830    99.440
  35     0.032594    99.062     0.031055    99.150    99.440
  36     0.031470    99.057     0.024085    99.440    99.440
  37     0.030787    99.053     0.023568    99.350    99.440
  38     0.030548    99.125     0.022480    99.370    99.440
  39     0.030951    99.092     0.026246    99.300    99.440
  40     0.030285    99.128     0.017629    99.510    99.510
  41     0.028752    99.150     0.017030    99.520    99.520
  42     0.030594    99.095     0.017988    99.500    99.520
  43     0.027730    99.182     0.036859    99.170    99.520
  44     0.027827    99.150     0.021858    99.470    99.520
  45     0.027900    99.190     0.017046    99.490    99.520
  46     0.026913    99.185     0.023486    99.380    99.520
  47     0.026086    99.267     0.024881    99.280    99.520
  48     0.025778    99.212     0.023653    99.320    99.520
  49     0.026473    99.217     0.023298    99.350    99.520
  50     0.025691    99.228     0.035269    99.210    99.520
  51     0.026751    99.210     0.016178    99.510    99.520
  52     0.023275    99.360     0.016646    99.460    99.520
  53     0.025534    99.238     0.018488    99.450    99.520
  54     0.023949    99.300     0.017509    99.480    99.520
  55     0.024174    99.280     0.015200    99.520    99.520
  56     0.024780    99.225     0.019940    99.320    99.520
  57     0.023120    99.337     0.020075    99.340    99.520
  58     0.022250    99.340     0.019492    99.380    99.520
  59     0.022938    99.323     0.014986    99.530    99.530
  60     0.022362    99.375     0.067907    97.990    99.530
  61     0.022384    99.370     0.020216    99.450    99.530
  62     0.023319    99.315     0.017932    99.460    99.530
  63     0.021640    99.377     0.015968    99.480    99.530
  64     0.021306    99.373     0.015465    99.540    99.540
  65     0.021488    99.380     0.012835    99.620    99.620
  66     0.020224    99.410     0.020604    99.380    99.620
  67     0.020169    99.432     0.020665    99.400    99.620
  68     0.020038    99.377     0.015346    99.540    99.620
  69     0.019510    99.420     0.018777    99.460    99.620
  70     0.018955    99.477     0.020795    99.320    99.620
  71     0.020144    99.415     0.019859    99.310    99.620
  72     0.020464    99.368     0.015586    99.450    99.620
  73     0.020566    99.398     0.013489    99.580    99.620
  74     0.019453    99.412     0.015010    99.480    99.620
  75     0.019065    99.450     0.016116    99.470    99.620
  76     0.018165    99.493     0.013998    99.580    99.620
  77     0.018657    99.443     0.016556    99.490    99.620
  78     0.018171    99.467     0.014736    99.530    99.620
  79     0.018711    99.443     0.014957    99.560    99.620
  80     0.018738    99.432     0.017293    99.480    99.620
  81     0.018579    99.417     0.013519    99.560    99.620
  82     0.017814    99.490     0.014285    99.560    99.620
  83     0.018179    99.475     0.012970    99.640    99.640
  84     0.016218    99.547     0.013673    99.570    99.640
  85     0.016897    99.502     0.013721    99.570    99.640
  86     0.017528    99.485     0.012938    99.610    99.640
  87     0.017011    99.517     0.015221    99.560    99.640
  88     0.017542    99.472     0.014700    99.550    99.640
  89     0.017280    99.513     0.012621    99.620    99.640
  90     0.016844    99.508     0.015956    99.480    99.640
  91     0.016213    99.505     0.012925    99.580    99.640
  92     0.016205    99.520     0.014029    99.570    99.640
  93     0.016009    99.553     0.014653    99.490    99.640
  94     0.015403    99.550     0.015766    99.530    99.640
  95     0.017099    99.492     0.014109    99.570    99.640
  96     0.014665    99.572     0.013651    99.570    99.640
  97     0.015590    99.555     0.016336    99.430    99.640
  98     0.016251    99.538     0.014262    99.550    99.640
  99     0.015520    99.572     0.015607    99.520    99.640
 100     0.016533    99.503     0.016269    99.520    99.640
 101     0.015122    99.582     0.015614    99.490    99.640
 102     0.015546    99.567     0.015857    99.490    99.640
 103     0.016088    99.550     0.015388    99.490    99.640
 104     0.014406    99.612     0.013286    99.570    99.640
 105     0.014800    99.587     0.015472    99.530    99.640
 106     0.015633    99.565     0.014408    99.560    99.640
 107     0.014656    99.590     0.013267    99.570    99.640
 108     0.013797    99.603     0.014791    99.550    99.640
 109     0.015090    99.568     0.015063    99.540    99.640
 110     0.014348    99.608     0.013727    99.600    99.640
 111     0.014983    99.578     0.013842    99.580    99.640
 112     0.014856    99.597     0.014494    99.550    99.640
 113     0.013731    99.620     0.013973    99.560    99.640
 114     0.013694    99.607     0.014550    99.570    99.640
 115     0.013949    99.622     0.013920    99.560    99.640
 116     0.014621    99.600     0.015255    99.540    99.640
 117     0.013716    99.607     0.014063    99.600    99.640
 118     0.013693    99.615     0.014956    99.550    99.640
 119     0.014097    99.583     0.013470    99.570    99.640
 120     0.014341    99.567     0.013562    99.570    99.640
 121     0.013817    99.590     0.015243    99.500    99.640
 122     0.013935    99.617     0.013330    99.590    99.640
 123     0.013673    99.602     0.013056    99.590    99.640
 124     0.013077    99.637     0.013194    99.560    99.640
 125     0.013142    99.613     0.014217    99.540    99.640
 126     0.014724    99.578     0.013417    99.560    99.640
 127     0.013492    99.592     0.016355    99.520    99.640
 128     0.014117    99.602     0.013940    99.540    99.640
 129     0.013212    99.650     0.013038    99.570    99.640
 130     0.013025    99.638     0.012538    99.580    99.640
 131     0.013079    99.618     0.013449    99.580    99.640
 132     0.012136    99.657     0.013196    99.540    99.640
 133     0.013555    99.597     0.014047    99.560    99.640
 134     0.012899    99.633     0.013802    99.530    99.640
 135     0.013012    99.610     0.013471    99.560    99.640
 136     0.012801    99.622     0.013657    99.560    99.640
 137     0.012401    99.645     0.012631    99.600    99.640
 138     0.013083    99.625     0.012600    99.580    99.640
 139     0.013259    99.645     0.013507    99.560    99.640
 140     0.012739    99.615     0.012471    99.620    99.640
 141     0.013446    99.615     0.012772    99.610    99.640
 142     0.012492    99.628     0.013031    99.560    99.640
 143     0.011845    99.663     0.012954    99.610    99.640
 144     0.012839    99.623     0.014987    99.520    99.640
 145     0.013390    99.610     0.013852    99.560    99.640
 146     0.012856    99.642     0.013077    99.630    99.640
 147     0.012178    99.675     0.013236    99.570    99.640
 148     0.012722    99.632     0.014742    99.510    99.640
 149     0.012431    99.630     0.012934    99.580    99.640
