   0     0.649566    88.377     0.236885    98.300    98.300
   1     0.288508    96.085     0.188110    97.530    98.300
   2     0.199771    96.878     0.136415    98.330    98.330
   3     0.152459    97.385     0.084576    98.910    98.910
   4     0.129041    97.535     0.174990    95.880    98.910
   5     0.110358    97.760     0.095151    98.330    98.910
   6     0.096520    97.907     0.060506    99.070    99.070
   7     0.086911    98.090     0.089348    98.740    99.070
   8     0.079769    98.132     0.062118    99.120    99.120
   9     0.075420    98.177     0.081841    98.750    99.120
  10     0.069138    98.282     0.054756    98.820    99.120
  11     0.067011    98.313     0.049259    99.170    99.170
  12     0.062173    98.387     0.035876    99.100    99.170
  13     0.061507    98.327     0.067024    98.410    99.170
  14     0.057042    98.477     0.062321    98.530    99.170
  15     0.053572    98.597     0.156577    95.490    99.170
  16     0.050484    98.620     0.040090    99.070    99.170
  17     0.051863    98.528     0.029958    99.230    99.230
  18     0.048320    98.655     0.073452    98.230    99.230
  19     0.048383    98.643     0.028202    99.160    99.230
  20     0.044620    98.760     0.051752    98.660    99.230
  21     0.045092    98.755     0.042923    99.020    99.230
  22     0.044026    98.758     0.027750    99.240    99.240
  23     0.042965    98.798     0.034215    98.900    99.240
  24     0.039695    98.880     0.033137    99.100    99.240
  25     0.039934    98.897     0.024253    99.290    99.290
  26     0.040629    98.817     0.018566    99.530    99.530
  27     0.036669    98.930     0.018330    99.440    99.530
  28     0.037059    98.943     0.016052    99.510    99.530
  29     0.035740    98.977     0.024274    99.380    99.530
  30     0.036244    98.952     0.019706    99.400    99.530
  31     0.034382    99.018     0.036792    99.000    99.530
  32     0.034856    98.992     0.073267    97.830    99.530
  33     0.034014    99.010     0.024216    99.230    99.530
  34     0.033091    99.037     0.032026    99.120    99.530
  35     0.032336    99.073     0.018745    99.530    99.530
  36     0.032167    99.058     0.026706    99.130    99.530
  37     0.031361    99.100     0.021686    99.360    99.530
  38     0.029172    99.155     0.014400    99.630    99.630
  39     0.031089    99.090     0.019673    99.430    99.630
  40     0.029635    99.128     0.014270    99.550    99.630
  41     0.028857    99.160     0.017568    99.460    99.630
  42     0.028951    99.225     0.021296    99.410    99.630
  43     0.029217    99.140     0.019734    99.410    99.630
  44     0.027419    99.205     0.019444    99.390    99.630
  45     0.027255    99.187     0.018726    99.420    99.630
  46     0.027480    99.210     0.016819    99.450    99.630
  47     0.025975    99.282     0.020685    99.400    99.630
  48     0.027127    99.257     0.017465    99.510    99.630
  49     0.025768    99.232     0.018933    99.420    99.630
  50     0.026443    99.235     0.016183    99.500    99.630
  51     0.023941    99.295     0.020986    99.290    99.630
  52     0.023841    99.308     0.013509    99.630    99.630
  53     0.023031    99.387     0.017113    99.540    99.630
  54     0.024815    99.263     0.015232    99.570    99.630
  55     0.022740    99.372     0.016924    99.470    99.630
  56     0.022884    99.318     0.020121    99.360    99.630
  57     0.023075    99.307     0.015693    99.530    99.630
  58     0.023235    99.310     0.016740    99.490    99.630
  59     0.022664    99.350     0.035741    98.940    99.630
  60     0.022060    99.362     0.015036    99.580    99.630
  61     0.021836    99.383     0.023853    99.300    99.630
  62     0.021493    99.410     0.018728    99.420    99.630
  63     0.021237    99.375     0.016932    99.450    99.630
  64     0.019899    99.390     0.016992    99.470    99.630
  65     0.020027    99.422     0.016721    99.520    99.630
  66     0.020720    99.400     0.017296    99.410    99.630
  67     0.020500    99.367     0.014309    99.540    99.630
  68     0.020421    99.412     0.015974    99.470    99.630
  69     0.019320    99.420     0.017571    99.490    99.630
  70     0.019254    99.448     0.018126    99.360    99.630
  71     0.019937    99.412     0.015372    99.450    99.630
  72     0.019566    99.447     0.025657    99.190    99.630
  73     0.019216    99.437     0.014581    99.570    99.630
  74     0.019308    99.422     0.013071    99.550    99.630
  75     0.017464    99.512     0.013521    99.550    99.630
  76     0.018132    99.447     0.014021    99.510    99.630
  77     0.018570    99.445     0.013697    99.490    99.630
  78     0.018655    99.438     0.013660    99.460    99.630
  79     0.018463    99.475     0.014015    99.630    99.630
  80     0.018067    99.460     0.012391    99.620    99.630
  81     0.017806    99.473     0.013213    99.600    99.630
  82     0.017859    99.448     0.013797    99.550    99.630
  83     0.017671    99.460     0.015301    99.580    99.630
  84     0.016704    99.537     0.016613    99.490    99.630
  85     0.016826    99.517     0.015328    99.430    99.630
  86     0.016422    99.517     0.015296    99.510    99.630
  87     0.016975    99.483     0.012897    99.600    99.630
  88     0.017685    99.482     0.013091    99.570    99.630
  89     0.016636    99.507     0.015843    99.530    99.630
  90     0.016412    99.490     0.012900    99.460    99.630
  91     0.016201    99.540     0.012792    99.590    99.630
  92     0.015904    99.538     0.014851    99.490    99.630
  93     0.014707    99.595     0.012871    99.560    99.630
  94     0.015459    99.575     0.012366    99.630    99.630
  95     0.016653    99.495     0.012244    99.580    99.630
  96     0.016202    99.528     0.011508    99.590    99.630
  97     0.015935    99.570     0.011678    99.630    99.630
  98     0.015006    99.588     0.012189    99.600    99.630
  99     0.014649    99.582     0.012588    99.630    99.630
 100     0.015508    99.560     0.011910    99.570    99.630
 101     0.014944    99.580     0.013100    99.610    99.630
 102     0.014716    99.592     0.013279    99.600    99.630
 103     0.016023    99.512     0.011365    99.660    99.660
 104     0.014528    99.577     0.011211    99.590    99.660
 105     0.014176    99.583     0.010989    99.630    99.660
 106     0.014352    99.605     0.011988    99.620    99.660
 107     0.014364    99.592     0.012457    99.580    99.660
 108     0.014398    99.600     0.012350    99.560    99.660
 109     0.013178    99.640     0.012109    99.610    99.660
 110     0.013689    99.605     0.012998    99.610    99.660
 111     0.014254    99.580     0.012507    99.630    99.660
 112     0.014643    99.603     0.011838    99.570    99.660
 113     0.013453    99.575     0.010951    99.650    99.660
 114     0.014210    99.610     0.011743    99.640    99.660
 115     0.014489    99.585     0.011786    99.570    99.660
 116     0.013945    99.603     0.011570    99.610    99.660
 117     0.013683    99.612     0.011618    99.560    99.660
 118     0.013651    99.598     0.011390    99.600    99.660
 119     0.013732    99.618     0.012977    99.590    99.660
 120     0.013443    99.592     0.011843    99.590    99.660
 121     0.012153    99.663     0.011298    99.620    99.660
 122     0.013917    99.602     0.011278    99.620    99.660
 123     0.013638    99.593     0.011515    99.680    99.680
 124     0.012879    99.635     0.012185    99.650    99.680
 125     0.012964    99.643     0.010976    99.640    99.680
 126     0.013154    99.632     0.011345    99.600    99.680
 127     0.013279    99.620     0.011621    99.560    99.680
 128     0.014133    99.567     0.011075    99.570    99.680
 129     0.012534    99.663     0.010894    99.600    99.680
 130     0.012239    99.658     0.011485    99.620    99.680
 131     0.012730    99.652     0.012641    99.630    99.680
 132     0.012715    99.623     0.011938    99.620    99.680
 133     0.012716    99.612     0.012015    99.600    99.680
 134     0.013156    99.625     0.012516    99.600    99.680
 135     0.011740    99.665     0.012083    99.600    99.680
 136     0.012309    99.660     0.011382    99.600    99.680
 137     0.012781    99.617     0.011375    99.600    99.680
 138     0.012676    99.612     0.011308    99.640    99.680
 139     0.012700    99.630     0.012441    99.600    99.680
 140     0.011923    99.658     0.011733    99.610    99.680
 141     0.011871    99.650     0.012364    99.600    99.680
 142     0.011493    99.642     0.011971    99.600    99.680
 143     0.012813    99.615     0.012340    99.620    99.680
 144     0.012784    99.625     0.011821    99.590    99.680
 145     0.011828    99.647     0.012286    99.590    99.680
 146     0.012318    99.663     0.012112    99.630    99.680
 147     0.012776    99.608     0.012288    99.570    99.680
 148     0.012442    99.663     0.012004    99.570    99.680
 149     0.012669    99.627     0.011276    99.650    99.680
