   0     0.459953    93.678     0.159104    99.130    99.130
   1     0.176008    98.238     0.090165    99.380    99.380
   2     0.115323    98.497     0.066435    99.350    99.380
   3     0.084913    98.783     0.057574    99.450    99.450
   4     0.067668    98.912     0.042806    99.570    99.570
   5     0.059413    98.873     0.037765    99.440    99.570
   6     0.048420    99.027     0.026484    99.460    99.570
   7     0.044266    99.075     0.047339    99.240    99.570
   8     0.041143    99.090     0.037440    99.240    99.570
   9     0.038303    99.085     0.033934    99.370    99.570
  10     0.036106    99.120     0.032033    99.380    99.570
  11     0.033015    99.207     0.027003    99.460    99.570
  12     0.031093    99.240     0.061245    98.810    99.570
  13     0.028097    99.303     0.057464    99.150    99.570
  14     0.029512    99.228     0.114544    96.930    99.570
  15     0.027310    99.223     0.017829    99.580    99.580
  16     0.024788    99.352     0.019508    99.560    99.580
  17     0.024102    99.337     0.048496    98.860    99.580
  18     0.023050    99.360     0.040392    99.170    99.580
  19     0.021937    99.395     0.021290    99.450    99.580
  20     0.021607    99.398     0.023058    99.420    99.580
  21     0.019729    99.455     0.063941    98.230    99.580
  22     0.019906    99.432     0.018417    99.510    99.580
  23     0.018724    99.453     0.021022    99.510    99.580
  24     0.017779    99.533     0.015798    99.610    99.610
  25     0.016829    99.527     0.013738    99.660    99.660
  26     0.017492    99.512     0.038939    99.010    99.660
  27     0.016996    99.515     0.011403    99.690    99.690
  28     0.016029    99.563     0.019904    99.440    99.690
  29     0.014883    99.552     0.016636    99.550    99.690
  30     0.013924    99.623     0.015717    99.580    99.690
  31     0.013840    99.635     0.033769    99.180    99.690
  32     0.013647    99.653     0.011966    99.630    99.690
  33     0.013033    99.635     0.019311    99.540    99.690
  34     0.012704    99.643     0.011977    99.630    99.690
  35     0.012357    99.652     0.015989    99.510    99.690
  36     0.010926    99.688     0.012007    99.660    99.690
  37     0.012425    99.625     0.114575    96.670    99.690
  38     0.012159    99.662     0.018266    99.460    99.690
  39     0.011335    99.680     0.016620    99.520    99.690
  40     0.010102    99.728     0.014596    99.620    99.690
  41     0.010751    99.725     0.020918    99.490    99.690
  42     0.009843    99.712     0.013964    99.570    99.690
  43     0.007980    99.800     0.016497    99.550    99.690
  44     0.009401    99.737     0.019542    99.560    99.690
  45     0.010105    99.737     0.067546    98.130    99.690
  46     0.008799    99.757     0.022224    99.390    99.690
  47     0.010056    99.712     0.028273    99.290    99.690
  48     0.009309    99.742     0.013326    99.590    99.690
  49     0.007443    99.820     0.015274    99.580    99.690
  50     0.007864    99.790     0.015593    99.630    99.690
  51     0.008754    99.745     0.019181    99.470    99.690
  52     0.006910    99.795     0.032131    99.210    99.690
  53     0.007114    99.797     0.013367    99.600    99.690
  54     0.007259    99.787     0.014343    99.650    99.690
  55     0.006532    99.818     0.013822    99.640    99.690
  56     0.007050    99.817     0.012370    99.620    99.690
  57     0.006071    99.837     0.011364    99.670    99.690
  58     0.006371    99.813     0.011842    99.660    99.690
  59     0.006425    99.818     0.009807    99.700    99.700
  60     0.006963    99.813     0.016567    99.530    99.700
  61     0.006183    99.832     0.013933    99.580    99.700
  62     0.005340    99.833     0.013560    99.630    99.700
  63     0.006485    99.833     0.015989    99.530    99.700
  64     0.005333    99.848     0.013349    99.650    99.700
  65     0.005331    99.843     0.018492    99.540    99.700
  66     0.005469    99.847     0.012597    99.680    99.700
  67     0.005004    99.850     0.012016    99.670    99.700
  68     0.005468    99.857     0.012525    99.600    99.700
  69     0.004507    99.870     0.013303    99.600    99.700
  70     0.005007    99.875     0.012546    99.630    99.700
  71     0.005404    99.847     0.012782    99.590    99.700
  72     0.004892    99.873     0.014498    99.580    99.700
  73     0.004255    99.883     0.012332    99.670    99.700
  74     0.004478    99.878     0.020126    99.410    99.700
  75     0.004405    99.877     0.012683    99.630    99.700
  76     0.004905    99.867     0.015087    99.560    99.700
  77     0.004569    99.873     0.013171    99.670    99.700
  78     0.003779    99.903     0.011482    99.700    99.700
  79     0.004044    99.897     0.012932    99.660    99.700
  80     0.004702    99.872     0.010337    99.710    99.710
  81     0.003537    99.908     0.010655    99.710    99.710
  82     0.004084    99.897     0.013030    99.660    99.710
  83     0.004310    99.867     0.014439    99.600    99.710
  84     0.003530    99.893     0.011947    99.710    99.710
  85     0.003316    99.907     0.011460    99.710    99.710
  86     0.003845    99.893     0.010880    99.710    99.710
  87     0.003627    99.898     0.011154    99.720    99.720
  88     0.003511    99.908     0.011849    99.750    99.750
  89     0.003432    99.903     0.011524    99.720    99.750
  90     0.003597    99.893     0.012769    99.680    99.750
  91     0.003180    99.908     0.013753    99.650    99.750
  92     0.003190    99.907     0.012656    99.710    99.750
  93     0.002860    99.930     0.013735    99.670    99.750
  94     0.002613    99.932     0.012788    99.660    99.750
  95     0.003507    99.892     0.012521    99.680    99.750
  96     0.002886    99.930     0.012661    99.680    99.750
  97     0.002638    99.933     0.014168    99.660    99.750
  98     0.003096    99.920     0.012428    99.690    99.750
  99     0.002935    99.915     0.011782    99.660    99.750
 100     0.002940    99.922     0.011290    99.670    99.750
 101     0.002856    99.910     0.014291    99.620    99.750
 102     0.002777    99.928     0.013307    99.640    99.750
 103     0.003089    99.912     0.011443    99.690    99.750
 104     0.003111    99.920     0.011436    99.690    99.750
 105     0.002127    99.948     0.012714    99.710    99.750
 106     0.002397    99.937     0.011983    99.680    99.750
 107     0.002248    99.948     0.012258    99.690    99.750
 108     0.002572    99.942     0.011540    99.690    99.750
 109     0.002727    99.930     0.012220    99.650    99.750
 110     0.002641    99.940     0.012115    99.680    99.750
 111     0.002575    99.918     0.010690    99.730    99.750
 112     0.002102    99.945     0.011702    99.740    99.750
 113     0.002183    99.953     0.010818    99.730    99.750
 114     0.002133    99.953     0.011014    99.710    99.750
 115     0.002493    99.937     0.012165    99.700    99.750
 116     0.001924    99.955     0.011045    99.710    99.750
 117     0.002145    99.953     0.012061    99.640    99.750
 118     0.002118    99.947     0.011302    99.670    99.750
 119     0.002374    99.938     0.012577    99.710    99.750
 120     0.001839    99.963     0.013043    99.650    99.750
 121     0.002451    99.947     0.013648    99.660    99.750
 122     0.001651    99.965     0.011563    99.710    99.750
 123     0.001839    99.947     0.010949    99.720    99.750
 124     0.001968    99.948     0.012374    99.690    99.750
 125     0.001814    99.957     0.011882    99.690    99.750
 126     0.002212    99.957     0.011099    99.730    99.750
 127     0.002430    99.932     0.011604    99.690    99.750
 128     0.001926    99.953     0.011358    99.730    99.750
 129     0.001746    99.967     0.010873    99.720    99.750
 130     0.001586    99.968     0.011785    99.710    99.750
 131     0.001689    99.965     0.011862    99.680    99.750
 132     0.001708    99.960     0.012583    99.650    99.750
 133     0.001915    99.948     0.012282    99.690    99.750
 134     0.001986    99.955     0.012395    99.630    99.750
 135     0.001809    99.962     0.011605    99.700    99.750
 136     0.001613    99.955     0.010879    99.730    99.750
 137     0.001805    99.953     0.010791    99.720    99.750
 138     0.001768    99.953     0.010592    99.710    99.750
 139     0.001620    99.960     0.011521    99.680    99.750
 140     0.001734    99.960     0.010414    99.730    99.750
 141     0.001509    99.963     0.010832    99.680    99.750
 142     0.001578    99.970     0.011281    99.680    99.750
 143     0.001493    99.963     0.012126    99.680    99.750
 144     0.002315    99.938     0.012288    99.670    99.750
 145     0.001591    99.968     0.011643    99.680    99.750
 146     0.001640    99.965     0.011767    99.660    99.750
 147     0.001697    99.957     0.012443    99.630    99.750
 148     0.001645    99.967     0.011098    99.660    99.750
 149     0.001609    99.967     0.011167    99.670    99.750
