   0     0.455096    93.940     0.153291    99.140    99.140
   1     0.174036    98.230     0.079758    99.410    99.410
   2     0.113869    98.583     0.076066    99.430    99.430
   3     0.082113    98.827     0.065829    99.410    99.430
   4     0.067359    98.893     0.064463    99.290    99.430
   5     0.057262    98.942     0.047686    99.460    99.460
   6     0.050820    98.963     0.077711    98.850    99.460
   7     0.044970    99.045     0.046567    99.490    99.490
   8     0.039940    99.152     0.065398    98.740    99.490
   9     0.037912    99.112     0.078111    98.640    99.490
  10     0.033954    99.168     0.023127    99.660    99.660
  11     0.033840    99.167     0.054104    98.890    99.660
  12     0.030698    99.243     0.041078    99.240    99.660
  13     0.030653    99.237     0.021499    99.520    99.660
  14     0.026855    99.295     0.015038    99.610    99.660
  15     0.026576    99.258     0.020744    99.440    99.660
  16     0.025485    99.312     0.017492    99.580    99.660
  17     0.023490    99.368     0.017152    99.490    99.660
  18     0.021976    99.418     0.019788    99.470    99.660
  19     0.022272    99.378     0.115603    97.010    99.660
  20     0.021458    99.433     0.040967    99.120    99.660
  21     0.020422    99.425     0.196233    93.640    99.660
  22     0.018560    99.498     0.012684    99.660    99.660
  23     0.018739    99.480     0.017238    99.580    99.660
  24     0.017835    99.507     0.015426    99.590    99.660
  25     0.017077    99.527     0.025005    99.370    99.660
  26     0.016722    99.535     0.031559    99.280    99.660
  27     0.016337    99.572     0.015038    99.550    99.660
  28     0.015213    99.562     0.016677    99.470    99.660
  29     0.015012    99.580     0.013361    99.680    99.680
  30     0.013989    99.612     0.015738    99.460    99.680
  31     0.013459    99.632     0.017945    99.490    99.680
  32     0.013129    99.623     0.025970    99.290    99.680
  33     0.012877    99.640     0.017747    99.580    99.680
  34     0.013250    99.628     0.020573    99.430    99.680
  35     0.012618    99.660     0.013026    99.640    99.680
  36     0.011670    99.670     0.022621    99.380    99.680
  37     0.011573    99.682     0.012339    99.560    99.680
  38     0.011221    99.685     0.012064    99.660    99.680
  39     0.010979    99.683     0.011402    99.660    99.680
  40     0.011484    99.682     0.011283    99.620    99.680
  41     0.011888    99.635     0.010029    99.700    99.700
  42     0.009940    99.715     0.019514    99.440    99.700
  43     0.009322    99.742     0.015108    99.590    99.700
  44     0.008846    99.758     0.012601    99.630    99.700
  45     0.009048    99.733     0.009942    99.610    99.700
  46     0.009258    99.738     0.015136    99.590    99.700
  47     0.009391    99.728     0.011076    99.710    99.710
  48     0.008063    99.795     0.013118    99.600    99.710
  49     0.008541    99.775     0.016562    99.570    99.710
  50     0.008962    99.767     0.014507    99.610    99.710
  51     0.007723    99.792     0.013253    99.670    99.710
  52     0.007372    99.782     0.025102    99.300    99.710
  53     0.007621    99.803     0.012944    99.630    99.710
  54     0.006237    99.822     0.012116    99.630    99.710
  55     0.006697    99.833     0.014615    99.600    99.710
  56     0.007876    99.765     0.014139    99.600    99.710
  57     0.006192    99.827     0.015819    99.560    99.710
  58     0.006779    99.797     0.011773    99.670    99.710
  59     0.007185    99.798     0.013990    99.600    99.710
  60     0.006264    99.835     0.011559    99.620    99.710
  61     0.005637    99.847     0.014647    99.610    99.710
  62     0.006015    99.835     0.019977    99.410    99.710
  63     0.006011    99.833     0.012637    99.640    99.710
  64     0.005420    99.843     0.013093    99.640    99.710
  65     0.005764    99.833     0.012392    99.670    99.710
  66     0.005591    99.837     0.013514    99.610    99.710
  67     0.005993    99.823     0.014716    99.530    99.710
  68     0.004620    99.877     0.015864    99.520    99.710
  69     0.005091    99.847     0.011261    99.660    99.710
  70     0.005567    99.860     0.011273    99.690    99.710
  71     0.005511    99.837     0.014532    99.580    99.710
  72     0.004878    99.870     0.011628    99.630    99.710
  73     0.004892    99.872     0.012270    99.680    99.710
  74     0.004339    99.882     0.013328    99.640    99.710
  75     0.004393    99.870     0.020586    99.490    99.710
  76     0.004735    99.867     0.015623    99.580    99.710
  77     0.004569    99.877     0.012993    99.610    99.710
  78     0.004803    99.877     0.012707    99.680    99.710
  79     0.003583    99.903     0.011407    99.710    99.710
  80     0.003558    99.907     0.010254    99.620    99.710
  81     0.004256    99.890     0.010152    99.660    99.710
  82     0.003659    99.895     0.010483    99.690    99.710
  83     0.003507    99.922     0.012203    99.680    99.710
  84     0.004553    99.897     0.012224    99.650    99.710
  85     0.003542    99.910     0.010658    99.630    99.710
  86     0.003961    99.888     0.011250    99.620    99.710
  87     0.003831    99.900     0.011409    99.660    99.710
  88     0.003408    99.908     0.012156    99.610    99.710
  89     0.003327    99.910     0.014136    99.560    99.710
  90     0.003590    99.898     0.013008    99.600    99.710
  91     0.003241    99.898     0.012069    99.650    99.710
  92     0.003106    99.910     0.012000    99.660    99.710
  93     0.002499    99.932     0.011746    99.650    99.710
  94     0.002931    99.928     0.013335    99.640    99.710
  95     0.002697    99.923     0.012721    99.620    99.710
  96     0.003035    99.938     0.011988    99.640    99.710
  97     0.002787    99.927     0.012631    99.670    99.710
  98     0.002736    99.942     0.010997    99.690    99.710
  99     0.003008    99.915     0.012009    99.710    99.710
 100     0.003350    99.915     0.011090    99.670    99.710
 101     0.002362    99.945     0.010794    99.690    99.710
 102     0.002816    99.925     0.011975    99.690    99.710
 103     0.002548    99.930     0.012649    99.610    99.710
 104     0.002905    99.925     0.011680    99.650    99.710
 105     0.002496    99.935     0.011084    99.660    99.710
 106     0.002524    99.947     0.011838    99.630    99.710
 107     0.002283    99.942     0.011439    99.640    99.710
 108     0.002636    99.930     0.010851    99.670    99.710
 109     0.002063    99.953     0.010276    99.660    99.710
 110     0.002538    99.938     0.009926    99.700    99.710
 111     0.002180    99.948     0.010904    99.670    99.710
 112     0.002228    99.942     0.011995    99.630    99.710
 113     0.002130    99.947     0.011553    99.660    99.710
 114     0.002051    99.942     0.011827    99.650    99.710
 115     0.002095    99.942     0.011117    99.630    99.710
 116     0.002214    99.938     0.011363    99.630    99.710
 117     0.002043    99.955     0.011690    99.620    99.710
 118     0.002237    99.942     0.011587    99.660    99.710
 119     0.001925    99.948     0.011075    99.650    99.710
 120     0.002227    99.952     0.011146    99.670    99.710
 121     0.001850    99.953     0.011276    99.620    99.710
 122     0.002041    99.952     0.012417    99.670    99.710
 123     0.001883    99.950     0.010995    99.630    99.710
 124     0.002231    99.938     0.011308    99.670    99.710
 125     0.002133    99.947     0.010865    99.620    99.710
 126     0.001773    99.950     0.012537    99.600    99.710
 127     0.001706    99.952     0.011961    99.640    99.710
 128     0.002062    99.935     0.012404    99.640    99.710
 129     0.002041    99.953     0.012210    99.640    99.710
 130     0.001614    99.958     0.011985    99.660    99.710
 131     0.001713    99.952     0.011865    99.640    99.710
 132     0.002091    99.947     0.011384    99.640    99.710
 133     0.001646    99.967     0.011874    99.620    99.710
 134     0.001612    99.958     0.011690    99.690    99.710
 135     0.001543    99.962     0.010875    99.670    99.710
 136     0.001626    99.960     0.010570    99.660    99.710
 137     0.001800    99.960     0.010995    99.620    99.710
 138     0.001195    99.980     0.011046    99.660    99.710
 139     0.001507    99.962     0.011238    99.640    99.710
 140     0.001427    99.970     0.011226    99.660    99.710
 141     0.001764    99.960     0.012035    99.620    99.710
 142     0.001673    99.957     0.012323    99.660    99.710
 143     0.001294    99.973     0.012188    99.620    99.710
 144     0.001654    99.952     0.011574    99.620    99.710
 145     0.001404    99.975     0.011356    99.610    99.710
 146     0.001504    99.965     0.010880    99.640    99.710
 147     0.001974    99.948     0.011830    99.660    99.710
 148     0.001358    99.968     0.011541    99.620    99.710
 149     0.001294    99.970     0.011768    99.620    99.710
