   0     0.453747    93.987     0.171301    99.220    99.220
   1     0.172294    98.278     0.083762    99.400    99.400
   2     0.112757    98.617     0.067734    99.500    99.500
   3     0.084223    98.747     0.047947    99.450    99.500
   4     0.068675    98.860     0.063815    99.190    99.500
   5     0.059240    98.882     0.102752    97.490    99.500
   6     0.049365    98.998     0.079366    98.870    99.500
   7     0.045199    99.060     0.032728    99.460    99.500
   8     0.041566    99.060     0.070870    98.620    99.500
   9     0.038928    99.100     0.153760    98.020    99.500
  10     0.034548    99.150     0.049386    98.940    99.500
  11     0.033120    99.155     0.018475    99.640    99.640
  12     0.029712    99.230     0.092882    97.760    99.640
  13     0.030567    99.178     0.101093    97.660    99.640
  14     0.026039    99.368     0.113650    97.110    99.640
  15     0.026531    99.265     0.329681    88.970    99.640
  16     0.024706    99.330     0.025158    99.410    99.640
  17     0.023341    99.380     0.033890    99.390    99.640
  18     0.025496    99.305     0.055437    98.950    99.640
  19     0.020538    99.482     0.037335    99.300    99.640
  20     0.022451    99.378     0.039268    98.990    99.640
  21     0.020566    99.452     0.080891    97.670    99.640
  22     0.019287    99.453     0.076716    98.620    99.640
  23     0.019533    99.450     0.029120    99.270    99.640
  24     0.016349    99.558     0.046841    98.910    99.640
  25     0.017339    99.525     0.074009    98.410    99.640
  26     0.015550    99.543     0.046807    98.800    99.640
  27     0.015617    99.557     0.030407    99.240    99.640
  28     0.015636    99.530     0.022776    99.420    99.640
  29     0.013910    99.618     0.022772    99.410    99.640
  30     0.014325    99.607     0.021342    99.470    99.640
  31     0.015584    99.563     0.011880    99.700    99.700
  32     0.013259    99.627     0.028147    99.370    99.700
  33     0.014228    99.598     0.083111    98.160    99.700
  34     0.012526    99.652     0.035414    99.010    99.700
  35     0.012153    99.640     0.016501    99.550    99.700
  36     0.012115    99.628     0.013836    99.590    99.700
  37     0.010841    99.683     0.010082    99.770    99.770
  38     0.012014    99.658     0.015195    99.520    99.770
  39     0.010577    99.702     0.033529    99.220    99.770
  40     0.010157    99.720     0.013348    99.630    99.770
  41     0.010130    99.722     0.014891    99.600    99.770
  42     0.009473    99.745     0.034483    99.080    99.770
  43     0.009362    99.750     0.073510    98.210    99.770
  44     0.009915    99.722     0.050537    98.920    99.770
  45     0.009763    99.702     0.035404    99.290    99.770
  46     0.008549    99.762     0.010791    99.660    99.770
  47     0.009118    99.755     0.014758    99.670    99.770
  48     0.008933    99.745     0.013461    99.650    99.770
  49     0.008394    99.745     0.010935    99.720    99.770
  50     0.007806    99.783     0.013432    99.620    99.770
  51     0.007040    99.793     0.013549    99.630    99.770
  52     0.007524    99.798     0.019373    99.470    99.770
  53     0.007805    99.795     0.017046    99.480    99.770
  54     0.006788    99.818     0.013177    99.710    99.770
  55     0.007923    99.778     0.013000    99.650    99.770
  56     0.006285    99.815     0.012187    99.670    99.770
  57     0.006787    99.820     0.020685    99.490    99.770
  58     0.006292    99.798     0.016126    99.530    99.770
  59     0.006526    99.803     0.015117    99.560    99.770
  60     0.006762    99.813     0.010422    99.700    99.770
  61     0.007034    99.810     0.013590    99.590    99.770
  62     0.005132    99.848     0.019401    99.470    99.770
  63     0.005580    99.858     0.014437    99.610    99.770
  64     0.005351    99.863     0.014831    99.540    99.770
  65     0.005789    99.842     0.014321    99.610    99.770
  66     0.005275    99.850     0.012978    99.620    99.770
  67     0.005025    99.870     0.013006    99.620    99.770
  68     0.005785    99.843     0.013985    99.630    99.770
  69     0.005645    99.837     0.014654    99.580    99.770
  70     0.004057    99.900     0.016877    99.540    99.770
  71     0.004578    99.870     0.022633    99.380    99.770
  72     0.004786    99.872     0.019012    99.480    99.770
  73     0.004560    99.888     0.014774    99.630    99.770
  74     0.004313    99.880     0.016285    99.580    99.770
  75     0.004499    99.885     0.015872    99.570    99.770
  76     0.003687    99.915     0.015195    99.560    99.770
  77     0.004519    99.870     0.014658    99.580    99.770
  78     0.004135    99.893     0.015536    99.600    99.770
  79     0.004106    99.877     0.018196    99.560    99.770
  80     0.004745    99.872     0.017810    99.480    99.770
  81     0.004062    99.893     0.011049    99.660    99.770
  82     0.003867    99.902     0.014121    99.590    99.770
  83     0.003629    99.917     0.013338    99.670    99.770
  84     0.003532    99.907     0.011044    99.680    99.770
  85     0.003655    99.923     0.011487    99.640    99.770
  86     0.003657    99.897     0.011126    99.660    99.770
  87     0.002869    99.938     0.012991    99.630    99.770
  88     0.003308    99.913     0.012139    99.570    99.770
  89     0.003634    99.908     0.016245    99.530    99.770
  90     0.003100    99.933     0.011864    99.670    99.770
  91     0.003030    99.918     0.011615    99.680    99.770
  92     0.002945    99.912     0.011769    99.670    99.770
  93     0.003858    99.890     0.014841    99.570    99.770
  94     0.002999    99.920     0.012218    99.640    99.770
  95     0.003056    99.918     0.014554    99.600    99.770
  96     0.003568    99.912     0.014062    99.580    99.770
  97     0.002920    99.932     0.014112    99.630    99.770
  98     0.002891    99.912     0.010948    99.630    99.770
  99     0.002907    99.927     0.012767    99.640    99.770
 100     0.002440    99.943     0.011339    99.660    99.770
 101     0.003505    99.910     0.011900    99.630    99.770
 102     0.002378    99.953     0.011643    99.620    99.770
 103     0.002572    99.940     0.011438    99.700    99.770
 104     0.002688    99.933     0.013627    99.640    99.770
 105     0.002611    99.928     0.015783    99.640    99.770
 106     0.002594    99.928     0.012104    99.660    99.770
 107     0.002284    99.952     0.012290    99.660    99.770
 108     0.002718    99.930     0.012360    99.640    99.770
 109     0.002221    99.947     0.011686    99.690    99.770
 110     0.002128    99.950     0.011432    99.680    99.770
 111     0.002247    99.937     0.010925    99.670    99.770
 112     0.002139    99.948     0.013671    99.620    99.770
 113     0.002164    99.938     0.013872    99.580    99.770
 114     0.002234    99.942     0.012528    99.670    99.770
 115     0.002160    99.943     0.011911    99.660    99.770
 116     0.002065    99.950     0.010888    99.700    99.770
 117     0.002083    99.948     0.010751    99.700    99.770
 118     0.002050    99.953     0.010154    99.680    99.770
 119     0.002059    99.943     0.011030    99.650    99.770
 120     0.001715    99.958     0.010716    99.720    99.770
 121     0.001920    99.962     0.010510    99.670    99.770
 122     0.002053    99.950     0.011248    99.660    99.770
 123     0.002346    99.923     0.011270    99.680    99.770
 124     0.001909    99.955     0.012352    99.640    99.770
 125     0.002070    99.953     0.011066    99.690    99.770
 126     0.002365    99.938     0.011355    99.680    99.770
 127     0.001866    99.948     0.011494    99.650    99.770
 128     0.002000    99.962     0.011199    99.710    99.770
 129     0.002393    99.943     0.012246    99.720    99.770
 130     0.001340    99.970     0.010708    99.690    99.770
 131     0.002008    99.950     0.011791    99.640    99.770
 132     0.001611    99.960     0.012514    99.650    99.770
 133     0.001703    99.962     0.012172    99.670    99.770
 134     0.001531    99.962     0.010960    99.680    99.770
 135     0.001458    99.970     0.012208    99.660    99.770
 136     0.001562    99.963     0.011842    99.680    99.770
 137     0.001265    99.972     0.012916    99.650    99.770
 138     0.002049    99.943     0.011488    99.660    99.770
 139     0.001644    99.962     0.011595    99.630    99.770
 140     0.001486    99.970     0.011183    99.690    99.770
 141     0.001553    99.960     0.010633    99.640    99.770
 142     0.001425    99.977     0.010693    99.670    99.770
 143     0.001529    99.960     0.010013    99.690    99.770
 144     0.001487    99.963     0.012598    99.630    99.770
 145     0.001429    99.968     0.011158    99.630    99.770
 146     0.001347    99.967     0.010498    99.690    99.770
 147     0.001293    99.972     0.010422    99.680    99.770
 148     0.001222    99.970     0.010140    99.700    99.770
 149     0.001327    99.972     0.011196    99.690    99.770
