   0     0.453494    93.982     0.173148    99.140    99.140
   1     0.177138    98.210     0.100730    99.020    99.140
   2     0.112555    98.543     0.058357    99.310    99.310
   3     0.083448    98.792     0.066557    99.440    99.440
   4     0.068473    98.838     0.081064    99.070    99.440
   5     0.058415    98.952     0.057286    99.360    99.440
   6     0.049681    98.988     0.038480    99.500    99.500
   7     0.043551    99.127     0.074669    98.660    99.500
   8     0.041681    99.070     0.053321    99.110    99.500
   9     0.037364    99.155     0.029230    99.360    99.500
  10     0.034252    99.215     0.095102    98.600    99.500
  11     0.032668    99.172     0.093818    98.030    99.500
  12     0.030561    99.200     0.027266    99.420    99.500
  13     0.027031    99.337     0.037192    99.260    99.500
  14     0.026856    99.277     0.066042    98.600    99.500
  15     0.025788    99.345     0.026175    99.350    99.500
  16     0.024951    99.348     0.029099    99.440    99.500
  17     0.024040    99.358     0.030121    99.210    99.500
  18     0.022847    99.347     0.051360    98.780    99.500
  19     0.020928    99.425     0.059042    98.720    99.500
  20     0.021237    99.402     0.032488    99.290    99.500
  21     0.019848    99.487     0.028184    99.360    99.500
  22     0.019299    99.480     0.042155    99.200    99.500
  23     0.016262    99.547     0.026465    99.480    99.500
  24     0.017881    99.517     0.014906    99.520    99.520
  25     0.016515    99.512     0.040213    98.920    99.520
  26     0.015770    99.558     0.034244    99.100    99.520
  27     0.015981    99.562     0.031118    99.350    99.520
  28     0.016318    99.527     0.013874    99.620    99.620
  29     0.014919    99.583     0.039289    99.030    99.620
  30     0.013407    99.645     0.022469    99.470    99.620
  31     0.013541    99.628     0.028916    99.260    99.620
  32     0.013524    99.612     0.023567    99.420    99.620
  33     0.014062    99.602     0.038336    98.950    99.620
  34     0.012540    99.642     0.048716    98.740    99.620
  35     0.011768    99.683     0.019162    99.420    99.620
  36     0.011865    99.670     0.011562    99.690    99.690
  37     0.011151    99.687     0.055750    98.720    99.690
  38     0.011080    99.682     0.015218    99.510    99.690
  39     0.011136    99.700     0.016616    99.530    99.690
  40     0.009891    99.712     0.013610    99.620    99.690
  41     0.009306    99.752     0.039748    99.250    99.690
  42     0.009655    99.735     0.014684    99.550    99.690
  43     0.008830    99.772     0.010927    99.650    99.690
  44     0.009239    99.732     0.015467    99.580    99.690
  45     0.008313    99.753     0.013840    99.620    99.690
  46     0.008363    99.760     0.020368    99.460    99.690
  47     0.009112    99.758     0.012682    99.620    99.690
  48     0.008855    99.740     0.015752    99.540    99.690
  49     0.008600    99.777     0.012068    99.640    99.690
  50     0.008301    99.755     0.011421    99.640    99.690
  51     0.007937    99.770     0.023861    99.360    99.690
  52     0.007769    99.797     0.013702    99.600    99.690
  53     0.007002    99.808     0.016412    99.590    99.690
  54     0.007538    99.792     0.011045    99.670    99.690
  55     0.007160    99.820     0.018487    99.500    99.690
  56     0.006442    99.807     0.018495    99.470    99.690
  57     0.006356    99.832     0.012828    99.680    99.690
  58     0.006192    99.832     0.013189    99.650    99.690
  59     0.006265    99.830     0.012513    99.720    99.720
  60     0.005919    99.832     0.016793    99.570    99.720
  61     0.006039    99.830     0.025833    99.310    99.720
  62     0.005813    99.838     0.017473    99.560    99.720
  63     0.005581    99.837     0.022216    99.450    99.720
  64     0.005155    99.867     0.018666    99.470    99.720
  65     0.004550    99.872     0.015920    99.590    99.720
  66     0.005394    99.860     0.012437    99.630    99.720
  67     0.005626    99.842     0.020936    99.420    99.720
  68     0.005021    99.862     0.012482    99.630    99.720
  69     0.005130    99.863     0.012081    99.630    99.720
  70     0.004628    99.873     0.011314    99.680    99.720
  71     0.004675    99.873     0.013775    99.570    99.720
  72     0.005252    99.847     0.010767    99.630    99.720
  73     0.004479    99.885     0.019338    99.390    99.720
  74     0.004561    99.880     0.013081    99.590    99.720
  75     0.004343    99.888     0.013801    99.590    99.720
  76     0.004244    99.873     0.011356    99.700    99.720
  77     0.004565    99.883     0.011931    99.700    99.720
  78     0.004584    99.872     0.012038    99.630    99.720
  79     0.003859    99.902     0.011021    99.670    99.720
  80     0.004122    99.890     0.010572    99.700    99.720
  81     0.004616    99.868     0.010505    99.660    99.720
  82     0.004183    99.880     0.012246    99.590    99.720
  83     0.003152    99.918     0.009406    99.700    99.720
  84     0.004054    99.897     0.012522    99.640    99.720
  85     0.003802    99.898     0.010465    99.700    99.720
  86     0.003523    99.913     0.012511    99.630    99.720
  87     0.003391    99.908     0.011597    99.670    99.720
  88     0.003143    99.922     0.011437    99.690    99.720
  89     0.003067    99.923     0.013586    99.570    99.720
  90     0.003357    99.917     0.014803    99.580    99.720
  91     0.003949    99.892     0.017255    99.540    99.720
  92     0.003294    99.910     0.013899    99.550    99.720
  93     0.003216    99.907     0.012198    99.530    99.720
  94     0.003139    99.908     0.009701    99.690    99.720
  95     0.002764    99.933     0.009627    99.680    99.720
  96     0.003187    99.927     0.012239    99.580    99.720
  97     0.002963    99.930     0.009878    99.640    99.720
  98     0.002681    99.937     0.009426    99.690    99.720
  99     0.002816    99.942     0.009795    99.730    99.730
 100     0.003052    99.922     0.010521    99.580    99.730
 101     0.002794    99.925     0.010921    99.670    99.730
 102     0.002464    99.947     0.011381    99.640    99.730
 103     0.002583    99.933     0.013393    99.620    99.730
 104     0.002465    99.945     0.009945    99.700    99.730
 105     0.002669    99.933     0.013214    99.580    99.730
 106     0.002827    99.925     0.012189    99.630    99.730
 107     0.002266    99.938     0.012977    99.640    99.730
 108     0.002583    99.945     0.010932    99.670    99.730
 109     0.002452    99.935     0.012632    99.600    99.730
 110     0.002330    99.942     0.013453    99.590    99.730
 111     0.002845    99.920     0.012365    99.580    99.730
 112     0.002225    99.938     0.011690    99.650    99.730
 113     0.002091    99.950     0.012706    99.640    99.730
 114     0.002521    99.925     0.011212    99.650    99.730
 115     0.002018    99.943     0.011885    99.650    99.730
 116     0.002002    99.948     0.011398    99.700    99.730
 117     0.002117    99.940     0.011206    99.630    99.730
 118     0.002045    99.950     0.010732    99.720    99.730
 119     0.002668    99.940     0.012831    99.650    99.730
 120     0.002057    99.945     0.011528    99.670    99.730
 121     0.001950    99.943     0.010570    99.700    99.730
 122     0.001881    99.957     0.010733    99.710    99.730
 123     0.001602    99.965     0.010646    99.680    99.730
 124     0.001906    99.952     0.013455    99.640    99.730
 125     0.002030    99.947     0.014125    99.570    99.730
 126     0.001990    99.948     0.013264    99.640    99.730
 127     0.002009    99.960     0.010658    99.670    99.730
 128     0.001515    99.962     0.010658    99.660    99.730
 129     0.001431    99.977     0.009817    99.700    99.730
 130     0.001888    99.967     0.010604    99.710    99.730
 131     0.001857    99.950     0.010838    99.680    99.730
 132     0.002090    99.942     0.010315    99.700    99.730
 133     0.001490    99.967     0.010137    99.670    99.730
 134     0.001621    99.958     0.010165    99.670    99.730
 135     0.001893    99.957     0.009869    99.670    99.730
 136     0.001675    99.963     0.009714    99.690    99.730
 137     0.001855    99.952     0.010454    99.690    99.730
 138     0.001357    99.965     0.010313    99.690    99.730
 139     0.001840    99.957     0.009971    99.730    99.730
 140     0.001577    99.965     0.010704    99.710    99.730
 141     0.001743    99.960     0.010906    99.660    99.730
 142     0.001221    99.973     0.010447    99.740    99.740
 143     0.001436    99.968     0.010307    99.690    99.740
 144     0.001467    99.963     0.011909    99.660    99.740
 145     0.001583    99.967     0.011106    99.700    99.740
 146     0.001314    99.973     0.010431    99.720    99.740
 147     0.001373    99.973     0.011022    99.680    99.740
 148     0.001387    99.968     0.010712    99.670    99.740
 149     0.001624    99.957     0.010462    99.650    99.740
