   0     0.452208    93.973     0.153136    99.080    99.080
   1     0.176051    98.250     0.087178    99.340    99.340
   2     0.113065    98.552     0.093676    99.160    99.340
   3     0.084254    98.747     0.047942    99.480    99.480
   4     0.068331    98.860     0.070600    99.270    99.480
   5     0.055891    98.982     0.052836    99.200    99.480
   6     0.049453    98.997     0.055558    99.240    99.480
   7     0.045015    99.048     0.144249    97.460    99.480
   8     0.041530    99.052     0.098864    98.510    99.480
   9     0.038198    99.103     0.038344    99.280    99.480
  10     0.035301    99.132     0.104228    97.160    99.480
  11     0.034955    99.110     0.016764    99.660    99.660
  12     0.031336    99.193     0.027369    99.440    99.660
  13     0.029693    99.217     0.022092    99.560    99.660
  14     0.027395    99.290     0.033416    99.290    99.660
  15     0.026827    99.272     0.027556    99.360    99.660
  16     0.025617    99.290     0.036064    99.190    99.660
  17     0.024561    99.345     0.034149    99.120    99.660
  18     0.023479    99.342     0.019665    99.550    99.660
  19     0.021825    99.383     0.025457    99.360    99.660
  20     0.020309    99.458     0.074300    98.590    99.660
  21     0.020276    99.435     0.056780    98.700    99.660
  22     0.019329    99.453     0.041027    99.330    99.660
  23     0.018871    99.442     0.033558    99.270    99.660
  24     0.016235    99.558     0.070052    98.280    99.660
  25     0.017154    99.517     0.026688    99.350    99.660
  26     0.015902    99.545     0.057270    98.660    99.660
  27     0.015731    99.588     0.014119    99.630    99.660
  28     0.015126    99.577     0.025501    99.360    99.660
  29     0.014661    99.580     0.017407    99.580    99.660
  30     0.013781    99.632     0.019363    99.460    99.660
  31     0.013832    99.613     0.016135    99.660    99.660
  32     0.013319    99.618     0.076946    98.330    99.660
  33     0.012646    99.635     0.052444    98.440    99.660
  34     0.012845    99.630     0.043804    99.020    99.660
  35     0.012233    99.658     0.019486    99.480    99.660
  36     0.012387    99.618     0.026558    99.410    99.660
  37     0.010835    99.718     0.015155    99.590    99.660
  38     0.010361    99.697     0.014124    99.600    99.660
  39     0.010058    99.727     0.017708    99.540    99.660
  40     0.010069    99.732     0.013897    99.620    99.660
  41     0.009548    99.728     0.019497    99.380    99.660
  42     0.010636    99.692     0.023700    99.460    99.660
  43     0.009505    99.722     0.028514    99.250    99.660
  44     0.010601    99.685     0.019626    99.420    99.660
  45     0.008985    99.750     0.019969    99.530    99.660
  46     0.009322    99.742     0.024227    99.410    99.660
  47     0.008194    99.755     0.014320    99.590    99.660
  48     0.008772    99.767     0.029645    99.240    99.660
  49     0.007054    99.818     0.011949    99.650    99.660
  50     0.008240    99.802     0.023556    99.430    99.660
  51     0.007352    99.785     0.024866    99.450    99.660
  52     0.007847    99.777     0.036456    99.110    99.660
  53     0.006114    99.825     0.011677    99.630    99.660
  54     0.007352    99.793     0.028106    99.270    99.660
  55     0.007065    99.795     0.025559    99.350    99.660
  56     0.006651    99.797     0.021360    99.490    99.660
  57     0.006231    99.813     0.013403    99.650    99.660
  58     0.007118    99.790     0.013383    99.640    99.660
  59     0.006881    99.832     0.010936    99.690    99.690
  60     0.006646    99.822     0.013809    99.620    99.690
  61     0.006534    99.842     0.016176    99.590    99.690
  62     0.005744    99.855     0.015564    99.550    99.690
  63     0.005710    99.858     0.022200    99.470    99.690
  64     0.005261    99.875     0.012337    99.690    99.690
  65     0.005693    99.840     0.013382    99.650    99.690
  66     0.005217    99.843     0.018679    99.500    99.690
  67     0.005646    99.863     0.012836    99.660    99.690
  68     0.005647    99.847     0.011140    99.700    99.700
  69     0.004949    99.882     0.013823    99.570    99.700
  70     0.004766    99.880     0.022538    99.320    99.700
  71     0.004797    99.880     0.012456    99.630    99.700
  72     0.004485    99.885     0.013542    99.590    99.700
  73     0.004794    99.885     0.017044    99.560    99.700
  74     0.004547    99.873     0.013377    99.640    99.700
  75     0.004154    99.880     0.011847    99.650    99.700
  76     0.004129    99.887     0.014247    99.650    99.700
  77     0.003942    99.902     0.011623    99.710    99.710
  78     0.004076    99.890     0.010752    99.710    99.710
  79     0.004322    99.883     0.012582    99.670    99.710
  80     0.003365    99.915     0.013167    99.670    99.710
  81     0.003300    99.920     0.012235    99.710    99.710
  82     0.003674    99.903     0.012930    99.660    99.710
  83     0.002739    99.938     0.012162    99.650    99.710
  84     0.003708    99.902     0.012963    99.620    99.710
  85     0.003545    99.912     0.012966    99.640    99.710
  86     0.004070    99.882     0.009941    99.720    99.720
  87     0.003942    99.893     0.010286    99.690    99.720
  88     0.003200    99.908     0.010991    99.680    99.720
  89     0.003700    99.908     0.011513    99.640    99.720
  90     0.003147    99.903     0.012408    99.670    99.720
  91     0.003106    99.913     0.013182    99.700    99.720
  92     0.003118    99.910     0.015660    99.600    99.720
  93     0.003258    99.927     0.011474    99.610    99.720
  94     0.002847    99.918     0.010111    99.700    99.720
  95     0.002896    99.923     0.010968    99.720    99.720
  96     0.002545    99.938     0.009872    99.730    99.730
  97     0.002580    99.942     0.011883    99.690    99.730
  98     0.003056    99.912     0.010671    99.700    99.730
  99     0.002519    99.933     0.010934    99.680    99.730
 100     0.002897    99.920     0.011460    99.680    99.730
 101     0.002436    99.942     0.010681    99.690    99.730
 102     0.002669    99.923     0.010357    99.710    99.730
 103     0.002979    99.923     0.011201    99.690    99.730
 104     0.002641    99.927     0.013832    99.620    99.730
 105     0.002313    99.942     0.010470    99.700    99.730
 106     0.002084    99.950     0.010584    99.660    99.730
 107     0.002231    99.953     0.012628    99.590    99.730
 108     0.002258    99.945     0.013616    99.620    99.730
 109     0.002272    99.947     0.013662    99.620    99.730
 110     0.002314    99.952     0.014573    99.590    99.730
 111     0.002437    99.938     0.013489    99.610    99.730
 112     0.002519    99.920     0.012853    99.650    99.730
 113     0.002409    99.940     0.010947    99.670    99.730
 114     0.002584    99.933     0.011277    99.640    99.730
 115     0.001923    99.960     0.010699    99.690    99.730
 116     0.002022    99.960     0.010836    99.700    99.730
 117     0.002281    99.935     0.012381    99.680    99.730
 118     0.002047    99.948     0.011262    99.680    99.730
 119     0.001849    99.953     0.011275    99.670    99.730
 120     0.002151    99.958     0.010453    99.620    99.730
 121     0.001809    99.962     0.010984    99.650    99.730
 122     0.002359    99.942     0.012230    99.670    99.730
 123     0.002088    99.957     0.011212    99.650    99.730
 124     0.001751    99.960     0.011015    99.660    99.730
 125     0.002075    99.948     0.011335    99.680    99.730
 126     0.002058    99.945     0.010953    99.650    99.730
 127     0.002099    99.945     0.011673    99.660    99.730
 128     0.001752    99.955     0.010502    99.710    99.730
 129     0.001871    99.950     0.010336    99.680    99.730
 130     0.001713    99.963     0.010205    99.660    99.730
 131     0.001890    99.960     0.011006    99.670    99.730
 132     0.001626    99.960     0.012288    99.650    99.730
 133     0.001930    99.942     0.012285    99.660    99.730
 134     0.001697    99.957     0.011593    99.640    99.730
 135     0.001721    99.955     0.011082    99.630    99.730
 136     0.001510    99.958     0.011040    99.710    99.730
 137     0.001732    99.958     0.011665    99.670    99.730
 138     0.001375    99.962     0.012230    99.680    99.730
 139     0.001875    99.955     0.011246    99.650    99.730
 140     0.001446    99.972     0.011236    99.660    99.730
 141     0.001616    99.962     0.011539    99.650    99.730
 142     0.001350    99.968     0.011210    99.650    99.730
 143     0.001031    99.983     0.011566    99.690    99.730
 144     0.001481    99.962     0.011563    99.640    99.730
 145     0.001570    99.962     0.011107    99.670    99.730
 146     0.001540    99.967     0.010873    99.690    99.730
 147     0.001557    99.963     0.011094    99.710    99.730
 148     0.001479    99.970     0.010964    99.710    99.730
 149     0.001512    99.963     0.012056    99.660    99.730
