   0     0.460089    93.790     0.169622    99.190    99.190
   1     0.177044    98.207     0.092697    99.270    99.270
   2     0.114546    98.573     0.078361    99.470    99.470
   3     0.084833    98.748     0.043667    99.460    99.470
   4     0.069656    98.835     0.060253    99.440    99.470
   5     0.057636    98.968     0.036064    99.550    99.550
   6     0.049595    99.008     0.069800    98.940    99.550
   7     0.045493    99.013     0.080993    98.150    99.550
   8     0.041328    99.080     0.038189    99.440    99.550
   9     0.036969    99.135     0.051715    98.740    99.550
  10     0.035914    99.138     0.041285    99.390    99.550
  11     0.031563    99.195     0.026028    99.530    99.550
  12     0.031351    99.192     0.021310    99.550    99.550
  13     0.029138    99.275     0.022032    99.400    99.550
  14     0.029444    99.225     0.038500    99.130    99.550
  15     0.025565    99.285     0.026682    99.330    99.550
  16     0.026091    99.307     0.016452    99.670    99.670
  17     0.023564    99.367     0.044599    99.010    99.670
  18     0.022858    99.387     0.021684    99.560    99.670
  19     0.021592    99.377     0.030918    99.320    99.670
  20     0.021218    99.420     0.025967    99.410    99.670
  21     0.020414    99.425     0.019122    99.540    99.670
  22     0.018817    99.468     0.038763    99.130    99.670
  23     0.019830    99.457     0.029223    99.240    99.670
  24     0.018593    99.468     0.021303    99.450    99.670
  25     0.017783    99.505     0.018205    99.520    99.670
  26     0.016422    99.557     0.018757    99.560    99.670
  27     0.014160    99.617     0.025636    99.430    99.670
  28     0.015651    99.592     0.013709    99.680    99.680
  29     0.014916    99.567     0.011226    99.710    99.710
  30     0.015021    99.562     0.022101    99.470    99.710
  31     0.014262    99.605     0.014505    99.600    99.710
  32     0.013309    99.650     0.015649    99.490    99.710
  33     0.012618    99.643     0.024794    99.370    99.710
  34     0.012106    99.635     0.020691    99.510    99.710
  35     0.013246    99.613     0.014086    99.590    99.710
  36     0.012749    99.647     0.026461    99.380    99.710
  37     0.012234    99.642     0.009939    99.710    99.710
  38     0.012373    99.673     0.009553    99.730    99.730
  39     0.011223    99.697     0.014346    99.590    99.730
  40     0.010330    99.708     0.015812    99.530    99.730
  41     0.010862    99.722     0.009359    99.720    99.730
  42     0.011857    99.677     0.012384    99.650    99.730
  43     0.009755    99.735     0.019646    99.520    99.730
  44     0.009906    99.723     0.013102    99.580    99.730
  45     0.009495    99.733     0.010018    99.720    99.730
  46     0.009133    99.752     0.023654    99.340    99.730
  47     0.008650    99.768     0.010671    99.640    99.730
  48     0.009071    99.753     0.012053    99.610    99.730
  49     0.008461    99.775     0.014509    99.570    99.730
  50     0.008058    99.795     0.017828    99.500    99.730
  51     0.007185    99.810     0.011011    99.650    99.730
  52     0.007804    99.770     0.030612    99.370    99.730
  53     0.007909    99.768     0.012643    99.660    99.730
  54     0.006858    99.812     0.012333    99.650    99.730
  55     0.007312    99.802     0.012547    99.680    99.730
  56     0.007044    99.807     0.013783    99.630    99.730
  57     0.007114    99.818     0.013159    99.620    99.730
  58     0.006970    99.808     0.008874    99.710    99.730
  59     0.006028    99.838     0.011010    99.670    99.730
  60     0.005922    99.828     0.010790    99.650    99.730
  61     0.006271    99.822     0.021962    99.460    99.730
  62     0.006151    99.818     0.010036    99.690    99.730
  63     0.006573    99.817     0.015385    99.530    99.730
  64     0.006051    99.853     0.013644    99.600    99.730
  65     0.004989    99.860     0.011585    99.660    99.730
  66     0.006420    99.823     0.014288    99.640    99.730
  67     0.004892    99.868     0.011845    99.690    99.730
  68     0.004933    99.855     0.013650    99.680    99.730
  69     0.005380    99.853     0.016131    99.560    99.730
  70     0.004459    99.882     0.010472    99.700    99.730
  71     0.005078    99.857     0.011331    99.700    99.730
  72     0.005068    99.850     0.011412    99.640    99.730
  73     0.005492    99.853     0.013587    99.550    99.730
  74     0.005585    99.843     0.015494    99.560    99.730
  75     0.004522    99.880     0.012322    99.630    99.730
  76     0.004680    99.863     0.012473    99.610    99.730
  77     0.004540    99.870     0.011961    99.670    99.730
  78     0.004227    99.897     0.015050    99.570    99.730
  79     0.003959    99.900     0.018670    99.520    99.730
  80     0.004540    99.865     0.017756    99.540    99.730
  81     0.004482    99.880     0.011950    99.640    99.730
  82     0.004506    99.883     0.012922    99.640    99.730
  83     0.003988    99.897     0.010666    99.690    99.730
  84     0.004326    99.890     0.010637    99.720    99.730
  85     0.003851    99.903     0.010994    99.660    99.730
  86     0.004046    99.887     0.011966    99.670    99.730
  87     0.003474    99.907     0.011118    99.690    99.730
  88     0.003106    99.922     0.011652    99.650    99.730
  89     0.003390    99.892     0.011464    99.670    99.730
  90     0.003147    99.903     0.012821    99.630    99.730
  91     0.003291    99.905     0.013310    99.620    99.730
  92     0.003450    99.905     0.011661    99.700    99.730
  93     0.003350    99.917     0.011787    99.660    99.730
  94     0.003413    99.918     0.011771    99.670    99.730
  95     0.003254    99.902     0.011133    99.700    99.730
  96     0.003314    99.902     0.011674    99.650    99.730
  97     0.002544    99.932     0.010641    99.710    99.730
  98     0.003105    99.905     0.011768    99.630    99.730
  99     0.002986    99.935     0.012421    99.600    99.730
 100     0.003189    99.917     0.011353    99.660    99.730
 101     0.003117    99.927     0.011291    99.610    99.730
 102     0.002704    99.935     0.010015    99.680    99.730
 103     0.002754    99.925     0.011427    99.660    99.730
 104     0.002912    99.933     0.010069    99.710    99.730
 105     0.002648    99.943     0.011022    99.660    99.730
 106     0.002309    99.942     0.010049    99.660    99.730
 107     0.002762    99.928     0.010564    99.690    99.730
 108     0.002496    99.928     0.010861    99.680    99.730
 109     0.002125    99.952     0.011531    99.660    99.730
 110     0.003147    99.923     0.010884    99.680    99.730
 111     0.002467    99.945     0.012426    99.670    99.730
 112     0.002351    99.933     0.010667    99.710    99.730
 113     0.002582    99.935     0.010874    99.710    99.730
 114     0.002207    99.948     0.011179    99.660    99.730
 115     0.002764    99.930     0.010341    99.670    99.730
 116     0.002351    99.945     0.010953    99.680    99.730
 117     0.001951    99.943     0.011153    99.700    99.730
 118     0.001929    99.957     0.011880    99.640    99.730
 119     0.002280    99.935     0.010634    99.710    99.730
 120     0.002375    99.940     0.010552    99.670    99.730
 121     0.002639    99.933     0.010512    99.720    99.730
 122     0.002155    99.955     0.010982    99.720    99.730
 123     0.002108    99.950     0.010861    99.740    99.740
 124     0.002082    99.948     0.010693    99.750    99.750
 125     0.002216    99.938     0.010368    99.730    99.750
 126     0.001805    99.950     0.009958    99.700    99.750
 127     0.002016    99.958     0.009645    99.750    99.750
 128     0.001833    99.958     0.010530    99.700    99.750
 129     0.002212    99.945     0.010494    99.680    99.750
 130     0.001883    99.962     0.010611    99.710    99.750
 131     0.001749    99.967     0.010584    99.690    99.750
 132     0.002040    99.950     0.010831    99.700    99.750
 133     0.001892    99.952     0.010471    99.730    99.750
 134     0.001501    99.963     0.010531    99.740    99.750
 135     0.001684    99.968     0.011401    99.730    99.750
 136     0.002066    99.938     0.011617    99.730    99.750
 137     0.001285    99.983     0.011389    99.710    99.750
 138     0.001668    99.972     0.011664    99.710    99.750
 139     0.001588    99.955     0.011295    99.740    99.750
 140     0.001699    99.952     0.012167    99.690    99.750
 141     0.001443    99.960     0.010735    99.700    99.750
 142     0.001629    99.963     0.010962    99.680    99.750
 143     0.001596    99.963     0.011013    99.720    99.750
 144     0.001885    99.953     0.011955    99.680    99.750
 145     0.001771    99.953     0.011328    99.710    99.750
 146     0.002036    99.952     0.011658    99.660    99.750
 147     0.001600    99.968     0.011849    99.690    99.750
 148     0.001506    99.958     0.011995    99.680    99.750
 149     0.001417    99.973     0.011517    99.670    99.750
