   0     0.464821    93.542     0.184758    99.070    99.070
   1     0.177165    98.277     0.089580    99.310    99.310
   2     0.114869    98.588     0.087324    98.800    99.310
   3     0.086266    98.653     0.049937    99.440    99.440
   4     0.066682    98.958     0.033406    99.350    99.440
   5     0.056389    99.007     0.036076    99.400    99.440
   6     0.050550    98.995     0.054097    99.270    99.440
   7     0.044614    99.065     0.051671    99.360    99.440
   8     0.040673    99.090     0.068925    98.770    99.440
   9     0.037854    99.107     0.031884    99.260    99.440
  10     0.034916    99.168     0.052941    99.010    99.440
  11     0.034125    99.147     0.037432    99.320    99.440
  12     0.029988    99.275     0.030272    99.390    99.440
  13     0.028351    99.280     0.028962    99.430    99.440
  14     0.026596    99.333     0.020597    99.500    99.500
  15     0.027257    99.273     0.015894    99.610    99.610
  16     0.025612    99.343     0.018946    99.540    99.610
  17     0.024776    99.302     0.067441    98.140    99.610
  18     0.022517    99.393     0.031112    99.220    99.610
  19     0.022371    99.360     0.023671    99.370    99.610
  20     0.021640    99.408     0.034902    99.230    99.610
  21     0.019796    99.433     0.017008    99.520    99.610
  22     0.017947    99.520     0.014721    99.600    99.610
  23     0.018117    99.503     0.018731    99.430    99.610
  24     0.016533    99.528     0.014669    99.590    99.610
  25     0.017775    99.558     0.014777    99.540    99.610
  26     0.017312    99.513     0.020517    99.370    99.610
  27     0.016222    99.535     0.017168    99.650    99.650
  28     0.015658    99.547     0.013496    99.640    99.650
  29     0.015343    99.555     0.025960    99.260    99.650
  30     0.014614    99.603     0.016778    99.550    99.650
  31     0.014045    99.620     0.023766    99.420    99.650
  32     0.013059    99.650     0.015152    99.580    99.650
  33     0.011892    99.668     0.021266    99.410    99.650
  34     0.012101    99.667     0.018925    99.510    99.650
  35     0.012296    99.642     0.017360    99.550    99.650
  36     0.011830    99.660     0.018055    99.570    99.650
  37     0.011188    99.683     0.016913    99.560    99.650
  38     0.011448    99.672     0.044179    98.910    99.650
  39     0.011181    99.693     0.011103    99.700    99.700
  40     0.009753    99.738     0.019052    99.500    99.700
  41     0.009456    99.725     0.014193    99.540    99.700
  42     0.010533    99.723     0.035143    99.040    99.700
  43     0.009855    99.743     0.012303    99.720    99.720
  44     0.008410    99.790     0.012555    99.670    99.720
  45     0.009425    99.745     0.023397    99.450    99.720
  46     0.008567    99.768     0.023620    99.460    99.720
  47     0.007839    99.788     0.011110    99.650    99.720
  48     0.008320    99.752     0.013820    99.580    99.720
  49     0.008127    99.775     0.010257    99.650    99.720
  50     0.007928    99.763     0.009704    99.690    99.720
  51     0.008279    99.768     0.015076    99.670    99.720
  52     0.008644    99.772     0.023745    99.440    99.720
  53     0.007422    99.798     0.012384    99.630    99.720
  54     0.008206    99.763     0.012390    99.620    99.720
  55     0.008188    99.767     0.014408    99.580    99.720
  56     0.006884    99.807     0.011432    99.630    99.720
  57     0.005746    99.847     0.010060    99.670    99.720
  58     0.006197    99.818     0.013470    99.610    99.720
  59     0.007082    99.800     0.010884    99.680    99.720
  60     0.006207    99.833     0.014826    99.560    99.720
  61     0.005971    99.840     0.010187    99.690    99.720
  62     0.005334    99.863     0.013160    99.650    99.720
  63     0.005858    99.832     0.012025    99.650    99.720
  64     0.006252    99.832     0.011734    99.650    99.720
  65     0.004865    99.883     0.011871    99.660    99.720
  66     0.005192    99.862     0.013096    99.620    99.720
  67     0.005082    99.862     0.013745    99.610    99.720
  68     0.004692    99.882     0.016199    99.510    99.720
  69     0.004931    99.853     0.013023    99.650    99.720
  70     0.005224    99.855     0.011308    99.610    99.720
  71     0.004818    99.848     0.012279    99.660    99.720
  72     0.004338    99.885     0.012407    99.660    99.720
  73     0.003921    99.900     0.010734    99.670    99.720
  74     0.004339    99.885     0.013381    99.610    99.720
  75     0.004642    99.880     0.011143    99.710    99.720
  76     0.003738    99.907     0.013797    99.580    99.720
  77     0.004775    99.858     0.012696    99.610    99.720
  78     0.003814    99.903     0.012329    99.570    99.720
  79     0.004107    99.883     0.019115    99.470    99.720
  80     0.003762    99.895     0.014019    99.590    99.720
  81     0.003659    99.898     0.013118    99.590    99.720
  82     0.004466    99.863     0.013243    99.630    99.720
  83     0.003954    99.902     0.014901    99.650    99.720
  84     0.003058    99.918     0.012793    99.670    99.720
  85     0.003868    99.898     0.013385    99.620    99.720
  86     0.003900    99.892     0.012995    99.660    99.720
  87     0.003723    99.902     0.012691    99.660    99.720
  88     0.003449    99.915     0.014997    99.610    99.720
  89     0.003607    99.915     0.016055    99.520    99.720
  90     0.003410    99.907     0.015764    99.620    99.720
  91     0.003353    99.915     0.012549    99.650    99.720
  92     0.003113    99.927     0.012401    99.640    99.720
  93     0.002851    99.930     0.010783    99.670    99.720
  94     0.003070    99.923     0.012069    99.630    99.720
  95     0.002734    99.923     0.014343    99.620    99.720
  96     0.003041    99.915     0.015792    99.560    99.720
  97     0.002902    99.922     0.012529    99.700    99.720
  98     0.002943    99.920     0.012283    99.630    99.720
  99     0.002876    99.913     0.013573    99.630    99.720
 100     0.003242    99.922     0.012951    99.630    99.720
 101     0.003030    99.915     0.013312    99.650    99.720
 102     0.003111    99.933     0.012353    99.710    99.720
 103     0.002575    99.935     0.012687    99.700    99.720
 104     0.002781    99.935     0.012228    99.690    99.720
 105     0.002700    99.935     0.011213    99.720    99.720
 106     0.002704    99.923     0.010960    99.680    99.720
 107     0.002656    99.933     0.012323    99.690    99.720
 108     0.002222    99.952     0.011419    99.720    99.720
 109     0.002409    99.928     0.011767    99.640    99.720
 110     0.002000    99.948     0.012759    99.670    99.720
 111     0.002549    99.928     0.012864    99.640    99.720
 112     0.002555    99.922     0.011602    99.720    99.720
 113     0.002448    99.942     0.011543    99.690    99.720
 114     0.002117    99.962     0.012731    99.680    99.720
 115     0.002063    99.948     0.012622    99.660    99.720
 116     0.002163    99.938     0.010835    99.700    99.720
 117     0.002433    99.932     0.010764    99.720    99.720
 118     0.001813    99.958     0.011972    99.670    99.720
 119     0.001948    99.960     0.011999    99.660    99.720
 120     0.002282    99.927     0.011880    99.690    99.720
 121     0.002579    99.938     0.013068    99.690    99.720
 122     0.001847    99.953     0.011865    99.710    99.720
 123     0.002106    99.940     0.011450    99.700    99.720
 124     0.002430    99.952     0.012770    99.690    99.720
 125     0.001573    99.952     0.013506    99.670    99.720
 126     0.002235    99.948     0.011986    99.690    99.720
 127     0.002292    99.948     0.012668    99.680    99.720
 128     0.001911    99.952     0.011046    99.670    99.720
 129     0.001711    99.967     0.010760    99.730    99.730
 130     0.001537    99.965     0.011852    99.680    99.730
 131     0.001871    99.960     0.011977    99.680    99.730
 132     0.001480    99.972     0.011118    99.710    99.730
 133     0.001700    99.960     0.011736    99.710    99.730
 134     0.002231    99.952     0.011236    99.730    99.730
 135     0.001428    99.967     0.011204    99.720    99.730
 136     0.001585    99.963     0.011677    99.720    99.730
 137     0.001757    99.965     0.011893    99.700    99.730
 138     0.001660    99.962     0.011807    99.710    99.730
 139     0.001857    99.953     0.011877    99.720    99.730
 140     0.001755    99.962     0.011941    99.680    99.730
 141     0.001389    99.965     0.011994    99.710    99.730
 142     0.001965    99.958     0.011879    99.730    99.730
 143     0.001620    99.953     0.011768    99.710    99.730
 144     0.001475    99.965     0.012909    99.660    99.730
 145     0.001718    99.948     0.012143    99.720    99.730
 146     0.001992    99.958     0.012193    99.730    99.730
 147     0.001986    99.957     0.011935    99.710    99.730
 148     0.001473    99.960     0.012107    99.720    99.730
 149     0.001652    99.963     0.012389    99.650    99.730
