   0     0.458406    93.832     0.172968    99.050    99.050
   1     0.177942    98.213     0.093167    99.400    99.400
   2     0.115022    98.555     0.060130    99.410    99.410
   3     0.085727    98.707     0.043690    99.570    99.570
   4     0.069083    98.843     0.105867    99.260    99.570
   5     0.057712    98.930     0.080260    98.700    99.570
   6     0.049931    99.038     0.029828    99.600    99.600
   7     0.045008    99.047     0.063926    98.850    99.600
   8     0.043429    99.023     0.036203    99.360    99.600
   9     0.038875    99.093     0.021209    99.640    99.640
  10     0.037181    99.052     0.041923    99.210    99.640
  11     0.031750    99.217     0.025297    99.570    99.640
  12     0.029699    99.225     0.025103    99.360    99.640
  13     0.029798    99.252     0.037393    99.270    99.640
  14     0.026500    99.312     0.028833    99.490    99.640
  15     0.026862    99.308     0.027050    99.460    99.640
  16     0.024420    99.367     0.029305    99.450    99.640
  17     0.022580    99.392     0.017588    99.650    99.650
  18     0.023352    99.345     0.047982    98.930    99.650
  19     0.022282    99.395     0.211577    91.220    99.650
  20     0.020228    99.433     0.022863    99.340    99.650
  21     0.019369    99.500     0.026624    99.300    99.650
  22     0.020457    99.382     0.035739    99.240    99.650
  23     0.018761    99.482     0.014361    99.620    99.650
  24     0.017456    99.537     0.015517    99.580    99.650
  25     0.017160    99.510     0.017595    99.570    99.650
  26     0.014364    99.603     0.015562    99.580    99.650
  27     0.017266    99.510     0.018153    99.600    99.650
  28     0.016281    99.557     0.011279    99.690    99.690
  29     0.015278    99.575     0.013309    99.620    99.690
  30     0.013272    99.605     0.012148    99.660    99.690
  31     0.014890    99.568     0.013236    99.690    99.690
  32     0.012889    99.642     0.012412    99.610    99.690
  33     0.012784    99.670     0.015403    99.570    99.690
  34     0.012328    99.667     0.014327    99.640    99.690
  35     0.013309    99.632     0.034368    98.920    99.690
  36     0.011356    99.648     0.015482    99.570    99.690
  37     0.011596    99.662     0.013304    99.650    99.690
  38     0.011098    99.672     0.013504    99.610    99.690
  39     0.012476    99.663     0.010199    99.690    99.690
  40     0.010269    99.708     0.010526    99.690    99.690
  41     0.010172    99.697     0.018341    99.490    99.690
  42     0.009855    99.712     0.019249    99.510    99.690
  43     0.009044    99.732     0.011979    99.630    99.690
  44     0.009429    99.767     0.017484    99.480    99.690
  45     0.009696    99.732     0.010872    99.680    99.690
  46     0.009435    99.732     0.012287    99.660    99.690
  47     0.008434    99.773     0.009915    99.660    99.690
  48     0.009175    99.763     0.016362    99.540    99.690
  49     0.007960    99.803     0.091370    97.030    99.690
  50     0.007671    99.788     0.008931    99.750    99.750
  51     0.007892    99.795     0.012058    99.700    99.750
  52     0.008097    99.768     0.018152    99.560    99.750
  53     0.007635    99.773     0.013315    99.660    99.750
  54     0.006948    99.798     0.009329    99.780    99.780
  55     0.007040    99.800     0.009675    99.720    99.780
  56     0.005995    99.828     0.010821    99.700    99.780
  57     0.006379    99.837     0.010708    99.720    99.780
  58     0.006059    99.845     0.009545    99.750    99.780
  59     0.006284    99.822     0.009148    99.750    99.780
  60     0.005842    99.837     0.011524    99.660    99.780
  61     0.005908    99.833     0.010542    99.680    99.780
  62     0.005359    99.867     0.011144    99.640    99.780
  63     0.005825    99.850     0.012425    99.610    99.780
  64     0.005678    99.833     0.011523    99.680    99.780
  65     0.004648    99.870     0.018700    99.510    99.780
  66     0.005351    99.843     0.010976    99.660    99.780
  67     0.005573    99.853     0.010986    99.670    99.780
  68     0.006066    99.842     0.009953    99.730    99.780
  69     0.005267    99.860     0.011206    99.670    99.780
  70     0.004782    99.863     0.011644    99.650    99.780
  71     0.005485    99.828     0.011333    99.680    99.780
  72     0.004730    99.878     0.013465    99.620    99.780
  73     0.004476    99.890     0.013247    99.640    99.780
  74     0.004350    99.888     0.010881    99.730    99.780
  75     0.004039    99.892     0.012269    99.660    99.780
  76     0.004508    99.870     0.011128    99.660    99.780
  77     0.004270    99.885     0.011200    99.670    99.780
  78     0.004191    99.885     0.015606    99.620    99.780
  79     0.004218    99.868     0.012136    99.700    99.780
  80     0.004059    99.888     0.010016    99.660    99.780
  81     0.004224    99.885     0.010202    99.690    99.780
  82     0.003784    99.903     0.010468    99.710    99.780
  83     0.003464    99.903     0.010961    99.720    99.780
  84     0.003905    99.875     0.012093    99.670    99.780
  85     0.003624    99.910     0.012294    99.630    99.780
  86     0.002783    99.935     0.011747    99.680    99.780
  87     0.003403    99.918     0.010252    99.710    99.780
  88     0.003900    99.903     0.010427    99.690    99.780
  89     0.003821    99.900     0.011148    99.660    99.780
  90     0.003530    99.913     0.009329    99.710    99.780
  91     0.003394    99.908     0.009475    99.700    99.780
  92     0.002906    99.922     0.010978    99.700    99.780
  93     0.003234    99.918     0.011666    99.690    99.780
  94     0.003390    99.910     0.010145    99.710    99.780
  95     0.003501    99.898     0.009646    99.720    99.780
  96     0.002501    99.938     0.009658    99.670    99.780
  97     0.003202    99.925     0.010974    99.660    99.780
  98     0.003367    99.922     0.010123    99.650    99.780
  99     0.003156    99.928     0.010475    99.710    99.780
 100     0.002706    99.925     0.010034    99.710    99.780
 101     0.002845    99.933     0.009455    99.730    99.780
 102     0.002524    99.945     0.009168    99.750    99.780
 103     0.003159    99.932     0.010711    99.670    99.780
 104     0.002799    99.943     0.010337    99.650    99.780
 105     0.002814    99.935     0.012854    99.640    99.780
 106     0.002476    99.942     0.011114    99.680    99.780
 107     0.002403    99.943     0.010765    99.650    99.780
 108     0.002358    99.942     0.011080    99.690    99.780
 109     0.002854    99.932     0.010965    99.690    99.780
 110     0.002676    99.935     0.010812    99.670    99.780
 111     0.002441    99.930     0.010613    99.690    99.780
 112     0.002440    99.937     0.010831    99.690    99.780
 113     0.002279    99.958     0.010476    99.700    99.780
 114     0.002370    99.942     0.011675    99.660    99.780
 115     0.002173    99.942     0.010745    99.680    99.780
 116     0.001994    99.947     0.011232    99.660    99.780
 117     0.002517    99.925     0.010647    99.700    99.780
 118     0.001842    99.953     0.010261    99.710    99.780
 119     0.001973    99.958     0.011332    99.660    99.780
 120     0.001702    99.958     0.010910    99.650    99.780
 121     0.002167    99.960     0.010617    99.660    99.780
 122     0.001878    99.947     0.010026    99.710    99.780
 123     0.001913    99.955     0.010264    99.670    99.780
 124     0.001754    99.958     0.010008    99.700    99.780
 125     0.001819    99.957     0.009754    99.720    99.780
 126     0.002142    99.948     0.010437    99.650    99.780
 127     0.001733    99.962     0.010046    99.670    99.780
 128     0.001832    99.958     0.010110    99.680    99.780
 129     0.002681    99.928     0.010571    99.680    99.780
 130     0.001889    99.948     0.010340    99.670    99.780
 131     0.001671    99.960     0.010754    99.670    99.780
 132     0.001560    99.958     0.011928    99.650    99.780
 133     0.001720    99.957     0.011250    99.680    99.780
 134     0.001692    99.960     0.011254    99.690    99.780
 135     0.001713    99.957     0.011410    99.660    99.780
 136     0.001771    99.963     0.011774    99.660    99.780
 137     0.001715    99.958     0.011627    99.630    99.780
 138     0.001567    99.965     0.011349    99.680    99.780
 139     0.001641    99.965     0.011345    99.680    99.780
 140     0.001766    99.957     0.011517    99.660    99.780
 141     0.001501    99.970     0.011341    99.650    99.780
 142     0.001575    99.960     0.011133    99.660    99.780
 143     0.001416    99.965     0.011261    99.660    99.780
 144     0.001394    99.977     0.011091    99.670    99.780
 145     0.001634    99.962     0.011594    99.670    99.780
 146     0.001770    99.945     0.011139    99.690    99.780
 147     0.001379    99.972     0.011045    99.700    99.780
 148     0.001745    99.955     0.011710    99.680    99.780
 149     0.001663    99.955     0.010931    99.720    99.780
