   0     0.455824    93.865     0.170701    99.060    99.060
   1     0.174368    98.217     0.102485    99.280    99.280
   2     0.111162    98.628     0.067267    99.360    99.360
   3     0.084516    98.742     0.032658    99.530    99.530
   4     0.070148    98.808     0.068042    99.340    99.530
   5     0.058499    98.912     0.024814    99.530    99.530
   6     0.048477    99.103     0.065172    99.090    99.530
   7     0.046073    98.987     0.037312    99.290    99.530
   8     0.041984    99.040     0.026699    99.350    99.530
   9     0.039249    99.048     0.044231    99.240    99.530
  10     0.035697    99.150     0.059041    99.200    99.530
  11     0.032983    99.183     0.027079    99.470    99.530
  12     0.031409    99.203     0.033069    99.460    99.530
  13     0.028005    99.268     0.053776    99.030    99.530
  14     0.028095    99.242     0.109310    96.790    99.530
  15     0.025441    99.342     0.028338    99.270    99.530
  16     0.024150    99.323     0.217220    93.230    99.530
  17     0.022453    99.415     0.068616    98.170    99.530
  18     0.023383    99.347     0.043902    99.250    99.530
  19     0.022988    99.382     0.034207    99.200    99.530
  20     0.021680    99.398     0.040864    99.170    99.530
  21     0.021072    99.433     0.023198    99.400    99.530
  22     0.018608    99.490     0.019364    99.520    99.530
  23     0.017804    99.517     0.027504    99.400    99.530
  24     0.017752    99.520     0.016901    99.460    99.530
  25     0.016518    99.535     0.019445    99.410    99.530
  26     0.017600    99.500     0.033443    99.160    99.530
  27     0.015994    99.562     0.016710    99.610    99.610
  28     0.016872    99.515     0.035175    99.330    99.610
  29     0.015068    99.593     0.042212    99.160    99.610
  30     0.014966    99.543     0.026553    99.500    99.610
  31     0.013885    99.602     0.024441    99.410    99.610
  32     0.013279    99.617     0.143266    94.640    99.610
  33     0.012031    99.682     0.023030    99.460    99.610
  34     0.012393    99.678     0.012254    99.580    99.610
  35     0.011911    99.645     0.016179    99.460    99.610
  36     0.012773    99.617     0.016734    99.490    99.610
  37     0.010455    99.723     0.020287    99.470    99.610
  38     0.010730    99.712     0.029237    99.280    99.610
  39     0.010435    99.715     0.038410    98.970    99.610
  40     0.011078    99.688     0.012823    99.620    99.620
  41     0.010753    99.685     0.013096    99.580    99.620
  42     0.009906    99.748     0.015523    99.540    99.620
  43     0.008873    99.765     0.012781    99.660    99.660
  44     0.009546    99.750     0.024331    99.330    99.660
  45     0.011111    99.670     0.030411    99.260    99.660
  46     0.008150    99.778     0.026321    99.350    99.660
  47     0.008041    99.767     0.016204    99.570    99.660
  48     0.007937    99.762     0.017673    99.510    99.660
  49     0.008084    99.785     0.017020    99.560    99.660
  50     0.008463    99.765     0.012655    99.620    99.660
  51     0.006907    99.820     0.014054    99.590    99.660
  52     0.007751    99.782     0.019870    99.500    99.660
  53     0.007856    99.797     0.017029    99.560    99.660
  54     0.006965    99.810     0.012163    99.610    99.660
  55     0.006740    99.807     0.012715    99.560    99.660
  56     0.006638    99.812     0.011492    99.590    99.660
  57     0.007314    99.803     0.017707    99.480    99.660
  58     0.006912    99.808     0.015094    99.510    99.660
  59     0.006253    99.845     0.015610    99.520    99.660
  60     0.007129    99.812     0.018902    99.480    99.660
  61     0.006969    99.823     0.017233    99.470    99.660
  62     0.005681    99.845     0.010529    99.640    99.660
  63     0.005703    99.845     0.011980    99.640    99.660
  64     0.005467    99.858     0.017808    99.500    99.660
  65     0.005817    99.845     0.017516    99.540    99.660
  66     0.005296    99.853     0.014022    99.580    99.660
  67     0.005404    99.863     0.017448    99.530    99.660
  68     0.005695    99.833     0.029078    99.230    99.660
  69     0.005182    99.850     0.015744    99.550    99.660
  70     0.005237    99.853     0.012612    99.580    99.660
  71     0.004328    99.892     0.064432    98.220    99.660
  72     0.004737    99.880     0.014050    99.550    99.660
  73     0.004601    99.877     0.018844    99.470    99.660
  74     0.004192    99.888     0.026263    99.360    99.660
  75     0.004818    99.867     0.015917    99.590    99.660
  76     0.004179    99.887     0.014464    99.580    99.660
  77     0.003641    99.900     0.014091    99.560    99.660
  78     0.003964    99.888     0.015162    99.600    99.660
  79     0.004342    99.895     0.016185    99.590    99.660
  80     0.004088    99.898     0.012399    99.600    99.660
  81     0.004212    99.893     0.012041    99.610    99.660
  82     0.004179    99.890     0.016073    99.530    99.660
  83     0.003833    99.913     0.017185    99.510    99.660
  84     0.003671    99.905     0.013661    99.590    99.660
  85     0.003371    99.910     0.013187    99.570    99.660
  86     0.003916    99.895     0.018726    99.500    99.660
  87     0.003482    99.912     0.013110    99.620    99.660
  88     0.003663    99.895     0.017275    99.530    99.660
  89     0.003358    99.915     0.014632    99.510    99.660
  90     0.003899    99.912     0.014216    99.580    99.660
  91     0.003382    99.910     0.014134    99.530    99.660
  92     0.003178    99.923     0.012002    99.580    99.660
  93     0.003699    99.898     0.012862    99.560    99.660
  94     0.003472    99.905     0.015421    99.590    99.660
  95     0.003084    99.915     0.012036    99.650    99.660
  96     0.002859    99.927     0.011946    99.600    99.660
  97     0.003336    99.903     0.012558    99.610    99.660
  98     0.003169    99.915     0.013044    99.650    99.660
  99     0.002694    99.925     0.013792    99.560    99.660
 100     0.002919    99.922     0.016652    99.510    99.660
 101     0.003142    99.940     0.018266    99.520    99.660
 102     0.002597    99.930     0.013264    99.600    99.660
 103     0.002857    99.927     0.010522    99.690    99.690
 104     0.002538    99.937     0.012475    99.600    99.690
 105     0.002758    99.920     0.012148    99.630    99.690
 106     0.002327    99.945     0.010211    99.650    99.690
 107     0.002543    99.930     0.011896    99.640    99.690
 108     0.001898    99.950     0.013775    99.610    99.690
 109     0.002192    99.948     0.012229    99.610    99.690
 110     0.002530    99.942     0.012102    99.570    99.690
 111     0.002491    99.935     0.010267    99.650    99.690
 112     0.002496    99.938     0.011461    99.640    99.690
 113     0.002580    99.927     0.011314    99.640    99.690
 114     0.001836    99.953     0.010216    99.660    99.690
 115     0.002525    99.925     0.010946    99.620    99.690
 116     0.002027    99.942     0.012787    99.600    99.690
 117     0.002782    99.925     0.013498    99.640    99.690
 118     0.002099    99.950     0.011189    99.630    99.690
 119     0.002621    99.930     0.011385    99.640    99.690
 120     0.002294    99.950     0.011340    99.670    99.690
 121     0.001602    99.968     0.011263    99.630    99.690
 122     0.002370    99.942     0.011448    99.620    99.690
 123     0.002366    99.928     0.011827    99.630    99.690
 124     0.002303    99.930     0.012158    99.650    99.690
 125     0.001899    99.955     0.012053    99.640    99.690
 126     0.002011    99.957     0.011450    99.630    99.690
 127     0.001676    99.955     0.012126    99.630    99.690
 128     0.002307    99.947     0.011208    99.670    99.690
 129     0.001692    99.957     0.011043    99.660    99.690
 130     0.001798    99.958     0.011331    99.610    99.690
 131     0.001848    99.953     0.011837    99.660    99.690
 132     0.001819    99.957     0.012912    99.620    99.690
 133     0.001666    99.957     0.011541    99.670    99.690
 134     0.001547    99.970     0.011203    99.660    99.690
 135     0.001657    99.965     0.011982    99.700    99.700
 136     0.001448    99.967     0.011734    99.610    99.700
 137     0.001959    99.952     0.013377    99.620    99.700
 138     0.001671    99.957     0.012181    99.670    99.700
 139     0.001348    99.967     0.011820    99.690    99.700
 140     0.001696    99.960     0.011512    99.690    99.700
 141     0.001925    99.955     0.011423    99.660    99.700
 142     0.001912    99.948     0.010779    99.690    99.700
 143     0.001658    99.955     0.011442    99.690    99.700
 144     0.001515    99.958     0.011746    99.690    99.700
 145     0.001992    99.955     0.012281    99.710    99.710
 146     0.001896    99.967     0.013748    99.630    99.710
 147     0.001512    99.960     0.012841    99.650    99.710
 148     0.001529    99.963     0.011185    99.650    99.710
 149     0.001551    99.955     0.011874    99.660    99.710
