   0     0.458035    93.750     0.148636    99.060    99.060
   1     0.176419    98.182     0.120651    99.290    99.290
   2     0.114501    98.512     0.087303    99.160    99.290
   3     0.083758    98.802     0.167788    97.440    99.290
   4     0.067331    98.867     0.054693    99.390    99.390
   5     0.057249    98.922     0.043760    99.520    99.520
   6     0.051184    98.987     0.032931    99.480    99.520
   7     0.046140    98.982     0.033599    99.510    99.520
   8     0.041162    99.072     0.054263    99.130    99.520
   9     0.035759    99.213     0.034957    99.330    99.520
  10     0.037268    99.105     0.103600    98.120    99.520
  11     0.032249    99.237     0.058103    98.910    99.520
  12     0.030655    99.238     0.049105    99.050    99.520
  13     0.030025    99.205     0.104880    97.460    99.520
  14     0.028173    99.253     0.033799    99.340    99.520
  15     0.025227    99.322     0.072263    98.670    99.520
  16     0.024848    99.313     0.703631    86.480    99.520
  17     0.024184    99.320     0.018895    99.520    99.520
  18     0.021334    99.425     0.086844    97.760    99.520
  19     0.021288    99.422     0.040668    99.170    99.520
  20     0.021180    99.420     0.021607    99.340    99.520
  21     0.019074    99.463     0.017830    99.580    99.580
  22     0.020293    99.445     0.028023    99.470    99.580
  23     0.016362    99.548     0.043621    99.070    99.580
  24     0.016863    99.552     0.102578    97.810    99.580
  25     0.016487    99.532     0.067169    98.330    99.580
  26     0.016859    99.523     0.024294    99.390    99.580
  27     0.015494    99.567     0.075675    98.160    99.580
  28     0.016146    99.545     0.015847    99.640    99.640
  29     0.014327    99.597     0.014940    99.560    99.640
  30     0.014540    99.583     0.062545    98.410    99.640
  31     0.013402    99.617     0.016105    99.610    99.640
  32     0.013320    99.625     0.082735    97.530    99.640
  33     0.015057    99.587     0.027577    99.330    99.640
  34     0.012732    99.627     0.016838    99.570    99.640
  35     0.012338    99.660     0.011913    99.720    99.720
  36     0.011004    99.673     0.020162    99.500    99.720
  37     0.010708    99.685     0.017976    99.540    99.720
  38     0.010942    99.705     0.034157    99.250    99.720
  39     0.010976    99.697     0.029867    99.270    99.720
  40     0.010241    99.708     0.042059    99.300    99.720
  41     0.010401    99.707     0.024547    99.450    99.720
  42     0.009997    99.725     0.025523    99.390    99.720
  43     0.009569    99.713     0.021310    99.440    99.720
  44     0.009472    99.737     0.020846    99.510    99.720
  45     0.010223    99.730     0.032764    99.060    99.720
  46     0.008765    99.757     0.054489    99.100    99.720
  47     0.007982    99.782     0.014008    99.580    99.720
  48     0.007727    99.777     0.014617    99.570    99.720
  49     0.009135    99.748     0.019632    99.430    99.720
  50     0.008576    99.773     0.013626    99.590    99.720
  51     0.007810    99.802     0.028723    99.150    99.720
  52     0.007512    99.793     0.029130    99.270    99.720
  53     0.006628    99.820     0.028387    99.330    99.720
  54     0.007204    99.813     0.015408    99.620    99.720
  55     0.006358    99.843     0.015185    99.600    99.720
  56     0.005817    99.822     0.016924    99.610    99.720
  57     0.006483    99.812     0.018380    99.600    99.720
  58     0.006088    99.823     0.012017    99.690    99.720
  59     0.006570    99.827     0.013160    99.610    99.720
  60     0.005463    99.855     0.012933    99.610    99.720
  61     0.006405    99.837     0.018779    99.500    99.720
  62     0.006758    99.815     0.017984    99.510    99.720
  63     0.005878    99.850     0.018685    99.520    99.720
  64     0.005716    99.855     0.019800    99.510    99.720
  65     0.005514    99.852     0.019271    99.510    99.720
  66     0.005153    99.848     0.012859    99.610    99.720
  67     0.004805    99.887     0.015132    99.550    99.720
  68     0.004876    99.870     0.015979    99.630    99.720
  69     0.005965    99.828     0.014262    99.600    99.720
  70     0.004250    99.900     0.014281    99.590    99.720
  71     0.004537    99.872     0.014782    99.570    99.720
  72     0.004437    99.872     0.018180    99.560    99.720
  73     0.004407    99.880     0.016107    99.570    99.720
  74     0.004379    99.875     0.015517    99.590    99.720
  75     0.004510    99.862     0.016196    99.550    99.720
  76     0.004420    99.877     0.025255    99.370    99.720
  77     0.004555    99.877     0.033638    99.220    99.720
  78     0.004304    99.882     0.015577    99.580    99.720
  79     0.003524    99.927     0.014923    99.630    99.720
  80     0.004159    99.887     0.013882    99.610    99.720
  81     0.003526    99.918     0.014613    99.640    99.720
  82     0.004350    99.888     0.013822    99.640    99.720
  83     0.003814    99.887     0.014109    99.600    99.720
  84     0.003498    99.898     0.011928    99.670    99.720
  85     0.003429    99.910     0.013958    99.640    99.720
  86     0.003783    99.903     0.015298    99.580    99.720
  87     0.003456    99.917     0.013133    99.630    99.720
  88     0.003087    99.915     0.016837    99.580    99.720
  89     0.003124    99.922     0.013562    99.620    99.720
  90     0.003336    99.902     0.016628    99.590    99.720
  91     0.003117    99.905     0.010802    99.680    99.720
  92     0.002799    99.928     0.012012    99.620    99.720
  93     0.003359    99.907     0.014493    99.570    99.720
  94     0.002653    99.925     0.011636    99.660    99.720
  95     0.003230    99.928     0.012859    99.600    99.720
  96     0.003399    99.903     0.016849    99.570    99.720
  97     0.002948    99.938     0.015314    99.540    99.720
  98     0.002675    99.927     0.011136    99.660    99.720
  99     0.003182    99.928     0.010783    99.670    99.720
 100     0.002821    99.933     0.011267    99.670    99.720
 101     0.002878    99.932     0.011542    99.640    99.720
 102     0.002552    99.935     0.010171    99.670    99.720
 103     0.003361    99.905     0.013372    99.680    99.720
 104     0.002362    99.940     0.014794    99.610    99.720
 105     0.002681    99.938     0.013125    99.600    99.720
 106     0.002262    99.945     0.012406    99.660    99.720
 107     0.002941    99.930     0.011961    99.640    99.720
 108     0.002506    99.937     0.015415    99.570    99.720
 109     0.002289    99.937     0.014084    99.580    99.720
 110     0.002139    99.947     0.011135    99.660    99.720
 111     0.001962    99.960     0.010931    99.670    99.720
 112     0.002298    99.943     0.011839    99.720    99.720
 113     0.002073    99.955     0.011590    99.680    99.720
 114     0.002458    99.937     0.012268    99.640    99.720
 115     0.002269    99.943     0.011381    99.680    99.720
 116     0.002033    99.950     0.011675    99.710    99.720
 117     0.001970    99.960     0.010618    99.700    99.720
 118     0.002120    99.957     0.012460    99.660    99.720
 119     0.002269    99.940     0.010928    99.700    99.720
 120     0.001893    99.952     0.010865    99.680    99.720
 121     0.001756    99.967     0.012307    99.640    99.720
 122     0.001947    99.960     0.011015    99.650    99.720
 123     0.001883    99.953     0.013600    99.620    99.720
 124     0.002021    99.950     0.011188    99.640    99.720
 125     0.001731    99.962     0.010777    99.690    99.720
 126     0.001944    99.952     0.010908    99.640    99.720
 127     0.001977    99.955     0.011491    99.640    99.720
 128     0.001688    99.963     0.010806    99.660    99.720
 129     0.001921    99.950     0.011325    99.680    99.720
 130     0.001592    99.963     0.012499    99.560    99.720
 131     0.001834    99.953     0.011576    99.650    99.720
 132     0.001697    99.963     0.012197    99.640    99.720
 133     0.001826    99.963     0.012355    99.640    99.720
 134     0.001752    99.955     0.010945    99.680    99.720
 135     0.001406    99.967     0.010296    99.710    99.720
 136     0.001435    99.955     0.011770    99.640    99.720
 137     0.002020    99.952     0.010724    99.680    99.720
 138     0.001674    99.960     0.011228    99.680    99.720
 139     0.001740    99.960     0.011391    99.710    99.720
 140     0.001571    99.965     0.011019    99.730    99.730
 141     0.001351    99.962     0.010876    99.700    99.730
 142     0.002067    99.945     0.010659    99.740    99.740
 143     0.001658    99.962     0.012036    99.650    99.740
 144     0.001580    99.958     0.010859    99.670    99.740
 145     0.001593    99.965     0.011616    99.670    99.740
 146     0.001227    99.973     0.012291    99.610    99.740
 147     0.001552    99.962     0.012264    99.620    99.740
 148     0.001433    99.963     0.010690    99.670    99.740
 149     0.001926    99.958     0.013354    99.570    99.740
