   0     0.453866    93.962     0.199181    99.180    99.180
   1     0.176544    98.202     0.091752    99.360    99.360
   2     0.115139    98.553     0.097272    99.130    99.360
   3     0.084874    98.747     0.054029    99.400    99.400
   4     0.068227    98.893     0.043030    99.460    99.460
   5     0.058247    98.978     0.056572    99.230    99.460
   6     0.049691    99.050     0.060992    99.470    99.470
   7     0.044617    99.035     0.038053    99.480    99.480
   8     0.042149    99.060     0.099176    98.300    99.480
   9     0.036895    99.135     0.032788    99.270    99.480
  10     0.035129    99.162     0.036929    99.090    99.480
  11     0.031484    99.237     0.058914    98.990    99.480
  12     0.030701    99.207     0.047206    98.960    99.480
  13     0.029690    99.205     0.167260    96.320    99.480
  14     0.026818    99.308     0.022539    99.610    99.610
  15     0.026945    99.308     0.019958    99.600    99.610
  16     0.024979    99.338     0.016530    99.670    99.670
  17     0.025140    99.330     0.089566    97.940    99.670
  18     0.022716    99.357     0.021838    99.380    99.670
  19     0.022007    99.375     0.028646    99.250    99.670
  20     0.020173    99.435     0.049557    98.860    99.670
  21     0.021351    99.390     0.015895    99.600    99.670
  22     0.019249    99.463     0.011627    99.690    99.690
  23     0.017462    99.507     0.017182    99.580    99.690
  24     0.017046    99.527     0.014825    99.580    99.690
  25     0.017428    99.493     0.017556    99.560    99.690
  26     0.016450    99.542     0.026939    99.210    99.690
  27     0.015677    99.532     0.018938    99.470    99.690
  28     0.015144    99.562     0.029042    99.150    99.690
  29     0.015092    99.610     0.014834    99.610    99.690
  30     0.014755    99.580     0.011925    99.710    99.710
  31     0.014162    99.610     0.013668    99.600    99.710
  32     0.013690    99.630     0.015846    99.540    99.710
  33     0.013834    99.593     0.025120    99.420    99.710
  34     0.012798    99.633     0.016189    99.480    99.710
  35     0.012090    99.655     0.018320    99.390    99.710
  36     0.010196    99.722     0.026347    99.240    99.710
  37     0.011312    99.673     0.012615    99.600    99.710
  38     0.011494    99.678     0.021015    99.430    99.710
  39     0.011259    99.680     0.023929    99.380    99.710
  40     0.010793    99.695     0.020459    99.430    99.710
  41     0.009527    99.728     0.023513    99.240    99.710
  42     0.009685    99.728     0.013380    99.570    99.710
  43     0.010306    99.692     0.010594    99.610    99.710
  44     0.009004    99.738     0.013797    99.560    99.710
  45     0.008811    99.765     0.014372    99.570    99.710
  46     0.008856    99.752     0.017164    99.480    99.710
  47     0.008774    99.737     0.011679    99.690    99.710
  48     0.007532    99.815     0.012857    99.630    99.710
  49     0.008330    99.765     0.009510    99.740    99.740
  50     0.008034    99.783     0.011924    99.650    99.740
  51     0.007675    99.778     0.012761    99.600    99.740
  52     0.007281    99.818     0.009832    99.630    99.740
  53     0.007428    99.795     0.015562    99.500    99.740
  54     0.007791    99.803     0.009945    99.660    99.740
  55     0.007953    99.773     0.026488    99.270    99.740
  56     0.006814    99.797     0.010482    99.620    99.740
  57     0.006042    99.852     0.010963    99.640    99.740
  58     0.006646    99.838     0.009444    99.720    99.740
  59     0.006452    99.827     0.013092    99.610    99.740
  60     0.006301    99.820     0.013059    99.550    99.740
  61     0.005798    99.848     0.009696    99.700    99.740
  62     0.006066    99.833     0.013282    99.650    99.740
  63     0.005623    99.858     0.010596    99.660    99.740
  64     0.006294    99.827     0.008424    99.710    99.740
  65     0.005176    99.852     0.010770    99.700    99.740
  66     0.005038    99.873     0.012811    99.570    99.740
  67     0.004902    99.862     0.010107    99.670    99.740
  68     0.005133    99.848     0.010835    99.670    99.740
  69     0.005242    99.852     0.010876    99.690    99.740
  70     0.005627    99.833     0.010926    99.650    99.740
  71     0.004718    99.877     0.015803    99.550    99.740
  72     0.004870    99.867     0.012240    99.610    99.740
  73     0.005247    99.847     0.011764    99.620    99.740
  74     0.004402    99.872     0.011237    99.690    99.740
  75     0.004325    99.878     0.012578    99.570    99.740
  76     0.004469    99.872     0.011984    99.640    99.740
  77     0.003925    99.888     0.010753    99.680    99.740
  78     0.004355    99.885     0.013230    99.570    99.740
  79     0.004021    99.890     0.011175    99.660    99.740
  80     0.004188    99.888     0.009849    99.680    99.740
  81     0.003618    99.888     0.009541    99.710    99.740
  82     0.003677    99.908     0.011517    99.640    99.740
  83     0.003600    99.908     0.009377    99.680    99.740
  84     0.003318    99.905     0.010104    99.660    99.740
  85     0.003784    99.885     0.010465    99.710    99.740
  86     0.003118    99.925     0.010232    99.720    99.740
  87     0.003588    99.908     0.011098    99.680    99.740
  88     0.003994    99.898     0.011698    99.690    99.740
  89     0.003272    99.915     0.010553    99.700    99.740
  90     0.003186    99.907     0.011589    99.720    99.740
  91     0.003216    99.925     0.011187    99.630    99.740
  92     0.003093    99.917     0.012058    99.650    99.740
  93     0.003050    99.920     0.009818    99.740    99.740
  94     0.003007    99.922     0.010656    99.740    99.740
  95     0.002834    99.927     0.010936    99.690    99.740
  96     0.003217    99.918     0.009159    99.720    99.740
  97     0.003192    99.920     0.010260    99.700    99.740
  98     0.003479    99.908     0.010904    99.740    99.740
  99     0.002708    99.920     0.010948    99.700    99.740
 100     0.002929    99.920     0.012632    99.610    99.740
 101     0.003361    99.908     0.010612    99.710    99.740
 102     0.003275    99.913     0.009985    99.700    99.740
 103     0.002221    99.947     0.011200    99.700    99.740
 104     0.002846    99.923     0.010759    99.650    99.740
 105     0.002471    99.952     0.010665    99.640    99.740
 106     0.002655    99.928     0.012282    99.670    99.740
 107     0.002872    99.950     0.012159    99.580    99.740
 108     0.002552    99.935     0.011319    99.680    99.740
 109     0.002331    99.933     0.012658    99.650    99.740
 110     0.002207    99.957     0.011541    99.690    99.740
 111     0.001992    99.957     0.010486    99.680    99.740
 112     0.002001    99.957     0.011621    99.700    99.740
 113     0.002257    99.937     0.011190    99.650    99.740
 114     0.002355    99.933     0.012070    99.620    99.740
 115     0.002405    99.937     0.011409    99.690    99.740
 116     0.001584    99.975     0.009810    99.760    99.760
 117     0.002545    99.932     0.009184    99.770    99.770
 118     0.001952    99.945     0.009195    99.760    99.770
 119     0.002159    99.935     0.009297    99.750    99.770
 120     0.001932    99.943     0.011047    99.650    99.770
 121     0.002237    99.943     0.009900    99.690    99.770
 122     0.001692    99.958     0.010141    99.710    99.770
 123     0.001837    99.960     0.010077    99.710    99.770
 124     0.001667    99.968     0.010438    99.700    99.770
 125     0.001891    99.952     0.011784    99.690    99.770
 126     0.002052    99.953     0.010803    99.710    99.770
 127     0.002353    99.947     0.010941    99.710    99.770
 128     0.001592    99.963     0.010725    99.670    99.770
 129     0.002148    99.953     0.011387    99.680    99.770
 130     0.001653    99.957     0.010867    99.710    99.770
 131     0.001553    99.965     0.010372    99.710    99.770
 132     0.001963    99.950     0.010419    99.680    99.770
 133     0.001656    99.960     0.011421    99.690    99.770
 134     0.001421    99.970     0.010537    99.710    99.770
 135     0.001568    99.957     0.010710    99.710    99.770
 136     0.002086    99.948     0.010427    99.740    99.770
 137     0.001219    99.973     0.010515    99.700    99.770
 138     0.001492    99.962     0.011343    99.670    99.770
 139     0.001756    99.958     0.011264    99.670    99.770
 140     0.001580    99.962     0.011353    99.680    99.770
 141     0.001726    99.957     0.011572    99.670    99.770
 142     0.001525    99.967     0.010875    99.690    99.770
 143     0.001602    99.948     0.011195    99.670    99.770
 144     0.001214    99.975     0.011427    99.650    99.770
 145     0.001682    99.957     0.011790    99.640    99.770
 146     0.001428    99.972     0.011585    99.700    99.770
 147     0.001291    99.972     0.011014    99.650    99.770
 148     0.001592    99.955     0.011367    99.690    99.770
 149     0.001226    99.975     0.010271    99.730    99.770
