   0     0.457637    93.588     0.146224    99.110    99.110
   1     0.175124    98.285     0.073688    99.390    99.390
   2     0.110117    98.610     0.074700    99.110    99.390
   3     0.081693    98.825     0.117347    98.690    99.390
   4     0.067021    98.900     0.083323    99.230    99.390
   5     0.059109    98.857     0.084250    99.010    99.390
   6     0.049454    99.005     0.173421    95.700    99.390
   7     0.045330    98.970     0.039328    99.450    99.450
   8     0.039805    99.107     0.057002    99.030    99.450
   9     0.037899    99.087     0.039765    99.290    99.450
  10     0.035292    99.148     0.028412    99.520    99.520
  11     0.031099    99.218     0.072799    99.070    99.520
  12     0.029676    99.220     0.065221    98.760    99.520
  13     0.029487    99.243     0.078187    98.480    99.520
  14     0.026871    99.317     0.042543    99.020    99.520
  15     0.026868    99.282     0.024450    99.460    99.520
  16     0.025001    99.327     0.026261    99.410    99.520
  17     0.023252    99.377     0.048494    99.040    99.520
  18     0.023570    99.323     0.042901    98.970    99.520
  19     0.021845    99.428     0.027548    99.430    99.520
  20     0.019459    99.480     0.032882    99.160    99.520
  21     0.020135    99.447     0.060805    98.510    99.520
  22     0.019881    99.460     0.038398    99.160    99.520
  23     0.019343    99.485     0.026621    99.390    99.520
  24     0.017527    99.485     0.070838    98.260    99.520
  25     0.016765    99.513     0.021569    99.460    99.520
  26     0.016666    99.520     0.018974    99.480    99.520
  27     0.015638    99.575     0.020158    99.370    99.520
  28     0.014477    99.620     0.027957    99.280    99.520
  29     0.014941    99.600     0.025102    99.370    99.520
  30     0.014275    99.588     0.014158    99.580    99.580
  31     0.015122    99.543     0.017739    99.570    99.580
  32     0.013664    99.598     0.021750    99.450    99.580
  33     0.012740    99.627     0.032572    99.160    99.580
  34     0.012904    99.625     0.014910    99.600    99.600
  35     0.012470    99.650     0.012039    99.640    99.640
  36     0.010979    99.693     0.022239    99.440    99.640
  37     0.011077    99.697     0.015406    99.550    99.640
  38     0.011475    99.672     0.014521    99.520    99.640
  39     0.011369    99.665     0.013099    99.590    99.640
  40     0.011691    99.690     0.012931    99.630    99.640
  41     0.009032    99.757     0.041278    98.870    99.640
  42     0.010692    99.700     0.014099    99.620    99.640
  43     0.010869    99.695     0.009854    99.740    99.740
  44     0.008968    99.750     0.012093    99.650    99.740
  45     0.009109    99.738     0.010612    99.670    99.740
  46     0.009789    99.728     0.013521    99.670    99.740
  47     0.008825    99.757     0.011483    99.690    99.740
  48     0.008413    99.783     0.022101    99.390    99.740
  49     0.008078    99.758     0.015634    99.570    99.740
  50     0.008052    99.765     0.010659    99.740    99.740
  51     0.007283    99.812     0.013574    99.610    99.740
  52     0.007909    99.772     0.015875    99.580    99.740
  53     0.007700    99.798     0.013639    99.630    99.740
  54     0.007844    99.758     0.028198    99.270    99.740
  55     0.006975    99.815     0.010725    99.670    99.740
  56     0.006548    99.822     0.011748    99.730    99.740
  57     0.006193    99.827     0.015394    99.600    99.740
  58     0.006721    99.813     0.013785    99.610    99.740
  59     0.006591    99.810     0.017521    99.510    99.740
  60     0.006077    99.837     0.012025    99.660    99.740
  61     0.006374    99.828     0.025320    99.330    99.740
  62     0.006864    99.817     0.014389    99.550    99.740
  63     0.006094    99.817     0.015233    99.550    99.740
  64     0.005544    99.830     0.015065    99.560    99.740
  65     0.005415    99.853     0.012877    99.640    99.740
  66     0.005030    99.843     0.012580    99.660    99.740
  67     0.005394    99.858     0.013795    99.620    99.740
  68     0.005162    99.870     0.010459    99.700    99.740
  69     0.005051    99.865     0.013884    99.610    99.740
  70     0.004514    99.877     0.012948    99.640    99.740
  71     0.004950    99.872     0.012118    99.670    99.740
  72     0.004667    99.868     0.014325    99.610    99.740
  73     0.005364    99.873     0.014399    99.610    99.740
  74     0.004667    99.862     0.012655    99.630    99.740
  75     0.004636    99.882     0.015189    99.600    99.740
  76     0.004299    99.872     0.011145    99.650    99.740
  77     0.003988    99.898     0.010133    99.680    99.740
  78     0.004368    99.872     0.025857    99.250    99.740
  79     0.004482    99.877     0.019013    99.410    99.740
  80     0.003888    99.898     0.009853    99.670    99.740
  81     0.003759    99.917     0.011018    99.670    99.740
  82     0.003940    99.893     0.011277    99.710    99.740
  83     0.003856    99.890     0.012186    99.580    99.740
  84     0.004557    99.892     0.010535    99.670    99.740
  85     0.003146    99.923     0.013131    99.640    99.740
  86     0.003412    99.905     0.011544    99.740    99.740
  87     0.003587    99.895     0.012791    99.640    99.740
  88     0.003043    99.912     0.012172    99.690    99.740
  89     0.003499    99.905     0.011754    99.650    99.740
  90     0.003706    99.888     0.016147    99.620    99.740
  91     0.003636    99.898     0.015775    99.580    99.740
  92     0.002814    99.937     0.011438    99.620    99.740
  93     0.002836    99.920     0.015824    99.500    99.740
  94     0.003208    99.925     0.012323    99.660    99.740
  95     0.002996    99.923     0.013527    99.620    99.740
  96     0.002992    99.923     0.011882    99.600    99.740
  97     0.003276    99.920     0.010345    99.670    99.740
  98     0.002781    99.930     0.009485    99.720    99.740
  99     0.002557    99.912     0.010644    99.690    99.740
 100     0.003012    99.915     0.010925    99.690    99.740
 101     0.003564    99.895     0.010605    99.700    99.740
 102     0.002607    99.917     0.010935    99.690    99.740
 103     0.002539    99.937     0.011362    99.670    99.740
 104     0.003392    99.902     0.011118    99.690    99.740
 105     0.002689    99.927     0.010895    99.680    99.740
 106     0.002311    99.940     0.010655    99.700    99.740
 107     0.002355    99.945     0.012061    99.690    99.740
 108     0.002957    99.925     0.010832    99.710    99.740
 109     0.002804    99.918     0.011825    99.670    99.740
 110     0.002473    99.942     0.010597    99.680    99.740
 111     0.002226    99.945     0.010798    99.680    99.740
 112     0.002340    99.943     0.012453    99.680    99.740
 113     0.002077    99.955     0.011090    99.690    99.740
 114     0.002438    99.935     0.012405    99.650    99.740
 115     0.002580    99.933     0.011706    99.670    99.740
 116     0.002291    99.940     0.011231    99.740    99.740
 117     0.002150    99.938     0.011035    99.710    99.740
 118     0.002462    99.933     0.011525    99.710    99.740
 119     0.002013    99.963     0.010797    99.700    99.740
 120     0.002249    99.932     0.010801    99.700    99.740
 121     0.002334    99.938     0.013366    99.680    99.740
 122     0.001919    99.955     0.012220    99.690    99.740
 123     0.002295    99.938     0.011988    99.720    99.740
 124     0.001998    99.950     0.012531    99.670    99.740
 125     0.001576    99.963     0.012432    99.630    99.740
 126     0.002481    99.937     0.012271    99.630    99.740
 127     0.001826    99.955     0.012125    99.670    99.740
 128     0.001964    99.955     0.010877    99.670    99.740
 129     0.001774    99.965     0.010698    99.680    99.740
 130     0.001915    99.945     0.011249    99.690    99.740
 131     0.001488    99.968     0.011347    99.740    99.740
 132     0.002187    99.948     0.011155    99.660    99.740
 133     0.001898    99.950     0.010916    99.700    99.740
 134     0.001982    99.952     0.011032    99.680    99.740
 135     0.001937    99.962     0.010947    99.710    99.740
 136     0.001434    99.973     0.011251    99.670    99.740
 137     0.001718    99.963     0.011393    99.700    99.740
 138     0.001660    99.965     0.011315    99.700    99.740
 139     0.001464    99.968     0.011295    99.680    99.740
 140     0.001641    99.953     0.012088    99.650    99.740
 141     0.001471    99.977     0.011350    99.680    99.740
 142     0.001680    99.950     0.011435    99.710    99.740
 143     0.001608    99.962     0.011087    99.700    99.740
 144     0.001563    99.963     0.011624    99.710    99.740
 145     0.001754    99.953     0.011752    99.690    99.740
 146     0.001613    99.957     0.011652    99.690    99.740
 147     0.001935    99.962     0.011695    99.690    99.740
 148     0.001600    99.962     0.011854    99.710    99.740
 149     0.001643    99.967     0.011873    99.710    99.740
