   0     0.455666    93.915     0.164057    99.090    99.090
   1     0.175631    98.183     0.095193    99.440    99.440
   2     0.112982    98.602     0.078615    99.250    99.440
   3     0.085478    98.705     0.112588    99.000    99.440
   4     0.068288    98.880     0.052285    99.320    99.440
   5     0.059196    98.942     0.036124    99.660    99.660
   6     0.050180    99.012     0.052791    98.940    99.660
   7     0.045740    99.012     0.033590    99.550    99.660
   8     0.042089    99.008     0.059090    98.950    99.660
   9     0.038683    99.145     0.029765    99.490    99.660
  10     0.035282    99.118     0.064499    98.920    99.660
  11     0.031198    99.272     0.031642    99.410    99.660
  12     0.030126    99.233     0.157164    96.290    99.660
  13     0.029256    99.235     0.024138    99.490    99.660
  14     0.027345    99.297     0.249350    90.680    99.660
  15     0.026146    99.333     0.024213    99.600    99.660
  16     0.024520    99.330     0.034759    99.200    99.660
  17     0.022826    99.365     0.061569    98.220    99.660
  18     0.022898    99.367     0.030616    99.250    99.660
  19     0.021222    99.450     0.019106    99.430    99.660
  20     0.022204    99.410     0.047540    98.650    99.660
  21     0.019464    99.457     0.016755    99.490    99.660
  22     0.019917    99.428     0.018198    99.570    99.660
  23     0.017725    99.513     0.015487    99.630    99.660
  24     0.018299    99.468     0.020450    99.480    99.660
  25     0.017278    99.537     0.018726    99.560    99.660
  26     0.015947    99.568     0.057371    98.470    99.660
  27     0.015309    99.593     0.030119    99.280    99.660
  28     0.014739    99.620     0.015227    99.560    99.660
  29     0.015433    99.540     0.016619    99.600    99.660
  30     0.013226    99.640     0.011561    99.690    99.690
  31     0.012498    99.627     0.016049    99.480    99.690
  32     0.012934    99.643     0.014692    99.600    99.690
  33     0.013222    99.622     0.021349    99.510    99.690
  34     0.013182    99.653     0.015257    99.620    99.690
  35     0.011594    99.685     0.025892    99.360    99.690
  36     0.012199    99.643     0.032854    99.240    99.690
  37     0.011818    99.653     0.024190    99.310    99.690
  38     0.012410    99.668     0.011623    99.640    99.690
  39     0.010255    99.738     0.016313    99.560    99.690
  40     0.010957    99.702     0.018578    99.470    99.690
  41     0.010520    99.698     0.019010    99.530    99.690
  42     0.010452    99.712     0.028858    99.390    99.690
  43     0.009097    99.752     0.014047    99.590    99.690
  44     0.009681    99.755     0.024520    99.400    99.690
  45     0.009149    99.747     0.024082    99.380    99.690
  46     0.008993    99.745     0.017958    99.480    99.690
  47     0.007979    99.793     0.013818    99.610    99.690
  48     0.009503    99.737     0.020864    99.360    99.690
  49     0.007740    99.783     0.015468    99.580    99.690
  50     0.007962    99.748     0.016782    99.530    99.690
  51     0.007137    99.790     0.015840    99.570    99.690
  52     0.007861    99.773     0.010639    99.720    99.720
  53     0.007522    99.790     0.013643    99.630    99.720
  54     0.006018    99.830     0.011096    99.690    99.720
  55     0.007379    99.792     0.013801    99.590    99.720
  56     0.006811    99.817     0.014607    99.620    99.720
  57     0.006497    99.820     0.021034    99.400    99.720
  58     0.006401    99.828     0.013190    99.590    99.720
  59     0.006405    99.797     0.014650    99.550    99.720
  60     0.006075    99.833     0.014095    99.540    99.720
  61     0.006479    99.820     0.020384    99.420    99.720
  62     0.005893    99.840     0.012763    99.680    99.720
  63     0.006287    99.837     0.011039    99.680    99.720
  64     0.006110    99.832     0.012895    99.640    99.720
  65     0.005871    99.835     0.012539    99.600    99.720
  66     0.004788    99.880     0.013241    99.640    99.720
  67     0.005451    99.860     0.012042    99.660    99.720
  68     0.004965    99.858     0.014263    99.610    99.720
  69     0.005376    99.868     0.014781    99.610    99.720
  70     0.003845    99.917     0.010356    99.690    99.720
  71     0.003906    99.900     0.011027    99.640    99.720
  72     0.004204    99.880     0.012644    99.570    99.720
  73     0.005303    99.860     0.010077    99.710    99.720
  74     0.004830    99.870     0.011376    99.620    99.720
  75     0.005349    99.840     0.009853    99.670    99.720
  76     0.005155    99.873     0.009050    99.730    99.730
  77     0.004147    99.877     0.012469    99.640    99.730
  78     0.004048    99.878     0.012473    99.640    99.730
  79     0.003707    99.892     0.009895    99.630    99.730
  80     0.003746    99.895     0.011473    99.670    99.730
  81     0.003990    99.892     0.010858    99.740    99.740
  82     0.003905    99.892     0.012273    99.640    99.740
  83     0.003483    99.885     0.011348    99.720    99.740
  84     0.003218    99.923     0.011449    99.660    99.740
  85     0.004394    99.888     0.011786    99.640    99.740
  86     0.003527    99.907     0.010333    99.720    99.740
  87     0.003485    99.913     0.010572    99.680    99.740
  88     0.003325    99.917     0.009855    99.690    99.740
  89     0.003670    99.905     0.009784    99.710    99.740
  90     0.003427    99.927     0.012961    99.650    99.740
  91     0.002990    99.913     0.010578    99.730    99.740
  92     0.003535    99.913     0.009689    99.710    99.740
  93     0.003355    99.917     0.009454    99.720    99.740
  94     0.002852    99.923     0.010514    99.620    99.740
  95     0.003239    99.918     0.010287    99.630    99.740
  96     0.002794    99.938     0.011209    99.660    99.740
  97     0.003383    99.910     0.010147    99.670    99.740
  98     0.002440    99.935     0.012960    99.680    99.740
  99     0.003274    99.917     0.012826    99.620    99.740
 100     0.003417    99.917     0.010015    99.690    99.740
 101     0.002444    99.937     0.011803    99.650    99.740
 102     0.002582    99.940     0.009926    99.720    99.740
 103     0.002655    99.923     0.010212    99.690    99.740
 104     0.002769    99.920     0.009565    99.690    99.740
 105     0.002413    99.932     0.011284    99.630    99.740
 106     0.002251    99.952     0.012415    99.620    99.740
 107     0.002542    99.938     0.011938    99.680    99.740
 108     0.002916    99.925     0.010530    99.680    99.740
 109     0.002072    99.955     0.010808    99.690    99.740
 110     0.002191    99.942     0.009319    99.690    99.740
 111     0.002204    99.938     0.009562    99.680    99.740
 112     0.002378    99.942     0.009631    99.700    99.740
 113     0.002021    99.952     0.012385    99.630    99.740
 114     0.002446    99.943     0.010759    99.620    99.740
 115     0.002896    99.913     0.010974    99.670    99.740
 116     0.002229    99.940     0.010718    99.670    99.740
 117     0.002121    99.958     0.010805    99.660    99.740
 118     0.002100    99.943     0.010335    99.710    99.740
 119     0.001941    99.952     0.011798    99.650    99.740
 120     0.002292    99.943     0.009771    99.730    99.740
 121     0.002076    99.953     0.009824    99.670    99.740
 122     0.002390    99.938     0.010158    99.730    99.740
 123     0.002129    99.952     0.011975    99.650    99.740
 124     0.002077    99.947     0.010529    99.710    99.740
 125     0.002003    99.950     0.009598    99.740    99.740
 126     0.002131    99.950     0.010632    99.710    99.740
 127     0.001949    99.940     0.009982    99.730    99.740
 128     0.002200    99.948     0.010721    99.670    99.740
 129     0.001991    99.947     0.010700    99.680    99.740
 130     0.001918    99.960     0.010537    99.740    99.740
 131     0.001984    99.943     0.010535    99.690    99.740
 132     0.001526    99.970     0.010907    99.730    99.740
 133     0.001621    99.963     0.010344    99.710    99.740
 134     0.001311    99.973     0.009852    99.750    99.750
 135     0.001428    99.967     0.010650    99.730    99.750
 136     0.001698    99.958     0.010662    99.710    99.750
 137     0.001427    99.962     0.010451    99.700    99.750
 138     0.001541    99.967     0.010570    99.700    99.750
 139     0.001968    99.943     0.010685    99.700    99.750
 140     0.001456    99.963     0.010733    99.680    99.750
 141     0.001485    99.973     0.010337    99.710    99.750
 142     0.001522    99.967     0.010212    99.710    99.750
 143     0.001698    99.962     0.010180    99.740    99.750
 144     0.001822    99.957     0.010908    99.700    99.750
 145     0.001572    99.963     0.010678    99.720    99.750
 146     0.001837    99.957     0.010440    99.670    99.750
 147     0.001584    99.958     0.011326    99.660    99.750
 148     0.001545    99.962     0.010797    99.660    99.750
 149     0.001815    99.948     0.009971    99.670    99.750
