   0     0.459213    93.860     0.150285    99.040    99.040
   1     0.179389    98.173     0.095728    99.320    99.320
   2     0.116002    98.542     0.063759    99.300    99.320
   3     0.084258    98.737     0.056010    99.350    99.350
   4     0.069528    98.808     0.069120    99.120    99.350
   5     0.056538    98.970     0.036370    99.480    99.480
   6     0.049779    99.043     0.039060    99.380    99.480
   7     0.043996    99.070     0.059342    99.140    99.480
   8     0.042859    98.977     0.087325    98.880    99.480
   9     0.038660    99.100     0.068152    99.070    99.480
  10     0.035905    99.125     0.127459    97.360    99.480
  11     0.033394    99.162     0.031341    99.300    99.480
  12     0.030284    99.245     0.051697    99.200    99.480
  13     0.028497    99.272     0.033878    99.360    99.480
  14     0.027544    99.278     0.026851    99.380    99.480
  15     0.025765    99.310     0.036394    99.280    99.480
  16     0.026088    99.325     0.031616    99.470    99.480
  17     0.023996    99.335     0.033442    99.280    99.480
  18     0.021629    99.415     0.059727    99.190    99.480
  19     0.022031    99.380     0.016176    99.610    99.610
  20     0.019746    99.468     0.034093    99.200    99.610
  21     0.020547    99.442     0.026887    99.400    99.610
  22     0.019779    99.423     0.012260    99.690    99.690
  23     0.018069    99.518     0.030121    99.200    99.690
  24     0.017332    99.523     0.065485    98.750    99.690
  25     0.016124    99.552     0.013876    99.580    99.690
  26     0.016781    99.510     0.030850    99.220    99.690
  27     0.015965    99.565     0.016439    99.570    99.690
  28     0.015804    99.580     0.034672    99.160    99.690
  29     0.014562    99.573     0.022849    99.470    99.690
  30     0.015808    99.563     0.060343    98.920    99.690
  31     0.014849    99.560     0.096371    97.650    99.690
  32     0.014045    99.632     0.036972    99.100    99.690
  33     0.012321    99.668     0.017430    99.500    99.690
  34     0.013107    99.623     0.018386    99.530    99.690
  35     0.011534    99.653     0.016212    99.530    99.690
  36     0.012329    99.647     0.026481    99.240    99.690
  37     0.012356    99.660     0.019205    99.550    99.690
  38     0.010270    99.718     0.015723    99.540    99.690
  39     0.010330    99.730     0.026231    99.400    99.690
  40     0.011083    99.720     0.039408    98.980    99.690
  41     0.010069    99.725     0.020623    99.550    99.690
  42     0.009597    99.732     0.025947    99.390    99.690
  43     0.009891    99.733     0.018936    99.440    99.690
  44     0.009114    99.727     0.043559    99.130    99.690
  45     0.008686    99.742     0.035558    99.160    99.690
  46     0.008166    99.778     0.015249    99.600    99.690
  47     0.008747    99.747     0.012046    99.640    99.690
  48     0.010119    99.698     0.015876    99.580    99.690
  49     0.007682    99.788     0.013830    99.620    99.690
  50     0.007632    99.785     0.027870    99.280    99.690
  51     0.008062    99.768     0.032541    99.280    99.690
  52     0.007573    99.780     0.014651    99.550    99.690
  53     0.007367    99.787     0.013613    99.620    99.690
  54     0.007415    99.805     0.019566    99.570    99.690
  55     0.006637    99.843     0.016718    99.520    99.690
  56     0.006626    99.822     0.016610    99.490    99.690
  57     0.007277    99.798     0.016446    99.550    99.690
  58     0.006597    99.817     0.013589    99.630    99.690
  59     0.006662    99.800     0.023335    99.410    99.690
  60     0.005709    99.855     0.013673    99.570    99.690
  61     0.006232    99.837     0.011430    99.700    99.700
  62     0.005905    99.833     0.010739    99.670    99.700
  63     0.005597    99.822     0.015010    99.590    99.700
  64     0.006383    99.820     0.016773    99.600    99.700
  65     0.005311    99.865     0.014371    99.620    99.700
  66     0.005793    99.840     0.014592    99.620    99.700
  67     0.004870    99.867     0.010895    99.700    99.700
  68     0.005273    99.857     0.016070    99.540    99.700
  69     0.005727    99.843     0.026578    99.270    99.700
  70     0.005851    99.830     0.010328    99.690    99.700
  71     0.005085    99.865     0.012243    99.690    99.700
  72     0.004803    99.853     0.015170    99.580    99.700
  73     0.004262    99.877     0.015674    99.560    99.700
  74     0.004344    99.885     0.012293    99.610    99.700
  75     0.004144    99.898     0.010465    99.710    99.710
  76     0.004117    99.898     0.013937    99.630    99.710
  77     0.004693    99.877     0.017092    99.530    99.710
  78     0.003847    99.912     0.030067    99.340    99.710
  79     0.003782    99.908     0.015842    99.590    99.710
  80     0.004073    99.880     0.016090    99.570    99.710
  81     0.003833    99.878     0.013544    99.690    99.710
  82     0.004014    99.880     0.012280    99.650    99.710
  83     0.004038    99.898     0.013958    99.660    99.710
  84     0.004738    99.887     0.010133    99.710    99.710
  85     0.004161    99.880     0.014052    99.580    99.710
  86     0.003456    99.895     0.011772    99.610    99.710
  87     0.003959    99.893     0.014354    99.590    99.710
  88     0.003764    99.890     0.011973    99.660    99.710
  89     0.003559    99.903     0.020704    99.410    99.710
  90     0.003386    99.912     0.011503    99.670    99.710
  91     0.003061    99.917     0.009637    99.720    99.720
  92     0.003021    99.928     0.010711    99.700    99.720
  93     0.003014    99.937     0.013695    99.630    99.720
  94     0.003059    99.912     0.010995    99.680    99.720
  95     0.003204    99.915     0.011465    99.710    99.720
  96     0.002978    99.930     0.010334    99.680    99.720
  97     0.003059    99.925     0.011924    99.670    99.720
  98     0.003204    99.923     0.011049    99.670    99.720
  99     0.002597    99.933     0.013588    99.620    99.720
 100     0.003262    99.915     0.014157    99.610    99.720
 101     0.003175    99.925     0.013453    99.640    99.720
 102     0.002932    99.917     0.012110    99.590    99.720
 103     0.002706    99.937     0.012110    99.620    99.720
 104     0.002636    99.935     0.011737    99.680    99.720
 105     0.003125    99.918     0.010525    99.700    99.720
 106     0.002565    99.937     0.013549    99.640    99.720
 107     0.002951    99.925     0.012819    99.670    99.720
 108     0.002583    99.942     0.010744    99.710    99.720
 109     0.002725    99.918     0.012942    99.700    99.720
 110     0.002831    99.930     0.011948    99.650    99.720
 111     0.002628    99.932     0.011559    99.680    99.720
 112     0.002204    99.953     0.010808    99.660    99.720
 113     0.002429    99.947     0.011173    99.670    99.720
 114     0.002803    99.915     0.010986    99.660    99.720
 115     0.002504    99.943     0.010608    99.700    99.720
 116     0.002281    99.942     0.010856    99.690    99.720
 117     0.001616    99.962     0.010338    99.700    99.720
 118     0.002420    99.942     0.010978    99.710    99.720
 119     0.002229    99.940     0.010601    99.690    99.720
 120     0.001802    99.947     0.010573    99.750    99.750
 121     0.002156    99.950     0.012993    99.650    99.750
 122     0.001942    99.955     0.012690    99.610    99.750
 123     0.002000    99.950     0.012325    99.660    99.750
 124     0.001884    99.955     0.010816    99.670    99.750
 125     0.001950    99.952     0.010562    99.690    99.750
 126     0.002022    99.953     0.012351    99.660    99.750
 127     0.002181    99.948     0.011978    99.700    99.750
 128     0.001712    99.947     0.014108    99.630    99.750
 129     0.002056    99.955     0.012102    99.700    99.750
 130     0.001580    99.955     0.011116    99.690    99.750
 131     0.001967    99.953     0.013370    99.630    99.750
 132     0.001823    99.958     0.011576    99.700    99.750
 133     0.002011    99.950     0.011236    99.710    99.750
 134     0.002107    99.955     0.010759    99.680    99.750
 135     0.001862    99.963     0.010796    99.680    99.750
 136     0.002018    99.945     0.011488    99.640    99.750
 137     0.001478    99.975     0.011546    99.680    99.750
 138     0.001527    99.962     0.011134    99.720    99.750
 139     0.001510    99.967     0.011208    99.700    99.750
 140     0.001475    99.963     0.011692    99.680    99.750
 141     0.001911    99.947     0.012065    99.650    99.750
 142     0.001523    99.965     0.011407    99.710    99.750
 143     0.001874    99.958     0.011609    99.710    99.750
 144     0.001635    99.972     0.011340    99.700    99.750
 145     0.001956    99.960     0.011264    99.680    99.750
 146     0.001364    99.978     0.011308    99.700    99.750
 147     0.001796    99.967     0.010887    99.700    99.750
 148     0.001361    99.970     0.010774    99.700    99.750
 149     0.001314    99.970     0.010969    99.680    99.750
