   0     0.463668    93.738     0.166619    98.870    98.870
   1     0.179304    98.148     0.115472    99.280    99.280
   2     0.114465    98.577     0.087355    99.260    99.280
   3     0.085684    98.698     0.063411    99.440    99.440
   4     0.068310    98.840     0.042059    99.510    99.510
   5     0.058707    98.888     0.035662    99.390    99.510
   6     0.051484    98.968     0.046691    99.280    99.510
   7     0.045156    99.030     0.077470    98.760    99.510
   8     0.041583    99.072     0.027563    99.470    99.510
   9     0.038679    99.077     0.087731    98.270    99.510
  10     0.034640    99.137     0.017806    99.620    99.620
  11     0.032136    99.240     0.024670    99.390    99.620
  12     0.030401    99.252     0.045810    99.120    99.620
  13     0.027685    99.300     0.031043    99.500    99.620
  14     0.028474    99.270     0.033583    99.290    99.620
  15     0.026226    99.298     0.017703    99.640    99.640
  16     0.025984    99.342     0.107171    96.630    99.640
  17     0.024769    99.300     0.033356    99.100    99.640
  18     0.022802    99.382     0.022169    99.420    99.640
  19     0.021015    99.448     0.018719    99.590    99.640
  20     0.022081    99.383     0.032967    99.170    99.640
  21     0.020048    99.455     0.013173    99.600    99.640
  22     0.019764    99.422     0.016235    99.600    99.640
  23     0.019524    99.450     0.022395    99.480    99.640
  24     0.017326    99.563     0.023232    99.420    99.640
  25     0.017168    99.523     0.012862    99.650    99.650
  26     0.016230    99.557     0.012987    99.590    99.650
  27     0.016810    99.523     0.014904    99.590    99.650
  28     0.015654    99.562     0.021341    99.530    99.650
  29     0.016114    99.548     0.117362    96.590    99.650
  30     0.015149    99.580     0.038646    99.140    99.650
  31     0.012987    99.642     0.014709    99.540    99.650
  32     0.014391    99.610     0.013106    99.580    99.650
  33     0.013258    99.637     0.018394    99.450    99.650
  34     0.013025    99.640     0.017046    99.560    99.650
  35     0.012594    99.655     0.010929    99.670    99.670
  36     0.011366    99.662     0.012806    99.590    99.670
  37     0.011750    99.663     0.019553    99.470    99.670
  38     0.011404    99.640     0.013385    99.610    99.670
  39     0.009495    99.762     0.014290    99.540    99.670
  40     0.010593    99.747     0.015623    99.560    99.670
  41     0.009260    99.758     0.013708    99.610    99.670
  42     0.010777    99.682     0.014349    99.590    99.670
  43     0.010398    99.690     0.015202    99.530    99.670
  44     0.009730    99.725     0.011654    99.610    99.670
  45     0.009278    99.742     0.012042    99.620    99.670
  46     0.008110    99.783     0.012423    99.610    99.670
  47     0.008696    99.767     0.013177    99.590    99.670
  48     0.009268    99.733     0.013360    99.520    99.670
  49     0.009316    99.727     0.013152    99.580    99.670
  50     0.008188    99.763     0.018463    99.420    99.670
  51     0.008798    99.753     0.013329    99.600    99.670
  52     0.008307    99.758     0.011477    99.660    99.670
  53     0.008006    99.775     0.010604    99.700    99.700
  54     0.007036    99.810     0.010868    99.650    99.700
  55     0.006901    99.800     0.019499    99.450    99.700
  56     0.006129    99.845     0.010822    99.640    99.700
  57     0.006313    99.828     0.013183    99.560    99.700
  58     0.006593    99.832     0.011132    99.660    99.700
  59     0.006337    99.827     0.011133    99.660    99.700
  60     0.006206    99.823     0.012585    99.610    99.700
  61     0.006114    99.835     0.012506    99.640    99.700
  62     0.005848    99.850     0.009544    99.720    99.720
  63     0.005916    99.850     0.013183    99.600    99.720
  64     0.005202    99.877     0.016657    99.560    99.720
  65     0.006221    99.832     0.010910    99.640    99.720
  66     0.005772    99.837     0.014070    99.490    99.720
  67     0.005702    99.848     0.014314    99.520    99.720
  68     0.005508    99.865     0.014413    99.580    99.720
  69     0.005257    99.835     0.015434    99.460    99.720
  70     0.004500    99.873     0.017538    99.500    99.720
  71     0.003987    99.907     0.016236    99.590    99.720
  72     0.005081    99.855     0.013502    99.560    99.720
  73     0.005189    99.847     0.012981    99.570    99.720
  74     0.004651    99.885     0.013753    99.570    99.720
  75     0.004271    99.888     0.011471    99.630    99.720
  76     0.004937    99.853     0.011792    99.590    99.720
  77     0.004449    99.885     0.016576    99.550    99.720
  78     0.003688    99.910     0.011561    99.620    99.720
  79     0.003826    99.892     0.012191    99.590    99.720
  80     0.003879    99.895     0.011841    99.610    99.720
  81     0.003526    99.903     0.011634    99.640    99.720
  82     0.003535    99.912     0.011092    99.630    99.720
  83     0.003645    99.910     0.012404    99.700    99.720
  84     0.003743    99.902     0.012453    99.600    99.720
  85     0.003896    99.887     0.011449    99.640    99.720
  86     0.003739    99.892     0.011374    99.680    99.720
  87     0.003280    99.908     0.012142    99.630    99.720
  88     0.003772    99.898     0.012025    99.570    99.720
  89     0.003028    99.908     0.010750    99.700    99.720
  90     0.003463    99.900     0.010748    99.670    99.720
  91     0.003149    99.918     0.012511    99.620    99.720
  92     0.003480    99.903     0.009146    99.710    99.720
  93     0.003096    99.927     0.012917    99.590    99.720
  94     0.003061    99.915     0.012701    99.620    99.720
  95     0.003077    99.925     0.011787    99.670    99.720
  96     0.002690    99.927     0.012416    99.600    99.720
  97     0.002543    99.935     0.010698    99.630    99.720
  98     0.002515    99.943     0.009600    99.690    99.720
  99     0.002698    99.927     0.011174    99.660    99.720
 100     0.002977    99.927     0.010758    99.660    99.720
 101     0.002507    99.933     0.012147    99.600    99.720
 102     0.002432    99.938     0.010438    99.640    99.720
 103     0.002404    99.938     0.009984    99.710    99.720
 104     0.002626    99.932     0.011926    99.600    99.720
 105     0.002960    99.925     0.010589    99.680    99.720
 106     0.002446    99.938     0.010314    99.650    99.720
 107     0.002405    99.942     0.011184    99.580    99.720
 108     0.002261    99.952     0.010670    99.650    99.720
 109     0.001810    99.958     0.010696    99.650    99.720
 110     0.002457    99.938     0.011254    99.620    99.720
 111     0.002236    99.948     0.011285    99.640    99.720
 112     0.002691    99.933     0.012195    99.660    99.720
 113     0.002517    99.927     0.013246    99.610    99.720
 114     0.002068    99.953     0.013044    99.560    99.720
 115     0.002674    99.937     0.012768    99.570    99.720
 116     0.002750    99.925     0.012640    99.600    99.720
 117     0.002173    99.948     0.011354    99.650    99.720
 118     0.001809    99.957     0.011432    99.650    99.720
 119     0.002106    99.943     0.010500    99.710    99.720
 120     0.002048    99.952     0.010440    99.710    99.720
 121     0.001682    99.968     0.010045    99.700    99.720
 122     0.002266    99.943     0.011311    99.680    99.720
 123     0.001848    99.960     0.011957    99.620    99.720
 124     0.001679    99.965     0.011061    99.660    99.720
 125     0.002064    99.935     0.012314    99.660    99.720
 126     0.002009    99.953     0.011824    99.660    99.720
 127     0.001753    99.952     0.011769    99.660    99.720
 128     0.001948    99.957     0.012257    99.620    99.720
 129     0.001964    99.958     0.011634    99.650    99.720
 130     0.002101    99.950     0.011056    99.650    99.720
 131     0.002022    99.952     0.010703    99.660    99.720
 132     0.001597    99.963     0.010126    99.670    99.720
 133     0.001509    99.967     0.010677    99.680    99.720
 134     0.001577    99.962     0.010263    99.670    99.720
 135     0.002008    99.955     0.010544    99.670    99.720
 136     0.001757    99.958     0.011076    99.690    99.720
 137     0.001438    99.963     0.011444    99.640    99.720
 138     0.001835    99.953     0.010748    99.670    99.720
 139     0.001667    99.975     0.011048    99.680    99.720
 140     0.001645    99.960     0.010913    99.680    99.720
 141     0.001383    99.973     0.010828    99.680    99.720
 142     0.002101    99.950     0.010738    99.660    99.720
 143     0.001397    99.962     0.011660    99.640    99.720
 144     0.001373    99.965     0.010661    99.720    99.720
 145     0.001603    99.953     0.010384    99.720    99.720
 146     0.001527    99.963     0.010854    99.690    99.720
 147     0.001015    99.982     0.011638    99.650    99.720
 148     0.001466    99.968     0.012922    99.610    99.720
 149     0.001548    99.968     0.012149    99.620    99.720
