   0     0.458023    93.793     0.155247    99.180    99.180
   1     0.176129    98.192     0.108088    99.310    99.310
   2     0.113911    98.545     0.110453    99.130    99.310
   3     0.083356    98.795     0.265251    93.710    99.310
   4     0.070024    98.772     0.056767    99.380    99.380
   5     0.059020    98.893     0.052532    99.180    99.380
   6     0.049198    99.065     0.058570    99.060    99.380
   7     0.046185    98.982     0.025999    99.570    99.570
   8     0.041036    99.067     0.018957    99.680    99.680
   9     0.037443    99.132     0.017772    99.660    99.680
  10     0.035662    99.105     0.053300    99.330    99.680
  11     0.033845    99.197     0.043277    99.030    99.680
  12     0.030717    99.228     0.025675    99.410    99.680
  13     0.029804    99.242     0.029641    99.320    99.680
  14     0.029150    99.247     0.061269    99.270    99.680
  15     0.027753    99.238     0.031684    99.380    99.680
  16     0.024571    99.373     0.021758    99.440    99.680
  17     0.023872    99.372     0.056754    98.740    99.680
  18     0.021769    99.430     0.020434    99.540    99.680
  19     0.021995    99.403     0.016512    99.630    99.680
  20     0.020771    99.435     0.042518    98.710    99.680
  21     0.021127    99.428     0.033651    99.120    99.680
  22     0.020232    99.433     0.115728    97.450    99.680
  23     0.018415    99.478     0.021120    99.550    99.680
  24     0.019014    99.448     0.013696    99.630    99.680
  25     0.017711    99.460     0.017081    99.510    99.680
  26     0.017795    99.530     0.055753    98.470    99.680
  27     0.015761    99.568     0.018826    99.540    99.680
  28     0.015635    99.553     0.016689    99.600    99.680
  29     0.014978    99.572     0.015368    99.690    99.690
  30     0.015037    99.573     0.010871    99.680    99.690
  31     0.014101    99.622     0.013496    99.560    99.690
  32     0.014474    99.585     0.019259    99.440    99.690
  33     0.012929    99.600     0.016458    99.450    99.690
  34     0.012363    99.688     0.012230    99.700    99.700
  35     0.012572    99.660     0.012921    99.610    99.700
  36     0.010925    99.697     0.010959    99.610    99.700
  37     0.011998    99.668     0.018939    99.460    99.700
  38     0.011520    99.642     0.016573    99.570    99.700
  39     0.011057    99.682     0.011049    99.670    99.700
  40     0.010894    99.685     0.011971    99.640    99.700
  41     0.010193    99.742     0.010755    99.690    99.700
  42     0.009660    99.740     0.015830    99.490    99.700
  43     0.009279    99.745     0.035263    99.390    99.700
  44     0.009385    99.762     0.015346    99.630    99.700
  45     0.008267    99.763     0.020449    99.380    99.700
  46     0.009141    99.758     0.014675    99.610    99.700
  47     0.009449    99.740     0.014487    99.630    99.700
  48     0.008571    99.757     0.012261    99.610    99.700
  49     0.008232    99.765     0.011122    99.660    99.700
  50     0.007878    99.770     0.016480    99.520    99.700
  51     0.008187    99.773     0.011406    99.660    99.700
  52     0.008199    99.765     0.042426    98.870    99.700
  53     0.008011    99.783     0.032576    99.130    99.700
  54     0.007488    99.807     0.010836    99.710    99.710
  55     0.007038    99.818     0.009213    99.720    99.720
  56     0.007305    99.812     0.015356    99.610    99.720
  57     0.007165    99.807     0.011899    99.700    99.720
  58     0.006943    99.803     0.009226    99.720    99.720
  59     0.006575    99.810     0.010852    99.690    99.720
  60     0.006806    99.815     0.010046    99.710    99.720
  61     0.006216    99.828     0.009083    99.720    99.720
  62     0.006830    99.798     0.016162    99.560    99.720
  63     0.005488    99.855     0.012741    99.630    99.720
  64     0.005501    99.843     0.010061    99.700    99.720
  65     0.005302    99.845     0.010678    99.720    99.720
  66     0.004959    99.855     0.013240    99.650    99.720
  67     0.006299    99.812     0.012774    99.620    99.720
  68     0.005405    99.847     0.013731    99.640    99.720
  69     0.005489    99.862     0.011869    99.570    99.720
  70     0.005990    99.832     0.011565    99.630    99.720
  71     0.004811    99.863     0.011692    99.650    99.720
  72     0.004403    99.887     0.011227    99.660    99.720
  73     0.004485    99.900     0.011916    99.640    99.720
  74     0.005075    99.853     0.014252    99.570    99.720
  75     0.004022    99.897     0.012201    99.600    99.720
  76     0.004505    99.867     0.013079    99.600    99.720
  77     0.003867    99.897     0.011419    99.690    99.720
  78     0.003770    99.913     0.010795    99.690    99.720
  79     0.004806    99.872     0.010424    99.640    99.720
  80     0.003423    99.905     0.010517    99.710    99.720
  81     0.004168    99.887     0.012997    99.670    99.720
  82     0.003812    99.882     0.012922    99.650    99.720
  83     0.003647    99.900     0.011134    99.690    99.720
  84     0.003688    99.897     0.012605    99.650    99.720
  85     0.003684    99.898     0.012039    99.660    99.720
  86     0.003601    99.905     0.010180    99.690    99.720
  87     0.002926    99.933     0.012932    99.630    99.720
  88     0.003716    99.905     0.010713    99.660    99.720
  89     0.003819    99.905     0.012110    99.700    99.720
  90     0.003668    99.893     0.014338    99.600    99.720
  91     0.003395    99.910     0.013491    99.640    99.720
  92     0.002807    99.932     0.011643    99.670    99.720
  93     0.003623    99.903     0.011062    99.690    99.720
  94     0.003601    99.895     0.010938    99.630    99.720
  95     0.003060    99.907     0.010716    99.630    99.720
  96     0.002959    99.925     0.011388    99.690    99.720
  97     0.002759    99.938     0.011320    99.670    99.720
  98     0.002629    99.930     0.011819    99.640    99.720
  99     0.002733    99.923     0.012589    99.630    99.720
 100     0.002343    99.940     0.012103    99.650    99.720
 101     0.002924    99.920     0.011565    99.690    99.720
 102     0.002482    99.938     0.011935    99.680    99.720
 103     0.002318    99.937     0.012635    99.660    99.720
 104     0.002896    99.933     0.011936    99.650    99.720
 105     0.002872    99.933     0.011357    99.660    99.720
 106     0.002483    99.950     0.011742    99.660    99.720
 107     0.002446    99.945     0.012087    99.630    99.720
 108     0.002803    99.923     0.012072    99.640    99.720
 109     0.002668    99.932     0.012004    99.620    99.720
 110     0.002455    99.938     0.012810    99.670    99.720
 111     0.002304    99.945     0.012673    99.680    99.720
 112     0.002527    99.935     0.012613    99.610    99.720
 113     0.002760    99.920     0.012017    99.630    99.720
 114     0.002210    99.937     0.011978    99.640    99.720
 115     0.002056    99.942     0.011609    99.680    99.720
 116     0.002520    99.947     0.011601    99.620    99.720
 117     0.002350    99.942     0.012590    99.630    99.720
 118     0.001913    99.955     0.012241    99.670    99.720
 119     0.002294    99.947     0.011418    99.670    99.720
 120     0.002276    99.947     0.011946    99.630    99.720
 121     0.002046    99.942     0.012325    99.630    99.720
 122     0.002123    99.957     0.012155    99.650    99.720
 123     0.002119    99.948     0.011979    99.660    99.720
 124     0.002191    99.953     0.012175    99.690    99.720
 125     0.002059    99.952     0.012193    99.690    99.720
 126     0.001913    99.962     0.011575    99.680    99.720
 127     0.002069    99.947     0.011320    99.670    99.720
 128     0.002052    99.960     0.011587    99.650    99.720
 129     0.001868    99.957     0.012471    99.620    99.720
 130     0.001637    99.960     0.012173    99.660    99.720
 131     0.001765    99.955     0.012856    99.620    99.720
 132     0.001564    99.962     0.011836    99.640    99.720
 133     0.001559    99.963     0.011776    99.650    99.720
 134     0.001846    99.950     0.011849    99.650    99.720
 135     0.001968    99.948     0.012045    99.630    99.720
 136     0.001917    99.950     0.012259    99.650    99.720
 137     0.001491    99.965     0.012103    99.690    99.720
 138     0.001497    99.967     0.011605    99.680    99.720
 139     0.001591    99.970     0.011245    99.660    99.720
 140     0.001539    99.962     0.011341    99.690    99.720
 141     0.001879    99.952     0.011484    99.690    99.720
 142     0.001557    99.965     0.011201    99.660    99.720
 143     0.001951    99.952     0.011415    99.660    99.720
 144     0.001555    99.968     0.012024    99.650    99.720
 145     0.001491    99.963     0.012186    99.650    99.720
 146     0.001418    99.965     0.013000    99.650    99.720
 147     0.001804    99.955     0.012127    99.660    99.720
 148     0.001450    99.967     0.011492    99.670    99.720
 149     0.001747    99.957     0.011206    99.620    99.720
