   0     0.456069    93.897     0.147499    99.090    99.090
   1     0.175684    98.213     0.099079    99.290    99.290
   2     0.115783    98.502     0.110551    99.300    99.300
   3     0.084710    98.755     0.054754    99.540    99.540
   4     0.069386    98.857     0.076184    99.220    99.540
   5     0.057598    98.912     0.045474    99.320    99.540
   6     0.050433    98.968     0.037705    99.480    99.540
   7     0.044965    99.068     0.031701    99.520    99.540
   8     0.040954    99.103     0.028628    99.530    99.540
   9     0.038613    99.095     0.031464    99.370    99.540
  10     0.036534    99.095     0.060225    98.750    99.540
  11     0.032353    99.243     0.071741    98.700    99.540
  12     0.030637    99.278     0.019804    99.550    99.550
  13     0.027640    99.293     0.016337    99.670    99.670
  14     0.028504    99.243     0.081676    98.090    99.670
  15     0.026167    99.313     0.018528    99.570    99.670
  16     0.024657    99.312     0.085624    97.990    99.670
  17     0.024878    99.332     0.039161    99.140    99.670
  18     0.021966    99.422     0.180442    95.270    99.670
  19     0.020843    99.437     0.022392    99.500    99.670
  20     0.022480    99.382     0.036552    99.300    99.670
  21     0.019986    99.433     0.043096    99.030    99.670
  22     0.020103    99.430     0.029016    99.190    99.670
  23     0.018479    99.468     0.016834    99.560    99.670
  24     0.017650    99.530     0.013709    99.670    99.670
  25     0.016363    99.545     0.010412    99.770    99.770
  26     0.017876    99.507     0.018855    99.560    99.770
  27     0.015757    99.557     0.011532    99.680    99.770
  28     0.015771    99.563     0.015991    99.660    99.770
  29     0.014271    99.588     0.012283    99.700    99.770
  30     0.014690    99.577     0.014782    99.590    99.770
  31     0.014133    99.603     0.017842    99.510    99.770
  32     0.013555    99.603     0.013958    99.560    99.770
  33     0.012341    99.645     0.051944    98.930    99.770
  34     0.011754    99.685     0.016610    99.560    99.770
  35     0.011612    99.667     0.011123    99.670    99.770
  36     0.010890    99.727     0.022476    99.420    99.770
  37     0.012060    99.652     0.023446    99.340    99.770
  38     0.011070    99.682     0.020848    99.470    99.770
  39     0.010595    99.705     0.014076    99.610    99.770
  40     0.009969    99.727     0.020706    99.420    99.770
  41     0.010323    99.693     0.012815    99.660    99.770
  42     0.010921    99.705     0.011377    99.640    99.770
  43     0.009792    99.738     0.017045    99.510    99.770
  44     0.009238    99.757     0.015658    99.540    99.770
  45     0.008759    99.763     0.014555    99.580    99.770
  46     0.009059    99.725     0.015059    99.560    99.770
  47     0.008787    99.767     0.013973    99.590    99.770
  48     0.008169    99.768     0.011980    99.700    99.770
  49     0.008846    99.747     0.015702    99.490    99.770
  50     0.007850    99.782     0.013005    99.640    99.770
  51     0.007507    99.788     0.014771    99.640    99.770
  52     0.008749    99.757     0.015902    99.570    99.770
  53     0.007385    99.782     0.017527    99.540    99.770
  54     0.006890    99.798     0.015829    99.570    99.770
  55     0.007223    99.808     0.015785    99.580    99.770
  56     0.006580    99.825     0.013622    99.610    99.770
  57     0.006289    99.823     0.012356    99.660    99.770
  58     0.006454    99.832     0.020145    99.510    99.770
  59     0.006110    99.828     0.012751    99.660    99.770
  60     0.006673    99.825     0.012456    99.640    99.770
  61     0.006269    99.837     0.012169    99.600    99.770
  62     0.006028    99.822     0.010269    99.730    99.770
  63     0.005359    99.853     0.010385    99.710    99.770
  64     0.006332    99.813     0.016039    99.460    99.770
  65     0.005743    99.822     0.011626    99.620    99.770
  66     0.004956    99.855     0.012542    99.640    99.770
  67     0.005140    99.845     0.009724    99.690    99.770
  68     0.005924    99.845     0.010987    99.690    99.770
  69     0.005117    99.865     0.012017    99.660    99.770
  70     0.004503    99.883     0.031755    99.270    99.770
  71     0.005069    99.865     0.014401    99.610    99.770
  72     0.004286    99.895     0.015792    99.610    99.770
  73     0.004368    99.890     0.011972    99.660    99.770
  74     0.004417    99.890     0.011672    99.680    99.770
  75     0.004640    99.873     0.015334    99.570    99.770
  76     0.004296    99.890     0.013395    99.670    99.770
  77     0.004961    99.865     0.015451    99.560    99.770
  78     0.004597    99.890     0.014476    99.600    99.770
  79     0.004469    99.872     0.013697    99.600    99.770
  80     0.004246    99.892     0.015231    99.540    99.770
  81     0.003732    99.905     0.014121    99.590    99.770
  82     0.004003    99.892     0.011684    99.640    99.770
  83     0.003367    99.920     0.013831    99.640    99.770
  84     0.003765    99.893     0.013516    99.630    99.770
  85     0.004210    99.878     0.012357    99.680    99.770
  86     0.003914    99.888     0.012786    99.700    99.770
  87     0.003444    99.918     0.011690    99.670    99.770
  88     0.003372    99.913     0.011918    99.660    99.770
  89     0.003883    99.888     0.013164    99.580    99.770
  90     0.003868    99.900     0.012899    99.710    99.770
  91     0.002892    99.928     0.012371    99.700    99.770
  92     0.003486    99.905     0.015617    99.570    99.770
  93     0.002789    99.927     0.013694    99.660    99.770
  94     0.003914    99.897     0.017132    99.600    99.770
  95     0.002755    99.947     0.014375    99.720    99.770
  96     0.003433    99.910     0.012971    99.670    99.770
  97     0.003080    99.918     0.012025    99.710    99.770
  98     0.002199    99.952     0.012264    99.740    99.770
  99     0.002966    99.937     0.015690    99.620    99.770
 100     0.002901    99.915     0.012569    99.690    99.770
 101     0.002787    99.918     0.013394    99.710    99.770
 102     0.003215    99.922     0.013608    99.710    99.770
 103     0.002511    99.943     0.014187    99.670    99.770
 104     0.002505    99.940     0.012807    99.680    99.770
 105     0.002170    99.948     0.012982    99.710    99.770
 106     0.002413    99.945     0.012941    99.710    99.770
 107     0.002106    99.947     0.011817    99.710    99.770
 108     0.002614    99.935     0.012618    99.740    99.770
 109     0.002485    99.928     0.012857    99.700    99.770
 110     0.001922    99.957     0.012586    99.730    99.770
 111     0.002032    99.953     0.012327    99.690    99.770
 112     0.002590    99.938     0.012550    99.730    99.770
 113     0.002209    99.938     0.013038    99.680    99.770
 114     0.002269    99.948     0.013675    99.660    99.770
 115     0.002295    99.940     0.013544    99.700    99.770
 116     0.002216    99.945     0.013475    99.670    99.770
 117     0.002031    99.943     0.013985    99.690    99.770
 118     0.001913    99.962     0.013364    99.710    99.770
 119     0.001732    99.965     0.013233    99.700    99.770
 120     0.002162    99.930     0.012637    99.690    99.770
 121     0.002046    99.948     0.013464    99.690    99.770
 122     0.002258    99.940     0.013428    99.690    99.770
 123     0.002243    99.942     0.012796    99.650    99.770
 124     0.002335    99.948     0.013139    99.660    99.770
 125     0.001830    99.960     0.012652    99.710    99.770
 126     0.001591    99.972     0.012299    99.710    99.770
 127     0.001622    99.965     0.012343    99.710    99.770
 128     0.002068    99.952     0.013240    99.700    99.770
 129     0.001896    99.955     0.012170    99.730    99.770
 130     0.001650    99.962     0.012729    99.710    99.770
 131     0.001737    99.958     0.012437    99.710    99.770
 132     0.002258    99.938     0.012668    99.720    99.770
 133     0.001839    99.947     0.012258    99.740    99.770
 134     0.001728    99.953     0.012790    99.710    99.770
 135     0.001491    99.970     0.012791    99.700    99.770
 136     0.001967    99.948     0.011902    99.720    99.770
 137     0.001620    99.973     0.012469    99.670    99.770
 138     0.001314    99.970     0.012760    99.730    99.770
 139     0.001669    99.960     0.012798    99.720    99.770
 140     0.001668    99.957     0.013251    99.710    99.770
 141     0.001924    99.950     0.013677    99.700    99.770
 142     0.001667    99.963     0.013771    99.680    99.770
 143     0.001571    99.963     0.014065    99.700    99.770
 144     0.001841    99.953     0.013340    99.670    99.770
 145     0.001595    99.970     0.013057    99.720    99.770
 146     0.001225    99.970     0.013029    99.710    99.770
 147     0.001776    99.955     0.012949    99.710    99.770
 148     0.001362    99.962     0.013480    99.720    99.770
 149     0.001382    99.977     0.012896    99.730    99.770
