   0     0.463389    93.528     0.162376    99.020    99.020
   1     0.177328    98.153     0.109333    99.320    99.320
   2     0.112875    98.615     0.077242    99.360    99.360
   3     0.084980    98.732     0.064694    99.470    99.470
   4     0.068405    98.855     0.075540    99.080    99.470
   5     0.060446    98.883     0.027175    99.540    99.540
   6     0.051701    98.973     0.034885    99.390    99.540
   7     0.045559    99.013     0.035497    99.380    99.540
   8     0.040767    99.112     0.050925    99.010    99.540
   9     0.036733    99.090     0.042397    99.380    99.540
  10     0.035568    99.152     0.030524    99.480    99.540
  11     0.033025    99.185     0.049335    99.280    99.540
  12     0.030819    99.207     0.023065    99.560    99.560
  13     0.030428    99.170     0.430069    85.830    99.560
  14     0.028028    99.293     0.019175    99.630    99.630
  15     0.025105    99.307     0.015554    99.620    99.630
  16     0.025424    99.315     0.039655    99.370    99.630
  17     0.024345    99.360     0.017067    99.520    99.630
  18     0.022937    99.383     0.045345    98.810    99.630
  19     0.022344    99.382     0.029285    99.150    99.630
  20     0.020738    99.435     0.012670    99.630    99.630
  21     0.019640    99.475     0.019977    99.460    99.630
  22     0.019029    99.480     0.014127    99.600    99.630
  23     0.018463    99.488     0.017201    99.490    99.630
  24     0.019039    99.467     0.031779    99.130    99.630
  25     0.017170    99.543     0.041228    98.860    99.630
  26     0.016164    99.547     0.015263    99.630    99.630
  27     0.016413    99.543     0.012492    99.660    99.660
  28     0.014770    99.597     0.029772    99.140    99.660
  29     0.015150    99.575     0.023143    99.390    99.660
  30     0.014775    99.568     0.030164    99.300    99.660
  31     0.014528    99.583     0.011057    99.680    99.680
  32     0.013940    99.620     0.019426    99.460    99.680
  33     0.014589    99.598     0.015310    99.550    99.680
  34     0.012607    99.647     0.030416    99.090    99.680
  35     0.011756    99.673     0.015589    99.620    99.680
  36     0.011341    99.693     0.020700    99.450    99.680
  37     0.012278    99.660     0.020348    99.500    99.680
  38     0.011676    99.677     0.014167    99.620    99.680
  39     0.010523    99.682     0.012790    99.620    99.680
  40     0.010610    99.688     0.020023    99.570    99.680
  41     0.011040    99.675     0.018508    99.530    99.680
  42     0.009434    99.747     0.015695    99.580    99.680
  43     0.009466    99.732     0.016676    99.630    99.680
  44     0.009186    99.735     0.012719    99.650    99.680
  45     0.008961    99.745     0.014177    99.600    99.680
  46     0.009577    99.735     0.012518    99.630    99.680
  47     0.008850    99.738     0.010527    99.690    99.690
  48     0.009352    99.740     0.014878    99.650    99.690
  49     0.007619    99.800     0.011829    99.650    99.690
  50     0.007469    99.790     0.011662    99.660    99.690
  51     0.007886    99.807     0.012365    99.650    99.690
  52     0.007983    99.793     0.010838    99.660    99.690
  53     0.007092    99.803     0.015134    99.650    99.690
  54     0.007423    99.782     0.016735    99.490    99.690
  55     0.006888    99.808     0.025280    99.360    99.690
  56     0.006471    99.813     0.011865    99.700    99.700
  57     0.006809    99.812     0.017999    99.550    99.700
  58     0.006674    99.818     0.012967    99.650    99.700
  59     0.006197    99.835     0.009875    99.700    99.700
  60     0.006619    99.817     0.011245    99.670    99.700
  61     0.005943    99.832     0.012629    99.680    99.700
  62     0.006272    99.847     0.009850    99.710    99.710
  63     0.005539    99.847     0.010512    99.710    99.710
  64     0.006165    99.823     0.011127    99.710    99.710
  65     0.006095    99.838     0.015141    99.680    99.710
  66     0.005583    99.850     0.013445    99.610    99.710
  67     0.005551    99.850     0.010803    99.660    99.710
  68     0.005481    99.847     0.024049    99.360    99.710
  69     0.004670    99.887     0.011397    99.630    99.710
  70     0.005497    99.850     0.012026    99.610    99.710
  71     0.005167    99.860     0.011277    99.670    99.710
  72     0.004756    99.873     0.011775    99.660    99.710
  73     0.004419    99.867     0.010875    99.740    99.740
  74     0.004534    99.883     0.011971    99.690    99.740
  75     0.004393    99.880     0.010297    99.690    99.740
  76     0.003614    99.912     0.010912    99.720    99.740
  77     0.004227    99.885     0.010728    99.680    99.740
  78     0.004058    99.887     0.009763    99.740    99.740
  79     0.003813    99.888     0.010566    99.730    99.740
  80     0.003504    99.900     0.010149    99.710    99.740
  81     0.004448    99.878     0.011854    99.690    99.740
  82     0.004203    99.875     0.013725    99.660    99.740
  83     0.003667    99.895     0.012986    99.630    99.740
  84     0.004163    99.877     0.011722    99.710    99.740
  85     0.003449    99.922     0.012407    99.680    99.740
  86     0.003674    99.895     0.011717    99.670    99.740
  87     0.003581    99.893     0.010968    99.700    99.740
  88     0.004034    99.897     0.009841    99.730    99.740
  89     0.002978    99.925     0.010106    99.700    99.740
  90     0.003343    99.908     0.010561    99.710    99.740
  91     0.003287    99.910     0.010525    99.690    99.740
  92     0.003188    99.928     0.009983    99.710    99.740
  93     0.002932    99.918     0.010647    99.720    99.740
  94     0.003209    99.922     0.010264    99.700    99.740
  95     0.003058    99.923     0.011771    99.690    99.740
  96     0.002941    99.923     0.010102    99.710    99.740
  97     0.002802    99.923     0.011041    99.690    99.740
  98     0.003068    99.915     0.010426    99.700    99.740
  99     0.002809    99.923     0.011576    99.730    99.740
 100     0.002698    99.930     0.010224    99.710    99.740
 101     0.002706    99.930     0.010855    99.670    99.740
 102     0.002800    99.933     0.010448    99.680    99.740
 103     0.003305    99.912     0.010371    99.670    99.740
 104     0.002089    99.957     0.011232    99.710    99.740
 105     0.002745    99.920     0.010867    99.680    99.740
 106     0.002412    99.943     0.010065    99.680    99.740
 107     0.002354    99.928     0.010856    99.710    99.740
 108     0.002620    99.932     0.011872    99.660    99.740
 109     0.002757    99.940     0.013181    99.640    99.740
 110     0.002214    99.937     0.012684    99.630    99.740
 111     0.002292    99.948     0.011242    99.670    99.740
 112     0.001857    99.957     0.011228    99.710    99.740
 113     0.001802    99.960     0.011053    99.670    99.740
 114     0.002307    99.938     0.010976    99.740    99.740
 115     0.002305    99.928     0.011823    99.700    99.740
 116     0.002119    99.945     0.011047    99.740    99.740
 117     0.001813    99.958     0.010833    99.690    99.740
 118     0.002394    99.940     0.011737    99.670    99.740
 119     0.002376    99.940     0.012203    99.670    99.740
 120     0.002545    99.933     0.012327    99.670    99.740
 121     0.002170    99.952     0.010370    99.690    99.740
 122     0.002355    99.947     0.010531    99.720    99.740
 123     0.001824    99.970     0.010913    99.740    99.740
 124     0.001901    99.955     0.010101    99.740    99.740
 125     0.001792    99.953     0.011408    99.700    99.740
 126     0.001989    99.948     0.011413    99.730    99.740
 127     0.001826    99.963     0.011321    99.730    99.740
 128     0.001612    99.967     0.010739    99.750    99.750
 129     0.001781    99.958     0.010995    99.720    99.750
 130     0.001852    99.945     0.011633    99.700    99.750
 131     0.002112    99.950     0.011240    99.690    99.750
 132     0.001775    99.952     0.010668    99.740    99.750
 133     0.001778    99.963     0.010958    99.710    99.750
 134     0.001590    99.963     0.010817    99.710    99.750
 135     0.001404    99.973     0.011324    99.730    99.750
 136     0.001806    99.958     0.011567    99.720    99.750
 137     0.002161    99.955     0.011281    99.710    99.750
 138     0.001337    99.968     0.011447    99.710    99.750
 139     0.001698    99.963     0.012624    99.710    99.750
 140     0.001588    99.967     0.011389    99.700    99.750
 141     0.002043    99.950     0.011332    99.720    99.750
 142     0.001565    99.962     0.010734    99.700    99.750
 143     0.001455    99.967     0.011371    99.690    99.750
 144     0.001603    99.957     0.010442    99.710    99.750
 145     0.001661    99.963     0.010198    99.770    99.770
 146     0.001801    99.953     0.009870    99.730    99.770
 147     0.001251    99.967     0.010250    99.740    99.770
 148     0.001495    99.963     0.010283    99.700    99.770
 149     0.001592    99.963     0.010140    99.730    99.770
