   0     0.462872    93.735     0.153563    99.170    99.170
   1     0.179927    98.195     0.085946    99.390    99.390
   2     0.116187    98.537     0.065756    99.520    99.520
   3     0.086643    98.742     0.082029    99.110    99.520
   4     0.068789    98.888     0.073911    99.350    99.520
   5     0.060492    98.907     0.055700    99.250    99.520
   6     0.051024    99.023     0.066394    99.240    99.520
   7     0.046322    99.043     0.035534    99.560    99.560
   8     0.041818    99.055     0.021959    99.530    99.560
   9     0.038159    99.100     0.023973    99.620    99.620
  10     0.035242    99.187     0.025342    99.540    99.620
  11     0.032124    99.212     0.059586    98.830    99.620
  12     0.032851    99.208     0.041119    99.160    99.620
  13     0.029099    99.228     0.055341    98.920    99.620
  14     0.026726    99.295     0.137181    96.060    99.620
  15     0.025927    99.350     0.046396    98.770    99.620
  16     0.024779    99.335     0.025830    99.390    99.620
  17     0.025248    99.305     0.022060    99.470    99.620
  18     0.023467    99.325     0.015502    99.630    99.630
  19     0.022561    99.397     0.035681    99.220    99.630
  20     0.022581    99.393     0.023545    99.340    99.630
  21     0.021286    99.440     0.040664    98.990    99.630
  22     0.020114    99.428     0.020827    99.470    99.630
  23     0.018281    99.523     0.018597    99.480    99.630
  24     0.018493    99.493     0.016222    99.580    99.630
  25     0.017634    99.543     0.016169    99.580    99.630
  26     0.017150    99.507     0.019560    99.510    99.630
  27     0.015895    99.567     0.017349    99.500    99.630
  28     0.014747    99.583     0.026908    99.200    99.630
  29     0.016824    99.555     0.024901    99.460    99.630
  30     0.015760    99.537     0.013249    99.640    99.640
  31     0.014392    99.572     0.013275    99.640    99.640
  32     0.014356    99.597     0.012975    99.670    99.670
  33     0.013347    99.623     0.017154    99.540    99.670
  34     0.012316    99.655     0.015182    99.530    99.670
  35     0.012105    99.633     0.021808    99.390    99.670
  36     0.010836    99.692     0.009851    99.680    99.680
  37     0.011270    99.715     0.016286    99.450    99.680
  38     0.011189    99.692     0.030577    99.200    99.680
  39     0.010394    99.723     0.012347    99.640    99.680
  40     0.011355    99.663     0.010815    99.660    99.680
  41     0.009596    99.735     0.019759    99.430    99.680
  42     0.011166    99.677     0.013688    99.600    99.680
  43     0.010641    99.707     0.012864    99.660    99.680
  44     0.008803    99.770     0.016500    99.540    99.680
  45     0.009843    99.712     0.022308    99.510    99.680
  46     0.009346    99.738     0.015099    99.630    99.680
  47     0.008326    99.792     0.016282    99.590    99.680
  48     0.008571    99.755     0.018747    99.460    99.680
  49     0.007777    99.780     0.012674    99.650    99.680
  50     0.008021    99.777     0.011875    99.630    99.680
  51     0.009143    99.755     0.012970    99.620    99.680
  52     0.007972    99.785     0.014606    99.580    99.680
  53     0.007464    99.783     0.013322    99.650    99.680
  54     0.006709    99.820     0.013943    99.630    99.680
  55     0.007560    99.782     0.019089    99.440    99.680
  56     0.008314    99.770     0.014953    99.630    99.680
  57     0.006842    99.825     0.014647    99.610    99.680
  58     0.006335    99.822     0.011492    99.670    99.680
  59     0.006666    99.825     0.015195    99.560    99.680
  60     0.005911    99.815     0.014652    99.620    99.680
  61     0.006235    99.830     0.014235    99.580    99.680
  62     0.006571    99.823     0.014781    99.540    99.680
  63     0.005717    99.833     0.013737    99.630    99.680
  64     0.005726    99.860     0.012245    99.620    99.680
  65     0.005762    99.835     0.014925    99.510    99.680
  66     0.006112    99.832     0.012996    99.630    99.680
  67     0.005157    99.860     0.015769    99.580    99.680
  68     0.005247    99.842     0.014557    99.620    99.680
  69     0.005296    99.847     0.012423    99.640    99.680
  70     0.005629    99.830     0.011276    99.660    99.680
  71     0.004759    99.873     0.013171    99.620    99.680
  72     0.005166    99.852     0.014061    99.590    99.680
  73     0.004586    99.872     0.011591    99.690    99.690
  74     0.005258    99.853     0.012745    99.640    99.690
  75     0.004406    99.875     0.012089    99.650    99.690
  76     0.004555    99.870     0.012960    99.640    99.690
  77     0.005072    99.858     0.016037    99.560    99.690
  78     0.004662    99.865     0.011196    99.630    99.690
  79     0.004400    99.888     0.014112    99.580    99.690
  80     0.004227    99.882     0.012446    99.630    99.690
  81     0.003576    99.910     0.013927    99.540    99.690
  82     0.003806    99.910     0.011152    99.650    99.690
  83     0.003886    99.883     0.015775    99.590    99.690
  84     0.003637    99.900     0.015504    99.610    99.690
  85     0.003204    99.910     0.015679    99.620    99.690
  86     0.004052    99.900     0.012521    99.650    99.690
  87     0.003566    99.905     0.013930    99.600    99.690
  88     0.003705    99.877     0.016084    99.570    99.690
  89     0.003733    99.902     0.015432    99.580    99.690
  90     0.003514    99.920     0.014745    99.580    99.690
  91     0.003440    99.917     0.014454    99.620    99.690
  92     0.003145    99.923     0.012301    99.670    99.690
  93     0.003639    99.922     0.014990    99.590    99.690
  94     0.002854    99.928     0.012874    99.660    99.690
  95     0.002894    99.932     0.012360    99.680    99.690
  96     0.003183    99.910     0.012661    99.630    99.690
  97     0.002909    99.935     0.013605    99.560    99.690
  98     0.003451    99.913     0.014070    99.570    99.690
  99     0.002987    99.920     0.013190    99.600    99.690
 100     0.002511    99.945     0.012944    99.630    99.690
 101     0.002819    99.923     0.011892    99.650    99.690
 102     0.002277    99.952     0.012630    99.590    99.690
 103     0.003035    99.937     0.013103    99.620    99.690
 104     0.002556    99.935     0.012013    99.620    99.690
 105     0.002195    99.947     0.012951    99.630    99.690
 106     0.002531    99.933     0.012004    99.650    99.690
 107     0.002660    99.933     0.011411    99.660    99.690
 108     0.002799    99.923     0.011238    99.680    99.690
 109     0.002600    99.932     0.012341    99.680    99.690
 110     0.002379    99.927     0.014146    99.610    99.690
 111     0.003096    99.930     0.013114    99.620    99.690
 112     0.002393    99.950     0.012724    99.630    99.690
 113     0.002334    99.937     0.012976    99.630    99.690
 114     0.001999    99.950     0.012988    99.640    99.690
 115     0.002410    99.938     0.013271    99.640    99.690
 116     0.002240    99.950     0.013173    99.660    99.690
 117     0.002129    99.950     0.013098    99.640    99.690
 118     0.002164    99.950     0.012860    99.670    99.690
 119     0.002075    99.943     0.013883    99.630    99.690
 120     0.002299    99.947     0.012659    99.650    99.690
 121     0.002105    99.950     0.013500    99.650    99.690
 122     0.002236    99.945     0.013612    99.650    99.690
 123     0.001947    99.955     0.012488    99.640    99.690
 124     0.001964    99.952     0.013627    99.590    99.690
 125     0.002109    99.948     0.013520    99.620    99.690
 126     0.002308    99.953     0.013750    99.600    99.690
 127     0.002067    99.945     0.014445    99.630    99.690
 128     0.001669    99.960     0.014251    99.670    99.690
 129     0.002109    99.962     0.014281    99.660    99.690
 130     0.001778    99.958     0.014959    99.610    99.690
 131     0.001618    99.960     0.013157    99.630    99.690
 132     0.001635    99.957     0.013883    99.650    99.690
 133     0.001735    99.955     0.014007    99.660    99.690
 134     0.001754    99.953     0.012980    99.660    99.690
 135     0.001664    99.963     0.014007    99.610    99.690
 136     0.001816    99.958     0.014153    99.640    99.690
 137     0.001453    99.958     0.013528    99.610    99.690
 138     0.001934    99.952     0.013079    99.630    99.690
 139     0.001857    99.965     0.013634    99.620    99.690
 140     0.001466    99.973     0.013521    99.640    99.690
 141     0.001990    99.957     0.013193    99.660    99.690
 142     0.001544    99.953     0.013917    99.650    99.690
 143     0.001628    99.960     0.012972    99.650    99.690
 144     0.001713    99.963     0.012994    99.630    99.690
 145     0.001275    99.967     0.013376    99.650    99.690
 146     0.001829    99.953     0.013760    99.640    99.690
 147     0.001645    99.965     0.014583    99.620    99.690
 148     0.001278    99.975     0.014215    99.640    99.690
 149     0.001778    99.958     0.015024    99.640    99.690
