   0     0.452993    93.938     0.145587    99.210    99.210
   1     0.176068    98.252     0.091050    99.390    99.390
   2     0.114750    98.567     0.063720    99.310    99.390
   3     0.083942    98.718     0.056445    99.420    99.420
   4     0.069328    98.807     0.076468    99.030    99.420
   5     0.057524    98.912     0.051183    99.470    99.470
   6     0.050302    98.990     0.040376    99.310    99.470
   7     0.046115    99.007     0.039792    99.310    99.470
   8     0.042532    99.020     0.116765    97.680    99.470
   9     0.038295    99.125     0.030087    99.420    99.470
  10     0.033833    99.195     0.042817    98.880    99.470
  11     0.033484    99.167     0.035532    99.320    99.470
  12     0.029659    99.215     0.089513    97.850    99.470
  13     0.029724    99.242     0.500220    81.480    99.470
  14     0.027707    99.268     0.015459    99.640    99.640
  15     0.025555    99.362     0.032713    99.170    99.640
  16     0.026323    99.275     0.018822    99.480    99.640
  17     0.021717    99.430     0.014332    99.610    99.640
  18     0.021937    99.418     0.029273    99.210    99.640
  19     0.022792    99.358     0.328683    88.330    99.640
  20     0.022420    99.375     0.021024    99.470    99.640
  21     0.020102    99.427     0.050748    98.690    99.640
  22     0.019298    99.465     0.023221    99.530    99.640
  23     0.018457    99.488     0.015622    99.600    99.640
  24     0.017885    99.523     0.079655    97.960    99.640
  25     0.017191    99.480     0.012786    99.650    99.650
  26     0.015623    99.558     0.011710    99.680    99.680
  27     0.016861    99.517     0.016281    99.560    99.680
  28     0.014965    99.598     0.028014    99.310    99.680
  29     0.014424    99.582     0.014798    99.580    99.680
  30     0.014414    99.607     0.013710    99.620    99.680
  31     0.013723    99.600     0.049802    98.800    99.680
  32     0.014128    99.578     0.018532    99.420    99.680
  33     0.013957    99.628     0.017640    99.550    99.680
  34     0.011464    99.705     0.015085    99.560    99.680
  35     0.012171    99.642     0.016858    99.580    99.680
  36     0.011242    99.687     0.013547    99.640    99.680
  37     0.011151    99.690     0.036220    99.160    99.680
  38     0.010478    99.710     0.011828    99.670    99.680
  39     0.011887    99.653     0.017801    99.540    99.680
  40     0.009177    99.755     0.025835    99.200    99.680
  41     0.009721    99.720     0.015754    99.530    99.680
  42     0.009548    99.720     0.014810    99.580    99.680
  43     0.010126    99.717     0.013851    99.640    99.680
  44     0.008615    99.752     0.022326    99.400    99.680
  45     0.008837    99.750     0.013996    99.540    99.680
  46     0.009597    99.733     0.014540    99.640    99.680
  47     0.008546    99.778     0.012784    99.590    99.680
  48     0.008073    99.770     0.011575    99.670    99.680
  49     0.008415    99.750     0.017768    99.530    99.680
  50     0.007495    99.783     0.012244    99.710    99.710
  51     0.007534    99.772     0.010443    99.670    99.710
  52     0.006785    99.823     0.012242    99.600    99.710
  53     0.007248    99.780     0.015480    99.540    99.710
  54     0.007364    99.792     0.010241    99.660    99.710
  55     0.007563    99.817     0.015158    99.620    99.710
  56     0.006887    99.813     0.012248    99.660    99.710
  57     0.006596    99.837     0.017327    99.510    99.710
  58     0.006192    99.840     0.015121    99.510    99.710
  59     0.006657    99.812     0.011324    99.660    99.710
  60     0.005510    99.847     0.015813    99.600    99.710
  61     0.005548    99.845     0.011438    99.620    99.710
  62     0.005968    99.838     0.019026    99.370    99.710
  63     0.006245    99.825     0.013606    99.610    99.710
  64     0.005487    99.865     0.012278    99.610    99.710
  65     0.004968    99.867     0.011416    99.690    99.710
  66     0.006043    99.847     0.011013    99.650    99.710
  67     0.004744    99.857     0.012345    99.620    99.710
  68     0.005507    99.835     0.016199    99.580    99.710
  69     0.004443    99.880     0.010313    99.740    99.740
  70     0.005253    99.855     0.011825    99.690    99.740
  71     0.004547    99.873     0.011541    99.660    99.740
  72     0.004779    99.877     0.012902    99.620    99.740
  73     0.004532    99.882     0.012389    99.650    99.740
  74     0.005043    99.870     0.013435    99.610    99.740
  75     0.004767    99.873     0.010482    99.700    99.740
  76     0.003673    99.905     0.012604    99.650    99.740
  77     0.003776    99.898     0.012281    99.630    99.740
  78     0.004959    99.875     0.014379    99.590    99.740
  79     0.004771    99.873     0.014404    99.620    99.740
  80     0.003815    99.903     0.011854    99.670    99.740
  81     0.003747    99.900     0.012033    99.630    99.740
  82     0.004108    99.902     0.011916    99.650    99.740
  83     0.003870    99.903     0.011486    99.690    99.740
  84     0.004040    99.883     0.011490    99.600    99.740
  85     0.003478    99.912     0.010551    99.680    99.740
  86     0.003444    99.910     0.010054    99.720    99.740
  87     0.003310    99.918     0.009932    99.700    99.740
  88     0.003068    99.918     0.011318    99.640    99.740
  89     0.003575    99.897     0.011190    99.670    99.740
  90     0.003202    99.918     0.010670    99.690    99.740
  91     0.003123    99.915     0.012223    99.660    99.740
  92     0.003606    99.898     0.011473    99.700    99.740
  93     0.002725    99.943     0.010979    99.700    99.740
  94     0.003099    99.930     0.012642    99.650    99.740
  95     0.003087    99.917     0.012041    99.730    99.740
  96     0.002743    99.920     0.011979    99.710    99.740
  97     0.003357    99.917     0.011901    99.700    99.740
  98     0.002505    99.930     0.011326    99.680    99.740
  99     0.002883    99.915     0.010911    99.680    99.740
 100     0.002572    99.950     0.010725    99.690    99.740
 101     0.003148    99.930     0.011841    99.660    99.740
 102     0.002554    99.947     0.011449    99.680    99.740
 103     0.002112    99.943     0.010825    99.710    99.740
 104     0.002848    99.918     0.013479    99.610    99.740
 105     0.002375    99.932     0.011936    99.670    99.740
 106     0.002308    99.943     0.013740    99.610    99.740
 107     0.002185    99.948     0.012049    99.660    99.740
 108     0.002172    99.950     0.011685    99.680    99.740
 109     0.002437    99.937     0.013138    99.630    99.740
 110     0.002336    99.945     0.011603    99.700    99.740
 111     0.002778    99.930     0.012795    99.660    99.740
 112     0.002423    99.938     0.013755    99.650    99.740
 113     0.002169    99.943     0.011982    99.650    99.740
 114     0.002679    99.933     0.012942    99.650    99.740
 115     0.002124    99.942     0.011619    99.640    99.740
 116     0.002272    99.952     0.010732    99.660    99.740
 117     0.001941    99.953     0.010791    99.640    99.740
 118     0.001984    99.945     0.011675    99.690    99.740
 119     0.002066    99.950     0.010653    99.720    99.740
 120     0.002528    99.930     0.010343    99.710    99.740
 121     0.002162    99.943     0.010534    99.680    99.740
 122     0.002429    99.940     0.011895    99.670    99.740
 123     0.001988    99.937     0.011585    99.710    99.740
 124     0.001850    99.960     0.012510    99.680    99.740
 125     0.001618    99.953     0.012591    99.630    99.740
 126     0.002114    99.952     0.012737    99.650    99.740
 127     0.001876    99.948     0.012497    99.670    99.740
 128     0.001876    99.958     0.012021    99.660    99.740
 129     0.001666    99.968     0.012478    99.690    99.740
 130     0.002206    99.948     0.013169    99.640    99.740
 131     0.001893    99.960     0.011724    99.690    99.740
 132     0.001761    99.963     0.011679    99.700    99.740
 133     0.001594    99.955     0.011719    99.690    99.740
 134     0.001847    99.960     0.012379    99.680    99.740
 135     0.001760    99.955     0.013202    99.670    99.740
 136     0.001636    99.970     0.012361    99.690    99.740
 137     0.001843    99.953     0.011471    99.710    99.740
 138     0.001863    99.957     0.011464    99.710    99.740
 139     0.001519    99.967     0.011455    99.700    99.740
 140     0.001632    99.953     0.011638    99.690    99.740
 141     0.001571    99.958     0.012030    99.680    99.740
 142     0.001937    99.952     0.011842    99.700    99.740
 143     0.001542    99.962     0.011553    99.710    99.740
 144     0.001378    99.973     0.011872    99.710    99.740
 145     0.001263    99.973     0.011476    99.720    99.740
 146     0.001776    99.955     0.011582    99.710    99.740
 147     0.001286    99.972     0.012017    99.720    99.740
 148     0.001303    99.975     0.012227    99.710    99.740
 149     0.001557    99.957     0.012597    99.660    99.740
