   0     0.448707    93.978     0.159999    99.130    99.130
   1     0.173746    98.298     0.086407    99.300    99.300
   2     0.112871    98.553     0.064502    99.360    99.360
   3     0.085109    98.708     0.058725    99.440    99.440
   4     0.067935    98.835     0.058905    99.430    99.440
   5     0.057925    98.897     0.051291    99.550    99.550
   6     0.050319    99.047     0.038574    99.460    99.550
   7     0.045068    99.027     0.094628    97.960    99.550
   8     0.039925    99.097     0.039919    99.320    99.550
   9     0.037701    99.108     0.045099    99.170    99.550
  10     0.034366    99.177     0.039944    99.490    99.550
  11     0.033238    99.182     0.068650    98.720    99.550
  12     0.032213    99.172     0.036991    99.300    99.550
  13     0.029418    99.228     0.021906    99.560    99.560
  14     0.027423    99.285     0.033782    99.400    99.560
  15     0.024663    99.348     0.081556    98.420    99.560
  16     0.024652    99.362     0.043216    99.190    99.560
  17     0.024779    99.343     0.029640    99.350    99.560
  18     0.023374    99.347     0.051452    99.010    99.560
  19     0.020528    99.473     0.193977    93.790    99.560
  20     0.020683    99.420     0.027535    99.380    99.560
  21     0.020000    99.445     0.084082    97.470    99.560
  22     0.018436    99.477     0.016299    99.550    99.560
  23     0.018485    99.463     0.032638    99.050    99.560
  24     0.017639    99.520     0.021642    99.490    99.560
  25     0.016828    99.532     0.021584    99.560    99.560
  26     0.017102    99.517     0.015729    99.600    99.600
  27     0.016218    99.543     0.024195    99.350    99.600
  28     0.015583    99.543     0.041699    98.990    99.600
  29     0.014868    99.592     0.018458    99.480    99.600
  30     0.014253    99.618     0.019424    99.570    99.600
  31     0.014468    99.597     0.014403    99.620    99.620
  32     0.013108    99.618     0.017067    99.540    99.620
  33     0.013009    99.645     0.015788    99.600    99.620
  34     0.013134    99.628     0.017282    99.590    99.620
  35     0.012949    99.633     0.013959    99.570    99.620
  36     0.011164    99.678     0.096547    96.700    99.620
  37     0.011280    99.680     0.019354    99.450    99.620
  38     0.011075    99.683     0.040906    99.140    99.620
  39     0.010941    99.710     0.017759    99.580    99.620
  40     0.010322    99.702     0.029784    99.240    99.620
  41     0.009972    99.705     0.018970    99.490    99.620
  42     0.010579    99.712     0.013247    99.680    99.680
  43     0.009297    99.752     0.016720    99.530    99.680
  44     0.009472    99.738     0.015987    99.570    99.680
  45     0.009548    99.732     0.023309    99.440    99.680
  46     0.008972    99.765     0.018830    99.390    99.680
  47     0.008454    99.777     0.015489    99.530    99.680
  48     0.008120    99.775     0.012010    99.640    99.680
  49     0.008532    99.762     0.015840    99.530    99.680
  50     0.007881    99.778     0.014107    99.580    99.680
  51     0.008285    99.792     0.019023    99.500    99.680
  52     0.008102    99.785     0.018840    99.510    99.680
  53     0.007463    99.797     0.015583    99.480    99.680
  54     0.006971    99.808     0.013618    99.580    99.680
  55     0.007252    99.795     0.019024    99.470    99.680
  56     0.007353    99.790     0.027968    99.300    99.680
  57     0.006718    99.815     0.013958    99.600    99.680
  58     0.005758    99.852     0.018390    99.450    99.680
  59     0.005688    99.835     0.019549    99.560    99.680
  60     0.005768    99.862     0.014448    99.550    99.680
  61     0.005883    99.830     0.018922    99.450    99.680
  62     0.006066    99.828     0.018057    99.470    99.680
  63     0.005660    99.847     0.017623    99.480    99.680
  64     0.004911    99.870     0.017816    99.510    99.680
  65     0.005092    99.852     0.014231    99.580    99.680
  66     0.005633    99.848     0.014778    99.590    99.680
  67     0.005144    99.857     0.014438    99.580    99.680
  68     0.004731    99.875     0.019945    99.490    99.680
  69     0.005030    99.850     0.016986    99.560    99.680
  70     0.005120    99.855     0.013352    99.600    99.680
  71     0.004888    99.863     0.016542    99.550    99.680
  72     0.004854    99.852     0.015016    99.540    99.680
  73     0.004699    99.870     0.014651    99.620    99.680
  74     0.004712    99.868     0.011847    99.680    99.680
  75     0.004241    99.870     0.012189    99.600    99.680
  76     0.003653    99.908     0.011982    99.590    99.680
  77     0.005121    99.882     0.013432    99.640    99.680
  78     0.004333    99.882     0.012765    99.670    99.680
  79     0.004206    99.897     0.013029    99.630    99.680
  80     0.003915    99.903     0.011306    99.660    99.680
  81     0.004264    99.883     0.011090    99.640    99.680
  82     0.003553    99.908     0.011976    99.590    99.680
  83     0.003793    99.917     0.012060    99.630    99.680
  84     0.003796    99.898     0.016972    99.560    99.680
  85     0.003572    99.910     0.010949    99.680    99.680
  86     0.002925    99.927     0.013223    99.650    99.680
  87     0.003944    99.892     0.015218    99.570    99.680
  88     0.003776    99.902     0.010154    99.740    99.740
  89     0.003239    99.917     0.010918    99.680    99.740
  90     0.003606    99.895     0.012587    99.610    99.740
  91     0.003534    99.910     0.010517    99.690    99.740
  92     0.003343    99.917     0.011664    99.640    99.740
  93     0.003258    99.900     0.011448    99.650    99.740
  94     0.003324    99.913     0.011748    99.670    99.740
  95     0.002844    99.918     0.015452    99.640    99.740
  96     0.003313    99.920     0.013101    99.650    99.740
  97     0.002948    99.922     0.013163    99.680    99.740
  98     0.003758    99.893     0.014213    99.690    99.740
  99     0.003353    99.912     0.012888    99.660    99.740
 100     0.002721    99.922     0.011191    99.680    99.740
 101     0.002811    99.925     0.010345    99.690    99.740
 102     0.002921    99.913     0.011147    99.670    99.740
 103     0.002728    99.928     0.011695    99.650    99.740
 104     0.002460    99.937     0.011310    99.670    99.740
 105     0.003009    99.922     0.012760    99.610    99.740
 106     0.002571    99.935     0.010065    99.670    99.740
 107     0.002349    99.942     0.009433    99.730    99.740
 108     0.002315    99.935     0.010121    99.710    99.740
 109     0.002288    99.942     0.010130    99.670    99.740
 110     0.002128    99.945     0.011175    99.680    99.740
 111     0.002507    99.937     0.012180    99.660    99.740
 112     0.002478    99.937     0.011801    99.670    99.740
 113     0.002106    99.945     0.010570    99.720    99.740
 114     0.002125    99.948     0.011988    99.690    99.740
 115     0.002621    99.933     0.010919    99.660    99.740
 116     0.002304    99.952     0.010403    99.740    99.740
 117     0.002404    99.932     0.010088    99.710    99.740
 118     0.001944    99.958     0.009134    99.740    99.740
 119     0.001939    99.950     0.010279    99.680    99.740
 120     0.001847    99.963     0.010051    99.710    99.740
 121     0.002048    99.960     0.010627    99.680    99.740
 122     0.002039    99.962     0.011001    99.660    99.740
 123     0.001830    99.952     0.010133    99.710    99.740
 124     0.002069    99.957     0.010760    99.660    99.740
 125     0.001923    99.952     0.012005    99.680    99.740
 126     0.002151    99.930     0.010866    99.720    99.740
 127     0.002383    99.948     0.010880    99.690    99.740
 128     0.002236    99.947     0.009958    99.700    99.740
 129     0.001788    99.955     0.010440    99.710    99.740
 130     0.001768    99.953     0.011084    99.680    99.740
 131     0.001893    99.955     0.011470    99.660    99.740
 132     0.001449    99.960     0.010914    99.730    99.740
 133     0.001802    99.952     0.010523    99.700    99.740
 134     0.001463    99.970     0.010861    99.680    99.740
 135     0.001709    99.967     0.011308    99.640    99.740
 136     0.001806    99.962     0.012382    99.660    99.740
 137     0.002136    99.955     0.011510    99.650    99.740
 138     0.001989    99.945     0.010860    99.700    99.740
 139     0.001447    99.960     0.011132    99.690    99.740
 140     0.001593    99.955     0.010614    99.680    99.740
 141     0.001875    99.965     0.009251    99.740    99.740
 142     0.001555    99.955     0.009545    99.710    99.740
 143     0.001632    99.963     0.010648    99.650    99.740
 144     0.001600    99.953     0.010446    99.680    99.740
 145     0.001712    99.957     0.010573    99.700    99.740
 146     0.001449    99.967     0.010117    99.700    99.740
 147     0.001658    99.965     0.011058    99.710    99.740
 148     0.001548    99.968     0.010080    99.680    99.740
 149     0.001397    99.970     0.010056    99.740    99.740
