   0     0.457679    93.882     0.170029    98.930    98.930
   1     0.175925    98.248     0.134682    99.240    99.240
   2     0.114332    98.598     0.159413    98.590    99.240
   3     0.083316    98.795     0.058478    99.540    99.540
   4     0.067454    98.847     0.036577    99.440    99.540
   5     0.056595    98.965     0.053171    99.470    99.540
   6     0.050418    99.013     0.044905    99.350    99.540
   7     0.045743    98.987     0.092110    98.860    99.540
   8     0.041524    99.062     0.027497    99.420    99.540
   9     0.038184    99.092     0.090302    98.930    99.540
  10     0.034985    99.163     0.036977    99.410    99.540
  11     0.032145    99.212     0.037423    99.380    99.540
  12     0.031017    99.235     0.025387    99.500    99.540
  13     0.029284    99.262     0.027264    99.410    99.540
  14     0.027044    99.290     0.104704    97.640    99.540
  15     0.027087    99.252     0.032552    99.280    99.540
  16     0.023912    99.358     0.291131    92.110    99.540
  17     0.022966    99.393     0.046588    99.100    99.540
  18     0.023780    99.355     0.130041    96.130    99.540
  19     0.020475    99.435     0.075022    98.490    99.540
  20     0.021136    99.432     0.625743    86.470    99.540
  21     0.020156    99.483     0.030691    99.400    99.540
  22     0.019078    99.510     0.384392    87.290    99.540
  23     0.017639    99.515     0.037981    99.100    99.540
  24     0.017400    99.512     0.038743    99.140    99.540
  25     0.017059    99.510     0.021135    99.430    99.540
  26     0.016801    99.525     0.049883    98.790    99.540
  27     0.016054    99.523     0.010293    99.700    99.700
  28     0.015261    99.575     0.054452    98.740    99.700
  29     0.013950    99.610     0.088895    97.880    99.700
  30     0.014458    99.610     0.092026    97.660    99.700
  31     0.012408    99.693     0.170902    93.750    99.700
  32     0.012462    99.660     0.013308    99.580    99.700
  33     0.012510    99.652     0.032216    99.190    99.700
  34     0.011249    99.680     0.031013    99.340    99.700
  35     0.012368    99.662     0.025777    99.350    99.700
  36     0.012261    99.658     0.052947    98.840    99.700
  37     0.011373    99.690     0.015115    99.580    99.700
  38     0.011012    99.670     0.036732    99.150    99.700
  39     0.010651    99.722     0.068856    98.600    99.700
  40     0.010567    99.713     0.013665    99.590    99.700
  41     0.010086    99.748     0.023886    99.450    99.700
  42     0.009625    99.735     0.020491    99.500    99.700
  43     0.009875    99.690     0.037222    99.190    99.700
  44     0.008830    99.762     0.031016    99.260    99.700
  45     0.008815    99.772     0.037195    99.170    99.700
  46     0.008784    99.758     0.015028    99.570    99.700
  47     0.008563    99.767     0.010281    99.700    99.700
  48     0.008302    99.760     0.035099    99.170    99.700
  49     0.008810    99.732     0.017171    99.520    99.700
  50     0.006542    99.843     0.026194    99.270    99.700
  51     0.007288    99.788     0.027294    99.280    99.700
  52     0.008225    99.768     0.020871    99.430    99.700
  53     0.007193    99.792     0.015024    99.530    99.700
  54     0.007693    99.798     0.029054    99.270    99.700
  55     0.006008    99.850     0.014977    99.620    99.700
  56     0.008154    99.748     0.035913    99.140    99.700
  57     0.006667    99.803     0.013032    99.600    99.700
  58     0.006370    99.813     0.015179    99.570    99.700
  59     0.005747    99.842     0.013708    99.530    99.700
  60     0.005639    99.857     0.016247    99.570    99.700
  61     0.005664    99.842     0.008881    99.710    99.710
  62     0.005191    99.852     0.013112    99.570    99.710
  63     0.005817    99.830     0.020352    99.470    99.710
  64     0.005324    99.848     0.011767    99.690    99.710
  65     0.005049    99.860     0.017617    99.560    99.710
  66     0.005195    99.855     0.016630    99.570    99.710
  67     0.004268    99.883     0.017641    99.510    99.710
  68     0.004691    99.888     0.013685    99.590    99.710
  69     0.004289    99.883     0.013053    99.660    99.710
  70     0.005039    99.857     0.011352    99.640    99.710
  71     0.004310    99.875     0.012094    99.640    99.710
  72     0.005382    99.860     0.011267    99.640    99.710
  73     0.003888    99.903     0.019316    99.550    99.710
  74     0.003908    99.902     0.017114    99.550    99.710
  75     0.004506    99.868     0.030952    99.380    99.710
  76     0.004967    99.873     0.013374    99.580    99.710
  77     0.003983    99.893     0.018177    99.510    99.710
  78     0.003616    99.903     0.013635    99.650    99.710
  79     0.003881    99.892     0.029997    99.290    99.710
  80     0.003329    99.912     0.011081    99.690    99.710
  81     0.003919    99.900     0.018980    99.560    99.710
  82     0.004361    99.885     0.019219    99.570    99.710
  83     0.003406    99.917     0.014270    99.600    99.710
  84     0.003005    99.927     0.018671    99.470    99.710
  85     0.003294    99.908     0.016749    99.530    99.710
  86     0.003363    99.925     0.013786    99.580    99.710
  87     0.003446    99.905     0.011123    99.650    99.710
  88     0.003926    99.880     0.015229    99.590    99.710
  89     0.002997    99.920     0.015102    99.590    99.710
  90     0.003010    99.920     0.011891    99.610    99.710
  91     0.003521    99.905     0.010840    99.670    99.710
  92     0.003270    99.915     0.010445    99.690    99.710
  93     0.002617    99.935     0.010872    99.610    99.710
  94     0.003379    99.905     0.016395    99.570    99.710
  95     0.002916    99.920     0.017428    99.530    99.710
  96     0.002633    99.933     0.012398    99.680    99.710
  97     0.003107    99.922     0.011518    99.650    99.710
  98     0.003194    99.928     0.011449    99.660    99.710
  99     0.002687    99.935     0.011414    99.660    99.710
 100     0.002718    99.938     0.010645    99.660    99.710
 101     0.002812    99.928     0.010035    99.690    99.710
 102     0.002575    99.937     0.009602    99.690    99.710
 103     0.002836    99.935     0.012380    99.660    99.710
 104     0.002595    99.927     0.012449    99.680    99.710
 105     0.002365    99.930     0.011710    99.660    99.710
 106     0.002367    99.937     0.009643    99.760    99.760
 107     0.002060    99.952     0.010615    99.690    99.760
 108     0.002476    99.937     0.009562    99.720    99.760
 109     0.002675    99.940     0.010843    99.720    99.760
 110     0.002217    99.957     0.010643    99.710    99.760
 111     0.001913    99.958     0.013416    99.560    99.760
 112     0.002217    99.940     0.013349    99.580    99.760
 113     0.002574    99.925     0.015873    99.560    99.760
 114     0.002105    99.947     0.012031    99.620    99.760
 115     0.002473    99.940     0.010906    99.670    99.760
 116     0.002097    99.945     0.011589    99.650    99.760
 117     0.002182    99.950     0.010001    99.740    99.760
 118     0.002210    99.938     0.010741    99.680    99.760
 119     0.002103    99.945     0.009851    99.710    99.760
 120     0.002075    99.950     0.011441    99.690    99.760
 121     0.002104    99.953     0.010640    99.680    99.760
 122     0.002066    99.938     0.010635    99.710    99.760
 123     0.001848    99.957     0.011506    99.640    99.760
 124     0.002199    99.948     0.011882    99.650    99.760
 125     0.002180    99.947     0.010319    99.730    99.760
 126     0.001933    99.963     0.010658    99.720    99.760
 127     0.001996    99.947     0.010676    99.740    99.760
 128     0.001785    99.953     0.009638    99.730    99.760
 129     0.001801    99.950     0.010779    99.710    99.760
 130     0.001420    99.970     0.010773    99.690    99.760
 131     0.001505    99.963     0.011357    99.710    99.760
 132     0.001831    99.962     0.012879    99.680    99.760
 133     0.001738    99.958     0.010811    99.710    99.760
 134     0.001700    99.962     0.010669    99.650    99.760
 135     0.001619    99.965     0.010460    99.680    99.760
 136     0.001881    99.952     0.010877    99.640    99.760
 137     0.001485    99.965     0.010737    99.690    99.760
 138     0.001968    99.955     0.011055    99.680    99.760
 139     0.001835    99.962     0.010117    99.690    99.760
 140     0.001155    99.978     0.009570    99.720    99.760
 141     0.001439    99.960     0.009426    99.750    99.760
 142     0.001441    99.962     0.010027    99.700    99.760
 143     0.001545    99.977     0.009749    99.710    99.760
 144     0.001682    99.965     0.009324    99.700    99.760
 145     0.001714    99.955     0.008848    99.730    99.760
 146     0.001424    99.965     0.009168    99.770    99.770
 147     0.001703    99.965     0.009250    99.740    99.770
 148     0.001704    99.953     0.010112    99.730    99.770
 149     0.001657    99.965     0.008904    99.760    99.770
