   0     0.458774    93.787     0.172194    99.170    99.170
   1     0.176134    98.212     0.071306    99.450    99.450
   2     0.113422    98.602     0.057398    99.480    99.480
   3     0.085772    98.702     0.054905    99.340    99.480
   4     0.066521    98.860     0.050838    99.300    99.480
   5     0.057586    98.923     0.480902    84.040    99.480
   6     0.049625    99.023     0.043464    99.490    99.490
   7     0.045062    99.042     0.068108    98.990    99.490
   8     0.040688    99.080     0.090044    98.420    99.490
   9     0.037602    99.130     0.065595    98.750    99.490
  10     0.034302    99.185     0.049548    99.060    99.490
  11     0.033416    99.187     0.060199    99.200    99.490
  12     0.031104    99.257     0.029081    99.400    99.490
  13     0.029130    99.258     0.076526    98.340    99.490
  14     0.026544    99.322     0.025541    99.390    99.490
  15     0.026904    99.290     0.236488    91.300    99.490
  16     0.024901    99.320     0.060028    98.620    99.490
  17     0.023509    99.368     0.040889    99.230    99.490
  18     0.021970    99.418     0.032800    99.210    99.490
  19     0.020762    99.448     0.029115    99.390    99.490
  20     0.020535    99.425     0.040483    99.270    99.490
  21     0.020254    99.408     0.059581    99.010    99.490
  22     0.019337    99.478     0.015094    99.580    99.580
  23     0.018185    99.492     0.099860    97.800    99.580
  24     0.018662    99.512     0.043401    99.040    99.580
  25     0.016865    99.520     0.019085    99.500    99.580
  26     0.015664    99.582     0.046384    99.210    99.580
  27     0.016065    99.562     0.019744    99.570    99.580
  28     0.014849    99.597     0.022180    99.380    99.580
  29     0.015681    99.552     0.018005    99.550    99.580
  30     0.013615    99.645     0.058475    98.740    99.580
  31     0.014445    99.600     0.011713    99.620    99.620
  32     0.013991    99.598     0.013777    99.540    99.620
  33     0.013907    99.613     0.022169    99.410    99.620
  34     0.013281    99.630     0.016080    99.590    99.620
  35     0.012092    99.658     0.014857    99.660    99.660
  36     0.011636    99.672     0.021468    99.370    99.660
  37     0.010803    99.722     0.024437    99.380    99.660
  38     0.011229    99.683     0.023890    99.400    99.660
  39     0.010717    99.718     0.023491    99.370    99.660
  40     0.011019    99.700     0.017212    99.510    99.660
  41     0.010457    99.693     0.014714    99.550    99.660
  42     0.009419    99.745     0.016720    99.540    99.660
  43     0.009193    99.738     0.031109    99.060    99.660
  44     0.010175    99.705     0.061251    98.360    99.660
  45     0.009646    99.748     0.012912    99.630    99.660
  46     0.009918    99.723     0.015235    99.560    99.660
  47     0.007580    99.808     0.014269    99.610    99.660
  48     0.008225    99.768     0.011182    99.680    99.680
  49     0.008490    99.763     0.019503    99.500    99.680
  50     0.007678    99.787     0.012582    99.620    99.680
  51     0.008500    99.765     0.014551    99.550    99.680
  52     0.007722    99.787     0.010950    99.630    99.680
  53     0.007508    99.788     0.016116    99.570    99.680
  54     0.007544    99.785     0.012151    99.690    99.690
  55     0.006897    99.823     0.016673    99.500    99.690
  56     0.006732    99.822     0.018484    99.510    99.690
  57     0.006460    99.820     0.011061    99.680    99.690
  58     0.006167    99.842     0.012576    99.660    99.690
  59     0.006907    99.822     0.017510    99.500    99.690
  60     0.006742    99.812     0.015455    99.550    99.690
  61     0.006093    99.823     0.014056    99.600    99.690
  62     0.006656    99.805     0.016192    99.560    99.690
  63     0.005690    99.830     0.015615    99.540    99.690
  64     0.005954    99.832     0.014075    99.620    99.690
  65     0.005890    99.848     0.018270    99.590    99.690
  66     0.005382    99.853     0.050673    98.570    99.690
  67     0.004847    99.865     0.013115    99.660    99.690
  68     0.005323    99.845     0.010060    99.740    99.740
  69     0.004553    99.877     0.014841    99.590    99.740
  70     0.005354    99.838     0.019688    99.500    99.740
  71     0.005406    99.855     0.017568    99.540    99.740
  72     0.005057    99.863     0.012412    99.630    99.740
  73     0.005195    99.847     0.010867    99.680    99.740
  74     0.004441    99.883     0.016951    99.540    99.740
  75     0.004236    99.890     0.012242    99.600    99.740
  76     0.004078    99.895     0.011838    99.670    99.740
  77     0.004725    99.863     0.010158    99.650    99.740
  78     0.004890    99.873     0.021710    99.470    99.740
  79     0.004383    99.883     0.028728    99.350    99.740
  80     0.004215    99.895     0.012667    99.680    99.740
  81     0.003634    99.907     0.013122    99.590    99.740
  82     0.004051    99.893     0.012597    99.620    99.740
  83     0.003767    99.900     0.011755    99.650    99.740
  84     0.004682    99.868     0.012269    99.570    99.740
  85     0.003618    99.907     0.010131    99.670    99.740
  86     0.003818    99.910     0.010003    99.670    99.740
  87     0.003756    99.895     0.014579    99.590    99.740
  88     0.003639    99.900     0.016901    99.550    99.740
  89     0.003458    99.902     0.015610    99.560    99.740
  90     0.003237    99.912     0.012134    99.720    99.740
  91     0.003298    99.897     0.012023    99.660    99.740
  92     0.003395    99.910     0.014952    99.530    99.740
  93     0.003282    99.907     0.011304    99.690    99.740
  94     0.003157    99.917     0.014024    99.630    99.740
  95     0.003136    99.915     0.013726    99.610    99.740
  96     0.003014    99.913     0.013286    99.650    99.740
  97     0.002723    99.933     0.011395    99.680    99.740
  98     0.002989    99.927     0.012979    99.630    99.740
  99     0.002529    99.927     0.015027    99.560    99.740
 100     0.002620    99.927     0.013921    99.600    99.740
 101     0.002675    99.940     0.013593    99.590    99.740
 102     0.002594    99.927     0.011736    99.700    99.740
 103     0.003110    99.907     0.014687    99.570    99.740
 104     0.002376    99.947     0.012179    99.640    99.740
 105     0.002810    99.940     0.013977    99.630    99.740
 106     0.002710    99.940     0.014674    99.570    99.740
 107     0.002602    99.933     0.013981    99.600    99.740
 108     0.002417    99.938     0.014124    99.610    99.740
 109     0.003062    99.908     0.013436    99.610    99.740
 110     0.002588    99.928     0.011504    99.690    99.740
 111     0.002484    99.928     0.011142    99.670    99.740
 112     0.002276    99.945     0.010721    99.710    99.740
 113     0.002088    99.943     0.011187    99.710    99.740
 114     0.002149    99.948     0.011733    99.670    99.740
 115     0.001868    99.958     0.012214    99.650    99.740
 116     0.001890    99.950     0.011681    99.680    99.740
 117     0.002701    99.930     0.012483    99.630    99.740
 118     0.002204    99.948     0.013639    99.610    99.740
 119     0.002073    99.948     0.013233    99.680    99.740
 120     0.002358    99.945     0.013445    99.650    99.740
 121     0.002270    99.942     0.012502    99.660    99.740
 122     0.001932    99.948     0.012613    99.670    99.740
 123     0.001972    99.952     0.012109    99.670    99.740
 124     0.002040    99.955     0.012306    99.690    99.740
 125     0.001800    99.962     0.012525    99.710    99.740
 126     0.001721    99.960     0.012583    99.670    99.740
 127     0.001751    99.963     0.012391    99.700    99.740
 128     0.001902    99.943     0.012899    99.670    99.740
 129     0.001559    99.962     0.012589    99.730    99.740
 130     0.001751    99.952     0.012581    99.690    99.740
 131     0.002241    99.933     0.012226    99.720    99.740
 132     0.001946    99.953     0.012790    99.690    99.740
 133     0.001803    99.963     0.012651    99.680    99.740
 134     0.001865    99.948     0.012366    99.720    99.740
 135     0.001344    99.972     0.012530    99.700    99.740
 136     0.001648    99.962     0.012057    99.710    99.740
 137     0.001855    99.960     0.011951    99.700    99.740
 138     0.001827    99.957     0.011947    99.710    99.740
 139     0.001707    99.952     0.011881    99.750    99.750
 140     0.001812    99.947     0.011895    99.720    99.750
 141     0.001976    99.950     0.011886    99.720    99.750
 142     0.002367    99.943     0.012173    99.670    99.750
 143     0.001645    99.965     0.012731    99.690    99.750
 144     0.001740    99.952     0.013094    99.690    99.750
 145     0.001740    99.953     0.013261    99.680    99.750
 146     0.001506    99.975     0.013028    99.680    99.750
 147     0.001911    99.938     0.012525    99.670    99.750
 148     0.001545    99.958     0.012882    99.690    99.750
 149     0.001335    99.978     0.013047    99.650    99.750
