   0     0.456127    93.732     0.166698    99.060    99.060
   1     0.175638    98.267     0.108033    99.370    99.370
   2     0.113089    98.557     0.056716    99.340    99.370
   3     0.083491    98.808     0.094524    99.040    99.370
   4     0.068194    98.845     0.039125    99.400    99.400
   5     0.057335    98.953     0.052018    99.310    99.400
   6     0.051801    98.913     0.121841    98.030    99.400
   7     0.044914    99.052     0.065074    98.660    99.400
   8     0.043149    98.995     0.021736    99.530    99.530
   9     0.039342    99.070     0.033413    99.560    99.560
  10     0.034823    99.163     0.144459    97.460    99.560
  11     0.032854    99.208     0.029933    99.320    99.560
  12     0.031796    99.158     0.025163    99.500    99.560
  13     0.029324    99.262     0.034696    99.380    99.560
  14     0.026147    99.328     0.018177    99.620    99.620
  15     0.026370    99.287     0.178280    93.640    99.620
  16     0.024498    99.352     0.034191    99.180    99.620
  17     0.023567    99.367     0.057566    98.840    99.620
  18     0.021948    99.408     0.063511    98.900    99.620
  19     0.022164    99.377     0.016454    99.710    99.710
  20     0.021157    99.392     0.025481    99.430    99.710
  21     0.022039    99.402     0.030125    99.220    99.710
  22     0.018736    99.500     0.017633    99.540    99.710
  23     0.018110    99.530     0.012667    99.670    99.710
  24     0.018217    99.505     0.031264    99.360    99.710
  25     0.018400    99.485     0.026282    99.630    99.710
  26     0.015628    99.557     0.017551    99.520    99.710
  27     0.016723    99.533     0.117920    96.770    99.710
  28     0.017408    99.512     0.021444    99.370    99.710
  29     0.014902    99.592     0.040727    99.210    99.710
  30     0.014683    99.588     0.020565    99.530    99.710
  31     0.013885    99.590     0.021962    99.470    99.710
  32     0.013600    99.617     0.016825    99.490    99.710
  33     0.012530    99.640     0.175119    95.410    99.710
  34     0.013145    99.605     0.033156    99.220    99.710
  35     0.012839    99.643     0.023828    99.450    99.710
  36     0.012296    99.660     0.013306    99.660    99.710
  37     0.011466    99.698     0.018591    99.520    99.710
  38     0.011233    99.682     0.013370    99.640    99.710
  39     0.009826    99.740     0.028230    99.270    99.710
  40     0.010297    99.702     0.013355    99.630    99.710
  41     0.010493    99.698     0.023083    99.410    99.710
  42     0.010582    99.725     0.018300    99.480    99.710
  43     0.010288    99.702     0.014036    99.620    99.710
  44     0.010232    99.708     0.015393    99.630    99.710
  45     0.008567    99.740     0.015208    99.540    99.710
  46     0.008869    99.748     0.015944    99.560    99.710
  47     0.008521    99.770     0.014805    99.570    99.710
  48     0.008021    99.755     0.015859    99.620    99.710
  49     0.008730    99.747     0.030530    99.340    99.710
  50     0.008438    99.757     0.021492    99.520    99.710
  51     0.007337    99.797     0.013067    99.640    99.710
  52     0.008181    99.752     0.014971    99.650    99.710
  53     0.007318    99.793     0.013979    99.600    99.710
  54     0.007384    99.795     0.015729    99.610    99.710
  55     0.006054    99.847     0.019269    99.540    99.710
  56     0.007918    99.793     0.020498    99.480    99.710
  57     0.006081    99.833     0.018580    99.560    99.710
  58     0.006264    99.818     0.011882    99.630    99.710
  59     0.006646    99.805     0.020658    99.410    99.710
  60     0.006565    99.835     0.015999    99.570    99.710
  61     0.006291    99.840     0.014940    99.590    99.710
  62     0.005793    99.807     0.025119    99.350    99.710
  63     0.005223    99.867     0.012677    99.650    99.710
  64     0.005113    99.853     0.014685    99.640    99.710
  65     0.006042    99.820     0.011558    99.650    99.710
  66     0.004977    99.858     0.010185    99.700    99.710
  67     0.004617    99.868     0.009600    99.720    99.720
  68     0.004778    99.865     0.011334    99.710    99.720
  69     0.005468    99.823     0.013067    99.620    99.720
  70     0.005226    99.847     0.016302    99.490    99.720
  71     0.005408    99.833     0.012290    99.650    99.720
  72     0.004226    99.883     0.012995    99.620    99.720
  73     0.004403    99.873     0.010615    99.720    99.720
  74     0.004576    99.867     0.010489    99.680    99.720
  75     0.004268    99.890     0.017854    99.540    99.720
  76     0.004206    99.887     0.012945    99.610    99.720
  77     0.004672    99.887     0.011967    99.660    99.720
  78     0.004200    99.885     0.015799    99.570    99.720
  79     0.003579    99.905     0.016506    99.540    99.720
  80     0.004209    99.888     0.013764    99.610    99.720
  81     0.003883    99.887     0.013098    99.670    99.720
  82     0.004154    99.883     0.011911    99.660    99.720
  83     0.004195    99.887     0.011611    99.670    99.720
  84     0.003794    99.895     0.009120    99.740    99.740
  85     0.003373    99.908     0.010378    99.670    99.740
  86     0.003714    99.902     0.010820    99.660    99.740
  87     0.003377    99.910     0.009701    99.730    99.740
  88     0.003750    99.892     0.011146    99.680    99.740
  89     0.003795    99.898     0.010523    99.740    99.740
  90     0.003504    99.910     0.012251    99.710    99.740
  91     0.003287    99.923     0.011390    99.690    99.740
  92     0.003459    99.908     0.020112    99.550    99.740
  93     0.003559    99.913     0.012090    99.700    99.740
  94     0.003329    99.912     0.011578    99.680    99.740
  95     0.003167    99.922     0.012926    99.630    99.740
  96     0.002884    99.932     0.011445    99.650    99.740
  97     0.002658    99.938     0.013346    99.600    99.740
  98     0.003178    99.903     0.013008    99.610    99.740
  99     0.002853    99.928     0.013972    99.630    99.740
 100     0.002370    99.938     0.013169    99.620    99.740
 101     0.002744    99.933     0.014151    99.640    99.740
 102     0.002386    99.945     0.011402    99.730    99.740
 103     0.002696    99.937     0.012998    99.620    99.740
 104     0.002696    99.923     0.012614    99.650    99.740
 105     0.002931    99.920     0.011738    99.630    99.740
 106     0.002434    99.947     0.011490    99.710    99.740
 107     0.002706    99.933     0.011160    99.670    99.740
 108     0.002475    99.937     0.010850    99.690    99.740
 109     0.002523    99.933     0.010380    99.700    99.740
 110     0.002598    99.943     0.010057    99.700    99.740
 111     0.002410    99.942     0.009748    99.720    99.740
 112     0.002257    99.953     0.010254    99.700    99.740
 113     0.002354    99.945     0.010867    99.690    99.740
 114     0.002272    99.948     0.010540    99.650    99.740
 115     0.001957    99.957     0.011080    99.620    99.740
 116     0.002732    99.940     0.012755    99.600    99.740
 117     0.002623    99.938     0.010617    99.680    99.740
 118     0.002365    99.937     0.010571    99.690    99.740
 119     0.002330    99.938     0.012011    99.640    99.740
 120     0.002512    99.943     0.011017    99.660    99.740
 121     0.001974    99.952     0.011037    99.700    99.740
 122     0.002439    99.938     0.010396    99.710    99.740
 123     0.002065    99.945     0.010378    99.680    99.740
 124     0.001709    99.952     0.011335    99.670    99.740
 125     0.002015    99.942     0.010038    99.690    99.740
 126     0.001835    99.943     0.012101    99.700    99.740
 127     0.001646    99.960     0.011963    99.660    99.740
 128     0.002024    99.957     0.012441    99.650    99.740
 129     0.001962    99.945     0.013687    99.620    99.740
 130     0.001744    99.957     0.012273    99.630    99.740
 131     0.001772    99.958     0.013820    99.630    99.740
 132     0.001982    99.960     0.013199    99.600    99.740
 133     0.001476    99.978     0.011443    99.690    99.740
 134     0.001757    99.945     0.011229    99.660    99.740
 135     0.002101    99.942     0.011385    99.650    99.740
 136     0.001737    99.963     0.012409    99.660    99.740
 137     0.001482    99.963     0.011193    99.690    99.740
 138     0.001875    99.960     0.011422    99.640    99.740
 139     0.001469    99.967     0.011796    99.680    99.740
 140     0.001713    99.962     0.011236    99.670    99.740
 141     0.001623    99.953     0.011143    99.690    99.740
 142     0.001745    99.957     0.012051    99.680    99.740
 143     0.001861    99.962     0.011083    99.680    99.740
 144     0.002134    99.950     0.011988    99.640    99.740
 145     0.001469    99.970     0.012233    99.680    99.740
 146     0.001651    99.962     0.012923    99.630    99.740
 147     0.001503    99.962     0.013110    99.580    99.740
 148     0.001758    99.952     0.012774    99.660    99.740
 149     0.001601    99.960     0.010917    99.690    99.740
