   0     0.469616    93.268     0.180475    98.950    98.950
   1     0.178551    98.130     0.094132    99.410    99.410
   2     0.116146    98.470     0.058558    99.370    99.410
   3     0.086744    98.653     0.059748    99.470    99.470
   4     0.070271    98.827     0.040447    99.410    99.470
   5     0.058088    98.938     0.068153    99.270    99.470
   6     0.052213    98.938     0.032159    99.460    99.470
   7     0.046195    99.003     0.028773    99.520    99.520
   8     0.041912    99.033     0.029037    99.530    99.530
   9     0.037449    99.158     0.043568    99.370    99.530
  10     0.033944    99.165     0.063576    98.640    99.530
  11     0.032017    99.203     0.039533    99.300    99.530
  12     0.029845    99.255     0.072398    98.780    99.530
  13     0.028198    99.302     0.022113    99.560    99.560
  14     0.027557    99.283     0.037579    99.300    99.560
  15     0.026179    99.307     0.173503    94.750    99.560
  16     0.024437    99.318     0.093272    97.680    99.560
  17     0.023687    99.382     0.024808    99.530    99.560
  18     0.021610    99.432     0.019423    99.500    99.560
  19     0.021867    99.413     0.036183    99.290    99.560
  20     0.019167    99.470     0.028244    99.370    99.560
  21     0.020721    99.422     0.030131    99.280    99.560
  22     0.019477    99.450     0.035911    99.160    99.560
  23     0.016792    99.533     0.018060    99.540    99.560
  24     0.018125    99.502     0.016943    99.600    99.600
  25     0.016297    99.547     0.044474    98.900    99.600
  26     0.017202    99.543     0.020610    99.380    99.600
  27     0.017656    99.515     0.017906    99.580    99.600
  28     0.015074    99.580     0.013906    99.630    99.630
  29     0.013838    99.638     0.015661    99.600    99.630
  30     0.014162    99.620     0.017072    99.580    99.630
  31     0.013821    99.592     0.030204    99.410    99.630
  32     0.013239    99.642     0.017059    99.510    99.630
  33     0.014273    99.607     0.016720    99.510    99.630
  34     0.012740    99.647     0.014592    99.570    99.630
  35     0.011800    99.692     0.016551    99.530    99.630
  36     0.011818    99.682     0.011675    99.680    99.680
  37     0.011597    99.662     0.013532    99.650    99.680
  38     0.010630    99.727     0.012333    99.630    99.680
  39     0.009945    99.720     0.019198    99.420    99.680
  40     0.011328    99.685     0.015998    99.610    99.680
  41     0.010028    99.720     0.012269    99.610    99.680
  42     0.010802    99.692     0.016644    99.570    99.680
  43     0.009920    99.717     0.012271    99.650    99.680
  44     0.009573    99.720     0.015188    99.540    99.680
  45     0.009215    99.735     0.014022    99.640    99.680
  46     0.008649    99.760     0.013641    99.680    99.680
  47     0.008477    99.753     0.012351    99.690    99.690
  48     0.007981    99.782     0.017353    99.580    99.690
  49     0.009529    99.735     0.011251    99.670    99.690
  50     0.008028    99.790     0.012745    99.620    99.690
  51     0.008494    99.748     0.012566    99.660    99.690
  52     0.007377    99.785     0.014785    99.550    99.690
  53     0.007722    99.783     0.024370    99.290    99.690
  54     0.006764    99.805     0.011088    99.640    99.690
  55     0.006608    99.830     0.012236    99.670    99.690
  56     0.008072    99.790     0.012887    99.610    99.690
  57     0.007124    99.823     0.014469    99.580    99.690
  58     0.006132    99.837     0.022304    99.390    99.690
  59     0.005859    99.845     0.016850    99.560    99.690
  60     0.005098    99.858     0.014447    99.540    99.690
  61     0.005873    99.825     0.016659    99.570    99.690
  62     0.005920    99.845     0.012411    99.660    99.690
  63     0.005206    99.860     0.015133    99.620    99.690
  64     0.005517    99.865     0.010509    99.710    99.710
  65     0.005596    99.855     0.014708    99.640    99.710
  66     0.005452    99.845     0.012185    99.600    99.710
  67     0.005652    99.847     0.012859    99.660    99.710
  68     0.005296    99.837     0.010849    99.630    99.710
  69     0.005116    99.857     0.010531    99.670    99.710
  70     0.005104    99.860     0.012053    99.640    99.710
  71     0.004954    99.867     0.013883    99.660    99.710
  72     0.004343    99.885     0.010317    99.720    99.720
  73     0.004641    99.870     0.010886    99.680    99.720
  74     0.004697    99.868     0.012844    99.640    99.720
  75     0.004322    99.878     0.013128    99.650    99.720
  76     0.004306    99.878     0.011918    99.650    99.720
  77     0.004474    99.893     0.012972    99.620    99.720
  78     0.003916    99.902     0.015074    99.560    99.720
  79     0.004633    99.865     0.010578    99.700    99.720
  80     0.003473    99.917     0.011054    99.690    99.720
  81     0.003933    99.890     0.013105    99.630    99.720
  82     0.003448    99.900     0.014389    99.650    99.720
  83     0.003209    99.927     0.011123    99.690    99.720
  84     0.003429    99.918     0.010841    99.750    99.750
  85     0.003649    99.912     0.010772    99.700    99.750
  86     0.003407    99.907     0.012638    99.640    99.750
  87     0.003857    99.885     0.015896    99.580    99.750
  88     0.003106    99.920     0.011339    99.700    99.750
  89     0.003039    99.925     0.010199    99.720    99.750
  90     0.003473    99.912     0.011861    99.640    99.750
  91     0.002931    99.923     0.011763    99.610    99.750
  92     0.003321    99.913     0.010380    99.670    99.750
  93     0.003031    99.910     0.010875    99.660    99.750
  94     0.002969    99.932     0.012004    99.630    99.750
  95     0.002486    99.937     0.011697    99.670    99.750
  96     0.002492    99.930     0.010254    99.700    99.750
  97     0.002949    99.922     0.010626    99.700    99.750
  98     0.002966    99.917     0.010852    99.710    99.750
  99     0.002548    99.935     0.012254    99.650    99.750
 100     0.002779    99.923     0.012441    99.640    99.750
 101     0.001904    99.967     0.010506    99.710    99.750
 102     0.002913    99.902     0.012447    99.680    99.750
 103     0.002398    99.938     0.009994    99.690    99.750
 104     0.002625    99.938     0.010457    99.670    99.750
 105     0.002586    99.932     0.010774    99.680    99.750
 106     0.002473    99.943     0.011206    99.690    99.750
 107     0.002464    99.938     0.010692    99.680    99.750
 108     0.002648    99.935     0.011043    99.690    99.750
 109     0.002394    99.940     0.011636    99.640    99.750
 110     0.002515    99.935     0.012583    99.610    99.750
 111     0.002070    99.947     0.010404    99.660    99.750
 112     0.002382    99.942     0.009982    99.730    99.750
 113     0.002514    99.945     0.010389    99.700    99.750
 114     0.002347    99.943     0.011301    99.670    99.750
 115     0.002158    99.943     0.011429    99.680    99.750
 116     0.001949    99.945     0.010975    99.680    99.750
 117     0.001745    99.960     0.010652    99.680    99.750
 118     0.002019    99.960     0.011099    99.680    99.750
 119     0.001962    99.952     0.010782    99.690    99.750
 120     0.002138    99.947     0.011092    99.690    99.750
 121     0.001622    99.972     0.009789    99.700    99.750
 122     0.001488    99.958     0.010264    99.690    99.750
 123     0.001645    99.963     0.009622    99.710    99.750
 124     0.001666    99.963     0.010752    99.650    99.750
 125     0.001783    99.955     0.010931    99.670    99.750
 126     0.002042    99.950     0.011279    99.640    99.750
 127     0.001636    99.965     0.010401    99.680    99.750
 128     0.001889    99.965     0.010419    99.700    99.750
 129     0.001879    99.947     0.011892    99.640    99.750
 130     0.001735    99.960     0.012461    99.620    99.750
 131     0.001578    99.960     0.012396    99.630    99.750
 132     0.001708    99.962     0.013604    99.560    99.750
 133     0.001892    99.947     0.011701    99.670    99.750
 134     0.001744    99.950     0.011244    99.730    99.750
 135     0.001402    99.967     0.011628    99.710    99.750
 136     0.001324    99.977     0.011225    99.720    99.750
 137     0.001748    99.962     0.011496    99.690    99.750
 138     0.001620    99.958     0.011358    99.660    99.750
 139     0.001514    99.973     0.011356    99.700    99.750
 140     0.001520    99.967     0.011617    99.670    99.750
 141     0.001625    99.960     0.011321    99.680    99.750
 142     0.001666    99.963     0.012656    99.620    99.750
 143     0.001551    99.962     0.011183    99.640    99.750
 144     0.001781    99.957     0.011272    99.630    99.750
 145     0.001703    99.962     0.010703    99.690    99.750
 146     0.001690    99.960     0.011188    99.690    99.750
 147     0.001365    99.968     0.011545    99.690    99.750
 148     0.001349    99.973     0.011381    99.660    99.750
 149     0.001244    99.977     0.011867    99.680    99.750
