   0     0.462400    93.607     0.153896    99.210    99.210
   1     0.175699    98.183     0.081402    99.380    99.380
   2     0.113977    98.550     0.080213    99.310    99.380
   3     0.082659    98.805     0.065900    99.370    99.380
   4     0.069755    98.812     0.091673    98.650    99.380
   5     0.057943    98.945     0.056148    99.350    99.380
   6     0.050873    98.962     0.129923    97.510    99.380
   7     0.046499    99.045     0.033727    99.460    99.460
   8     0.042737    99.048     0.048494    99.050    99.460
   9     0.037164    99.110     0.029241    99.480    99.480
  10     0.034457    99.195     0.060471    98.850    99.480
  11     0.034270    99.110     0.094668    98.220    99.480
  12     0.030574    99.207     0.023188    99.470    99.480
  13     0.028819    99.262     0.032851    99.270    99.480
  14     0.028148    99.263     0.065148    98.470    99.480
  15     0.026287    99.318     0.018841    99.540    99.540
  16     0.022975    99.413     0.020044    99.470    99.540
  17     0.024013    99.357     0.033832    99.230    99.540
  18     0.021686    99.402     0.024274    99.330    99.540
  19     0.021854    99.410     0.039846    99.010    99.540
  20     0.021462    99.407     0.044138    98.950    99.540
  21     0.019247    99.465     0.019484    99.490    99.540
  22     0.019365    99.452     0.054431    99.020    99.540
  23     0.019804    99.438     0.016834    99.470    99.540
  24     0.017063    99.512     0.016140    99.580    99.580
  25     0.018182    99.478     0.030794    99.300    99.580
  26     0.017122    99.500     0.021085    99.560    99.580
  27     0.014942    99.553     0.014796    99.580    99.580
  28     0.014697    99.593     0.014622    99.560    99.580
  29     0.014297    99.617     0.017601    99.550    99.580
  30     0.014451    99.582     0.024660    99.340    99.580
  31     0.014264    99.598     0.101284    97.950    99.580
  32     0.013790    99.613     0.012109    99.650    99.650
  33     0.012099    99.662     0.013521    99.600    99.650
  34     0.013573    99.620     0.032536    99.230    99.650
  35     0.012852    99.630     0.019695    99.490    99.650
  36     0.011181    99.705     0.018410    99.450    99.650
  37     0.011523    99.670     0.015418    99.620    99.650
  38     0.010620    99.683     0.015211    99.580    99.650
  39     0.009926    99.747     0.011674    99.610    99.650
  40     0.011573    99.695     0.011251    99.650    99.650
  41     0.009733    99.715     0.012327    99.640    99.650
  42     0.010258    99.695     0.011613    99.680    99.680
  43     0.010472    99.702     0.012433    99.650    99.680
  44     0.008775    99.763     0.016703    99.570    99.680
  45     0.008964    99.737     0.018986    99.480    99.680
  46     0.008727    99.740     0.016979    99.580    99.680
  47     0.008864    99.750     0.025124    99.450    99.680
  48     0.008551    99.760     0.010652    99.670    99.680
  49     0.007794    99.778     0.014053    99.580    99.680
  50     0.007748    99.780     0.012902    99.640    99.680
  51     0.008391    99.757     0.017185    99.530    99.680
  52     0.006823    99.805     0.018147    99.500    99.680
  53     0.007699    99.788     0.013213    99.620    99.680
  54     0.006738    99.828     0.019219    99.530    99.680
  55     0.007100    99.812     0.013454    99.620    99.680
  56     0.007311    99.797     0.014088    99.650    99.680
  57     0.007010    99.827     0.012090    99.660    99.680
  58     0.006770    99.815     0.012512    99.660    99.680
  59     0.006293    99.837     0.012396    99.610    99.680
  60     0.006392    99.812     0.013656    99.640    99.680
  61     0.006467    99.830     0.032566    99.180    99.680
  62     0.005853    99.830     0.016132    99.520    99.680
  63     0.006173    99.805     0.012235    99.640    99.680
  64     0.005681    99.843     0.010828    99.620    99.680
  65     0.005311    99.848     0.013059    99.640    99.680
  66     0.005448    99.852     0.012407    99.650    99.680
  67     0.005458    99.857     0.010664    99.700    99.700
  68     0.005360    99.845     0.012819    99.630    99.700
  69     0.005251    99.862     0.012762    99.590    99.700
  70     0.004394    99.887     0.011809    99.650    99.700
  71     0.005506    99.857     0.009936    99.670    99.700
  72     0.004141    99.885     0.011113    99.650    99.700
  73     0.004412    99.888     0.013169    99.630    99.700
  74     0.004315    99.885     0.011791    99.640    99.700
  75     0.004493    99.878     0.011856    99.640    99.700
  76     0.004520    99.873     0.010300    99.680    99.700
  77     0.004425    99.877     0.011209    99.640    99.700
  78     0.004567    99.875     0.010517    99.670    99.700
  79     0.003959    99.887     0.012048    99.650    99.700
  80     0.003541    99.908     0.008933    99.690    99.700
  81     0.003966    99.892     0.010750    99.640    99.700
  82     0.003206    99.912     0.009871    99.660    99.700
  83     0.003935    99.895     0.010562    99.670    99.700
  84     0.003519    99.892     0.009986    99.680    99.700
  85     0.004098    99.892     0.011077    99.670    99.700
  86     0.003362    99.915     0.012662    99.610    99.700
  87     0.003332    99.907     0.011837    99.610    99.700
  88     0.003344    99.912     0.014212    99.610    99.700
  89     0.002735    99.932     0.010320    99.620    99.700
  90     0.003149    99.917     0.011901    99.600    99.700
  91     0.002986    99.922     0.011002    99.650    99.700
  92     0.002898    99.912     0.010792    99.650    99.700
  93     0.003805    99.897     0.012975    99.600    99.700
  94     0.003086    99.915     0.011420    99.680    99.700
  95     0.003318    99.912     0.009602    99.690    99.700
  96     0.003151    99.918     0.009705    99.670    99.700
  97     0.002531    99.922     0.009385    99.680    99.700
  98     0.002966    99.918     0.009702    99.680    99.700
  99     0.002858    99.922     0.010770    99.630    99.700
 100     0.002660    99.938     0.011738    99.670    99.700
 101     0.003041    99.917     0.012858    99.630    99.700
 102     0.003196    99.920     0.010577    99.690    99.700
 103     0.002768    99.920     0.009970    99.670    99.700
 104     0.002507    99.945     0.009504    99.720    99.720
 105     0.002829    99.928     0.009655    99.700    99.720
 106     0.002618    99.935     0.009549    99.690    99.720
 107     0.002832    99.935     0.011901    99.630    99.720
 108     0.002407    99.940     0.009908    99.720    99.720
 109     0.002542    99.935     0.009983    99.690    99.720
 110     0.002111    99.955     0.010171    99.720    99.720
 111     0.002347    99.943     0.010687    99.670    99.720
 112     0.002500    99.933     0.010438    99.680    99.720
 113     0.002125    99.948     0.010705    99.710    99.720
 114     0.002165    99.947     0.010772    99.730    99.730
 115     0.002301    99.943     0.010687    99.700    99.730
 116     0.002167    99.948     0.010708    99.660    99.730
 117     0.001743    99.960     0.009763    99.700    99.730
 118     0.001828    99.955     0.010423    99.710    99.730
 119     0.001914    99.943     0.010635    99.660    99.730
 120     0.001650    99.963     0.010481    99.690    99.730
 121     0.002016    99.952     0.010063    99.700    99.730
 122     0.002096    99.945     0.010323    99.690    99.730
 123     0.002010    99.957     0.010841    99.680    99.730
 124     0.002168    99.943     0.010738    99.670    99.730
 125     0.001912    99.962     0.010908    99.650    99.730
 126     0.001848    99.958     0.010862    99.690    99.730
 127     0.001856    99.960     0.010343    99.700    99.730
 128     0.001711    99.950     0.011123    99.670    99.730
 129     0.001556    99.967     0.011102    99.700    99.730
 130     0.002224    99.937     0.011866    99.580    99.730
 131     0.002217    99.955     0.011837    99.670    99.730
 132     0.002118    99.940     0.011069    99.690    99.730
 133     0.001691    99.965     0.011364    99.670    99.730
 134     0.001640    99.953     0.010893    99.700    99.730
 135     0.001650    99.960     0.010552    99.680    99.730
 136     0.001877    99.962     0.010778    99.730    99.730
 137     0.001455    99.972     0.011186    99.700    99.730
 138     0.001604    99.965     0.011194    99.700    99.730
 139     0.001954    99.953     0.010639    99.720    99.730
 140     0.001726    99.955     0.011412    99.710    99.730
 141     0.001666    99.958     0.011284    99.690    99.730
 142     0.001530    99.968     0.011334    99.700    99.730
 143     0.001623    99.957     0.011881    99.690    99.730
 144     0.002122    99.955     0.011175    99.660    99.730
 145     0.001574    99.960     0.011064    99.700    99.730
 146     0.001198    99.972     0.011406    99.650    99.730
 147     0.001727    99.955     0.012382    99.670    99.730
 148     0.001685    99.962     0.012121    99.620    99.730
 149     0.001433    99.968     0.012113    99.650    99.730
