   0     0.457735    93.853     0.162178    99.100    99.100
   1     0.177303    98.187     0.088648    99.090    99.100
   2     0.115039    98.522     0.060795    99.360    99.360
   3     0.084041    98.788     0.137668    98.470    99.360
   4     0.068403    98.843     0.040490    99.500    99.500
   5     0.057996    98.895     0.047356    99.110    99.500
   6     0.051815    98.977     0.031072    99.550    99.550
   7     0.046789    99.015     0.048269    99.190    99.550
   8     0.041271    99.113     0.034917    99.340    99.550
   9     0.038010    99.098     0.043581    99.390    99.550
  10     0.033950    99.192     0.050935    99.160    99.550
  11     0.033610    99.183     0.035893    99.330    99.550
  12     0.030309    99.257     0.030206    99.390    99.550
  13     0.028790    99.253     0.063721    98.680    99.550
  14     0.028869    99.203     0.053315    98.970    99.550
  15     0.026025    99.300     0.105219    97.390    99.550
  16     0.024350    99.375     0.065775    98.490    99.550
  17     0.023096    99.385     0.057784    98.730    99.550
  18     0.022715    99.410     0.029916    99.220    99.550
  19     0.023090    99.385     0.044437    98.970    99.550
  20     0.020254    99.437     0.022334    99.430    99.550
  21     0.020142    99.437     0.034091    99.230    99.550
  22     0.018502    99.485     0.097366    97.300    99.550
  23     0.018735    99.483     0.052420    99.010    99.550
  24     0.017674    99.525     0.017975    99.550    99.550
  25     0.017862    99.493     0.032654    99.150    99.550
  26     0.016465    99.553     0.016598    99.650    99.650
  27     0.015896    99.577     0.038835    99.100    99.650
  28     0.013603    99.610     0.016952    99.580    99.650
  29     0.014495    99.605     0.016964    99.580    99.650
  30     0.014249    99.610     0.011747    99.740    99.740
  31     0.015713    99.530     0.030389    99.200    99.740
  32     0.014490    99.577     0.021856    99.420    99.740
  33     0.012878    99.642     0.030314    99.270    99.740
  34     0.013045    99.618     0.014110    99.540    99.740
  35     0.011636    99.688     0.015359    99.570    99.740
  36     0.012057    99.675     0.021953    99.440    99.740
  37     0.011318    99.662     0.013179    99.670    99.740
  38     0.011591    99.682     0.015742    99.630    99.740
  39     0.009539    99.743     0.052669    98.640    99.740
  40     0.011681    99.657     0.053545    98.770    99.740
  41     0.009915    99.723     0.023071    99.420    99.740
  42     0.009577    99.735     0.019621    99.380    99.740
  43     0.008687    99.748     0.014802    99.620    99.740
  44     0.008672    99.747     0.016895    99.600    99.740
  45     0.010242    99.703     0.013632    99.630    99.740
  46     0.009120    99.747     0.015433    99.610    99.740
  47     0.009173    99.737     0.016766    99.530    99.740
  48     0.009843    99.733     0.013504    99.710    99.740
  49     0.007993    99.753     0.016649    99.590    99.740
  50     0.007773    99.800     0.019661    99.360    99.740
  51     0.008009    99.782     0.021644    99.370    99.740
  52     0.008127    99.768     0.016252    99.520    99.740
  53     0.007141    99.783     0.016508    99.600    99.740
  54     0.007869    99.793     0.011906    99.710    99.740
  55     0.006631    99.815     0.017267    99.600    99.740
  56     0.007105    99.800     0.031230    99.280    99.740
  57     0.006673    99.820     0.015170    99.570    99.740
  58     0.006571    99.823     0.013632    99.670    99.740
  59     0.007066    99.807     0.013011    99.660    99.740
  60     0.007044    99.805     0.018145    99.520    99.740
  61     0.007095    99.807     0.016834    99.540    99.740
  62     0.005815    99.852     0.016265    99.570    99.740
  63     0.006114    99.837     0.012740    99.650    99.740
  64     0.005220    99.847     0.010846    99.680    99.740
  65     0.006194    99.817     0.014296    99.600    99.740
  66     0.005262    99.858     0.015180    99.550    99.740
  67     0.005076    99.850     0.011734    99.680    99.740
  68     0.004913    99.867     0.014043    99.600    99.740
  69     0.005889    99.838     0.012985    99.630    99.740
  70     0.005192    99.868     0.010892    99.710    99.740
  71     0.004816    99.858     0.011520    99.690    99.740
  72     0.004443    99.880     0.010759    99.680    99.740
  73     0.005097    99.862     0.013360    99.650    99.740
  74     0.004571    99.872     0.020184    99.480    99.740
  75     0.004669    99.875     0.015194    99.650    99.740
  76     0.004492    99.885     0.013600    99.630    99.740
  77     0.004503    99.873     0.012710    99.630    99.740
  78     0.004720    99.858     0.011531    99.690    99.740
  79     0.004289    99.867     0.011501    99.700    99.740
  80     0.003912    99.903     0.010206    99.670    99.740
  81     0.003739    99.898     0.011262    99.700    99.740
  82     0.004347    99.888     0.016593    99.540    99.740
  83     0.004583    99.872     0.019929    99.450    99.740
  84     0.003536    99.917     0.011468    99.690    99.740
  85     0.003723    99.898     0.011454    99.670    99.740
  86     0.003366    99.908     0.011536    99.710    99.740
  87     0.003257    99.917     0.011068    99.720    99.740
  88     0.003409    99.910     0.011940    99.660    99.740
  89     0.003621    99.893     0.012936    99.650    99.740
  90     0.003398    99.915     0.010874    99.690    99.740
  91     0.003066    99.927     0.011283    99.640    99.740
  92     0.003515    99.913     0.011472    99.640    99.740
  93     0.003060    99.932     0.014026    99.620    99.740
  94     0.004064    99.892     0.012334    99.660    99.740
  95     0.003048    99.922     0.013835    99.510    99.740
  96     0.002791    99.933     0.012556    99.620    99.740
  97     0.003415    99.905     0.012963    99.610    99.740
  98     0.003164    99.912     0.012607    99.670    99.740
  99     0.002571    99.927     0.009978    99.720    99.740
 100     0.003090    99.920     0.012463    99.650    99.740
 101     0.002415    99.943     0.011223    99.720    99.740
 102     0.002975    99.918     0.011445    99.690    99.740
 103     0.002615    99.932     0.016084    99.520    99.740
 104     0.002709    99.943     0.011787    99.660    99.740
 105     0.002589    99.943     0.010499    99.690    99.740
 106     0.002467    99.942     0.011291    99.690    99.740
 107     0.002663    99.938     0.012006    99.690    99.740
 108     0.002265    99.945     0.011661    99.670    99.740
 109     0.002478    99.937     0.012797    99.640    99.740
 110     0.002521    99.935     0.011672    99.620    99.740
 111     0.002319    99.942     0.012897    99.580    99.740
 112     0.002282    99.950     0.011816    99.650    99.740
 113     0.002355    99.948     0.015036    99.550    99.740
 114     0.002268    99.952     0.011951    99.640    99.740
 115     0.001991    99.947     0.018124    99.560    99.740
 116     0.002147    99.950     0.011542    99.630    99.740
 117     0.002381    99.943     0.012430    99.640    99.740
 118     0.001810    99.960     0.011325    99.660    99.740
 119     0.002093    99.940     0.010997    99.670    99.740
 120     0.001775    99.960     0.011962    99.650    99.740
 121     0.001639    99.957     0.012317    99.600    99.740
 122     0.002563    99.928     0.013044    99.600    99.740
 123     0.002165    99.943     0.012085    99.650    99.740
 124     0.001829    99.963     0.012146    99.650    99.740
 125     0.002449    99.947     0.011370    99.680    99.740
 126     0.002050    99.953     0.012578    99.630    99.740
 127     0.001987    99.957     0.012022    99.640    99.740
 128     0.002241    99.945     0.010395    99.710    99.740
 129     0.001477    99.970     0.011813    99.690    99.740
 130     0.002148    99.933     0.014460    99.550    99.740
 131     0.001692    99.963     0.012353    99.630    99.740
 132     0.001508    99.955     0.013454    99.600    99.740
 133     0.001544    99.970     0.012993    99.660    99.740
 134     0.001916    99.957     0.012724    99.700    99.740
 135     0.001717    99.960     0.011682    99.640    99.740
 136     0.001501    99.963     0.012745    99.690    99.740
 137     0.002160    99.942     0.011854    99.660    99.740
 138     0.001539    99.962     0.011498    99.670    99.740
 139     0.001428    99.968     0.010949    99.710    99.740
 140     0.001776    99.960     0.011531    99.690    99.740
 141     0.001859    99.963     0.010957    99.700    99.740
 142     0.001719    99.962     0.010770    99.740    99.740
 143     0.001661    99.963     0.011153    99.720    99.740
 144     0.001624    99.960     0.010696    99.730    99.740
 145     0.001580    99.963     0.010515    99.750    99.750
 146     0.001686    99.965     0.010732    99.710    99.750
 147     0.001261    99.970     0.011860    99.660    99.750
 148     0.001306    99.973     0.010802    99.710    99.750
 149     0.001910    99.942     0.011147    99.730    99.750
