   0     0.469109    93.437     0.167063    99.100    99.100
   1     0.178426    98.198     0.119594    99.230    99.230
   2     0.113422    98.588     0.077801    99.320    99.320
   3     0.085877    98.717     0.057003    99.600    99.600
   4     0.067750    98.842     0.055508    99.330    99.600
   5     0.058036    98.905     0.048531    99.190    99.600
   6     0.049380    99.028     0.066514    98.890    99.600
   7     0.044981    99.072     0.045418    99.220    99.600
   8     0.040553    99.083     0.057974    98.660    99.600
   9     0.038342    99.100     0.042532    99.240    99.600
  10     0.034692    99.152     0.104700    98.430    99.600
  11     0.033258    99.203     0.065247    98.740    99.600
  12     0.031432    99.212     0.113779    97.260    99.600
  13     0.030096    99.220     0.309728    90.580    99.600
  14     0.026734    99.293     0.028282    99.320    99.600
  15     0.027304    99.280     0.038305    99.280    99.600
  16     0.025718    99.303     0.058180    98.880    99.600
  17     0.022382    99.398     0.234003    90.790    99.600
  18     0.023877    99.378     0.050239    99.000    99.600
  19     0.021401    99.393     0.020904    99.520    99.600
  20     0.021325    99.412     0.025865    99.300    99.600
  21     0.019268    99.482     0.018764    99.540    99.600
  22     0.020375    99.410     0.069805    98.570    99.600
  23     0.019119    99.465     0.048017    98.630    99.600
  24     0.018755    99.505     0.032948    99.320    99.600
  25     0.018053    99.505     0.025843    99.410    99.600
  26     0.015578    99.585     0.055807    98.920    99.600
  27     0.016072    99.590     0.014867    99.570    99.600
  28     0.016388    99.525     0.059930    98.300    99.600
  29     0.016468    99.533     0.021478    99.440    99.600
  30     0.014594    99.578     0.013534    99.630    99.630
  31     0.013798    99.635     0.014742    99.660    99.660
  32     0.013366    99.622     0.037811    98.970    99.660
  33     0.012798    99.648     0.023188    99.400    99.660
  34     0.013116    99.627     0.026552    99.330    99.660
  35     0.011616    99.657     0.067417    98.240    99.660
  36     0.011821    99.687     0.049798    98.750    99.660
  37     0.010143    99.743     0.030295    99.260    99.660
  38     0.011183    99.682     0.012348    99.610    99.660
  39     0.011864    99.673     0.034997    99.340    99.660
  40     0.010810    99.692     0.012012    99.590    99.660
  41     0.010144    99.708     0.015358    99.570    99.660
  42     0.009865    99.728     0.018354    99.560    99.660
  43     0.009243    99.745     0.019363    99.490    99.660
  44     0.009620    99.735     0.022755    99.480    99.660
  45     0.009726    99.710     0.013143    99.660    99.660
  46     0.008957    99.758     0.018837    99.420    99.660
  47     0.008035    99.777     0.023571    99.420    99.660
  48     0.007669    99.805     0.014071    99.630    99.660
  49     0.008668    99.760     0.017327    99.580    99.660
  50     0.008147    99.772     0.015681    99.590    99.660
  51     0.007664    99.798     0.013391    99.650    99.660
  52     0.007678    99.798     0.014212    99.620    99.660
  53     0.007586    99.808     0.013561    99.590    99.660
  54     0.007369    99.782     0.013267    99.620    99.660
  55     0.007573    99.787     0.027736    99.350    99.660
  56     0.007552    99.785     0.015399    99.560    99.660
  57     0.006219    99.825     0.011812    99.660    99.660
  58     0.006432    99.847     0.012277    99.660    99.660
  59     0.005900    99.835     0.012341    99.670    99.670
  60     0.005442    99.855     0.017092    99.560    99.670
  61     0.006082    99.825     0.015643    99.480    99.670
  62     0.005050    99.878     0.020037    99.370    99.670
  63     0.004674    99.887     0.014128    99.540    99.670
  64     0.005901    99.820     0.020667    99.450    99.670
  65     0.005638    99.848     0.015428    99.600    99.670
  66     0.005884    99.835     0.012750    99.660    99.670
  67     0.004664    99.863     0.012633    99.590    99.670
  68     0.005014    99.880     0.010015    99.730    99.730
  69     0.004595    99.865     0.011339    99.700    99.730
  70     0.005472    99.843     0.013441    99.610    99.730
  71     0.003801    99.883     0.010814    99.650    99.730
  72     0.004976    99.855     0.012631    99.660    99.730
  73     0.005045    99.865     0.017051    99.530    99.730
  74     0.004446    99.880     0.011702    99.630    99.730
  75     0.004223    99.898     0.009991    99.740    99.740
  76     0.004227    99.888     0.010534    99.680    99.740
  77     0.004703    99.865     0.012699    99.610    99.740
  78     0.003884    99.897     0.012027    99.690    99.740
  79     0.003962    99.885     0.017047    99.470    99.740
  80     0.003842    99.908     0.013062    99.640    99.740
  81     0.004055    99.885     0.015370    99.610    99.740
  82     0.004210    99.900     0.021204    99.440    99.740
  83     0.003747    99.913     0.011428    99.570    99.740
  84     0.004410    99.885     0.015183    99.500    99.740
  85     0.003909    99.908     0.017889    99.460    99.740
  86     0.003714    99.907     0.013416    99.570    99.740
  87     0.003583    99.905     0.011794    99.650    99.740
  88     0.003525    99.900     0.010515    99.680    99.740
  89     0.003217    99.903     0.010923    99.680    99.740
  90     0.003372    99.905     0.014532    99.660    99.740
  91     0.002745    99.928     0.013267    99.630    99.740
  92     0.002569    99.930     0.013115    99.660    99.740
  93     0.003134    99.913     0.009355    99.730    99.740
  94     0.003026    99.913     0.010500    99.700    99.740
  95     0.002608    99.940     0.009938    99.720    99.740
  96     0.002685    99.925     0.011930    99.650    99.740
  97     0.003122    99.910     0.013782    99.650    99.740
  98     0.003254    99.918     0.014975    99.540    99.740
  99     0.002862    99.925     0.014377    99.540    99.740
 100     0.002359    99.950     0.010746    99.710    99.740
 101     0.002795    99.928     0.010601    99.680    99.740
 102     0.002959    99.917     0.011034    99.620    99.740
 103     0.002739    99.930     0.011520    99.710    99.740
 104     0.002465    99.945     0.013821    99.610    99.740
 105     0.002332    99.943     0.013879    99.640    99.740
 106     0.002284    99.937     0.010874    99.660    99.740
 107     0.002402    99.930     0.013752    99.600    99.740
 108     0.002245    99.953     0.010917    99.660    99.740
 109     0.002597    99.933     0.012588    99.580    99.740
 110     0.001904    99.957     0.011469    99.660    99.740
 111     0.002481    99.932     0.012991    99.610    99.740
 112     0.002323    99.945     0.012900    99.610    99.740
 113     0.002040    99.942     0.010386    99.730    99.740
 114     0.002208    99.943     0.012102    99.660    99.740
 115     0.002267    99.938     0.011763    99.670    99.740
 116     0.001965    99.955     0.012539    99.640    99.740
 117     0.001914    99.948     0.011786    99.670    99.740
 118     0.002001    99.947     0.013327    99.590    99.740
 119     0.002399    99.937     0.011707    99.670    99.740
 120     0.002022    99.957     0.011592    99.690    99.740
 121     0.002371    99.935     0.011656    99.680    99.740
 122     0.002124    99.935     0.011383    99.710    99.740
 123     0.002034    99.955     0.011127    99.670    99.740
 124     0.002339    99.940     0.011636    99.690    99.740
 125     0.001971    99.955     0.012659    99.660    99.740
 126     0.001875    99.960     0.012237    99.660    99.740
 127     0.001841    99.948     0.012722    99.650    99.740
 128     0.001906    99.953     0.013077    99.630    99.740
 129     0.002359    99.942     0.014763    99.630    99.740
 130     0.001599    99.958     0.014818    99.630    99.740
 131     0.001794    99.958     0.011853    99.660    99.740
 132     0.001965    99.950     0.011552    99.610    99.740
 133     0.002145    99.950     0.011518    99.670    99.740
 134     0.001985    99.948     0.010368    99.690    99.740
 135     0.001737    99.962     0.011319    99.670    99.740
 136     0.001720    99.963     0.012368    99.650    99.740
 137     0.001466    99.970     0.012953    99.610    99.740
 138     0.001560    99.967     0.011545    99.690    99.740
 139     0.001361    99.975     0.011316    99.690    99.740
 140     0.001421    99.962     0.011153    99.690    99.740
 141     0.001537    99.962     0.012378    99.630    99.740
 142     0.002098    99.943     0.011649    99.680    99.740
 143     0.001332    99.972     0.011459    99.690    99.740
 144     0.001563    99.957     0.012256    99.660    99.740
 145     0.001312    99.977     0.011381    99.730    99.740
 146     0.001740    99.962     0.012612    99.660    99.740
 147     0.001893    99.948     0.013322    99.660    99.740
 148     0.001767    99.955     0.012040    99.690    99.740
 149     0.001586    99.963     0.011394    99.710    99.740
