   0     0.452956    94.003     0.163841    99.170    99.170
   1     0.175722    98.220     0.139592    98.710    99.170
   2     0.112700    98.598     0.087326    99.260    99.260
   3     0.084490    98.730     0.081551    99.150    99.260
   4     0.067299    98.855     0.093546    99.260    99.260
   5     0.058067    98.877     0.036309    99.500    99.500
   6     0.048495    99.063     0.082633    99.190    99.500
   7     0.045733    99.047     0.067827    98.910    99.500
   8     0.040888    99.085     0.073192    98.780    99.500
   9     0.039300    99.058     0.043673    99.070    99.500
  10     0.035087    99.173     0.036937    99.040    99.500
  11     0.032314    99.183     0.054563    99.220    99.500
  12     0.028568    99.290     0.095543    97.790    99.500
  13     0.028300    99.282     0.029087    99.460    99.500
  14     0.026377    99.332     0.022356    99.550    99.550
  15     0.026118    99.342     0.024554    99.530    99.550
  16     0.025424    99.327     0.069858    98.510    99.550
  17     0.023202    99.415     0.114030    96.200    99.550
  18     0.022120    99.420     0.034793    99.220    99.550
  19     0.021463    99.420     0.050088    98.950    99.550
  20     0.020495    99.472     0.037249    99.200    99.550
  21     0.019931    99.455     0.019832    99.590    99.590
  22     0.019839    99.440     0.012950    99.710    99.710
  23     0.019231    99.475     0.030008    99.270    99.710
  24     0.017571    99.533     0.194147    94.700    99.710
  25     0.017923    99.500     0.032725    99.260    99.710
  26     0.016618    99.503     0.027771    99.360    99.710
  27     0.016222    99.557     0.036760    99.120    99.710
  28     0.015471    99.583     0.015322    99.570    99.710
  29     0.014717    99.600     0.143866    95.070    99.710
  30     0.014756    99.593     0.025117    99.380    99.710
  31     0.014796    99.593     0.019879    99.370    99.710
  32     0.012729    99.643     0.021449    99.400    99.710
  33     0.012792    99.650     0.013492    99.600    99.710
  34     0.011557    99.658     0.017328    99.540    99.710
  35     0.011841    99.660     0.037511    99.230    99.710
  36     0.010863    99.712     0.015549    99.540    99.710
  37     0.010759    99.700     0.017654    99.510    99.710
  38     0.010814    99.697     0.018818    99.420    99.710
  39     0.010294    99.705     0.011237    99.670    99.710
  40     0.010616    99.700     0.013864    99.590    99.710
  41     0.009748    99.725     0.016382    99.530    99.710
  42     0.009278    99.740     0.015189    99.560    99.710
  43     0.010126    99.725     0.019567    99.550    99.710
  44     0.009703    99.732     0.018665    99.570    99.710
  45     0.010147    99.705     0.011375    99.700    99.710
  46     0.008050    99.795     0.013695    99.610    99.710
  47     0.009191    99.755     0.025777    99.390    99.710
  48     0.008538    99.778     0.020595    99.420    99.710
  49     0.008332    99.787     0.018844    99.490    99.710
  50     0.007456    99.777     0.013483    99.660    99.710
  51     0.007381    99.788     0.025110    99.410    99.710
  52     0.006567    99.828     0.018280    99.550    99.710
  53     0.008232    99.777     0.029318    99.320    99.710
  54     0.007043    99.813     0.011547    99.640    99.710
  55     0.006846    99.812     0.012794    99.620    99.710
  56     0.005956    99.832     0.012451    99.650    99.710
  57     0.007320    99.792     0.012445    99.640    99.710
  58     0.006640    99.820     0.024520    99.420    99.710
  59     0.006106    99.835     0.013365    99.680    99.710
  60     0.005582    99.868     0.013740    99.600    99.710
  61     0.007062    99.812     0.023631    99.320    99.710
  62     0.006624    99.832     0.011507    99.650    99.710
  63     0.005026    99.865     0.014039    99.650    99.710
  64     0.004796    99.880     0.012341    99.580    99.710
  65     0.005029    99.865     0.013976    99.600    99.710
  66     0.005501    99.853     0.011696    99.640    99.710
  67     0.005472    99.835     0.015154    99.540    99.710
  68     0.004978    99.862     0.039603    99.110    99.710
  69     0.004647    99.868     0.015549    99.560    99.710
  70     0.004981    99.853     0.012276    99.600    99.710
  71     0.004880    99.868     0.012961    99.680    99.710
  72     0.005141    99.858     0.021062    99.440    99.710
  73     0.004466    99.878     0.017226    99.520    99.710
  74     0.004465    99.875     0.014730    99.620    99.710
  75     0.004544    99.868     0.017498    99.480    99.710
  76     0.004079    99.878     0.016598    99.490    99.710
  77     0.004473    99.870     0.013785    99.610    99.710
  78     0.003988    99.885     0.010787    99.710    99.710
  79     0.004484    99.885     0.011385    99.660    99.710
  80     0.004277    99.888     0.014873    99.600    99.710
  81     0.003971    99.898     0.013371    99.650    99.710
  82     0.003331    99.917     0.013812    99.700    99.710
  83     0.003869    99.885     0.023365    99.480    99.710
  84     0.003761    99.912     0.013406    99.670    99.710
  85     0.003657    99.893     0.012197    99.690    99.710
  86     0.003683    99.923     0.012097    99.680    99.710
  87     0.003087    99.925     0.014103    99.610    99.710
  88     0.003062    99.908     0.013579    99.600    99.710
  89     0.003229    99.917     0.011487    99.640    99.710
  90     0.003681    99.902     0.012175    99.670    99.710
  91     0.003262    99.907     0.012852    99.670    99.710
  92     0.003458    99.900     0.014965    99.580    99.710
  93     0.002780    99.933     0.011276    99.720    99.720
  94     0.002651    99.938     0.011699    99.670    99.720
  95     0.002816    99.918     0.013056    99.610    99.720
  96     0.002764    99.930     0.012252    99.690    99.720
  97     0.003426    99.913     0.012978    99.650    99.720
  98     0.003280    99.902     0.012476    99.650    99.720
  99     0.002461    99.947     0.011574    99.660    99.720
 100     0.002869    99.922     0.011929    99.630    99.720
 101     0.002857    99.920     0.012811    99.610    99.720
 102     0.002672    99.933     0.012384    99.640    99.720
 103     0.002213    99.945     0.010877    99.690    99.720
 104     0.002237    99.947     0.011864    99.670    99.720
 105     0.002348    99.943     0.012159    99.640    99.720
 106     0.002299    99.928     0.011198    99.680    99.720
 107     0.002111    99.947     0.011445    99.660    99.720
 108     0.002444    99.923     0.010839    99.680    99.720
 109     0.002232    99.952     0.011648    99.620    99.720
 110     0.002138    99.947     0.012121    99.660    99.720
 111     0.002299    99.947     0.010173    99.710    99.720
 112     0.002035    99.955     0.010114    99.650    99.720
 113     0.002054    99.943     0.011951    99.640    99.720
 114     0.002006    99.952     0.013276    99.610    99.720
 115     0.002112    99.958     0.010415    99.660    99.720
 116     0.002676    99.928     0.012275    99.640    99.720
 117     0.001921    99.950     0.010979    99.650    99.720
 118     0.002197    99.940     0.012170    99.650    99.720
 119     0.002068    99.958     0.011112    99.710    99.720
 120     0.001916    99.955     0.010791    99.650    99.720
 121     0.002215    99.948     0.012147    99.650    99.720
 122     0.002237    99.942     0.010852    99.680    99.720
 123     0.001682    99.967     0.011097    99.690    99.720
 124     0.002054    99.950     0.010764    99.720    99.720
 125     0.001568    99.965     0.012271    99.590    99.720
 126     0.001930    99.952     0.011070    99.640    99.720
 127     0.002273    99.943     0.011339    99.640    99.720
 128     0.001698    99.958     0.011268    99.720    99.720
 129     0.001634    99.958     0.010675    99.700    99.720
 130     0.001595    99.967     0.011214    99.680    99.720
 131     0.002067    99.932     0.011172    99.710    99.720
 132     0.002041    99.948     0.012695    99.650    99.720
 133     0.001922    99.953     0.011802    99.680    99.720
 134     0.001444    99.968     0.012112    99.700    99.720
 135     0.001682    99.962     0.010659    99.690    99.720
 136     0.001467    99.972     0.010640    99.670    99.720
 137     0.001336    99.967     0.011303    99.670    99.720
 138     0.001573    99.962     0.010659    99.650    99.720
 139     0.001616    99.955     0.011712    99.660    99.720
 140     0.001599    99.957     0.010936    99.690    99.720
 141     0.001751    99.960     0.011902    99.690    99.720
 142     0.001696    99.950     0.011371    99.670    99.720
 143     0.001529    99.960     0.011386    99.720    99.720
 144     0.001353    99.968     0.010685    99.740    99.740
 145     0.001768    99.952     0.011151    99.710    99.740
 146     0.001745    99.967     0.010643    99.730    99.740
 147     0.001548    99.957     0.010368    99.730    99.740
 148     0.001628    99.967     0.010807    99.710    99.740
 149     0.001802    99.952     0.011809    99.690    99.740
