   0     0.469232    93.507     0.162003    99.090    99.090
   1     0.177191    98.182     0.083631    99.360    99.360
   2     0.114854    98.493     0.083196    99.330    99.360
   3     0.085381    98.738     0.206601    97.960    99.360
   4     0.070144    98.798     0.047043    99.240    99.360
   5     0.059124    98.867     0.043962    99.540    99.540
   6     0.051373    98.963     0.089772    98.370    99.540
   7     0.046916    98.968     0.030878    99.560    99.560
   8     0.041334    99.028     0.041874    99.330    99.560
   9     0.038394    99.145     0.021215    99.540    99.560
  10     0.035333    99.132     0.049556    99.380    99.560
  11     0.032807    99.167     0.043038    99.050    99.560
  12     0.030158    99.233     0.020613    99.550    99.560
  13     0.028310    99.257     0.022641    99.390    99.560
  14     0.028807    99.237     0.056124    99.030    99.560
  15     0.026290    99.332     0.021206    99.420    99.560
  16     0.023944    99.353     0.018523    99.600    99.600
  17     0.024540    99.303     0.046911    98.960    99.600
  18     0.023686    99.348     0.023038    99.460    99.600
  19     0.021138    99.420     0.024031    99.530    99.600
  20     0.020669    99.448     0.017318    99.660    99.660
  21     0.019511    99.467     0.018812    99.510    99.660
  22     0.019611    99.463     0.029456    99.400    99.660
  23     0.016555    99.548     0.021705    99.390    99.660
  24     0.018076    99.487     0.013745    99.660    99.660
  25     0.017772    99.508     0.016648    99.520    99.660
  26     0.016294    99.520     0.012319    99.680    99.680
  27     0.015986    99.572     0.014625    99.600    99.680
  28     0.014582    99.632     0.011621    99.660    99.680
  29     0.015116    99.590     0.013370    99.640    99.680
  30     0.014101    99.595     0.016587    99.530    99.680
  31     0.013536    99.627     0.010303    99.710    99.710
  32     0.012609    99.668     0.011917    99.670    99.710
  33     0.013188    99.623     0.016573    99.590    99.710
  34     0.013416    99.655     0.015366    99.600    99.710
  35     0.012226    99.653     0.017281    99.610    99.710
  36     0.011802    99.662     0.010969    99.670    99.710
  37     0.010266    99.708     0.012185    99.640    99.710
  38     0.011265    99.655     0.021501    99.610    99.710
  39     0.011134    99.692     0.022309    99.410    99.710
  40     0.010176    99.710     0.027198    99.400    99.710
  41     0.009919    99.695     0.021489    99.490    99.710
  42     0.010382    99.690     0.011847    99.610    99.710
  43     0.009310    99.753     0.010715    99.680    99.710
  44     0.009513    99.722     0.013196    99.560    99.710
  45     0.009340    99.738     0.015403    99.590    99.710
  46     0.007510    99.798     0.008904    99.750    99.750
  47     0.008648    99.750     0.011446    99.650    99.750
  48     0.008588    99.760     0.010492    99.750    99.750
  49     0.008606    99.753     0.010981    99.700    99.750
  50     0.007481    99.815     0.009409    99.720    99.750
  51     0.008252    99.768     0.013465    99.600    99.750
  52     0.007469    99.805     0.010795    99.680    99.750
  53     0.007301    99.787     0.009236    99.700    99.750
  54     0.008126    99.793     0.010145    99.710    99.750
  55     0.006333    99.848     0.009948    99.750    99.750
  56     0.007441    99.807     0.013700    99.530    99.750
  57     0.006225    99.803     0.011867    99.640    99.750
  58     0.006488    99.812     0.012306    99.670    99.750
  59     0.006565    99.800     0.012198    99.630    99.750
  60     0.005954    99.863     0.008797    99.750    99.750
  61     0.005799    99.838     0.011645    99.670    99.750
  62     0.006133    99.835     0.010082    99.730    99.750
  63     0.005663    99.868     0.009963    99.710    99.750
  64     0.005182    99.843     0.011393    99.630    99.750
  65     0.004874    99.857     0.010152    99.710    99.750
  66     0.005705    99.842     0.013719    99.590    99.750
  67     0.005369    99.858     0.011033    99.740    99.750
  68     0.005397    99.837     0.010941    99.710    99.750
  69     0.005541    99.853     0.010699    99.780    99.780
  70     0.004856    99.875     0.011873    99.740    99.780
  71     0.004870    99.848     0.009513    99.770    99.780
  72     0.004965    99.853     0.009321    99.760    99.780
  73     0.004141    99.887     0.009514    99.750    99.780
  74     0.004060    99.903     0.009286    99.750    99.780
  75     0.004434    99.877     0.009643    99.750    99.780
  76     0.003934    99.895     0.012550    99.630    99.780
  77     0.004291    99.882     0.011342    99.660    99.780
  78     0.004566    99.877     0.010627    99.680    99.780
  79     0.003795    99.905     0.010526    99.690    99.780
  80     0.003383    99.898     0.012469    99.650    99.780
  81     0.004246    99.877     0.011245    99.680    99.780
  82     0.003555    99.908     0.010944    99.720    99.780
  83     0.003890    99.898     0.011703    99.620    99.780
  84     0.003568    99.913     0.010879    99.690    99.780
  85     0.003754    99.913     0.011575    99.690    99.780
  86     0.003723    99.903     0.010597    99.720    99.780
  87     0.003686    99.903     0.011207    99.670    99.780
  88     0.002878    99.927     0.010934    99.700    99.780
  89     0.003231    99.918     0.010791    99.690    99.780
  90     0.003472    99.905     0.011273    99.700    99.780
  91     0.003186    99.910     0.011330    99.730    99.780
  92     0.003279    99.908     0.010341    99.700    99.780
  93     0.002507    99.937     0.011553    99.680    99.780
  94     0.003170    99.923     0.010309    99.690    99.780
  95     0.003328    99.922     0.012224    99.650    99.780
  96     0.003213    99.908     0.011328    99.680    99.780
  97     0.002836    99.937     0.011166    99.680    99.780
  98     0.002847    99.923     0.011780    99.610    99.780
  99     0.002472    99.943     0.011665    99.660    99.780
 100     0.002833    99.935     0.010637    99.720    99.780
 101     0.002799    99.915     0.010331    99.680    99.780
 102     0.002268    99.948     0.009750    99.700    99.780
 103     0.002387    99.942     0.009957    99.710    99.780
 104     0.002353    99.948     0.010936    99.680    99.780
 105     0.002037    99.958     0.011590    99.670    99.780
 106     0.002226    99.935     0.010613    99.720    99.780
 107     0.002556    99.938     0.010397    99.760    99.780
 108     0.002470    99.928     0.012215    99.620    99.780
 109     0.002143    99.937     0.013087    99.610    99.780
 110     0.002278    99.938     0.011408    99.730    99.780
 111     0.002043    99.950     0.011731    99.660    99.780
 112     0.002698    99.932     0.011386    99.710    99.780
 113     0.001680    99.955     0.010963    99.710    99.780
 114     0.002301    99.948     0.010499    99.700    99.780
 115     0.002474    99.933     0.009860    99.720    99.780
 116     0.002403    99.930     0.010291    99.730    99.780
 117     0.002200    99.940     0.010259    99.710    99.780
 118     0.002049    99.942     0.010289    99.710    99.780
 119     0.002070    99.950     0.010542    99.710    99.780
 120     0.001900    99.950     0.011222    99.700    99.780
 121     0.002442    99.935     0.010943    99.730    99.780
 122     0.002572    99.922     0.010276    99.730    99.780
 123     0.002198    99.948     0.013204    99.650    99.780
 124     0.001828    99.952     0.010965    99.680    99.780
 125     0.002027    99.953     0.010777    99.670    99.780
 126     0.001772    99.952     0.010807    99.690    99.780
 127     0.001770    99.962     0.011361    99.650    99.780
 128     0.001718    99.958     0.010471    99.660    99.780
 129     0.001608    99.957     0.011312    99.690    99.780
 130     0.001771    99.962     0.010860    99.690    99.780
 131     0.001715    99.958     0.010870    99.670    99.780
 132     0.001599    99.967     0.011790    99.680    99.780
 133     0.001726    99.965     0.010628    99.690    99.780
 134     0.001836    99.957     0.010712    99.730    99.780
 135     0.001633    99.960     0.010246    99.740    99.780
 136     0.001579    99.972     0.010961    99.720    99.780
 137     0.001608    99.957     0.009597    99.740    99.780
 138     0.001614    99.973     0.010193    99.690    99.780
 139     0.001662    99.952     0.011113    99.700    99.780
 140     0.002076    99.947     0.011008    99.740    99.780
 141     0.001725    99.958     0.010535    99.700    99.780
 142     0.001508    99.967     0.010701    99.700    99.780
 143     0.001373    99.973     0.010322    99.720    99.780
 144     0.001546    99.957     0.010178    99.720    99.780
 145     0.001271    99.975     0.010716    99.690    99.780
 146     0.001659    99.963     0.011145    99.650    99.780
 147     0.001545    99.958     0.011332    99.710    99.780
 148     0.001250    99.978     0.010482    99.700    99.780
 149     0.001798    99.955     0.010162    99.700    99.780
